Info [verificarlo]: loaded backend libinterflop_ieee.so
Info [interflop-ieee]: load backend with:
Info [interflop-ieee]: debug = false
Info [interflop-ieee]: debug-binary = false
Info [interflop-ieee]: no-backend-name = false
Info [interflop-ieee]: print-new-line = false
Info [interflop-ieee]: print-subnormal-normalized = false
Info [interflop-ieee]: count-op = false
All_Command_lines_OK
Using double precision for computations.
=============================================================================
The composite transform comprises the following transforms (in order): 
  1. Center of mass alignment using fixed image: /templateflow/tpl-MNI152NLin2009cAsym/tpl-MNI152NLin2009cAsym_res-01_desc-brain_T1w.nii.gz and moving image: /project/rrg-glatard/mdugre/datasets/corr/RawDataBIDS/BMB_1/derivatives/antsBrainExtraction/sub-0003039/BrainExtractionBrain.nii.gz (type = Euler3DTransform)
=============================================================================
  number of levels = 4
  number of levels = 4
  number of levels = 4
  fixed image: /templateflow/tpl-MNI152NLin2009cAsym/tpl-MNI152NLin2009cAsym_res-01_desc-brain_T1w.nii.gz
  moving image: /project/rrg-glatard/mdugre/datasets/corr/RawDataBIDS/BMB_1/derivatives/antsBrainExtraction/sub-0003039/BrainExtractionBrain.nii.gz
  fixed image: /templateflow/tpl-MNI152NLin2009cAsym/tpl-MNI152NLin2009cAsym_res-01_desc-brain_T1w.nii.gz
  moving image: /project/rrg-glatard/mdugre/datasets/corr/RawDataBIDS/BMB_1/derivatives/antsBrainExtraction/sub-0003039/BrainExtractionBrain.nii.gz
  fixed image: /templateflow/tpl-MNI152NLin2009cAsym/tpl-MNI152NLin2009cAsym_res-01_desc-brain_T1w.nii.gz
  moving image: /project/rrg-glatard/mdugre/datasets/corr/RawDataBIDS/BMB_1/derivatives/antsBrainExtraction/sub-0003039/BrainExtractionBrain.nii.gz
Dimension = 3
Number of stages = 3
Use histogram matching = false
Winsorize image intensities = true
  Lower quantile = 0.005
  Upper quantile = 0.995


Stage 1 State
   Image metric = MattesMI
     Fixed image = Image (0x470c5a0)
  RTTI typeinfo:   itk::Image<double, 3u>
  Reference Count: 2
  Modified Time: 2368
  Debug: Off
  Object Name: 
  Observers: 
    none
  Source: (none)
  Source output name: (none)
  Release Data: Off
  Data Released: False
  Global Release Data: Off
  PipelineMTime: 0
  UpdateMTime: 1979
  RealTimeStamp: 0 seconds 
  LargestPossibleRegion: 
    Dimension: 3
    Index: [0, 0, 0]
    Size: [193, 229, 193]
  BufferedRegion: 
    Dimension: 3
    Index: [0, 0, 0]
    Size: [193, 229, 193]
  RequestedRegion: 
    Dimension: 3
    Index: [0, 0, 0]
    Size: [193, 229, 193]
  Spacing: [1, 1, 1]
  Origin: [96, 132, -78]
  Direction: 
-1 0 0
0 -1 0
0 0 1

  IndexToPointMatrix: 
-1 0 0
0 -1 0
0 0 1

  PointToIndexMatrix: 
-1 0 0
0 -1 0
0 0 1

  Inverse Direction: 
-1 0 0
0 -1 0
0 0 1

  PixelContainer: 
    ImportImageContainer (0x4771390)
      RTTI typeinfo:   itk::ImportImageContainer<unsigned long, double>
      Reference Count: 1
      Modified Time: 1976
      Debug: Off
      Object Name: 
      Observers: 
        none
      Pointer: 0x1517d7fcd010
      Container manages memory: true
      Size: 8530021
      Capacity: 8530021

     Moving image = Image (0x47172f0)
  RTTI typeinfo:   itk::Image<double, 3u>
  Reference Count: 2
  Modified Time: 2369
  Debug: Off
  Object Name: 
  Observers: 
    none
  Source: (none)
  Source output name: (none)
  Release Data: Off
  Data Released: False
  Global Release Data: Off
  PipelineMTime: 0
  UpdateMTime: 2366
  RealTimeStamp: 0 seconds 
  LargestPossibleRegion: 
    Dimension: 3
    Index: [0, 0, 0]
    Size: [176, 256, 256]
  BufferedRegion: 
    Dimension: 3
    Index: [0, 0, 0]
    Size: [176, 256, 256]
  RequestedRegion: 
    Dimension: 3
    Index: [0, 0, 0]
    Size: [176, 256, 256]
  Spacing: [1, 1, 1]
  Origin: [-81.2288, 98.0845, -123.386]
  Direction: 
1 0 0
0 -1 0
0 0 1

  IndexToPointMatrix: 
1 0 0
0 -1 0
0 0 1

  PointToIndexMatrix: 
1 0 0
0 -1 0
0 0 1

  Inverse Direction: 
1 0 0
0 -1 0
0 0 1

  PixelContainer: 
    ImportImageContainer (0x479ee90)
      RTTI typeinfo:   itk::ImportImageContainer<unsigned long, double>
      Reference Count: 1
      Modified Time: 2363
      Debug: Off
      Object Name: 
      Observers: 
        none
      Pointer: 0x1517d27cc010
      Container manages memory: true
      Size: 11534336
      Capacity: 11534336

     Weighting = 1
     Sampling strategy = regular
     Number of bins = 32
     Radius = 4
     Sampling percentage  = 0.25
   Transform = Rigid
     Gradient step = 0.1
     Update field sigma (voxel space) = 0
     Total field sigma (voxel space) = 0
     Update field time sigma = 0
     Total field time sigma  = 0
     Number of time indices = 0
     Number of time point samples = 0
Stage 2 State
   Image metric = MattesMI
     Fixed image = Image (0x471bd60)
  RTTI typeinfo:   itk::Image<double, 3u>
  Reference Count: 2
  Modified Time: 3144
  Debug: Off
  Object Name: 
  Observers: 
    none
  Source: (none)
  Source output name: (none)
  Release Data: Off
  Data Released: False
  Global Release Data: Off
  PipelineMTime: 0
  UpdateMTime: 2755
  RealTimeStamp: 0 seconds 
  LargestPossibleRegion: 
    Dimension: 3
    Index: [0, 0, 0]
    Size: [193, 229, 193]
  BufferedRegion: 
    Dimension: 3
    Index: [0, 0, 0]
    Size: [193, 229, 193]
  RequestedRegion: 
    Dimension: 3
    Index: [0, 0, 0]
    Size: [193, 229, 193]
  Spacing: [1, 1, 1]
  Origin: [96, 132, -78]
  Direction: 
-1 0 0
0 -1 0
0 0 1

  IndexToPointMatrix: 
-1 0 0
0 -1 0
0 0 1

  PointToIndexMatrix: 
-1 0 0
0 -1 0
0 0 1

  Inverse Direction: 
-1 0 0
0 -1 0
0 0 1

  PixelContainer: 
    ImportImageContainer (0x477e740)
      RTTI typeinfo:   itk::ImportImageContainer<unsigned long, double>
      Reference Count: 1
      Modified Time: 2752
      Debug: Off
      Object Name: 
      Observers: 
        none
      Pointer: 0x1517ce6b7010
      Container manages memory: true
      Size: 8530021
      Capacity: 8530021

     Moving image = Image (0x4770b20)
  RTTI typeinfo:   itk::Image<double, 3u>
  Reference Count: 2
  Modified Time: 3145
  Debug: Off
  Object Name: 
  Observers: 
    none
  Source: (none)
  Source output name: (none)
  Release Data: Off
  Data Released: False
  Global Release Data: Off
  PipelineMTime: 0
  UpdateMTime: 3142
  RealTimeStamp: 0 seconds 
  LargestPossibleRegion: 
    Dimension: 3
    Index: [0, 0, 0]
    Size: [176, 256, 256]
  BufferedRegion: 
    Dimension: 3
    Index: [0, 0, 0]
    Size: [176, 256, 256]
  RequestedRegion: 
    Dimension: 3
    Index: [0, 0, 0]
    Size: [176, 256, 256]
  Spacing: [1, 1, 1]
  Origin: [-81.2288, 98.0845, -123.386]
  Direction: 
1 0 0
0 -1 0
0 0 1

  IndexToPointMatrix: 
1 0 0
0 -1 0
0 0 1

  PointToIndexMatrix: 
1 0 0
0 -1 0
0 0 1

  Inverse Direction: 
1 0 0
0 -1 0
0 0 1

  PixelContainer: 
    ImportImageContainer (0x48bf190)
      RTTI typeinfo:   itk::ImportImageContainer<unsigned long, double>
      Reference Count: 1
      Modified Time: 3139
      Debug: Off
      Object Name: 
      Observers: 
        none
      Pointer: 0x1517c8eb6010
      Container manages memory: true
      Size: 11534336
      Capacity: 11534336

     Weighting = 1
     Sampling strategy = regular
     Number of bins = 32
     Radius = 4
     Sampling percentage  = 0.25
   Transform = Affine
     Gradient step = 0.1
     Update field sigma (voxel space) = 0
     Total field sigma (voxel space) = 0
     Update field time sigma = 0
     Total field time sigma  = 0
     Number of time indices = 0
     Number of time point samples = 0
Stage 3 State
   Image metric = CC
     Fixed image = Image (0x476f9e0)
  RTTI typeinfo:   itk::Image<double, 3u>
  Reference Count: 2
  Modified Time: 3920
  Debug: Off
  Object Name: 
  Observers: 
    none
  Source: (none)
  Source output name: (none)
  Release Data: Off
  Data Released: False
  Global Release Data: Off
  PipelineMTime: 0
  UpdateMTime: 3531
  RealTimeStamp: 0 seconds 
  LargestPossibleRegion: 
    Dimension: 3
    Index: [0, 0, 0]
    Size: [193, 229, 193]
  BufferedRegion: 
    Dimension: 3
    Index: [0, 0, 0]
    Size: [193, 229, 193]
  RequestedRegion: 
    Dimension: 3
    Index: [0, 0, 0]
    Size: [193, 229, 193]
  Spacing: [1, 1, 1]
  Origin: [96, 132, -78]
  Direction: 
-1 0 0
0 -1 0
0 0 1

  IndexToPointMatrix: 
-1 0 0
0 -1 0
0 0 1

  PointToIndexMatrix: 
-1 0 0
0 -1 0
0 0 1

  Inverse Direction: 
-1 0 0
0 -1 0
0 0 1

  PixelContainer: 
    ImportImageContainer (0x4776780)
      RTTI typeinfo:   itk::ImportImageContainer<unsigned long, double>
      Reference Count: 1
      Modified Time: 3528
      Debug: Off
      Object Name: 
      Observers: 
        none
      Pointer: 0x1517c4da1010
      Container manages memory: true
      Size: 8530021
      Capacity: 8530021

     Moving image = Image (0x477bf90)
  RTTI typeinfo:   itk::Image<double, 3u>
  Reference Count: 2
  Modified Time: 3921
  Debug: Off
  Object Name: 
  Observers: 
    none
  Source: (none)
  Source output name: (none)
  Release Data: Off
  Data Released: False
  Global Release Data: Off
  PipelineMTime: 0
  UpdateMTime: 3918
  RealTimeStamp: 0 seconds 
  LargestPossibleRegion: 
    Dimension: 3
    Index: [0, 0, 0]
    Size: [176, 256, 256]
  BufferedRegion: 
    Dimension: 3
    Index: [0, 0, 0]
    Size: [176, 256, 256]
  RequestedRegion: 
    Dimension: 3
    Index: [0, 0, 0]
    Size: [176, 256, 256]
  Spacing: [1, 1, 1]
  Origin: [-81.2288, 98.0845, -123.386]
  Direction: 
1 0 0
0 -1 0
0 0 1

  IndexToPointMatrix: 
1 0 0
0 -1 0
0 0 1

  PointToIndexMatrix: 
1 0 0
0 -1 0
0 0 1

  Inverse Direction: 
1 0 0
0 -1 0
0 0 1

  PixelContainer: 
    ImportImageContainer (0x483f090)
      RTTI typeinfo:   itk::ImportImageContainer<unsigned long, double>
      Reference Count: 1
      Modified Time: 3915
      Debug: Off
      Object Name: 
      Observers: 
        none
      Pointer: 0x1517bf5a0010
      Container manages memory: true
      Size: 11534336
      Capacity: 11534336

     Weighting = 1
     Sampling strategy = none
     Number of bins = 32
     Radius = 4
     Sampling percentage  = 1
   Transform = SyN
     Gradient step = 0.1
     Update field sigma (voxel space) = 3
     Total field sigma (voxel space) = 0
     Update field time sigma = 0
     Total field time sigma  = 0
     Number of time indices = 0
     Number of time point samples = 0
Registration using 3 total stages.

Stage 0
  iterations = 1000x500x250x100
  convergence threshold = 1e-06
  convergence window size = 10
  number of levels = 4
  using the Mattes MI metric (number of bins = 32, weight = 1, use gradient filter = 0)
  preprocessing:  winsorizing the image intensities
  Shrink factors (level 1 out of 4): [8, 8, 8]
  Shrink factors (level 2 out of 4): [4, 4, 4]
  Shrink factors (level 3 out of 4): [2, 2, 2]
  Shrink factors (level 4 out of 4): [1, 1, 1]
  smoothing sigmas per level: [3, 2, 1, 0]
  regular sampling (percentage = 0.25)

*** Running Euler3DTransform registration ***

DIAGNOSTIC,Iteration,metricValue,convergenceValue,ITERATION_TIME_INDEX,SINCE_LAST,VPREC_PRECISION,PMIN_ESTIMATE,PMIN_ESTIMATE_ROLLING_AVG,PMIN_ESTIMATE_ROLLING_MAX,LIPSCHITZ,PARAMS_NORM,GRAD_NORM
 2DIAGNOSTIC,     1, -6.080223679647e-01, 1.797693134862e+308, 1.1886e+00, 1.1886e+00,     7, 2.952261532111e+00, 2.952261532111e+00, 2.952261532111e+00, 9.389725747582e-01, 1.436168748912e-01, 1.436168748912e-01, 
 2DIAGNOSTIC,     2, -6.099053008615e-01, 1.797693134862e+308, 1.1929e+00, 4.3151e-03,     7, 3.738350371165e+00, 3.345305951638e+00, 3.738350371165e+00, 9.639100894321e-01, 3.519218879790e-01, 2.095046069798e-01, 
 2DIAGNOSTIC,     3, -6.121150142253e-01, 1.797693134862e+308, 1.1971e+00, 4.1890e-03,     7, 4.240827496803e+00, 3.643813133360e+00, 4.240827496803e+00, 9.786574373794e-01, 5.985572237319e-01, 2.553797531971e-01, 
 2DIAGNOSTIC,     4, -6.138678828979e-01, 1.797693134862e+308, 1.2014e+00, 4.2930e-03,     7, 4.589451989594e+00, 3.880222847418e+00, 4.589451989594e+00, 9.873786060412e-01, 7.452804462726e-01, 2.519457842642e-01, 
 2DIAGNOSTIC,     5, -6.149136506629e-01, 1.797693134862e+308, 1.2054e+00, 4.0271e-03,     7, 4.379204150452e+00, 3.980019108025e+00, 4.589451989594e+00, 9.931504593506e-01, 1.181069587118e+00, 4.646063019875e-01, 
 2DIAGNOSTIC,     6, -6.168510050279e-01, 1.797693134862e+308, 1.2121e+00, 6.6800e-03,     7, 7.769865745788e+00, 4.943539950760e+00, 7.769865745788e+00, 9.519575358034e-01, 1.198220447475e+00, 4.307824673306e-02, 
 2DIAGNOSTIC,     7, -6.170116212751e-01, 1.797693134862e+308, 1.2173e+00, 5.1961e-03,     7, 9.364942709846e+00, 6.068858418497e+00, 9.364942709846e+00, 8.546916988970e-01, 1.199990490110e+00, 1.282109137549e-02, 
 2DIAGNOSTIC,     8, -6.169668526815e-01, 1.797693134862e+308, 1.2219e+00, 4.5631e-03,    10, 9.579825677133e+00, 7.136658054563e+00, 9.579825677133e+00, 8.352450105438e-01, 1.201686340151e+00, 1.081076684195e-02, 
 2DIAGNOSTIC,     9, -6.169137795388e-01, 1.797693134862e+308, 1.2265e+00, 4.5831e-03,    10, 9.208493236296e+00, 8.060466303903e+00, 9.579825677133e+00, 8.845486304551e-01, 1.204328363762e+00, 1.484226969236e-02, 
 2DIAGNOSTIC,    10, -6.168756912590e-01, 9.363095434983e-04, 1.2308e+00, 4.3669e-03,    10, 9.072447672758e+00, 8.999115008364e+00, 9.579825677133e+00, 9.030621179774e-01, 1.207842316882e+00, 1.669995691539e-02, 
 2DIAGNOSTIC,    11, -6.167511250230e-01, 5.968756135446e-04, 1.2350e+00, 4.1442e-03,    10, 8.485245789712e+00, 9.142191017149e+00, 9.579825677133e+00, 9.426736507566e-01, 1.214592440732e+00, 2.633569640841e-02, 
 2DIAGNOSTIC,    12, -6.167572078804e-01, 3.324714571454e-04, 1.2397e+00, 4.7240e-03,    10, 8.429013659663e+00, 8.955005207112e+00, 9.579825677133e+00, 9.518663580896e-01, 1.224065921656e+00, 2.786513863379e-02, 
 2DIAGNOSTIC,    13, -6.167779292343e-01, 1.581125077997e-04, 1.2440e+00, 4.2741e-03,    10, 7.906325805987e+00, 8.620305232883e+00, 9.208493236296e+00, 9.715351118785e-01, 1.242735056633e+00, 4.148223962881e-02, 
 2DIAGNOSTIC,    14, -6.168659973168e-01, 5.518452323626e-05, 1.2487e+00, 4.6911e-03,    10, 8.160878789582e+00, 8.410782343541e+00, 9.072447672758e+00, 9.715351118785e-01, 1.264936401739e+00, 3.539356047572e-02, 
DIAGNOSTIC,Iteration,metricValue,convergenceValue,ITERATION_TIME_INDEX,SINCE_LAST,VPREC_PRECISION,PMIN_ESTIMATE,PMIN_ESTIMATE_ROLLING_AVG,PMIN_ESTIMATE_ROLLING_MAX,LIPSCHITZ,PARAMS_NORM,GRAD_NORM
 2DIAGNOSTIC,     1, -5.013611345271e-01, 1.797693134862e+308, 2.4564e+00, 1.2077e+00,    10, 6.310238700506e+00, 7.858340549090e+00, 8.485245789712e+00, 9.685805349445e-01, 1.240208721189e+00, 1.247744769111e-01, 
 2DIAGNOSTIC,     2, -5.018473215508e-01, 1.797693134862e+308, 2.4948e+00, 3.8364e-02,    10, 5.773526373668e+00, 7.315996665881e+00, 8.429013659663e+00, 9.814194080866e-01, 1.323430733992e+00, 1.957120686695e-01, 
 2DIAGNOSTIC,     3, -5.026138733536e-01, 1.797693134862e+308, 2.5326e+00, 3.7829e-02,     7, 5.259528088060e+00, 6.682099551561e+00, 8.160878789582e+00, 9.890119581844e-01, 1.501280504235e+00, 3.194876232422e-01, 
 2DIAGNOSTIC,     4, -5.036704575308e-01, 1.797693134862e+308, 2.5707e+00, 3.8137e-02,     7, 5.081672714125e+00, 6.117168933188e+00, 8.160878789582e+00, 9.935019797268e-01, 1.818643180561e+00, 4.397913555602e-01, 
 2DIAGNOSTIC,     5, -5.045367409919e-01, 1.797693134862e+308, 2.6091e+00, 3.8335e-02,     7, 5.636736985971e+00, 5.612340572466e+00, 6.310238700506e+00, 9.961572527499e-01, 2.165067000972e+00, 3.573046762379e-01, 
 2DIAGNOSTIC,     6, -5.055067641666e-01, 1.797693134862e+308, 2.6475e+00, 3.8391e-02,     7, 5.356483248353e+00, 5.421589482036e+00, 5.773526373668e+00, 9.977401324510e-01, 2.620821307450e+00, 5.260888431809e-01, 
 2DIAGNOSTIC,     7, -5.070628520613e-01, 1.797693134862e+308, 2.6862e+00, 3.8706e-02,     7, 4.836312128412e+00, 5.234146632984e+00, 5.636736985971e+00, 9.994941443838e-01, 3.359247517150e+00, 9.687542223809e-01, 
 2DIAGNOSTIC,     8, -5.094300780557e-01, 1.797693134862e+308, 2.7345e+00, 4.8370e-02,     7, 4.874393225095e+00, 5.157119660391e+00, 5.636736985971e+00, 9.966334350205e-01, 2.688668051529e+00, 7.530094674027e-01, 
 2DIAGNOSTIC,     9, -5.097905826835e-01, 1.797693134862e+308, 2.7778e+00, 4.3237e-02,     7, 5.960539383404e+00, 5.332892994247e+00, 5.960539383404e+00, 9.955690755353e-01, 2.493808813035e+00, 3.286243780698e-01, 
 2DIAGNOSTIC,    10, -5.100508165824e-01, 1.248819863588e-03, 2.8157e+00, 3.7975e-02,     7, 8.103494871698e+00, 5.826244571392e+00, 8.103494871698e+00, 9.974858206202e-01, 2.424137836510e+00, 7.246618251009e-02, 
 2DIAGNOSTIC,    11, -5.102471251521e-01, 1.112713388227e-03, 2.8540e+00, 3.8298e-02,     7, 7.221459311190e+00, 6.199239783960e+00, 8.103494871698e+00, 1.001386901526e+00, 2.303204872935e+00, 1.273869620145e-01, 
 2DIAGNOSTIC,    12, -5.108080855729e-01, 9.474875053056e-04, 2.8975e+00, 4.3498e-02,     7, 6.691302118551e+00, 6.570237781987e+00, 8.103494871698e+00, 1.002956653807e+00, 2.159110060902e+00, 1.727192191008e-01, 
 2DIAGNOSTIC,    13, -5.120160686045e-01, 8.050549434753e-04, 2.9451e+00, 4.7535e-02,     7, 4.923693030408e+00, 6.580097743050e+00, 8.103494871698e+00, 9.948225446236e-01, 2.164350851111e+00, 5.847367086059e-01, 
 2DIAGNOSTIC,    14, -5.130028222573e-01, 6.908699295589e-04, 3.0020e+00, 5.6899e-02,    10, 8.460752820201e+00, 7.080140430409e+00, 8.460752820201e+00, 1.018999468090e+00, 2.191996875058e+00, 5.225644624188e-02, 
 2DIAGNOSTIC,    15, -5.129919358222e-01, 5.618725451330e-04, 3.0435e+00, 4.1522e-02,     7, 7.316593301075e+00, 6.922760116285e+00, 8.460752820201e+00, 9.812232744674e-01, 2.206807525438e+00, 1.119656011368e-01, 
 2DIAGNOSTIC,    16, -5.130792039615e-01, 4.353635125697e-04, 3.0855e+00, 4.1983e-02,    10, 8.319966520411e+00, 7.142461558129e+00, 8.460752820201e+00, 9.802423143587e-01, 2.208925239630e+00, 5.584976452620e-02, 
 2DIAGNOSTIC,    17, -5.130204894632e-01, 3.312646586160e-04, 3.1323e+00, 4.6861e-02,    10, 1.039792402624e+01, 7.883785939666e+00, 1.039792402624e+01, 9.565684052565e-01, 2.208588310361e+00, 1.290654932607e-02, 
 2DIAGNOSTIC,    18, -5.130290691970e-01, 2.813256036680e-04, 3.1795e+00, 4.7184e-02,    10, 1.157204040871e+01, 9.213455415326e+00, 1.157204040871e+01, 9.203214248631e-01, 2.208299785696e+00, 5.502152929000e-03, 
 2DIAGNOSTIC,    19, -5.130236822806e-01, 2.207465240212e-04, 3.2210e+00, 4.1434e-02,    10, 1.231494322900e+01, 9.984293497085e+00, 1.231494322900e+01, 8.766390825032e-01, 2.208090767572e+00, 3.131387489276e-03, 
 2DIAGNOSTIC,    20, -5.130167622195e-01, 1.534524775368e-04, 3.2583e+00, 3.7329e-02,    16, 1.175281022427e+01, 1.087153688173e+01, 1.231494322900e+01, 9.270478074015e-01, 2.207721353820e+00, 4.888373116471e-03, 
 2DIAGNOSTIC,    21, -5.130109681450e-01, 8.390101285744e-05, 3.3009e+00, 4.2656e-02,    16, 1.252008042336e+01, 1.171155966232e+01, 1.252008042336e+01, 8.870530830040e-01, 2.207462951960e+00, 2.747828642108e-03, 
 2DIAGNOSTIC,    22, -5.130039724615e-01, 2.651308780021e-05, 3.3379e+00, 3.6946e-02,    16, 1.196083062854e+01, 1.202414098278e+01, 1.252008042336e+01, 9.332063557138e-01, 2.207011244990e+00, 4.258727088835e-03, 
DIAGNOSTIC,Iteration,metricValue,convergenceValue,ITERATION_TIME_INDEX,SINCE_LAST,VPREC_PRECISION,PMIN_ESTIMATE,PMIN_ESTIMATE_ROLLING_AVG,PMIN_ESTIMATE_ROLLING_MAX,LIPSCHITZ,PARAMS_NORM,GRAD_NORM
 2DIAGNOSTIC,     1, -4.514208377492e-01, 1.797693134862e+308, 4.9520e+00, 1.6142e+00,    16, 7.169197629271e+00, 1.114357242689e+01, 1.252008042336e+01, 9.929646277524e-01, 2.176694991196e+00, 1.237810587629e-01, 
 2DIAGNOSTIC,     2, -4.515779272313e-01, 1.797693134862e+308, 5.2342e+00, 2.8219e-01,    16, 7.633873226065e+00, 1.020735842630e+01, 1.252008042336e+01, 9.958394778377e-01, 2.180897903806e+00, 9.012934571252e-02, 
 2DIAGNOSTIC,     3, -4.517617115064e-01, 1.797693134862e+308, 5.5179e+00, 2.8370e-01,    10, 7.941305467272e+00, 9.445057474901e+00, 1.252008042336e+01, 9.975395836846e-01, 2.165955684998e+00, 7.245609480922e-02, 
 2DIAGNOSTIC,     4, -4.519732684780e-01, 1.797693134862e+308, 5.8017e+00, 2.8379e-01,    10, 8.091407776621e+00, 8.559322945553e+00, 1.196083062854e+01, 9.990073346084e-01, 2.105332504887e+00, 6.356225453370e-02, 
 2DIAGNOSTIC,     5, -4.521931091627e-01, 1.797693134862e+308, 6.0840e+00, 2.8224e-01,    10, 6.290238089164e+00, 7.425204437679e+00, 8.091407776621e+00, 9.999341500435e-01, 1.947109366873e+00, 2.050584973641e-01, 
 2DIAGNOSTIC,     6, -4.528769137929e-01, 1.797693134862e+308, 6.6983e+00, 6.1436e-01,    10, 1.131221810300e+01, 8.253808532424e+00, 1.131221810300e+01, 9.374154396664e-01, 1.943682465445e+00, 5.906181937070e-03, 
 2DIAGNOSTIC,     7, -4.528769189177e-01, 1.797693134862e+308, 7.0215e+00, 3.2321e-01,    10, 1.194680038237e+01, 9.116393963685e+00, 1.194680038237e+01, 9.031045827486e-01, 1.941543376212e+00, 3.661054928864e-03, 
 2DIAGNOSTIC,     8, -4.528755270057e-01, 1.797693134862e+308, 7.3820e+00, 3.6046e-01,    16, 1.305535101912e+01, 1.013920307405e+01, 1.305535101912e+01, 7.572680743902e-01, 1.940708714729e+00, 1.423062949793e-03, 
 2DIAGNOSTIC,     9, -4.528736196941e-01, 1.797693134862e+308, 7.7012e+00, 3.1915e-01,    16, 1.307011817245e+01, 1.113494515322e+01, 1.307011817245e+01, 7.572680743902e-01, 1.939882084228e+00, 1.407971071176e-03, 
 2DIAGNOSTIC,    10, -4.528735137780e-01, 2.483222140972e-04, 8.0276e+00, 3.2644e-01,    16, 1.308512835337e+01, 1.249392320606e+01, 1.308512835337e+01, 7.572680743901e-01, 1.939063582099e+00, 1.392810187569e-03, 
 2DIAGNOSTIC,    11, -4.528733858320e-01, 1.866545334588e-04, 8.3948e+00, 3.6721e-01,    16, 1.352686780446e+01, 1.293685314635e+01, 1.352686780446e+01, 5.546897578352e-01, 1.938621823129e+00, 7.509597428236e-04, 
 2DIAGNOSTIC,    12, -4.528728913700e-01, 1.269071888432e-04, 8.7211e+00, 3.2634e-01,    16, 1.332912060808e+01, 1.321331719150e+01, 1.352686780446e+01, 3.105564456974e-01, 1.938338067758e+00, 4.821379559823e-04, 
 2DIAGNOSTIC,    13, -4.528704159904e-01, 7.427869787043e-05, 9.0005e+00, 2.7935e-01,    16, 1.350796017335e+01, 1.330383902234e+01, 1.352686780446e+01, 5.922823858651e-01, 1.937860037519e+00, 8.121128831287e-04, 
 2DIAGNOSTIC,    14, -4.528699607447e-01, 3.221388596192e-05, 9.3170e+00, 3.1649e-01,    16, 1.351699751174e+01, 1.339321489020e+01, 1.352686780446e+01, 5.922823858651e-01, 1.937384896816e+00, 8.068436644023e-04, 
 2DIAGNOSTIC,    15, -4.528713254614e-01, 1.468448515535e-06, 9.6343e+00, 3.1731e-01,    16, 1.355925259351e+01, 1.348803973823e+01, 1.355925259351e+01, 4.460870140216e-01, 1.937037258467e+00, 5.900409779770e-04, 
 2DIAGNOSTIC,    16, -4.528698226267e-01, 1.406177136537e-06, 9.9202e+00, 2.8592e-01,    16, 1.339997389745e+01, 1.346266095682e+01, 1.355925259351e+01, 6.724313692223e-01, 1.936452138015e+00, 9.929491693130e-04, 
 2DIAGNOSTIC,    17, -4.528703726028e-01, 1.428603495383e-06, 1.0201e+01, 2.8109e-01,    16, 1.291506811340e+01, 1.337985045789e+01, 1.355925259351e+01, 8.062850834232e-01, 1.935470487496e+00, 1.665400340341e-03, 
 2DIAGNOSTIC,    18, -4.528712760043e-01, 1.475464162820e-06, 1.0524e+01, 3.2310e-01,    16, 1.252132101382e+01, 1.318252262598e+01, 1.355925259351e+01, 8.642550826904e-01, 1.934088322203e+00, 2.343642705429e-03, 
 2DIAGNOSTIC,    19, -4.528734605477e-01, 1.552421701974e-06, 1.0840e+01, 3.1579e-01,    16, 1.290796786185e+01, 1.306071669601e+01, 1.355925259351e+01, 8.155810054027e-01, 1.933089801899e+00, 1.690830181287e-03, 
 2DIAGNOSTIC,    20, -4.528716084410e-01, 1.568450136769e-06, 1.1157e+01, 3.1694e-01,    16, 1.250982564811e+01, 1.285083130693e+01, 1.339997389745e+01, 8.707691611244e-01, 1.931685109770e+00, 2.377239729720e-03, 
 2DIAGNOSTIC,    21, -4.528682362435e-01, 1.483101395139e-06, 1.1475e+01, 3.1794e-01,    16, 1.269204803054e+01, 1.270924613355e+01, 1.291506811340e+01, 8.534741282174e-01, 1.930471247307e+00, 2.052262469660e-03, 
 2DIAGNOSTIC,    22, -4.528665079301e-01, 1.350548813880e-06, 1.1799e+01, 3.2442e-01,    16, 1.227630031280e+01, 1.258149257342e+01, 1.290796786185e+01, 8.973226083963e-01, 1.928769116442e+00, 2.875812666073e-03, 
 2DIAGNOSTIC,    23, -4.528651179315e-01, 1.131855391766e-06, 1.2187e+01, 3.8773e-01,    16, 1.371233928725e+01, 1.281969622811e+01, 1.371233928725e+01, 5.838152872366e-01, 1.928359151965e+00, 6.913601106702e-04, 
DIAGNOSTIC,Iteration,metricValue,convergenceValue,ITERATION_TIME_INDEX,SINCE_LAST,VPREC_PRECISION,PMIN_ESTIMATE,PMIN_ESTIMATE_ROLLING_AVG,PMIN_ESTIMATE_ROLLING_MAX,LIPSCHITZ,PARAMS_NORM,GRAD_NORM
 2DIAGNOSTIC,     1, -4.152352436330e-01, 1.797693134862e+308, 1.5135e+01, 2.9477e+00,    16, 6.937237834526e+00, 1.162555022265e+01, 1.371233928725e+01, 9.893671111929e-01, 1.914289135917e+00, 1.273839457709e-01, 
 2DIAGNOSTIC,     2, -4.154696376609e-01, 1.797693134862e+308, 1.7085e+01, 1.9498e+00,    16, 6.552042349799e+00, 1.043399356298e+01, 1.371233928725e+01, 9.937120072721e-01, 1.894095921342e+00, 1.653360640808e-01, 
 2DIAGNOSTIC,     3, -4.156642555873e-01, 1.797693134862e+308, 1.9046e+01, 1.9614e+00,    10, 6.238271807706e+00, 9.143238318417e+00, 1.371233928725e+01, 9.962814571596e-01, 1.927728184506e+00, 2.096946148927e-01, 
 2DIAGNOSTIC,     4, -4.158171716368e-01, 1.797693134862e+308, 2.0932e+01, 1.8858e+00,    10, 8.153447810866e+00, 8.318667818030e+00, 1.371233928725e+01, 9.978009578805e-01, 1.886452439528e+00, 5.449087557118e-02, 
 2DIAGNOSTIC,     5, -4.159242812696e-01, 1.797693134862e+308, 2.2879e+01, 1.9472e+00,     7, 6.880124108795e+00, 6.952224782338e+00, 8.153447810866e+00, 9.998666314083e-01, 1.763553720859e+00, 1.233881368074e-01, 
 2DIAGNOSTIC,     6, -4.162026808560e-01, 1.797693134862e+308, 2.4823e+01, 1.9440e+00,     7, 5.396028180986e+00, 6.643982851630e+00, 8.153447810866e+00, 9.992309491355e-01, 2.055936208275e+00, 4.021383954658e-01, 
 2DIAGNOSTIC,     7, -4.163844493007e-01, 1.797693134862e+308, 2.7713e+01, 2.8893e+00,     7, 6.727308481484e+00, 6.679036077967e+00, 8.153447810866e+00, 1.002442473476e+00, 2.187833600919e+00, 1.706154959488e-01, 
 2DIAGNOSTIC,     8, -4.164652231802e-01, 1.797693134862e+308, 3.0145e+01, 2.4325e+00,     7, 6.863337086486e+00, 6.804049133723e+00, 8.153447810866e+00, 1.005549897295e+00, 2.331742933264e+00, 1.659893905382e-01, 
 2DIAGNOSTIC,     9, -4.165310363689e-01, 1.797693134862e+308, 3.2065e+01, 1.9199e+00,     7, 6.844688614579e+00, 6.542297294466e+00, 6.880124108795e+00, 9.915030270761e-01, 2.237566570553e+00, 1.591035221753e-01, 
 2DIAGNOSTIC,    10, -4.167553083524e-01, 2.300124770928e-04, 3.4011e+01, 1.9462e+00,     7, 5.895016493370e+00, 6.345275771381e+00, 6.863337086486e+00, 9.961225588464e-01, 1.994275131405e+00, 2.751613479173e-01, 
 2DIAGNOSTIC,    11, -4.168808587156e-01, 1.983620679726e-04, 3.6225e+01, 2.2136e+00,     7, 7.150820501029e+00, 6.696234235390e+00, 7.150820501029e+00, 9.967443354325e-01, 1.890198635548e+00, 1.092813686803e-01, 
 2DIAGNOSTIC,    12, -4.169133733726e-01, 1.693058178010e-04, 3.9581e+01, 3.3563e+00,    10, 1.257308807961e+01, 7.865390155016e+00, 1.257308807961e+01, 9.440997376223e-01, 1.888500203712e+00, 2.411707485561e-03, 
 2DIAGNOSTIC,    13, -4.169133681356e-01, 1.400816446224e-04, 4.2943e+01, 3.3616e+00,    10, 1.467494677351e+01, 9.427712092421e+00, 1.467494677351e+01, 2.970892932342e-01, 1.888373783914e+00, 1.767836791615e-04, 
 2DIAGNOSTIC,    14, -4.169133517801e-01, 1.101627303006e-04, 4.5362e+01, 2.4198e+00,    16, 1.736504121871e+01, 1.153178261325e+01, 1.736504121871e+01, 7.608559230648e-01, 1.888323567070e+00, 7.015310937893e-05, 
 2DIAGNOSTIC,    15, -4.169132856551e-01, 7.887719109465e-05, 4.7276e+01, 1.9137e+00,    16, 1.240781932393e+01, 1.283434317936e+01, 1.736504121871e+01, 4.132089031406e-02, 1.888238817603e+00, 1.183497004548e-04, 
 2DIAGNOSTIC,    16, -4.169131435398e-01, 5.607416025974e-05, 4.9434e+01, 2.1584e+00,    16, 1.376590535495e+01, 1.415736015014e+01, 1.736504121871e+01, 1.256626750222e-01, 1.888138214155e+00, 1.403964160956e-04, 
 2DIAGNOSTIC,    17, -4.169130118962e-01, 3.831602154180e-05, 5.1606e+01, 2.1718e+00,    16, 1.479474663945e+01, 1.460169186211e+01, 1.736504121871e+01, 1.878486031528e-01, 1.888064453398e+00, 1.028557647580e-04, 
 2DIAGNOSTIC,    18, -4.169129618764e-01, 2.233170924063e-05, 5.4246e+01, 2.6397e+00,    16, 2.073190431028e+01, 1.581308336947e+01, 2.073190431028e+01, 3.224919405230e+00, 1.888043775068e+00, 2.881855684902e-05, 
 2DIAGNOSTIC,    19, -4.169128757010e-01, 8.329605238673e-06, 5.6398e+01, 2.1517e+00,    23, 2.073328999734e+01, 1.648673312519e+01, 2.073328999734e+01, 3.224919405220e+00, 1.888023113653e+00, 2.879057527668e-05, 
 2DIAGNOSTIC,    20, -4.169127895024e-01, 2.650880894600e-06, 5.8532e+01, 2.1341e+00,    23, 2.114894683323e+01, 1.823495862705e+01, 2.114894683323e+01, 3.790342649228e+00, 1.888004905876e+00, 2.536767036343e-05, 
 2DIAGNOSTIC,    21, -4.169128019053e-01, 1.464791957964e-06, 6.0716e+01, 2.1841e+00,    23, 2.254026508231e+01, 1.998983057252e+01, 2.254026508231e+01, 6.416561645552e+00, 1.887993153959e+00, 1.637092634992e-05, 
 2DIAGNOSTIC,    22, -4.169126092865e-01, 1.393905512813e-06, 6.2671e+01, 1.9553e+00,    23, 2.086094418740e+01, 2.120307008211e+01, 2.254026508231e+01, 3.385946899277e+00, 1.887973290977e+00, 2.766765930601e-05, 
 2DIAGNOSTIC,    23, -4.169125224624e-01, 1.331548309162e-06, 6.4621e+01, 1.9499e+00,    23, 1.901724686054e+01, 2.086013859216e+01, 2.254026508231e+01, 1.593726193148e+00, 1.887939729550e+00, 4.674191106305e-05, 
 2DIAGNOSTIC,    24, -4.169125451779e-01, 1.279527699023e-06, 6.6832e+01, 2.2112e+00,    23, 1.901949397222e+01, 2.051737938714e+01, 2.254026508231e+01, 1.593726193143e+00, 1.887906212761e+00, 4.666833498527e-05, 
 2DIAGNOSTIC,    25, -4.169125678182e-01, 1.234863383534e-06, 6.9020e+01, 2.1874e+00,    23, 1.754565230091e+01, 1.979672048068e+01, 2.254026508231e+01, 8.175427779871e-01, 1.887858446397e+00, 6.649341621932e-05, 
 2DIAGNOSTIC,    26, -4.169124996932e-01, 1.191772358945e-06, 7.0955e+01, 1.9353e+00,    23, 1.334162707858e+01, 1.795699287993e+01, 2.086094418740e+01, 7.484390912634e-02, 1.887777828172e+00, 1.121873192904e-04, 
 2DIAGNOSTIC,    27, -4.169124537267e-01, 1.150594174125e-06, 7.3112e+01, 2.1572e+00,    23, 1.334703050911e+01, 1.645421014427e+01, 1.901949397222e+01, 7.484390912638e-02, 1.887697468544e+00, 1.117631640861e-04, 
 2DIAGNOSTIC,    28, -4.169127082648e-01, 1.120138864226e-06, 7.5299e+01, 2.1867e+00,    16, 1.335243919169e+01, 1.532124861050e+01, 1.901949397222e+01, 7.484390912633e-02, 1.887617367353e+00, 1.113402222313e-04, 
 2DIAGNOSTIC,    29, -4.169124615574e-01, 1.085313514615e-06, 7.7191e+01, 1.8918e+00,    16, 1.348744682692e+01, 1.421483918144e+01, 1.754565230091e+01, 9.751532211095e-02, 1.887522268865e+00, 1.321007406077e-04, 
 2DIAGNOSTIC,    30, -4.169124255219e-01, 1.051316853025e-06, 7.9336e+01, 2.1457e+00,    16, 1.615095523988e+01, 1.393589976924e+01, 1.615095523988e+01, 3.972556323943e-01, 1.887461075207e+00, 8.493612630139e-05, 
 2DIAGNOSTIC,    31, -4.169124671962e-01, 1.021810533873e-06, 8.1753e+01, 2.4167e+00,    16, 1.967404445785e+01, 1.520238324509e+01, 1.967404445785e+01, 2.071465022826e+00, 1.887433305386e+00, 3.852459390911e-05, 
  Elapsed time (stage 0): 8.286451911926e+01


Stage 1
  iterations = 1000x500x250x100
  convergence threshold = 1.000000000000e-06
  convergence window size = 10
  number of levels = 4
  using the Mattes MI metric (number of bins = 32, weight = 1.000000000000e+00, use gradient filter = 0)
  preprocessing:  winsorizing the image intensities
  Shrink factors (level 1 out of 4): [8, 8, 8]
  Shrink factors (level 2 out of 4): [4, 4, 4]
  Shrink factors (level 3 out of 4): [2, 2, 2]
  Shrink factors (level 4 out of 4): [1, 1, 1]
  smoothing sigmas per level: [3, 2, 1, 0]
  regular sampling (percentage = 2.500000000000e-01)

*** Running AffineTransform registration ***

DIAGNOSTIC,Iteration,metricValue,convergenceValue,ITERATION_TIME_INDEX,SINCE_LAST,VPREC_PRECISION,PMIN_ESTIMATE,PMIN_ESTIMATE_ROLLING_AVG,PMIN_ESTIMATE_ROLLING_MAX,LIPSCHITZ,PARAMS_NORM,GRAD_NORM
 2DIAGNOSTIC,     1, -6.323596136581e-01, 1.797693134862e+308, 1.2008e+00, 1.2008e+00,    10, 8.446980286516e+00, 8.446980286516e+00, 8.446980286516e+00, 8.843162803228e-01, 1.731144100436e+00, 3.615869683263e-02, 
 2DIAGNOSTIC,     2, -6.344986570270e-01, 1.797693134862e+308, 1.2056e+00, 4.8680e-03,    10, 7.927365677215e+00, 8.187172981865e+00, 8.446980286516e+00, 9.315878872365e-01, 1.730970862123e+00, 5.460156660765e-02, 
 2DIAGNOSTIC,     3, -6.380174976227e-01, 1.797693134862e+308, 1.2109e+00, 5.2691e-03,    10, 7.259333134274e+00, 7.877893032668e+00, 8.446980286516e+00, 9.595429919973e-01, 1.734216577880e+00, 8.952763619871e-02, 
 2DIAGNOSTIC,     4, -6.435937264660e-01, 1.797693134862e+308, 1.2161e+00, 5.2350e-03,    10, 6.028043403449e+00, 7.415430625363e+00, 8.446980286516e+00, 9.801909198664e-01, 1.761934171164e+00, 2.181447886245e-01, 
 2DIAGNOSTIC,     5, -6.549622919618e-01, 1.797693134862e+308, 1.2212e+00, 5.0268e-03,    10, 6.196270834538e+00, 7.171598667198e+00, 8.446980286516e+00, 9.858513410435e-01, 1.801763420832e+00, 1.996697082121e-01, 
 2DIAGNOSTIC,     6, -6.668227134075e-01, 1.797693134862e+308, 1.2264e+00, 5.1968e-03,     7, 6.672627655404e+00, 6.816728140976e+00, 7.927365677215e+00, 9.925815121372e-01, 1.798865702463e+00, 1.442680685760e-01, 
 2DIAGNOSTIC,     7, -6.880216337657e-01, 1.797693134862e+308, 1.2324e+00, 6.0730e-03,     7, 4.617967676730e+00, 6.154848540879e+00, 7.259333134274e+00, 9.994779791738e-01, 1.971281849611e+00, 6.613654935537e-01, 
 2DIAGNOSTIC,     8, -7.646311208756e-01, 1.797693134862e+308, 1.2402e+00, 7.7369e-03,     7, 3.146747401038e+00, 5.332331394232e+00, 6.672627655404e+00, 9.909223679374e-01, 1.762399253099e+00, 1.625342695760e+00, 
 2DIAGNOSTIC,     9, -7.858548813801e-01, 1.797693134862e+308, 1.2481e+00, 7.9119e-03,     7, 5.458317958135e+00, 5.218386305169e+00, 6.672627655404e+00, 1.011356205725e+00, 1.864249474059e+00, 3.534737034363e-01, 
 2DIAGNOSTIC,    10, -7.883910188104e-01, 1.648016279692e-02, 1.2545e+00, 6.4161e-03,     7, 4.416588045553e+00, 4.862449747372e+00, 6.672627655404e+00, 9.780471568435e-01, 1.703261593103e+00, 6.429571597672e-01, 
 2DIAGNOSTIC,    11, -8.021649798140e-01, 1.674758668145e-02, 1.2611e+00, 6.5899e-03,     7, 4.275407626832e+00, 4.383005741657e+00, 5.458317958135e+00, 9.866201519200e-01, 1.674501297885e+00, 7.031952029403e-01, 
 2DIAGNOSTIC,    12, -8.065469183414e-01, 1.567254820994e-02, 1.2679e+00, 6.8030e-03,     7, 5.627560709980e+00, 4.584924348307e+00, 5.627560709980e+00, 1.021569508687e+00, 1.778741793945e+00, 3.029581385735e-01, 
 2DIAGNOSTIC,    13, -8.070517580567e-01, 1.346922878111e-02, 1.2735e+00, 5.5928e-03,     7, 5.195053143430e+00, 4.994585496786e+00, 5.627560709980e+00, 9.682532881034e-01, 1.727945248189e+00, 3.764597079850e-01, 
 2DIAGNOSTIC,    14, -8.110152833836e-01, 1.066242671946e-02, 1.2802e+00, 6.7360e-03,     7, 5.585712970219e+00, 5.020064499203e+00, 5.627560709980e+00, 9.737142777008e-01, 1.636055301318e+00, 2.734190279077e-01, 
 2DIAGNOSTIC,    15, -8.120522226117e-01, 7.653123498872e-03, 1.2874e+00, 7.2231e-03,     7, 9.115936690928e+00, 5.959934228278e+00, 9.115936690928e+00, 9.799624225053e-01, 1.633561461807e+00, 2.378159001518e-02, 
 2DIAGNOSTIC,    16, -8.120371722338e-01, 4.660180024063e-03, 1.2942e+00, 6.7420e-03,     7, 8.550616639372e+00, 6.814976030786e+00, 9.115936690928e+00, 9.433795595147e-01, 1.641975639799e+00, 3.405081023325e-02, 
 2DIAGNOSTIC,    17, -8.120514633844e-01, 2.063961414534e-03, 1.3008e+00, 6.6490e-03,    10, 9.769482940446e+00, 7.643360476879e+00, 9.769482940446e+00, 9.603086114419e-01, 1.646041712867e+00, 1.492830918393e-02, 
 2DIAGNOSTIC,    18, -8.117950800764e-01, 1.208441334888e-03, 1.3069e+00, 6.0451e-03,    10, 1.106987341095e+01, 8.818324530383e+00, 1.106987341095e+01, 9.666734214022e-01, 1.647024669446e+00, 6.104952730614e-03, 
 2DIAGNOSTIC,    19, -8.116399781684e-01, 7.637635578232e-04, 1.3141e+00, 7.2269e-03,    16, 1.174919228999e+01, 1.005102039434e+01, 1.174919228999e+01, 9.334605353087e-01, 1.647578083203e+00, 3.682553221983e-03, 
 2DIAGNOSTIC,    20, -8.114335312249e-01, 3.339759116555e-04, 1.3203e+00, 6.1700e-03,    16, 1.154568423010e+01, 1.053696990217e+01, 1.174919228999e+01, 9.421467586613e-01, 1.648175712533e+00, 4.281452825796e-03, 
 2DIAGNOSTIC,    21, -8.113460955840e-01, 1.625222017051e-04, 1.3262e+00, 5.9309e-03,    16, 1.093064462523e+01, 1.101297549934e+01, 1.174919228999e+01, 9.654032211145e-01, 1.649109350520e+00, 6.723147850783e-03, 
 2DIAGNOSTIC,    22, -8.113948348022e-01, 6.944853695796e-05, 1.3324e+00, 6.1538e-03,    16, 1.053482353909e+01, 1.116604361907e+01, 1.174919228999e+01, 9.757564519451e-01, 1.650448244920e+00, 8.947708477250e-03, 
DIAGNOSTIC,Iteration,metricValue,convergenceValue,ITERATION_TIME_INDEX,SINCE_LAST,VPREC_PRECISION,PMIN_ESTIMATE,PMIN_ESTIMATE_ROLLING_AVG,PMIN_ESTIMATE_ROLLING_MAX,LIPSCHITZ,PARAMS_NORM,GRAD_NORM
 2DIAGNOSTIC,     1, -6.945012028922e-01, 1.797693134862e+308, 2.5661e+00, 1.2338e+00,    16, 7.345047806739e+00, 1.042107849823e+01, 1.174919228999e+01, 9.682511532091e-01, 1.619966247221e+00, 7.952078304117e-02, 
 2DIAGNOSTIC,     2, -6.952453931560e-01, 1.797693134862e+308, 2.6150e+00, 4.8908e-02,    10, 7.705221402861e+00, 9.612284320803e+00, 1.154568423010e+01, 9.812246209507e-01, 1.612782042238e+00, 6.250398673116e-02, 
 2DIAGNOSTIC,     3, -6.961980972964e-01, 1.797693134862e+308, 2.6656e+00, 5.0551e-02,    10, 9.108102873015e+00, 9.124768049386e+00, 1.093064462523e+01, 9.888967665262e-01, 1.612880835278e+00, 2.382360273617e-02, 
 2DIAGNOSTIC,     4, -6.969240281467e-01, 1.797693134862e+308, 2.7169e+00, 5.1377e-02,    10, 9.215157826235e+00, 8.781670689587e+00, 1.053482353909e+01, 9.934338586054e-01, 1.613271639380e+00, 2.222664458137e-02, 
 2DIAGNOSTIC,     5, -6.979657663848e-01, 1.797693134862e+308, 2.7673e+00, 5.0363e-02,    10, 8.326680471903e+00, 8.340042076151e+00, 9.215157826235e+00, 9.974142381505e-01, 1.611872743923e+00, 4.127547665715e-02, 
 2DIAGNOSTIC,     6, -6.991314075855e-01, 1.797693134862e+308, 2.8509e+00, 8.3569e-02,    10, 1.017026894060e+01, 8.905086302923e+00, 1.017026894060e+01, 9.414952371200e-01, 1.611637132227e+00, 1.085414816781e-02, 
 2DIAGNOSTIC,     7, -6.991307939134e-01, 1.797693134862e+308, 2.9090e+00, 5.8080e-02,    10, 1.185940692545e+01, 9.735923407441e+00, 1.185940692545e+01, 8.534401919715e-01, 1.611529965919e+00, 3.050988919326e-03, 
 2DIAGNOSTIC,     8, -6.991219385156e-01, 1.797693134862e+308, 2.9634e+00, 5.4438e-02,    16, 1.252259297802e+01, 1.041882142844e+01, 1.252259297802e+01, 7.730914194250e-01, 1.611460537076e+00, 1.745182246242e-03, 
 2DIAGNOSTIC,     9, -6.991115810218e-01, 1.797693134862e+308, 3.0169e+00, 5.3488e-02,    16, 1.224000802622e+01, 1.102379146844e+01, 1.252259297802e+01, 8.409947615223e-01, 1.611362575592e+00, 2.309103336846e-03, 
 2DIAGNOSTIC,    10, -6.991020455115e-01, 4.616566625971e-04, 3.0638e+00, 4.6928e-02,    16, 1.174553973112e+01, 1.170756332028e+01, 1.252259297802e+01, 9.059687539865e-01, 1.611199994268e+00, 3.504041695970e-03, 
 2DIAGNOSTIC,    11, -6.990816439276e-01, 3.157351477608e-04, 3.1150e+00, 5.1220e-02,    16, 1.178441231253e+01, 1.203039199467e+01, 1.252259297802e+01, 9.210473650644e-01, 1.611009547791e+00, 3.467247629702e-03, 
 2DIAGNOSTIC,    12, -6.990742165910e-01, 1.909429277118e-04, 3.1613e+00, 4.6277e-02,    16, 1.138524632548e+01, 1.193555987467e+01, 1.252259297802e+01, 9.533096223110e-01, 1.610698940290e+00, 4.731665838192e-03, 
 2DIAGNOSTIC,    13, -6.990570026409e-01, 9.802042644652e-05, 3.2166e+00, 5.5328e-02,    16, 1.207556559432e+01, 1.184615439793e+01, 1.224000802622e+01, 9.470610238681e-01, 1.610440082849e+00, 2.912604022792e-03, 
 2DIAGNOSTIC,    14, -6.990635000612e-01, 3.056145606120e-05, 3.2632e+00, 4.6530e-02,    16, 1.173067167997e+01, 1.174428712868e+01, 1.207556559432e+01, 9.686933717655e-01, 1.610041513153e+00, 3.782733326288e-03, 
DIAGNOSTIC,Iteration,metricValue,convergenceValue,ITERATION_TIME_INDEX,SINCE_LAST,VPREC_PRECISION,PMIN_ESTIMATE,PMIN_ESTIMATE_ROLLING_AVG,PMIN_ESTIMATE_ROLLING_MAX,LIPSCHITZ,PARAMS_NORM,GRAD_NORM
 2DIAGNOSTIC,     1, -5.951715242355e-01, 1.797693134862e+308, 4.9532e+00, 1.6900e+00,    16, 6.721085054926e+00, 1.073939619344e+01, 1.207556559432e+01, 9.741718760919e-01, 1.610856104389e+00, 1.226056540077e-01, 
 2DIAGNOSTIC,     2, -5.952643712978e-01, 1.797693134862e+308, 5.3553e+00, 4.0210e-01,    10, 7.784451652137e+00, 9.939404061365e+00, 1.207556559432e+01, 9.741718760919e-01, 1.612997717513e+00, 5.874653577507e-02, 
 2DIAGNOSTIC,     3, -5.953036337694e-01, 1.797693134862e+308, 5.7151e+00, 3.5985e-01,    10, 8.030280174075e+00, 9.268410831085e+00, 1.207556559432e+01, 9.847259706880e-01, 1.615474363944e+00, 5.015643092687e-02, 
 2DIAGNOSTIC,     4, -5.953429842115e-01, 1.797693134862e+308, 6.0755e+00, 3.6033e-01,    10, 9.213315636272e+00, 8.695960839476e+00, 1.173067167997e+01, 9.909673667257e-01, 1.613962600481e+00, 2.220929753774e-02, 
 2DIAGNOSTIC,     5, -5.955078970855e-01, 1.797693134862e+308, 6.4290e+00, 3.5351e-01,    10, 8.634752606686e+00, 8.076777024819e+00, 9.213315636272e+00, 9.959797476982e-01, 1.609237470348e+00, 3.323666751859e-02, 
 2DIAGNOSTIC,     6, -5.958584610530e-01, 1.797693134862e+308, 6.7929e+00, 3.6398e-01,    10, 7.634500174615e+00, 8.259460048757e+00, 9.213315636272e+00, 9.982372230255e-01, 1.607060873940e+00, 6.654553208084e-02, 
 2DIAGNOSTIC,     7, -5.961085131264e-01, 1.797693134862e+308, 7.4155e+00, 6.2255e-01,    10, 1.011961831707e+01, 8.726493381743e+00, 1.011961831707e+01, 9.457611979960e-01, 1.607035819571e+00, 1.126068369179e-02, 
 2DIAGNOSTIC,     8, -5.961111788251e-01, 1.797693134862e+308, 7.9415e+00, 5.2604e-01,    10, 1.266944331774e+01, 9.654326010476e+00, 1.266944331774e+01, 6.442793991803e-01, 1.607029175611e+00, 1.310032011219e-03, 
 2DIAGNOSTIC,     9, -5.961101120079e-01, 1.797693134862e+308, 8.3480e+00, 4.0643e-01,    16, 1.259143696377e+01, 1.032995027598e+01, 1.266944331774e+01, 7.013218485741e-01, 1.607021495512e+00, 1.505238121529e-03, 
 2DIAGNOSTIC,    10, -5.961092620146e-01, 1.300390579849e-04, 8.7497e+00, 4.0175e-01,    16, 1.289993793932e+01, 1.118298734250e+01, 1.289993793932e+01, 5.375769366754e-01, 1.607016420913e+00, 9.316634311523e-04, 
 2DIAGNOSTIC,    11, -5.961090332973e-01, 1.074180810665e-04, 9.1331e+00, 3.8337e-01,    16, 1.275649927425e+01, 1.220738716243e+01, 1.289993793932e+01, 6.759589731018e-01, 1.607009355741e+00, 1.293946111985e-03, 
 2DIAGNOSTIC,    12, -5.961079363221e-01, 8.270516727731e-05, 9.5513e+00, 4.1823e-01,    16, 1.289793283630e+01, 1.276305006628e+01, 1.289993793932e+01, 6.325923876011e-01, 1.607003055388e+00, 1.097848383298e-03, 
 2DIAGNOSTIC,    13, -5.961066372357e-01, 5.616756788340e-05, 9.9747e+00, 4.2340e-01,    16, 1.266491108063e+01, 1.276214361886e+01, 1.289993793932e+01, 7.425406528039e-01, 1.606994216834e+00, 1.514547122425e-03, 
 2DIAGNOSTIC,    14, -5.961057786157e-01, 2.997833090887e-05, 1.0362e+01, 3.8715e-01,    16, 1.236396973015e+01, 1.271665017213e+01, 1.289993793932e+01, 8.195864396335e-01, 1.606981753889e+00, 2.059426629799e-03, 
 2DIAGNOSTIC,    15, -5.961054932708e-01, 9.766418463147e-06, 1.0706e+01, 3.4441e-01,    16, 1.182993685181e+01, 1.250264995463e+01, 1.289793283630e+01, 8.933084718377e-01, 1.606961112137e+00, 3.250179517996e-03, 
 2DIAGNOSTIC,    16, -5.961077718673e-01, 1.686184782704e-06, 1.1140e+01, 4.3417e-01,    16, 1.291335342373e+01, 1.253402078452e+01, 1.291335342373e+01, 7.654693318924e-01, 1.606950053546e+00, 1.314285805305e-03, 
 2DIAGNOSTIC,    17, -5.961104935965e-01, 1.672457092990e-06, 1.1534e+01, 3.9404e-01,    16, 1.326086343568e+01, 1.260660690440e+01, 1.326086343568e+01, 6.813736317215e-01, 1.606941558080e+00, 9.194626904732e-04, 
 2DIAGNOSTIC,    18, -5.961103049956e-01, 1.744079722830e-06, 1.1884e+01, 3.4987e-01,    16, 1.280824527546e+01, 1.263527374337e+01, 1.326086343568e+01, 8.115732870889e-01, 1.606927160257e+00, 1.498733047833e-03, 
 2DIAGNOSTIC,    19, -5.961108056600e-01, 1.798653310507e-06, 1.2236e+01, 3.5201e-01,    16, 1.227079366393e+01, 1.261663853012e+01, 1.326086343568e+01, 8.885697177848e-01, 1.606902544645e+00, 2.381608941025e-03, 
 2DIAGNOSTIC,    20, -5.961111401687e-01, 1.823953466464e-06, 1.2667e+01, 4.3043e-01,    16, 1.332415863020e+01, 1.291548288580e+01, 1.332415863020e+01, 7.550525427325e-01, 1.606890173989e+00, 9.751205822554e-04, 
 2DIAGNOSTIC,    21, -5.961123718993e-01, 1.846735715579e-06, 1.3076e+01, 4.0955e-01,    16, 1.338955562100e+01, 1.301072332525e+01, 1.338955562100e+01, 7.550525427325e-01, 1.606877537262e+00, 9.318981555449e-04, 
 2DIAGNOSTIC,    22, -5.961123154857e-01, 1.810312185567e-06, 1.3428e+01, 3.5182e-01,    16, 1.287590808201e+01, 1.293373225452e+01, 1.338955562100e+01, 8.551449321090e-01, 1.606856048967e+00, 1.506775370571e-03, 
 2DIAGNOSTIC,    23, -5.961130144093e-01, 1.732039730862e-06, 1.3839e+01, 4.1085e-01,    16, 1.254348069627e+01, 1.288077933868e+01, 1.338955562100e+01, 8.984934172328e-01, 1.606824769560e+00, 1.993360491967e-03, 
 2DIAGNOSTIC,    24, -5.961131426328e-01, 1.614503847509e-06, 1.4207e+01, 3.6814e-01,    16, 1.200483859103e+01, 1.282758832410e+01, 1.338955562100e+01, 9.399718490563e-01, 1.606770723500e+00, 3.029134914017e-03, 
 2DIAGNOSTIC,    25, -5.961147748510e-01, 1.504118518153e-06, 1.4601e+01, 3.9427e-01,    16, 1.226369885515e+01, 1.261549636909e+01, 1.338955562100e+01, 9.399718490563e-01, 1.606713117883e+00, 2.531502391586e-03, 
 2DIAGNOSTIC,    26, -5.961173955374e-01, 1.467987336481e-06, 1.4952e+01, 3.5010e-01,    16, 1.178593710775e+01, 1.229477266644e+01, 1.287590808201e+01, 9.645010322731e-01, 1.606614719354e+00, 3.617097457720e-03, 
 2DIAGNOSTIC,    27, -5.961196600838e-01, 1.498850875498e-06, 1.5399e+01, 4.4781e-01,    16, 1.302065198696e+01, 1.232372144743e+01, 1.302065198696e+01, 9.348744345214e-01, 1.606560660821e+00, 1.489738251840e-03, 
 2DIAGNOSTIC,    28, -5.961226170667e-01, 1.544287559871e-06, 1.5834e+01, 4.3452e-01,    16, 1.421887645735e+01, 1.265880059965e+01, 1.421887645735e+01, 8.568401573615e-01, 1.606536921364e+00, 5.950433053469e-04, 
 2DIAGNOSTIC,    29, -5.961189133445e-01, 1.495047799560e-06, 1.6275e+01, 4.4097e-01,    16, 1.520502230417e+01, 1.329883734228e+01, 1.520502230417e+01, 6.413714367576e-01, 1.606527651733e+00, 2.248518111845e-04, 
 2DIAGNOSTIC,    30, -5.961169211517e-01, 1.386964922502e-06, 1.6670e+01, 3.9513e-01,    16, 1.530453859911e+01, 1.390700529107e+01, 1.530453859911e+01, 5.933759826027e-01, 1.606519560080e+00, 1.941588369955e-04, 
 2DIAGNOSTIC,    31, -5.961161127792e-01, 1.261688717662e-06, 1.7034e+01, 3.6390e-01,    16, 1.492956135569e+01, 1.453573014066e+01, 1.530453859911e+01, 7.595339412653e-01, 1.606506016724e+00, 3.222924416985e-04, 
 2DIAGNOSTIC,    32, -5.961193427876e-01, 1.167564340508e-06, 1.7429e+01, 3.9530e-01,    16, 1.497475900466e+01, 1.492655154419e+01, 1.530453859911e+01, 7.595339412653e-01, 1.606492680497e+00, 3.123493937606e-04, 
 2DIAGNOSTIC,    33, -5.961213220205e-01, 1.099673042904e-06, 1.7784e+01, 3.5480e-01,    16, 1.443697326167e+01, 1.497017090506e+01, 1.530453859911e+01, 8.577951057257e-01, 1.606470512987e+00, 5.121069767589e-04, 
 2DIAGNOSTIC,    34, -5.961200482768e-01, 1.007541651457e-06, 1.8220e+01, 4.3564e-01,    16, 1.532879938982e+01, 1.499492632219e+01, 1.532879938982e+01, 6.874034008437e-01, 1.606460678095e+00, 2.211666963246e-04, 
DIAGNOSTIC,Iteration,metricValue,convergenceValue,ITERATION_TIME_INDEX,SINCE_LAST,VPREC_PRECISION,PMIN_ESTIMATE,PMIN_ESTIMATE_ROLLING_AVG,PMIN_ESTIMATE_ROLLING_MAX,LIPSCHITZ,PARAMS_NORM,GRAD_NORM
 2DIAGNOSTIC,     1, -5.308280856854e-01, 1.797693134862e+308, 2.1817e+01, 3.5977e+00,    16, 7.101731604905e+00, 1.335436492335e+01, 1.532879938982e+01, 9.812295974873e-01, 1.606135162428e+00, 9.457685408300e-02, 
 2DIAGNOSTIC,     2, -5.312348318947e-01, 1.797693134862e+308, 2.4302e+01, 2.4844e+00,    16, 7.178641818728e+00, 1.180418101596e+01, 1.532879938982e+01, 9.888997095106e-01, 1.612093493260e+00, 9.070314113379e-02, 
 2DIAGNOSTIC,     3, -5.316756688821e-01, 1.797693134862e+308, 2.6806e+01, 2.5043e+00,    16, 7.466516903976e+00, 1.030253259582e+01, 1.532879938982e+01, 9.934355990040e-01, 1.611087711187e+00, 7.458984777701e-02, 
 2DIAGNOSTIC,     4, -5.322095289555e-01, 1.797693134862e+308, 2.9318e+01, 2.5119e+00,    10, 8.134255354412e+00, 9.041989014369e+00, 1.532879938982e+01, 9.961179970490e-01, 1.608647076158e+00, 4.700922322611e-02, 
 2DIAGNOSTIC,     5, -5.327451479238e-01, 1.797693134862e+308, 3.1885e+01, 2.5667e+00,    10, 6.350163370782e+00, 7.246261810560e+00, 8.134255354412e+00, 9.977042921478e-01, 1.641215620204e+00, 1.654414008676e-01, 
 2DIAGNOSTIC,     6, -5.329795160985e-01, 1.797693134862e+308, 3.5519e+01, 3.6342e+00,    10, 6.513084320948e+00, 7.128532353769e+00, 8.134255354412e+00, 9.889737542621e-01, 1.612529589372e+00, 1.439213030574e-01, 
 2DIAGNOSTIC,     7, -5.330693099255e-01, 1.797693134862e+308, 4.0095e+01, 4.5767e+00,    10, 1.434647353078e+01, 8.562098696180e+00, 1.434647353078e+01, 8.249647318767e-01, 1.612562043870e+00, 5.263799268547e-04, 
 2DIAGNOSTIC,     8, -5.330695039081e-01, 1.797693134862e+308, 4.2944e+01, 2.8482e+00,    10, 1.369191880766e+01, 9.807179076917e+00, 1.434647353078e+01, 6.936700268057e-01, 1.612684344441e+00, 6.967715480089e-04, 
 2DIAGNOSTIC,     9, -5.330691232775e-01, 1.797693134862e+308, 4.6137e+01, 3.1934e+00,    16, 1.349909855326e+01, 1.088014771669e+01, 1.434647353078e+01, 2.326152631910e-01, 1.612731328154e+00, 2.670748663918e-04, 
 2DIAGNOSTIC,    10, -5.330690152037e-01, 2.840914003742e-04, 4.8951e+01, 2.8139e+00,    16, 1.388241477159e+01, 1.238659799685e+01, 1.434647353078e+01, 3.556711247692e-01, 1.612786471627e+00, 3.130895628167e-04, 
 2DIAGNOSTIC,    11, -5.330686698248e-01, 1.883004319236e-04, 5.1791e+01, 2.8404e+00,    16, 7.346297783459e+00, 1.255324068935e+01, 1.434647353078e+01, 2.429434994772e-03, 1.612821465101e+00, 1.984732386275e-04, 
 2DIAGNOSTIC,    12, -5.330685219601e-01, 1.099591334350e-04, 5.4693e+01, 2.9015e+00,    16, 1.380337079178e+01, 1.244462014155e+01, 1.388241477159e+01, 3.009566002964e-01, 1.612870853419e+00, 2.798602288638e-04, 
 2DIAGNOSTIC,    13, -5.330685555825e-01, 5.187232580756e-05, 5.7227e+01, 2.5342e+00,    16, 1.403289440988e+01, 1.251281526199e+01, 1.403289440988e+01, 5.866053060832e-01, 1.612953075608e+00, 4.652773862619e-04, 
 2DIAGNOSTIC,    14, -5.330687005869e-01, 1.753512539630e-05, 6.0050e+01, 2.8227e+00,    16, 1.407423198517e+01, 1.262784194838e+01, 1.407423198517e+01, 5.866053060831e-01, 1.613033108972e+00, 4.521574009892e-04, 
 2DIAGNOSTIC,    15, -5.330683118608e-01, 5.226623641386e-06, 6.2839e+01, 2.7892e+00,    16, 1.411497252006e+01, 1.267435349807e+01, 1.411497252006e+01, 5.866053060832e-01, 1.613111028789e+00, 4.395886792565e-04, 
 2DIAGNOSTIC,    16, -5.330683110930e-01, 1.903789226834e-06, 6.5651e+01, 2.8118e+00,    16, 1.419346865646e+01, 1.404378767267e+01, 1.419346865646e+01, 5.312804736584e-01, 1.613177942756e+00, 3.770619333617e-04, 
 2DIAGNOSTIC,    17, -5.330680067204e-01, 1.788429199165e-06, 6.8442e+01, 2.7912e+00,    16, 1.416719909783e+01, 1.411655333388e+01, 1.419346865646e+01, 6.064431428983e-01, 1.613255813620e+00, 4.383366802403e-04, 
 2DIAGNOSTIC,    18, -5.330677483918e-01, 1.691932460898e-06, 7.1290e+01, 2.8482e+00,    16, 1.420464244103e+01, 1.415090294011e+01, 1.420464244103e+01, 3.906826911024e-01, 1.613304733299e+00, 2.751588556665e-04, 
 2DIAGNOSTIC,    19, -5.330675222728e-01, 1.595629545548e-06, 7.4109e+01, 2.8188e+00,    16, 1.349099426521e+01, 1.403425539612e+01, 1.420464244103e+01, 1.721996836070e-01, 1.613340110165e+00, 1.988981316938e-04, 
 2DIAGNOSTIC,    20, -5.330675138619e-01, 1.513609475076e-06, 7.6876e+01, 2.7672e+00,    16, 1.485039131698e+01, 1.418133915550e+01, 1.485039131698e+01, 2.816269161302e-01, 1.613362665641e+00, 1.267824958806e-04, 
 2DIAGNOSTIC,    21, -5.330671960670e-01, 1.429889255125e-06, 7.9617e+01, 2.7409e+00,    16, 1.272281422696e+01, 1.388720826960e+01, 1.485039131698e+01, 7.610848864358e-02, 1.613389309080e+00, 1.497234857889e-04, 
 2DIAGNOSTIC,    22, -5.330672902419e-01, 1.360633105352e-06, 8.2449e+01, 2.8315e+00,    16, 1.273730490836e+01, 1.360122943171e+01, 1.485039131698e+01, 7.610848864358e-02, 1.613415692478e+00, 1.482295880664e-04, 
 2DIAGNOSTIC,    23, -5.330669869912e-01, 1.298992296520e-06, 8.4954e+01, 2.5053e+00,    16, 1.425016386372e+01, 1.361033371625e+01, 1.485039131698e+01, 3.636195700113e-01, 1.613459879907e+00, 2.481675664968e-04, 
 2DIAGNOSTIC,    24, -5.330666146496e-01, 1.245734930891e-06, 8.7828e+01, 2.8738e+00,    16, 1.427447255204e+01, 1.376702937361e+01, 1.485039131698e+01, 3.636195700113e-01, 1.613503341580e+00, 2.440276716247e-04, 
 2DIAGNOSTIC,    25, -5.330665037039e-01, 1.193686952991e-06, 9.1450e+01, 3.6225e+00,    16, 1.969557564821e+01, 1.473606623986e+01, 1.969557564821e+01, 2.662366353965e+00, 1.613510767474e+00, 4.170105099311e-05, 
 2DIAGNOSTIC,    26, -5.330663983819e-01, 1.150945664823e-06, 9.4000e+01, 2.5494e+00,    16, 1.775049027292e+01, 1.574160144905e+01, 1.969557564821e+01, 1.165820918345e+00, 1.613523289569e+00, 7.031426487022e-05, 
 2DIAGNOSTIC,    27, -5.330661800966e-01, 1.107950072202e-06, 9.6800e+01, 2.8001e+00,    23, 1.775748155123e+01, 1.674563677762e+01, 1.969557564821e+01, 1.165820918345e+00, 1.613535751671e+00, 6.997488774000e-05, 
 2DIAGNOSTIC,    28, -5.330660941103e-01, 1.068340939728e-06, 9.9302e+01, 2.5025e+00,    23, 1.495289795900e+01, 1.688618359668e+01, 1.969557564821e+01, 2.808058498192e-01, 1.613556725765e+00, 1.177567875886e-04, 
 2DIAGNOSTIC,    29, -5.330660398921e-01, 1.032824537756e-06, 1.0235e+02, 3.0509e+00,    23, 1.879368000006e+01, 1.779002508628e+01, 1.969557564821e+01, 1.815483636313e+00, 1.613566189256e+00, 5.313541580474e-05, 
 2DIAGNOSTIC,    30, -5.330660750508e-01, 1.006360690219e-06, 1.0523e+02, 2.8721e+00,    23, 1.813433049106e+01, 1.747777605485e+01, 1.879368000006e+01, 1.363999852485e+00, 1.613577419083e+00, 6.305115845126e-05, 
  Elapsed time (stage 1): 1.067820231915e+02


Stage 2
  iterations = 100x70x50x20
  convergence threshold = 1.000000000000e-06
  convergence window size = 10
  number of levels = 4
  using the CC metric (radius = 4, weight = 1.000000000000e+00, use gradient filter = 0)
  preprocessing:  winsorizing the image intensities
  Shrink factors (level 1 out of 4): [8, 8, 8]
  Shrink factors (level 2 out of 4): [4, 4, 4]
  Shrink factors (level 3 out of 4): [2, 2, 2]
  Shrink factors (level 4 out of 4): [1, 1, 1]
  smoothing sigmas per level: [3, 2, 1, 0]
  Using default NONE metricSamplingStrategy 

*** Running SyN registration (varianceForUpdateField = 3.000000000000e+00, varianceForTotalField = 0.000000000000e+00) ***

XXDIAGNOSTIC,Iteration,metricValue,convergenceValue,ITERATION_TIME_INDEX,SINCE_LAST,VPREC_PRECISION,PMIN_ESTIMATE,PMIN_ESTIMATE_ROLLING_AVG,PMIN_ESTIMATE_ROLLING_MAX,M_LIPSCHITZ,M_PARAMS_NORM,M_GRAD_NORM,F_LIPSCHITZ,F_PARAMS_NORM,F_GRAD_NORM
 1DIAGNOSTIC,     1, -9.239365222614e-01, 1.797693134862e+308, 1.5574e+00, 1.5574e+00,    53, 0.000000000000e+00, 0.000000000000e+00, 0.000000000000e+00, 0.000000000000e+00, 0.000000000000e+00, 0.000000000000e+00, 0.000000000000e+00, 0.000000000000e+00, 0.000000000000e+00
 1DIAGNOSTIC,     2, -9.357359610408e-01, 1.797693134862e+308, 1.9174e+00, 3.6007e-01,     7, 1.456910523185e+00, 1.456910523185e+00, 1.456910523185e+00, 1.044151024124e-01, 1.240879310342e+03, 3.925500832816e+02, 1.069852986297e-01, 1.580804629694e+03, 5.032921681423e+02
 1DIAGNOSTIC,     3, -9.442462025533e-01, 1.797693134862e+308, 2.2902e+00, 3.7279e-01,     7, 3.526144016392e+00, 2.491527269788e+00, 3.526144016392e+00, 1.791209187059e-01, 2.615980538282e+03, 3.669813570584e+02, 2.036293966466e-01, 3.254582568538e+03, 4.364290947454e+02
 1DIAGNOSTIC,     4, -9.493243298539e-01, 1.797693134862e+308, 2.6424e+00, 3.5213e-01,     7, 5.419279241790e+00, 3.467444593789e+00, 5.419279241790e+00, 3.547414794256e-01, 4.020909802798e+03, 3.245471912729e+02, 4.208091898821e-01, 4.807910479316e+03, 3.378690560850e+02
 1DIAGNOSTIC,     5, -9.520982440511e-01, 1.797693134862e+308, 2.9783e+00, 3.3595e-01,     7, 6.561234691621e+00, 4.240892118247e+00, 6.561234691621e+00, 5.489159097456e-01, 5.195545862773e+03, 2.352157216196e+02, 5.071259958603e-01, 6.198828600202e+03, 2.913738671907e+02
 1DIAGNOSTIC,     6, -9.546006194897e-01, 1.797693134862e+308, 3.3301e+00, 3.5179e-01,     7, 6.826111410982e+00, 4.757935976794e+00, 6.826111410982e+00, 5.123602189158e-01, 6.146972539319e+03, 2.106322180691e+02, 5.089868780854e-01, 7.401035401626e+03, 2.994711113082e+02
 1DIAGNOSTIC,     7, -9.575096497469e-01, 1.797693134862e+308, 3.6908e+00, 3.6071e-01,     7, 6.186737788743e+00, 5.703901429905e+00, 6.826111410982e+00, 2.917693558547e-01, 7.173854932263e+03, 2.397377997477e+02, 3.239656140212e-01, 8.464031291952e+03, 3.065777169858e+02
 1DIAGNOSTIC,     8, -9.605032913498e-01, 1.797693134862e+308, 4.0440e+00, 3.5314e-01,     7, 5.925174914344e+00, 6.183707609496e+00, 6.826111410982e+00, 2.037125141045e-01, 8.298793398178e+03, 2.428078167927e+02, 2.337944859133e-01, 9.588124004711e+03, 2.880725585439e+02
 1DIAGNOSTIC,     9, -9.632579986000e-01, 1.797693134862e+308, 4.3875e+00, 3.4352e-01,     7, 6.215001555929e+00, 6.342852072324e+00, 6.826111410982e+00, 2.010944519351e-01, 9.370840115081e+03, 2.465436204629e+02, 2.415517722286e-01, 1.066227641593e+04, 2.480912968609e+02
 1DIAGNOSTIC,    10, -9.657919245055e-01, 2.441035249586e-03, 4.7430e+00, 3.5548e-01,     7, 7.437886898982e+00, 6.518182513796e+00, 7.437886898982e+00, 4.770331620349e-01, 1.036717496783e+04, 2.192020926639e+02, 4.034768381287e-01, 1.171007239654e+04, 2.421647210995e+02
 1DIAGNOSTIC,    11, -9.678517429065e-01, 1.769927813869e-03, 5.0811e+00, 3.3810e-01,    10, 9.481010011348e+00, 7.049162233869e+00, 9.481010011348e+00, 1.251408264162e+00, 1.110538725660e+04, 1.333011756585e+02, 1.127294559836e+00, 1.261631019433e+04, 2.057096078658e+02
 1DIAGNOSTIC,    12, -9.691274970563e-01, 1.373991323598e-03, 5.4135e+00, 3.3240e-01,    10, 1.253091123768e+01, 8.317996923656e+00, 1.253091123768e+01, 2.732225439856e+00, 1.083136413122e+04, 4.391292741935e+01, 2.968821246946e+00, 1.240309257778e+04, 4.832063417986e+01
 1DIAGNOSTIC,    13, -9.688331209878e-01, 1.101753399314e-03, 5.7489e+00, 3.3546e-01,    10, 1.058871829990e+01, 9.250705600767e+00, 1.253091123768e+01, 1.968697726597e+00, 1.190104609005e+04, 1.456714922131e+02, 2.022136541172e+00, 1.334050343209e+04, 1.267509916528e+02
 1DIAGNOSTIC,    14, -9.695662013983e-01, 8.923170770192e-04, 6.0882e+00, 3.3932e-01,    10, 9.043945531553e+00, 9.816494395892e+00, 1.253091123768e+01, 8.761960248478e-01, 1.277780467233e+04, 1.947057857363e+02, 9.204577438507e-01, 1.411384706163e+04, 1.840816746270e+02
 1DIAGNOSTIC,    15, -9.708328392897e-01, 7.089154226967e-04, 6.4229e+00, 3.3463e-01,    16, 9.724900995383e+00, 1.027389721517e+01, 1.253091123768e+01, 1.241259120822e+00, 1.353538051058e+04, 1.332351921939e+02, 1.076820848125e+00, 1.501879327917e+04, 2.041229900035e+02
 1DIAGNOSTIC,    16, -9.715592235863e-01, 5.423041822351e-04, 6.7563e+00, 3.3348e-01,    16, 1.044448381448e+01, 1.046659197580e+01, 1.253091123768e+01, 1.695618810270e+00, 1.401352646375e+04, 1.699429447381e+02, 1.894010811027e+00, 1.547643879220e+04, 1.478224540254e+02
 1DIAGNOSTIC,    17, -9.717611601383e-01, 3.995358412871e-04, 7.0896e+00, 3.3329e-01,    16, 1.132262898891e+01, 1.022493552604e+01, 1.132262898891e+01, 2.565514546064e+00, 1.408911528345e+04, 1.040428611822e+02, 2.323207724231e+00, 1.558223094855e+04, 1.320958764480e+02
 1DIAGNOSTIC,    18, -9.717093907648e-01, 2.846506678102e-04, 7.4250e+00, 3.3532e-01,    16, 1.099378301298e+01, 1.030594846866e+01, 1.132262898891e+01, 2.351425968873e+00, 1.448142267119e+04, 1.438776031995e+02, 2.562305269394e+00, 1.605454132492e+04, 1.593714430114e+02
 1DIAGNOSTIC,    19, -9.718179374121e-01, 1.999998736700e-04, 7.7597e+00, 3.3475e-01,    16, 1.155559360838e+01, 1.080827808403e+01, 1.155559360838e+01, 2.480680073507e+00, 1.458996077156e+04, 1.116540853721e+02, 2.602956516832e+00, 1.604750010043e+04, 1.028287583292e+02
 1DIAGNOSTIC,    20, -9.717513493953e-01, 1.408768946280e-04, 8.0937e+00, 3.3395e-01,    16, 1.102709491338e+01, 1.106871686763e+01, 1.155559360838e+01, 2.439071533648e+00, 1.501530772564e+04, 1.388077190865e+02, 2.418879977917e+00, 1.659448212311e+04, 1.655217499313e+02
 1DIAGNOSTIC,    21, -9.718863555852e-01, 1.047716769976e-04, 8.4506e+00, 3.5693e-01,    16, 1.183463267309e+01, 1.134674663935e+01, 1.183463267309e+01, 2.523955023887e+00, 1.501291866439e+04, 9.568168216255e+01, 2.680387789213e+00, 1.649780918702e+04, 9.020872565516e+01
 1DIAGNOSTIC,    22, -9.718026335263e-01, 7.875478358786e-05, 8.7872e+00, 3.3660e-01,    16, 1.092474209748e+01, 1.126716926106e+01, 1.183463267309e+01, 2.376876165625e+00, 1.564119937175e+04, 1.545764248926e+02, 2.572454109188e+00, 1.701836506196e+04, 1.893878479400e+02
 1DIAGNOSTIC,    23, -9.720162113960e-01, 4.686854111509e-05, 9.1207e+00, 3.3355e-01,    16, 1.214001498236e+01, 1.149641565494e+01, 1.214001498236e+01, 2.580416066677e+00, 1.546210090043e+04, 8.081301310566e+01, 2.804014862433e+00, 1.682796923974e+04, 7.845601391544e+01
 1DIAGNOSTIC,    24, -9.718254714679e-01, 1.970206359691e-05, 9.4732e+00, 3.5248e-01,    16, 1.095447642512e+01, 1.137619221829e+01, 1.214001498236e+01, 2.547060240566e+00, 1.611856618196e+04, 1.851087103681e+02, 2.464971738950e+00, 1.760388395543e+04, 1.670865206065e+02
 1DIAGNOSTIC,    25, -9.720431358789e-01, 1.038442324292e-05, 9.8079e+00, 3.3471e-01,    16, 1.222368520640e+01, 1.161551027689e+01, 1.222368520640e+01, 2.728137064999e+00, 1.592947911405e+04, 7.590736208843e+01, 2.586888541109e+00, 1.735385772541e+04, 7.634422289744e+01
 1DIAGNOSTIC,    26, -9.718847776527e-01, 7.251674040740e-06, 1.0167e+01, 3.5930e-01,    16, 1.103920913581e+01, 1.145642556944e+01, 1.222368520640e+01, 2.374483397464e+00, 1.664539814024e+04, 1.573725679794e+02, 2.633900823302e+00, 1.787176366229e+04, 1.814190756533e+02
 1DIAGNOSTIC,    27, -9.721062254615e-01, 8.475516715400e-06, 1.0505e+01, 3.3766e-01,    16, 1.243810188489e+01, 1.175909752692e+01, 1.243810188489e+01, 2.614712735795e+00, 1.631826792596e+04, 6.700752480128e+01, 2.815747120305e+00, 1.761459007673e+04, 6.988236298659e+01
 1DIAGNOSTIC,    28, -9.718692577607e-01, 5.788988305423e-06, 1.0840e+01, 3.3543e-01,    16, 1.110714157756e+01, 1.155252284596e+01, 1.243810188489e+01, 2.613136328570e+00, 1.703031768142e+04, 1.834077156997e+02, 2.523060147777e+00, 1.838314668863e+04, 1.585189073559e+02
 1DIAGNOSTIC,    29, -9.720928758339e-01, 6.335237097983e-06, 1.1172e+01, 3.3215e-01,    16, 1.239716610654e+01, 1.184106078224e+01, 1.243810188489e+01, 2.730238291670e+00, 1.675762504052e+04, 6.766769521907e+01, 2.548430824748e+00, 1.812391984458e+04, 7.300124021102e+01
 1DIAGNOSTIC,    30, -9.719270596410e-01, 3.975223367793e-06, 1.1506e+01, 3.3355e-01,    16, 1.107013481309e+01, 1.161035070358e+01, 1.243810188489e+01, 2.394162933554e+00, 1.743046315128e+04, 1.481290195153e+02, 2.340451660756e+00, 1.889855137822e+04, 1.843276410470e+02
 1DIAGNOSTIC,    31, -9.721284078119e-01, 4.751630094425e-06, 1.1839e+01, 3.3348e-01,    16, 1.262632227596e+01, 1.192777333161e+01, 1.262632227596e+01, 2.594301890224e+00, 1.699966911610e+04, 5.964739161606e+01, 2.808115995621e+00, 1.851444698971e+04, 6.541702104063e+01
 1DIAGNOSTIC,    32, -9.719335038819e-01, 2.458900592785e-06, 1.2174e+01, 3.3497e-01,    16, 1.141053878941e+01, 1.172226071251e+01, 1.262632227596e+01, 2.840883507689e+00, 1.766526916159e+04, 1.604974490888e+02, 2.693027712869e+00, 1.926919394926e+04, 1.491917306282e+02
 1DIAGNOSTIC,    33, -9.721728357215e-01, 4.326783454675e-06, 1.2531e+01, 3.5655e-01,    16, 1.237266488925e+01, 1.197536537485e+01, 1.262632227596e+01, 2.596944131153e+00, 1.744639435578e+04, 6.710905757221e+01, 2.432429024914e+00, 1.908936021364e+04, 7.591417114038e+01
 1DIAGNOSTIC,    34, -9.720379941579e-01, 2.836059761195e-06, 1.2884e+01, 3.5267e-01,    16, 1.155228768494e+01, 1.180638969053e+01, 1.262632227596e+01, 2.429795947083e+00, 1.785460470290e+04, 1.144846944358e+02, 2.442596618859e+00, 1.945255335034e+04, 1.358503098777e+02
 1DIAGNOSTIC,    35, -9.720963171807e-01, 3.640563064709e-06, 1.3217e+01, 3.3367e-01,    16, 1.271848902389e+01, 1.213606053269e+01, 1.271848902389e+01, 2.612581575429e+00, 1.750332313289e+04, 5.667125127207e+01, 2.751078898863e+00, 1.917667920674e+04, 6.368227507570e+01
 1DIAGNOSTIC,    36, -9.718919810006e-01, 1.118664822181e-06, 1.3557e+01, 3.4002e-01,    16, 1.125904432833e+01, 1.186260494316e+01, 1.271848902389e+01, 2.318183371301e+00, 1.845309031614e+04, 1.651649891329e+02, 2.555809562135e+00, 1.989590467354e+04, 1.514897077450e+02
 1DIAGNOSTIC,    37, -9.721195159891e-01, 2.384392505408e-06, 1.3912e+01, 3.5454e-01,    16, 1.280672605803e+01, 1.214184239689e+01, 1.280672605803e+01, 2.710553822006e+00, 1.798627069353e+04, 5.305125400572e+01, 2.549340400087e+00, 1.956326563035e+04, 6.085717733268e+01
 1DIAGNOSTIC,    38, -9.719626592065e-01, 2.658617717331e-07, 1.4270e+01, 3.5801e-01,    16, 1.136648856826e+01, 1.194060713269e+01, 1.280672605803e+01, 2.377808962402e+00, 1.878847759907e+04, 1.492724044334e+02, 2.783933112590e+00, 1.998287063903e+04, 1.629698463151e+02
XXDIAGNOSTIC,Iteration,metricValue,convergenceValue,ITERATION_TIME_INDEX,SINCE_LAST,VPREC_PRECISION,PMIN_ESTIMATE,PMIN_ESTIMATE_ROLLING_AVG,PMIN_ESTIMATE_ROLLING_MAX,M_LIPSCHITZ,M_PARAMS_NORM,M_GRAD_NORM,F_LIPSCHITZ,F_PARAMS_NORM,F_GRAD_NORM
 1DIAGNOSTIC,     1, -9.145552037887e-01, 1.797693134862e+308, 1.8396e+01, 4.1265e+00,    16, 1.136648856826e+01, 1.194060713269e+01, 1.280672605803e+01, 2.377808962402e+00, 1.878847759907e+04, 1.492724044334e+02, 2.783933112590e+00, 1.998287063903e+04, 1.629698463151e+02
 1DIAGNOSTIC,     2, -9.175521403742e-01, 1.797693134862e+308, 2.1306e+01, 2.9091e+00,    16, 9.730609109049e+00, 1.157627141751e+01, 1.280672605803e+01, 2.115390329085e-01, 1.333142699206e+05, 2.672868393330e+02, 2.443721801897e-01, 1.422663267481e+05, 3.454686973759e+02
 1DIAGNOSTIC,     3, -9.209366756333e-01, 1.797693134862e+308, 2.4212e+01, 2.9061e+00,    16, 9.867407043393e+00, 1.100605502141e+01, 1.280672605803e+01, 2.030982782222e-01, 1.314036816138e+05, 2.684913684985e+02, 2.637235274965e-01, 1.403929240158e+05, 2.909683553357e+02
 1DIAGNOSTIC,     4, -9.238009281149e-01, 1.797693134862e+308, 2.7119e+01, 2.9077e+00,    16, 9.799390881250e+00, 1.071412433200e+01, 1.280672605803e+01, 1.799458618951e-01, 1.298138929206e+05, 2.388191759224e+02, 2.143940176660e-01, 1.388618546599e+05, 2.514522378396e+02
 1DIAGNOSTIC,     5, -9.261391236232e-01, 1.797693134862e+308, 3.0024e+01, 2.9049e+00,    16, 9.588495041409e+00, 1.007047812867e+01, 1.136648856826e+01, 1.460515800541e-01, 1.285162068129e+05, 2.296167684254e+02, 1.789872325523e-01, 1.376645038909e+05, 2.345344124682e+02
 1DIAGNOSTIC,     6, -9.281448292436e-01, 1.797693134862e+308, 3.2949e+01, 2.9245e+00,    10, 9.447772690737e+00, 9.686734953167e+00, 9.867407043393e+00, 1.375890198139e-01, 1.275496582618e+05, 2.377813203138e+02, 1.644605026515e-01, 1.368245796555e+05, 2.352825138598e+02
 1DIAGNOSTIC,     7, -9.299686255830e-01, 1.797693134862e+308, 3.5854e+01, 2.9055e+00,    10, 9.435807938685e+00, 9.627774719095e+00, 9.867407043393e+00, 1.365926140232e-01, 1.268735790934e+05, 2.399696940025e+02, 1.775258056610e-01, 1.364015659245e+05, 2.526921002741e+02
 1DIAGNOSTIC,     8, -9.316713446656e-01, 1.797693134862e+308, 3.8773e+01, 2.9184e+00,    10, 9.461675368259e+00, 9.546628384068e+00, 9.799390881250e+00, 1.387634128723e-01, 1.264585345757e+05, 2.414153889544e+02, 2.090954005582e-01, 1.364970191756e+05, 2.900566287703e+02
 1DIAGNOSTIC,     9, -9.332984327642e-01, 1.797693134862e+308, 4.1720e+01, 2.9473e+00,    10, 9.406237360477e+00, 9.467997679913e+00, 9.588495041409e+00, 1.425042586332e-01, 1.263077369111e+05, 2.488665363745e+02, 2.316384577858e-01, 1.371968570062e+05, 3.442757520414e+02
 1DIAGNOSTIC,    10, -9.349071826574e-01, 1.379757804183e-03, 4.4640e+01, 2.9200e+00,    10, 9.242442998203e+00, 9.398787271272e+00, 9.461675368259e+00, 1.588817976350e-01, 1.257996807615e+05, 2.628373973033e+02, 1.943966903171e-01, 1.383497701890e+05, 3.792184089472e+02
 1DIAGNOSTIC,    11, -9.364423775524e-01, 1.135766914764e-03, 4.7553e+01, 2.9135e+00,    10, 9.146584161516e+00, 9.338549565428e+00, 9.461675368259e+00, 1.415212139231e-01, 1.263080957556e+05, 2.786099178892e+02, 1.865930322351e-01, 1.395153560769e+05, 3.548642735127e+02
 1DIAGNOSTIC,    12, -9.376747333580e-01, 9.374703317868e-04, 5.0494e+01, 2.9409e+00,    10, 9.289117489010e+00, 9.309211475493e+00, 9.461675368259e+00, 1.335259062846e-01, 1.263312497180e+05, 2.942181857472e+02, 2.172436924810e-01, 1.396796583714e+05, 3.212253343465e+02
 1DIAGNOSTIC,    13, -9.388295068424e-01, 7.911673347530e-04, 5.3396e+01, 2.9021e+00,    10, 9.205117036498e+00, 9.257899809141e+00, 9.406237360477e+00, 1.332310505675e-01, 1.267185709368e+05, 3.131619184747e+02, 1.855468737615e-01, 1.407792013032e+05, 2.925058454212e+02
 1DIAGNOSTIC,    14, -9.395383975601e-01, 6.713888777082e-04, 5.6375e+01, 2.9785e+00,    10, 9.141781707311e+00, 9.205008678508e+00, 9.289117489010e+00, 1.239012009049e-01, 1.272521563716e+05, 3.043828237567e+02, 1.697105259349e-01, 1.408128074295e+05, 2.802815561312e+02
 1DIAGNOSTIC,    15, -9.403042233001e-01, 5.692212029258e-04, 5.9302e+01, 2.9272e+00,    10, 9.139521815911e+00, 9.184424442049e+00, 9.289117489010e+00, 1.340233390310e-01, 1.277724560752e+05, 2.880644906957e+02, 1.455031324777e-01, 1.418751711142e+05, 2.667096924540e+02
 1DIAGNOSTIC,    16, -9.407513586268e-01, 4.740836716449e-04, 6.2280e+01, 2.9778e+00,    10, 9.391993480113e+00, 9.233506305769e+00, 9.391993480113e+00, 1.452866843361e-01, 1.283533907621e+05, 2.812864999362e+02, 1.790243000272e-01, 1.418663633018e+05, 2.625816393156e+02
 1DIAGNOSTIC,    17, -9.413078027658e-01, 3.890588028879e-04, 6.5233e+01, 2.9530e+00,    10, 9.766560745230e+00, 9.328994957013e+00, 9.766560745230e+00, 1.846018582607e-01, 1.289445852722e+05, 2.716416574539e+02, 2.220340527893e-01, 1.420045229404e+05, 2.548551195897e+02
 1DIAGNOSTIC,    18, -9.415980221352e-01, 3.111258452817e-04, 6.8179e+01, 2.9464e+00,    10, 1.018879069607e+01, 9.525729688927e+00, 1.018879069607e+01, 2.491799001869e-01, 1.295670038662e+05, 2.708443253374e+02, 2.947166812037e-01, 1.422224078012e+05, 2.555840536836e+02
 1DIAGNOSTIC,    19, -9.418625850253e-01, 2.428261627941e-04, 7.1113e+01, 2.9335e+00,    10, 1.063608022673e+01, 9.824589392811e+00, 1.063608022673e+01, 3.398940318339e-01, 1.303031643572e+05, 2.690899022807e+02, 3.963271867570e-01, 1.424778651602e+05, 2.548773360745e+02
 1DIAGNOSTIC,    20, -9.421051230294e-01, 1.868730374085e-04, 7.4054e+01, 2.9409e+00,    16, 1.111258432163e+01, 1.021920189395e+01, 1.111258432163e+01, 4.768559270566e-01, 1.310006230484e+05, 2.725004264585e+02, 5.539248839487e-01, 1.427838789060e+05, 2.567750148735e+02
 1DIAGNOSTIC,    21, -9.423342252404e-01, 1.443135133426e-04, 7.7011e+01, 2.9569e+00,    16, 1.159272180211e+01, 1.065934755835e+01, 1.159272180211e+01, 6.730774674055e-01, 1.318773226351e+05, 2.742631963643e+02, 7.655949213701e-01, 1.431081111240e+05, 2.573299736999e+02
 1DIAGNOSTIC,    22, -9.425471645302e-01, 1.119973577001e-04, 7.9944e+01, 2.9334e+00,    16, 1.201504615182e+01, 1.110904463967e+01, 1.201504615182e+01, 9.247870522159e-01, 1.326141540429e+05, 2.843205655022e+02, 1.051902317995e+00, 1.434922211738e+05, 2.634514958140e+02
 1DIAGNOSTIC,    23, -9.427518386758e-01, 9.000940875369e-05, 8.2890e+01, 2.9466e+00,    16, 1.235212798570e+01, 1.154171209760e+01, 1.235212798570e+01, 1.207170574262e+00, 1.336704052559e+05, 2.914507835247e+02, 1.331427169298e+00, 1.438736736871e+05, 2.679327316050e+02
 1DIAGNOSTIC,    24, -9.429401720029e-01, 7.276196861899e-05, 8.5828e+01, 2.9371e+00,    16, 1.344652910029e+01, 1.210380187231e+01, 1.344652910029e+01, 1.985421250082e+00, 1.329220379062e+05, 1.564578034668e+02, 1.623196413662e+00, 1.447376360756e+05, 2.298771105633e+02
 1DIAGNOSTIC,    25, -9.427164060588e-01, 5.671044203928e-05, 8.8777e+01, 2.9494e+00,    16, 1.271358335576e+01, 1.242400167914e+01, 1.344652910029e+01, 1.640492543139e+00, 1.344346490106e+05, 3.213380410551e+02, 1.862151767656e+00, 1.451132927980e+05, 2.864101753871e+02
 1DIAGNOSTIC,    26, -9.431440580216e-01, 4.689496554486e-05, 9.1714e+01, 2.9373e+00,    16, 1.376974985761e+01, 1.285940729024e+01, 1.376974985761e+01, 2.275340944961e+00, 1.334932155374e+05, 1.478683728684e+02, 1.953953230939e+00, 1.457319570721e+05, 2.133213296353e+02
 1DIAGNOSTIC,    27, -9.428273563317e-01, 3.600534055915e-05, 9.4663e+01, 2.9489e+00,    16, 1.281656491529e+01, 1.301971104293e+01, 1.376974985761e+01, 1.789287710735e+00, 1.351135810120e+05, 3.225159954310e+02, 2.022320120012e+00, 1.462030201663e+05, 2.954359240148e+02
 1DIAGNOSTIC,    28, -9.432553548070e-01, 3.045613659809e-05, 9.7595e+01, 2.9318e+00,    16, 1.372420912992e+01, 1.329412727177e+01, 1.376974985761e+01, 2.310620219310e+00, 1.342347704465e+05, 1.556027814942e+02, 1.986887851101e+00, 1.469768347842e+05, 2.263114561672e+02
 1DIAGNOSTIC,    29, -9.429685831197e-01, 2.215782179180e-05, 1.0054e+02, 2.9428e+00,    16, 1.288311536401e+01, 1.318144452452e+01, 1.376974985761e+01, 1.873984777565e+00, 1.357588490701e+05, 3.078953671795e+02, 2.092721610300e+00, 1.475129314925e+05, 3.066382232627e+02
 1DIAGNOSTIC,    30, -9.433669203757e-01, 1.900125418318e-05, 1.0348e+02, 2.9410e+00,    16, 1.396020508217e+01, 1.343076886980e+01, 1.396020508217e+01, 2.398349221490e+00, 1.346599240666e+05, 1.393870606415e+02, 2.289344606026e+00, 1.471541147367e+05, 2.173104647049e+02
 1DIAGNOSTIC,    31, -9.429996467747e-01, 1.286716975064e-05, 1.0642e+02, 2.9412e+00,    16, 1.292142067031e+01, 1.326110303234e+01, 1.396020508217e+01, 1.963888316645e+00, 1.363504648543e+05, 3.151812094457e+02, 2.171180671378e+00, 1.480085461190e+05, 3.111638981016e+02
 1DIAGNOSTIC,    32, -9.432615599444e-01, 1.055198516306e-05, 1.0934e+02, 2.9190e+00,    16, 1.392546160785e+01, 1.348288237085e+01, 1.396020508217e+01, 2.426265404593e+00, 1.353242972299e+05, 1.425887319079e+02, 2.282572473295e+00, 1.478512887987e+05, 2.291751423224e+02
 1DIAGNOSTIC,    33, -9.429448016438e-01, 6.336618785727e-06, 1.1227e+02, 2.9335e+00,    16, 1.294127714925e+01, 1.332629597472e+01, 1.396020508217e+01, 1.999221529557e+00, 1.369734901339e+05, 3.055113608741e+02, 2.180280377676e+00, 1.488193391582e+05, 3.205901681993e+02
 1DIAGNOSTIC,    34, -9.432199687112e-01, 6.123705389466e-06, 1.1520e+02, 2.9235e+00,    16, 1.398419636926e+01, 1.354651217577e+01, 1.398419636926e+01, 2.436080536878e+00, 1.359239938493e+05, 1.400864733073e+02, 2.372300025473e+00, 1.486239817363e+05, 2.248000268906e+02
 1DIAGNOSTIC,    35, -9.429032612324e-01, 5.685407867585e-07, 1.1812e+02, 2.9266e+00,    16, 1.295079570167e+01, 1.334463029967e+01, 1.398419636926e+01, 2.037087257185e+00, 1.376513631943e+05, 3.076859790345e+02, 2.208211808867e+00, 1.497017254943e+05, 3.273912827789e+02
XXDIAGNOSTIC,Iteration,metricValue,convergenceValue,ITERATION_TIME_INDEX,SINCE_LAST,VPREC_PRECISION,PMIN_ESTIMATE,PMIN_ESTIMATE_ROLLING_AVG,PMIN_ESTIMATE_ROLLING_MAX,M_LIPSCHITZ,M_PARAMS_NORM,M_GRAD_NORM,F_LIPSCHITZ,F_PARAMS_NORM,F_GRAD_NORM
 1DIAGNOSTIC,     1, -8.953505801826e-01, 1.797693134862e+308, 1.4356e+02, 2.5437e+01,    16, 1.295079570167e+01, 1.334463029967e+01, 1.398419636926e+01, 2.037087257185e+00, 1.376513631943e+05, 3.076859790345e+02, 2.208211808867e+00, 1.497017254943e+05, 3.273912827789e+02
 1DIAGNOSTIC,     2, -8.978179177598e-01, 1.797693134862e+308, 1.6765e+02, 2.4092e+01,    16, 1.059880653548e+01, 1.288010747270e+01, 1.398419636926e+01, 8.193294520422e-02, 1.068288413307e+06, 5.410442949414e+02, 1.020107696935e-01, 1.157427360908e+06, 5.504081994673e+02
 1DIAGNOSTIC,     3, -9.010416493632e-01, 1.797693134862e+308, 1.9168e+02, 2.4030e+01,    16, 1.097376172304e+01, 1.228976749574e+01, 1.398419636926e+01, 1.212346277302e-01, 1.067171913427e+06, 4.838927778599e+02, 9.845671406150e-02, 1.155898638183e+06, 5.158867420666e+02
 1DIAGNOSTIC,     4, -9.039567300718e-01, 1.797693134862e+308, 2.1591e+02, 2.4232e+01,    16, 1.090086867227e+01, 1.188168580035e+01, 1.398419636926e+01, 9.462812757974e-02, 1.066504538762e+06, 4.591843891576e+02, 1.015478218985e-01, 1.154618170439e+06, 4.802417362720e+02
 1DIAGNOSTIC,     5, -9.064313634055e-01, 1.797693134862e+308, 2.3990e+02, 2.3982e+01,    16, 1.070172023657e+01, 1.122519057381e+01, 1.295079570167e+01, 7.797101703213e-02, 1.066477494873e+06, 4.676048717229e+02, 8.926017706617e-02, 1.153556172611e+06, 4.550361848187e+02
 1DIAGNOSTIC,     6, -9.086330015094e-01, 1.797693134862e+308, 2.6413e+02, 2.4231e+01,    16, 1.071723589572e+01, 1.077847861262e+01, 1.097376172304e+01, 7.871246959931e-02, 1.067115869822e+06, 4.846472266405e+02, 8.961355270502e-02, 1.152685308194e+06, 4.392409047324e+02
 1DIAGNOSTIC,     7, -9.105200926853e-01, 1.797693134862e+308, 2.8819e+02, 2.4062e+01,    16, 1.062896463035e+01, 1.078451023159e+01, 1.097376172304e+01, 7.699582709556e-02, 1.068009941120e+06, 4.769558043829e+02, 7.920399927483e-02, 1.152003990796e+06, 4.307431503636e+02
 1DIAGNOSTIC,     8, -9.121122213928e-01, 1.797693134862e+308, 3.1208e+02, 2.3888e+01,    16, 1.044010625779e+01, 1.067777913854e+01, 1.090086867227e+01, 6.773506664341e-02, 1.069204339187e+06, 4.780596743178e+02, 6.898798902989e-02, 1.151529496057e+06, 4.280278283921e+02
 1DIAGNOSTIC,     9, -9.135974662973e-01, 1.797693134862e+308, 3.3608e+02, 2.4008e+01,    16, 1.073885417489e+01, 1.064537623907e+01, 1.073885417489e+01, 9.667250427447e-02, 1.070334984150e+06, 4.483511546200e+02, 6.837922719475e-02, 1.151262218395e+06, 4.281512575419e+02
 1DIAGNOSTIC,    10, -9.149315855267e-01, 1.400551748711e-03, 3.6014e+02, 2.4054e+01,    16, 1.085367661897e+01, 1.067576751555e+01, 1.085367661897e+01, 1.063981620622e-01, 1.071309583603e+06, 4.159069789015e+02, 6.543224348984e-02, 1.151203093581e+06, 4.305932879650e+02
 1DIAGNOSTIC,    11, -9.161259327634e-01, 1.146941390282e-03, 3.8433e+02, 2.4193e+01,    16, 1.076185605857e+01, 1.068469154812e+01, 1.085367661897e+01, 8.752730162669e-02, 1.072202789568e+06, 3.943736148014e+02, 6.935126017086e-02, 1.149096910402e+06, 4.346439715661e+02
 1DIAGNOSTIC,    12, -9.172080637346e-01, 9.244810028273e-04, 4.0840e+02, 2.4072e+01,    16, 1.065289552976e+01, 1.068947772800e+01, 1.085367661897e+01, 8.100564507166e-02, 1.071198333418e+06, 3.804518492424e+02, 6.049278287237e-02, 1.149693709494e+06, 4.277620889474e+02
 1DIAGNOSTIC,    13, -9.180170040091e-01, 7.490918516916e-04, 4.3247e+02, 2.4067e+01,    16, 1.028522850728e+01, 1.065850217789e+01, 1.085367661897e+01, 5.389258337003e-02, 1.072506737696e+06, 3.753258332135e+02, 5.463609583606e-02, 1.149985777618e+06, 4.223086670348e+02
 1DIAGNOSTIC,    14, -9.187941690754e-01, 6.126956946758e-04, 4.5670e+02, 2.4233e+01,    16, 1.055770280616e+01, 1.062227190415e+01, 1.085367661897e+01, 5.596144981475e-02, 1.071732857099e+06, 3.760547560050e+02, 7.342503488138e-02, 1.147874384360e+06, 4.086762818892e+02
 1DIAGNOSTIC,    15, -9.196318897425e-01, 5.070158290653e-04, 4.8070e+02, 2.3994e+01,    16, 1.077006698678e+01, 1.060554997771e+01, 1.077006698678e+01, 5.966272549586e-02, 1.071515408578e+06, 3.814222497622e+02, 8.639639742925e-02, 1.148263126473e+06, 3.873567379369e+02
 1DIAGNOSTIC,    16, -9.201042916714e-01, 4.197322517476e-04, 5.0474e+02, 2.4043e+01,    16, 1.074563930380e+01, 1.060230662676e+01, 1.077006698678e+01, 6.016967373792e-02, 1.073509320444e+06, 3.955468909995e+02, 8.200272024836e-02, 1.145836371196e+06, 3.709440974828e+02
 1DIAGNOSTIC,    17, -9.207104590237e-01, 3.496873546200e-04, 5.2939e+02, 2.4645e+01,    16, 1.075229014539e+01, 1.062218554988e+01, 1.077006698678e+01, 5.788076127455e-02, 1.073396047327e+06, 4.040951056378e+02, 8.231939398819e-02, 1.143710173235e+06, 3.555757377628e+02
 1DIAGNOSTIC,    18, -9.212352216290e-01, 2.915842707905e-04, 5.5349e+02, 2.4106e+01,    16, 1.066355877376e+01, 1.069785160318e+01, 1.077006698678e+01, 5.747394829852e-02, 1.073880006046e+06, 4.134799960856e+02, 7.293388404109e-02, 1.143702670062e+06, 3.414527644017e+02
 1DIAGNOSTIC,    19, -9.216002002376e-01, 2.427219154416e-04, 5.7766e+02, 2.4171e+01,    16, 1.062115183150e+01, 1.071054140825e+01, 1.077006698678e+01, 6.400554156225e-02, 1.074654457501e+06, 4.274361175079e+02, 6.437417402001e-02, 1.140933932070e+06, 3.319754077230e+02
 1DIAGNOSTIC,    20, -9.221166354868e-01, 2.048752720860e-04, 6.0201e+02, 2.4344e+01,    16, 1.050936843728e+01, 1.065840169835e+01, 1.075229014539e+01, 4.702360895014e-02, 1.075439460522e+06, 4.233732003242e+02, 6.640668807065e-02, 1.138528109566e+06, 3.227950859221e+02
 1DIAGNOSTIC,    21, -9.224267658699e-01, 1.736753077546e-04, 6.2600e+02, 2.3990e+01,    16, 1.051055410559e+01, 1.061138465870e+01, 1.075229014539e+01, 5.973322682566e-02, 1.076141114859e+06, 4.116552894188e+02, 5.505085482627e-02, 1.136116737982e+06, 3.161867097294e+02
 1DIAGNOSTIC,    22, -9.226996776800e-01, 1.482724012794e-04, 6.5000e+02, 2.4007e+01,    16, 1.039093290807e+01, 1.053911321124e+01, 1.066355877376e+01, 5.463849007441e-02, 1.076778568921e+06, 4.019183591270e+02, 4.923874554857e-02, 1.133706910155e+06, 3.111361171509e+02
 1DIAGNOSTIC,    23, -9.229431546817e-01, 1.254204562135e-04, 6.7436e+02, 2.4355e+01,    16, 1.026983254292e+01, 1.046036796507e+01, 1.062115183150e+01, 4.901642874559e-02, 1.077374205575e+06, 3.942349638437e+02, 4.497233200705e-02, 1.131311802004e+06, 3.072105241983e+02
 1DIAGNOSTIC,    24, -9.231650933549e-01, 1.055815670224e-04, 6.9878e+02, 2.4421e+01,    16, 1.015363500725e+01, 1.036686460022e+01, 1.051055410559e+01, 4.458809676368e-02, 1.077943418689e+06, 3.881345259394e+02, 4.113065174886e-02, 1.128945384404e+06, 3.043837295971e+02
 1DIAGNOSTIC,    25, -9.233725604008e-01, 9.044612009320e-05, 7.2278e+02, 2.3997e+01,    16, 9.963287537433e+00, 1.025764842025e+01, 1.051055410559e+01, 4.081105836462e-02, 1.078501041501e+06, 3.834111898685e+02, 3.414758672775e-02, 1.128820514596e+06, 3.025074112817e+02
 1DIAGNOSTIC,    26, -9.235673560212e-01, 7.591911785614e-05, 7.4676e+02, 2.3987e+01,    16, 9.955418429092e+00, 1.014662128495e+01, 1.039093290807e+01, 3.745357023489e-02, 1.079060627674e+06, 3.800004503740e+02, 3.602662748809e-02, 1.126063418611e+06, 3.015123554364e+02
 1DIAGNOSTIC,    27, -9.239082792893e-01, 6.623599958673e-05, 7.7078e+02, 2.4011e+01,    16, 9.979764990568e+00, 1.006438770145e+01, 1.026983254292e+01, 4.016406468799e-02, 1.079606770006e+06, 3.768555837365e+02, 3.475559446601e-02, 1.125993151022e+06, 3.011684583032e+02
 1DIAGNOSTIC,    28, -9.240698846985e-01, 5.862143187726e-05, 7.9497e+02, 2.4196e+01,    10, 9.913645895279e+00, 9.993150371924e+00, 1.015363500725e+01, 3.657914043310e-02, 1.080151304492e+06, 3.736034539542e+02, 3.446608088095e-02, 1.123315722725e+06, 3.018301435942e+02
 1DIAGNOSTIC,    29, -9.243809648750e-01, 5.324025489205e-05, 8.1985e+02, 2.4878e+01,    10, 1.006078884245e+01, 9.974581138965e+00, 1.006078884245e+01, 3.990066085384e-02, 1.080674689208e+06, 3.702897567581e+02, 3.828535013954e-02, 1.121100848191e+06, 3.007649366996e+02
 1DIAGNOSTIC,    30, -9.245134346911e-01, 4.991655193214e-05, 8.4442e+02, 2.4567e+01,    10, 9.833826575854e+00, 9.948688946649e+00, 1.006078884245e+01, 3.250574474883e-02, 1.081229849899e+06, 3.693888914450e+02, 3.385741014818e-02, 1.118948585770e+06, 2.999932479633e+02
 1DIAGNOSTIC,    31, -9.246417316712e-01, 4.653048493444e-05, 8.6890e+02, 2.4489e+01,    10, 9.794040444886e+00, 9.916413349808e+00, 1.006078884245e+01, 3.167929269853e-02, 1.081832421281e+06, 3.697334194306e+02, 3.299756162982e-02, 1.116862073611e+06, 3.003174259079e+02
 1DIAGNOSTIC,    32, -9.247703626411e-01, 4.288812355819e-05, 8.9325e+02, 2.4341e+01,    10, 9.809894156799e+00, 9.882439183054e+00, 1.006078884245e+01, 3.220576902626e-02, 1.082495505325e+06, 3.711765685508e+02, 3.348886949348e-02, 1.114850774491e+06, 3.014188998853e+02
 1DIAGNOSTIC,    33, -9.249027612305e-01, 3.897062493668e-05, 9.1780e+02, 2.4552e+01,    10, 9.880827585966e+00, 9.875875521192e+00, 1.006078884245e+01, 3.430814279047e-02, 1.083235239484e+06, 3.738887362695e+02, 3.526720844500e-02, 1.112925763790e+06, 3.033992975084e+02
 1DIAGNOSTIC,    34, -9.250406771798e-01, 3.491584626762e-05, 9.4198e+02, 2.4180e+01,    10, 9.977249607051e+00, 9.859167674111e+00, 9.977249607051e+00, 3.723919023417e-02, 1.084064080724e+06, 3.777175869290e+02, 3.794781188050e-02, 1.111097053921e+06, 3.062024877766e+02
 1DIAGNOSTIC,    35, -9.251857921265e-01, 3.096056093320e-05, 9.6669e+02, 2.4717e+01,    10, 1.008458349705e+01, 9.909319058350e+00, 1.008458349705e+01, 4.057405853601e-02, 1.084992441360e+06, 3.825472638127e+02, 4.144321451050e-02, 1.109374391227e+06, 3.098339211051e+02
 1DIAGNOSTIC,    36, -9.253418679923e-01, 2.733421168180e-05, 9.9133e+02, 2.4634e+01,    10, 1.018441125588e+01, 9.987393220550e+00, 1.018441125588e+01, 4.402410910567e-02, 1.086028994187e+06, 3.882881121033e+02, 4.516012636689e-02, 1.107766150958e+06, 3.142214104853e+02
 1DIAGNOSTIC,    37, -9.255076532520e-01, 2.560887957590e-05, 1.0152e+03, 2.3921e+01,    16, 1.027243375475e+01, 1.007990114014e+01, 1.027243375475e+01, 4.752893224523e-02, 1.087181847476e+06, 3.949016862543e+02, 4.885177437139e-02, 1.106279304195e+06, 3.193006440887e+02
 1DIAGNOSTIC,    38, -9.256829521993e-01, 2.428980605449e-05, 1.0397e+03, 2.4448e+01,    16, 1.039231994558e+01, 1.018219961206e+01, 1.039231994558e+01, 5.249594079199e-02, 1.088464553189e+06, 4.027425164089e+02, 5.425219183331e-02, 1.104925281138e+06, 3.253748683707e+02
 1DIAGNOSTIC,    39, -9.258725703298e-01, 2.474542179287e-05, 1.0641e+03, 2.4420e+01,    16, 1.051252545542e+01, 1.028925478174e+01, 1.051252545542e+01, 5.837847289571e-02, 1.089893331975e+06, 4.120241907272e+02, 6.026353063780e-02, 1.103717270527e+06, 3.325337567420e+02
 1DIAGNOSTIC,    40, -9.260766281751e-01, 2.546752790784e-05, 1.0884e+03, 2.4263e+01,    16, 1.058750571446e+01, 1.038983922522e+01, 1.058750571446e+01, 6.307321380670e-02, 1.091479473554e+06, 4.225013355701e+02, 6.498656333966e-02, 1.102663968862e+06, 3.405622189797e+02
 1DIAGNOSTIC,    41, -9.262994117204e-01, 2.641627820055e-05, 1.1125e+03, 2.4162e+01,    16, 1.068665467046e+01, 1.049028790814e+01, 1.068665467046e+01, 6.925161697150e-02, 1.093240543104e+06, 4.345979607665e+02, 7.166949582083e-02, 1.101779532127e+06, 3.498460802935e+02
 1DIAGNOSTIC,    42, -9.265380951198e-01, 2.754235502013e-05, 1.1365e+03, 2.3916e+01,    16, 1.078741448809e+01, 1.059328405480e+01, 1.078741448809e+01, 7.248473185320e-02, 1.094793387698e+06, 4.224812135082e+02, 7.892040054904e-02, 1.101080226186e+06, 3.605550497583e+02
 1DIAGNOSTIC,    43, -9.267650307154e-01, 2.860679856533e-05, 1.1607e+03, 2.4237e+01,    16, 1.110904460257e+01, 1.073662898620e+01, 1.110904460257e+01, 1.077556837712e-01, 1.096044215074e+06, 4.040690169881e+02, 8.242572818471e-02, 1.100577313227e+06, 3.723133508602e+02
 1DIAGNOSTIC,    44, -9.269730794249e-01, 2.936059653777e-05, 1.1849e+03, 2.4174e+01,    16, 1.090751288608e+01, 1.081562647233e+01, 1.110904460257e+01, 8.861722665351e-02, 1.097070993808e+06, 3.901475598521e+02, 7.554998960221e-02, 1.100252178459e+06, 3.832633697863e+02
 1DIAGNOSTIC,    45, -9.271674256463e-01, 2.964691756534e-05, 1.2089e+03, 2.4017e+01,    16, 1.071498852554e+01, 1.084112303455e+01, 1.110904460257e+01, 6.981099936002e-02, 1.097942543265e+06, 3.802014783416e+02, 7.392028590038e-02, 1.100101588648e+06, 3.942841545930e+02
 1DIAGNOSTIC,    46, -9.273524838915e-01, 2.941482343896e-05, 1.2330e+03, 2.4119e+01,    16, 1.050504333524e+01, 1.080480076750e+01, 1.110904460257e+01, 5.112655257940e-02, 1.098725830434e+06, 3.741255162132e+02, 7.468181108208e-02, 1.100128922666e+06, 4.057984505028e+02
 1DIAGNOSTIC,    47, -9.275377975818e-01, 2.872080085605e-05, 1.2570e+03, 2.4004e+01,    16, 1.033826586757e+01, 1.071497104340e+01, 1.110904460257e+01, 3.746466831522e-02, 1.099480837497e+06, 3.715735735854e+02, 7.724258800094e-02, 1.100342433885e+06, 4.181510102680e+02
 1DIAGNOSTIC,    48, -9.277266255290e-01, 2.768343163816e-05, 1.2811e+03, 2.4127e+01,    16, 1.029847619138e+01, 1.055285736116e+01, 1.090751288608e+01, 3.433995799492e-02, 1.100263212389e+06, 3.724162436268e+02, 7.999788794282e-02, 1.100750165595e+06, 4.314046202991e+02
 1DIAGNOSTIC,    49, -9.279232823427e-01, 2.650659736421e-05, 1.3052e+03, 2.4100e+01,    16, 1.044988063114e+01, 1.046133091017e+01, 1.071498852554e+01, 4.599113955587e-02, 1.101133679604e+06, 3.770837789099e+02, 8.298308412645e-02, 1.101360654034e+06, 4.456438710796e+02
 1DIAGNOSTIC,    50, -9.281378380061e-01, 2.545432409954e-05, 1.3300e+03, 2.4730e+01,    16, 1.043314672458e+01, 1.040496254998e+01, 1.050504333524e+01, 4.391127025975e-02, 1.102072529861e+06, 3.809827600888e+02, 8.722072963392e-02, 1.102186478245e+06, 4.611881509818e+02
XXDIAGNOSTIC,Iteration,metricValue,convergenceValue,ITERATION_TIME_INDEX,SINCE_LAST,VPREC_PRECISION,PMIN_ESTIMATE,PMIN_ESTIMATE_ROLLING_AVG,PMIN_ESTIMATE_ROLLING_MAX,M_LIPSCHITZ,M_PARAMS_NORM,M_GRAD_NORM,F_LIPSCHITZ,F_PARAMS_NORM,F_GRAD_NORM
 1DIAGNOSTIC,     1, -8.826994868655e-01, 1.797693134862e+308, 1.5654e+03, 2.3547e+02,    16, 1.043314672458e+01, 1.040496254998e+01, 1.050504333524e+01, 4.391127025975e-02, 1.102072529861e+06, 3.809827600888e+02, 8.722072963392e-02, 1.102186478245e+06, 4.611881509818e+02
 1DIAGNOSTIC,     2, -8.838582842899e-01, 1.797693134862e+308, 1.8047e+03, 2.3930e+02,    16, 1.320660754262e+01, 1.094527539146e+01, 1.320660754262e+01, 9.113189390636e-02, 8.748525739986e+06, 5.451098396405e+02, 6.053877257690e-02, 8.741030103245e+06, 6.366520749825e+02
 1DIAGNOSTIC,     3, -8.854633492953e-01, 1.797693134862e+308, 2.0322e+03, 2.2743e+02,    16, 1.317858882663e+01, 1.151333998327e+01, 1.320660754262e+01, 9.549531844113e-02, 8.745514275245e+06, 5.941184863387e+02, 6.278923677759e-02, 8.736953075111e+06, 6.500301043628e+02
 1DIAGNOSTIC,     4, -8.869106086489e-01, 1.797693134862e+308, 2.2559e+03, 2.2376e+02,    16, 1.290680639242e+01, 1.203500602348e+01, 1.320660754262e+01, 5.841431940135e-02, 8.747341752815e+06, 5.794571182096e+02, 7.714830082931e-02, 8.734187257662e+06, 6.864840289828e+02
 1DIAGNOSTIC,     5, -8.882808622682e-01, 1.797693134862e+308, 2.4804e+03, 2.2449e+02,    16, 1.312517523947e+01, 1.257006494514e+01, 1.320660754262e+01, 7.495333135533e-02, 8.748345478900e+06, 5.493545133506e+02, 8.264278290480e-02, 8.733013330870e+06, 7.407850400851e+02
 1DIAGNOSTIC,     6, -8.897136084340e-01, 1.797693134862e+308, 2.7027e+03, 2.2225e+02,    16, 1.301430067037e+01, 1.308629573430e+01, 1.320660754262e+01, 7.570366957440e-02, 8.749310933735e+06, 5.260989337686e+02, 6.582985000562e-02, 8.733050234017e+06, 7.680422803484e+02
 1DIAGNOSTIC,     7, -8.910545500755e-01, 1.797693134862e+308, 2.9246e+03, 2.2195e+02,    16, 1.315121896061e+01, 1.307521801790e+01, 1.317858882663e+01, 7.453530824643e-02, 8.750216285313e+06, 5.045293129299e+02, 7.638637684752e-02, 8.732812798120e+06, 7.292916467404e+02
 1DIAGNOSTIC,     8, -8.922467185027e-01, 1.797693134862e+308, 3.1454e+03, 2.2079e+02,    16, 1.306997592778e+01, 1.305349543813e+01, 1.315121896061e+01, 6.494256917436e-02, 8.751155677006e+06, 4.902979449154e+02, 7.465544770097e-02, 8.732323992921e+06, 7.029776926853e+02
 1DIAGNOSTIC,     9, -8.932609408844e-01, 1.797693134862e+308, 3.3671e+03, 2.2171e+02,    16, 1.271685521567e+01, 1.301550520278e+01, 1.315121896061e+01, 5.057782923642e-02, 8.752318225688e+06, 4.866247416265e+02, 5.735142872998e-02, 8.731915372016e+06, 6.918711104973e+02
 1DIAGNOSTIC,    10, -8.942013938112e-01, 8.553966338941e-04, 3.5875e+03, 2.2042e+02,    16, 1.255150059785e+01, 1.290077027445e+01, 1.315121896061e+01, 4.910081192055e-02, 8.753866449402e+06, 4.909849703884e+02, 4.601903285730e-02, 8.736879889959e+06, 6.918076636999e+02
 1DIAGNOSTIC,    11, -8.950816610291e-01, 7.404867047984e-04, 3.8109e+03, 2.2333e+02,    16, 1.273454605255e+01, 1.284481935089e+01, 1.315121896061e+01, 6.041324931874e-02, 8.751162422540e+06, 5.029328366064e+02, 4.837121913533e-02, 8.741425881339e+06, 7.018621196347e+02
 1DIAGNOSTIC,    12, -8.960473082625e-01, 6.342710677659e-04, 4.0340e+03, 2.2317e+02,    16, 1.295733190669e+01, 1.280604194011e+01, 1.306997592778e+01, 7.312961998068e-02, 8.750154772260e+06, 5.231813384625e+02, 5.838850915659e-02, 8.746552429715e+06, 7.226512440462e+02
 1DIAGNOSTIC,    13, -8.969075719527e-01, 5.472024804224e-04, 4.2561e+03, 2.2204e+02,    16, 1.298136126211e+01, 1.278831900697e+01, 1.298136126211e+01, 8.338441044529e-02, 8.750064200452e+06, 5.514762826535e+02, 5.307205280440e-02, 8.746472331754e+06, 7.262449689111e+02
 1DIAGNOSTIC,    14, -8.977394408831e-01, 4.745605167165e-04, 4.4798e+03, 2.2376e+02,    16, 1.291500175424e+01, 1.282794831469e+01, 1.298136126211e+01, 8.661014272292e-02, 8.750901668300e+06, 5.829371148002e+02, 4.695610379023e-02, 8.752717120860e+06, 7.162439379413e+02
 1DIAGNOSTIC,    15, -8.984339509160e-01, 4.118882974772e-04, 4.7021e+03, 2.2225e+02,    16, 1.235446844677e+01, 1.278854188447e+01, 1.298136126211e+01, 4.511252793392e-02, 8.751961707252e+06, 5.855484948476e+02, 4.859152041497e-02, 8.752638044793e+06, 7.131420643317e+02
 1DIAGNOSTIC,    16, -8.991873258851e-01, 3.625647051767e-04, 4.9247e+03, 2.2266e+02,    16, 1.242912866167e+01, 1.272745840629e+01, 1.298136126211e+01, 4.888891823309e-02, 8.753259294105e+06, 5.898428155858e+02, 4.999480636979e-02, 8.753716134191e+06, 7.143548295456e+02
 1DIAGNOSTIC,    17, -8.997991355844e-01, 3.219361327278e-04, 5.1494e+03, 2.2472e+02,    16, 1.232668345346e+01, 1.260132871565e+01, 1.298136126211e+01, 4.562129139090e-02, 8.754863953960e+06, 5.973458963335e+02, 4.774179521516e-02, 8.755125523131e+06, 7.234286108206e+02
 1DIAGNOSTIC,    18, -9.003936258939e-01, 2.875051927154e-04, 5.3732e+03, 2.2370e+02,    16, 1.234805463043e+01, 1.247466738931e+01, 1.291500175424e+01, 4.687653247243e-02, 8.756802161555e+06, 6.067045423644e+02, 4.939764140926e-02, 8.756876331065e+06, 7.351166412762e+02
 1DIAGNOSTIC,    19, -9.009806071628e-01, 2.567680455729e-04, 5.5953e+03, 2.2215e+02,    16, 1.239004465863e+01, 1.236967597019e+01, 1.242912866167e+01, 4.812401709682e-02, 8.759089458543e+06, 6.174333508938e+02, 5.310260325445e-02, 8.759033775546e+06, 7.505910261553e+02
 1DIAGNOSTIC,    20, -9.015546264529e-01, 2.292425213909e-04, 5.8195e+03, 2.2421e+02,    16, 1.226053399430e+01, 1.235088907970e+01, 1.242912866167e+01, 4.972376844198e-02, 8.761743606825e+06, 6.295629581713e+02, 4.283865001279e-02, 8.761289121258e+06, 7.528306471307e+02
  Elapsed time (stage 2): 5821.31974387


Total elapsed time: 6010.97118807
