Info [verificarlo]: loaded backend libinterflop_ieee.so
Info [interflop-ieee]: load backend with:
Info [interflop-ieee]: debug = false
Info [interflop-ieee]: debug-binary = false
Info [interflop-ieee]: no-backend-name = false
Info [interflop-ieee]: print-new-line = false
Info [interflop-ieee]: print-subnormal-normalized = false
Info [interflop-ieee]: count-op = false
All_Command_lines_OK
Using double precision for computations.
=============================================================================
The composite transform comprises the following transforms (in order): 
  1. Center of mass alignment using fixed image: /templateflow/tpl-MNI152NLin2009cAsym/tpl-MNI152NLin2009cAsym_res-01_desc-brain_T1w.nii.gz and moving image: /mnt/lustre/mathdugre/ants-amp/datasets/corr/RawDataBIDS/BMB_1/derivatives/antsBrainExtraction/sub-0003051/BrainExtractionBrain.nii.gz (type = Euler3DTransform)
=============================================================================
  number of levels = 4
  number of levels = 4
  number of levels = 4
  fixed image: /templateflow/tpl-MNI152NLin2009cAsym/tpl-MNI152NLin2009cAsym_res-01_desc-brain_T1w.nii.gz
  moving image: /mnt/lustre/mathdugre/ants-amp/datasets/corr/RawDataBIDS/BMB_1/derivatives/antsBrainExtraction/sub-0003051/BrainExtractionBrain.nii.gz
  fixed image: /templateflow/tpl-MNI152NLin2009cAsym/tpl-MNI152NLin2009cAsym_res-01_desc-brain_T1w.nii.gz
  moving image: /mnt/lustre/mathdugre/ants-amp/datasets/corr/RawDataBIDS/BMB_1/derivatives/antsBrainExtraction/sub-0003051/BrainExtractionBrain.nii.gz
  fixed image: /templateflow/tpl-MNI152NLin2009cAsym/tpl-MNI152NLin2009cAsym_res-01_desc-brain_T1w.nii.gz
  moving image: /mnt/lustre/mathdugre/ants-amp/datasets/corr/RawDataBIDS/BMB_1/derivatives/antsBrainExtraction/sub-0003051/BrainExtractionBrain.nii.gz
Dimension = 3
Number of stages = 3
Use histogram matching = false
Winsorize image intensities = true
  Lower quantile = 0.005
  Upper quantile = 0.995


Stage 1 State
   Image metric = MattesMI
     Fixed image = Image (0x51c4470)
  RTTI typeinfo:   itk::Image<double, 3u>
  Reference Count: 2
  Modified Time: 2368
  Debug: Off
  Object Name: 
  Observers: 
    none
  Source: (none)
  Source output name: (none)
  Release Data: Off
  Data Released: False
  Global Release Data: Off
  PipelineMTime: 0
  UpdateMTime: 1979
  RealTimeStamp: 0 seconds 
  LargestPossibleRegion: 
    Dimension: 3
    Index: [0, 0, 0]
    Size: [193, 229, 193]
  BufferedRegion: 
    Dimension: 3
    Index: [0, 0, 0]
    Size: [193, 229, 193]
  RequestedRegion: 
    Dimension: 3
    Index: [0, 0, 0]
    Size: [193, 229, 193]
  Spacing: [1, 1, 1]
  Origin: [96, 132, -78]
  Direction: 
-1 0 0
0 -1 0
0 0 1

  IndexToPointMatrix: 
-1 0 0
0 -1 0
0 0 1

  PointToIndexMatrix: 
-1 0 0
0 -1 0
0 0 1

  Inverse Direction: 
-1 0 0
0 -1 0
0 0 1

  PixelContainer: 
    ImportImageContainer (0x520ffc0)
      RTTI typeinfo:   itk::ImportImageContainer<unsigned long, double>
      Reference Count: 1
      Modified Time: 1976
      Debug: Off
      Object Name: 
      Observers: 
        none
      Pointer: 0x7f9e0548f010
      Container manages memory: true
      Size: 8530021
      Capacity: 8530021

     Moving image = Image (0x51cec00)
  RTTI typeinfo:   itk::Image<double, 3u>
  Reference Count: 2
  Modified Time: 2369
  Debug: Off
  Object Name: 
  Observers: 
    none
  Source: (none)
  Source output name: (none)
  Release Data: Off
  Data Released: False
  Global Release Data: Off
  PipelineMTime: 0
  UpdateMTime: 2366
  RealTimeStamp: 0 seconds 
  LargestPossibleRegion: 
    Dimension: 3
    Index: [0, 0, 0]
    Size: [176, 256, 256]
  BufferedRegion: 
    Dimension: 3
    Index: [0, 0, 0]
    Size: [176, 256, 256]
  RequestedRegion: 
    Dimension: 3
    Index: [0, 0, 0]
    Size: [176, 256, 256]
  Spacing: [1, 1, 1]
  Origin: [-88.8452, 91.7534, -119.169]
  Direction: 
1 0 0
0 -1 0
0 0 1

  IndexToPointMatrix: 
1 0 0
0 -1 0
0 0 1

  PointToIndexMatrix: 
1 0 0
0 -1 0
0 0 1

  Inverse Direction: 
1 0 0
0 -1 0
0 0 1

  PixelContainer: 
    ImportImageContainer (0x52f1f10)
      RTTI typeinfo:   itk::ImportImageContainer<unsigned long, double>
      Reference Count: 1
      Modified Time: 2363
      Debug: Off
      Object Name: 
      Observers: 
        none
      Pointer: 0x7f9dffc8e010
      Container manages memory: true
      Size: 11534336
      Capacity: 11534336

     Weighting = 1
     Sampling strategy = regular
     Number of bins = 32
     Radius = 4
     Sampling percentage  = 0.25
   Transform = Rigid
     Gradient step = 0.1
     Update field sigma (voxel space) = 0
     Total field sigma (voxel space) = 0
     Update field time sigma = 0
     Total field time sigma  = 0
     Number of time indices = 0
     Number of time point samples = 0
Stage 2 State
   Image metric = MattesMI
     Fixed image = Image (0x522e010)
  RTTI typeinfo:   itk::Image<double, 3u>
  Reference Count: 2
  Modified Time: 3144
  Debug: Off
  Object Name: 
  Observers: 
    none
  Source: (none)
  Source output name: (none)
  Release Data: Off
  Data Released: False
  Global Release Data: Off
  PipelineMTime: 0
  UpdateMTime: 2755
  RealTimeStamp: 0 seconds 
  LargestPossibleRegion: 
    Dimension: 3
    Index: [0, 0, 0]
    Size: [193, 229, 193]
  BufferedRegion: 
    Dimension: 3
    Index: [0, 0, 0]
    Size: [193, 229, 193]
  RequestedRegion: 
    Dimension: 3
    Index: [0, 0, 0]
    Size: [193, 229, 193]
  Spacing: [1, 1, 1]
  Origin: [96, 132, -78]
  Direction: 
-1 0 0
0 -1 0
0 0 1

  IndexToPointMatrix: 
-1 0 0
0 -1 0
0 0 1

  PointToIndexMatrix: 
-1 0 0
0 -1 0
0 0 1

  Inverse Direction: 
-1 0 0
0 -1 0
0 0 1

  PixelContainer: 
    ImportImageContainer (0x5314700)
      RTTI typeinfo:   itk::ImportImageContainer<unsigned long, double>
      Reference Count: 1
      Modified Time: 2752
      Debug: Off
      Object Name: 
      Observers: 
        none
      Pointer: 0x7f9dfbb79010
      Container manages memory: true
      Size: 8530021
      Capacity: 8530021

     Moving image = Image (0x521e670)
  RTTI typeinfo:   itk::Image<double, 3u>
  Reference Count: 2
  Modified Time: 3145
  Debug: Off
  Object Name: 
  Observers: 
    none
  Source: (none)
  Source output name: (none)
  Release Data: Off
  Data Released: False
  Global Release Data: Off
  PipelineMTime: 0
  UpdateMTime: 3142
  RealTimeStamp: 0 seconds 
  LargestPossibleRegion: 
    Dimension: 3
    Index: [0, 0, 0]
    Size: [176, 256, 256]
  BufferedRegion: 
    Dimension: 3
    Index: [0, 0, 0]
    Size: [176, 256, 256]
  RequestedRegion: 
    Dimension: 3
    Index: [0, 0, 0]
    Size: [176, 256, 256]
  Spacing: [1, 1, 1]
  Origin: [-88.8452, 91.7534, -119.169]
  Direction: 
1 0 0
0 -1 0
0 0 1

  IndexToPointMatrix: 
1 0 0
0 -1 0
0 0 1

  PointToIndexMatrix: 
1 0 0
0 -1 0
0 0 1

  Inverse Direction: 
1 0 0
0 -1 0
0 0 1

  PixelContainer: 
    ImportImageContainer (0x5397210)
      RTTI typeinfo:   itk::ImportImageContainer<unsigned long, double>
      Reference Count: 1
      Modified Time: 3139
      Debug: Off
      Object Name: 
      Observers: 
        none
      Pointer: 0x7f9df6378010
      Container manages memory: true
      Size: 11534336
      Capacity: 11534336

     Weighting = 1
     Sampling strategy = regular
     Number of bins = 32
     Radius = 4
     Sampling percentage  = 0.25
   Transform = Affine
     Gradient step = 0.1
     Update field sigma (voxel space) = 0
     Total field sigma (voxel space) = 0
     Update field time sigma = 0
     Total field time sigma  = 0
     Number of time indices = 0
     Number of time point samples = 0
Stage 3 State
   Image metric = CC
     Fixed image = Image (0x53161a0)
  RTTI typeinfo:   itk::Image<double, 3u>
  Reference Count: 2
  Modified Time: 3920
  Debug: Off
  Object Name: 
  Observers: 
    none
  Source: (none)
  Source output name: (none)
  Release Data: Off
  Data Released: False
  Global Release Data: Off
  PipelineMTime: 0
  UpdateMTime: 3531
  RealTimeStamp: 0 seconds 
  LargestPossibleRegion: 
    Dimension: 3
    Index: [0, 0, 0]
    Size: [193, 229, 193]
  BufferedRegion: 
    Dimension: 3
    Index: [0, 0, 0]
    Size: [193, 229, 193]
  RequestedRegion: 
    Dimension: 3
    Index: [0, 0, 0]
    Size: [193, 229, 193]
  Spacing: [1, 1, 1]
  Origin: [96, 132, -78]
  Direction: 
-1 0 0
0 -1 0
0 0 1

  IndexToPointMatrix: 
-1 0 0
0 -1 0
0 0 1

  PointToIndexMatrix: 
-1 0 0
0 -1 0
0 0 1

  Inverse Direction: 
-1 0 0
0 -1 0
0 0 1

  PixelContainer: 
    ImportImageContainer (0x5315900)
      RTTI typeinfo:   itk::ImportImageContainer<unsigned long, double>
      Reference Count: 1
      Modified Time: 3528
      Debug: Off
      Object Name: 
      Observers: 
        none
      Pointer: 0x7f9df2263010
      Container manages memory: true
      Size: 8530021
      Capacity: 8530021

     Moving image = Image (0x5315b30)
  RTTI typeinfo:   itk::Image<double, 3u>
  Reference Count: 2
  Modified Time: 3921
  Debug: Off
  Object Name: 
  Observers: 
    none
  Source: (none)
  Source output name: (none)
  Release Data: Off
  Data Released: False
  Global Release Data: Off
  PipelineMTime: 0
  UpdateMTime: 3918
  RealTimeStamp: 0 seconds 
  LargestPossibleRegion: 
    Dimension: 3
    Index: [0, 0, 0]
    Size: [176, 256, 256]
  BufferedRegion: 
    Dimension: 3
    Index: [0, 0, 0]
    Size: [176, 256, 256]
  RequestedRegion: 
    Dimension: 3
    Index: [0, 0, 0]
    Size: [176, 256, 256]
  Spacing: [1, 1, 1]
  Origin: [-88.8452, 91.7534, -119.169]
  Direction: 
1 0 0
0 -1 0
0 0 1

  IndexToPointMatrix: 
1 0 0
0 -1 0
0 0 1

  PointToIndexMatrix: 
1 0 0
0 -1 0
0 0 1

  Inverse Direction: 
1 0 0
0 -1 0
0 0 1

  PixelContainer: 
    ImportImageContainer (0x52b1ed0)
      RTTI typeinfo:   itk::ImportImageContainer<unsigned long, double>
      Reference Count: 1
      Modified Time: 3915
      Debug: Off
      Object Name: 
      Observers: 
        none
      Pointer: 0x7f9deca62010
      Container manages memory: true
      Size: 11534336
      Capacity: 11534336

     Weighting = 1
     Sampling strategy = none
     Number of bins = 32
     Radius = 4
     Sampling percentage  = 1
   Transform = SyN
     Gradient step = 0.1
     Update field sigma (voxel space) = 3
     Total field sigma (voxel space) = 0
     Update field time sigma = 0
     Total field time sigma  = 0
     Number of time indices = 0
     Number of time point samples = 0
Registration using 3 total stages.

Stage 0
  iterations = 1000x500x250x100
  convergence threshold = 1e-06
  convergence window size = 10
  number of levels = 4
  using the Mattes MI metric (number of bins = 32, weight = 1, use gradient filter = 0)
  preprocessing:  winsorizing the image intensities
  Shrink factors (level 1 out of 4): [8, 8, 8]
  Shrink factors (level 2 out of 4): [4, 4, 4]
  Shrink factors (level 3 out of 4): [2, 2, 2]
  Shrink factors (level 4 out of 4): [1, 1, 1]
  smoothing sigmas per level: [3, 2, 1, 0]
  regular sampling (percentage = 0.25)

*** Running Euler3DTransform registration ***

DIAGNOSTIC,Iteration,metricValue,convergenceValue,ITERATION_TIME_INDEX,SINCE_LAST,VPREC_PRECISION,PMIN_ESTIMATE,PMIN_ESTIMATE_ROLLING_AVG,PMIN_ESTIMATE_ROLLING_MAX,LIPSCHITZ,PARAMS_NORM,GRAD_NORM
 2DIAGNOSTIC,     1, -6.802928841496e-01, 1.797693134862e+308, 2.8012e+00, 2.8012e+00,     8, 2.955722746626e+00, 2.955722746626e+00, 2.955722746626e+00, 9.412279974932e-01, 1.158229822076e-01, 1.158229822076e-01, 
 2DIAGNOSTIC,     2, -6.822679431723e-01, 1.797693134862e+308, 2.8137e+00, 1.2426e-02,     8, 3.568067807601e+00, 3.261895277113e+00, 3.568067807601e+00, 9.685138058444e-01, 3.538231427586e-01, 2.381567984198e-01, 
 2DIAGNOSTIC,     3, -6.859764585818e-01, 1.797693134862e+308, 2.8255e+00, 1.1814e-02,     8, 4.012683373654e+00, 3.512157975960e+00, 4.012683373654e+00, 9.794462057203e-01, 7.020997397552e-01, 3.511621587423e-01, 
 2DIAGNOSTIC,     4, -6.908948624810e-01, 1.797693134862e+308, 2.8371e+00, 1.1583e-02,     8, 6.531933302366e+00, 4.267101807562e+00, 6.531933302366e+00, 9.878450615531e-01, 7.613572748874e-01, 6.699399086886e-02, 
 2DIAGNOSTIC,     5, -6.929035933703e-01, 1.797693134862e+308, 2.8496e+00, 1.2506e-02,     8, 5.188052498331e+00, 4.451291945715e+00, 6.531933302366e+00, 9.977236958403e-01, 8.610267030540e-01, 1.942378466092e-01, 
 2DIAGNOSTIC,     6, -6.986389607962e-01, 1.797693134862e+308, 2.8616e+00, 1.2066e-02,     8, 3.837048877563e+00, 4.627557171903e+00, 6.531933302366e+00, 9.993246157292e-01, 1.287186085939e+00, 7.419036083046e-01, 
 2DIAGNOSTIC,     7, -7.074846873920e-01, 1.797693134862e+308, 2.8793e+00, 1.7661e-02,     8, 5.405483702088e+00, 4.995040350800e+00, 6.531933302366e+00, 9.721212556403e-01, 1.097289942001e+00, 2.074414171401e-01, 
 2DIAGNOSTIC,     8, -7.077876082409e-01, 1.797693134862e+308, 2.8930e+00, 1.3737e-02,     8, 6.500621034708e+00, 5.492627883011e+00, 6.531933302366e+00, 9.683902284099e-01, 1.008955299551e+00, 8.894197541142e-02, 
 2DIAGNOSTIC,     9, -7.078566042596e-01, 1.797693134862e+308, 2.9053e+00, 1.2288e-02,     8, 5.691324032690e+00, 5.324506029076e+00, 6.500621034708e+00, 9.815426131321e-01, 8.887471133907e-01, 1.391536113693e-01, 
 2DIAGNOSTIC,    10, -7.080233301982e-01, 3.027762132974e-03, 2.9197e+00, 1.4366e-02,     8, 4.169983527608e+00, 5.120892234931e+00, 6.500621034708e+00, 9.895544427870e-01, 6.725966514730e-01, 3.047688940727e-01, 
 2DIAGNOSTIC,    11, -7.087545328795e-01, 2.450678722005e-03, 2.9345e+00, 1.4858e-02,     8, 4.423827153634e+00, 5.238247890146e+00, 6.500621034708e+00, 9.873055297115e-01, 6.277481202686e-01, 2.380119102754e-01, 
 2DIAGNOSTIC,    12, -7.091189650372e-01, 1.824390680037e-03, 2.9486e+00, 1.4114e-02,     8, 5.117209798882e+00, 5.180593109504e+00, 6.500621034708e+00, 9.922999926433e-01, 6.361934104810e-01, 1.499218316684e-01, 
 2DIAGNOSTIC,    13, -7.094987084815e-01, 1.257420773359e-03, 2.9614e+00, 1.2784e-02,     8, 4.456589564069e+00, 4.771786815376e+00, 5.691324032690e+00, 9.993913468551e-01, 8.639865657998e-01, 3.241468501985e-01, 
 2DIAGNOSTIC,    14, -7.112656911230e-01, 8.570288885049e-04, 2.9763e+00, 1.4896e-02,     8, 4.750614004077e+00, 4.583644809654e+00, 5.117209798882e+00, 9.887085990253e-01, 1.113329521685e+00, 3.370397251920e-01, 
 2DIAGNOSTIC,    15, -7.123961736058e-01, 5.150193918493e-04, 2.9913e+00, 1.4922e-02,     8, 5.809543559291e+00, 4.911556815990e+00, 5.809543559291e+00, 1.006330477742e+00, 1.248792943994e+00, 1.846930520935e-01, 
 2DIAGNOSTIC,    16, -7.124757016313e-01, 3.098685945257e-04, 3.0035e+00, 1.2225e-02,     8, 4.637203105183e+00, 4.954232006300e+00, 5.809543559291e+00, 9.906833767073e-01, 1.207063045277e+00, 3.960900817551e-01, 
 2DIAGNOSTIC,    17, -7.137751796307e-01, 3.429650942649e-04, 3.0164e+00, 1.2880e-02,     8, 5.681718496858e+00, 5.067133745896e+00, 5.809543559291e+00, 9.903437680626e-01, 1.207835246067e+00, 1.920845107444e-01, 
 2DIAGNOSTIC,    18, -7.165403297576e-01, 4.092147970353e-04, 3.0307e+00, 1.4377e-02,     8, 5.511985416807e+00, 5.278212916443e+00, 5.809543559291e+00, 9.916940856453e-01, 1.089549681425e+00, 1.951723015786e-01, 
 2DIAGNOSTIC,    19, -7.169162274239e-01, 4.382286819686e-04, 3.0451e+00, 1.4414e-02,     8, 4.592989083312e+00, 5.246687932290e+00, 5.809543559291e+00, 1.004080704597e+00, 8.654178433202e-01, 2.967791258548e-01, 
 2DIAGNOSTIC,    20, -7.168059924614e-01, 4.250546637238e-04, 3.0647e+00, 1.9516e-02,     8, 6.754146793592e+00, 5.435608579151e+00, 6.754146793592e+00, 9.816050922120e-01, 8.135126418306e-01, 6.097709036890e-02, 
 2DIAGNOSTIC,    21, -7.166208273132e-01, 3.854805142700e-04, 3.0795e+00, 1.4809e-02,     8, 6.835317055779e+00, 5.875231369270e+00, 6.835317055779e+00, 9.393704553879e-01, 8.114223438775e-01, 5.501926245144e-02, 
 2DIAGNOSTIC,    22, -7.165886186085e-01, 3.199377858549e-04, 3.0947e+00, 1.5271e-02,     8, 8.258957656152e+00, 6.390679201128e+00, 8.258957656152e+00, 8.634056950291e-01, 8.146915314380e-01, 1.892694377300e-02, 
 2DIAGNOSTIC,    23, -7.164159000758e-01, 2.324221991990e-04, 3.1094e+00, 1.4656e-02,     8, 8.927698930991e+00, 7.073821903965e+00, 8.927698930991e+00, 7.885203298742e-01, 8.169324106688e-01, 1.090335668123e-02, 
 2DIAGNOSTIC,    24, -7.162163900365e-01, 1.565155399824e-04, 3.1219e+00, 1.2480e-02,     8, 8.428729665478e+00, 7.840970020398e+00, 8.927698930991e+00, 8.749368443528e-01, 8.209151033840e-01, 1.718070042700e-02, 
 2DIAGNOSTIC,    25, -7.161490610748e-01, 9.030651629959e-05, 3.1349e+00, 1.3013e-02,    11, 7.934550113758e+00, 8.077050684432e+00, 8.927698930991e+00, 9.260411514207e-01, 8.280634704874e-01, 2.583584645884e-02, 
 2DIAGNOSTIC,    26, -7.162192211397e-01, 2.323989576096e-05, 3.1472e+00, 1.2326e-02,    11, 7.522569031358e+00, 8.214501079547e+00, 8.927698930991e+00, 9.562628077400e-01, 8.407622917078e-01, 3.604109156560e-02, 
DIAGNOSTIC,Iteration,metricValue,convergenceValue,ITERATION_TIME_INDEX,SINCE_LAST,VPREC_PRECISION,PMIN_ESTIMATE,PMIN_ESTIMATE_ROLLING_AVG,PMIN_ESTIMATE_ROLLING_MAX,LIPSCHITZ,PARAMS_NORM,GRAD_NORM
 2DIAGNOSTIC,     1, -5.981476278483e-01, 1.797693134862e+308, 6.2307e+00, 3.0834e+00,     8, 5.402005875017e+00, 7.643110723320e+00, 8.927698930991e+00, 9.762295840052e-01, 7.567419316579e-01, 1.440125455963e-01, 
 2DIAGNOSTIC,     2, -5.986266672454e-01, 1.797693134862e+308, 6.3416e+00, 1.1097e-01,     8, 5.350620789140e+00, 6.927695094950e+00, 8.428729665478e+00, 9.833429804444e-01, 6.802185270073e-01, 1.351208890423e-01, 
 2DIAGNOSTIC,     3, -5.990307501938e-01, 1.797693134862e+308, 6.4483e+00, 1.0670e-01,     8, 6.685208312789e+00, 6.578990824412e+00, 7.934550113758e+00, 9.860140576687e-01, 6.608455925222e-01, 5.219167604414e-02, 
 2DIAGNOSTIC,     4, -5.990872184661e-01, 1.797693134862e+308, 6.5699e+00, 1.2162e-01,     8, 1.105885170579e+01, 7.203851142818e+00, 1.105885170579e+01, 9.649639290500e-01, 6.615328048098e-01, 2.466509271199e-03, 
 2DIAGNOSTIC,     5, -5.990962955238e-01, 1.797693134862e+308, 6.6778e+00, 1.0786e-01,     8, 1.114967087419e+01, 7.929271511383e+00, 1.114967087419e+01, 9.705822241376e-01, 6.625008528766e-01, 2.332919581490e-03, 
 2DIAGNOSTIC,     6, -5.990959191199e-01, 1.797693134862e+308, 6.7750e+00, 9.7201e-02,    11, 1.071839000276e+01, 8.992548336932e+00, 1.114967087419e+01, 9.826031510296e-01, 6.642877428591e-01, 3.193330463534e-03, 
 2DIAGNOSTIC,     7, -5.991024281113e-01, 1.797693134862e+308, 6.8842e+00, 1.0922e-01,    11, 1.103819728263e+01, 1.013006363563e+01, 1.114967087419e+01, 9.826031510296e-01, 6.662093483060e-01, 2.565823410679e-03, 
 2DIAGNOSTIC,     8, -5.991081770870e-01, 1.797693134862e+308, 7.0030e+00, 1.1877e-01,    24, 1.200044659119e+01, 1.119311129131e+01, 1.200044659119e+01, 9.680841528842e-01, 6.672881184599e-01, 1.299566435703e-03, 
 2DIAGNOSTIC,     9, -5.991061395624e-01, 1.797693134862e+308, 7.1261e+00, 1.2311e-01,    24, 1.284679029805e+01, 1.155069900976e+01, 1.284679029805e+01, 9.414479427363e-01, 6.678888015432e-01, 7.035542863212e-04, 
 2DIAGNOSTIC,    10, -5.990999614194e-01, 7.115922691590e-05, 7.2249e+00, 9.8798e-02,    24, 1.212371897465e+01, 1.174550862986e+01, 1.284679029805e+01, 9.654247273163e-01, 6.689188052003e-01, 1.192765644848e-03, 
 2DIAGNOSTIC,    11, -5.990858611415e-01, 2.616738287570e-05, 7.3437e+00, 1.1877e-01,    24, 1.294225162950e+01, 1.219028095521e+01, 1.294225162950e+01, 9.368726379447e-01, 6.694940165580e-01, 6.568824694750e-04, 
 2DIAGNOSTIC,    12, -5.991011185183e-01, 5.714917190452e-06, 7.4392e+00, 9.5543e-02,    24, 1.221975558565e+01, 1.242659261581e+01, 1.294225162950e+01, 9.626312589166e-01, 6.704767845102e-01, 1.115313868549e-03, 
 2DIAGNOSTIC,    13, -5.990971083213e-01, 2.649993611034e-06, 7.5693e+00, 1.3006e-01,    24, 1.401865856728e+01, 1.283023501103e+01, 1.401865856728e+01, 8.503619614249e-01, 6.707284847171e-01, 2.832567163383e-04, 
 2DIAGNOSTIC,    14, -5.990988433428e-01, 1.975354681563e-06, 7.6779e+00, 1.0859e-01,    24, 1.358843708621e+01, 1.297856436866e+01, 1.401865856728e+01, 8.938601630278e-01, 6.710858950086e-01, 4.014088141984e-04, 
 2DIAGNOSTIC,    15, -5.990902950820e-01, 1.450331245087e-06, 7.7874e+00, 1.0949e-01,    24, 1.373433088038e+01, 1.330068674980e+01, 1.401865856728e+01, 8.798961091538e-01, 6.714047193157e-01, 3.573029402297e-04, 
DIAGNOSTIC,Iteration,metricValue,convergenceValue,ITERATION_TIME_INDEX,SINCE_LAST,VPREC_PRECISION,PMIN_ESTIMATE,PMIN_ESTIMATE_ROLLING_AVG,PMIN_ESTIMATE_ROLLING_MAX,LIPSCHITZ,PARAMS_NORM,GRAD_NORM
 2DIAGNOSTIC,     1, -5.159531063039e-01, 1.797693134862e+308, 1.1712e+01, 3.9243e+00,    24, 5.488973849428e+00, 1.181003119379e+01, 1.401865856728e+01, 9.787744672200e-01, 7.574756493635e-01, 1.360729819356e-01, 
 2DIAGNOSTIC,     2, -5.163480475567e-01, 1.797693134862e+308, 1.2472e+01, 7.6039e-01,    11, 5.466960254657e+00, 1.045947212759e+01, 1.401865856728e+01, 9.874478142122e-01, 8.745671260841e-01, 1.609365356077e-01, 
 2DIAGNOSTIC,     3, -5.166336559117e-01, 1.797693134862e+308, 1.3241e+01, 7.6891e-01,    11, 5.738791797396e+00, 8.803498773615e+00, 1.373433088038e+01, 9.925769887765e-01, 9.812803447675e-01, 1.503402268231e-01, 
 2DIAGNOSTIC,     4, -5.168020137294e-01, 1.797693134862e+308, 1.4132e+01, 8.9082e-01,     8, 7.786859147923e+00, 7.643183185957e+00, 1.373433088038e+01, 9.885074566965e-01, 1.000510864546e+00, 3.691390172625e-02, 
 2DIAGNOSTIC,     5, -5.168396371604e-01, 1.797693134862e+308, 1.5117e+01, 9.8574e-01,     8, 9.685750339176e+00, 6.833467077716e+00, 9.685750339176e+00, 9.747369457946e-01, 1.004341064905e+00, 9.797914238174e-03, 
 2DIAGNOSTIC,     6, -5.168491051217e-01, 1.797693134862e+308, 1.5985e+01, 8.6779e-01,     8, 1.061454986143e+01, 7.858582280117e+00, 1.061454986143e+01, 9.608869317731e-01, 1.006141901044e+00, 5.082764551441e-03, 
 2DIAGNOSTIC,     7, -5.168485315227e-01, 1.797693134862e+308, 1.7154e+01, 1.1687e+00,    11, 1.315678231246e+01, 9.396546691678e+00, 1.315678231246e+01, 7.434802463273e-01, 1.006370067974e+00, 6.753165474128e-04, 
 2DIAGNOSTIC,     8, -5.168511828257e-01, 1.797693134862e+308, 1.8040e+01, 8.8644e-01,    11, 1.329894354221e+01, 1.090857704064e+01, 1.329894354221e+01, 7.091500692607e-01, 1.006566600787e+00, 5.838027241125e-04, 
 2DIAGNOSTIC,     9, -5.168502102988e-01, 1.797693134862e+308, 1.8926e+01, 8.8522e-01,    24, 1.297865781410e+01, 1.194693677388e+01, 1.329894354221e+01, 7.961881279180e-01, 1.006841498210e+00, 8.186115495691e-04, 
 2DIAGNOSTIC,    10, -5.168513164359e-01, 8.640150121556e-05, 1.9817e+01, 8.9100e-01,    24, 1.314566902898e+01, 1.263892051184e+01, 1.329894354221e+01, 7.689118763478e-01, 1.007076986189e+00, 7.043117247176e-04, 
 2DIAGNOSTIC,    11, -5.168476510358e-01, 3.933974407511e-05, 2.0604e+01, 7.8721e-01,    24, 1.258687355947e+01, 1.303338525145e+01, 1.329894354221e+01, 8.633409539586e-01, 1.007465388731e+00, 1.165339193785e-03, 
 2DIAGNOSTIC,    12, -5.168459471819e-01, 1.462919890695e-05, 2.1493e+01, 8.8943e-01,    24, 1.314075660928e+01, 1.303018011081e+01, 1.329894354221e+01, 7.884200956790e-01, 1.007705556317e+00, 7.250964884005e-04, 
 2DIAGNOSTIC,    13, -5.168457846065e-01, 4.537647415107e-06, 2.2382e+01, 8.8829e-01,    24, 1.277454176178e+01, 1.292529975472e+01, 1.314566902898e+01, 8.517362672737e-01, 1.008039464895e+00, 1.010017253337e-03, 
 2DIAGNOSTIC,    14, -5.168480238868e-01, 2.359318284684e-06, 2.3372e+01, 9.9058e-01,    24, 1.371190163950e+01, 1.307194851980e+01, 1.371190163950e+01, 6.285857230029e-01, 1.008167738720e+00, 3.892870762913e-04, 
 2DIAGNOSTIC,    15, -5.168475966807e-01, 1.815363046997e-06, 2.4329e+01, 9.5647e-01,    24, 1.188152629930e+01, 1.281911997387e+01, 1.371190163950e+01, 6.957310044305e-02, 1.008218199674e+00, 1.532379906167e-04, 
 2DIAGNOSTIC,    16, -5.168472034148e-01, 1.683975351260e-06, 2.5226e+01, 8.9732e-01,    24, 1.329036758036e+01, 1.295981877805e+01, 1.371190163950e+01, 2.187739879100e-01, 1.008277962442e+00, 1.814859595092e-04, 
 2DIAGNOSTIC,    17, -5.168469403562e-01, 1.569534097051e-06, 2.6021e+01, 7.9541e-01,    24, 1.384046899317e+01, 1.309976125482e+01, 1.384046899317e+01, 5.380048101666e-01, 1.008378367319e+00, 3.048454563301e-04, 
 2DIAGNOSTIC,    18, -5.168461483247e-01, 1.551846883434e-06, 2.6921e+01, 8.9948e-01,    24, 1.376805825597e+01, 1.329846455366e+01, 1.384046899317e+01, 3.723471190930e-01, 1.008451436694e+00, 2.218558262693e-04, 
 2DIAGNOSTIC,    19, -5.168482688625e-01, 1.585583671471e-06, 2.7709e+01, 7.8806e-01,    24, 1.377853374787e+01, 1.331179097533e+01, 1.384046899317e+01, 6.288236600208e-01, 1.008573999685e+00, 3.720069523064e-04, 
 2DIAGNOSTIC,    20, -5.168488979832e-01, 1.672137049720e-06, 2.8569e+01, 8.5964e-01,    24, 1.389830322186e+01, 1.371514635984e+01, 1.389830322186e+01, 4.957308988510e-01, 1.008662941586e+00, 2.699306896319e-04, 
 2DIAGNOSTIC,    21, -5.168501648249e-01, 1.682332453720e-06, 2.9460e+01, 8.9167e-01,    24, 1.336740978616e+01, 1.373055480100e+01, 1.389830322186e+01, 2.192744551954e-01, 1.008719797854e+00, 1.725176937853e-04, 
 2DIAGNOSTIC,    22, -5.168487893551e-01, 1.599986754384e-06, 3.0256e+01, 7.9602e-01,    24, 1.391513046893e+01, 1.374548709616e+01, 1.391513046893e+01, 5.383007725065e-01, 1.008815349796e+00, 2.897553000154e-04, 
 2DIAGNOSTIC,    23, -5.168490707316e-01, 1.513137084366e-06, 3.1044e+01, 7.8781e-01,    24, 1.360760663083e+01, 1.371339677113e+01, 1.391513046893e+01, 7.269640040772e-01, 1.008975246366e+00, 4.843530313996e-04, 
 2DIAGNOSTIC,    24, -5.168502914071e-01, 1.499810784948e-06, 3.1925e+01, 8.8137e-01,    24, 1.346848486418e+01, 1.365138699439e+01, 1.391513046893e+01, 7.707473608584e-01, 1.009162270689e+00, 5.656157312832e-04, 
 2DIAGNOSTIC,    25, -5.168552321443e-01, 1.568670808881e-06, 3.2815e+01, 8.8944e-01,    24, 1.350232003543e+01, 1.357219035711e+01, 1.391513046893e+01, 7.707473608584e-01, 1.009345540982e+00, 5.526051676472e-04, 
 2DIAGNOSTIC,    26, -5.168568753018e-01, 1.628536695955e-06, 3.3714e+01, 8.9871e-01,    24, 1.353610208388e+01, 1.360592881665e+01, 1.391513046893e+01, 7.707473608584e-01, 1.009525251530e+00, 5.399118379000e-04, 
 2DIAGNOSTIC,    27, -5.168596118923e-01, 1.698414329350e-06, 3.4703e+01, 9.8941e-01,    24, 1.403818701757e+01, 1.363054012638e+01, 1.403818701757e+01, 4.257010689617e-01, 1.009595584001e+00, 2.105732375761e-04, 
 2DIAGNOSTIC,    28, -5.168585063232e-01, 1.676683979476e-06, 3.5567e+01, 8.6364e-01,    24, 1.408196801432e+01, 1.372541240308e+01, 1.408196801432e+01, 5.177941825884e-01, 1.009678727808e+00, 2.484917482640e-04, 
 2DIAGNOSTIC,    29, -5.168597987215e-01, 1.670621860510e-06, 3.6460e+01, 8.9323e-01,    24, 1.393964832631e+01, 1.381964509550e+01, 1.408196801432e+01, 6.620962909442e-01, 1.009796356426e+00, 3.507268765574e-04, 
 2DIAGNOSTIC,    30, -5.168572675427e-01, 1.573148305116e-06, 3.7349e+01, 8.8877e-01,    24, 1.365455174570e+01, 1.385009143756e+01, 1.408196801432e+01, 7.632153896305e-01, 1.009962258408e+00, 4.927072802852e-04, 
 2DIAGNOSTIC,    31, -5.168566134987e-01, 1.445654720364e-06, 3.8242e+01, 8.9295e-01,    24, 1.380744904772e+01, 1.390436083032e+01, 1.408196801432e+01, 7.315263774424e-01, 1.010106064708e+00, 4.248220112940e-04, 
 2DIAGNOSTIC,    32, -5.168567451249e-01, 1.265842676831e-06, 3.9042e+01, 8.0036e-01,    24, 1.328020075104e+01, 1.375276357702e+01, 1.408196801432e+01, 8.412322166707e-01, 1.010345736854e+00, 7.042283490433e-04, 
 2DIAGNOSTIC,    33, -5.168584653467e-01, 1.104549100087e-06, 3.9831e+01, 7.8932e-01,    24, 1.267898639000e+01, 1.347216725215e+01, 1.393964832631e+01, 9.061091783126e-01, 1.010741128897e+00, 1.151149206192e-03, 
DIAGNOSTIC,Iteration,metricValue,convergenceValue,ITERATION_TIME_INDEX,SINCE_LAST,VPREC_PRECISION,PMIN_ESTIMATE,PMIN_ESTIMATE_ROLLING_AVG,PMIN_ESTIMATE_ROLLING_MAX,LIPSCHITZ,PARAMS_NORM,GRAD_NORM
 2DIAGNOSTIC,     1, -4.680700291062e-01, 1.797693134862e+308, 4.7392e+01, 7.5609e+00,    24, 5.927475796817e+00, 1.186973274625e+01, 1.380744904772e+01, 9.878970116916e-01, 9.530539106959e-01, 1.275109538665e-01, 
 2DIAGNOSTIC,     2, -4.683934891178e-01, 1.797693134862e+308, 5.3388e+01, 5.9963e+00,    11, 5.937008660444e+00, 1.032622412920e+01, 1.380744904772e+01, 9.928426315886e-01, 9.380112114424e-01, 1.252959760114e-01, 
 2DIAGNOSTIC,     3, -4.686365646625e-01, 1.797693134862e+308, 5.9355e+01, 5.9663e+00,    11, 5.565748458366e+00, 8.677884011333e+00, 1.328020075104e+01, 9.957673327222e-01, 9.949254468754e-01, 1.724080531100e-01, 
 2DIAGNOSTIC,     4, -4.689492827088e-01, 1.797693134862e+308, 6.5523e+01, 6.1679e+00,     8, 5.375836954651e+00, 7.097011252055e+00, 1.267898639000e+01, 9.974969190833e-01, 1.073451666548e+00, 2.125554529375e-01, 
 2DIAGNOSTIC,     5, -4.692062458911e-01, 1.797693134862e+308, 7.1482e+01, 5.9598e+00,     8, 5.652004586623e+00, 5.691614891380e+00, 5.937008660444e+00, 9.989819236419e-01, 1.257094622904e+00, 2.058586170519e-01, 
 2DIAGNOSTIC,     6, -4.694379771068e-01, 1.797693134862e+308, 8.0642e+01, 9.1600e+00,     8, 7.215621533035e+00, 5.949244038624e+00, 7.215621533035e+00, 9.914811569953e-01, 1.199946765859e+00, 6.597726282168e-02, 
 2DIAGNOSTIC,     7, -4.694578390254e-01, 1.797693134862e+308, 8.9760e+01, 9.1173e+00,     8, 1.055231629487e+01, 6.872305565510e+00, 1.055231629487e+01, 9.590841422733e-01, 1.194399257194e+00, 6.287947036335e-03, 
 2DIAGNOSTIC,     8, -4.694589948535e-01, 1.797693134862e+308, 9.5852e+01, 6.0926e+00,     8, 9.962967267949e+00, 7.751749327426e+00, 1.055231629487e+01, 9.758035073524e-01, 1.185989408206e+00, 9.557791675464e-03, 
 2DIAGNOSTIC,     9, -4.694597264210e-01, 1.797693134862e+308, 1.0722e+02, 1.1370e+01,    11, 1.344516992906e+01, 9.365615922308e+00, 1.344516992906e+01, 3.277756436462e-01, 1.185736808109e+00, 2.872313924103e-04, 
 2DIAGNOSTIC,    10, -4.694597285895e-01, 1.955215502288e-04, 1.1394e+02, 6.7215e+00,    11, 1.107730818476e+01, 1.045067664194e+01, 1.344516992906e+01, 4.075924074948e-02, 1.185574657564e+00, 1.843398911000e-04, 
 2DIAGNOSTIC,    11, -4.694594131187e-01, 1.276319334789e-04, 1.2071e+02, 6.7637e+00,    24, 1.330150324986e+01, 1.166785298530e+01, 1.344516992906e+01, 2.706923164652e-01, 1.185344202477e+00, 2.619601988291e-04, 
 2DIAGNOSTIC,    12, -4.694592797678e-01, 7.619520610688e-05, 1.2757e+02, 6.8617e+00,    24, 1.284596466351e+01, 1.212658265903e+01, 1.344516992906e+01, 1.730886801066e-01, 1.185142128129e+00, 2.296596951373e-04, 
 2DIAGNOSTIC,    13, -4.694598235660e-01, 3.728801381045e-05, 1.3502e+02, 7.4535e+00,    24, 1.680842218094e+01, 1.349567364163e+01, 1.680842218094e+01, 1.071488855511e+00, 1.185061875782e+00, 9.119180193948e-05, 
 2DIAGNOSTIC,    14, -4.694595488265e-01, 1.411181137863e-05, 1.4259e+02, 7.5715e+00,    24, 2.010339997531e+01, 1.482731965088e+01, 2.010339997531e+01, 4.189269967979e+00, 1.185029905842e+00, 3.632516703394e-05, 
 2DIAGNOSTIC,    15, -4.694594622755e-01, 3.062821609556e-06, 1.4934e+02, 6.7418e+00,    24, 1.953296229985e+01, 1.651845047389e+01, 2.010339997531e+01, 3.357131854927e+00, 1.184991861462e+00, 4.322575411074e-05, 
 2DIAGNOSTIC,    16, -4.694592644320e-01, 2.054739129842e-06, 1.5610e+02, 6.7676e+00,    24, 1.953438806645e+01, 1.776502743721e+01, 2.010339997531e+01, 3.357131854924e+00, 1.184953854445e+00, 4.318167162682e-05, 
 2DIAGNOSTIC,    17, -4.694590665923e-01, 1.859099134804e-06, 1.6281e+02, 6.7075e+00,    24, 2.094174841339e+01, 1.938418418719e+01, 2.094174841339e+01, 5.745850843270e+00, 1.184929329960e+00, 2.786241341288e-05, 
 2DIAGNOSTIC,    18, -4.694589728545e-01, 1.721077171203e-06, 1.6959e+02, 6.7809e+00,    24, 2.094267320453e+01, 2.021103439191e+01, 2.094267320453e+01, 5.745850843283e+00, 1.184904821104e+00, 2.784398294142e-05, 
 2DIAGNOSTIC,    19, -4.694588790217e-01, 1.622081432930e-06, 1.7557e+02, 5.9799e+00,    24, 1.924300608877e+01, 2.003895561460e+01, 2.094267320453e+01, 2.989307310170e+00, 1.184863403524e+00, 4.705255152951e-05, 
 2DIAGNOSTIC,    20, -4.694588011843e-01, 1.536153949190e-06, 1.8233e+02, 6.7588e+00,    24, 1.924457059595e+01, 1.998127727382e+01, 2.094267320453e+01, 2.989307310176e+00, 1.184822030529e+00, 4.699991261436e-05, 
 2DIAGNOSTIC,    21, -4.694587233045e-01, 1.452480229799e-06, 1.8829e+02, 5.9636e+00,    24, 1.735115709415e+01, 1.954463107936e+01, 2.094267320453e+01, 1.359164645755e+00, 1.184752145204e+00, 7.938659898937e-05, 
 2DIAGNOSTIC,    22, -4.694584382286e-01, 1.370326647605e-06, 1.9423e+02, 5.9349e+00,    24, 1.481363263066e+01, 1.831900792281e+01, 2.094267320453e+01, 3.951439167367e-01, 1.184634186671e+00, 1.339856118484e-04, 
 2DIAGNOSTIC,    23, -4.694583161427e-01, 1.313870480767e-06, 2.0092e+02, 6.6891e+00,    24, 1.016157161837e+01, 1.616278760558e+01, 1.924457059595e+01, 2.235873747313e-02, 1.184466372630e+00, 1.905893024018e-04, 
 2DIAGNOSTIC,    24, -4.694585927864e-01, 1.268647517559e-06, 2.0766e+02, 6.7384e+00,    24, 1.016802353000e+01, 1.434779109382e+01, 1.924457059595e+01, 2.235873747312e-02, 1.184299296022e+00, 1.897121024973e-04, 
 2DIAGNOSTIC,    25, -4.694587536371e-01, 1.233968712516e-06, 2.1440e+02, 6.7404e+00,    24, 1.263420505021e+01, 1.302571798468e+01, 1.735115709415e+01, 1.084795202814e-01, 1.184152584525e+00, 1.665509446262e-04, 
 2DIAGNOSTIC,    26, -4.694584290746e-01, 1.193502970079e-06, 2.2186e+02, 7.4600e+00,    24, 1.799865585286e+01, 1.315521773642e+01, 1.799865585286e+01, 1.776843075653e+00, 1.184094245507e+00, 6.621653023720e-05, 
 2DIAGNOSTIC,    27, -4.694583695377e-01, 1.153606611265e-06, 2.2873e+02, 6.8689e+00,    24, 1.908491316778e+01, 1.400947384384e+01, 1.908491316778e+01, 2.772536153222e+00, 1.184051370547e+00, 4.866119872239e-05, 
 2DIAGNOSTIC,    28, -4.694584119007e-01, 1.117864266105e-06, 2.3466e+02, 5.9363e+00,    24, 1.715727199606e+01, 1.540861391938e+01, 1.908491316778e+01, 1.230972252955e+00, 1.183978952953e+00, 8.218737314585e-05, 
 2DIAGNOSTIC,    29, -4.694582493801e-01, 1.080665572750e-06, 2.4135e+02, 6.6829e+00,    24, 1.832454837179e+01, 1.703991888774e+01, 1.908491316778e+01, 2.030932340001e+00, 1.183925751768e+00, 6.037366962823e-05, 
 2DIAGNOSTIC,    30, -4.694583020808e-01, 1.046974270294e-06, 2.4733e+02, 5.9823e+00,    24, 1.767983146356e+01, 1.804904417041e+01, 1.908491316778e+01, 1.544899750879e+00, 1.183862480356e+00, 7.179733755704e-05, 
 2DIAGNOSTIC,    31, -4.694580134154e-01, 1.009854727820e-06, 2.5404e+02, 6.7168e+00,    24, 1.768231172075e+01, 1.798577534399e+01, 1.908491316778e+01, 1.544899750880e+00, 1.183799316444e+00, 7.167018671439e-05, 
  Elapsed time (stage 0): 2.572242429256e+02


Stage 1
  iterations = 1000x500x250x100
  convergence threshold = 1.000000000000e-06
  convergence window size = 10
  number of levels = 4
  using the Mattes MI metric (number of bins = 32, weight = 1.000000000000e+00, use gradient filter = 0)
  preprocessing:  winsorizing the image intensities
  Shrink factors (level 1 out of 4): [8, 8, 8]
  Shrink factors (level 2 out of 4): [4, 4, 4]
  Shrink factors (level 3 out of 4): [2, 2, 2]
  Shrink factors (level 4 out of 4): [1, 1, 1]
  smoothing sigmas per level: [3, 2, 1, 0]
  regular sampling (percentage = 2.500000000000e-01)

*** Running AffineTransform registration ***

DIAGNOSTIC,Iteration,metricValue,convergenceValue,ITERATION_TIME_INDEX,SINCE_LAST,VPREC_PRECISION,PMIN_ESTIMATE,PMIN_ESTIMATE_ROLLING_AVG,PMIN_ESTIMATE_ROLLING_MAX,LIPSCHITZ,PARAMS_NORM,GRAD_NORM
 2DIAGNOSTIC,     1, -7.142706736960e-01, 1.797693134862e+308, 2.9677e+00, 2.9677e+00,    11, 8.490695606532e+00, 8.490695606532e+00, 8.490695606532e+00, 8.568377889071e-01, 1.731165910221e+00, 3.398987834565e-02, 
 2DIAGNOSTIC,     2, -7.164757560252e-01, 1.797693134862e+308, 2.9822e+00, 1.4509e-02,    11, 7.834704319678e+00, 8.162699963105e+00, 8.490695606532e+00, 9.157482147243e-01, 1.731164082396e+00, 5.724000654162e-02, 
 2DIAGNOSTIC,     3, -7.196951211762e-01, 1.797693134862e+308, 2.9972e+00, 1.4964e-02,     8, 7.017549035689e+00, 7.780982987300e+00, 8.490695606532e+00, 9.527926968380e-01, 1.735944971895e+00, 1.052223474918e-01, 
 2DIAGNOSTIC,     4, -7.266036857978e-01, 1.797693134862e+308, 3.0122e+00, 1.5040e-02,     8, 6.385107962901e+00, 7.432014231200e+00, 8.490695606532e+00, 9.708981728063e-01, 1.755342066721e+00, 1.680710025621e-01, 
 2DIAGNOSTIC,     5, -7.374853828864e-01, 1.797693134862e+308, 3.0276e+00, 1.5385e-02,     8, 6.743969428766e+00, 7.294405270713e+00, 8.490695606532e+00, 9.824905932670e-01, 1.772235949738e+00, 1.338995827018e-01, 
 2DIAGNOSTIC,     6, -7.532296939114e-01, 1.797693134862e+308, 3.0433e+00, 1.5653e-02,     8, 6.123623784237e+00, 6.820990906254e+00, 7.834704319678e+00, 9.917590603652e-01, 1.781124756760e+00, 2.088201696161e-01, 
 2DIAGNOSTIC,     7, -7.829529475341e-01, 1.797693134862e+308, 3.0627e+00, 1.9451e-02,     8, 5.212411238483e+00, 6.296532290015e+00, 7.017549035689e+00, 1.000724344810e+00, 1.833286337238e+00, 4.078674079348e-01, 
 2DIAGNOSTIC,     8, -8.272073227694e-01, 1.797693134862e+308, 3.0877e+00, 2.4979e-02,     8, 8.265076070115e+00, 6.546037696900e+00, 8.265076070115e+00, 1.099126135149e+00, 1.842579600760e+00, 5.426306844523e-02, 
 2DIAGNOSTIC,     9, -8.280121022243e-01, 1.797693134862e+308, 3.1027e+00, 1.4984e-02,     8, 8.506921617818e+00, 6.970400427884e+00, 8.506921617818e+00, 8.139416590621e-01, 1.825096190401e+00, 3.365943536350e-02, 
 2DIAGNOSTIC,    10, -8.287621072271e-01, 1.177884133654e-02, 3.1187e+00, 1.5958e-02,     8, 7.696407574050e+00, 7.160888056940e+00, 8.506921617818e+00, 9.155285454053e-01, 1.799876504142e+00, 6.548343117090e-02, 
 2DIAGNOSTIC,    11, -8.310168993629e-01, 1.100843730201e-02, 3.1343e+00, 1.5623e-02,     8, 7.371537053458e+00, 7.410470710785e+00, 8.506921617818e+00, 9.500459468873e-01, 1.770951973420e+00, 8.374598489338e-02, 
 2DIAGNOSTIC,    12, -8.342508134370e-01, 9.540076803420e-03, 3.1495e+00, 1.5179e-02,     8, 6.795818333776e+00, 7.727152129843e+00, 8.506921617818e+00, 9.704585716635e-01, 1.735641979734e+00, 1.249563558131e-01, 
 2DIAGNOSTIC,    13, -8.388771036366e-01, 7.653592371602e-03, 3.1645e+00, 1.5036e-02,     8, 5.676255687042e+00, 7.209388053229e+00, 8.506921617818e+00, 9.856550487701e-01, 1.695876073044e+00, 2.694400852748e-01, 
 2DIAGNOSTIC,    14, -8.449095340697e-01, 5.699320266607e-03, 3.1812e+00, 1.6678e-02,     8, 5.953347164907e+00, 6.698673162647e+00, 7.696407574050e+00, 1.017741198907e+00, 1.697239448937e+00, 2.297792302403e-01, 
 2DIAGNOSTIC,    15, -8.467196115178e-01, 3.824139350368e-03, 3.2012e+00, 2.0006e-02,     8, 7.366611555960e+00, 6.632713959028e+00, 7.371537053458e+00, 1.096428028658e+00, 1.707685580117e+00, 9.351544915292e-02, 
 2DIAGNOSTIC,    16, -8.476730257786e-01, 2.218874867180e-03, 3.2167e+00, 1.5502e-02,     8, 6.443237376193e+00, 6.447054023576e+00, 7.366611555960e+00, 9.281537894063e-01, 1.700232864571e+00, 1.494813453192e-01, 
 2DIAGNOSTIC,    17, -8.485376772504e-01, 1.228272823579e-03, 3.2323e+00, 1.5575e-02,     8, 6.184043479727e+00, 6.324699052766e+00, 7.366611555960e+00, 9.616592068211e-01, 1.703893901803e+00, 1.857580010928e-01, 
 2DIAGNOSTIC,    18, -8.496015586103e-01, 1.136183351879e-03, 3.2478e+00, 1.5526e-02,     8, 6.379570749192e+00, 6.465362065196e+00, 7.366611555960e+00, 9.773263284262e-01, 1.716071705217e+00, 1.660348456246e-01, 
 2DIAGNOSTIC,    19, -8.504529601057e-01, 9.791252285917e-04, 3.2652e+00, 1.7390e-02,     8, 7.600736107016e+00, 6.794839853618e+00, 7.600736107016e+00, 9.691962262872e-01, 1.726969517292e+00, 7.107439925246e-02, 
 2DIAGNOSTIC,    20, -8.502904060478e-01, 7.584543743152e-04, 3.2807e+00, 1.5547e-02,     8, 7.204551464014e+00, 6.762427835229e+00, 7.600736107016e+00, 9.817835107078e-01, 1.745366296493e+00, 9.575965916851e-02, 
 2DIAGNOSTIC,    21, -8.505625618416e-01, 5.332000072926e-04, 3.2959e+00, 1.5179e-02,     8, 8.320638346832e+00, 7.137908029356e+00, 8.320638346832e+00, 9.892272782800e-01, 1.741808068009e+00, 4.442229834659e-02, 
 2DIAGNOSTIC,    22, -8.508794639693e-01, 3.359726391551e-04, 3.3175e+00, 2.1557e-02,     8, 9.854927077055e+00, 7.872084748822e+00, 9.854927077055e+00, 9.975871075478e-01, 1.738034569024e+00, 1.543287900409e-02, 
 2DIAGNOSTIC,    23, -8.505629255597e-01, 1.887245462001e-04, 3.3364e+00, 1.8936e-02,    11, 1.057049902920e+01, 8.710270404824e+00, 1.057049902920e+01, 9.209029511026e-01, 1.734992714607e+00, 8.660453052511e-03, 
 2DIAGNOSTIC,    24, -8.503746103707e-01, 1.216947511659e-04, 3.3530e+00, 1.6580e-02,    11, 1.028612097874e+01, 9.247347379170e+00, 1.057049902920e+01, 9.233484552914e-01, 1.731613492328e+00, 1.055484847391e-02, 
 2DIAGNOSTIC,    25, -8.504055297779e-01, 7.481354697346e-05, 3.3679e+00, 1.4911e-02,    11, 9.951031868750e+00, 9.796643460117e+00, 1.057049902920e+01, 9.546704226426e-01, 1.727200273046e+00, 1.373104067863e-02, 
 2DIAGNOSTIC,    26, -8.504518518934e-01, 3.805767079243e-05, 3.3836e+00, 1.5702e-02,    11, 9.816512751187e+00, 1.009581834099e+01, 1.057049902920e+01, 9.731933571435e-01, 1.722084404876e+00, 1.531987237115e-02, 
 2DIAGNOSTIC,    27, -8.503854353273e-01, 1.056455084170e-05, 3.3992e+00, 1.5610e-02,    11, 9.883578974229e+00, 1.010154872042e+01, 1.057049902920e+01, 9.841473019797e-01, 1.716736142599e+00, 1.474267492354e-02, 
DIAGNOSTIC,Iteration,metricValue,convergenceValue,ITERATION_TIME_INDEX,SINCE_LAST,VPREC_PRECISION,PMIN_ESTIMATE,PMIN_ESTIMATE_ROLLING_AVG,PMIN_ESTIMATE_ROLLING_MAX,LIPSCHITZ,PARAMS_NORM,GRAD_NORM
 2DIAGNOSTIC,     1, -7.252405639100e-01, 1.797693134862e+308, 6.4222e+00, 3.0230e+00,    11, 7.231091724109e+00, 9.433667259404e+00, 1.028612097874e+01, 9.523743633812e-01, 1.709242688368e+00, 8.931045156534e-02, 
 2DIAGNOSTIC,     2, -7.260607224156e-01, 1.797693134862e+308, 6.5415e+00, 1.1933e-01,    11, 7.287595009563e+00, 8.833962065568e+00, 9.951031868750e+00, 9.718355319842e-01, 1.686196840461e+00, 8.645352769503e-02, 
 2DIAGNOSTIC,     3, -7.268309091308e-01, 1.797693134862e+308, 6.6595e+00, 1.1794e-01,    11, 8.584651077159e+00, 8.560685907250e+00, 9.883578974229e+00, 9.833443221985e-01, 1.680130338419e+00, 3.547133064045e-02, 
 2DIAGNOSTIC,     4, -7.271872879935e-01, 1.797693134862e+308, 6.7828e+00, 1.2330e-01,    11, 7.637273757400e+00, 8.124838108492e+00, 9.883578974229e+00, 9.946678887462e-01, 1.683788152828e+00, 6.933993490128e-02, 
 2DIAGNOSTIC,     5, -7.275104830162e-01, 1.797693134862e+308, 6.9443e+00, 1.6152e-01,     8, 8.622710565846e+00, 7.872664426816e+00, 8.622710565846e+00, 9.600759706884e-01, 1.693995794149e+00, 3.400867971314e-02, 
 2DIAGNOSTIC,     6, -7.275039695224e-01, 1.797693134862e+308, 7.0783e+00, 1.3396e-01,    11, 9.919293520481e+00, 8.410304786090e+00, 9.919293520481e+00, 9.457604049430e-01, 1.698297140996e+00, 1.367276311246e-02, 
 2DIAGNOSTIC,     7, -7.275034892529e-01, 1.797693134862e+308, 7.2126e+00, 1.3438e-01,    11, 1.014164146043e+01, 8.981114076263e+00, 1.014164146043e+01, 9.544581282377e-01, 1.702009600608e+00, 1.185350998687e-02, 
 2DIAGNOSTIC,     8, -7.275016091532e-01, 1.797693134862e+308, 7.3456e+00, 1.3292e-01,    11, 1.081826213483e+01, 9.427836287798e+00, 1.081826213483e+01, 9.483632349628e-01, 1.704259594044e+00, 7.378284919269e-03, 
 2DIAGNOSTIC,     9, -7.274801636878e-01, 1.797693134862e+308, 7.4784e+00, 1.3289e-01,    11, 1.121071654624e+01, 1.014252484557e+01, 1.121071654624e+01, 9.483632349628e-01, 1.705942917433e+00, 5.626568619863e-03, 
 2DIAGNOSTIC,    10, -7.274704391133e-01, 1.629633069375e-04, 7.6110e+00, 1.3256e-01,    11, 1.133523296620e+01, 1.068502932564e+01, 1.133523296620e+01, 9.566435750660e-01, 1.707481046394e+00, 5.211074576739e-03, 
 2DIAGNOSTIC,    11, -7.274624487220e-01, 7.971681244713e-05, 7.7431e+00, 1.3209e-01,    24, 1.150032321614e+01, 1.100123526477e+01, 1.150032321614e+01, 9.635961009234e-01, 1.708849186711e+00, 4.685143428450e-03, 
 2DIAGNOSTIC,    12, -7.274689821167e-01, 2.997754174042e-05, 7.8813e+00, 1.3819e-01,    24, 1.255354010074e+01, 1.148361499283e+01, 1.255354010074e+01, 9.436383195503e-01, 1.709490423792e+00, 2.211803226509e-03, 
 2DIAGNOSTIC,    13, -7.274675221269e-01, 8.336746005574e-06, 8.0191e+00, 1.3782e-01,    24, 1.337323964122e+01, 1.199461049411e+01, 1.337323964122e+01, 9.127390443417e-01, 1.709841096003e+00, 1.212334536149e-03, 
DIAGNOSTIC,Iteration,metricValue,convergenceValue,ITERATION_TIME_INDEX,SINCE_LAST,VPREC_PRECISION,PMIN_ESTIMATE,PMIN_ESTIMATE_ROLLING_AVG,PMIN_ESTIMATE_ROLLING_MAX,LIPSCHITZ,PARAMS_NORM,GRAD_NORM
 2DIAGNOSTIC,     1, -6.146661410499e-01, 1.797693134862e+308, 1.2190e+01, 4.1713e+00,    24, 7.006413150947e+00, 1.115374981505e+01, 1.337323964122e+01, 9.697099770360e-01, 1.712853198812e+00, 1.064848577527e-01, 
 2DIAGNOSTIC,     2, -6.151830634282e-01, 1.797693134862e+308, 1.3188e+01, 9.9760e-01,    11, 7.326857694767e+00, 1.035207476076e+01, 1.337323964122e+01, 9.820873285160e-01, 1.734033814030e+00, 8.743193659942e-02, 
 2DIAGNOSTIC,     3, -6.155360649150e-01, 1.797693134862e+308, 1.4163e+01, 9.7463e-01,    11, 8.813490482207e+00, 9.814708213977e+00, 1.337323964122e+01, 9.894069476251e-01, 1.741981460216e+00, 3.157619904661e-02, 
 2DIAGNOSTIC,     4, -6.158442179722e-01, 1.797693134862e+308, 1.5131e+01, 9.6819e-01,    11, 9.841416662377e+00, 9.272283526305e+00, 1.337323964122e+01, 9.937355654227e-01, 1.744575801905e+00, 1.557634045065e-02, 
 2DIAGNOSTIC,     5, -6.162093983097e-01, 1.797693134862e+308, 1.6106e+01, 9.7493e-01,    11, 7.423002094802e+00, 8.082236017020e+00, 9.841416662377e+00, 9.984390235609e-01, 1.770840178405e+00, 8.492215259293e-02, 
 2DIAGNOSTIC,     6, -6.171351753648e-01, 1.797693134862e+308, 1.7311e+01, 1.2052e+00,    11, 8.192409129618e+00, 8.319435212754e+00, 9.841416662377e+00, 9.956566820771e-01, 1.785191328052e+00, 5.008409895850e-02, 
 2DIAGNOSTIC,     7, -6.171690005387e-01, 1.797693134862e+308, 1.8836e+01, 1.5255e+00,    11, 1.299281609476e+01, 9.452626892752e+00, 1.299281609476e+01, 9.390467549495e-01, 1.784986509552e+00, 1.694966621792e-03, 
 2DIAGNOSTIC,     8, -6.171583507195e-01, 1.797693134862e+308, 1.9925e+01, 1.0882e+00,    11, 1.363195439841e+01, 1.041631967599e+01, 1.363195439841e+01, 8.883391293997e-01, 1.784580214119e+00, 1.029328649896e-03, 
 2DIAGNOSTIC,     9, -6.171529701605e-01, 1.797693134862e+308, 2.1248e+01, 1.3229e+00,    24, 1.517291535784e+01, 1.148261941509e+01, 1.517291535784e+01, 5.474023382182e-01, 1.784493501819e+00, 2.179642879707e-04, 
 2DIAGNOSTIC,    10, -6.171534253877e-01, 2.853390248325e-04, 2.2347e+01, 1.0993e+00,    24, 1.498193125808e+01, 1.299440524774e+01, 1.517291535784e+01, 2.992738296542e-01, 1.784439292712e+00, 1.360273337641e-04, 
 2DIAGNOSTIC,    11, -6.171514199726e-01, 2.019455366951e-04, 2.3466e+01, 1.1187e+00,    24, 1.522134983301e+01, 1.440019338842e+01, 1.522134983301e+01, 4.116404933186e-01, 1.784376068400e+00, 1.584849306828e-04, 
 2DIAGNOSTIC,    12, -6.171510900327e-01, 1.342956643024e-04, 2.4467e+01, 1.0016e+00,    24, 1.516470762206e+01, 1.483457169388e+01, 1.522134983301e+01, 6.520606613541e-01, 1.784271799073e+00, 2.610859553192e-04, 
 2DIAGNOSTIC,    13, -6.171523092981e-01, 7.812086292665e-05, 2.5570e+01, 1.1028e+00,    24, 1.535991075196e+01, 1.518016296459e+01, 1.535991075196e+01, 4.613091916512e-01, 1.784207239262e+00, 1.613280582552e-04, 
 2DIAGNOSTIC,    14, -6.171494549472e-01, 3.320118807663e-05, 2.6660e+01, 1.0901e+00,    24, 1.539602000782e+01, 1.522478389459e+01, 1.539602000782e+01, 5.476922774307e-01, 1.784132404451e+00, 1.867954230968e-04, 
 2DIAGNOSTIC,    15, -6.171470379697e-01, 1.794928262897e-06, 2.7749e+01, 1.0886e+00,    24, 1.520498013151e+01, 1.526939366927e+01, 1.539602000782e+01, 2.997227228130e-01, 1.784085588200e+00, 1.166934876000e-04, 
DIAGNOSTIC,Iteration,metricValue,convergenceValue,ITERATION_TIME_INDEX,SINCE_LAST,VPREC_PRECISION,PMIN_ESTIMATE,PMIN_ESTIMATE_ROLLING_AVG,PMIN_ESTIMATE_ROLLING_MAX,LIPSCHITZ,PARAMS_NORM,GRAD_NORM
 2DIAGNOSTIC,     1, -5.494992644067e-01, 1.797693134862e+308, 3.7077e+01, 9.3286e+00,    24, 7.181414258823e+00, 1.366140655444e+01, 1.539602000782e+01, 9.855712335942e-01, 1.819046056777e+00, 1.018068451578e-01, 
 2DIAGNOSTIC,     2, -5.498130940252e-01, 1.797693134862e+308, 4.4821e+01, 7.7437e+00,    24, 8.170911265905e+00, 1.226264728320e+01, 1.539602000782e+01, 9.914672315418e-01, 1.836987672086e+00, 5.209086779258e-02, 
 2DIAGNOSTIC,     3, -5.500847127176e-01, 1.797693134862e+308, 5.2598e+01, 7.7766e+00,    24, 1.084838495296e+01, 1.136034212340e+01, 1.539602000782e+01, 9.972168674330e-01, 1.840805885505e+00, 8.206816125732e-03, 
 2DIAGNOSTIC,     4, -5.503898420002e-01, 1.797693134862e+308, 6.0357e+01, 7.7592e+00,    11, 7.239000105932e+00, 9.728938143027e+00, 1.520498013151e+01, 9.970159130190e-01, 1.830046314565e+00, 9.955758859579e-02, 
 2DIAGNOSTIC,     5, -5.506794037658e-01, 1.797693134862e+308, 7.9964e+01, 1.9608e+01,    11, 1.588127661743e+01, 9.864197440210e+00, 1.588127661743e+01, 1.407058969652e+00, 1.830078997641e+00, 3.516477745463e-04, 
 2DIAGNOSTIC,     6, -5.506792073951e-01, 1.797693134862e+308, 9.0256e+01, 1.0291e+01,    24, 2.054642452858e+01, 1.253719949416e+01, 2.054642452858e+01, 8.756589354703e+00, 1.830087040675e+00, 8.625474808956e-05, 
 2DIAGNOSTIC,     7, -5.506790157853e-01, 1.797693134862e+308, 9.8827e+01, 8.5709e+00,    24, 1.945028613756e+01, 1.479307446849e+01, 2.054642452858e+01, 5.836889169827e+00, 1.830098514740e+00, 1.229143906494e-04, 
 2DIAGNOSTIC,     8, -5.506788611175e-01, 1.797693134862e+308, 1.0749e+02, 8.6648e+00,    24, 2.040121550400e+01, 1.670364057870e+01, 2.054642452858e+01, 8.288393642001e+00, 1.830106954346e+00, 9.028911455877e-05, 
 2DIAGNOSTIC,     9, -5.506788125336e-01, 1.797693134862e+308, 1.1859e+02, 1.1100e+01,    24, 2.597053119670e+01, 2.044994679685e+01, 2.597053119670e+01, 5.991714501248e+01, 1.830108240303e+00, 1.374628560609e-05, 
 2DIAGNOSTIC,    10, -5.506788263839e-01, 1.316568557336e-04, 1.2631e+02, 7.7142e+00,    24, 2.443840371399e+01, 2.216137221616e+01, 2.597053119670e+01, 3.502469392803e+01, 1.830110414742e+00, 2.323942860596e-05, 
 2DIAGNOSTIC,    11, -5.506785698105e-01, 7.739428839097e-05, 1.3480e+02, 8.4948e+00,    24, 2.392676986267e+01, 2.283744128298e+01, 2.597053119670e+01, 2.924786577814e+01, 1.830113004188e+00, 2.766706105701e-05, 
 2DIAGNOSTIC,    12, -5.506784576346e-01, 3.902521118572e-05, 1.4259e+02, 7.7875e+00,    24, 2.237722007838e+01, 2.342282807115e+01, 2.597053119670e+01, 1.688774090464e+01, 1.830117382521e+00, 4.676300472029e-05, 
 2DIAGNOSTIC,    13, -5.506783646572e-01, 1.385272621190e-05, 1.5035e+02, 7.7617e+00,    24, 2.080235341814e+01, 2.350305565397e+01, 2.597053119670e+01, 9.578309128264e+00, 1.830124785126e+00, 7.901391141573e-05, 
 2DIAGNOSTIC,    14, -5.506784440082e-01, 2.191071674637e-06, 1.5902e+02, 8.6681e+00,    24, 2.027089764301e+01, 2.236312894324e+01, 2.443840371399e+01, 7.881998423374e+00, 1.830133598304e+00, 9.398039729243e-05, 
 2DIAGNOSTIC,    15, -5.506785382457e-01, 2.062028350389e-06, 1.6834e+02, 9.3196e+00,    24, 2.302887098258e+01, 2.208122239696e+01, 2.392676986267e+01, 2.125022237094e+01, 1.830137114123e+00, 3.745696143697e-05, 
 2DIAGNOSTIC,    16, -5.506784357614e-01, 1.945061274461e-06, 1.7693e+02, 8.5964e+00,    24, 2.197441671553e+01, 2.169075176753e+01, 2.302887098258e+01, 1.459175023400e+01, 1.830142130632e+00, 5.341952302461e-05, 
 2DIAGNOSTIC,    17, -5.506780692833e-01, 1.829320031857e-06, 1.8551e+02, 8.5712e+00,    24, 2.288575199750e+01, 2.179245815135e+01, 2.302887098258e+01, 2.018248667540e+01, 1.830145821952e+00, 3.928519499092e-05, 
 2DIAGNOSTIC,    18, -5.506781085984e-01, 1.727336863246e-06, 1.9319e+02, 7.6897e+00,    24, 2.132072420389e+01, 2.189613230850e+01, 2.302887098258e+01, 1.152672952680e+01, 1.830152063122e+00, 6.638686070088e-05, 
 2DIAGNOSTIC,    19, -5.506780349591e-01, 1.636137815619e-06, 2.0087e+02, 7.6780e+00,    24, 1.971743138499e+01, 2.178543905690e+01, 2.302887098258e+01, 6.407957103528e+00, 1.830162614562e+00, 1.121340116657e-04, 
 2DIAGNOSTIC,    20, -5.506781466080e-01, 1.560870767102e-06, 2.0937e+02, 8.5013e+00,    24, 2.010890165464e+01, 2.120144519131e+01, 2.288575199750e+01, 7.399368000445e+00, 1.830171914727e+00, 9.871208022807e-05, 
 2DIAGNOSTIC,    21, -5.506782446011e-01, 1.491740930275e-06, 2.1795e+02, 8.5746e+00,    24, 2.104604933152e+01, 2.101577171451e+01, 2.288575199750e+01, 1.041113076346e+01, 1.830178756187e+00, 7.253801061459e-05, 
 2DIAGNOSTIC,    22, -5.506781769356e-01, 1.427071301859e-06, 2.2556e+02, 7.6160e+00,    24, 1.943303004083e+01, 2.032522732317e+01, 2.132072420389e+01, 5.748223230783e+00, 1.830190322313e+00, 1.225099322358e-04, 
 2DIAGNOSTIC,    23, -5.506780189887e-01, 1.364259372652e-06, 2.3318e+02, 7.6121e+00,    24, 1.773556158532e+01, 1.960819479946e+01, 2.104604933152e+01, 2.990710273719e+00, 1.830209873035e+00, 2.067309868608e-04, 
 2DIAGNOSTIC,    24, -5.506779450080e-01, 1.308504038802e-06, 2.4161e+02, 8.4363e+00,    24, 1.916334350455e+01, 1.949737722337e+01, 2.104604933152e+01, 5.178545236079e+00, 1.830222484906e+00, 1.330567211727e-04, 
 2DIAGNOSTIC,    25, -5.506779379584e-01, 1.260549235049e-06, 2.4931e+02, 7.6962e+00,    24, 1.744431215919e+01, 1.896445932428e+01, 2.104604933152e+01, 2.653818658188e+00, 1.830243802339e+00, 2.244839744808e-04, 
 2DIAGNOSTIC,    26, -5.506780224945e-01, 1.217160598858e-06, 2.5795e+02, 8.6372e+00,    24, 1.617070354327e+01, 1.798939016663e+01, 1.943303004083e+01, 1.560398137556e+00, 1.830274194027e+00, 3.191178745111e-04, 
 2DIAGNOSTIC,    27, -5.506779253290e-01, 1.168690504524e-06, 2.6910e+02, 1.1157e+01,    24, 2.129862646675e+01, 1.836250945182e+01, 2.129862646675e+01, 1.129754867329e+01, 1.830280505788e+00, 6.607585793276e-05, 
 2DIAGNOSTIC,    28, -5.506778527585e-01, 1.124203792127e-06, 2.7675e+02, 7.6490e+00,    24, 1.969352432266e+01, 1.875410199928e+01, 2.129862646675e+01, 6.272425963646e+00, 1.830291176164e+00, 1.116042046668e-04, 
 2DIAGNOSTIC,    29, -5.506776873863e-01, 1.079690476725e-06, 2.8527e+02, 8.5129e+00,    24, 2.064000506969e+01, 1.904943431231e+01, 2.129862646675e+01, 8.880100935493e+00, 1.830299024455e+00, 8.198712968465e-05, 
 2DIAGNOSTIC,    30, -5.506776310850e-01, 1.040676902896e-06, 2.9373e+02, 8.4642e+00,    24, 1.954492058552e+01, 1.946955599758e+01, 2.129862646675e+01, 5.923439393307e+00, 1.830310219988e+00, 1.168308841528e-04, 
 2DIAGNOSTIC,    31, -5.506773298641e-01, 1.002612287769e-06, 3.0224e+02, 8.5152e+00,    24, 2.089291120679e+01, 2.041399753028e+01, 2.129862646675e+01, 9.719090223740e+00, 1.830317445215e+00, 7.530528064685e-05, 
  Elapsed time (stage 1): 3.067811408043e+02


Stage 2
  iterations = 100x70x50x20
  convergence threshold = 1.000000000000e-06
  convergence window size = 10
  number of levels = 4
  using the CC metric (radius = 4, weight = 1.000000000000e+00, use gradient filter = 0)
  preprocessing:  winsorizing the image intensities
  Shrink factors (level 1 out of 4): [8, 8, 8]
  Shrink factors (level 2 out of 4): [4, 4, 4]
  Shrink factors (level 3 out of 4): [2, 2, 2]
  Shrink factors (level 4 out of 4): [1, 1, 1]
  smoothing sigmas per level: [3, 2, 1, 0]
  Using default NONE metricSamplingStrategy 

*** Running SyN registration (varianceForUpdateField = 3.000000000000e+00, varianceForTotalField = 0.000000000000e+00) ***

XXDIAGNOSTIC,Iteration,metricValue,convergenceValue,ITERATION_TIME_INDEX,SINCE_LAST,VPREC_PRECISION,PMIN_ESTIMATE,PMIN_ESTIMATE_ROLLING_AVG,PMIN_ESTIMATE_ROLLING_MAX,M_LIPSCHITZ,M_PARAMS_NORM,M_GRAD_NORM,F_LIPSCHITZ,F_PARAMS_NORM,F_GRAD_NORM
 1DIAGNOSTIC,     1, -9.291023482318e-01, 1.797693134862e+308, 4.0868e+00, 4.0868e+00,    53, 0.000000000000e+00, 0.000000000000e+00, 0.000000000000e+00, 0.000000000000e+00, 0.000000000000e+00, 0.000000000000e+00, 0.000000000000e+00, 0.000000000000e+00, 0.000000000000e+00
 1DIAGNOSTIC,     2, -9.414053027946e-01, 1.797693134862e+308, 5.1761e+00, 1.0892e+00,     8, 2.438402343861e+00, 2.438402343861e+00, 2.438402343861e+00, 1.901544965029e-01, 1.291012672054e+03, 3.879169622046e+02, 2.004683754832e-01, 1.329427861199e+03, 3.905650043516e+02
 1DIAGNOSTIC,     3, -9.498063042737e-01, 1.797693134862e+308, 6.2749e+00, 1.0989e+00,     8, 4.268559337735e+00, 3.353480840798e+00, 4.268559337735e+00, 3.106476540099e-01, 2.610760264643e+03, 3.496745157240e+02, 3.128070737986e-01, 2.685112554288e+03, 3.563218890911e+02
 1DIAGNOSTIC,     4, -9.551729107627e-01, 1.797693134862e+308, 7.3829e+00, 1.1080e+00,     8, 5.810903453560e+00, 4.172621711718e+00, 5.810903453560e+00, 5.574043302365e-01, 3.985862258229e+03, 3.931558315685e+02, 6.237178229002e-01, 3.870475404471e+03, 3.028847437243e+02
 1DIAGNOSTIC,     5, -9.589833533125e-01, 1.797693134862e+308, 8.4985e+00, 1.1156e+00,     8, 6.858201376713e+00, 4.844016627967e+00, 6.858201376713e+00, 5.528325259191e-01, 5.279014892851e+03, 3.866963337309e+02, 7.278451594454e-01, 4.712988300940e+03, 1.664917028763e+02
 1DIAGNOSTIC,     6, -9.621843686585e-01, 1.797693134862e+308, 9.5957e+00, 1.0972e+00,     8, 6.521343206354e+00, 5.179481943644e+00, 6.858201376713e+00, 3.684233863120e-01, 6.655758838145e+03, 3.496672552801e+02, 3.783442777100e-01, 5.408373545259e+03, 1.339516378411e+02
 1DIAGNOSTIC,     7, -9.645796103852e-01, 1.797693134862e+308, 1.0689e+01, 1.0937e+00,     8, 6.604572084942e+00, 6.012715891861e+00, 6.858201376713e+00, 3.397634504247e-01, 7.997791406947e+03, 2.736914024679e+02, 2.675921123871e-01, 6.094462579544e+03, 1.191801778880e+02
 1DIAGNOSTIC,     8, -9.664584322269e-01, 1.797693134862e+308, 1.1772e+01, 1.0828e+00,     8, 6.733729732676e+00, 6.505749970849e+00, 6.858201376713e+00, 4.030254166862e-01, 9.807405848754e+03, 3.813982348451e+02, 2.928796127223e-01, 6.873837885613e+03, 1.302190855029e+02
 1DIAGNOSTIC,     9, -9.683978589751e-01, 1.797693134862e+308, 1.2853e+01, 1.0805e+00,     8, 9.166064876859e+00, 7.176782255509e+00, 9.166064876859e+00, 1.391483075855e+00, 1.074201571845e+04, 1.654102238501e+02, 7.355853105914e-01, 7.528129423988e+03, 1.129603298622e+02
 1DIAGNOSTIC,    10, -9.696273519938e-01, 2.401415757558e-03, 1.3929e+01, 1.0763e+00,     8, 1.032390593076e+01, 7.869923166318e+00, 1.032390593076e+01, 1.955206733092e+00, 1.117429279973e+04, 9.021517885711e+01, 1.284585119310e+00, 8.318697653200e+03, 1.552553468229e+02
 1DIAGNOSTIC,    11, -9.704381790599e-01, 1.608426939918e-03, 1.5025e+01, 1.0959e+00,    11, 1.066764684346e+01, 8.699183893740e+00, 1.066764684346e+01, 1.989405578206e+00, 1.164598108931e+04, 9.294286004367e+01, 1.889460789674e+00, 8.950363760966e+03, 1.163072243237e+02
 1DIAGNOSTIC,    12, -9.708888023167e-01, 1.116650425167e-03, 1.6138e+01, 1.1127e+00,    11, 1.085247606322e+01, 9.548764689396e+00, 1.085247606322e+01, 2.155692012782e+00, 1.201945989699e+04, 8.442217298286e+01, 1.906974955439e+00, 9.605056536761e+03, 1.292512870149e+02
 1DIAGNOSTIC,    13, -9.713807353894e-01, 8.014625781530e-04, 1.7231e+01, 1.0930e+00,    11, 1.091447157228e+01, 1.038491305732e+01, 1.091447157228e+01, 2.126506034038e+00, 1.247851503536e+04, 8.934632892044e+01, 1.970818391659e+00, 1.024897652876e+04, 1.178965542960e+02
 1DIAGNOSTIC,    14, -9.716873591528e-01, 5.776523080307e-04, 1.8321e+01, 1.0905e+00,    11, 1.122597885949e+01, 1.079689585384e+01, 1.122597885949e+01, 2.251342445764e+00, 1.275472633919e+04, 7.724695439821e+01, 2.174093035092e+00, 1.074948859350e+04, 1.115748414932e+02
 1DIAGNOSTIC,    15, -9.719741143254e-01, 4.110894861188e-04, 1.9423e+01, 1.1017e+00,    11, 1.105288267623e+01, 1.094269120294e+01, 1.122597885949e+01, 2.195401226988e+00, 1.322780091651e+04, 9.004388236582e+01, 2.036857680736e+00, 1.140495807519e+04, 1.203840004287e+02
 1DIAGNOSTIC,    16, -9.721687770882e-01, 2.902025534441e-04, 2.0515e+01, 1.0922e+00,    16, 1.151184091870e+01, 1.111153001798e+01, 1.151184091870e+01, 2.326694606181e+00, 1.342272040125e+04, 7.243636582081e+01, 2.369742348132e+00, 1.177057698821e+04, 1.005490490759e+02
 1DIAGNOSTIC,    17, -9.722995752054e-01, 2.006774662650e-04, 2.1601e+01, 1.0857e+00,    16, 1.115367518127e+01, 1.117176984159e+01, 1.151184091870e+01, 2.243190021243e+00, 1.391684764485e+04, 9.219495168781e+01, 2.106004657717e+00, 1.243087798187e+04, 1.222354307975e+02
 1DIAGNOSTIC,    18, -9.724511263739e-01, 1.355374456353e-04, 2.2693e+01, 1.0922e+00,    16, 1.171154362378e+01, 1.133118425189e+01, 1.171154362378e+01, 2.378905476753e+00, 1.405034359410e+04, 6.977946229460e+01, 2.489078267387e+00, 1.268940108819e+04, 9.435480945038e+01
 1DIAGNOSTIC,    19, -9.725367947682e-01, 9.595777146519e-05, 2.3792e+01, 1.0995e+00,    16, 1.125021299037e+01, 1.133603107807e+01, 1.171154362378e+01, 2.288150797580e+00, 1.455219249572e+04, 9.340956622426e+01, 2.173292729510e+00, 1.334588122855e+04, 1.236503409950e+02
 1DIAGNOSTIC,    20, -9.726651269531e-01, 7.140433813033e-05, 2.4873e+01, 1.0808e+00,    16, 1.185615758525e+01, 1.149668605987e+01, 1.185615758525e+01, 2.412587926882e+00, 1.463987959281e+04, 6.828682036228e+01, 2.565196871212e+00, 1.351948717333e+04, 9.071103676763e+01
 1DIAGNOSTIC,    21, -9.727110440968e-01, 5.463102081076e-05, 2.5956e+01, 1.0833e+00,    16, 1.134525292758e+01, 1.146336846165e+01, 1.185615758525e+01, 2.329955285372e+00, 1.513762886057e+04, 9.360313712506e+01, 2.234685297751e+00, 1.416419146734e+04, 1.243807306642e+02
 1DIAGNOSTIC,    22, -9.728188123519e-01, 4.181163377182e-05, 2.7051e+01, 1.0941e+00,    16, 1.196001403276e+01, 1.162463623195e+01, 1.196001403276e+01, 2.432482254005e+00, 1.519372667877e+04, 6.757577504060e+01, 2.610990347409e+00, 1.427385736864e+04, 8.878417354990e+01
 1DIAGNOSTIC,    23, -9.728378324807e-01, 3.280549328923e-05, 2.8143e+01, 1.0925e+00,    16, 1.144357728902e+01, 1.157104296500e+01, 1.196001403276e+01, 2.366335206679e+00, 1.567865151695e+04, 9.315571758545e+01, 2.295141690560e+00, 1.489169763772e+04, 1.231480134631e+02
 1DIAGNOSTIC,    24, -9.728717431214e-01, 2.572983308464e-05, 2.9232e+01, 1.0893e+00,    16, 1.203345373477e+01, 1.172769111388e+01, 1.203345373477e+01, 2.446256615161e+00, 1.571540038276e+04, 6.740963604733e+01, 2.631364377862e+00, 1.495694747526e+04, 8.807325823169e+01
 1DIAGNOSTIC,    25, -9.728761486763e-01, 2.032364107069e-05, 3.0360e+01, 1.1277e+00,    16, 1.153646256160e+01, 1.166375210915e+01, 1.203345373477e+01, 2.398394842739e+00, 1.617808428548e+04, 9.201442206862e+01, 2.340344510163e+00, 1.554367758125e+04, 1.216389386019e+02
 1DIAGNOSTIC,    26, -9.729422949791e-01, 1.647824369432e-05, 3.1444e+01, 1.0834e+00,    16, 1.210987236251e+01, 1.181667599613e+01, 1.210987236251e+01, 2.462140873247e+00, 1.619540463102e+04, 6.683345666125e+01, 2.653318211950e+00, 1.556539751476e+04, 8.678921647917e+01
 1DIAGNOSTIC,    27, -9.729307332516e-01, 1.273283463767e-05, 3.2542e+01, 1.0987e+00,    16, 1.160551566780e+01, 1.174577632314e+01, 1.210987236251e+01, 2.420890798766e+00, 1.664777089649e+04, 9.159153063209e+01, 2.372752552502e+00, 1.613469213647e+04, 1.211263085150e+02
 1DIAGNOSTIC,    28, -9.729872096366e-01, 1.035405260431e-05, 3.3654e+01, 1.1118e+00,    16, 1.217627601357e+01, 1.189231606805e+01, 1.217627601357e+01, 2.473651248709e+00, 1.664657491482e+04, 6.629197519757e+01, 2.667509815072e+00, 1.611674816862e+04, 8.566403253036e+01
 1DIAGNOSTIC,    29, -9.729036875440e-01, 7.265072205428e-06, 3.4762e+01, 1.1078e+00,    16, 1.166508735883e+01, 1.181864279286e+01, 1.217627601357e+01, 2.441692826421e+00, 1.708962633600e+04, 9.127563103119e+01, 2.399338004582e+00, 1.667259461721e+04, 1.209283968221e+02
 1DIAGNOSTIC,    30, -9.729557492100e-01, 5.594562056524e-06, 3.5848e+01, 1.0862e+00,    16, 1.223100171655e+01, 1.195755062385e+01, 1.223100171655e+01, 2.482401241948e+00, 1.707348637723e+04, 6.596148915683e+01, 2.676896081812e+00, 1.662121315677e+04, 8.492803318354e+01
 1DIAGNOSTIC,    31, -9.729258782885e-01, 3.708925929512e-06, 3.6938e+01, 1.0903e+00,    16, 1.171940263241e+01, 1.187945667783e+01, 1.223100171655e+01, 2.460689249754e+00, 1.750532065834e+04, 9.083329274714e+01, 2.422735982478e+00, 1.716485055673e+04, 1.208997434308e+02
 1DIAGNOSTIC,    32, -9.729691318289e-01, 3.072658775999e-06, 3.8042e+01, 1.1033e+00,    16, 1.227388385590e+01, 1.201313031545e+01, 1.227388385590e+01, 2.488428617419e+00, 1.747866456251e+04, 6.589865277435e+01, 2.683926669028e+00, 1.708740796474e+04, 8.467588953043e+01
 1DIAGNOSTIC,    33, -9.729351317433e-01, 2.134734843180e-06, 3.9141e+01, 1.0989e+00,    16, 1.177160304575e+01, 1.193219572189e+01, 1.227388385590e+01, 2.478169867186e+00, 1.789594833087e+04, 9.014924642978e+01, 2.443319057747e+00, 1.761760906764e+04, 1.207833516214e+02
 1DIAGNOSTIC,    34, -9.729729653163e-01, 1.782804685407e-06, 4.0245e+01, 1.1043e+00,    16, 1.230947149781e+01, 1.206107254968e+01, 1.230947149781e+01, 2.493295456473e+00, 1.786199210358e+04, 6.597546566236e+01, 2.690031997055e+00, 1.751912882198e+04, 8.466748454168e+01
 1DIAGNOSTIC,    35, -9.729359777641e-01, 1.078008027015e-06, 4.1371e+01, 1.1262e+00,    16, 1.182083727564e+01, 1.197903966150e+01, 1.230947149781e+01, 2.493928780175e+00, 1.826366329372e+04, 8.935500072250e+01, 2.460167662590e+00, 1.803575658167e+04, 1.205588961294e+02
 1DIAGNOSTIC,    36, -9.729672262553e-01, 1.197329987188e-06, 4.2448e+01, 1.0775e+00,    16, 1.234689003936e+01, 1.210453714289e+01, 1.234689003936e+01, 2.498417517913e+00, 1.822129241331e+04, 6.586048158232e+01, 2.696056624747e+00, 1.791473422512e+04, 8.432442066744e+01
 1DIAGNOSTIC,    37, -9.729280065879e-01, 8.541626246167e-07, 4.3541e+01, 1.0929e+00,    16, 1.185921684663e+01, 1.202160374104e+01, 1.234689003936e+01, 2.505906687003e+00, 1.861304657197e+04, 8.905730832726e+01, 2.473617167308e+00, 1.842287190578e+04, 1.206486648490e+02
XXDIAGNOSTIC,Iteration,metricValue,convergenceValue,ITERATION_TIME_INDEX,SINCE_LAST,VPREC_PRECISION,PMIN_ESTIMATE,PMIN_ESTIMATE_ROLLING_AVG,PMIN_ESTIMATE_ROLLING_MAX,M_LIPSCHITZ,M_PARAMS_NORM,M_GRAD_NORM,F_LIPSCHITZ,F_PARAMS_NORM,F_GRAD_NORM
 1DIAGNOSTIC,     1, -9.142171428556e-01, 1.797693134862e+308, 5.6128e+01, 1.2586e+01,    16, 1.185921684663e+01, 1.202160374104e+01, 1.234689003936e+01, 2.505906687003e+00, 1.861304657197e+04, 8.905730832726e+01, 2.473617167308e+00, 1.842287190578e+04, 1.206486648490e+02
 1DIAGNOSTIC,     2, -9.162215783892e-01, 1.797693134862e+308, 6.5491e+01, 9.3633e+00,    16, 9.980553226886e+00, 1.166339377727e+01, 1.234689003936e+01, 2.026150967130e-01, 1.334360465082e+05, 2.159138202969e+02, 1.809387306741e-01, 1.293737282006e+05, 1.952027625655e+02
 1DIAGNOSTIC,     3, -9.189964061906e-01, 1.797693134862e+308, 7.5025e+01, 9.5337e+00,    16, 1.014637985237e+01, 1.123077544818e+01, 1.234689003936e+01, 3.402661481989e-01, 1.312620155216e+05, 3.400063148653e+02, 3.391151383290e-01, 1.274810014061e+05, 3.009765594061e+02
 1DIAGNOSTIC,     4, -9.221168345828e-01, 1.797693134862e+308, 8.4546e+01, 9.5212e+00,    11, 9.741994621860e+00, 1.081500691742e+01, 1.234689003936e+01, 1.986610489168e-01, 1.292556013290e+05, 2.943817056027e+02, 2.467534955624e-01, 1.260237316971e+05, 2.579590860101e+02
 1DIAGNOSTIC,     5, -9.249504126866e-01, 1.797693134862e+308, 9.3869e+01, 9.3227e+00,    11, 9.873181902309e+00, 1.032026529001e+01, 1.185921684663e+01, 2.156653201356e-01, 1.277898813784e+05, 2.541035473608e+02, 2.245266840086e-01, 1.249129415685e+05, 2.354921541564e+02
 1DIAGNOSTIC,     6, -9.270965413190e-01, 1.797693134862e+308, 1.0336e+02, 9.4888e+00,    11, 9.527546606190e+00, 9.853931241923e+00, 1.014637985237e+01, 1.569877363105e-01, 1.263939576477e+05, 2.248353824582e+02, 1.710337095507e-01, 1.241096509728e+05, 2.337127362857e+02
 1DIAGNOSTIC,     7, -9.291029092027e-01, 1.797693134862e+308, 1.1288e+02, 9.5256e+00,    11, 9.656116181797e+00, 9.789043832905e+00, 1.014637985237e+01, 1.667736246645e-01, 1.253329835580e+05, 2.045733304808e+02, 1.825276999017e-01, 1.236268586248e+05, 2.410970760674e+02
 1DIAGNOSTIC,     8, -9.307515303736e-01, 1.797693134862e+308, 1.2236e+02, 9.4788e+00,    11, 9.384131817449e+00, 9.636594225921e+00, 9.873181902309e+00, 1.311938138803e-01, 1.244243218613e+05, 1.942988957729e+02, 1.607140041007e-01, 1.234382270388e+05, 2.539502087658e+02
 1DIAGNOSTIC,     9, -9.322731777307e-01, 1.797693134862e+308, 1.3176e+02, 9.3934e+00,    11, 9.332001047644e+00, 9.554595511078e+00, 9.873181902309e+00, 1.211644926334e-01, 1.236554850781e+05, 1.891759436454e+02, 1.747993867922e-01, 1.235990126106e+05, 2.799358803547e+02
 1DIAGNOSTIC,    10, -9.337195962280e-01, 1.398034985018e-03, 1.4119e+02, 9.4379e+00,    11, 9.264511326430e+00, 9.432861395902e+00, 9.656116181797e+00, 1.141154378056e-01, 1.230197544963e+05, 1.877578950252e+02, 1.916949490939e-01, 1.241726013271e+05, 3.196689546225e+02
 1DIAGNOSTIC,    11, -9.351342564225e-01, 1.173425364650e-03, 1.5076e+02, 9.5649e+00,    11, 9.071229945190e+00, 9.341598063702e+00, 9.656116181797e+00, 1.104646052786e-01, 1.225115035555e+05, 1.892441038829e+02, 1.478854318447e-01, 1.248418319030e+05, 3.128784049922e+02
 1DIAGNOSTIC,    12, -9.363915613975e-01, 9.639098012663e-04, 1.6002e+02, 9.2619e+00,    11, 9.180365753380e+00, 9.246447978019e+00, 9.384131817449e+00, 1.210771680535e-01, 1.220429016654e+05, 1.766646444175e+02, 1.381852313059e-01, 1.255633779341e+05, 3.036895850729e+02
 1DIAGNOSTIC,    13, -9.374511761902e-01, 7.891909596758e-04, 1.6934e+02, 9.3187e+00,    11, 9.038830457653e+00, 9.177387706059e+00, 9.332001047644e+00, 1.022126982078e-01, 1.216210348772e+05, 1.675330341083e+02, 1.241484798873e-01, 1.263060491918e+05, 2.935384028962e+02
 1DIAGNOSTIC,    14, -9.383535762734e-01, 6.550674669639e-04, 1.7879e+02, 9.4510e+00,    11, 8.895361576949e+00, 9.090059811921e+00, 9.264511326430e+00, 9.178019129538e-02, 1.207334774176e+05, 1.609311331590e+02, 1.056619878201e-01, 1.270843786398e+05, 2.876275459038e+02
 1DIAGNOSTIC,    15, -9.391357412927e-01, 5.523831656283e-04, 1.8822e+02, 9.4285e+00,    11, 8.721751277140e+00, 8.981507802062e+00, 9.180365753380e+00, 7.962015489103e-02, 1.200200771039e+05, 1.557943815498e+02, 9.164309557344e-02, 1.279112250932e+05, 2.851883426017e+02
 1DIAGNOSTIC,    16, -9.397044524412e-01, 4.633084011008e-04, 1.9768e+02, 9.4661e+00,    11, 8.525086652887e+00, 8.872279143602e+00, 9.180365753380e+00, 6.861735004034e-02, 1.193860727003e+05, 1.525707311840e+02, 7.966366346255e-02, 1.288228489873e+05, 2.875185518034e+02
 1DIAGNOSTIC,    17, -9.402190009461e-01, 3.871639088051e-04, 2.0713e+02, 9.4499e+00,    11, 8.481932572317e+00, 8.732592507389e+00, 9.038830457653e+00, 6.183204635459e-02, 1.188118908624e+05, 1.495766488811e+02, 8.504298439032e-02, 1.289018733681e+05, 2.912569939857e+02
 1DIAGNOSTIC,    18, -9.406953835419e-01, 3.196166296598e-04, 2.1651e+02, 9.3800e+00,    11, 8.298654613374e+00, 8.584557338533e+00, 8.895361576949e+00, 5.824262092810e-02, 1.182840763291e+05, 1.466492705030e+02, 6.696885039174e-02, 1.301626412439e+05, 2.962364523148e+02
 1DIAGNOSTIC,    19, -9.409373175723e-01, 2.577437142657e-04, 2.2595e+02, 9.4362e+00,    11, 8.611316091608e+00, 8.527748241465e+00, 8.721751277140e+00, 6.316941165523e-02, 1.178282356048e+05, 1.456465894258e+02, 1.027143749582e-01, 1.304557719594e+05, 3.060158249785e+02
 1DIAGNOSTIC,    20, -9.413914912434e-01, 2.070129460724e-04, 2.3536e+02, 9.4142e+00,    11, 8.593042594938e+00, 8.502006505025e+00, 8.611316091608e+00, 6.718885473412e-02, 1.173890520699e+05, 1.422222871034e+02, 9.107957555030e-02, 1.310033400325e+05, 3.120203591967e+02
 1DIAGNOSTIC,    21, -9.416172748488e-01, 1.654757371504e-04, 2.4484e+02, 9.4762e+00,    11, 8.719041482282e+00, 8.540797470904e+00, 8.719041482282e+00, 6.916281914050e-02, 1.169964719282e+05, 1.411021100508e+02, 1.101940636031e-01, 1.317008221448e+05, 3.232124645223e+02
 1DIAGNOSTIC,    22, -9.418585300957e-01, 1.329742249591e-04, 2.5423e+02, 9.3902e+00,    11, 8.478933929395e+00, 8.540197742319e+00, 8.719041482282e+00, 5.824498365980e-02, 1.166444227795e+05, 1.396499449066e+02, 9.549919769369e-02, 1.325162498959e+05, 3.337160331311e+02
 1DIAGNOSTIC,    23, -9.421035294757e-01, 1.081022406101e-04, 2.6376e+02, 9.5302e+00,    11, 8.387451773250e+00, 8.557957174295e+00, 8.719041482282e+00, 5.363130890279e-02, 1.163225841126e+05, 1.390075661463e+02, 9.402728377732e-02, 1.334498355108e+05, 3.449725881479e+02
 1DIAGNOSTIC,    24, -9.423627157078e-01, 8.986318862470e-05, 2.7335e+02, 9.5888e+00,    11, 8.191101671496e+00, 8.473914290272e+00, 8.719041482282e+00, 5.213595866521e-02, 1.160274085520e+05, 1.378687195194e+02, 6.922425411092e-02, 1.343801075391e+05, 3.440565969310e+02
 1DIAGNOSTIC,    25, -9.426041774575e-01, 7.709601620998e-05, 2.8300e+02, 9.6476e+00,    11, 8.295372305965e+00, 8.414380232478e+00, 8.719041482282e+00, 5.338073034544e-02, 1.157513618961e+05, 1.367445214796e+02, 7.772018239187e-02, 1.352723599889e+05, 3.386696277790e+02
 1DIAGNOSTIC,    26, -9.428126851891e-01, 6.715240195249e-05, 2.9261e+02, 9.6078e+00,    11, 8.237070428938e+00, 8.317986021809e+00, 8.478933929395e+00, 5.060510700275e-02, 1.155011738601e+05, 1.358286287191e+02, 7.407978439073e-02, 1.361271753440e+05, 3.341602138994e+02
 1DIAGNOSTIC,    27, -9.430003600002e-01, 5.956298622779e-05, 3.0210e+02, 9.4971e+00,    11, 8.293743801914e+00, 8.280947996313e+00, 8.387451773250e+00, 5.253830192557e-02, 1.152752287766e+05, 1.354306379690e+02, 7.581772940475e-02, 1.369586447746e+05, 3.304492251432e+02
 1DIAGNOSTIC,    28, -9.431655382930e-01, 5.395148215335e-05, 3.1172e+02, 9.6168e+00,    11, 8.307119520688e+00, 8.264881545800e+00, 8.307119520688e+00, 5.221938880644e-02, 1.150787108906e+05, 1.353262973290e+02, 7.699869111010e-02, 1.377584449077e+05, 3.269211131644e+02
 1DIAGNOSTIC,    29, -9.433215170926e-01, 4.779219972927e-05, 3.2138e+02, 9.6588e+00,    11, 8.441429257795e+00, 8.314947063060e+00, 8.441429257795e+00, 5.763895732799e-02, 1.149064916109e+05, 1.353404088797e+02, 8.279945991228e-02, 1.385405313968e+05, 3.239151438456e+02
 1DIAGNOSTIC,    30, -9.434519264745e-01, 4.350482649429e-05, 3.3093e+02, 9.5538e+00,    11, 8.547362507440e+00, 8.365345103355e+00, 8.547362507440e+00, 6.139320174819e-02, 1.147598089049e+05, 1.353214505188e+02, 8.922187534161e-02, 1.392936328173e+05, 3.210354926071e+02
 1DIAGNOSTIC,    31, -9.435821263449e-01, 3.892851808057e-05, 3.4043e+02, 9.5022e+00,    11, 8.744592000843e+00, 8.466849417736e+00, 8.744592000843e+00, 7.064812748487e-02, 1.146341740181e+05, 1.353576049089e+02, 1.006618091954e-01, 1.400332141636e+05, 3.185996563009e+02
 1DIAGNOSTIC,    32, -9.436924700009e-01, 3.434744105992e-05, 3.4982e+02, 9.3857e+00,    11, 8.927411260339e+00, 8.593582909421e+00, 8.927411260339e+00, 7.917811076580e-02, 1.145326681515e+05, 1.355547742003e+02, 1.148835454516e-01, 1.407389178084e+05, 3.155648169380e+02
 1DIAGNOSTIC,    33, -9.437942081589e-01, 3.003073483337e-05, 3.5930e+02, 9.4796e+00,    11, 9.188040944612e+00, 8.769767194206e+00, 9.188040944612e+00, 9.444220141297e-02, 1.144543940497e+05, 1.360669730611e+02, 1.369193669569e-01, 1.414222678453e+05, 3.118816990125e+02
 1DIAGNOSTIC,    34, -9.438886041516e-01, 2.632717281394e-05, 3.6896e+02, 9.6567e+00,    11, 9.421929844214e+00, 8.965867311490e+00, 9.421929844214e+00, 1.112995148099e-01, 1.144081918758e+05, 1.372451751231e+02, 1.598646932833e-01, 1.420660906416e+05, 3.083428228704e+02
 1DIAGNOSTIC,    35, -9.439770154426e-01, 2.325056231436e-05, 3.7846e+02, 9.5051e+00,    11, 9.695882699061e+00, 9.195571349814e+00, 9.695882699061e+00, 1.352100292395e-01, 1.143960568634e+05, 1.390469578027e+02, 1.924272482034e-01, 1.426949536837e+05, 3.050897957833e+02
 1DIAGNOSTIC,    36, -9.440630778459e-01, 2.067372964027e-05, 3.8782e+02, 9.3615e+00,    11, 9.961930751124e+00, 9.439039099870e+00, 9.961930751124e+00, 1.627183132459e-01, 1.144194543367e+05, 1.408802271346e+02, 2.313200970952e-01, 1.432827423528e+05, 3.017561217276e+02
 1DIAGNOSTIC,    37, -9.441432517381e-01, 1.852306920497e-05, 3.9729e+02, 9.4632e+00,    11, 1.025999398592e+01, 9.705555644986e+00, 1.025999398592e+01, 1.998641284528e-01, 1.144749010244e+05, 1.428862817675e+02, 2.854840159642e-01, 1.438647489786e+05, 2.989034523802e+02
 1DIAGNOSTIC,    38, -9.442178978416e-01, 1.669420586627e-05, 4.0687e+02, 9.5887e+00,    11, 1.055926774882e+01, 9.979801005828e+00, 1.055926774882e+01, 2.472902358841e-01, 1.145629969195e+05, 1.447342075475e+02, 3.492174937869e-01, 1.444055963094e+05, 2.959849123979e+02
 1DIAGNOSTIC,    39, -9.442948051899e-01, 1.524069897704e-05, 4.1651e+02, 9.6339e+00,    11, 1.088655730679e+01, 1.027272649834e+01, 1.088655730679e+01, 3.089782220810e-01, 1.146821208130e+05, 1.470768878974e+02, 4.419215314790e-01, 1.449467181291e+05, 2.932565891351e+02
 1DIAGNOSTIC,    40, -9.443655797472e-01, 1.398794833690e-05, 4.2608e+02, 9.5706e+00,    11, 1.120397055240e+01, 1.057434406901e+01, 1.120397055240e+01, 3.898717066235e-01, 1.148357869485e+05, 1.493190725334e+02, 5.443911042209e-01, 1.454383826416e+05, 2.904902268304e+02
 1DIAGNOSTIC,    41, -9.444395247380e-01, 1.302998414544e-05, 4.3556e+02, 9.4835e+00,    11, 1.154808615611e+01, 1.089157515001e+01, 1.154808615611e+01, 4.915493812066e-01, 1.150212533822e+05, 1.523579019724e+02, 7.019537381651e-01, 1.459406097349e+05, 2.881756416056e+02
 1DIAGNOSTIC,    42, -9.445065926230e-01, 1.221185321969e-05, 4.4517e+02, 9.6107e+00,    16, 1.186388835270e+01, 1.121235402337e+01, 1.186388835270e+01, 6.264159584383e-01, 1.152424925294e+05, 1.550143538530e+02, 8.572347523259e-01, 1.463831995078e+05, 2.860503600526e+02
 1DIAGNOSTIC,    43, -9.445773680136e-01, 1.153994904889e-05, 4.5472e+02, 9.5490e+00,    16, 1.217553042115e+01, 1.153560655783e+01, 1.217553042115e+01, 7.727421633669e-01, 1.154932394264e+05, 1.587254913734e+02, 1.085428151134e+00, 1.468554910842e+05, 2.845576578242e+02
 1DIAGNOSTIC,    44, -9.446405054609e-01, 1.093742740230e-05, 4.6422e+02, 9.4952e+00,    16, 1.240243409425e+01, 1.183878191532e+01, 1.240243409425e+01, 9.361162494648e-01, 1.157793677416e+05, 1.616510448461e+02, 1.236219466517e+00, 1.472537432806e+05, 2.830452155059e+02
 1DIAGNOSTIC,    45, -9.447092819400e-01, 1.043061988395e-05, 4.7360e+02, 9.3841e+00,    16, 1.261655529781e+01, 1.212129886440e+01, 1.261655529781e+01, 1.075119871144e+00, 1.160961394136e+05, 1.663461577322e+02, 1.477853498508e+00, 1.477037953193e+05, 2.822242252938e+02
 1DIAGNOSTIC,    46, -9.447706970297e-01, 9.974025883507e-06, 4.8329e+02, 9.6840e+00,    16, 1.274188337236e+01, 1.236005830766e+01, 1.274188337236e+01, 1.225799093533e+00, 1.164496165660e+05, 1.697945417744e+02, 1.561136864373e+00, 1.480624296934e+05, 2.814054604913e+02
 1DIAGNOSTIC,    47, -9.448364624017e-01, 9.578495293344e-06, 4.9291e+02, 9.6244e+00,    16, 1.290082665249e+01, 1.256744596761e+01, 1.290082665249e+01, 1.358539362560e+00, 1.168281665730e+05, 1.754217251581e+02, 1.806306769624e+00, 1.485004164855e+05, 2.820884017588e+02
 1DIAGNOSTIC,    48, -9.448943059251e-01, 9.171428707131e-06, 5.0239e+02, 9.4831e+00,    16, 1.298943735941e+01, 1.273022735527e+01, 1.298943735941e+01, 1.524147351094e+00, 1.172391055634e+05, 1.797340946582e+02, 1.861813208036e+00, 1.488211165790e+05, 2.830137244143e+02
 1DIAGNOSTIC,    49, -9.449630266653e-01, 8.856647342771e-06, 5.1178e+02, 9.3894e+00,    16, 1.324135483758e+01, 1.289801150393e+01, 1.324135483758e+01, 1.656714984069e+00, 1.176684610064e+05, 1.871933873765e+02, 2.191391960401e+00, 1.488287529303e+05, 2.492907873508e+02
 1DIAGNOSTIC,    50, -9.449294854306e-01, 7.981664174237e-06, 5.2127e+02, 9.4848e+00,    16, 1.333331538291e+01, 1.304136352095e+01, 1.333331538291e+01, 1.814761504099e+00, 1.181436690963e+05, 1.923643979949e+02, 2.136796022417e+00, 1.484642238218e+05, 2.282672159602e+02
 1DIAGNOSTIC,    51, -9.448792450674e-01, 6.584745673499e-06, 5.3094e+02, 9.6685e+00,    16, 1.345174339061e+01, 1.318333552460e+01, 1.345174339061e+01, 1.896547136315e+00, 1.186373056654e+05, 1.971075547641e+02, 2.293110684393e+00, 1.481023169163e+05, 2.153464418364e+02
 1DIAGNOSTIC,    52, -9.447940085630e-01, 4.567356974086e-06, 5.4052e+02, 9.5861e+00,    16, 1.340054162418e+01, 1.328327851894e+01, 1.345174339061e+01, 1.954313891639e+00, 1.191911234351e+05, 2.017800334921e+02, 2.218229774601e+00, 1.477541298782e+05, 2.230554421337e+02
 1DIAGNOSTIC,    53, -9.447731667084e-01, 2.531356675453e-06, 5.4995e+02, 9.4325e+00,    16, 1.348935209279e+01, 1.338326146561e+01, 1.348935209279e+01, 1.975619824092e+00, 1.197237226221e+05, 2.026086497852e+02, 2.362616220232e+00, 1.474667766274e+05, 2.146736125273e+02
 1DIAGNOSTIC,    54, -9.447085569229e-01, 3.630160397561e-07, 5.5949e+02, 9.5377e+00,    16, 1.340969475229e+01, 1.341692944856e+01, 1.348935209279e+01, 2.001410091777e+00, 1.203232191375e+05, 2.092937698792e+02, 2.277992481274e+00, 1.472044554749e+05, 2.250731849465e+02
XXDIAGNOSTIC,Iteration,metricValue,convergenceValue,ITERATION_TIME_INDEX,SINCE_LAST,VPREC_PRECISION,PMIN_ESTIMATE,PMIN_ESTIMATE_ROLLING_AVG,PMIN_ESTIMATE_ROLLING_MAX,M_LIPSCHITZ,M_PARAMS_NORM,M_GRAD_NORM,F_LIPSCHITZ,F_PARAMS_NORM,F_GRAD_NORM
 1DIAGNOSTIC,     1, -8.949397844540e-01, 1.797693134862e+308, 6.4070e+02, 8.1211e+01,    16, 1.340969475229e+01, 1.341692944856e+01, 1.348935209279e+01, 2.001410091777e+00, 1.203232191375e+05, 2.092937698792e+02, 2.277992481274e+00, 1.472044554749e+05, 2.250731849465e+02
 1DIAGNOSTIC,     2, -8.956848588010e-01, 1.797693134862e+308, 7.1765e+02, 7.6946e+01,    16, 1.196775166953e+01, 1.314381670588e+01, 1.348935209279e+01, 7.772824336723e-02, 9.314100408184e+05, 1.325741187632e+02, 7.970652341040e-02, 1.125780674099e+06, 2.107369787518e+02
 1DIAGNOSTIC,     3, -8.970524862292e-01, 1.797693134862e+308, 7.9375e+02, 7.6098e+01,    16, 1.141533112813e+01, 1.273653425338e+01, 1.348935209279e+01, 5.190632526831e-02, 9.290718344088e+05, 1.311189465888e+02, 5.428273017028e-02, 1.121778137171e+06, 2.064790572894e+02
 1DIAGNOSTIC,     4, -8.983439023634e-01, 1.797693134862e+308, 8.7008e+02, 7.6329e+01,    16, 1.133637614940e+01, 1.232370115843e+01, 1.348935209279e+01, 5.150288774981e-02, 9.269438913135e+05, 1.339053464049e+02, 5.080642789986e-02, 1.118096549991e+06, 2.097035854632e+02
 1DIAGNOSTIC,     5, -8.995448804282e-01, 1.797693134862e+308, 9.4763e+02, 7.7550e+01,    16, 1.145049015411e+01, 1.191592877069e+01, 1.340969475229e+01, 5.740839023903e-02, 9.250628986589e+05, 1.392323565031e+02, 5.815750251174e-02, 1.114792759159e+06, 2.178313906585e+02
 1DIAGNOSTIC,     6, -9.006927366784e-01, 1.797693134862e+308, 1.0238e+03, 7.6193e+01,    16, 1.165138407919e+01, 1.156426663607e+01, 1.196775166953e+01, 6.872228072093e-02, 9.234687713158e+05, 1.475137607615e+02, 7.294229541097e-02, 1.111936049994e+06, 2.315392296507e+02
 1DIAGNOSTIC,     7, -9.018102955551e-01, 1.797693134862e+308, 1.0997e+03, 7.5832e+01,    16, 1.176084468245e+01, 1.152288523865e+01, 1.176084468245e+01, 7.852911351834e-02, 9.221909042948e+05, 1.581841698108e+02, 8.658442431803e-02, 1.109582483440e+06, 2.500440298419e+02
 1DIAGNOSTIC,     8, -9.029187479063e-01, 1.797693134862e+308, 1.1762e+03, 7.6534e+01,    16, 1.184339629887e+01, 1.160849827280e+01, 1.184339629887e+01, 8.956187106131e-02, 9.212645693100e+05, 1.716391284878e+02, 1.017239795731e-01, 1.107800856311e+06, 2.742488487447e+02
 1DIAGNOSTIC,     9, -9.040439679147e-01, 1.797693134862e+308, 1.2534e+03, 7.7172e+01,    16, 1.196692465363e+01, 1.173460797365e+01, 1.196692465363e+01, 1.061411861193e-01, 9.193662625919e+05, 1.881248113935e+02, 1.250290285816e-01, 1.104500886918e+06, 3.051019841323e+02
 1DIAGNOSTIC,    10, -9.052034335806e-01, 7.450404748091e-04, 1.3304e+03, 7.7008e+01,    16, 1.186858579345e+01, 1.181822710152e+01, 1.196692465363e+01, 1.104773780267e-01, 9.195340905434e+05, 2.086637063401e+02, 1.313555008230e-01, 1.104514272289e+06, 3.450452456172e+02
 1DIAGNOSTIC,    11, -9.061722681815e-01, 6.733648074086e-04, 1.4082e+03, 7.7840e+01,    16, 1.178432491664e+01, 1.184481526901e+01, 1.196692465363e+01, 1.141589912412e-01, 9.184906318108e+05, 2.292958664711e+02, 1.398052123032e-01, 1.102695241274e+06, 3.867932958116e+02
 1DIAGNOSTIC,    12, -9.074355275104e-01, 6.056307576212e-04, 1.4845e+03, 7.6259e+01,    16, 1.191282316955e+01, 1.187521096643e+01, 1.196692465363e+01, 1.365709891679e-01, 9.196803267568e+05, 2.608965657644e+02, 1.867018949766e-01, 1.102313158271e+06, 4.531565588860e+02
 1DIAGNOSTIC,    13, -9.085512383332e-01, 5.532461557249e-04, 1.5623e+03, 7.7785e+01,    16, 1.156362598029e+01, 1.181925690271e+01, 1.196692465363e+01, 1.368835137812e-01, 9.196837727868e+05, 2.913899747640e+02, 1.388274144903e-01, 1.102750275890e+06, 5.062258929877e+02
 1DIAGNOSTIC,    14, -9.098376683435e-01, 5.156557537479e-04, 1.6395e+03, 7.7268e+01,    16, 1.132841224416e+01, 1.169155442082e+01, 1.191282316955e+01, 1.566180855125e-01, 9.206061531596e+05, 3.318566639151e+02, 9.338841146047e-02, 1.106119014857e+06, 5.451614051714e+02
 1DIAGNOSTIC,    15, -9.110598928555e-01, 4.864239139443e-04, 1.7161e+03, 7.6596e+01,    16, 1.093141298013e+01, 1.150411985816e+01, 1.191282316955e+01, 1.393215818909e-01, 9.221178966306e+05, 3.713542339831e+02, 6.371684083101e-02, 1.106808248373e+06, 5.513692343811e+02
 1DIAGNOSTIC,    16, -9.124369134419e-01, 4.655601827174e-04, 1.7930e+03, 7.6931e+01,    16, 1.100009399980e+01, 1.134727367479e+01, 1.191282316955e+01, 1.609158843255e-01, 9.243286890555e+05, 4.237128672226e+02, 7.143371103261e-02, 1.107893666960e+06, 5.423479038773e+02
 1DIAGNOSTIC,    17, -9.136125768768e-01, 4.463031032633e-04, 1.8707e+03, 7.7679e+01,    16, 1.047653705292e+01, 1.106001645146e+01, 1.156362598029e+01, 1.024552089407e-01, 9.269830800158e+05, 4.563900251708e+02, 6.640362083107e-02, 1.108950883089e+06, 5.351080350818e+02
 1DIAGNOSTIC,    18, -9.147390360969e-01, 4.266653533321e-04, 1.9481e+03, 7.7402e+01,    11, 1.014715360351e+01, 1.077672197610e+01, 1.132841224416e+01, 6.671997996063e-02, 9.295184142879e+05, 4.433917740618e+02, 6.472979863292e-02, 1.109993043909e+06, 5.311406312608e+02
 1DIAGNOSTIC,    19, -9.157655191172e-01, 4.048517275055e-04, 2.0249e+03, 7.6726e+01,    11, 1.003577929498e+01, 1.051819538627e+01, 1.100009399980e+01, 5.924204782732e-02, 9.319836510525e+05, 4.349625630778e+02, 6.107883565390e-02, 1.111062705915e+06, 5.311435988912e+02
 1DIAGNOSTIC,    20, -9.167070616667e-01, 3.804043076259e-04, 2.1018e+03, 7.6923e+01,    11, 9.951882880810e+00, 1.032228936640e+01, 1.100009399980e+01, 5.387994432013e-02, 9.344176611939e+05, 4.303469311562e+02, 5.902347152552e-02, 1.112166690356e+06, 5.322897195235e+02
 1DIAGNOSTIC,    21, -9.175812440743e-01, 3.500965307386e-04, 2.1790e+03, 7.7186e+01,    11, 9.893184085561e+00, 1.010090738355e+01, 1.047653705292e+01, 5.072680157225e-02, 9.368541209971e+05, 4.289019982002e+02, 5.747430521219e-02, 1.113299303678e+06, 5.335307847391e+02
 1DIAGNOSTIC,    22, -9.184006261312e-01, 3.193792090818e-04, 2.2559e+03, 7.6907e+01,    11, 9.809554610037e+00, 9.967510894978e+00, 1.014715360351e+01, 4.940240296901e-02, 9.393245508616e+05, 4.302989476138e+02, 5.168573675460e-02, 1.116857716563e+06, 5.252825033762e+02
 1DIAGNOSTIC,    23, -9.191644531238e-01, 2.868860916251e-04, 2.3326e+03, 7.6733e+01,    11, 1.014267782004e+01, 9.966615738285e+00, 1.014267782004e+01, 5.393561620829e-02, 9.417092662174e+05, 4.230650644940e+02, 7.077117817945e-02, 1.117145886649e+06, 5.126020852115e+02
 1DIAGNOSTIC,    24, -9.200351970981e-01, 2.582234224739e-04, 2.4091e+03, 7.6468e+01,    11, 1.013650457036e+01, 9.986760793361e+00, 1.014267782004e+01, 4.914098418710e-02, 9.457344581605e+05, 4.162124161071e+02, 7.236450962047e-02, 1.117744436017e+06, 5.009564885388e+02
 1DIAGNOSTIC,    25, -9.206424067793e-01, 2.302560955440e-04, 2.4865e+03, 7.7462e+01,    11, 9.877658873613e+00, 9.971915991922e+00, 1.014267782004e+01, 4.588275920240e-02, 9.475939401255e+05, 4.148450027844e+02, 5.469156835155e-02, 1.118284120875e+06, 4.954013301091e+02
 1DIAGNOSTIC,    26, -9.213364866020e-01, 2.076134756235e-04, 2.5633e+03, 7.6761e+01,    11, 9.990407739328e+00, 9.991360722675e+00, 1.014267782004e+01, 4.840854470970e-02, 9.498300619814e+05, 4.154369637840e+02, 5.963823314252e-02, 1.118739603670e+06, 4.900842096253e+02
 1DIAGNOSTIC,    27, -9.218582635389e-01, 1.866184983685e-04, 2.6403e+03, 7.7042e+01,    11, 9.760694767615e+00, 9.981588754191e+00, 1.014267782004e+01, 4.292401291037e-02, 9.521250439753e+05, 4.183581927857e+02, 4.917162367169e-02, 1.119166173363e+06, 4.878738814629e+02
 1DIAGNOSTIC,    28, -9.223500556566e-01, 1.674903014374e-04, 2.7173e+03, 7.6979e+01,    11, 9.756468028855e+00, 9.904346795954e+00, 1.013650457036e+01, 4.392351298200e-02, 9.544849412752e+05, 4.228372982589e+02, 4.807235650968e-02, 1.119566102880e+06, 4.860868891443e+02
 1DIAGNOSTIC,    29, -9.228248032828e-01, 1.499461275184e-04, 2.7942e+03, 7.6925e+01,    11, 9.761951198366e+00, 9.829436121555e+00, 9.990407739328e+00, 4.396094504191e-02, 9.567776459449e+05, 4.184062317339e+02, 4.762431573841e-02, 1.119934771768e+06, 4.842392312257e+02
 1DIAGNOSTIC,    30, -9.232678837252e-01, 1.337330582763e-04, 2.8710e+03, 7.6754e+01,    11, 1.004816877614e+01, 9.863538102060e+00, 1.004816877614e+01, 4.564861628145e-02, 9.589848593038e+05, 4.127771475028e+02, 6.376371534054e-02, 1.120133788363e+06, 4.734867590030e+02
 1DIAGNOSTIC,    31, -9.236699206617e-01, 1.187160441974e-04, 2.9482e+03, 7.7214e+01,    11, 1.019470335992e+01, 9.904397226179e+00, 1.019470335992e+01, 4.312939297351e-02, 9.611178807872e+05, 4.078971096038e+02, 7.497176877663e-02, 1.120114872054e+06, 4.595445372327e+02
 1DIAGNOSTIC,    32, -9.240261606551e-01, 1.048278564895e-04, 3.0256e+03, 7.7406e+01,    11, 1.011907380103e+01, 9.976073032862e+00, 1.019470335992e+01, 4.043787734546e-02, 9.631891935877e+05, 4.038149748449e+02, 6.929657219479e-02, 1.119911815842e+06, 4.475863842225e+02
 1DIAGNOSTIC,    33, -9.243466684638e-01, 9.203208157113e-05, 3.1029e+03, 7.7275e+01,    11, 1.004705595084e+01, 1.003419061726e+01, 1.019470335992e+01, 3.825279601418e-02, 9.652088867082e+05, 4.003578134450e+02, 6.424318873000e-02, 1.119551869854e+06, 4.372801731696e+02
 1DIAGNOSTIC,    34, -9.246377134810e-01, 8.190603093286e-05, 3.1799e+03, 7.7052e+01,    11, 9.976702937364e+00, 1.007714096506e+01, 1.019470335992e+01, 3.631403215041e-02, 9.671850914992e+05, 3.974593195641e+02, 5.975826551578e-02, 1.119057905181e+06, 4.283522217107e+02
 1DIAGNOSTIC,    35, -9.249033476197e-01, 7.230757197327e-05, 3.2577e+03, 7.7759e+01,    11, 9.892670082730e+00, 1.004604122638e+01, 1.019470335992e+01, 3.466392844004e-02, 9.691243981746e+05, 3.950266664486e+02, 5.478899076561e-02, 1.118453878738e+06, 4.208464718366e+02
 1DIAGNOSTIC,    36, -9.251465440494e-01, 6.448048994275e-05, 3.3342e+03, 7.6503e+01,    11, 9.782100706179e+00, 9.963520695629e+00, 1.011907380103e+01, 3.326285075981e-02, 9.710330112942e+05, 3.929947836052e+02, 4.880223234401e-02, 1.117768177839e+06, 4.149966716769e+02
 1DIAGNOSTIC,    37, -9.253712599556e-01, 5.723504259718e-05, 3.4120e+03, 7.7821e+01,    11, 9.619651226503e+00, 9.863636180723e+00, 1.004705595084e+01, 3.211427625536e-02, 9.729153352767e+05, 3.912474940608e+02, 4.090419212553e-02, 1.117041711670e+06, 4.115464139875e+02
 1DIAGNOSTIC,    38, -9.255804586790e-01, 5.067556613154e-05, 3.4885e+03, 7.6514e+01,    11, 9.502158184182e+00, 9.754656627391e+00, 9.976702937364e+00, 3.124963050100e-02, 9.747743829870e+05, 3.897192040398e+02, 3.594660218649e-02, 1.116311889148e+06, 4.103390688491e+02
 1DIAGNOSTIC,    39, -9.257803243293e-01, 4.502004836570e-05, 3.5658e+03, 7.7287e+01,    11, 9.462934355722e+00, 9.651902911063e+00, 9.892670082730e+00, 3.059395815387e-02, 9.766119557677e+05, 3.883611412411e+02, 3.472355375180e-02, 1.115605464770e+06, 4.107946388421e+02
 1DIAGNOSTIC,    40, -9.259753702750e-01, 4.033359788963e-05, 3.6426e+03, 7.6734e+01,    11, 9.495301205296e+00, 9.572429135577e+00, 9.782100706179e+00, 3.012447859524e-02, 9.784290256249e+05, 3.871158739187e+02, 3.667504599340e-02, 1.114952048992e+06, 4.131221444947e+02
 1DIAGNOSTIC,    41, -9.261655890294e-01, 3.654065702325e-05, 3.7195e+03, 7.6904e+01,    11, 9.607696977201e+00, 9.537548389781e+00, 9.619651226503e+00, 2.984321770283e-02, 9.802258109363e+05, 3.859581046201e+02, 4.253407238733e-02, 1.114384129507e+06, 4.175619471651e+02
 1DIAGNOSTIC,    42, -9.263581058087e-01, 3.352664358819e-05, 3.7975e+03, 7.8043e+01,    11, 9.762456755314e+00, 9.566109495543e+00, 9.762456755314e+00, 2.974685795983e-02, 9.820015484308e+05, 3.848395662329e+02, 5.135294523986e-02, 1.113935018006e+06, 4.242387608760e+02
 1DIAGNOSTIC,    43, -9.265546800703e-01, 3.121401311589e-05, 3.8748e+03, 7.7312e+01,    11, 9.786836365471e+00, 9.623045131801e+00, 9.786836365471e+00, 2.979479072803e-02, 9.837548090675e+05, 3.837455515153e+02, 5.344613451046e-02, 1.113607329870e+06, 4.314300599061e+02
 1DIAGNOSTIC,    44, -9.267531691405e-01, 2.950717855030e-05, 3.9523e+03, 7.7460e+01,    11, 9.402150107055e+00, 9.610888282067e+00, 9.786836365471e+00, 2.986667566853e-02, 9.854843082401e+05, 3.827026810222e+02, 3.376609163741e-02, 1.113264537182e+06, 4.307834155607e+02
 1DIAGNOSTIC,    45, -9.269406085219e-01, 2.821066966954e-05, 4.0290e+03, 7.6756e+01,    11, 9.377888556157e+00, 9.587405752240e+00, 9.786836365471e+00, 2.933476565617e-02, 9.871922691995e+05, 3.817948157372e+02, 3.309645142595e-02, 1.112912484490e+06, 4.303872348463e+02
 1DIAGNOSTIC,    46, -9.271196828948e-01, 2.715482648904e-05, 4.1066e+03, 7.7613e+01,    11, 9.354466295473e+00, 9.536759615894e+00, 9.786836365471e+00, 2.882210631126e-02, 9.888809033101e+05, 3.809938242026e+02, 3.248875334608e-02, 1.112555062994e+06, 4.301832010681e+02
 1DIAGNOSTIC,    47, -9.272914937685e-01, 2.619820716235e-05, 4.1838e+03, 7.7202e+01,    11, 9.334155050453e+00, 9.451099274922e+00, 9.786836365471e+00, 2.838263191560e-02, 9.905512748028e+05, 3.802680351914e+02, 3.198581161986e-02, 1.112197757439e+06, 4.302758031247e+02
 1DIAGNOSTIC,    48, -9.274536843681e-01, 2.520758784288e-05, 4.2616e+03, 7.7739e+01,    11, 9.316610166968e+00, 9.357054035221e+00, 9.402150107055e+00, 2.798396545822e-02, 9.922049529488e+05, 3.796299362679e+02, 3.159389211812e-02, 1.111844533738e+06, 4.305923058564e+02
 1DIAGNOSTIC,    49, -9.276101827547e-01, 2.413304028953e-05, 4.3385e+03, 7.6898e+01,    11, 9.301544154996e+00, 9.336932844809e+00, 9.377888556157e+00, 2.763312649672e-02, 9.938428373882e+05, 3.790636632366e+02, 3.128301142967e-02, 1.111498077833e+06, 4.310713788935e+02
 1DIAGNOSTIC,    50, -9.277617479258e-01, 2.297461294930e-05, 4.4157e+03, 7.7205e+01,    11, 9.286309268346e+00, 9.318616987247e+00, 9.354466295473e+00, 2.731983316658e-02, 9.954652516785e+05, 3.785500419946e+02, 3.094321722963e-02, 1.111159574183e+06, 4.316167374852e+02
XXDIAGNOSTIC,Iteration,metricValue,convergenceValue,ITERATION_TIME_INDEX,SINCE_LAST,VPREC_PRECISION,PMIN_ESTIMATE,PMIN_ESTIMATE_ROLLING_AVG,PMIN_ESTIMATE_ROLLING_MAX,M_LIPSCHITZ,M_PARAMS_NORM,M_GRAD_NORM,F_LIPSCHITZ,F_PARAMS_NORM,F_GRAD_NORM
 1DIAGNOSTIC,     1, -8.830934600137e-01, 1.797693134862e+308, 5.0792e+03, 6.6354e+02,    11, 9.286309268346e+00, 9.318616987247e+00, 9.354466295473e+00, 2.731983316658e-02, 9.954652516785e+05, 3.785500419946e+02, 3.094321722963e-02, 1.111159574183e+06, 4.316167374852e+02
 1DIAGNOSTIC,     2, -8.844630785192e-01, 1.797693134862e+308, 5.7302e+03, 6.5095e+02,    11, 1.311450542246e+01, 1.007062481264e+01, 1.311450542246e+01, 1.016862257343e-01, 7.910352058609e+06, 6.460578101258e+02, 7.614194469047e-02, 8.806262359930e+06, 7.393963647653e+02
 1DIAGNOSTIC,     3, -8.860845105772e-01, 1.797693134862e+308, 6.3792e+03, 6.4898e+02,    11, 1.343373045171e+01, 1.089053989290e+01, 1.343373045171e+01, 1.076359983584e-01, 7.909450812289e+06, 5.885101246226e+02, 9.538959678468e-02, 8.806043851301e+06, 6.783854112199e+02
 1DIAGNOSTIC,     4, -8.875130609886e-01, 1.797693134862e+308, 7.0309e+03, 6.5178e+02,    16, 1.332952422975e+01, 1.169312270545e+01, 1.343373045171e+01, 9.242817312354e-02, 7.908353003732e+06, 5.476275493563e+02, 8.376640259603e-02, 8.804751808791e+06, 6.341769955226e+02
 1DIAGNOSTIC,     5, -8.888532516176e-01, 1.797693134862e+308, 7.6803e+03, 6.4935e+02,    16, 1.318942865371e+01, 1.247069960520e+01, 1.343373045171e+01, 7.990199880958e-02, 7.907162369415e+06, 5.189090977723e+02, 7.193907997767e-02, 8.803350441384e+06, 6.036869049772e+02
 1DIAGNOSTIC,     6, -8.900546848299e-01, 1.797693134862e+308, 8.3372e+03, 6.5687e+02,    16, 1.350232211089e+01, 1.331390217371e+01, 1.350232211089e+01, 6.220296523921e-02, 7.910193374767e+06, 4.993859310682e+02, 1.137656259143e-01, 8.801149340616e+06, 5.470534898962e+02
 1DIAGNOSTIC,     7, -8.911044452503e-01, 1.797693134862e+308, 8.9835e+03, 6.4635e+02,    16, 1.345015890214e+01, 1.338103286964e+01, 1.350232211089e+01, 5.179027390160e-02, 7.912594866779e+06, 4.893135719903e+02, 1.068868341662e-01, 8.798239290151e+06, 5.007262564135e+02
 1DIAGNOSTIC,     8, -8.921064843983e-01, 1.797693134862e+308, 9.6463e+03, 6.6280e+02,    16, 1.328531987187e+01, 1.335135075367e+01, 1.350232211089e+01, 4.672947785488e-02, 7.915253393678e+06, 4.882733661827e+02, 8.869529843917e-02, 8.794850256044e+06, 4.685425552904e+02
 1DIAGNOSTIC,     9, -8.930134271177e-01, 1.797693134862e+308, 1.0294e+04, 6.4798e+02,    16, 1.306705482064e+01, 1.329885687185e+01, 1.350232211089e+01, 4.771423418848e-02, 7.918399996204e+06, 4.963104857707e+02, 6.751218269359e-02, 8.791245391144e+06, 4.492857190210e+02
 1DIAGNOSTIC,    10, -8.938667551165e-01, 7.815051234675e-04, 1.0938e+04, 6.4366e+02,    16, 1.289409463874e+01, 1.323979006886e+01, 1.350232211089e+01, 5.485446242793e-02, 7.922207464417e+06, 5.122968733400e+02, 5.020059069067e-02, 8.787694075460e+06, 4.416991860135e+02
 1DIAGNOSTIC,    11, -8.946908412834e-01, 6.587644657380e-04, 1.1589e+04, 6.5071e+02,    16, 1.278029170751e+01, 1.309538398818e+01, 1.345015890214e+01, 5.264028738790e-02, 7.921886174092e+06, 5.209159538517e+02, 4.585937044943e-02, 8.784451558208e+06, 4.444531455638e+02
 1DIAGNOSTIC,    12, -8.954773781926e-01, 5.543005202139e-04, 1.2235e+04, 6.4597e+02,    16, 1.283180909907e+01, 1.297171402756e+01, 1.328531987187e+01, 4.075866115422e-02, 7.927233747396e+06, 5.218148336051e+02, 6.017155992448e-02, 8.781838941842e+06, 4.595773853301e+02
 1DIAGNOSTIC,    13, -8.961416916993e-01, 4.716157688106e-04, 1.2886e+04, 6.5102e+02,    16, 1.306155223145e+01, 1.292696049948e+01, 1.306705482064e+01, 4.650327253690e-02, 7.927474626547e+06, 5.273065398811e+02, 7.585333907291e-02, 8.780101679750e+06, 4.842836164453e+02
 1DIAGNOSTIC,    14, -8.968957402040e-01, 4.073540802557e-04, 1.3538e+04, 6.5233e+02,    16, 1.330604400549e+01, 1.297475833645e+01, 1.330604400549e+01, 5.307271606238e-02, 7.929053045261e+06, 5.373141003981e+02, 9.930401158827e-02, 8.779513620122e+06, 5.207353053473e+02
 1DIAGNOSTIC,    15, -8.975634446306e-01, 3.568370009129e-04, 1.4192e+04, 6.5356e+02,    16, 1.317124034951e+01, 1.303018747861e+01, 1.330604400549e+01, 4.870029277985e-02, 7.931016180765e+06, 5.456292985032e+02, 9.750328622122e-02, 8.780093688120e+06, 5.594135122082e+02
 1DIAGNOSTIC,    16, -8.982224485420e-01, 3.167571166608e-04, 1.4847e+04, 6.5554e+02,    16, 1.332034159977e+01, 1.313819745706e+01, 1.332034159977e+01, 5.055282366450e-02, 7.933340978462e+06, 5.549162967051e+02, 1.211716567579e-01, 8.776113919439e+06, 6.044943239663e+02
 1DIAGNOSTIC,    17, -8.988863333857e-01, 2.841590208849e-04, 1.5498e+04, 6.5110e+02,    16, 1.317588270260e+01, 1.320701217776e+01, 1.332034159977e+01, 5.684056775365e-02, 7.936106004073e+06, 5.682105817600e+02, 1.087269518015e-01, 8.780452792823e+06, 6.576926959190e+02
 1DIAGNOSTIC,    18, -8.994522101880e-01, 2.565239666134e-04, 1.6154e+04, 6.5547e+02,    16, 1.324323699378e+01, 1.324334913023e+01, 1.332034159977e+01, 5.979845133456e-02, 7.939386799969e+06, 5.849633368613e+02, 1.250716577584e-01, 8.779276337144e+06, 7.124868805773e+02
 1DIAGNOSTIC,    19, -9.001575021215e-01, 2.349351451855e-04, 1.6810e+04, 6.5621e+02,    16, 1.334432483564e+01, 1.325100529626e+01, 1.334432483564e+01, 7.109125718752e-02, 7.943258395224e+06, 6.061053170495e+02, 1.419875412154e-01, 8.780884185103e+06, 7.832326646710e+02
 1DIAGNOSTIC,    20, -9.007630958298e-01, 2.166972108778e-04, 1.7462e+04, 6.5225e+02,    16, 1.258523998969e+01, 1.313380522430e+01, 1.334432483564e+01, 7.380958944043e-02, 7.947784525811e+06, 6.304723109557e+02, 5.082757903054e-02, 8.782876324356e+06, 7.962811033847e+02
  Elapsed time (stage 2): 17466.722816


Total elapsed time: 18030.736758
