All_Command_lines_OK
Using double precision for computations.
=============================================================================
The composite transform comprises the following transforms (in order): 
  1. Center of mass alignment using fixed image: /templateflow/tpl-MNI152NLin2009cAsym/tpl-MNI152NLin2009cAsym_res-01_desc-brain_T1w.nii.gz and moving image: /mnt/lustre/mathdugre/ants-amp/datasets/corr/RawDataBIDS/BMB_1/derivatives/antsBrainExtraction/sub-0003063/BrainExtractionBrain.nii.gz (type = Euler3DTransform)
=============================================================================
  number of levels = 4
  number of levels = 4
  number of levels = 4
  fixed image: /templateflow/tpl-MNI152NLin2009cAsym/tpl-MNI152NLin2009cAsym_res-01_desc-brain_T1w.nii.gz
  moving image: /mnt/lustre/mathdugre/ants-amp/datasets/corr/RawDataBIDS/BMB_1/derivatives/antsBrainExtraction/sub-0003063/BrainExtractionBrain.nii.gz
  fixed image: /templateflow/tpl-MNI152NLin2009cAsym/tpl-MNI152NLin2009cAsym_res-01_desc-brain_T1w.nii.gz
  moving image: /mnt/lustre/mathdugre/ants-amp/datasets/corr/RawDataBIDS/BMB_1/derivatives/antsBrainExtraction/sub-0003063/BrainExtractionBrain.nii.gz
  fixed image: /templateflow/tpl-MNI152NLin2009cAsym/tpl-MNI152NLin2009cAsym_res-01_desc-brain_T1w.nii.gz
  moving image: /mnt/lustre/mathdugre/ants-amp/datasets/corr/RawDataBIDS/BMB_1/derivatives/antsBrainExtraction/sub-0003063/BrainExtractionBrain.nii.gz
Dimension = 3
Number of stages = 3
Use histogram matching = false
Winsorize image intensities = true
  Lower quantile = 0.005
  Upper quantile = 0.995


Stage 1 State
   Image metric = MattesMI
     Fixed image = Image (0x555a2301c360)
  RTTI typeinfo:   itk::Image<double, 3u>
  Reference Count: 2
  Modified Time: 2368
  Debug: Off
  Object Name: 
  Observers: 
    none
  Source: (none)
  Source output name: (none)
  Release Data: Off
  Data Released: False
  Global Release Data: Off
  PipelineMTime: 0
  UpdateMTime: 1979
  RealTimeStamp: 0 seconds 
  LargestPossibleRegion: 
    Dimension: 3
    Index: [0, 0, 0]
    Size: [193, 229, 193]
  BufferedRegion: 
    Dimension: 3
    Index: [0, 0, 0]
    Size: [193, 229, 193]
  RequestedRegion: 
    Dimension: 3
    Index: [0, 0, 0]
    Size: [193, 229, 193]
  Spacing: [1, 1, 1]
  Origin: [96, 132, -78]
  Direction: 
-1 0 0
0 -1 0
0 0 1

  IndexToPointMatrix: 
-1 0 0
0 -1 0
0 0 1

  PointToIndexMatrix: 
-1 0 0
0 -1 0
0 0 1

  Inverse Direction: 
-1 0 0
0 -1 0
0 0 1

  PixelContainer: 
    ImportImageContainer (0x555a23013a00)
      RTTI typeinfo:   itk::ImportImageContainer<unsigned long, double>
      Reference Count: 1
      Modified Time: 1976
      Debug: Off
      Object Name: 
      Observers: 
        none
      Pointer: 0x7f0aa0bd4010
      Container manages memory: true
      Size: 8530021
      Capacity: 8530021

     Moving image = Image (0x555a2301fa20)
  RTTI typeinfo:   itk::Image<double, 3u>
  Reference Count: 2
  Modified Time: 2369
  Debug: Off
  Object Name: 
  Observers: 
    none
  Source: (none)
  Source output name: (none)
  Release Data: Off
  Data Released: False
  Global Release Data: Off
  PipelineMTime: 0
  UpdateMTime: 2366
  RealTimeStamp: 0 seconds 
  LargestPossibleRegion: 
    Dimension: 3
    Index: [0, 0, 0]
    Size: [176, 256, 256]
  BufferedRegion: 
    Dimension: 3
    Index: [0, 0, 0]
    Size: [176, 256, 256]
  RequestedRegion: 
    Dimension: 3
    Index: [0, 0, 0]
    Size: [176, 256, 256]
  Spacing: [1, 1, 1]
  Origin: [-75.4364, 93.7773, -123.45]
  Direction: 
1 0 0
0 -1 0
0 0 1

  IndexToPointMatrix: 
1 0 0
0 -1 0
0 0 1

  PointToIndexMatrix: 
1 0 0
0 -1 0
0 0 1

  Inverse Direction: 
1 0 0
0 -1 0
0 0 1

  PixelContainer: 
    ImportImageContainer (0x555a251f1c90)
      RTTI typeinfo:   itk::ImportImageContainer<unsigned long, double>
      Reference Count: 1
      Modified Time: 2363
      Debug: Off
      Object Name: 
      Observers: 
        none
      Pointer: 0x7f0a9b3d3010
      Container manages memory: true
      Size: 11534336
      Capacity: 11534336

     Weighting = 1
     Sampling strategy = regular
     Number of bins = 32
     Radius = 4
     Sampling percentage  = 0.25
   Transform = Rigid
     Gradient step = 0.1
     Update field sigma (voxel space) = 0
     Total field sigma (voxel space) = 0
     Update field time sigma = 0
     Total field time sigma  = 0
     Number of time indices = 0
     Number of time point samples = 0
Stage 2 State
   Image metric = MattesMI
     Fixed image = Image (0x555a231429c0)
  RTTI typeinfo:   itk::Image<double, 3u>
  Reference Count: 2
  Modified Time: 3144
  Debug: Off
  Object Name: 
  Observers: 
    none
  Source: (none)
  Source output name: (none)
  Release Data: Off
  Data Released: False
  Global Release Data: Off
  PipelineMTime: 0
  UpdateMTime: 2755
  RealTimeStamp: 0 seconds 
  LargestPossibleRegion: 
    Dimension: 3
    Index: [0, 0, 0]
    Size: [193, 229, 193]
  BufferedRegion: 
    Dimension: 3
    Index: [0, 0, 0]
    Size: [193, 229, 193]
  RequestedRegion: 
    Dimension: 3
    Index: [0, 0, 0]
    Size: [193, 229, 193]
  Spacing: [1, 1, 1]
  Origin: [96, 132, -78]
  Direction: 
-1 0 0
0 -1 0
0 0 1

  IndexToPointMatrix: 
-1 0 0
0 -1 0
0 0 1

  PointToIndexMatrix: 
-1 0 0
0 -1 0
0 0 1

  Inverse Direction: 
-1 0 0
0 -1 0
0 0 1

  PixelContainer: 
    ImportImageContainer (0x555a23131f30)
      RTTI typeinfo:   itk::ImportImageContainer<unsigned long, double>
      Reference Count: 1
      Modified Time: 2752
      Debug: Off
      Object Name: 
      Observers: 
        none
      Pointer: 0x7f0a972be010
      Container manages memory: true
      Size: 8530021
      Capacity: 8530021

     Moving image = Image (0x555a231447c0)
  RTTI typeinfo:   itk::Image<double, 3u>
  Reference Count: 2
  Modified Time: 3145
  Debug: Off
  Object Name: 
  Observers: 
    none
  Source: (none)
  Source output name: (none)
  Release Data: Off
  Data Released: False
  Global Release Data: Off
  PipelineMTime: 0
  UpdateMTime: 3142
  RealTimeStamp: 0 seconds 
  LargestPossibleRegion: 
    Dimension: 3
    Index: [0, 0, 0]
    Size: [176, 256, 256]
  BufferedRegion: 
    Dimension: 3
    Index: [0, 0, 0]
    Size: [176, 256, 256]
  RequestedRegion: 
    Dimension: 3
    Index: [0, 0, 0]
    Size: [176, 256, 256]
  Spacing: [1, 1, 1]
  Origin: [-75.4364, 93.7773, -123.45]
  Direction: 
1 0 0
0 -1 0
0 0 1

  IndexToPointMatrix: 
1 0 0
0 -1 0
0 0 1

  PointToIndexMatrix: 
1 0 0
0 -1 0
0 0 1

  Inverse Direction: 
1 0 0
0 -1 0
0 0 1

  PixelContainer: 
    ImportImageContainer (0x555a23147190)
      RTTI typeinfo:   itk::ImportImageContainer<unsigned long, double>
      Reference Count: 1
      Modified Time: 3139
      Debug: Off
      Object Name: 
      Observers: 
        none
      Pointer: 0x7f0a91abd010
      Container manages memory: true
      Size: 11534336
      Capacity: 11534336

     Weighting = 1
     Sampling strategy = regular
     Number of bins = 32
     Radius = 4
     Sampling percentage  = 0.25
   Transform = Affine
     Gradient step = 0.1
     Update field sigma (voxel space) = 0
     Total field sigma (voxel space) = 0
     Update field time sigma = 0
     Total field time sigma  = 0
     Number of time indices = 0
     Number of time point samples = 0
Stage 3 State
   Image metric = CC
     Fixed image = Image (0x555a2312e240)
  RTTI typeinfo:   itk::Image<double, 3u>
  Reference Count: 2
  Modified Time: 3920
  Debug: Off
  Object Name: 
  Observers: 
    none
  Source: (none)
  Source output name: (none)
  Release Data: Off
  Data Released: False
  Global Release Data: Off
  PipelineMTime: 0
  UpdateMTime: 3531
  RealTimeStamp: 0 seconds 
  LargestPossibleRegion: 
    Dimension: 3
    Index: [0, 0, 0]
    Size: [193, 229, 193]
  BufferedRegion: 
    Dimension: 3
    Index: [0, 0, 0]
    Size: [193, 229, 193]
  RequestedRegion: 
    Dimension: 3
    Index: [0, 0, 0]
    Size: [193, 229, 193]
  Spacing: [1, 1, 1]
  Origin: [96, 132, -78]
  Direction: 
-1 0 0
0 -1 0
0 0 1

  IndexToPointMatrix: 
-1 0 0
0 -1 0
0 0 1

  PointToIndexMatrix: 
-1 0 0
0 -1 0
0 0 1

  Inverse Direction: 
-1 0 0
0 -1 0
0 0 1

  PixelContainer: 
    ImportImageContainer (0x555a2306b600)
      RTTI typeinfo:   itk::ImportImageContainer<unsigned long, double>
      Reference Count: 1
      Modified Time: 3528
      Debug: Off
      Object Name: 
      Observers: 
        none
      Pointer: 0x7f0a8d9a8010
      Container manages memory: true
      Size: 8530021
      Capacity: 8530021

     Moving image = Image (0x555a23146e70)
  RTTI typeinfo:   itk::Image<double, 3u>
  Reference Count: 2
  Modified Time: 3921
  Debug: Off
  Object Name: 
  Observers: 
    none
  Source: (none)
  Source output name: (none)
  Release Data: Off
  Data Released: False
  Global Release Data: Off
  PipelineMTime: 0
  UpdateMTime: 3918
  RealTimeStamp: 0 seconds 
  LargestPossibleRegion: 
    Dimension: 3
    Index: [0, 0, 0]
    Size: [176, 256, 256]
  BufferedRegion: 
    Dimension: 3
    Index: [0, 0, 0]
    Size: [176, 256, 256]
  RequestedRegion: 
    Dimension: 3
    Index: [0, 0, 0]
    Size: [176, 256, 256]
  Spacing: [1, 1, 1]
  Origin: [-75.4364, 93.7773, -123.45]
  Direction: 
1 0 0
0 -1 0
0 0 1

  IndexToPointMatrix: 
1 0 0
0 -1 0
0 0 1

  PointToIndexMatrix: 
1 0 0
0 -1 0
0 0 1

  Inverse Direction: 
1 0 0
0 -1 0
0 0 1

  PixelContainer: 
    ImportImageContainer (0x555a2312a0d0)
      RTTI typeinfo:   itk::ImportImageContainer<unsigned long, double>
      Reference Count: 1
      Modified Time: 3915
      Debug: Off
      Object Name: 
      Observers: 
        none
      Pointer: 0x7f0a881a7010
      Container manages memory: true
      Size: 11534336
      Capacity: 11534336

     Weighting = 1
     Sampling strategy = none
     Number of bins = 32
     Radius = 4
     Sampling percentage  = 1
   Transform = SyN
     Gradient step = 0.1
     Update field sigma (voxel space) = 3
     Total field sigma (voxel space) = 0
     Update field time sigma = 0
     Total field time sigma  = 0
     Number of time indices = 0
     Number of time point samples = 0
Registration using 3 total stages.

Stage 0
  iterations = 1000x500x250x100
  convergence threshold = 1e-06
  convergence window size = 10
  number of levels = 4
  using the Mattes MI metric (number of bins = 32, weight = 1, use gradient filter = 0)
  preprocessing:  winsorizing the image intensities
  Shrink factors (level 1 out of 4): [8, 8, 8]
  Shrink factors (level 2 out of 4): [4, 4, 4]
  Shrink factors (level 3 out of 4): [2, 2, 2]
  Shrink factors (level 4 out of 4): [1, 1, 1]
  smoothing sigmas per level: [3, 2, 1, 0]
  regular sampling (percentage = 0.25)

*** Running Euler3DTransform registration ***

DIAGNOSTIC,Iteration,metricValue,convergenceValue,ITERATION_TIME_INDEX,SINCE_LAST
 2DIAGNOSTIC,     1, -5.108367135586e-01, 1.797693134862e+308, 3.4506e-01, 3.4506e-01, 
 2DIAGNOSTIC,     2, -5.124518884686e-01, 1.797693134862e+308, 3.4870e-01, 3.6359e-03, 
 2DIAGNOSTIC,     3, -5.146891939491e-01, 1.797693134862e+308, 3.5219e-01, 3.4862e-03, 
 2DIAGNOSTIC,     4, -5.176553438927e-01, 1.797693134862e+308, 3.5567e-01, 3.4831e-03, 
 2DIAGNOSTIC,     5, -5.200565734185e-01, 1.797693134862e+308, 3.5815e-01, 2.4800e-03, 
 2DIAGNOSTIC,     6, -5.220775379131e-01, 1.797693134862e+308, 3.6090e-01, 2.7549e-03, 
 2DIAGNOSTIC,     7, -5.295641944879e-01, 1.797693134862e+308, 3.6425e-01, 3.3479e-03, 
 2DIAGNOSTIC,     8, -5.299959874922e-01, 1.797693134862e+308, 3.6753e-01, 3.2840e-03, 
 2DIAGNOSTIC,     9, -5.303933378979e-01, 1.797693134862e+308, 3.7191e-01, 4.3709e-03, 
 2DIAGNOSTIC,    10, -5.302811164202e-01, 2.822329519059e-03, 3.7607e-01, 4.1671e-03, 
 2DIAGNOSTIC,    11, -5.303072831954e-01, 2.291964470837e-03, 3.7871e-01, 2.6360e-03, 
 2DIAGNOSTIC,    12, -5.302755745841e-01, 1.712439875888e-03, 3.8174e-01, 3.0270e-03, 
 2DIAGNOSTIC,    13, -5.303060810892e-01, 1.161089726064e-03, 3.8469e-01, 2.9531e-03, 
 2DIAGNOSTIC,    14, -5.302532769951e-01, 6.997680569294e-04, 3.8767e-01, 2.9812e-03, 
 2DIAGNOSTIC,    15, -5.301294498357e-01, 3.207265664987e-04, 3.9031e-01, 2.6350e-03, 
 2DIAGNOSTIC,    16, -5.301708293869e-01, 2.336790469738e-05, 3.9297e-01, 2.6660e-03, 
DIAGNOSTIC,Iteration,metricValue,convergenceValue,ITERATION_TIME_INDEX,SINCE_LAST
 2DIAGNOSTIC,     1, -4.290280557790e-01, 1.797693134862e+308, 7.6336e-01, 3.7038e-01, 
 2DIAGNOSTIC,     2, -4.293441721578e-01, 1.797693134862e+308, 7.8179e-01, 1.8434e-02, 
 2DIAGNOSTIC,     3, -4.298160373504e-01, 1.797693134862e+308, 8.0067e-01, 1.8882e-02, 
 2DIAGNOSTIC,     4, -4.305822758182e-01, 1.797693134862e+308, 8.1955e-01, 1.8882e-02, 
 2DIAGNOSTIC,     5, -4.313140555588e-01, 1.797693134862e+308, 8.3755e-01, 1.7999e-02, 
 2DIAGNOSTIC,     6, -4.331732903685e-01, 1.797693134862e+308, 8.5614e-01, 1.8586e-02, 
 2DIAGNOSTIC,     7, -4.377829472436e-01, 1.797693134862e+308, 8.7658e-01, 2.0443e-02, 
 2DIAGNOSTIC,     8, -4.396352120900e-01, 1.797693134862e+308, 9.0040e-01, 2.3816e-02, 
 2DIAGNOSTIC,     9, -4.403027063874e-01, 1.797693134862e+308, 9.1797e-01, 1.7576e-02, 
 2DIAGNOSTIC,    10, -4.444933833943e-01, 2.331653719589e-03, 9.3689e-01, 1.8915e-02, 
 2DIAGNOSTIC,    11, -4.469554398792e-01, 2.487982169516e-03, 9.5442e-01, 1.7530e-02, 
 2DIAGNOSTIC,    12, -4.484292761365e-01, 2.486642161756e-03, 9.7198e-01, 1.7565e-02, 
 2DIAGNOSTIC,    13, -4.507171984451e-01, 2.399687479689e-03, 9.9706e-01, 2.5074e-02, 
 2DIAGNOSTIC,    14, -4.539831728750e-01, 2.295189452121e-03, 1.0152e+00, 1.8167e-02, 
 2DIAGNOSTIC,    15, -4.551028060182e-01, 2.071644489165e-03, 1.0352e+00, 1.9965e-02, 
 2DIAGNOSTIC,    16, -4.558591058970e-01, 1.788009977973e-03, 1.0551e+00, 1.9934e-02, 
 2DIAGNOSTIC,    17, -4.562900137681e-01, 1.566279685959e-03, 1.0753e+00, 2.0205e-02, 
 2DIAGNOSTIC,    18, -4.569692561706e-01, 1.316930601511e-03, 1.1000e+00, 2.4636e-02, 
 2DIAGNOSTIC,    19, -4.574379824409e-01, 1.006632048413e-03, 1.1170e+00, 1.7047e-02, 
 2DIAGNOSTIC,    20, -4.594945685364e-01, 8.331718042985e-04, 1.1354e+00, 1.8437e-02, 
 2DIAGNOSTIC,    21, -4.619602455870e-01, 7.484055896381e-04, 1.1556e+00, 2.0151e-02, 
 2DIAGNOSTIC,    22, -4.624980556534e-01, 6.585477445709e-04, 1.1740e+00, 1.8387e-02, 
 2DIAGNOSTIC,    23, -4.629811079653e-01, 5.910678530546e-04, 1.1917e+00, 1.7734e-02, 
 2DIAGNOSTIC,    24, -4.644780272647e-01, 6.001716700444e-04, 1.2204e+00, 2.8649e-02, 
 2DIAGNOSTIC,    25, -4.645590858398e-01, 5.808195549789e-04, 1.2374e+00, 1.7001e-02, 
 2DIAGNOSTIC,    26, -4.647641470749e-01, 5.313976938707e-04, 1.2572e+00, 1.9818e-02, 
 2DIAGNOSTIC,    27, -4.648443789042e-01, 4.483106816791e-04, 1.2808e+00, 2.3588e-02, 
 2DIAGNOSTIC,    28, -4.648342127547e-01, 3.451722954773e-04, 1.2994e+00, 1.8614e-02, 
 2DIAGNOSTIC,    29, -4.648371376677e-01, 2.262445398353e-04, 1.3171e+00, 1.7750e-02, 
 2DIAGNOSTIC,    30, -4.648338037743e-01, 1.360424705555e-04, 1.3370e+00, 1.9885e-02, 
 2DIAGNOSTIC,    31, -4.648226856503e-01, 8.914718052574e-05, 1.3543e+00, 1.7310e-02, 
 2DIAGNOSTIC,    32, -4.648202678971e-01, 4.752713493052e-05, 1.3733e+00, 1.8988e-02, 
 2DIAGNOSTIC,    33, -4.648179866920e-01, 1.250967350871e-05, 1.3922e+00, 1.8913e-02, 
 2DIAGNOSTIC,    34, -4.648016047845e-01, 5.887003227401e-06, 1.4179e+00, 2.5712e-02, 
DIAGNOSTIC,Iteration,metricValue,convergenceValue,ITERATION_TIME_INDEX,SINCE_LAST
 2DIAGNOSTIC,     1, -4.071313963501e-01, 1.797693134862e+308, 1.9888e+00, 5.7085e-01, 
 2DIAGNOSTIC,     2, -4.074368737916e-01, 1.797693134862e+308, 2.1228e+00, 1.3404e-01, 
 2DIAGNOSTIC,     3, -4.078383224308e-01, 1.797693134862e+308, 2.2601e+00, 1.3723e-01, 
 2DIAGNOSTIC,     4, -4.080835362622e-01, 1.797693134862e+308, 2.4113e+00, 1.5125e-01, 
 2DIAGNOSTIC,     5, -4.081304683017e-01, 1.797693134862e+308, 2.5830e+00, 1.7168e-01, 
 2DIAGNOSTIC,     6, -4.081262193228e-01, 1.797693134862e+308, 2.7682e+00, 1.8519e-01, 
 2DIAGNOSTIC,     7, -4.081247320090e-01, 1.797693134862e+308, 2.9194e+00, 1.5117e-01, 
 2DIAGNOSTIC,     8, -4.081255167982e-01, 1.797693134862e+308, 3.0908e+00, 1.7143e-01, 
 2DIAGNOSTIC,     9, -4.081257420883e-01, 1.797693134862e+308, 3.2464e+00, 1.5563e-01, 
 2DIAGNOSTIC,    10, -4.081258235117e-01, 1.297336571886e-04, 3.4026e+00, 1.5621e-01, 
 2DIAGNOSTIC,    11, -4.081244718232e-01, 6.406367416442e-05, 3.5546e+00, 1.5202e-01, 
 2DIAGNOSTIC,    12, -4.081232425587e-01, 2.107423665083e-05, 3.7414e+00, 1.8677e-01, 
 2DIAGNOSTIC,    13, -4.081227604413e-01, 4.175082834859e-06, 3.8990e+00, 1.5756e-01, 
 2DIAGNOSTIC,    14, -4.081222424817e-01, 1.637639970339e-06, 4.0513e+00, 1.5237e-01, 
 2DIAGNOSTIC,    15, -4.081208458206e-01, 1.616366818460e-06, 4.1864e+00, 1.3505e-01, 
 2DIAGNOSTIC,    16, -4.081211277525e-01, 1.476080004212e-06, 4.3435e+00, 1.5708e-01, 
 2DIAGNOSTIC,    17, -4.081213734161e-01, 1.347627795127e-06, 4.4754e+00, 1.3193e-01, 
 2DIAGNOSTIC,    18, -4.081209965718e-01, 1.296135444577e-06, 4.6104e+00, 1.3497e-01, 
 2DIAGNOSTIC,    19, -4.081216600856e-01, 1.326178419338e-06, 4.7642e+00, 1.5380e-01, 
 2DIAGNOSTIC,    20, -4.081213472004e-01, 1.378266567209e-06, 4.9164e+00, 1.5222e-01, 
 2DIAGNOSTIC,    21, -4.081202426634e-01, 1.364770664959e-06, 5.0880e+00, 1.7164e-01, 
 2DIAGNOSTIC,    22, -4.081197131473e-01, 1.311476555611e-06, 5.2414e+00, 1.5333e-01, 
 2DIAGNOSTIC,    23, -4.081175267756e-01, 1.194683947062e-06, 5.3745e+00, 1.3318e-01, 
 2DIAGNOSTIC,    24, -4.081170199791e-01, 1.077803968776e-06, 5.5268e+00, 1.5230e-01, 
DIAGNOSTIC,Iteration,metricValue,convergenceValue,ITERATION_TIME_INDEX,SINCE_LAST
 2DIAGNOSTIC,     1, -3.775594292138e-01, 1.797693134862e+308, 7.1075e+00, 1.5806e+00, 
 2DIAGNOSTIC,     2, -3.776603156836e-01, 1.797693134862e+308, 8.0905e+00, 9.8301e-01, 
 2DIAGNOSTIC,     3, -3.777105019613e-01, 1.797693134862e+308, 9.3732e+00, 1.2827e+00, 
 2DIAGNOSTIC,     4, -3.777110453466e-01, 1.797693134862e+308, 1.0242e+01, 8.6831e-01, 
 2DIAGNOSTIC,     5, -3.777111817979e-01, 1.797693134862e+308, 1.1227e+01, 9.8505e-01, 
 2DIAGNOSTIC,     6, -3.777114979697e-01, 1.797693134862e+308, 1.2310e+01, 1.0834e+00, 
 2DIAGNOSTIC,     7, -3.777112553402e-01, 1.797693134862e+308, 1.3373e+01, 1.0627e+00, 
 2DIAGNOSTIC,     8, -3.777111855777e-01, 1.797693134862e+308, 1.4336e+01, 9.6340e-01, 
 2DIAGNOSTIC,     9, -3.777107257603e-01, 1.797693134862e+308, 1.5279e+01, 9.4244e-01, 
 2DIAGNOSTIC,    10, -3.777104368065e-01, 1.790534539703e-05, 1.6181e+01, 9.0228e-01, 
 2DIAGNOSTIC,    11, -3.777102591607e-01, 6.286633279076e-06, 1.7177e+01, 9.9620e-01, 
 2DIAGNOSTIC,    12, -3.777102769182e-01, 2.537639046729e-06, 1.8072e+01, 8.9482e-01, 
 2DIAGNOSTIC,    13, -3.777101101142e-01, 2.270259316164e-06, 1.8874e+01, 8.0168e-01, 
 2DIAGNOSTIC,    14, -3.777100680489e-01, 2.084461428603e-06, 1.9764e+01, 8.9048e-01, 
 2DIAGNOSTIC,    15, -3.777103454680e-01, 1.961020159910e-06, 2.0546e+01, 7.8203e-01, 
 2DIAGNOSTIC,    16, -3.777105384819e-01, 1.891201222237e-06, 2.1455e+01, 9.0849e-01, 
 2DIAGNOSTIC,    17, -3.777104813518e-01, 1.824808571485e-06, 2.2385e+01, 9.3015e-01, 
 2DIAGNOSTIC,    18, -3.777107136276e-01, 1.777635217699e-06, 2.3191e+01, 8.0643e-01, 
 2DIAGNOSTIC,    19, -3.777106783864e-01, 1.714961505590e-06, 2.4085e+01, 8.9371e-01, 
 2DIAGNOSTIC,    20, -3.777112343162e-01, 1.664824263573e-06, 2.4910e+01, 8.2485e-01, 
 2DIAGNOSTIC,    21, -3.777119613335e-01, 1.631515424108e-06, 2.5844e+01, 9.3399e-01, 
 2DIAGNOSTIC,    22, -3.777123125959e-01, 1.602735699630e-06, 2.6818e+01, 9.7404e-01, 
 2DIAGNOSTIC,    23, -3.777118779218e-01, 1.542500888983e-06, 2.7699e+01, 8.8142e-01, 
 2DIAGNOSTIC,    24, -3.777120771572e-01, 1.477882535343e-06, 2.8588e+01, 8.8920e-01, 
 2DIAGNOSTIC,    25, -3.777118543938e-01, 1.405174369591e-06, 2.9452e+01, 8.6338e-01, 
 2DIAGNOSTIC,    26, -3.777122550594e-01, 1.342462218806e-06, 3.0305e+01, 8.5333e-01, 
 2DIAGNOSTIC,    27, -3.777122267672e-01, 1.270364351505e-06, 3.1090e+01, 7.8506e-01, 
 2DIAGNOSTIC,    28, -3.777127434504e-01, 1.215568639676e-06, 3.1978e+01, 8.8750e-01, 
 2DIAGNOSTIC,    29, -3.777131369755e-01, 1.166058928428e-06, 3.2774e+01, 7.9621e-01, 
 2DIAGNOSTIC,    30, -3.777136367618e-01, 1.139096779616e-06, 3.3661e+01, 8.8718e-01, 
 2DIAGNOSTIC,    31, -3.777137361566e-01, 1.126018543324e-06, 3.4551e+01, 8.9027e-01, 
 2DIAGNOSTIC,    32, -3.777143050907e-01, 1.126351458908e-06, 3.5347e+01, 7.9541e-01, 
 2DIAGNOSTIC,    33, -3.777148917071e-01, 1.117151822792e-06, 3.6232e+01, 8.8489e-01, 
 2DIAGNOSTIC,    34, -3.777154365257e-01, 1.110238706314e-06, 3.7027e+01, 7.9570e-01, 
 2DIAGNOSTIC,    35, -3.777155663043e-01, 1.084850015726e-06, 3.7924e+01, 8.9676e-01, 
 2DIAGNOSTIC,    36, -3.777165472974e-01, 1.073436967786e-06, 3.8730e+01, 8.0551e-01, 
 2DIAGNOSTIC,    37, -3.777179507969e-01, 1.071897935748e-06, 3.9630e+01, 9.0041e-01, 
 2DIAGNOSTIC,    38, -3.777218301117e-01, 1.136409356162e-06, 4.0450e+01, 8.1972e-01, 
 2DIAGNOSTIC,    39, -3.777245508814e-01, 1.227363920338e-06, 4.1335e+01, 8.8512e-01, 
 2DIAGNOSTIC,    40, -3.777291335293e-01, 1.370063328468e-06, 4.3007e+01, 1.6720e+00, 
 2DIAGNOSTIC,    41, -3.777293048242e-01, 1.454858814098e-06, 4.4230e+01, 1.2236e+00, 
 2DIAGNOSTIC,    42, -3.777293620344e-01, 1.482799506750e-06, 4.5118e+01, 8.8734e-01, 
 2DIAGNOSTIC,    43, -3.777293129104e-01, 1.449474912530e-06, 4.5994e+01, 8.7609e-01, 
 2DIAGNOSTIC,    44, -3.777292800183e-01, 1.357865117516e-06, 4.6975e+01, 9.8090e-01, 
 2DIAGNOSTIC,    45, -3.777293092580e-01, 1.211683524786e-06, 4.7864e+01, 8.8918e-01, 
 2DIAGNOSTIC,    46, -3.777291710689e-01, 1.037811216371e-06, 4.8791e+01, 9.2762e-01, 
  Elapsed time (stage 0): 4.9410e+01


Stage 1
  iterations = 1000x500x250x100
  convergence threshold = 1.0000e-06
  convergence window size = 10
  number of levels = 4
  using the Mattes MI metric (number of bins = 32, weight = 1.0000e+00, use gradient filter = 0)
  preprocessing:  winsorizing the image intensities
  Shrink factors (level 1 out of 4): [8, 8, 8]
  Shrink factors (level 2 out of 4): [4, 4, 4]
  Shrink factors (level 3 out of 4): [2, 2, 2]
  Shrink factors (level 4 out of 4): [1, 1, 1]
  smoothing sigmas per level: [3, 2, 1, 0]
  regular sampling (percentage = 2.5000e-01)

*** Running AffineTransform registration ***

DIAGNOSTIC,Iteration,metricValue,convergenceValue,ITERATION_TIME_INDEX,SINCE_LAST
 2DIAGNOSTIC,     1, -5.657197505934e-01, 1.797693134862e+308, 3.2483e-01, 3.2483e-01, 
 2DIAGNOSTIC,     2, -5.673400490847e-01, 1.797693134862e+308, 3.2884e-01, 4.0112e-03, 
 2DIAGNOSTIC,     3, -5.703919986688e-01, 1.797693134862e+308, 3.3232e-01, 3.4831e-03, 
 2DIAGNOSTIC,     4, -5.752894283014e-01, 1.797693134862e+308, 3.3581e-01, 3.4940e-03, 
 2DIAGNOSTIC,     5, -5.837632128505e-01, 1.797693134862e+308, 3.3900e-01, 3.1850e-03, 
 2DIAGNOSTIC,     6, -6.005716685579e-01, 1.797693134862e+308, 3.4212e-01, 3.1199e-03, 
 2DIAGNOSTIC,     7, -6.322935703125e-01, 1.797693134862e+308, 3.4524e-01, 3.1240e-03, 
 2DIAGNOSTIC,     8, -6.599184458164e-01, 1.797693134862e+308, 3.5035e-01, 5.1041e-03, 
 2DIAGNOSTIC,     9, -6.641781315454e-01, 1.797693134862e+308, 3.5348e-01, 3.1369e-03, 
 2DIAGNOSTIC,    10, -6.974904102923e-01, 1.434230150416e-02, 3.5679e-01, 3.3062e-03, 
 2DIAGNOSTIC,    11, -7.422625844932e-01, 1.612745148100e-02, 3.6057e-01, 3.7811e-03, 
 2DIAGNOSTIC,    12, -7.621912053272e-01, 1.684984357319e-02, 3.6499e-01, 4.4210e-03, 
 2DIAGNOSTIC,    13, -7.690857941137e-01, 1.627161175284e-02, 3.6965e-01, 4.6589e-03, 
 2DIAGNOSTIC,    14, -7.827767289075e-01, 1.491665292065e-02, 3.7292e-01, 3.2640e-03, 
 2DIAGNOSTIC,    15, -8.280229571835e-01, 1.389015294252e-02, 3.7608e-01, 3.1672e-03, 
 2DIAGNOSTIC,    16, -8.359734003455e-01, 1.234172316496e-02, 3.7994e-01, 3.8569e-03, 
 2DIAGNOSTIC,    17, -8.371765814158e-01, 1.069050530547e-02, 3.8368e-01, 3.7429e-03, 
 2DIAGNOSTIC,    18, -8.375439437478e-01, 8.955909093468e-03, 3.8772e-01, 4.0362e-03, 
 2DIAGNOSTIC,    19, -8.372746921564e-01, 6.695011027434e-03, 3.9086e-01, 3.1428e-03, 
 2DIAGNOSTIC,    20, -8.372302660112e-01, 4.716500745928e-03, 3.9458e-01, 3.7220e-03, 
 2DIAGNOSTIC,    21, -8.372562341705e-01, 3.359721675359e-03, 3.9782e-01, 3.2349e-03, 
 2DIAGNOSTIC,    22, -8.371238354886e-01, 2.201420128005e-03, 4.0136e-01, 3.5448e-03, 
 2DIAGNOSTIC,    23, -8.371889380717e-01, 1.078032655691e-03, 4.0509e-01, 3.7301e-03, 
 2DIAGNOSTIC,    24, -8.371560885918e-01, 1.638620752644e-04, 4.0840e-01, 3.3040e-03, 
 2DIAGNOSTIC,    25, -8.371359478162e-01, 1.427707495929e-05, 4.1127e-01, 2.8710e-03, 
DIAGNOSTIC,Iteration,metricValue,convergenceValue,ITERATION_TIME_INDEX,SINCE_LAST
 2DIAGNOSTIC,     1, -7.132050579782e-01, 1.797693134862e+308, 7.7883e-01, 3.6756e-01, 
 2DIAGNOSTIC,     2, -7.143928287425e-01, 1.797693134862e+308, 8.0306e-01, 2.4232e-02, 
 2DIAGNOSTIC,     3, -7.155871250730e-01, 1.797693134862e+308, 8.2429e-01, 2.1226e-02, 
 2DIAGNOSTIC,     4, -7.167166585662e-01, 1.797693134862e+308, 8.4407e-01, 1.9788e-02, 
 2DIAGNOSTIC,     5, -7.174600450854e-01, 1.797693134862e+308, 8.6620e-01, 2.2125e-02, 
 2DIAGNOSTIC,     6, -7.179267509692e-01, 1.797693134862e+308, 8.8698e-01, 2.0783e-02, 
 2DIAGNOSTIC,     7, -7.187386017766e-01, 1.797693134862e+308, 9.1546e-01, 2.8481e-02, 
 2DIAGNOSTIC,     8, -7.188216553353e-01, 1.797693134862e+308, 9.3721e-01, 2.1747e-02, 
 2DIAGNOSTIC,     9, -7.189982535691e-01, 1.797693134862e+308, 9.5847e-01, 2.1259e-02, 
 2DIAGNOSTIC,    10, -7.196555586377e-01, 5.487282907075e-04, 9.7930e-01, 2.0833e-02, 
 2DIAGNOSTIC,    11, -7.202377011767e-01, 4.268013987540e-04, 1.0077e+00, 2.8444e-02, 
 2DIAGNOSTIC,    12, -7.201595484004e-01, 3.229007052497e-04, 1.0291e+00, 2.1333e-02, 
 2DIAGNOSTIC,    13, -7.203132653250e-01, 2.471489994541e-04, 1.0504e+00, 2.1344e-02, 
 2DIAGNOSTIC,    14, -7.213412597164e-01, 2.208934566162e-04, 1.0736e+00, 2.3164e-02, 
 2DIAGNOSTIC,    15, -7.218104145494e-01, 2.089878539697e-04, 1.1122e+00, 3.8604e-02, 
 2DIAGNOSTIC,    16, -7.218171774345e-01, 1.905777752063e-04, 1.1376e+00, 2.5446e-02, 
 2DIAGNOSTIC,    17, -7.218212980999e-01, 1.766919226616e-04, 1.1618e+00, 2.4140e-02, 
 2DIAGNOSTIC,    18, -7.218140391778e-01, 1.501772091151e-04, 1.1828e+00, 2.1000e-02, 
 2DIAGNOSTIC,    19, -7.218024448160e-01, 1.154730339395e-04, 1.2075e+00, 2.4767e-02, 
 2DIAGNOSTIC,    20, -7.217907181747e-01, 8.590915415356e-05, 1.2310e+00, 2.3450e-02, 
 2DIAGNOSTIC,    21, -7.217331686150e-01, 6.154582128567e-05, 1.2544e+00, 2.3446e-02, 
 2DIAGNOSTIC,    22, -7.217275425914e-01, 3.259954179368e-05, 1.2754e+00, 2.0941e-02, 
 2DIAGNOSTIC,    23, -7.217127231519e-01, 5.232202432585e-06, 1.2974e+00, 2.1972e-02, 
DIAGNOSTIC,Iteration,metricValue,convergenceValue,ITERATION_TIME_INDEX,SINCE_LAST
 2DIAGNOSTIC,     1, -6.070508217872e-01, 1.797693134862e+308, 1.8992e+00, 6.0181e-01, 
 2DIAGNOSTIC,     2, -6.077049615801e-01, 1.797693134862e+308, 2.0621e+00, 1.6296e-01, 
 2DIAGNOSTIC,     3, -6.085588751417e-01, 1.797693134862e+308, 2.2267e+00, 1.6455e-01, 
 2DIAGNOSTIC,     4, -6.096033367453e-01, 1.797693134862e+308, 2.3913e+00, 1.6458e-01, 
 2DIAGNOSTIC,     5, -6.107060971293e-01, 1.797693134862e+308, 2.5563e+00, 1.6509e-01, 
 2DIAGNOSTIC,     6, -6.121802407517e-01, 1.797693134862e+308, 2.9237e+00, 3.6734e-01, 
 2DIAGNOSTIC,     7, -6.121795475916e-01, 1.797693134862e+308, 3.1075e+00, 1.8386e-01, 
 2DIAGNOSTIC,     8, -6.121760366900e-01, 1.797693134862e+308, 3.2943e+00, 1.8676e-01, 
 2DIAGNOSTIC,     9, -6.121716551717e-01, 1.797693134862e+308, 3.5394e+00, 2.4512e-01, 
 2DIAGNOSTIC,    10, -6.121713848186e-01, 6.088330720432e-04, 3.7184e+00, 1.7900e-01, 
 2DIAGNOSTIC,    11, -6.121674002355e-01, 4.305932321809e-04, 3.9102e+00, 1.9175e-01, 
 2DIAGNOSTIC,    12, -6.121668878155e-01, 2.691602844836e-04, 4.0957e+00, 1.8551e-01, 
 2DIAGNOSTIC,    13, -6.121639184860e-01, 1.392797293420e-04, 4.2816e+00, 1.8591e-01, 
 2DIAGNOSTIC,    14, -6.121637311336e-01, 4.980737877551e-05, 4.4654e+00, 1.8383e-01, 
DIAGNOSTIC,Iteration,metricValue,convergenceValue,ITERATION_TIME_INDEX,SINCE_LAST
 2DIAGNOSTIC,     1, -5.447777581358e-01, 1.797693134862e+308, 6.3691e+00, 1.9037e+00, 
 2DIAGNOSTIC,     2, -5.449513707312e-01, 1.797693134862e+308, 7.5361e+00, 1.1670e+00, 
 2DIAGNOSTIC,     3, -5.451942216845e-01, 1.797693134862e+308, 8.7182e+00, 1.1821e+00, 
 2DIAGNOSTIC,     4, -5.454478352071e-01, 1.797693134862e+308, 1.0259e+01, 1.5405e+00, 
 2DIAGNOSTIC,     5, -5.454806216357e-01, 1.797693134862e+308, 1.2567e+01, 2.3084e+00, 
 2DIAGNOSTIC,     6, -5.454802947780e-01, 1.797693134862e+308, 1.3867e+01, 1.2998e+00, 
 2DIAGNOSTIC,     7, -5.454803493687e-01, 1.797693134862e+308, 1.5036e+01, 1.1686e+00, 
 2DIAGNOSTIC,     8, -5.454801670158e-01, 1.797693134862e+308, 1.6551e+01, 1.5152e+00, 
 2DIAGNOSTIC,     9, -5.454801978974e-01, 1.797693134862e+308, 1.7837e+01, 1.2861e+00, 
 2DIAGNOSTIC,    10, -5.454799432509e-01, 7.510722274867e-05, 1.9147e+01, 1.3104e+00, 
 2DIAGNOSTIC,    11, -5.454798206238e-01, 4.082156121002e-05, 2.0446e+01, 1.2985e+00, 
 2DIAGNOSTIC,    12, -5.454795589728e-01, 1.623287711999e-05, 2.1614e+01, 1.1679e+00, 
 2DIAGNOSTIC,    13, -5.454795807603e-01, 3.662109062844e-06, 2.2794e+01, 1.1806e+00, 
 2DIAGNOSTIC,    14, -5.454796175394e-01, 2.183757324720e-06, 2.4104e+01, 1.3097e+00, 
 2DIAGNOSTIC,    15, -5.454795239424e-01, 2.046705547570e-06, 2.5293e+01, 1.1888e+00, 
 2DIAGNOSTIC,    16, -5.454791854085e-01, 1.912073086974e-06, 2.6727e+01, 1.4343e+00, 
 2DIAGNOSTIC,    17, -5.454790878600e-01, 1.799470798348e-06, 2.8279e+01, 1.5521e+00, 
 2DIAGNOSTIC,    18, -5.454789603724e-01, 1.696824347974e-06, 2.9579e+01, 1.3000e+00, 
 2DIAGNOSTIC,    19, -5.454788370461e-01, 1.608947390826e-06, 3.0758e+01, 1.1783e+00, 
 2DIAGNOSTIC,    20, -5.454787232950e-01, 1.526447913153e-06, 3.2061e+01, 1.3029e+00, 
 2DIAGNOSTIC,    21, -5.454787439780e-01, 1.455623650913e-06, 3.3216e+01, 1.1557e+00, 
 2DIAGNOSTIC,    22, -5.454786415692e-01, 1.388101888142e-06, 3.4504e+01, 1.2874e+00, 
 2DIAGNOSTIC,    23, -5.454786640000e-01, 1.332802514790e-06, 3.5794e+01, 1.2906e+00, 
 2DIAGNOSTIC,    24, -5.454785464569e-01, 1.285050140409e-06, 3.6959e+01, 1.1649e+00, 
 2DIAGNOSTIC,    25, -5.454785797553e-01, 1.243889678343e-06, 3.8372e+01, 1.4132e+00, 
 2DIAGNOSTIC,    26, -5.454784557767e-01, 1.199275012118e-06, 3.9656e+01, 1.2833e+00, 
 2DIAGNOSTIC,    27, -5.454781898113e-01, 1.153315857011e-06, 4.0939e+01, 1.2829e+00, 
 2DIAGNOSTIC,    28, -5.454781961336e-01, 1.110917153449e-06, 4.2111e+01, 1.1728e+00, 
 2DIAGNOSTIC,    29, -5.454780695386e-01, 1.069306080161e-06, 4.3376e+01, 1.2644e+00, 
 2DIAGNOSTIC,    30, -5.454779449865e-01, 1.028918320177e-06, 4.4657e+01, 1.2812e+00, 
  Elapsed time (stage 1): 4.5466e+01


Stage 2
  iterations = 100x70x50x20
  convergence threshold = 1.0000e-06
  convergence window size = 10
  number of levels = 4
  using the CC metric (radius = 4, weight = 1.0000e+00, use gradient filter = 0)
  preprocessing:  winsorizing the image intensities
  Shrink factors (level 1 out of 4): [8, 8, 8]
  Shrink factors (level 2 out of 4): [4, 4, 4]
  Shrink factors (level 3 out of 4): [2, 2, 2]
  Shrink factors (level 4 out of 4): [1, 1, 1]
  smoothing sigmas per level: [3, 2, 1, 0]
  Using default NONE metricSamplingStrategy 

*** Running SyN registration (varianceForUpdateField = 3.0000e+00, varianceForTotalField = 0.0000e+00) ***

XXDIAGNOSTIC,Iteration,metricValue,convergenceValue,ITERATION_TIME_INDEX,SINCE_LAST
 1DIAGNOSTIC,     1, -9.218268701052e-01, 1.797693134862e+308, 4.5301e-01, 4.5301e-01, 
 1DIAGNOSTIC,     2, -9.316738868225e-01, 1.797693134862e+308, 6.0837e-01, 1.5536e-01, 
 1DIAGNOSTIC,     3, -9.388410001598e-01, 1.797693134862e+308, 7.5674e-01, 1.4837e-01, 
 1DIAGNOSTIC,     4, -9.431436029576e-01, 1.797693134862e+308, 9.0413e-01, 1.4739e-01, 
 1DIAGNOSTIC,     5, -9.465439287267e-01, 1.797693134862e+308, 1.0497e+00, 1.4558e-01, 
 1DIAGNOSTIC,     6, -9.489906232113e-01, 1.797693134862e+308, 1.1952e+00, 1.4552e-01, 
 1DIAGNOSTIC,     7, -9.512065387122e-01, 1.797693134862e+308, 1.3413e+00, 1.4611e-01, 
 1DIAGNOSTIC,     8, -9.533076624644e-01, 1.797693134862e+308, 1.4900e+00, 1.4865e-01, 
 1DIAGNOSTIC,     9, -9.551701946157e-01, 1.797693134862e+308, 1.6379e+00, 1.4786e-01, 
 1DIAGNOSTIC,    10, -9.568653190570e-01, 2.105688618460e-03, 1.7842e+00, 1.4639e-01, 
 1DIAGNOSTIC,    11, -9.582611794780e-01, 1.486006180825e-03, 1.9333e+00, 1.4902e-01, 
 1DIAGNOSTIC,    12, -9.594313329734e-01, 1.109867267370e-03, 2.0806e+00, 1.4729e-01, 
 1DIAGNOSTIC,    13, -9.602803936423e-01, 8.753174510731e-04, 2.2277e+00, 1.4719e-01, 
 1DIAGNOSTIC,    14, -9.610831355173e-01, 7.032468253714e-04, 2.3753e+00, 1.4751e-01, 
 1DIAGNOSTIC,    15, -9.617196045814e-01, 5.700795703584e-04, 2.5242e+00, 1.4889e-01, 
 1DIAGNOSTIC,    16, -9.622717545069e-01, 4.570420944586e-04, 2.6719e+00, 1.4778e-01, 
 1DIAGNOSTIC,    17, -9.627509683721e-01, 3.623597419020e-04, 2.8201e+00, 1.4817e-01, 
 1DIAGNOSTIC,    18, -9.632328378122e-01, 2.873949389931e-04, 2.9671e+00, 1.4700e-01, 
 1DIAGNOSTIC,    19, -9.636047827893e-01, 2.285564397002e-04, 3.1398e+00, 1.7270e-01, 
 1DIAGNOSTIC,    20, -9.639260532297e-01, 1.842832010773e-04, 3.2879e+00, 1.4806e-01, 
 1DIAGNOSTIC,    21, -9.642094571791e-01, 1.507983970476e-04, 3.4347e+00, 1.4682e-01, 
 1DIAGNOSTIC,    22, -9.644772931975e-01, 1.257307602539e-04, 3.5829e+00, 1.4821e-01, 
 1DIAGNOSTIC,    23, -9.647218781471e-01, 1.051824558295e-04, 3.7307e+00, 1.4783e-01, 
 1DIAGNOSTIC,    24, -9.649418343050e-01, 8.916701841252e-05, 3.8790e+00, 1.4829e-01, 
 1DIAGNOSTIC,    25, -9.651436765298e-01, 7.606716924830e-05, 4.0267e+00, 1.4765e-01, 
 1DIAGNOSTIC,    26, -9.653262887347e-01, 6.526450902870e-05, 4.1762e+00, 1.4955e-01, 
 1DIAGNOSTIC,    27, -9.654928976282e-01, 5.624170028150e-05, 4.3254e+00, 1.4918e-01, 
 1DIAGNOSTIC,    28, -9.656440583367e-01, 4.931682418777e-05, 4.4757e+00, 1.5030e-01, 
 1DIAGNOSTIC,    29, -9.657830312076e-01, 4.349551347688e-05, 4.6297e+00, 1.5402e-01, 
 1DIAGNOSTIC,    30, -9.659076580912e-01, 3.841985592598e-05, 4.7775e+00, 1.4775e-01, 
 1DIAGNOSTIC,    31, -9.660713252849e-01, 3.437237104559e-05, 4.9249e+00, 1.4744e-01, 
 1DIAGNOSTIC,    32, -9.661740991632e-01, 3.080251480529e-05, 5.0733e+00, 1.4841e-01, 
 1DIAGNOSTIC,    33, -9.662679849533e-01, 2.763603028296e-05, 5.2215e+00, 1.4815e-01, 
 1DIAGNOSTIC,    34, -9.663542015239e-01, 2.477089037056e-05, 5.3688e+00, 1.4733e-01, 
 1DIAGNOSTIC,    35, -9.664342100269e-01, 2.216398475995e-05, 5.5169e+00, 1.4810e-01, 
 1DIAGNOSTIC,    36, -9.665075574747e-01, 1.975748341383e-05, 5.6658e+00, 1.4893e-01, 
 1DIAGNOSTIC,    37, -9.665760525583e-01, 1.754563594047e-05, 5.8128e+00, 1.4699e-01, 
 1DIAGNOSTIC,    38, -9.666403305931e-01, 1.552818072928e-05, 5.9624e+00, 1.4953e-01, 
 1DIAGNOSTIC,    39, -9.666998318451e-01, 1.370931419288e-05, 6.1104e+00, 1.4805e-01, 
 1DIAGNOSTIC,    40, -9.667548422056e-01, 1.205615420765e-05, 6.2587e+00, 1.4825e-01, 
 1DIAGNOSTIC,    41, -9.668079492884e-01, 1.096159454201e-05, 6.4195e+00, 1.6087e-01, 
 1DIAGNOSTIC,    42, -9.668591078065e-01, 1.001939067311e-05, 6.5690e+00, 1.4947e-01, 
 1DIAGNOSTIC,    43, -9.669099047283e-01, 9.220765301087e-06, 6.7253e+00, 1.5626e-01, 
 1DIAGNOSTIC,    44, -9.669599006440e-01, 8.553376539256e-06, 6.8770e+00, 1.5170e-01, 
 1DIAGNOSTIC,    45, -9.670083036952e-01, 8.001751736049e-06, 7.0271e+00, 1.5013e-01, 
 1DIAGNOSTIC,    46, -9.670550693916e-01, 7.540001067740e-06, 7.1804e+00, 1.5329e-01, 
 1DIAGNOSTIC,    47, -9.670976344879e-01, 7.133092093593e-06, 7.3299e+00, 1.4954e-01, 
 1DIAGNOSTIC,    48, -9.671436136325e-01, 6.797008467275e-06, 7.4767e+00, 1.4679e-01, 
 1DIAGNOSTIC,    49, -9.671767115776e-01, 6.438189337668e-06, 7.6236e+00, 1.4689e-01, 
 1DIAGNOSTIC,    50, -9.672191210809e-01, 6.109909150193e-06, 7.7714e+00, 1.4779e-01, 
 1DIAGNOSTIC,    51, -9.672601898250e-01, 5.808994487363e-06, 7.9191e+00, 1.4768e-01, 
 1DIAGNOSTIC,    52, -9.672997957869e-01, 5.531646203313e-06, 8.0667e+00, 1.4769e-01, 
 1DIAGNOSTIC,    53, -9.673380488428e-01, 5.283688589309e-06, 8.2154e+00, 1.4869e-01, 
 1DIAGNOSTIC,    54, -9.673751978465e-01, 5.067464257217e-06, 8.3630e+00, 1.4759e-01, 
 1DIAGNOSTIC,    55, -9.674110417056e-01, 4.876648186679e-06, 8.5098e+00, 1.4679e-01, 
 1DIAGNOSTIC,    56, -9.674452978899e-01, 4.701998200365e-06, 8.6586e+00, 1.4879e-01, 
 1DIAGNOSTIC,    57, -9.674781252580e-01, 4.521556761866e-06, 8.8099e+00, 1.5127e-01, 
 1DIAGNOSTIC,    58, -9.675096702087e-01, 4.358365458909e-06, 8.9679e+00, 1.5805e-01, 
 1DIAGNOSTIC,    59, -9.675401764410e-01, 4.148565454359e-06, 9.1196e+00, 1.5163e-01, 
 1DIAGNOSTIC,    60, -9.675700987770e-01, 3.950613421792e-06, 9.2694e+00, 1.4982e-01, 
 1DIAGNOSTIC,    61, -9.675989085857e-01, 3.764535236348e-06, 9.4174e+00, 1.4804e-01, 
 1DIAGNOSTIC,    62, -9.676262767155e-01, 3.587781387090e-06, 9.5695e+00, 1.5208e-01, 
 1DIAGNOSTIC,    63, -9.676529695288e-01, 3.421719694332e-06, 9.7190e+00, 1.4954e-01, 
 1DIAGNOSTIC,    64, -9.676788485505e-01, 3.267489190471e-06, 9.8677e+00, 1.4862e-01, 
 1DIAGNOSTIC,    65, -9.677044300083e-01, 3.127014737415e-06, 1.0014e+01, 1.4682e-01, 
 1DIAGNOSTIC,    66, -9.677293154740e-01, 2.998217464419e-06, 1.0165e+01, 1.5025e-01, 
 1DIAGNOSTIC,    67, -9.677537714908e-01, 2.880420076744e-06, 1.0313e+01, 1.4832e-01, 
 1DIAGNOSTIC,    68, -9.677774067471e-01, 2.771124593463e-06, 1.0462e+01, 1.4873e-01, 
 1DIAGNOSTIC,    69, -9.678003954650e-01, 2.669199615682e-06, 1.0612e+01, 1.5031e-01, 
 1DIAGNOSTIC,    70, -9.678226048843e-01, 2.574582208292e-06, 1.0760e+01, 1.4835e-01, 
 1DIAGNOSTIC,    71, -9.678444110719e-01, 2.486238106621e-06, 1.0910e+01, 1.4909e-01, 
 1DIAGNOSTIC,    72, -9.678660438620e-01, 2.402329180624e-06, 1.1063e+01, 1.5301e-01, 
 1DIAGNOSTIC,    73, -9.678873368146e-01, 2.323371619388e-06, 1.1217e+01, 1.5457e-01, 
 1DIAGNOSTIC,    74, -9.679076509866e-01, 2.246488483210e-06, 1.1370e+01, 1.5340e-01, 
 1DIAGNOSTIC,    75, -9.679280535671e-01, 2.175304797531e-06, 1.1518e+01, 1.4705e-01, 
 1DIAGNOSTIC,    76, -9.679474531687e-01, 2.106897143734e-06, 1.1666e+01, 1.4848e-01, 
 1DIAGNOSTIC,    77, -9.679664982625e-01, 2.042067895036e-06, 1.1815e+01, 1.4911e-01, 
 1DIAGNOSTIC,    78, -9.679845646351e-01, 1.977524759559e-06, 1.1962e+01, 1.4731e-01, 
 1DIAGNOSTIC,    79, -9.680028696469e-01, 1.915574615225e-06, 1.2111e+01, 1.4833e-01, 
 1DIAGNOSTIC,    80, -9.680203046195e-01, 1.853540342496e-06, 1.2260e+01, 1.4914e-01, 
 1DIAGNOSTIC,    81, -9.680381877503e-01, 1.795311337332e-06, 1.2409e+01, 1.4859e-01, 
 1DIAGNOSTIC,    82, -9.680547243694e-01, 1.738662983886e-06, 1.2556e+01, 1.4762e-01, 
 1DIAGNOSTIC,    83, -9.680719418977e-01, 1.688310241771e-06, 1.2703e+01, 1.4709e-01, 
 1DIAGNOSTIC,    84, -9.680884005764e-01, 1.640599252182e-06, 1.2852e+01, 1.4844e-01, 
 1DIAGNOSTIC,    85, -9.681062243314e-01, 1.603238661741e-06, 1.3001e+01, 1.4926e-01, 
 1DIAGNOSTIC,    86, -9.681223691510e-01, 1.568291870778e-06, 1.3149e+01, 1.4779e-01, 
 1DIAGNOSTIC,    87, -9.681399568151e-01, 1.541228524657e-06, 1.3298e+01, 1.4883e-01, 
 1DIAGNOSTIC,    88, -9.681548839777e-01, 1.510275724065e-06, 1.3450e+01, 1.5225e-01, 
 1DIAGNOSTIC,    89, -9.681717568677e-01, 1.484357480997e-06, 1.3598e+01, 1.4779e-01, 
 1DIAGNOSTIC,    90, -9.681855954515e-01, 1.451060731504e-06, 1.3746e+01, 1.4880e-01, 
 1DIAGNOSTIC,    91, -9.682031001966e-01, 1.425962706665e-06, 1.3899e+01, 1.5250e-01, 
 1DIAGNOSTIC,    92, -9.682163867170e-01, 1.391446796820e-06, 1.4048e+01, 1.4896e-01, 
 1DIAGNOSTIC,    93, -9.682345691613e-01, 1.367829607241e-06, 1.4198e+01, 1.4990e-01, 
 1DIAGNOSTIC,    94, -9.682464577274e-01, 1.332920100730e-06, 1.4344e+01, 1.4667e-01, 
 1DIAGNOSTIC,    95, -9.682668071223e-01, 1.320215977669e-06, 1.4494e+01, 1.4968e-01, 
 1DIAGNOSTIC,    96, -9.682762810324e-01, 1.289379816721e-06, 1.4648e+01, 1.5412e-01, 
 1DIAGNOSTIC,    97, -9.682959816220e-01, 1.279292215335e-06, 1.4796e+01, 1.4817e-01, 
 1DIAGNOSTIC,    98, -9.683021364977e-01, 1.239180255424e-06, 1.4945e+01, 1.4884e-01, 
 1DIAGNOSTIC,    99, -9.683240524691e-01, 1.226623240704e-06, 1.5094e+01, 1.4861e-01, 
 1DIAGNOSTIC,   100, -9.683269852855e-01, 1.174138773404e-06, 1.5241e+01, 1.4734e-01, 
XXDIAGNOSTIC,Iteration,metricValue,convergenceValue,ITERATION_TIME_INDEX,SINCE_LAST
 1DIAGNOSTIC,     1, -9.076470412383e-01, 1.797693134862e+308, 1.6738e+01, 1.4969e+00, 
 1DIAGNOSTIC,     2, -9.099341200726e-01, 1.797693134862e+308, 1.7935e+01, 1.1964e+00, 
 1DIAGNOSTIC,     3, -9.127328176000e-01, 1.797693134862e+308, 1.9123e+01, 1.1888e+00, 
 1DIAGNOSTIC,     4, -9.155792167344e-01, 1.797693134862e+308, 2.0321e+01, 1.1980e+00, 
 1DIAGNOSTIC,     5, -9.181838714339e-01, 1.797693134862e+308, 2.1516e+01, 1.1943e+00, 
 1DIAGNOSTIC,     6, -9.207996204445e-01, 1.797693134862e+308, 2.2712e+01, 1.1964e+00, 
 1DIAGNOSTIC,     7, -9.230542517801e-01, 1.797693134862e+308, 2.3906e+01, 1.1939e+00, 
 1DIAGNOSTIC,     8, -9.252458261278e-01, 1.797693134862e+308, 2.5105e+01, 1.1992e+00, 
 1DIAGNOSTIC,     9, -9.271096109304e-01, 1.797693134862e+308, 2.6285e+01, 1.1796e+00, 
 1DIAGNOSTIC,    10, -9.287108948495e-01, 1.511789918747e-03, 2.7467e+01, 1.1828e+00, 
 1DIAGNOSTIC,    11, -9.299379667017e-01, 1.287238639666e-03, 2.8659e+01, 1.1917e+00, 
 1DIAGNOSTIC,    12, -9.311190544237e-01, 1.073371833208e-03, 2.9877e+01, 1.2176e+00, 
 1DIAGNOSTIC,    13, -9.321760259300e-01, 8.862825642410e-04, 3.1082e+01, 1.2054e+00, 
 1DIAGNOSTIC,    14, -9.331460004397e-01, 7.288655799103e-04, 3.2289e+01, 1.2071e+00, 
 1DIAGNOSTIC,    15, -9.340520998951e-01, 5.974387529117e-04, 3.3490e+01, 1.2003e+00, 
 1DIAGNOSTIC,    16, -9.347007688695e-01, 4.901134062555e-04, 3.4696e+01, 1.2066e+00, 
 1DIAGNOSTIC,    17, -9.353017367782e-01, 4.016372802813e-04, 3.5898e+01, 1.2015e+00, 
 1DIAGNOSTIC,    18, -9.358664881045e-01, 3.326262686864e-04, 3.7112e+01, 1.2140e+00, 
 1DIAGNOSTIC,    19, -9.363781110245e-01, 2.781397522670e-04, 3.8310e+01, 1.1981e+00, 
 1DIAGNOSTIC,    20, -9.368595349433e-01, 2.350729664213e-04, 3.9517e+01, 1.2067e+00, 
 1DIAGNOSTIC,    21, -9.372924138354e-01, 1.983496309758e-04, 4.0707e+01, 1.1910e+00, 
 1DIAGNOSTIC,    22, -9.376716217229e-01, 1.681302724281e-04, 4.1894e+01, 1.1864e+00, 
 1DIAGNOSTIC,    23, -9.380106341291e-01, 1.433312856408e-04, 4.3079e+01, 1.1856e+00, 
 1DIAGNOSTIC,    24, -9.383038849716e-01, 1.231919607683e-04, 4.4267e+01, 1.1873e+00, 
 1DIAGNOSTIC,    25, -9.385545618666e-01, 1.072555226144e-04, 4.5469e+01, 1.2025e+00, 
 1DIAGNOSTIC,    26, -9.387750346579e-01, 9.269304726077e-05, 4.6680e+01, 1.2104e+00, 
 1DIAGNOSTIC,    27, -9.389778856851e-01, 7.959823415542e-05, 4.7883e+01, 1.2029e+00, 
 1DIAGNOSTIC,    28, -9.391454005232e-01, 6.794875769838e-05, 4.9067e+01, 1.1845e+00, 
 1DIAGNOSTIC,    29, -9.392622579294e-01, 5.733762892802e-05, 5.0256e+01, 1.1888e+00, 
 1DIAGNOSTIC,    30, -9.393461548765e-01, 4.781516660041e-05, 5.1445e+01, 1.1895e+00, 
 1DIAGNOSTIC,    31, -9.393990400978e-01, 3.921795743359e-05, 5.2640e+01, 1.1951e+00, 
 1DIAGNOSTIC,    32, -9.394269257124e-01, 3.137612703104e-05, 5.3833e+01, 1.1923e+00, 
 1DIAGNOSTIC,    33, -9.394397962445e-01, 2.434511398147e-05, 5.5061e+01, 1.2280e+00, 
 1DIAGNOSTIC,    34, -9.394511533350e-01, 1.821655438529e-05, 5.6255e+01, 1.1940e+00, 
 1DIAGNOSTIC,    35, -9.394471322711e-01, 1.292445807044e-05, 5.7445e+01, 1.1904e+00, 
 1DIAGNOSTIC,    36, -9.394348965114e-01, 8.527820562935e-06, 5.8677e+01, 1.2320e+00, 
 1DIAGNOSTIC,    37, -9.394205776267e-01, 5.178995600388e-06, 5.9891e+01, 1.2138e+00, 
 1DIAGNOSTIC,    38, -9.394050635600e-01, 2.803254847486e-06, 6.1093e+01, 1.2021e+00, 
 1DIAGNOSTIC,    39, -9.393909580300e-01, 1.155016751114e-06, 6.2278e+01, 1.1855e+00, 
 1DIAGNOSTIC,    40, -9.393799348320e-01, 1.061658311020e-07, 6.3483e+01, 1.2041e+00, 
XXDIAGNOSTIC,Iteration,metricValue,convergenceValue,ITERATION_TIME_INDEX,SINCE_LAST
 1DIAGNOSTIC,     1, -8.960224327915e-01, 1.797693134862e+308, 7.3563e+01, 1.0081e+01, 
 1DIAGNOSTIC,     2, -8.978268747504e-01, 1.797693134862e+308, 8.3113e+01, 9.5500e+00, 
 1DIAGNOSTIC,     3, -8.999256327143e-01, 1.797693134862e+308, 9.2674e+01, 9.5608e+00, 
 1DIAGNOSTIC,     4, -9.019912162189e-01, 1.797693134862e+308, 1.0228e+02, 9.6077e+00, 
 1DIAGNOSTIC,     5, -9.036723558906e-01, 1.797693134862e+308, 1.1185e+02, 9.5635e+00, 
 1DIAGNOSTIC,     6, -9.052391106370e-01, 1.797693134862e+308, 1.2147e+02, 9.6216e+00, 
 1DIAGNOSTIC,     7, -9.065918270931e-01, 1.797693134862e+308, 1.3113e+02, 9.6626e+00, 
 1DIAGNOSTIC,     8, -9.079156712842e-01, 1.797693134862e+308, 1.4077e+02, 9.6436e+00, 
 1DIAGNOSTIC,     9, -9.093670832355e-01, 1.797693134862e+308, 1.5040e+02, 9.6274e+00, 
 1DIAGNOSTIC,    10, -9.108297695978e-01, 1.037771537640e-03, 1.5994e+02, 9.5369e+00, 
 1DIAGNOSTIC,    11, -9.123326869246e-01, 9.000675904267e-04, 1.6965e+02, 9.7155e+00, 
 1DIAGNOSTIC,    12, -9.138568399656e-01, 7.909392449335e-04, 1.7918e+02, 9.5316e+00, 
 1DIAGNOSTIC,    13, -9.153256254662e-01, 7.124501090449e-04, 1.8877e+02, 9.5854e+00, 
 1DIAGNOSTIC,    14, -9.166856752831e-01, 6.565242459227e-04, 1.9836e+02, 9.5870e+00, 
 1DIAGNOSTIC,    15, -9.178417807665e-01, 6.068043564224e-04, 2.0804e+02, 9.6854e+00, 
 1DIAGNOSTIC,    16, -9.188785165092e-01, 5.582702129416e-04, 2.1767e+02, 9.6268e+00, 
 1DIAGNOSTIC,    17, -9.197464466446e-01, 5.046473314749e-04, 2.2735e+02, 9.6837e+00, 
 1DIAGNOSTIC,    18, -9.205722609023e-01, 4.474273093587e-04, 2.3705e+02, 9.6940e+00, 
 1DIAGNOSTIC,    19, -9.213420392583e-01, 3.910500973640e-04, 2.4668e+02, 9.6283e+00, 
 1DIAGNOSTIC,    20, -9.220579954259e-01, 3.377675988493e-04, 2.5637e+02, 9.6994e+00, 
 1DIAGNOSTIC,    21, -9.227055546906e-01, 2.898475650107e-04, 2.6590e+02, 9.5278e+00, 
 1DIAGNOSTIC,    22, -9.232915399198e-01, 2.489478532392e-04, 2.7566e+02, 9.7564e+00, 
 1DIAGNOSTIC,    23, -9.238256878004e-01, 2.152760403428e-04, 2.8533e+02, 9.6728e+00, 
 1DIAGNOSTIC,    24, -9.243110801518e-01, 1.880398103678e-04, 2.9496e+02, 9.6275e+00, 
 1DIAGNOSTIC,    25, -9.247561662481e-01, 1.651470075479e-04, 3.0469e+02, 9.7304e+00, 
 1DIAGNOSTIC,    26, -9.251500057326e-01, 1.455443523761e-04, 3.1434e+02, 9.6458e+00, 
 1DIAGNOSTIC,    27, -9.255026242640e-01, 1.277008179024e-04, 3.2409e+02, 9.7535e+00, 
 1DIAGNOSTIC,    28, -9.258228802831e-01, 1.117796016616e-04, 3.3379e+02, 9.7031e+00, 
 1DIAGNOSTIC,    29, -9.261109398011e-01, 9.770775700818e-05, 3.4347e+02, 9.6775e+00, 
 1DIAGNOSTIC,    30, -9.263818355563e-01, 8.553888654467e-05, 3.5316e+02, 9.6898e+00, 
 1DIAGNOSTIC,    31, -9.266368730548e-01, 7.509430832422e-05, 3.6280e+02, 9.6420e+00, 
 1DIAGNOSTIC,    32, -9.268812776302e-01, 6.624525603263e-05, 3.7250e+02, 9.6999e+00, 
 1DIAGNOSTIC,    33, -9.271179794676e-01, 5.890666558685e-05, 3.8225e+02, 9.7511e+00, 
 1DIAGNOSTIC,    34, -9.273502782280e-01, 5.296700030379e-05, 3.9184e+02, 9.5871e+00, 
 1DIAGNOSTIC,    35, -9.275782907471e-01, 4.831499419855e-05, 4.0145e+02, 9.6101e+00, 
 1DIAGNOSTIC,    36, -9.277858885092e-01, 4.452745225709e-05, 4.1105e+02, 9.6018e+00, 
 1DIAGNOSTIC,    37, -9.279735871391e-01, 4.126158779584e-05, 4.2073e+02, 9.6831e+00, 
 1DIAGNOSTIC,    38, -9.281355068399e-01, 3.820460731035e-05, 4.3047e+02, 9.7312e+00, 
 1DIAGNOSTIC,    39, -9.282725965262e-01, 3.507774939492e-05, 4.4010e+02, 9.6309e+00, 
 1DIAGNOSTIC,    40, -9.283907315667e-01, 3.181412641556e-05, 4.4976e+02, 9.6630e+00, 
 1DIAGNOSTIC,    41, -9.284995368497e-01, 2.846367737174e-05, 4.5940e+02, 9.6384e+00, 
 1DIAGNOSTIC,    42, -9.285989193324e-01, 2.513180260215e-05, 4.6890e+02, 9.5048e+00, 
 1DIAGNOSTIC,    43, -9.286950557486e-01, 2.199273745107e-05, 4.7851e+02, 9.6074e+00, 
 1DIAGNOSTIC,    44, -9.287889730353e-01, 1.923004833837e-05, 4.8808e+02, 9.5739e+00, 
 1DIAGNOSTIC,    45, -9.288889487088e-01, 1.704815196708e-05, 4.9767e+02, 9.5889e+00, 
 1DIAGNOSTIC,    46, -9.289920633369e-01, 1.545933130443e-05, 5.0736e+02, 9.6922e+00, 
 1DIAGNOSTIC,    47, -9.290971687254e-01, 1.442579593994e-05, 5.1696e+02, 9.5920e+00, 
 1DIAGNOSTIC,    48, -9.292108478708e-01, 1.387225960523e-05, 5.2662e+02, 9.6601e+00, 
 1DIAGNOSTIC,    49, -9.293292330702e-01, 1.366705583922e-05, 5.3630e+02, 9.6857e+00, 
 1DIAGNOSTIC,    50, -9.294551484711e-01, 1.371080507103e-05, 5.4601e+02, 9.7060e+00, 
XXDIAGNOSTIC,Iteration,metricValue,convergenceValue,ITERATION_TIME_INDEX,SINCE_LAST
 1DIAGNOSTIC,     1, -8.867693357346e-01, 1.797693134862e+308, 6.3244e+02, 8.6436e+01, 
 1DIAGNOSTIC,     2, -8.878194682376e-01, 1.797693134862e+308, 7.1583e+02, 8.3388e+01, 
 1DIAGNOSTIC,     3, -8.893657138260e-01, 1.797693134862e+308, 7.9895e+02, 8.3121e+01, 
 1DIAGNOSTIC,     4, -8.910129900644e-01, 1.797693134862e+308, 8.8280e+02, 8.3848e+01, 
 1DIAGNOSTIC,     5, -8.925370259211e-01, 1.797693134862e+308, 9.6550e+02, 8.2699e+01, 
 1DIAGNOSTIC,     6, -8.939550385498e-01, 1.797693134862e+308, 1.0486e+03, 8.3103e+01, 
 1DIAGNOSTIC,     7, -8.953676917670e-01, 1.797693134862e+308, 1.1319e+03, 8.3270e+01, 
 1DIAGNOSTIC,     8, -8.967086955476e-01, 1.797693134862e+308, 1.2151e+03, 8.3178e+01, 
 1DIAGNOSTIC,     9, -8.979772109657e-01, 1.797693134862e+308, 1.2989e+03, 8.3843e+01, 
 1DIAGNOSTIC,    10, -8.991912868636e-01, 9.171213907037e-04, 1.3826e+03, 8.3745e+01, 
 1DIAGNOSTIC,    11, -9.002349693383e-01, 8.143838174828e-04, 1.4668e+03, 8.4142e+01, 
 1DIAGNOSTIC,    12, -9.011938541174e-01, 7.085594376950e-04, 1.5504e+03, 8.3603e+01, 
 1DIAGNOSTIC,    13, -9.021055485947e-01, 6.146141055615e-04, 1.6344e+03, 8.4034e+01, 
 1DIAGNOSTIC,    14, -9.029703349143e-01, 5.348058401102e-04, 1.7181e+03, 8.3693e+01, 
 1DIAGNOSTIC,    15, -9.036851033242e-01, 4.638351922736e-04, 1.8016e+03, 8.3443e+01, 
 1DIAGNOSTIC,    16, -9.044365029476e-01, 4.019642236023e-04, 1.8853e+03, 8.3762e+01, 
 1DIAGNOSTIC,    17, -9.051750421847e-01, 3.502259698272e-04, 1.9690e+03, 8.3730e+01, 
 1DIAGNOSTIC,    18, -9.057415818240e-01, 3.051861606313e-04, 2.0540e+03, 8.4966e+01, 
 1DIAGNOSTIC,    19, -9.062694416990e-01, 2.663682284705e-04, 2.1377e+03, 8.3652e+01, 
 1DIAGNOSTIC,    20, -9.067783538919e-01, 2.338446494912e-04, 2.2230e+03, 8.5363e+01, 
  Elapsed time (stage 2): 2224


Total elapsed time: 2319
