All_Command_lines_OK
Using double precision for computations.
=============================================================================
The composite transform comprises the following transforms (in order): 
  1. Center of mass alignment using fixed image: /templateflow/tpl-MNI152NLin2009cAsym/tpl-MNI152NLin2009cAsym_res-01_desc-brain_T1w.nii.gz and moving image: /mnt/lustre/mathdugre/ants-amp/datasets/corr/RawDataBIDS/BMB_1/derivatives/antsBrainExtraction/sub-0003037/BrainExtractionBrain.nii.gz (type = Euler3DTransform)
=============================================================================
  number of levels = 4
  number of levels = 4
  number of levels = 4
  fixed image: /templateflow/tpl-MNI152NLin2009cAsym/tpl-MNI152NLin2009cAsym_res-01_desc-brain_T1w.nii.gz
  moving image: /mnt/lustre/mathdugre/ants-amp/datasets/corr/RawDataBIDS/BMB_1/derivatives/antsBrainExtraction/sub-0003037/BrainExtractionBrain.nii.gz
  fixed image: /templateflow/tpl-MNI152NLin2009cAsym/tpl-MNI152NLin2009cAsym_res-01_desc-brain_T1w.nii.gz
  moving image: /mnt/lustre/mathdugre/ants-amp/datasets/corr/RawDataBIDS/BMB_1/derivatives/antsBrainExtraction/sub-0003037/BrainExtractionBrain.nii.gz
  fixed image: /templateflow/tpl-MNI152NLin2009cAsym/tpl-MNI152NLin2009cAsym_res-01_desc-brain_T1w.nii.gz
  moving image: /mnt/lustre/mathdugre/ants-amp/datasets/corr/RawDataBIDS/BMB_1/derivatives/antsBrainExtraction/sub-0003037/BrainExtractionBrain.nii.gz
Dimension = 3
Number of stages = 3
Use histogram matching = false
Winsorize image intensities = true
  Lower quantile = 0.005
  Upper quantile = 0.995


Stage 1 State
   Image metric = MattesMI
     Fixed image = Image (0x56168d5f3360)
  RTTI typeinfo:   itk::Image<double, 3u>
  Reference Count: 2
  Modified Time: 2368
  Debug: Off
  Object Name: 
  Observers: 
    none
  Source: (none)
  Source output name: (none)
  Release Data: Off
  Data Released: False
  Global Release Data: Off
  PipelineMTime: 0
  UpdateMTime: 1979
  RealTimeStamp: 0 seconds 
  LargestPossibleRegion: 
    Dimension: 3
    Index: [0, 0, 0]
    Size: [193, 229, 193]
  BufferedRegion: 
    Dimension: 3
    Index: [0, 0, 0]
    Size: [193, 229, 193]
  RequestedRegion: 
    Dimension: 3
    Index: [0, 0, 0]
    Size: [193, 229, 193]
  Spacing: [1, 1, 1]
  Origin: [96, 132, -78]
  Direction: 
-1 0 0
0 -1 0
0 0 1

  IndexToPointMatrix: 
-1 0 0
0 -1 0
0 0 1

  PointToIndexMatrix: 
-1 0 0
0 -1 0
0 0 1

  Inverse Direction: 
-1 0 0
0 -1 0
0 0 1

  PixelContainer: 
    ImportImageContainer (0x56168d5eaa00)
      RTTI typeinfo:   itk::ImportImageContainer<unsigned long, double>
      Reference Count: 1
      Modified Time: 1976
      Debug: Off
      Object Name: 
      Observers: 
        none
      Pointer: 0x7fc391c46010
      Container manages memory: true
      Size: 8530021
      Capacity: 8530021

     Moving image = Image (0x56168d5f6a20)
  RTTI typeinfo:   itk::Image<double, 3u>
  Reference Count: 2
  Modified Time: 2369
  Debug: Off
  Object Name: 
  Observers: 
    none
  Source: (none)
  Source output name: (none)
  Release Data: Off
  Data Released: False
  Global Release Data: Off
  PipelineMTime: 0
  UpdateMTime: 2366
  RealTimeStamp: 0 seconds 
  LargestPossibleRegion: 
    Dimension: 3
    Index: [0, 0, 0]
    Size: [176, 256, 256]
  BufferedRegion: 
    Dimension: 3
    Index: [0, 0, 0]
    Size: [176, 256, 256]
  RequestedRegion: 
    Dimension: 3
    Index: [0, 0, 0]
    Size: [176, 256, 256]
  Spacing: [1, 1, 1]
  Origin: [-96.1092, 110.735, -124.086]
  Direction: 
1 0 0
0 -1 0
0 0 1

  IndexToPointMatrix: 
1 0 0
0 -1 0
0 0 1

  PointToIndexMatrix: 
1 0 0
0 -1 0
0 0 1

  Inverse Direction: 
1 0 0
0 -1 0
0 0 1

  PixelContainer: 
    ImportImageContainer (0x56168f7c8c90)
      RTTI typeinfo:   itk::ImportImageContainer<unsigned long, double>
      Reference Count: 1
      Modified Time: 2363
      Debug: Off
      Object Name: 
      Observers: 
        none
      Pointer: 0x7fc38c445010
      Container manages memory: true
      Size: 11534336
      Capacity: 11534336

     Weighting = 1
     Sampling strategy = regular
     Number of bins = 32
     Radius = 4
     Sampling percentage  = 0.25
   Transform = Rigid
     Gradient step = 0.1
     Update field sigma (voxel space) = 0
     Total field sigma (voxel space) = 0
     Update field time sigma = 0
     Total field time sigma  = 0
     Number of time indices = 0
     Number of time point samples = 0
Stage 2 State
   Image metric = MattesMI
     Fixed image = Image (0x56168d7199c0)
  RTTI typeinfo:   itk::Image<double, 3u>
  Reference Count: 2
  Modified Time: 3144
  Debug: Off
  Object Name: 
  Observers: 
    none
  Source: (none)
  Source output name: (none)
  Release Data: Off
  Data Released: False
  Global Release Data: Off
  PipelineMTime: 0
  UpdateMTime: 2755
  RealTimeStamp: 0 seconds 
  LargestPossibleRegion: 
    Dimension: 3
    Index: [0, 0, 0]
    Size: [193, 229, 193]
  BufferedRegion: 
    Dimension: 3
    Index: [0, 0, 0]
    Size: [193, 229, 193]
  RequestedRegion: 
    Dimension: 3
    Index: [0, 0, 0]
    Size: [193, 229, 193]
  Spacing: [1, 1, 1]
  Origin: [96, 132, -78]
  Direction: 
-1 0 0
0 -1 0
0 0 1

  IndexToPointMatrix: 
-1 0 0
0 -1 0
0 0 1

  PointToIndexMatrix: 
-1 0 0
0 -1 0
0 0 1

  Inverse Direction: 
-1 0 0
0 -1 0
0 0 1

  PixelContainer: 
    ImportImageContainer (0x56168d708f30)
      RTTI typeinfo:   itk::ImportImageContainer<unsigned long, double>
      Reference Count: 1
      Modified Time: 2752
      Debug: Off
      Object Name: 
      Observers: 
        none
      Pointer: 0x7fc388330010
      Container manages memory: true
      Size: 8530021
      Capacity: 8530021

     Moving image = Image (0x56168d71b7c0)
  RTTI typeinfo:   itk::Image<double, 3u>
  Reference Count: 2
  Modified Time: 3145
  Debug: Off
  Object Name: 
  Observers: 
    none
  Source: (none)
  Source output name: (none)
  Release Data: Off
  Data Released: False
  Global Release Data: Off
  PipelineMTime: 0
  UpdateMTime: 3142
  RealTimeStamp: 0 seconds 
  LargestPossibleRegion: 
    Dimension: 3
    Index: [0, 0, 0]
    Size: [176, 256, 256]
  BufferedRegion: 
    Dimension: 3
    Index: [0, 0, 0]
    Size: [176, 256, 256]
  RequestedRegion: 
    Dimension: 3
    Index: [0, 0, 0]
    Size: [176, 256, 256]
  Spacing: [1, 1, 1]
  Origin: [-96.1092, 110.735, -124.086]
  Direction: 
1 0 0
0 -1 0
0 0 1

  IndexToPointMatrix: 
1 0 0
0 -1 0
0 0 1

  PointToIndexMatrix: 
1 0 0
0 -1 0
0 0 1

  Inverse Direction: 
1 0 0
0 -1 0
0 0 1

  PixelContainer: 
    ImportImageContainer (0x56168d71e190)
      RTTI typeinfo:   itk::ImportImageContainer<unsigned long, double>
      Reference Count: 1
      Modified Time: 3139
      Debug: Off
      Object Name: 
      Observers: 
        none
      Pointer: 0x7fc382b2f010
      Container manages memory: true
      Size: 11534336
      Capacity: 11534336

     Weighting = 1
     Sampling strategy = regular
     Number of bins = 32
     Radius = 4
     Sampling percentage  = 0.25
   Transform = Affine
     Gradient step = 0.1
     Update field sigma (voxel space) = 0
     Total field sigma (voxel space) = 0
     Update field time sigma = 0
     Total field time sigma  = 0
     Number of time indices = 0
     Number of time point samples = 0
Stage 3 State
   Image metric = CC
     Fixed image = Image (0x56168d705240)
  RTTI typeinfo:   itk::Image<double, 3u>
  Reference Count: 2
  Modified Time: 3920
  Debug: Off
  Object Name: 
  Observers: 
    none
  Source: (none)
  Source output name: (none)
  Release Data: Off
  Data Released: False
  Global Release Data: Off
  PipelineMTime: 0
  UpdateMTime: 3531
  RealTimeStamp: 0 seconds 
  LargestPossibleRegion: 
    Dimension: 3
    Index: [0, 0, 0]
    Size: [193, 229, 193]
  BufferedRegion: 
    Dimension: 3
    Index: [0, 0, 0]
    Size: [193, 229, 193]
  RequestedRegion: 
    Dimension: 3
    Index: [0, 0, 0]
    Size: [193, 229, 193]
  Spacing: [1, 1, 1]
  Origin: [96, 132, -78]
  Direction: 
-1 0 0
0 -1 0
0 0 1

  IndexToPointMatrix: 
-1 0 0
0 -1 0
0 0 1

  PointToIndexMatrix: 
-1 0 0
0 -1 0
0 0 1

  Inverse Direction: 
-1 0 0
0 -1 0
0 0 1

  PixelContainer: 
    ImportImageContainer (0x56168d642600)
      RTTI typeinfo:   itk::ImportImageContainer<unsigned long, double>
      Reference Count: 1
      Modified Time: 3528
      Debug: Off
      Object Name: 
      Observers: 
        none
      Pointer: 0x7fc37ea1a010
      Container manages memory: true
      Size: 8530021
      Capacity: 8530021

     Moving image = Image (0x56168d71de70)
  RTTI typeinfo:   itk::Image<double, 3u>
  Reference Count: 2
  Modified Time: 3921
  Debug: Off
  Object Name: 
  Observers: 
    none
  Source: (none)
  Source output name: (none)
  Release Data: Off
  Data Released: False
  Global Release Data: Off
  PipelineMTime: 0
  UpdateMTime: 3918
  RealTimeStamp: 0 seconds 
  LargestPossibleRegion: 
    Dimension: 3
    Index: [0, 0, 0]
    Size: [176, 256, 256]
  BufferedRegion: 
    Dimension: 3
    Index: [0, 0, 0]
    Size: [176, 256, 256]
  RequestedRegion: 
    Dimension: 3
    Index: [0, 0, 0]
    Size: [176, 256, 256]
  Spacing: [1, 1, 1]
  Origin: [-96.1092, 110.735, -124.086]
  Direction: 
1 0 0
0 -1 0
0 0 1

  IndexToPointMatrix: 
1 0 0
0 -1 0
0 0 1

  PointToIndexMatrix: 
1 0 0
0 -1 0
0 0 1

  Inverse Direction: 
1 0 0
0 -1 0
0 0 1

  PixelContainer: 
    ImportImageContainer (0x56168d7010d0)
      RTTI typeinfo:   itk::ImportImageContainer<unsigned long, double>
      Reference Count: 1
      Modified Time: 3915
      Debug: Off
      Object Name: 
      Observers: 
        none
      Pointer: 0x7fc379219010
      Container manages memory: true
      Size: 11534336
      Capacity: 11534336

     Weighting = 1
     Sampling strategy = none
     Number of bins = 32
     Radius = 4
     Sampling percentage  = 1
   Transform = SyN
     Gradient step = 0.1
     Update field sigma (voxel space) = 3
     Total field sigma (voxel space) = 0
     Update field time sigma = 0
     Total field time sigma  = 0
     Number of time indices = 0
     Number of time point samples = 0
Registration using 3 total stages.

Stage 0
  iterations = 1000x500x250x100
  convergence threshold = 1e-06
  convergence window size = 10
  number of levels = 4
  using the Mattes MI metric (number of bins = 32, weight = 1, use gradient filter = 0)
  preprocessing:  winsorizing the image intensities
  Shrink factors (level 1 out of 4): [8, 8, 8]
  Shrink factors (level 2 out of 4): [4, 4, 4]
  Shrink factors (level 3 out of 4): [2, 2, 2]
  Shrink factors (level 4 out of 4): [1, 1, 1]
  smoothing sigmas per level: [3, 2, 1, 0]
  regular sampling (percentage = 0.25)

*** Running Euler3DTransform registration ***

DIAGNOSTIC,Iteration,metricValue,convergenceValue,ITERATION_TIME_INDEX,SINCE_LAST
 2DIAGNOSTIC,     1, -5.478128273781e-01, 1.797693134862e+308, 3.4663e-01, 3.4663e-01, 
 2DIAGNOSTIC,     2, -5.486460773595e-01, 1.797693134862e+308, 3.5019e-01, 3.5589e-03, 
 2DIAGNOSTIC,     3, -5.502824734663e-01, 1.797693134862e+308, 3.5354e-01, 3.3560e-03, 
 2DIAGNOSTIC,     4, -5.529546229630e-01, 1.797693134862e+308, 3.5644e-01, 2.8951e-03, 
 2DIAGNOSTIC,     5, -5.533191928274e-01, 1.797693134862e+308, 3.5897e-01, 2.5339e-03, 
 2DIAGNOSTIC,     6, -5.534009083100e-01, 1.797693134862e+308, 3.6150e-01, 2.5229e-03, 
 2DIAGNOSTIC,     7, -5.537277254066e-01, 1.797693134862e+308, 3.6402e-01, 2.5280e-03, 
 2DIAGNOSTIC,     8, -5.575068139104e-01, 1.797693134862e+308, 3.6780e-01, 3.7770e-03, 
 2DIAGNOSTIC,     9, -5.629248571924e-01, 1.797693134862e+308, 3.7041e-01, 2.6071e-03, 
 2DIAGNOSTIC,    10, -5.633068553830e-01, 1.716206067871e-03, 3.7441e-01, 4.0009e-03, 
 2DIAGNOSTIC,    11, -5.631002701090e-01, 1.624383235613e-03, 3.7922e-01, 4.8120e-03, 
 2DIAGNOSTIC,    12, -5.631849940415e-01, 1.444929076002e-03, 3.8206e-01, 2.8360e-03, 
 2DIAGNOSTIC,    13, -5.630125380209e-01, 1.214790634321e-03, 3.8509e-01, 3.0320e-03, 
 2DIAGNOSTIC,    14, -5.632571039427e-01, 1.010211320843e-03, 3.8815e-01, 3.0608e-03, 
 2DIAGNOSTIC,    15, -5.634015241731e-01, 7.595479914897e-04, 3.9083e-01, 2.6782e-03, 
 2DIAGNOSTIC,    16, -5.636009974237e-01, 4.839700417639e-04, 3.9380e-01, 2.9712e-03, 
 2DIAGNOSTIC,    17, -5.638184320764e-01, 2.119891874154e-04, 3.9676e-01, 2.9562e-03, 
 2DIAGNOSTIC,    18, -5.639770975372e-01, 5.811603129243e-05, 3.9947e-01, 2.7161e-03, 
 2DIAGNOSTIC,    19, -5.641318675181e-01, 6.418560800987e-05, 4.0240e-01, 2.9299e-03, 
 2DIAGNOSTIC,    20, -5.645950711249e-01, 8.534798581446e-05, 4.0511e-01, 2.7099e-03, 
 2DIAGNOSTIC,    21, -5.649732632518e-01, 1.004874900535e-04, 4.0769e-01, 2.5771e-03, 
 2DIAGNOSTIC,    22, -5.661357101323e-01, 1.338409807900e-04, 4.1076e-01, 3.0758e-03, 
 2DIAGNOSTIC,    23, -5.664614855940e-01, 1.546608200485e-04, 4.1487e-01, 4.1070e-03, 
 2DIAGNOSTIC,    24, -5.667619116843e-01, 1.710464864595e-04, 4.1791e-01, 3.0429e-03, 
 2DIAGNOSTIC,    25, -5.667644585688e-01, 1.732393737523e-04, 4.2054e-01, 2.6300e-03, 
 2DIAGNOSTIC,    26, -5.667586816140e-01, 1.627663029880e-04, 4.2388e-01, 3.3379e-03, 
 2DIAGNOSTIC,    27, -5.667272683436e-01, 1.411289793490e-04, 4.2717e-01, 3.2921e-03, 
 2DIAGNOSTIC,    28, -5.666336960612e-01, 1.089856161407e-04, 4.3055e-01, 3.3760e-03, 
 2DIAGNOSTIC,    29, -5.665385883779e-01, 7.004840801857e-05, 4.3351e-01, 2.9621e-03, 
 2DIAGNOSTIC,    30, -5.665029508715e-01, 3.457006408920e-05, 4.3657e-01, 3.0551e-03, 
 2DIAGNOSTIC,    31, -5.663713587308e-01, 1.832144845629e-06, 4.3951e-01, 2.9399e-03, 
DIAGNOSTIC,Iteration,metricValue,convergenceValue,ITERATION_TIME_INDEX,SINCE_LAST
 2DIAGNOSTIC,     1, -4.514956980064e-01, 1.797693134862e+308, 8.0713e-01, 3.6762e-01, 
 2DIAGNOSTIC,     2, -4.518788791751e-01, 1.797693134862e+308, 8.2799e-01, 2.0856e-02, 
 2DIAGNOSTIC,     3, -4.523614806606e-01, 1.797693134862e+308, 8.4803e-01, 2.0040e-02, 
 2DIAGNOSTIC,     4, -4.528719194008e-01, 1.797693134862e+308, 8.6792e-01, 1.9891e-02, 
 2DIAGNOSTIC,     5, -4.534525547309e-01, 1.797693134862e+308, 8.8811e-01, 2.0192e-02, 
 2DIAGNOSTIC,     6, -4.537956606082e-01, 1.797693134862e+308, 9.0881e-01, 2.0699e-02, 
 2DIAGNOSTIC,     7, -4.543880861785e-01, 1.797693134862e+308, 9.3270e-01, 2.3889e-02, 
 2DIAGNOSTIC,     8, -4.546860969551e-01, 1.797693134862e+308, 9.5529e-01, 2.2589e-02, 
 2DIAGNOSTIC,     9, -4.559638365614e-01, 1.797693134862e+308, 9.8886e-01, 3.3575e-02, 
 2DIAGNOSTIC,    10, -4.561848879820e-01, 6.705870456645e-04, 1.0077e+00, 1.8840e-02, 
 2DIAGNOSTIC,    11, -4.565515581744e-01, 6.208482932570e-04, 1.0302e+00, 2.2458e-02, 
 2DIAGNOSTIC,    12, -4.565984811016e-01, 5.466097226623e-04, 1.0610e+00, 3.0877e-02, 
 2DIAGNOSTIC,    13, -4.566035660366e-01, 4.578623408118e-04, 1.0837e+00, 2.2631e-02, 
 2DIAGNOSTIC,    14, -4.566043053020e-01, 3.624412052178e-04, 1.1054e+00, 2.1719e-02, 
 2DIAGNOSTIC,    15, -4.565843248220e-01, 2.700020626462e-04, 1.1315e+00, 2.6101e-02, 
 2DIAGNOSTIC,    16, -4.565807492252e-01, 1.779027974533e-04, 1.1538e+00, 2.2341e-02, 
 2DIAGNOSTIC,    17, -4.565755702528e-01, 1.023706063593e-04, 1.1761e+00, 2.2239e-02, 
 2DIAGNOSTIC,    18, -4.565702648366e-01, 3.514779678915e-05, 1.1958e+00, 1.9707e-02, 
 2DIAGNOSTIC,    19, -4.565665401341e-01, 1.377459625871e-05, 1.2157e+00, 1.9918e-02, 
DIAGNOSTIC,Iteration,metricValue,convergenceValue,ITERATION_TIME_INDEX,SINCE_LAST
 2DIAGNOSTIC,     1, -3.955020992730e-01, 1.797693134862e+308, 1.7909e+00, 5.7516e-01, 
 2DIAGNOSTIC,     2, -3.957333556867e-01, 1.797693134862e+308, 1.9244e+00, 1.3350e-01, 
 2DIAGNOSTIC,     3, -3.959731071503e-01, 1.797693134862e+308, 2.0608e+00, 1.3645e-01, 
 2DIAGNOSTIC,     4, -3.960369626190e-01, 1.797693134862e+308, 2.2001e+00, 1.3933e-01, 
 2DIAGNOSTIC,     5, -3.961648490413e-01, 1.797693134862e+308, 2.3384e+00, 1.3824e-01, 
 2DIAGNOSTIC,     6, -3.961969889690e-01, 1.797693134862e+308, 2.4884e+00, 1.5002e-01, 
 2DIAGNOSTIC,     7, -3.964176592648e-01, 1.797693134862e+308, 2.8309e+00, 3.4246e-01, 
 2DIAGNOSTIC,     8, -3.964181176823e-01, 1.797693134862e+308, 3.0733e+00, 2.4247e-01, 
 2DIAGNOSTIC,     9, -3.964182326120e-01, 1.797693134862e+308, 3.2384e+00, 1.6507e-01, 
 2DIAGNOSTIC,    10, -3.964175308328e-01, 1.473356427803e-04, 3.4014e+00, 1.6301e-01, 
 2DIAGNOSTIC,    11, -3.964167997352e-01, 1.003385928208e-04, 3.5439e+00, 1.4247e-01, 
 2DIAGNOSTIC,    12, -3.964161064782e-01, 6.575660088161e-05, 3.7088e+00, 1.6495e-01, 
 2DIAGNOSTIC,    13, -3.964161745049e-01, 4.400055907765e-05, 3.8533e+00, 1.4449e-01, 
 2DIAGNOSTIC,    14, -3.964155025222e-01, 2.483267471118e-05, 4.0188e+00, 1.6546e-01, 
 2DIAGNOSTIC,    15, -3.964155752200e-01, 1.236587805209e-05, 4.1630e+00, 1.4417e-01, 
 2DIAGNOSTIC,    16, -3.964149092804e-01, 1.646716380491e-06, 4.3264e+00, 1.6346e-01, 
 2DIAGNOSTIC,    17, -3.964149859279e-01, 1.534343350637e-06, 4.4728e+00, 1.4637e-01, 
 2DIAGNOSTIC,    18, -3.964143265172e-01, 1.456498721547e-06, 4.6377e+00, 1.6488e-01, 
 2DIAGNOSTIC,    19, -3.964144794293e-01, 1.426565190990e-06, 4.7823e+00, 1.4460e-01, 
 2DIAGNOSTIC,    20, -3.964139629884e-01, 1.379243312116e-06, 4.9473e+00, 1.6500e-01, 
 2DIAGNOSTIC,    21, -3.964126215766e-01, 1.286281015950e-06, 5.1115e+00, 1.6425e-01, 
 2DIAGNOSTIC,    22, -3.964128225355e-01, 1.208064662118e-06, 5.2716e+00, 1.6009e-01, 
 2DIAGNOSTIC,    23, -3.964114273835e-01, 1.117232512581e-06, 5.4080e+00, 1.3635e-01, 
 2DIAGNOSTIC,    24, -3.964117188189e-01, 1.047957914807e-06, 5.6030e+00, 1.9502e-01, 
DIAGNOSTIC,Iteration,metricValue,convergenceValue,ITERATION_TIME_INDEX,SINCE_LAST
 2DIAGNOSTIC,     1, -3.639957877314e-01, 1.797693134862e+308, 7.2664e+00, 1.6634e+00, 
 2DIAGNOSTIC,     2, -3.640961060427e-01, 1.797693134862e+308, 8.2460e+00, 9.7963e-01, 
 2DIAGNOSTIC,     3, -3.642233162552e-01, 1.797693134862e+308, 9.5173e+00, 1.2713e+00, 
 2DIAGNOSTIC,     4, -3.642267506424e-01, 1.797693134862e+308, 1.0658e+01, 1.1408e+00, 
 2DIAGNOSTIC,     5, -3.642315781222e-01, 1.797693134862e+308, 1.1665e+01, 1.0070e+00, 
 2DIAGNOSTIC,     6, -3.642468761025e-01, 1.797693134862e+308, 1.2808e+01, 1.1426e+00, 
 2DIAGNOSTIC,     7, -3.642492706586e-01, 1.797693134862e+308, 1.3820e+01, 1.0122e+00, 
 2DIAGNOSTIC,     8, -3.642622154769e-01, 1.797693134862e+308, 1.4826e+01, 1.0059e+00, 
 2DIAGNOSTIC,     9, -3.642827220928e-01, 1.797693134862e+308, 1.5830e+01, 1.0041e+00, 
 2DIAGNOSTIC,    10, -3.644781710573e-01, 5.669012236051e-05, 1.7753e+01, 1.9228e+00, 
 2DIAGNOSTIC,    11, -3.644858552091e-01, 5.015910541978e-05, 1.9798e+01, 2.0453e+00, 
 2DIAGNOSTIC,    12, -3.644857970341e-01, 4.691965329472e-05, 2.1204e+01, 1.4056e+00, 
 2DIAGNOSTIC,    13, -3.644856338540e-01, 4.799776485367e-05, 2.2338e+01, 1.1343e+00, 
 2DIAGNOSTIC,    14, -3.644854709101e-01, 4.491596352474e-05, 2.3348e+01, 1.0097e+00, 
 2DIAGNOSTIC,    15, -3.644855720211e-01, 3.842150692430e-05, 2.4353e+01, 1.0050e+00, 
 2DIAGNOSTIC,    16, -3.644853380223e-01, 3.012307521330e-05, 2.5747e+01, 1.3942e+00, 
 2DIAGNOSTIC,    17, -3.644851715517e-01, 2.045316305833e-05, 2.6874e+01, 1.1270e+00, 
 2DIAGNOSTIC,    18, -3.644850911134e-01, 1.078148247274e-05, 2.8015e+01, 1.1414e+00, 
 2DIAGNOSTIC,    19, -3.644850132941e-01, 1.905316135344e-06, 2.9153e+01, 1.1382e+00, 
 2DIAGNOSTIC,    20, -3.644850186943e-01, 1.509904894316e-06, 3.0165e+01, 1.0119e+00, 
 2DIAGNOSTIC,    21, -3.644848553672e-01, 1.439032740976e-06, 3.1427e+01, 1.2615e+00, 
 2DIAGNOSTIC,    22, -3.644847735019e-01, 1.377177235251e-06, 3.2548e+01, 1.1209e+00, 
 2DIAGNOSTIC,    23, -3.644846905344e-01, 1.318991254273e-06, 3.3553e+01, 1.0051e+00, 
 2DIAGNOSTIC,    24, -3.644846096753e-01, 1.263511628456e-06, 3.4557e+01, 1.0041e+00, 
 2DIAGNOSTIC,    25, -3.644847045036e-01, 1.224564182910e-06, 3.5561e+01, 1.0039e+00, 
 2DIAGNOSTIC,    26, -3.644846326184e-01, 1.183985862158e-06, 3.6698e+01, 1.1374e+00, 
 2DIAGNOSTIC,    27, -3.644845628103e-01, 1.143500727135e-06, 3.7825e+01, 1.1266e+00, 
 2DIAGNOSTIC,    28, -3.644844061107e-01, 1.102719526094e-06, 3.8957e+01, 1.1326e+00, 
 2DIAGNOSTIC,    29, -3.644841662529e-01, 1.059393038703e-06, 4.0198e+01, 1.2403e+00, 
 2DIAGNOSTIC,    30, -3.644841731182e-01, 1.022979281777e-06, 4.1311e+01, 1.1138e+00, 
  Elapsed time (stage 0): 4.1971e+01


Stage 1
  iterations = 1000x500x250x100
  convergence threshold = 1.0000e-06
  convergence window size = 10
  number of levels = 4
  using the Mattes MI metric (number of bins = 32, weight = 1.0000e+00, use gradient filter = 0)
  preprocessing:  winsorizing the image intensities
  Shrink factors (level 1 out of 4): [8, 8, 8]
  Shrink factors (level 2 out of 4): [4, 4, 4]
  Shrink factors (level 3 out of 4): [2, 2, 2]
  Shrink factors (level 4 out of 4): [1, 1, 1]
  smoothing sigmas per level: [3, 2, 1, 0]
  regular sampling (percentage = 2.5000e-01)

*** Running AffineTransform registration ***

DIAGNOSTIC,Iteration,metricValue,convergenceValue,ITERATION_TIME_INDEX,SINCE_LAST
 2DIAGNOSTIC,     1, -5.532966614645e-01, 1.797693134862e+308, 3.5827e-01, 3.5827e-01, 
 2DIAGNOSTIC,     2, -5.547301057353e-01, 1.797693134862e+308, 3.6201e-01, 3.7410e-03, 
 2DIAGNOSTIC,     3, -5.576133080484e-01, 1.797693134862e+308, 3.6550e-01, 3.4869e-03, 
 2DIAGNOSTIC,     4, -5.637226924738e-01, 1.797693134862e+308, 3.6873e-01, 3.2349e-03, 
 2DIAGNOSTIC,     5, -5.746855031128e-01, 1.797693134862e+308, 3.7200e-01, 3.2740e-03, 
 2DIAGNOSTIC,     6, -6.155882849919e-01, 1.797693134862e+308, 3.7534e-01, 3.3362e-03, 
 2DIAGNOSTIC,     7, -6.508827771862e-01, 1.797693134862e+308, 3.7883e-01, 3.4888e-03, 
 2DIAGNOSTIC,     8, -6.944812214100e-01, 1.797693134862e+308, 3.8329e-01, 4.4558e-03, 
 2DIAGNOSTIC,     9, -7.550252211420e-01, 1.797693134862e+308, 3.8724e-01, 3.9570e-03, 
 2DIAGNOSTIC,    10, -7.900600854810e-01, 2.501350127327e-02, 3.9135e-01, 4.1051e-03, 
 2DIAGNOSTIC,    11, -8.035485411298e-01, 2.589077366611e-02, 3.9536e-01, 4.0171e-03, 
 2DIAGNOSTIC,    12, -8.110331292052e-01, 2.462168145581e-02, 3.9901e-01, 3.6440e-03, 
 2DIAGNOSTIC,    13, -8.236284069569e-01, 2.187730749492e-02, 4.0287e-01, 3.8660e-03, 
 2DIAGNOSTIC,    14, -8.325295424710e-01, 1.806037832809e-02, 4.0690e-01, 4.0219e-03, 
 2DIAGNOSTIC,    15, -8.344429252660e-01, 1.355340147395e-02, 4.1140e-01, 4.5021e-03, 
 2DIAGNOSTIC,    16, -8.347851249468e-01, 9.538962435364e-03, 4.1523e-01, 3.8280e-03, 
 2DIAGNOSTIC,    17, -8.350760377863e-01, 6.047142877959e-03, 4.1947e-01, 4.2388e-03, 
 2DIAGNOSTIC,    18, -8.352896930715e-01, 3.387822854465e-03, 4.2313e-01, 3.6600e-03, 
 2DIAGNOSTIC,    19, -8.353314787235e-01, 1.973126025330e-03, 4.2694e-01, 3.8121e-03, 
 2DIAGNOSTIC,    20, -8.353056755133e-01, 1.217595504255e-03, 4.3108e-01, 4.1418e-03, 
 2DIAGNOSTIC,    21, -8.352499559208e-01, 6.802330371966e-04, 4.3474e-01, 3.6640e-03, 
 2DIAGNOSTIC,    22, -8.351103627669e-01, 2.595063439280e-04, 4.3823e-01, 3.4850e-03, 
 2DIAGNOSTIC,    23, -8.349059634994e-01, 5.807538487627e-05, 4.4280e-01, 4.5719e-03, 
 2DIAGNOSTIC,    24, -8.348325334619e-01, 9.350599670131e-06, 4.4728e-01, 4.4770e-03, 
DIAGNOSTIC,Iteration,metricValue,convergenceValue,ITERATION_TIME_INDEX,SINCE_LAST
 2DIAGNOSTIC,     1, -6.962899711597e-01, 1.797693134862e+308, 8.3970e-01, 3.9242e-01, 
 2DIAGNOSTIC,     2, -6.967599506769e-01, 1.797693134862e+308, 8.6714e-01, 2.7443e-02, 
 2DIAGNOSTIC,     3, -6.971132490046e-01, 1.797693134862e+308, 8.9285e-01, 2.5716e-02, 
 2DIAGNOSTIC,     4, -6.973696662605e-01, 1.797693134862e+308, 9.1688e-01, 2.4030e-02, 
 2DIAGNOSTIC,     5, -6.978200084668e-01, 1.797693134862e+308, 9.4096e-01, 2.4075e-02, 
 2DIAGNOSTIC,     6, -6.981413814151e-01, 1.797693134862e+308, 9.8659e-01, 4.5631e-02, 
 2DIAGNOSTIC,     7, -6.981531948184e-01, 1.797693134862e+308, 1.0148e+00, 2.8226e-02, 
 2DIAGNOSTIC,     8, -6.981351446800e-01, 1.797693134862e+308, 1.0397e+00, 2.4865e-02, 
 2DIAGNOSTIC,     9, -6.981201653673e-01, 1.797693134862e+308, 1.0690e+00, 2.9324e-02, 
 2DIAGNOSTIC,    10, -6.981169422442e-01, 1.723230446114e-04, 1.0967e+00, 2.7669e-02, 
 2DIAGNOSTIC,    11, -6.981285490519e-01, 1.110881137369e-04, 1.1248e+00, 2.8081e-02, 
 2DIAGNOSTIC,    12, -6.981264602476e-01, 6.619216273798e-05, 1.1515e+00, 2.6712e-02, 
 2DIAGNOSTIC,    13, -6.981395438652e-01, 3.406906452828e-05, 1.1879e+00, 3.6452e-02, 
 2DIAGNOSTIC,    14, -6.981525801430e-01, 1.125127653653e-05, 1.2178e+00, 2.9868e-02, 
 2DIAGNOSTIC,    15, -6.981520695169e-01, 2.613132710327e-06, 1.2476e+00, 2.9799e-02, 
 2DIAGNOSTIC,    16, -6.981440952512e-01, 2.972995479134e-06, 1.2729e+00, 2.5309e-02, 
 2DIAGNOSTIC,    17, -6.981451996448e-01, 3.525243894562e-06, 1.2992e+00, 2.6320e-02, 
 2DIAGNOSTIC,    18, -6.981468068929e-01, 3.495465218564e-06, 1.3239e+00, 2.4644e-02, 
 2DIAGNOSTIC,    19, -6.981869476885e-01, 3.843068206992e-06, 1.3481e+00, 2.4240e-02, 
 2DIAGNOSTIC,    20, -6.982159772593e-01, 4.454107050418e-06, 1.3747e+00, 2.6561e-02, 
 2DIAGNOSTIC,    21, -6.982095871089e-01, 4.846094499709e-06, 1.4005e+00, 2.5866e-02, 
 2DIAGNOSTIC,    22, -6.982305516557e-01, 5.258704432638e-06, 1.4250e+00, 2.4512e-02, 
 2DIAGNOSTIC,    23, -6.982538952353e-01, 5.907818265670e-06, 1.4536e+00, 2.8543e-02, 
 2DIAGNOSTIC,    24, -6.982597687849e-01, 6.376240425696e-06, 1.4797e+00, 2.6105e-02, 
 2DIAGNOSTIC,    25, -6.982661039427e-01, 6.429552569368e-06, 1.5083e+00, 2.8581e-02, 
 2DIAGNOSTIC,    26, -6.982554926543e-01, 5.715740022054e-06, 1.5351e+00, 2.6789e-02, 
 2DIAGNOSTIC,    27, -6.983479699202e-01, 6.057598931325e-06, 1.5817e+00, 4.6612e-02, 
 2DIAGNOSTIC,    28, -6.983496401488e-01, 5.903333340350e-06, 1.6100e+00, 2.8340e-02, 
 2DIAGNOSTIC,    29, -6.983292885519e-01, 5.589018615415e-06, 1.6370e+00, 2.7039e-02, 
 2DIAGNOSTIC,    30, -6.983202939329e-01, 5.181408400855e-06, 1.6664e+00, 2.9354e-02, 
 2DIAGNOSTIC,    31, -6.983213769608e-01, 4.335385345888e-06, 1.6944e+00, 2.7949e-02, 
 2DIAGNOSTIC,    32, -6.983092070617e-01, 3.308925350526e-06, 1.7212e+00, 2.6812e-02, 
 2DIAGNOSTIC,    33, -6.982968435510e-01, 2.256335340976e-06, 1.7464e+00, 2.5243e-02, 
 2DIAGNOSTIC,    34, -6.982969479345e-01, 1.236094315297e-06, 1.7723e+00, 2.5857e-02, 
DIAGNOSTIC,Iteration,metricValue,convergenceValue,ITERATION_TIME_INDEX,SINCE_LAST
 2DIAGNOSTIC,     1, -5.906489593638e-01, 1.797693134862e+308, 2.4292e+00, 6.5697e-01, 
 2DIAGNOSTIC,     2, -5.909444215400e-01, 1.797693134862e+308, 2.6119e+00, 1.8269e-01, 
 2DIAGNOSTIC,     3, -5.912268567568e-01, 1.797693134862e+308, 2.7943e+00, 1.8241e-01, 
 2DIAGNOSTIC,     4, -5.915608325190e-01, 1.797693134862e+308, 2.9714e+00, 1.7712e-01, 
 2DIAGNOSTIC,     5, -5.919338819056e-01, 1.797693134862e+308, 3.1785e+00, 2.0704e-01, 
 2DIAGNOSTIC,     6, -5.922460387487e-01, 1.797693134862e+308, 3.3802e+00, 2.0174e-01, 
 2DIAGNOSTIC,     7, -5.923509635457e-01, 1.797693134862e+308, 3.7379e+00, 3.5770e-01, 
 2DIAGNOSTIC,     8, -5.923511747739e-01, 1.797693134862e+308, 3.9406e+00, 2.0266e-01, 
 2DIAGNOSTIC,     9, -5.923544680219e-01, 1.797693134862e+308, 4.1460e+00, 2.0539e-01, 
 2DIAGNOSTIC,    10, -5.923561716322e-01, 2.024314131139e-04, 4.3273e+00, 1.8130e-01, 
 2DIAGNOSTIC,    11, -5.923562315645e-01, 1.411823184628e-04, 4.5091e+00, 1.8181e-01, 
 2DIAGNOSTIC,    12, -5.923652625906e-01, 8.990047182268e-05, 4.6907e+00, 1.8162e-01, 
 2DIAGNOSTIC,    13, -5.923750359415e-01, 4.940595370025e-05, 4.8684e+00, 1.7772e-01, 
 2DIAGNOSTIC,    14, -5.923854566154e-01, 2.205920453745e-05, 5.0708e+00, 2.0239e-01, 
 2DIAGNOSTIC,    15, -5.923893213372e-01, 8.370193160218e-06, 5.2534e+00, 1.8256e-01, 
 2DIAGNOSTIC,    16, -5.923919967278e-01, 5.182239556964e-06, 5.4573e+00, 2.0391e-01, 
 2DIAGNOSTIC,    17, -5.923966324506e-01, 5.169795541743e-06, 5.6603e+00, 2.0304e-01, 
 2DIAGNOSTIC,    18, -5.924070687388e-01, 5.128768683998e-06, 5.8843e+00, 2.2403e-01, 
 2DIAGNOSTIC,    19, -5.924048792297e-01, 4.800291859564e-06, 6.0756e+00, 1.9129e-01, 
 2DIAGNOSTIC,    20, -5.924045125133e-01, 4.256354913544e-06, 6.2561e+00, 1.8047e-01, 
 2DIAGNOSTIC,    21, -5.924025695976e-01, 3.475370806451e-06, 6.4469e+00, 1.9079e-01, 
 2DIAGNOSTIC,    22, -5.924016670988e-01, 2.755334837921e-06, 6.6319e+00, 1.8500e-01, 
 2DIAGNOSTIC,    23, -5.924009807717e-01, 2.156834231638e-06, 6.8139e+00, 1.8198e-01, 
 2DIAGNOSTIC,    24, -5.923981550080e-01, 1.687110094149e-06, 7.0182e+00, 2.0430e-01, 
 2DIAGNOSTIC,    25, -5.923942063082e-01, 1.223856675510e-06, 7.2239e+00, 2.0574e-01, 
DIAGNOSTIC,Iteration,metricValue,convergenceValue,ITERATION_TIME_INDEX,SINCE_LAST
 2DIAGNOSTIC,     1, -5.279905293745e-01, 1.797693134862e+308, 9.2206e+00, 1.9967e+00, 
 2DIAGNOSTIC,     2, -5.282268686486e-01, 1.797693134862e+308, 1.0441e+01, 1.2200e+00, 
 2DIAGNOSTIC,     3, -5.284472684035e-01, 1.797693134862e+308, 1.1685e+01, 1.2444e+00, 
 2DIAGNOSTIC,     4, -5.287357635831e-01, 1.797693134862e+308, 1.3185e+01, 1.5003e+00, 
 2DIAGNOSTIC,     5, -5.287911722370e-01, 1.797693134862e+308, 1.4536e+01, 1.3509e+00, 
 2DIAGNOSTIC,     6, -5.288036103706e-01, 1.797693134862e+308, 1.6029e+01, 1.4927e+00, 
 2DIAGNOSTIC,     7, -5.288176265787e-01, 1.797693134862e+308, 1.7558e+01, 1.5294e+00, 
 2DIAGNOSTIC,     8, -5.288200880588e-01, 1.797693134862e+308, 1.8952e+01, 1.3935e+00, 
 2DIAGNOSTIC,     9, -5.288207707853e-01, 1.797693134862e+308, 2.0356e+01, 1.4039e+00, 
 2DIAGNOSTIC,    10, -5.288220661763e-01, 9.202174079008e-05, 2.1764e+01, 1.4087e+00, 
 2DIAGNOSTIC,    11, -5.288222436467e-01, 5.168301116462e-05, 2.3268e+01, 1.5036e+00, 
 2DIAGNOSTIC,    12, -5.288226079879e-01, 2.420030676323e-05, 2.6943e+01, 3.6751e+00, 
 2DIAGNOSTIC,    13, -5.288226079878e-01, 7.805942272787e-06, 2.9813e+01, 2.8700e+00, 
 2DIAGNOSTIC,    14, -5.288226079877e-01, 4.298219913781e-06, 3.1209e+01, 1.3958e+00, 
 2DIAGNOSTIC,    15, -5.288226079878e-01, 3.053166617667e-06, 3.2599e+01, 1.3896e+00, 
 2DIAGNOSTIC,    16, -5.288226079877e-01, 2.283765991401e-06, 3.4116e+01, 1.5177e+00, 
 2DIAGNOSTIC,    17, -5.288226079877e-01, 2.019414848134e-06, 3.5632e+01, 1.5158e+00, 
 2DIAGNOSTIC,    18, -5.288226079877e-01, 1.844221581122e-06, 3.7020e+01, 1.3882e+00, 
 2DIAGNOSTIC,    19, -5.288226079877e-01, 1.698864367961e-06, 3.8413e+01, 1.3924e+00, 
 2DIAGNOSTIC,    20, -5.288226079877e-01, 1.600581925262e-06, 3.9800e+01, 1.3870e+00, 
 2DIAGNOSTIC,    21, -5.288226079877e-01, 1.515024351008e-06, 4.1179e+01, 1.3793e+00, 
 2DIAGNOSTIC,    22, -5.288226079877e-01, 1.446148061829e-06, 4.2592e+01, 1.4136e+00, 
 2DIAGNOSTIC,    23, -5.288226079877e-01, 1.383261973548e-06, 4.4269e+01, 1.6762e+00, 
 2DIAGNOSTIC,    24, -5.288226079877e-01, 1.325617198178e-06, 4.5647e+01, 1.3781e+00, 
 2DIAGNOSTIC,    25, -5.288226079877e-01, 1.272584685366e-06, 4.7034e+01, 1.3873e+00, 
 2DIAGNOSTIC,    26, -5.288226079877e-01, 1.223632175439e-06, 4.8431e+01, 1.3974e+00, 
 2DIAGNOSTIC,    27, -5.288226079877e-01, 1.178306272838e-06, 5.0107e+01, 1.6753e+00, 
 2DIAGNOSTIC,    28, -5.288226079877e-01, 1.136218361279e-06, 5.1500e+01, 1.3929e+00, 
 2DIAGNOSTIC,    29, -5.288226079877e-01, 1.097033433574e-06, 5.3022e+01, 1.5220e+00, 
 2DIAGNOSTIC,    30, -5.288226079877e-01, 1.060461155653e-06, 5.4428e+01, 1.4068e+00, 
 2DIAGNOSTIC,    31, -5.288226079877e-01, 1.026248660295e-06, 5.5797e+01, 1.3687e+00, 
  Elapsed time (stage 1): 5.6680e+01


Stage 2
  iterations = 100x70x50x20
  convergence threshold = 1.0000e-06
  convergence window size = 10
  number of levels = 4
  using the CC metric (radius = 4, weight = 1.0000e+00, use gradient filter = 0)
  preprocessing:  winsorizing the image intensities
  Shrink factors (level 1 out of 4): [8, 8, 8]
  Shrink factors (level 2 out of 4): [4, 4, 4]
  Shrink factors (level 3 out of 4): [2, 2, 2]
  Shrink factors (level 4 out of 4): [1, 1, 1]
  smoothing sigmas per level: [3, 2, 1, 0]
  Using default NONE metricSamplingStrategy 

*** Running SyN registration (varianceForUpdateField = 3.0000e+00, varianceForTotalField = 0.0000e+00) ***

XXDIAGNOSTIC,Iteration,metricValue,convergenceValue,ITERATION_TIME_INDEX,SINCE_LAST
 1DIAGNOSTIC,     1, -9.165184875086e-01, 1.797693134862e+308, 4.9035e-01, 4.9035e-01, 
 1DIAGNOSTIC,     2, -9.249702693762e-01, 1.797693134862e+308, 6.5225e-01, 1.6191e-01, 
 1DIAGNOSTIC,     3, -9.315089928058e-01, 1.797693134862e+308, 8.1552e-01, 1.6326e-01, 
 1DIAGNOSTIC,     4, -9.364440083464e-01, 1.797693134862e+308, 9.7531e-01, 1.5979e-01, 
 1DIAGNOSTIC,     5, -9.402748437519e-01, 1.797693134862e+308, 1.1405e+00, 1.6519e-01, 
 1DIAGNOSTIC,     6, -9.431219893640e-01, 1.797693134862e+308, 1.2943e+00, 1.5376e-01, 
 1DIAGNOSTIC,     7, -9.457702780065e-01, 1.797693134862e+308, 1.4507e+00, 1.5642e-01, 
 1DIAGNOSTIC,     8, -9.484246495835e-01, 1.797693134862e+308, 1.5987e+00, 1.4805e-01, 
 1DIAGNOSTIC,     9, -9.511171713637e-01, 1.797693134862e+308, 1.7512e+00, 1.5242e-01, 
 1DIAGNOSTIC,    10, -9.538985695776e-01, 2.330929596472e-03, 1.9047e+00, 1.5355e-01, 
 1DIAGNOSTIC,    11, -9.568766001509e-01, 1.815726173951e-03, 2.0700e+00, 1.6532e-01, 
 1DIAGNOSTIC,    12, -9.596481891409e-01, 1.503700995552e-03, 2.2344e+00, 1.6440e-01, 
 1DIAGNOSTIC,    13, -9.620861103007e-01, 1.310256465442e-03, 2.3994e+00, 1.6494e-01, 
 1DIAGNOSTIC,    14, -9.643022006939e-01, 1.177864815101e-03, 2.5608e+00, 1.6141e-01, 
 1DIAGNOSTIC,    15, -9.656146056534e-01, 1.057853242576e-03, 2.7154e+00, 1.5460e-01, 
 1DIAGNOSTIC,    16, -9.661036642272e-01, 9.181329690080e-04, 2.8741e+00, 1.5869e-01, 
 1DIAGNOSTIC,    17, -9.658920893010e-01, 7.533570447878e-04, 3.0396e+00, 1.6556e-01, 
 1DIAGNOSTIC,    18, -9.658381176314e-01, 5.807117247778e-04, 3.1981e+00, 1.5851e-01, 
 1DIAGNOSTIC,    19, -9.658600944341e-01, 4.149572237179e-04, 3.3685e+00, 1.7039e-01, 
 1DIAGNOSTIC,    20, -9.657324277613e-01, 2.665560790254e-04, 3.5358e+00, 1.6730e-01, 
 1DIAGNOSTIC,    21, -9.659030988533e-01, 1.522475843880e-04, 3.7030e+00, 1.6715e-01, 
 1DIAGNOSTIC,    22, -9.658087881898e-01, 7.035981722976e-05, 3.8637e+00, 1.6078e-01, 
 1DIAGNOSTIC,    23, -9.660842618249e-01, 2.395274484083e-05, 4.0212e+00, 1.5743e-01, 
 1DIAGNOSTIC,    24, -9.659071307542e-01, 4.151390122560e-06, 4.1806e+00, 1.5937e-01, 
 1DIAGNOSTIC,    25, -9.660798657175e-01, 3.270744678263e-06, 4.3440e+00, 1.6347e-01, 
 1DIAGNOSTIC,    26, -9.659904768622e-01, 6.860950629885e-06, 4.5035e+00, 1.5953e-01, 
 1DIAGNOSTIC,    27, -9.662684602821e-01, 1.039965535482e-05, 4.6630e+00, 1.5948e-01, 
 1DIAGNOSTIC,    28, -9.661854302425e-01, 1.126161596333e-05, 4.8292e+00, 1.6622e-01, 
 1DIAGNOSTIC,    29, -9.663679608155e-01, 1.330496914111e-05, 4.9896e+00, 1.6032e-01, 
 1DIAGNOSTIC,    30, -9.662588023401e-01, 1.166109344510e-05, 5.1540e+00, 1.6445e-01, 
 1DIAGNOSTIC,    31, -9.665095052280e-01, 1.322640561230e-05, 5.3083e+00, 1.5430e-01, 
 1DIAGNOSTIC,    32, -9.664125035339e-01, 1.160714702206e-05, 5.4592e+00, 1.5091e-01, 
 1DIAGNOSTIC,    33, -9.666307996731e-01, 1.360813690680e-05, 5.6124e+00, 1.5316e-01, 
 1DIAGNOSTIC,    34, -9.665179805980e-01, 1.169739014108e-05, 5.7652e+00, 1.5278e-01, 
 1DIAGNOSTIC,    35, -9.666694628812e-01, 1.170061332652e-05, 5.9224e+00, 1.5724e-01, 
 1DIAGNOSTIC,    36, -9.665449091623e-01, 8.820126123250e-06, 6.0822e+00, 1.5984e-01, 
 1DIAGNOSTIC,    37, -9.667715526873e-01, 9.436938542301e-06, 6.2432e+00, 1.6101e-01, 
 1DIAGNOSTIC,    38, -9.666606934884e-01, 7.607386077899e-06, 6.3992e+00, 1.5598e-01, 
 1DIAGNOSTIC,    39, -9.668572597652e-01, 8.177523990828e-06, 6.5613e+00, 1.6205e-01, 
 1DIAGNOSTIC,    40, -9.667384356428e-01, 6.256385175023e-06, 6.7150e+00, 1.5370e-01, 
 1DIAGNOSTIC,    41, -9.668550521468e-01, 6.623322001343e-06, 6.8743e+00, 1.5929e-01, 
 1DIAGNOSTIC,    42, -9.667360420991e-01, 4.823246459448e-06, 7.0322e+00, 1.5793e-01, 
 1DIAGNOSTIC,    43, -9.669170576765e-01, 5.512927916649e-06, 7.1893e+00, 1.5712e-01, 
 1DIAGNOSTIC,    44, -9.668205669519e-01, 4.243900685128e-06, 7.3461e+00, 1.5679e-01, 
 1DIAGNOSTIC,    45, -9.669113527801e-01, 4.344425042165e-06, 7.5051e+00, 1.5903e-01, 
 1DIAGNOSTIC,    46, -9.668115014408e-01, 2.606853590274e-06, 7.6653e+00, 1.6017e-01, 
 1DIAGNOSTIC,    47, -9.669067101235e-01, 2.831258358552e-06, 7.8159e+00, 1.5064e-01, 
 1DIAGNOSTIC,    48, -9.668206052488e-01, 1.565133957809e-06, 7.9719e+00, 1.5599e-01, 
 1DIAGNOSTIC,    49, -9.669107398950e-01, 2.029478824994e-06, 8.1301e+00, 1.5814e-01, 
 1DIAGNOSTIC,    50, -9.668287850404e-01, 1.127383049870e-06, 8.2922e+00, 1.6210e-01, 
 1DIAGNOSTIC,    51, -9.669184346422e-01, 1.451533297104e-06, 8.4516e+00, 1.5940e-01, 
 1DIAGNOSTIC,    52, -9.668381551107e-01, 5.056961339817e-07, 8.6156e+00, 1.6403e-01, 
XXDIAGNOSTIC,Iteration,metricValue,convergenceValue,ITERATION_TIME_INDEX,SINCE_LAST
 1DIAGNOSTIC,     1, -9.031607780250e-01, 1.797693134862e+308, 1.0180e+01, 1.5647e+00, 
 1DIAGNOSTIC,     2, -9.070224864156e-01, 1.797693134862e+308, 1.1426e+01, 1.2457e+00, 
 1DIAGNOSTIC,     3, -9.112502479091e-01, 1.797693134862e+308, 1.2653e+01, 1.2273e+00, 
 1DIAGNOSTIC,     4, -9.151116034377e-01, 1.797693134862e+308, 1.3892e+01, 1.2383e+00, 
 1DIAGNOSTIC,     5, -9.184698521304e-01, 1.797693134862e+308, 1.5138e+01, 1.2466e+00, 
 1DIAGNOSTIC,     6, -9.213307276463e-01, 1.797693134862e+308, 1.6383e+01, 1.2451e+00, 
 1DIAGNOSTIC,     7, -9.236540806545e-01, 1.797693134862e+308, 1.7618e+01, 1.2350e+00, 
 1DIAGNOSTIC,     8, -9.255917520740e-01, 1.797693134862e+308, 1.8877e+01, 1.2589e+00, 
 1DIAGNOSTIC,     9, -9.272789432633e-01, 1.797693134862e+308, 2.0144e+01, 1.2672e+00, 
 1DIAGNOSTIC,    10, -9.287223478992e-01, 1.791964685511e-03, 2.1395e+01, 1.2508e+00, 
 1DIAGNOSTIC,    11, -9.299386782233e-01, 1.420401443918e-03, 2.2631e+01, 1.2358e+00, 
 1DIAGNOSTIC,    12, -9.310333221422e-01, 1.110192917980e-03, 2.3873e+01, 1.2417e+00, 
 1DIAGNOSTIC,    13, -9.319969432962e-01, 8.699412556414e-04, 2.5125e+01, 1.2527e+00, 
 1DIAGNOSTIC,    14, -9.326133045345e-01, 6.829182791984e-04, 2.6366e+01, 1.2405e+00, 
 1DIAGNOSTIC,    15, -9.331964552912e-01, 5.389861938265e-04, 2.7649e+01, 1.2833e+00, 
 1DIAGNOSTIC,    16, -9.337497244617e-01, 4.289498240254e-04, 2.8914e+01, 1.2653e+00, 
 1DIAGNOSTIC,    17, -9.341599588588e-01, 3.414964161520e-04, 3.0176e+01, 1.2619e+00, 
 1DIAGNOSTIC,    18, -9.346627614653e-01, 2.736731203423e-04, 3.1460e+01, 1.2839e+00, 
 1DIAGNOSTIC,    19, -9.350282672580e-01, 2.206545126897e-04, 3.2712e+01, 1.2515e+00, 
 1DIAGNOSTIC,    20, -9.353863473286e-01, 1.800328228409e-04, 3.3998e+01, 1.2864e+00, 
 1DIAGNOSTIC,    21, -9.357350847027e-01, 1.492744222992e-04, 3.5247e+01, 1.2483e+00, 
 1DIAGNOSTIC,    22, -9.360830050899e-01, 1.273649620672e-04, 3.6504e+01, 1.2580e+00, 
 1DIAGNOSTIC,    23, -9.364167081194e-01, 1.127234533643e-04, 3.7782e+01, 1.2773e+00, 
 1DIAGNOSTIC,    24, -9.367428521037e-01, 1.007568972770e-04, 3.9042e+01, 1.2604e+00, 
 1DIAGNOSTIC,    25, -9.370634895726e-01, 9.136187670882e-05, 4.0299e+01, 1.2567e+00, 
 1DIAGNOSTIC,    26, -9.373849900089e-01, 8.443345292887e-05, 4.1571e+01, 1.2720e+00, 
 1DIAGNOSTIC,    27, -9.376964104104e-01, 7.822622556778e-05, 4.2827e+01, 1.2563e+00, 
 1DIAGNOSTIC,    28, -9.380150343718e-01, 7.408583010106e-05, 4.4101e+01, 1.2740e+00, 
 1DIAGNOSTIC,    29, -9.383264706924e-01, 7.039702002969e-05, 4.5353e+01, 1.2521e+00, 
 1DIAGNOSTIC,    30, -9.386361625827e-01, 6.712851350112e-05, 4.6608e+01, 1.2546e+00, 
 1DIAGNOSTIC,    31, -9.389456685552e-01, 6.422905651172e-05, 4.7882e+01, 1.2746e+00, 
 1DIAGNOSTIC,    32, -9.392469483175e-01, 6.164726237114e-05, 4.9135e+01, 1.2528e+00, 
 1DIAGNOSTIC,    33, -9.395073312395e-01, 5.889951653403e-05, 5.0393e+01, 1.2576e+00, 
 1DIAGNOSTIC,    34, -9.397598078274e-01, 5.595408534946e-05, 5.1651e+01, 1.2583e+00, 
 1DIAGNOSTIC,    35, -9.399972551202e-01, 5.275945356388e-05, 5.2909e+01, 1.2577e+00, 
 1DIAGNOSTIC,    36, -9.402297757505e-01, 4.945220686711e-05, 5.4168e+01, 1.2594e+00, 
 1DIAGNOSTIC,    37, -9.404451814052e-01, 4.598966397640e-05, 5.5415e+01, 1.2463e+00, 
 1DIAGNOSTIC,    38, -9.406459205098e-01, 4.253456883229e-05, 5.6692e+01, 1.2771e+00, 
 1DIAGNOSTIC,    39, -9.408391614201e-01, 3.918742919136e-05, 5.7955e+01, 1.2631e+00, 
 1DIAGNOSTIC,    40, -9.410209523621e-01, 3.604840103096e-05, 5.9211e+01, 1.2562e+00, 
 1DIAGNOSTIC,    41, -9.411957384405e-01, 3.325248157940e-05, 6.0459e+01, 1.2476e+00, 
 1DIAGNOSTIC,    42, -9.413613041205e-01, 3.083882290063e-05, 6.1712e+01, 1.2538e+00, 
 1DIAGNOSTIC,    43, -9.415326005136e-01, 2.868769449388e-05, 6.2963e+01, 1.2505e+00, 
 1DIAGNOSTIC,    44, -9.416952963842e-01, 2.680270544092e-05, 6.4255e+01, 1.2923e+00, 
 1DIAGNOSTIC,    45, -9.418417481100e-01, 2.507239483604e-05, 6.5519e+01, 1.2638e+00, 
 1DIAGNOSTIC,    46, -9.419852812403e-01, 2.354828476171e-05, 6.6792e+01, 1.2732e+00, 
 1DIAGNOSTIC,    47, -9.421211413782e-01, 2.215012958868e-05, 6.8062e+01, 1.2696e+00, 
 1DIAGNOSTIC,    48, -9.422479641383e-01, 2.080424035281e-05, 6.9301e+01, 1.2397e+00, 
 1DIAGNOSTIC,    49, -9.423691058737e-01, 1.951235304429e-05, 7.0556e+01, 1.2546e+00, 
 1DIAGNOSTIC,    50, -9.424846879788e-01, 1.825308089315e-05, 7.1828e+01, 1.2715e+00, 
 1DIAGNOSTIC,    51, -9.425872679953e-01, 1.698980629451e-05, 7.3090e+01, 1.2629e+00, 
 1DIAGNOSTIC,    52, -9.426936864803e-01, 1.577697480998e-05, 7.4361e+01, 1.2702e+00, 
 1DIAGNOSTIC,    53, -9.427876968834e-01, 1.465729476493e-05, 7.5644e+01, 1.2832e+00, 
 1DIAGNOSTIC,    54, -9.427268091248e-01, 1.278732257242e-05, 7.6921e+01, 1.2768e+00, 
 1DIAGNOSTIC,    55, -9.424021945127e-01, 8.838235372378e-06, 7.8179e+01, 1.2579e+00, 
 1DIAGNOSTIC,    56, -9.420086888602e-01, 2.920309068722e-06, 7.9429e+01, 1.2506e+00, 
 1DIAGNOSTIC,    57, -9.420833372119e-01, -1.872809686401e-06, 8.0707e+01, 1.2780e+00, 
XXDIAGNOSTIC,Iteration,metricValue,convergenceValue,ITERATION_TIME_INDEX,SINCE_LAST
 1DIAGNOSTIC,     1, -8.944089196127e-01, 1.797693134862e+308, 9.1463e+01, 1.0756e+01, 
 1DIAGNOSTIC,     2, -8.969770020461e-01, 1.797693134862e+308, 1.0168e+02, 1.0215e+01, 
 1DIAGNOSTIC,     3, -9.000211451615e-01, 1.797693134862e+308, 1.1196e+02, 1.0281e+01, 
 1DIAGNOSTIC,     4, -9.029598653001e-01, 1.797693134862e+308, 1.2216e+02, 1.0198e+01, 
 1DIAGNOSTIC,     5, -9.052946565459e-01, 1.797693134862e+308, 1.3232e+02, 1.0166e+01, 
 1DIAGNOSTIC,     6, -9.074277875098e-01, 1.797693134862e+308, 1.4247e+02, 1.0150e+01, 
 1DIAGNOSTIC,     7, -9.092669118405e-01, 1.797693134862e+308, 1.5257e+02, 1.0099e+01, 
 1DIAGNOSTIC,     8, -9.108709012136e-01, 1.797693134862e+308, 1.6269e+02, 1.0121e+01, 
 1DIAGNOSTIC,     9, -9.123032446492e-01, 1.797693134862e+308, 1.7281e+02, 1.0119e+01, 
 1DIAGNOSTIC,    10, -9.136097051363e-01, 1.368941893713e-03, 1.8286e+02, 1.0048e+01, 
 1DIAGNOSTIC,    11, -9.146360895817e-01, 1.114822227435e-03, 1.9295e+02, 1.0092e+01, 
 1DIAGNOSTIC,    12, -9.156009857606e-01, 8.947034736814e-04, 2.0318e+02, 1.0231e+01, 
 1DIAGNOSTIC,    13, -9.165303941102e-01, 7.226037167563e-04, 2.1340e+02, 1.0216e+01, 
 1DIAGNOSTIC,    14, -9.172987261705e-01, 5.917678324305e-04, 2.2359e+02, 1.0193e+01, 
 1DIAGNOSTIC,    15, -9.180546498401e-01, 4.883375175578e-04, 2.3373e+02, 1.0134e+01, 
 1DIAGNOSTIC,    16, -9.187631573584e-01, 4.082258421336e-04, 2.4408e+02, 1.0356e+01, 
 1DIAGNOSTIC,    17, -9.194302772074e-01, 3.457279941616e-04, 2.5427e+02, 1.0191e+01, 
 1DIAGNOSTIC,    18, -9.200551098095e-01, 2.966218102666e-04, 2.6451e+02, 1.0237e+01, 
 1DIAGNOSTIC,    19, -9.205960849912e-01, 2.573699129799e-04, 2.7468e+02, 1.0167e+01, 
 1DIAGNOSTIC,    20, -9.210731708060e-01, 2.258462755424e-04, 2.8485e+02, 1.0169e+01, 
 1DIAGNOSTIC,    21, -9.214977377850e-01, 1.977271097116e-04, 2.9495e+02, 1.0100e+01, 
 1DIAGNOSTIC,    22, -9.218784901048e-01, 1.726554423937e-04, 3.0518e+02, 1.0236e+01, 
 1DIAGNOSTIC,    23, -9.222266296498e-01, 1.508660531019e-04, 3.1542e+02, 1.0239e+01, 
 1DIAGNOSTIC,    24, -9.225458139527e-01, 1.308198107819e-04, 3.2572e+02, 1.0297e+01, 
 1DIAGNOSTIC,    25, -9.228418839004e-01, 1.131688235615e-04, 3.3584e+02, 1.0118e+01, 
 1DIAGNOSTIC,    26, -9.231182668477e-01, 9.799977037216e-05, 3.4610e+02, 1.0263e+01, 
 1DIAGNOSTIC,    27, -9.233849966762e-01, 8.546221641735e-05, 3.5632e+02, 1.0220e+01, 
 1DIAGNOSTIC,    28, -9.236404249709e-01, 7.552812395575e-05, 3.6647e+02, 1.0148e+01, 
 1DIAGNOSTIC,    29, -9.238859970901e-01, 6.758087699951e-05, 3.7671e+02, 1.0242e+01, 
 1DIAGNOSTIC,    30, -9.241267791608e-01, 6.122260922919e-05, 3.8687e+02, 1.0162e+01, 
 1DIAGNOSTIC,    31, -9.243628501088e-01, 5.611870241991e-05, 3.9699e+02, 1.0119e+01, 
 1DIAGNOSTIC,    32, -9.245992087066e-01, 5.202719725739e-05, 4.0708e+02, 1.0090e+01, 
 1DIAGNOSTIC,    33, -9.248371042560e-01, 4.878668677113e-05, 4.1731e+02, 1.0226e+01, 
 1DIAGNOSTIC,    34, -9.250731532806e-01, 4.620056937529e-05, 4.2760e+02, 1.0296e+01, 
 1DIAGNOSTIC,    35, -9.253069566802e-01, 4.410002289676e-05, 4.3768e+02, 1.0075e+01, 
 1DIAGNOSTIC,    36, -9.255319813205e-01, 4.227352285968e-05, 4.4798e+02, 1.0300e+01, 
 1DIAGNOSTIC,    37, -9.257530151604e-01, 4.064336127432e-05, 4.5819e+02, 1.0210e+01, 
 1DIAGNOSTIC,    38, -9.259646730245e-01, 3.907165115156e-05, 4.6844e+02, 1.0251e+01, 
 1DIAGNOSTIC,    39, -9.261732967926e-01, 3.750001580806e-05, 4.7853e+02, 1.0090e+01, 
 1DIAGNOSTIC,    40, -9.263812239886e-01, 3.594064233092e-05, 4.8885e+02, 1.0318e+01, 
 1DIAGNOSTIC,    41, -9.265885488847e-01, 3.441093100951e-05, 4.9905e+02, 1.0206e+01, 
 1DIAGNOSTIC,    42, -9.267935228505e-01, 3.295510854292e-05, 5.0928e+02, 1.0230e+01, 
 1DIAGNOSTIC,    43, -9.269961130779e-01, 3.162283818919e-05, 5.1953e+02, 1.0247e+01, 
 1DIAGNOSTIC,    44, -9.272013760406e-01, 3.046496014610e-05, 5.2969e+02, 1.0166e+01, 
 1DIAGNOSTIC,    45, -9.274096618893e-01, 2.951601715583e-05, 5.3987e+02, 1.0178e+01, 
 1DIAGNOSTIC,    46, -9.276208351184e-01, 2.874730298198e-05, 5.5007e+02, 1.0195e+01, 
 1DIAGNOSTIC,    47, -9.278204304540e-01, 2.805820892460e-05, 5.6038e+02, 1.0318e+01, 
 1DIAGNOSTIC,    48, -9.280136229195e-01, 2.735238125271e-05, 5.7061e+02, 1.0222e+01, 
 1DIAGNOSTIC,    49, -9.281987973940e-01, 2.657239376799e-05, 5.8075e+02, 1.0146e+01, 
 1DIAGNOSTIC,    50, -9.283812131416e-01, 2.572119109167e-05, 5.9121e+02, 1.0455e+01, 
XXDIAGNOSTIC,Iteration,metricValue,convergenceValue,ITERATION_TIME_INDEX,SINCE_LAST
 1DIAGNOSTIC,     1, -8.845023272974e-01, 1.797693134862e+308, 6.8115e+02, 8.9943e+01, 
 1DIAGNOSTIC,     2, -8.858060998730e-01, 1.797693134862e+308, 7.6922e+02, 8.8066e+01, 
 1DIAGNOSTIC,     3, -8.876066879696e-01, 1.797693134862e+308, 8.5726e+02, 8.8045e+01, 
 1DIAGNOSTIC,     4, -8.894621592247e-01, 1.797693134862e+308, 9.4518e+02, 8.7913e+01, 
 1DIAGNOSTIC,     5, -8.911494700422e-01, 1.797693134862e+308, 1.0338e+03, 8.8634e+01, 
 1DIAGNOSTIC,     6, -8.926415816246e-01, 1.797693134862e+308, 1.1219e+03, 8.8067e+01, 
 1DIAGNOSTIC,     7, -8.938982531419e-01, 1.797693134862e+308, 1.2099e+03, 8.8061e+01, 
 1DIAGNOSTIC,     8, -8.950043348230e-01, 1.797693134862e+308, 1.2969e+03, 8.6922e+01, 
 1DIAGNOSTIC,     9, -8.960416815564e-01, 1.797693134862e+308, 1.3837e+03, 8.6831e+01, 
 1DIAGNOSTIC,    10, -8.970437877267e-01, 9.277264787721e-04, 1.4718e+03, 8.8107e+01, 
 1DIAGNOSTIC,    11, -8.981050347329e-01, 7.899491519473e-04, 1.5594e+03, 8.7607e+01, 
 1DIAGNOSTIC,    12, -8.990241501229e-01, 6.627812359477e-04, 1.6469e+03, 8.7460e+01, 
 1DIAGNOSTIC,    13, -8.998923994750e-01, 5.602261493910e-04, 1.7343e+03, 8.7482e+01, 
 1DIAGNOSTIC,    14, -9.008921153413e-01, 4.858956536612e-04, 1.8229e+03, 8.8542e+01, 
 1DIAGNOSTIC,    15, -9.017616655857e-01, 4.307816299372e-04, 1.9108e+03, 8.7919e+01, 
 1DIAGNOSTIC,    16, -9.025176718747e-01, 3.873517034423e-04, 1.9990e+03, 8.8233e+01, 
 1DIAGNOSTIC,    17, -9.033409009364e-01, 3.520578062138e-04, 2.0875e+03, 8.8488e+01, 
 1DIAGNOSTIC,    18, -9.039995455674e-01, 3.190860080857e-04, 2.1764e+03, 8.8846e+01, 
 1DIAGNOSTIC,    19, -9.045936264315e-01, 2.870977688766e-04, 2.2645e+03, 8.8132e+01, 
 1DIAGNOSTIC,    20, -9.052228071356e-01, 2.573230838311e-04, 2.3519e+03, 8.7388e+01, 
  Elapsed time (stage 2): 2353


Total elapsed time: 2452
