All_Command_lines_OK
Using double precision for computations.
=============================================================================
The composite transform comprises the following transforms (in order): 
  1. Center of mass alignment using fixed image: /templateflow/tpl-MNI152NLin2009cAsym/tpl-MNI152NLin2009cAsym_res-01_desc-brain_T1w.nii.gz and moving image: /mnt/lustre/mathdugre/ants-amp/datasets/corr/RawDataBIDS/BMB_1/derivatives/antsBrainExtraction/sub-0003052/BrainExtractionBrain.nii.gz (type = Euler3DTransform)
=============================================================================
  number of levels = 4
  number of levels = 4
  number of levels = 4
  fixed image: /templateflow/tpl-MNI152NLin2009cAsym/tpl-MNI152NLin2009cAsym_res-01_desc-brain_T1w.nii.gz
  moving image: /mnt/lustre/mathdugre/ants-amp/datasets/corr/RawDataBIDS/BMB_1/derivatives/antsBrainExtraction/sub-0003052/BrainExtractionBrain.nii.gz
  fixed image: /templateflow/tpl-MNI152NLin2009cAsym/tpl-MNI152NLin2009cAsym_res-01_desc-brain_T1w.nii.gz
  moving image: /mnt/lustre/mathdugre/ants-amp/datasets/corr/RawDataBIDS/BMB_1/derivatives/antsBrainExtraction/sub-0003052/BrainExtractionBrain.nii.gz
  fixed image: /templateflow/tpl-MNI152NLin2009cAsym/tpl-MNI152NLin2009cAsym_res-01_desc-brain_T1w.nii.gz
  moving image: /mnt/lustre/mathdugre/ants-amp/datasets/corr/RawDataBIDS/BMB_1/derivatives/antsBrainExtraction/sub-0003052/BrainExtractionBrain.nii.gz
Dimension = 3
Number of stages = 3
Use histogram matching = false
Winsorize image intensities = true
  Lower quantile = 0.005
  Upper quantile = 0.995


Stage 1 State
   Image metric = MattesMI
     Fixed image = Image (0x5642c8501360)
  RTTI typeinfo:   itk::Image<double, 3u>
  Reference Count: 2
  Modified Time: 2372
  Debug: Off
  Object Name: 
  Observers: 
    none
  Source: (none)
  Source output name: (none)
  Release Data: Off
  Data Released: False
  Global Release Data: Off
  PipelineMTime: 0
  UpdateMTime: 1981
  RealTimeStamp: 0 seconds 
  LargestPossibleRegion: 
    Dimension: 3
    Index: [0, 0, 0]
    Size: [193, 229, 193]
  BufferedRegion: 
    Dimension: 3
    Index: [0, 0, 0]
    Size: [193, 229, 193]
  RequestedRegion: 
    Dimension: 3
    Index: [0, 0, 0]
    Size: [193, 229, 193]
  Spacing: [1, 1, 1]
  Origin: [96, 132, -78]
  Direction: 
-1 0 0
0 -1 0
0 0 1

  IndexToPointMatrix: 
-1 0 0
0 -1 0
0 0 1

  PointToIndexMatrix: 
-1 0 0
0 -1 0
0 0 1

  Inverse Direction: 
-1 0 0
0 -1 0
0 0 1

  PixelContainer: 
    ImportImageContainer (0x5642c8504c80)
      RTTI typeinfo:   itk::ImportImageContainer<unsigned long, double>
      Reference Count: 1
      Modified Time: 1978
      Debug: Off
      Object Name: 
      Observers: 
        none
      Pointer: 0x7fa70d62f010
      Container manages memory: true
      Size: 8530021
      Capacity: 8530021

     Moving image = Image (0x5642c860e340)
  RTTI typeinfo:   itk::Image<double, 3u>
  Reference Count: 2
  Modified Time: 2373
  Debug: Off
  Object Name: 
  Observers: 
    none
  Source: (none)
  Source output name: (none)
  Release Data: Off
  Data Released: False
  Global Release Data: Off
  PipelineMTime: 0
  UpdateMTime: 2370
  RealTimeStamp: 0 seconds 
  LargestPossibleRegion: 
    Dimension: 3
    Index: [0, 0, 0]
    Size: [176, 256, 256]
  BufferedRegion: 
    Dimension: 3
    Index: [0, 0, 0]
    Size: [176, 256, 256]
  RequestedRegion: 
    Dimension: 3
    Index: [0, 0, 0]
    Size: [176, 256, 256]
  Spacing: [1, 1, 1]
  Origin: [-93.3639, 109.067, -144.182]
  Direction: 
1 0 0
0 -1 0
0 0 1

  IndexToPointMatrix: 
1 0 0
0 -1 0
0 0 1

  PointToIndexMatrix: 
1 0 0
0 -1 0
0 0 1

  Inverse Direction: 
1 0 0
0 -1 0
0 0 1

  PixelContainer: 
    ImportImageContainer (0x5642c8613710)
      RTTI typeinfo:   itk::ImportImageContainer<unsigned long, double>
      Reference Count: 1
      Modified Time: 2367
      Debug: Off
      Object Name: 
      Observers: 
        none
      Pointer: 0x7fa707e2e010
      Container manages memory: true
      Size: 11534336
      Capacity: 11534336

     Weighting = 1
     Sampling strategy = regular
     Number of bins = 32
     Radius = 4
     Sampling percentage  = 0.25
   Transform = Rigid
     Gradient step = 0.1
     Update field sigma (voxel space) = 0
     Total field sigma (voxel space) = 0
     Update field time sigma = 0
     Total field time sigma  = 0
     Number of time indices = 0
     Number of time point samples = 0
Stage 2 State
   Image metric = MattesMI
     Fixed image = Image (0x5642c8655bd0)
  RTTI typeinfo:   itk::Image<double, 3u>
  Reference Count: 2
  Modified Time: 3150
  Debug: Off
  Object Name: 
  Observers: 
    none
  Source: (none)
  Source output name: (none)
  Release Data: Off
  Data Released: False
  Global Release Data: Off
  PipelineMTime: 0
  UpdateMTime: 2759
  RealTimeStamp: 0 seconds 
  LargestPossibleRegion: 
    Dimension: 3
    Index: [0, 0, 0]
    Size: [193, 229, 193]
  BufferedRegion: 
    Dimension: 3
    Index: [0, 0, 0]
    Size: [193, 229, 193]
  RequestedRegion: 
    Dimension: 3
    Index: [0, 0, 0]
    Size: [193, 229, 193]
  Spacing: [1, 1, 1]
  Origin: [96, 132, -78]
  Direction: 
-1 0 0
0 -1 0
0 0 1

  IndexToPointMatrix: 
-1 0 0
0 -1 0
0 0 1

  PointToIndexMatrix: 
-1 0 0
0 -1 0
0 0 1

  Inverse Direction: 
-1 0 0
0 -1 0
0 0 1

  PixelContainer: 
    ImportImageContainer (0x5642c8610d80)
      RTTI typeinfo:   itk::ImportImageContainer<unsigned long, double>
      Reference Count: 1
      Modified Time: 2756
      Debug: Off
      Object Name: 
      Observers: 
        none
      Pointer: 0x7fa703d19010
      Container manages memory: true
      Size: 8530021
      Capacity: 8530021

     Moving image = Image (0x5642c8611010)
  RTTI typeinfo:   itk::Image<double, 3u>
  Reference Count: 2
  Modified Time: 3151
  Debug: Off
  Object Name: 
  Observers: 
    none
  Source: (none)
  Source output name: (none)
  Release Data: Off
  Data Released: False
  Global Release Data: Off
  PipelineMTime: 0
  UpdateMTime: 3148
  RealTimeStamp: 0 seconds 
  LargestPossibleRegion: 
    Dimension: 3
    Index: [0, 0, 0]
    Size: [176, 256, 256]
  BufferedRegion: 
    Dimension: 3
    Index: [0, 0, 0]
    Size: [176, 256, 256]
  RequestedRegion: 
    Dimension: 3
    Index: [0, 0, 0]
    Size: [176, 256, 256]
  Spacing: [1, 1, 1]
  Origin: [-93.3639, 109.067, -144.182]
  Direction: 
1 0 0
0 -1 0
0 0 1

  IndexToPointMatrix: 
1 0 0
0 -1 0
0 0 1

  PointToIndexMatrix: 
1 0 0
0 -1 0
0 0 1

  Inverse Direction: 
1 0 0
0 -1 0
0 0 1

  PixelContainer: 
    ImportImageContainer (0x5642c8676150)
      RTTI typeinfo:   itk::ImportImageContainer<unsigned long, double>
      Reference Count: 1
      Modified Time: 3145
      Debug: Off
      Object Name: 
      Observers: 
        none
      Pointer: 0x7fa6fe518010
      Container manages memory: true
      Size: 11534336
      Capacity: 11534336

     Weighting = 1
     Sampling strategy = regular
     Number of bins = 32
     Radius = 4
     Sampling percentage  = 0.25
   Transform = Affine
     Gradient step = 0.1
     Update field sigma (voxel space) = 0
     Total field sigma (voxel space) = 0
     Update field time sigma = 0
     Total field time sigma  = 0
     Number of time indices = 0
     Number of time point samples = 0
Stage 3 State
   Image metric = CC
     Fixed image = Image (0x5642c86962a0)
  RTTI typeinfo:   itk::Image<double, 3u>
  Reference Count: 2
  Modified Time: 3928
  Debug: Off
  Object Name: 
  Observers: 
    none
  Source: (none)
  Source output name: (none)
  Release Data: Off
  Data Released: False
  Global Release Data: Off
  PipelineMTime: 0
  UpdateMTime: 3537
  RealTimeStamp: 0 seconds 
  LargestPossibleRegion: 
    Dimension: 3
    Index: [0, 0, 0]
    Size: [193, 229, 193]
  BufferedRegion: 
    Dimension: 3
    Index: [0, 0, 0]
    Size: [193, 229, 193]
  RequestedRegion: 
    Dimension: 3
    Index: [0, 0, 0]
    Size: [193, 229, 193]
  Spacing: [1, 1, 1]
  Origin: [96, 132, -78]
  Direction: 
-1 0 0
0 -1 0
0 0 1

  IndexToPointMatrix: 
-1 0 0
0 -1 0
0 0 1

  PointToIndexMatrix: 
-1 0 0
0 -1 0
0 0 1

  Inverse Direction: 
-1 0 0
0 -1 0
0 0 1

  PixelContainer: 
    ImportImageContainer (0x5642c85fcb50)
      RTTI typeinfo:   itk::ImportImageContainer<unsigned long, double>
      Reference Count: 1
      Modified Time: 3534
      Debug: Off
      Object Name: 
      Observers: 
        none
      Pointer: 0x7fa6fa403010
      Container manages memory: true
      Size: 8530021
      Capacity: 8530021

     Moving image = Image (0x5642c860fe30)
  RTTI typeinfo:   itk::Image<double, 3u>
  Reference Count: 2
  Modified Time: 3929
  Debug: Off
  Object Name: 
  Observers: 
    none
  Source: (none)
  Source output name: (none)
  Release Data: Off
  Data Released: False
  Global Release Data: Off
  PipelineMTime: 0
  UpdateMTime: 3926
  RealTimeStamp: 0 seconds 
  LargestPossibleRegion: 
    Dimension: 3
    Index: [0, 0, 0]
    Size: [176, 256, 256]
  BufferedRegion: 
    Dimension: 3
    Index: [0, 0, 0]
    Size: [176, 256, 256]
  RequestedRegion: 
    Dimension: 3
    Index: [0, 0, 0]
    Size: [176, 256, 256]
  Spacing: [1, 1, 1]
  Origin: [-93.3639, 109.067, -144.182]
  Direction: 
1 0 0
0 -1 0
0 0 1

  IndexToPointMatrix: 
1 0 0
0 -1 0
0 0 1

  PointToIndexMatrix: 
1 0 0
0 -1 0
0 0 1

  Inverse Direction: 
1 0 0
0 -1 0
0 0 1

  PixelContainer: 
    ImportImageContainer (0x5642c8633790)
      RTTI typeinfo:   itk::ImportImageContainer<unsigned long, double>
      Reference Count: 1
      Modified Time: 3923
      Debug: Off
      Object Name: 
      Observers: 
        none
      Pointer: 0x7fa6f4c02010
      Container manages memory: true
      Size: 11534336
      Capacity: 11534336

     Weighting = 1
     Sampling strategy = none
     Number of bins = 32
     Radius = 4
     Sampling percentage  = 1
   Transform = SyN
     Gradient step = 0.1
     Update field sigma (voxel space) = 3
     Total field sigma (voxel space) = 0
     Update field time sigma = 0
     Total field time sigma  = 0
     Number of time indices = 0
     Number of time point samples = 0
Registration using 3 total stages.

Stage 0
  iterations = 1000x500x250x100
  convergence threshold = 1e-06
  convergence window size = 10
  number of levels = 4
  using the Mattes MI metric (number of bins = 32, weight = 1, use gradient filter = 0)
  preprocessing:  winsorizing the image intensities
  Shrink factors (level 1 out of 4): [8, 8, 8]
  Shrink factors (level 2 out of 4): [4, 4, 4]
  Shrink factors (level 3 out of 4): [2, 2, 2]
  Shrink factors (level 4 out of 4): [1, 1, 1]
  smoothing sigmas per level: [3, 2, 1, 0]
  regular sampling (percentage = 0.25)

*** Running Euler3DTransform registration ***

DIAGNOSTIC,Iteration,metricValue,convergenceValue,ITERATION_TIME_INDEX,SINCE_LAST
 2DIAGNOSTIC,     1, -5.058626095469e-01, 1.797693134862e+308, 3.7991e-01, 3.7991e-01, 
 2DIAGNOSTIC,     2, -5.074015725847e-01, 1.797693134862e+308, 3.8346e-01, 3.5501e-03, 
 2DIAGNOSTIC,     3, -5.089984722566e-01, 1.797693134862e+308, 3.8682e-01, 3.3581e-03, 
 2DIAGNOSTIC,     4, -5.105002403856e-01, 1.797693134862e+308, 3.9011e-01, 3.2890e-03, 
 2DIAGNOSTIC,     5, -5.118844956171e-01, 1.797693134862e+308, 3.9271e-01, 2.6019e-03, 
 2DIAGNOSTIC,     6, -5.145441203789e-01, 1.797693134862e+308, 3.9522e-01, 2.5070e-03, 
 2DIAGNOSTIC,     7, -5.166344391595e-01, 1.797693134862e+308, 3.9854e-01, 3.3181e-03, 
 2DIAGNOSTIC,     8, -5.178573275075e-01, 1.797693134862e+308, 4.0176e-01, 3.2258e-03, 
 2DIAGNOSTIC,     9, -5.183436243232e-01, 1.797693134862e+308, 4.0463e-01, 2.8710e-03, 
 2DIAGNOSTIC,    10, -5.184349375453e-01, 1.756736101345e-03, 4.0874e-01, 4.1111e-03, 
 2DIAGNOSTIC,    11, -5.185232287623e-01, 1.411933612341e-03, 4.1151e-01, 2.7630e-03, 
 2DIAGNOSTIC,    12, -5.186284641754e-01, 1.072388246160e-03, 4.1418e-01, 2.6700e-03, 
 2DIAGNOSTIC,    13, -5.187751618576e-01, 7.625116266236e-04, 4.1680e-01, 2.6252e-03, 
 2DIAGNOSTIC,    14, -5.191177875577e-01, 5.014615466991e-04, 4.1935e-01, 2.5451e-03, 
 2DIAGNOSTIC,    15, -5.199190299725e-01, 3.088163498158e-04, 4.2238e-01, 3.0372e-03, 
 2DIAGNOSTIC,    16, -5.234885364592e-01, 3.250002983577e-04, 4.2751e-01, 5.1239e-03, 
 2DIAGNOSTIC,    17, -5.238402127790e-01, 3.848473409345e-04, 4.3056e-01, 3.0520e-03, 
 2DIAGNOSTIC,    18, -5.239090726550e-01, 4.430193599853e-04, 4.3396e-01, 3.4001e-03, 
 2DIAGNOSTIC,    19, -5.238971140768e-01, 4.693396740302e-04, 4.3698e-01, 3.0200e-03, 
 2DIAGNOSTIC,    20, -5.238467764859e-01, 4.501405263818e-04, 4.3990e-01, 2.9180e-03, 
 2DIAGNOSTIC,    21, -5.238103348323e-01, 3.908801623263e-04, 4.4249e-01, 2.5909e-03, 
 2DIAGNOSTIC,    22, -5.237929837640e-01, 3.027703572790e-04, 4.4511e-01, 2.6231e-03, 
 2DIAGNOSTIC,    23, -5.238829558168e-01, 2.011815602879e-04, 4.4805e-01, 2.9361e-03, 
 2DIAGNOSTIC,    24, -5.239277363514e-01, 9.879637563310e-05, 4.5088e-01, 2.8360e-03, 
 2DIAGNOSTIC,    25, -5.239017479995e-01, 1.042102714793e-05, 4.5345e-01, 2.5649e-03, 
 2DIAGNOSTIC,    26, -5.241641337792e-01, 8.674466975743e-06, 4.5639e-01, 2.9371e-03, 
 2DIAGNOSTIC,    27, -5.241894407674e-01, 1.380306516196e-05, 4.5979e-01, 3.4070e-03, 
 2DIAGNOSTIC,    28, -5.242402343547e-01, 1.970271344807e-05, 4.6361e-01, 3.8209e-03, 
 2DIAGNOSTIC,    29, -5.243333316624e-01, 2.502461455973e-05, 4.6699e-01, 3.3729e-03, 
 2DIAGNOSTIC,    30, -5.245804604437e-01, 3.131470217153e-05, 4.7223e-01, 5.2381e-03, 
 2DIAGNOSTIC,    31, -5.246155919524e-01, 3.418239412279e-05, 4.7525e-01, 3.0239e-03, 
 2DIAGNOSTIC,    32, -5.246425252461e-01, 3.388293163666e-05, 4.7819e-01, 2.9390e-03, 
 2DIAGNOSTIC,    33, -5.246201841146e-01, 3.168802907394e-05, 4.8075e-01, 2.5640e-03, 
 2DIAGNOSTIC,    34, -5.245191566014e-01, 2.585514881741e-05, 4.8334e-01, 2.5861e-03, 
 2DIAGNOSTIC,    35, -5.244876931967e-01, 1.697047491447e-05, 4.8679e-01, 3.4552e-03, 
 2DIAGNOSTIC,    36, -5.244988718044e-01, 1.119380458625e-05, 4.8975e-01, 2.9600e-03, 
 2DIAGNOSTIC,    37, -5.244280635607e-01, 4.092510403529e-06, 4.9274e-01, 2.9900e-03, 
DIAGNOSTIC,Iteration,metricValue,convergenceValue,ITERATION_TIME_INDEX,SINCE_LAST
 2DIAGNOSTIC,     1, -4.082178211840e-01, 1.797693134862e+308, 8.5764e-01, 3.6489e-01, 
 2DIAGNOSTIC,     2, -4.088539220847e-01, 1.797693134862e+308, 8.7744e-01, 1.9805e-02, 
 2DIAGNOSTIC,     3, -4.096509623510e-01, 1.797693134862e+308, 8.9659e-01, 1.9147e-02, 
 2DIAGNOSTIC,     4, -4.103440258002e-01, 1.797693134862e+308, 9.1715e-01, 2.0559e-02, 
 2DIAGNOSTIC,     5, -4.107619641179e-01, 1.797693134862e+308, 9.3955e-01, 2.2403e-02, 
 2DIAGNOSTIC,     6, -4.108243846452e-01, 1.797693134862e+308, 9.5906e-01, 1.9508e-02, 
 2DIAGNOSTIC,     7, -4.108702113338e-01, 1.797693134862e+308, 9.7963e-01, 2.0566e-02, 
 2DIAGNOSTIC,     8, -4.109600821790e-01, 1.797693134862e+308, 1.0021e+00, 2.2488e-02, 
 2DIAGNOSTIC,     9, -4.112641575607e-01, 1.797693134862e+308, 1.0325e+00, 3.0390e-02, 
 2DIAGNOSTIC,    10, -4.112563835630e-01, 4.409086702243e-04, 1.0545e+00, 2.2013e-02, 
 2DIAGNOSTIC,    11, -4.112626800085e-01, 2.898191333133e-04, 1.0803e+00, 2.5779e-02, 
 2DIAGNOSTIC,    12, -4.112356458763e-01, 1.731325676229e-04, 1.1027e+00, 2.2426e-02, 
 2DIAGNOSTIC,    13, -4.112274290110e-01, 1.001997964125e-04, 1.1258e+00, 2.3113e-02, 
 2DIAGNOSTIC,    14, -4.112206074675e-01, 6.197038688432e-05, 1.1488e+00, 2.2971e-02, 
 2DIAGNOSTIC,    15, -4.112210855882e-01, 4.265094431091e-05, 1.1719e+00, 2.3079e-02, 
 2DIAGNOSTIC,    16, -4.112153407694e-01, 2.468104416509e-05, 1.1952e+00, 2.3291e-02, 
 2DIAGNOSTIC,    17, -4.112107013304e-01, 8.476383377747e-06, 1.2182e+00, 2.2983e-02, 
DIAGNOSTIC,Iteration,metricValue,convergenceValue,ITERATION_TIME_INDEX,SINCE_LAST
 2DIAGNOSTIC,     1, -3.572299213825e-01, 1.797693134862e+308, 1.7888e+00, 5.7062e-01, 
 2DIAGNOSTIC,     2, -3.573885058506e-01, 1.797693134862e+308, 1.9243e+00, 1.3554e-01, 
 2DIAGNOSTIC,     3, -3.575320125364e-01, 1.797693134862e+308, 2.0809e+00, 1.5659e-01, 
 2DIAGNOSTIC,     4, -3.575294053529e-01, 1.797693134862e+308, 2.2348e+00, 1.5387e-01, 
 2DIAGNOSTIC,     5, -3.575260886740e-01, 1.797693134862e+308, 2.3916e+00, 1.5679e-01, 
 2DIAGNOSTIC,     6, -3.575301188194e-01, 1.797693134862e+308, 2.6256e+00, 2.3407e-01, 
 2DIAGNOSTIC,     7, -3.575280288017e-01, 1.797693134862e+308, 2.8205e+00, 1.9489e-01, 
 2DIAGNOSTIC,     8, -3.575265799552e-01, 1.797693134862e+308, 2.9793e+00, 1.5878e-01, 
 2DIAGNOSTIC,     9, -3.575260249601e-01, 1.797693134862e+308, 3.1410e+00, 1.6167e-01, 
 2DIAGNOSTIC,    10, -3.575249507734e-01, 3.588583753419e-05, 3.3009e+00, 1.5992e-01, 
 2DIAGNOSTIC,    11, -3.575245520958e-01, 1.209901633675e-05, 3.4617e+00, 1.6081e-01, 
 2DIAGNOSTIC,    12, -3.575240436231e-01, 1.646893042800e-06, 3.6208e+00, 1.5907e-01, 
 2DIAGNOSTIC,    13, -3.575245475309e-01, 1.708271078121e-06, 3.7616e+00, 1.4084e-01, 
 2DIAGNOSTIC,    14, -3.575238262959e-01, 1.644744708679e-06, 3.9216e+00, 1.6000e-01, 
 2DIAGNOSTIC,    15, -3.575243921518e-01, 1.494599181626e-06, 4.1019e+00, 1.8029e-01, 
 2DIAGNOSTIC,    16, -3.575243832147e-01, 1.621914335809e-06, 4.2615e+00, 1.5955e-01, 
 2DIAGNOSTIC,    17, -3.575234727767e-01, 1.628638402744e-06, 4.4225e+00, 1.6102e-01, 
 2DIAGNOSTIC,    18, -3.575225130477e-01, 1.551881989088e-06, 4.5809e+00, 1.5839e-01, 
 2DIAGNOSTIC,    19, -3.575227903616e-01, 1.493315564927e-06, 4.7224e+00, 1.4148e-01, 
 2DIAGNOSTIC,    20, -3.575225978079e-01, 1.405975176290e-06, 4.8801e+00, 1.5772e-01, 
 2DIAGNOSTIC,    21, -3.575232683148e-01, 1.354574343713e-06, 5.0374e+00, 1.5735e-01, 
 2DIAGNOSTIC,    22, -3.575230243803e-01, 1.295192040833e-06, 5.1967e+00, 1.5929e-01, 
 2DIAGNOSTIC,    23, -3.575213908070e-01, 1.218036971944e-06, 5.3375e+00, 1.4076e-01, 
 2DIAGNOSTIC,    24, -3.575213467950e-01, 1.138204471597e-06, 5.4954e+00, 1.5789e-01, 
 2DIAGNOSTIC,    25, -3.575210878770e-01, 1.090543125304e-06, 5.6737e+00, 1.7828e-01, 
 2DIAGNOSTIC,    26, -3.575206419588e-01, 1.049433160739e-06, 5.8130e+00, 1.3937e-01, 
DIAGNOSTIC,Iteration,metricValue,convergenceValue,ITERATION_TIME_INDEX,SINCE_LAST
 2DIAGNOSTIC,     1, -3.304991393474e-01, 1.797693134862e+308, 7.3778e+00, 1.5648e+00, 
 2DIAGNOSTIC,     2, -3.305416008982e-01, 1.797693134862e+308, 8.2840e+00, 9.0623e-01, 
 2DIAGNOSTIC,     3, -3.306276964993e-01, 1.797693134862e+308, 9.2808e+00, 9.9672e-01, 
 2DIAGNOSTIC,     4, -3.306492974348e-01, 1.797693134862e+308, 1.0875e+01, 1.5942e+00, 
 2DIAGNOSTIC,     5, -3.306505037045e-01, 1.797693134862e+308, 1.1904e+01, 1.0286e+00, 
 2DIAGNOSTIC,     6, -3.306508629422e-01, 1.797693134862e+308, 1.2927e+01, 1.0231e+00, 
 2DIAGNOSTIC,     7, -3.306506177002e-01, 1.797693134862e+308, 1.3842e+01, 9.1506e-01, 
 2DIAGNOSTIC,     8, -3.306506177836e-01, 1.797693134862e+308, 1.4753e+01, 9.1120e-01, 
 2DIAGNOSTIC,     9, -3.306517465772e-01, 1.797693134862e+308, 1.5892e+01, 1.1387e+00, 
 2DIAGNOSTIC,    10, -3.306510998645e-01, 2.595667456681e-05, 1.6928e+01, 1.0368e+00, 
 2DIAGNOSTIC,    11, -3.306503576689e-01, 1.312401302354e-05, 1.7962e+01, 1.0332e+00, 
 2DIAGNOSTIC,    12, -3.306510193587e-01, 4.447606926111e-06, 1.8992e+01, 1.0302e+00, 
 2DIAGNOSTIC,    13, -3.306508150399e-01, 2.580966643184e-06, 2.0250e+01, 1.2586e+00, 
 2DIAGNOSTIC,    14, -3.306505021084e-01, 2.272914477061e-06, 2.1509e+01, 1.2591e+00, 
 2DIAGNOSTIC,    15, -3.306504490949e-01, 2.072741326770e-06, 2.2428e+01, 9.1851e-01, 
 2DIAGNOSTIC,    16, -3.306502184585e-01, 1.910642543873e-06, 2.3562e+01, 1.1340e+00, 
 2DIAGNOSTIC,    17, -3.306499114217e-01, 1.746646607098e-06, 2.4585e+01, 1.0229e+00, 
 2DIAGNOSTIC,    18, -3.306497804779e-01, 1.603987437537e-06, 2.5612e+01, 1.0267e+00, 
 2DIAGNOSTIC,    19, -3.306498564968e-01, 1.547023734928e-06, 2.6647e+01, 1.0354e+00, 
 2DIAGNOSTIC,    20, -3.306497755191e-01, 1.477170903361e-06, 2.7681e+01, 1.0338e+00, 
 2DIAGNOSTIC,    21, -3.306497671349e-01, 1.392983970491e-06, 2.8945e+01, 1.2637e+00, 
 2DIAGNOSTIC,    22, -3.306496899627e-01, 1.350987403503e-06, 3.0088e+01, 1.1434e+00, 
 2DIAGNOSTIC,    23, -3.306496545239e-01, 1.312883466664e-06, 3.0995e+01, 9.0700e-01, 
 2DIAGNOSTIC,    24, -3.306496456838e-01, 1.272767718746e-06, 3.2022e+01, 1.0267e+00, 
 2DIAGNOSTIC,    25, -3.306494661304e-01, 1.232828682890e-06, 3.2935e+01, 9.1380e-01, 
 2DIAGNOSTIC,    26, -3.306493896931e-01, 1.189986787074e-06, 3.3962e+01, 1.0268e+00, 
 2DIAGNOSTIC,    27, -3.306493870221e-01, 1.143764395188e-06, 3.4996e+01, 1.0338e+00, 
 2DIAGNOSTIC,    28, -3.306493655096e-01, 1.099220986921e-06, 3.6023e+01, 1.0274e+00, 
 2DIAGNOSTIC,    29, -3.306492640461e-01, 1.060515884707e-06, 3.6936e+01, 9.1236e-01, 
 2DIAGNOSTIC,    30, -3.306493423932e-01, 1.027892316069e-06, 3.7967e+01, 1.0312e+00, 
 2DIAGNOSTIC,    31, -3.306494207937e-01, 1.002382650543e-06, 3.8994e+01, 1.0272e+00, 
  Elapsed time (stage 0): 3.9636e+01


Stage 1
  iterations = 1000x500x250x100
  convergence threshold = 1.0000e-06
  convergence window size = 10
  number of levels = 4
  using the Mattes MI metric (number of bins = 32, weight = 1.0000e+00, use gradient filter = 0)
  preprocessing:  winsorizing the image intensities
  Shrink factors (level 1 out of 4): [8, 8, 8]
  Shrink factors (level 2 out of 4): [4, 4, 4]
  Shrink factors (level 3 out of 4): [2, 2, 2]
  Shrink factors (level 4 out of 4): [1, 1, 1]
  smoothing sigmas per level: [3, 2, 1, 0]
  regular sampling (percentage = 2.5000e-01)

*** Running AffineTransform registration ***

DIAGNOSTIC,Iteration,metricValue,convergenceValue,ITERATION_TIME_INDEX,SINCE_LAST
 2DIAGNOSTIC,     1, -5.127332839957e-01, 1.797693134862e+308, 3.4651e-01, 3.4651e-01, 
 2DIAGNOSTIC,     2, -5.148126414806e-01, 1.797693134862e+308, 3.5128e-01, 4.7729e-03, 
 2DIAGNOSTIC,     3, -5.179759207147e-01, 1.797693134862e+308, 3.5473e-01, 3.4490e-03, 
 2DIAGNOSTIC,     4, -5.229058424933e-01, 1.797693134862e+308, 3.5784e-01, 3.1049e-03, 
 2DIAGNOSTIC,     5, -5.304951361018e-01, 1.797693134862e+308, 3.6094e-01, 3.0999e-03, 
 2DIAGNOSTIC,     6, -5.400168077108e-01, 1.797693134862e+308, 3.6410e-01, 3.1672e-03, 
 2DIAGNOSTIC,     7, -5.740815949906e-01, 1.797693134862e+308, 3.6751e-01, 3.4049e-03, 
 2DIAGNOSTIC,     8, -5.853240687439e-01, 1.797693134862e+308, 3.7069e-01, 3.1829e-03, 
 2DIAGNOSTIC,     9, -6.553531257125e-01, 1.797693134862e+308, 3.7469e-01, 3.9930e-03, 
 2DIAGNOSTIC,    10, -7.568706731286e-01, 2.188425505961e-02, 3.8172e-01, 7.0388e-03, 
 2DIAGNOSTIC,    11, -7.570085092696e-01, 2.527550280037e-02, 3.8562e-01, 3.8991e-03, 
 2DIAGNOSTIC,    12, -7.602606373199e-01, 2.601193098910e-02, 3.8905e-01, 3.4289e-03, 
 2DIAGNOSTIC,    13, -7.647352728392e-01, 2.460290562159e-02, 3.9257e-01, 3.5160e-03, 
 2DIAGNOSTIC,    14, -7.716744246977e-01, 2.157171837891e-02, 3.9597e-01, 3.3979e-03, 
 2DIAGNOSTIC,    15, -7.839577056946e-01, 1.760961330007e-02, 3.9951e-01, 3.5450e-03, 
 2DIAGNOSTIC,    16, -8.000514599061e-01, 1.333304045366e-02, 4.0284e-01, 3.3278e-03, 
 2DIAGNOSTIC,    17, -8.374163435576e-01, 1.029497206195e-02, 4.0653e-01, 3.6879e-03, 
 2DIAGNOSTIC,    18, -8.573055582001e-01, 7.429933112938e-03, 4.1292e-01, 6.3901e-03, 
 2DIAGNOSTIC,    19, -8.565108789690e-01, 5.729364655379e-03, 4.1678e-01, 3.8581e-03, 
 2DIAGNOSTIC,    20, -8.567890359329e-01, 5.832464662226e-03, 4.1993e-01, 3.1562e-03, 
 2DIAGNOSTIC,    21, -8.570580512920e-01, 5.392900625771e-03, 4.2347e-01, 3.5338e-03, 
 2DIAGNOSTIC,    22, -8.576563441984e-01, 4.562966295076e-03, 4.2704e-01, 3.5729e-03, 
 2DIAGNOSTIC,    23, -8.584462047325e-01, 3.484246528669e-03, 4.3090e-01, 3.8631e-03, 
 2DIAGNOSTIC,    24, -8.590606656828e-01, 2.320710785509e-03, 4.3433e-01, 3.4311e-03, 
 2DIAGNOSTIC,    25, -8.589411189884e-01, 1.248375834758e-03, 4.3824e-01, 3.9089e-03, 
 2DIAGNOSTIC,    26, -8.593622662719e-01, 3.928454598878e-04, 4.4245e-01, 4.2131e-03, 
 2DIAGNOSTIC,    27, -8.590374671299e-01, 9.914636401118e-05, 4.4559e-01, 3.1331e-03, 
 2DIAGNOSTIC,    28, -8.590038928428e-01, 9.470417212097e-05, 4.4873e-01, 3.1459e-03, 
 2DIAGNOSTIC,    29, -8.597887451005e-01, 8.166289225669e-05, 4.5267e-01, 3.9320e-03, 
 2DIAGNOSTIC,    30, -8.599644914439e-01, 6.761281279462e-05, 4.5624e-01, 3.5758e-03, 
 2DIAGNOSTIC,    31, -8.596947530562e-01, 4.835304946670e-05, 4.5954e-01, 3.3000e-03, 
 2DIAGNOSTIC,    32, -8.599840889146e-01, 3.661431432161e-05, 4.6284e-01, 3.3021e-03, 
 2DIAGNOSTIC,    33, -8.604889527841e-01, 3.684669456007e-05, 4.6610e-01, 3.2580e-03, 
 2DIAGNOSTIC,    34, -8.622281593478e-01, 5.933565576504e-05, 4.6989e-01, 3.7868e-03, 
 2DIAGNOSTIC,    35, -8.628204866104e-01, 7.924991120495e-05, 4.7418e-01, 4.2880e-03, 
 2DIAGNOSTIC,    36, -8.625922368850e-01, 9.287696670776e-05, 4.7885e-01, 4.6751e-03, 
 2DIAGNOSTIC,    37, -8.625241924678e-01, 9.352303448725e-05, 4.8244e-01, 3.5861e-03, 
 2DIAGNOSTIC,    38, -8.626379623697e-01, 8.581185421796e-05, 4.8637e-01, 3.9341e-03, 
 2DIAGNOSTIC,    39, -8.628177594111e-01, 7.916322685430e-05, 4.8988e-01, 3.5071e-03, 
 2DIAGNOSTIC,    40, -8.625598989569e-01, 6.468115155792e-05, 4.9391e-01, 4.0269e-03, 
 2DIAGNOSTIC,    41, -8.626924173278e-01, 4.403956081626e-05, 4.9760e-01, 3.6988e-03, 
 2DIAGNOSTIC,    42, -8.629573371592e-01, 2.531394696270e-05, 5.0115e-01, 3.5479e-03, 
 2DIAGNOSTIC,    43, -8.628367917505e-01, 7.975129931479e-06, 5.0487e-01, 3.7210e-03, 
 2DIAGNOSTIC,    44, -8.630758170020e-01, 7.040253685080e-06, 5.0891e-01, 4.0362e-03, 
 2DIAGNOSTIC,    45, -8.628844988101e-01, 8.840907388064e-06, 5.1260e-01, 3.6919e-03, 
 2DIAGNOSTIC,    46, -8.629294206198e-01, 8.425619716017e-06, 5.1658e-01, 3.9809e-03, 
 2DIAGNOSTIC,    47, -8.631253040058e-01, 8.206103397489e-06, 5.2100e-01, 4.4150e-03, 
 2DIAGNOSTIC,    48, -8.630999407424e-01, 7.840493671061e-06, 5.2466e-01, 3.6652e-03, 
 2DIAGNOSTIC,    49, -8.629089661416e-01, 6.833508996260e-06, 5.2822e-01, 3.5539e-03, 
 2DIAGNOSTIC,    50, -8.627735227428e-01, 2.518092187355e-06, 5.3182e-01, 3.5989e-03, 
DIAGNOSTIC,Iteration,metricValue,convergenceValue,ITERATION_TIME_INDEX,SINCE_LAST
 2DIAGNOSTIC,     1, -7.338471636609e-01, 1.797693134862e+308, 9.0236e-01, 3.7055e-01, 
 2DIAGNOSTIC,     2, -7.352769011010e-01, 1.797693134862e+308, 9.2463e-01, 2.2269e-02, 
 2DIAGNOSTIC,     3, -7.367028396434e-01, 1.797693134862e+308, 9.5054e-01, 2.5908e-02, 
 2DIAGNOSTIC,     4, -7.374111185643e-01, 1.797693134862e+308, 9.8253e-01, 3.1993e-02, 
 2DIAGNOSTIC,     5, -7.374204030538e-01, 1.797693134862e+308, 1.0086e+00, 2.6067e-02, 
 2DIAGNOSTIC,     6, -7.373324875204e-01, 1.797693134862e+308, 1.0561e+00, 4.7521e-02, 
 2DIAGNOSTIC,     7, -7.373002464933e-01, 1.797693134862e+308, 1.0827e+00, 2.6560e-02, 
 2DIAGNOSTIC,     8, -7.373081622568e-01, 1.797693134862e+308, 1.1102e+00, 2.7489e-02, 
 2DIAGNOSTIC,     9, -7.372900841382e-01, 1.797693134862e+308, 1.1373e+00, 2.7102e-02, 
 2DIAGNOSTIC,    10, -7.372737820305e-01, 2.170597524257e-04, 1.1649e+00, 2.7675e-02, 
 2DIAGNOSTIC,    11, -7.372711913360e-01, 8.531542931940e-05, 1.1892e+00, 2.4275e-02, 
 2DIAGNOSTIC,    12, -7.372762364519e-01, 1.325107636661e-05, 1.2197e+00, 3.0512e-02, 
DIAGNOSTIC,Iteration,metricValue,convergenceValue,ITERATION_TIME_INDEX,SINCE_LAST
 2DIAGNOSTIC,     1, -6.195228396982e-01, 1.797693134862e+308, 1.8392e+00, 6.1944e-01, 
 2DIAGNOSTIC,     2, -6.204073322388e-01, 1.797693134862e+308, 2.0039e+00, 1.6473e-01, 
 2DIAGNOSTIC,     3, -6.212170402739e-01, 1.797693134862e+308, 2.1965e+00, 1.9259e-01, 
 2DIAGNOSTIC,     4, -6.214707514735e-01, 1.797693134862e+308, 2.4037e+00, 2.0717e-01, 
 2DIAGNOSTIC,     5, -6.214671056390e-01, 1.797693134862e+308, 2.6754e+00, 2.7171e-01, 
 2DIAGNOSTIC,     6, -6.214653712039e-01, 1.797693134862e+308, 2.8815e+00, 2.0616e-01, 
 2DIAGNOSTIC,     7, -6.214639046353e-01, 1.797693134862e+308, 3.1022e+00, 2.2065e-01, 
 2DIAGNOSTIC,     8, -6.214611981351e-01, 1.797693134862e+308, 3.3102e+00, 2.0803e-01, 
 2DIAGNOSTIC,     9, -6.214608073897e-01, 1.797693134862e+308, 3.4918e+00, 1.8161e-01, 
 2DIAGNOSTIC,    10, -6.214591272588e-01, 1.415723342568e-04, 3.6986e+00, 2.0680e-01, 
 2DIAGNOSTIC,    11, -6.214600607326e-01, 5.506163171470e-05, 3.8856e+00, 1.8696e-01, 
 2DIAGNOSTIC,    12, -6.214594069808e-01, 1.122474022289e-05, 4.0503e+00, 1.6473e-01, 
 2DIAGNOSTIC,    13, -6.214592276313e-01, 1.593676166645e-06, 4.2352e+00, 1.8484e-01, 
 2DIAGNOSTIC,    14, -6.214592693987e-01, 1.711890159989e-06, 4.4172e+00, 1.8201e-01, 
 2DIAGNOSTIC,    15, -6.214579742437e-01, 1.714871870465e-06, 4.6059e+00, 1.8868e-01, 
 2DIAGNOSTIC,    16, -6.214563128481e-01, 1.658544347388e-06, 4.7734e+00, 1.6757e-01, 
 2DIAGNOSTIC,    17, -6.214566948764e-01, 1.612381482018e-06, 4.9617e+00, 1.8823e-01, 
 2DIAGNOSTIC,    18, -6.214584158948e-01, 1.569230114865e-06, 5.1520e+00, 1.9037e-01, 
 2DIAGNOSTIC,    19, -6.214583408077e-01, 1.537365018275e-06, 5.3192e+00, 1.6722e-01, 
 2DIAGNOSTIC,    20, -6.214591378434e-01, 1.501690789933e-06, 5.5065e+00, 1.8724e-01, 
 2DIAGNOSTIC,    21, -6.214596802744e-01, 1.511030618823e-06, 5.6730e+00, 1.6650e-01, 
 2DIAGNOSTIC,    22, -6.214574995596e-01, 1.460361368187e-06, 5.8615e+00, 1.8854e-01, 
 2DIAGNOSTIC,    23, -6.214579950151e-01, 1.419219497686e-06, 6.0462e+00, 1.8466e-01, 
 2DIAGNOSTIC,    24, -6.214584957834e-01, 1.388170637093e-06, 6.2375e+00, 1.9129e-01, 
 2DIAGNOSTIC,    25, -6.214586189380e-01, 1.332684134096e-06, 6.4319e+00, 1.9438e-01, 
 2DIAGNOSTIC,    26, -6.214570675147e-01, 1.219567085521e-06, 6.6184e+00, 1.8654e-01, 
 2DIAGNOSTIC,    27, -6.214592427189e-01, 1.159381475324e-06, 6.8010e+00, 1.8262e-01, 
 2DIAGNOSTIC,    28, -6.214583230800e-01, 1.117393516749e-06, 6.9862e+00, 1.8514e-01, 
 2DIAGNOSTIC,    29, -6.214606067594e-01, 1.114359836900e-06, 7.1873e+00, 2.0110e-01, 
 2DIAGNOSTIC,    30, -6.214605096639e-01, 1.119457258690e-06, 7.3702e+00, 1.8295e-01, 
 2DIAGNOSTIC,    31, -6.214590714396e-01, 1.107045241616e-06, 7.5545e+00, 1.8427e-01, 
 2DIAGNOSTIC,    32, -6.214574866253e-01, 1.034558728075e-06, 7.7143e+00, 1.5977e-01, 
DIAGNOSTIC,Iteration,metricValue,convergenceValue,ITERATION_TIME_INDEX,SINCE_LAST
 2DIAGNOSTIC,     1, -5.430833763040e-01, 1.797693134862e+308, 9.6675e+00, 1.9532e+00, 
 2DIAGNOSTIC,     2, -5.434965953421e-01, 1.797693134862e+308, 1.0896e+01, 1.2281e+00, 
 2DIAGNOSTIC,     3, -5.438870247969e-01, 1.797693134862e+308, 1.2136e+01, 1.2403e+00, 
 2DIAGNOSTIC,     4, -5.442229644136e-01, 1.797693134862e+308, 1.3352e+01, 1.2159e+00, 
 2DIAGNOSTIC,     5, -5.445850974923e-01, 1.797693134862e+308, 1.4674e+01, 1.3218e+00, 
 2DIAGNOSTIC,     6, -5.448305456300e-01, 1.797693134862e+308, 1.6920e+01, 2.2465e+00, 
 2DIAGNOSTIC,     7, -5.448324782979e-01, 1.797693134862e+308, 1.8407e+01, 1.4872e+00, 
 2DIAGNOSTIC,     8, -5.448326498227e-01, 1.797693134862e+308, 1.9638e+01, 1.2310e+00, 
 2DIAGNOSTIC,     9, -5.448330571770e-01, 1.797693134862e+308, 2.0863e+01, 1.2247e+00, 
 2DIAGNOSTIC,    10, -5.448360294472e-01, 2.072885708714e-04, 2.2075e+01, 1.2117e+00, 
 2DIAGNOSTIC,    11, -5.448385756261e-01, 1.317632238543e-04, 2.3316e+01, 1.2409e+00, 
 2DIAGNOSTIC,    12, -5.448419504440e-01, 7.530703526615e-05, 2.4542e+01, 1.2262e+00, 
 2DIAGNOSTIC,    13, -5.448465930537e-01, 3.679474595028e-05, 2.5754e+01, 1.2127e+00, 
 2DIAGNOSTIC,    14, -5.448537753968e-01, 1.318310863130e-05, 2.6982e+01, 1.2277e+00, 
 2DIAGNOSTIC,    15, -5.448601929090e-01, 4.300714301089e-06, 2.8201e+01, 1.2191e+00, 
 2DIAGNOSTIC,    16, -5.448756891147e-01, 4.837296287488e-06, 2.9552e+01, 1.3503e+00, 
 2DIAGNOSTIC,    17, -5.448949021944e-01, 5.688960770613e-06, 3.1034e+01, 1.4829e+00, 
 2DIAGNOSTIC,    18, -5.449028611349e-01, 6.320079449451e-06, 3.2263e+01, 1.2284e+00, 
 2DIAGNOSTIC,    19, -5.449147947024e-01, 6.804468033146e-06, 3.3481e+01, 1.2180e+00, 
 2DIAGNOSTIC,    20, -5.449350105024e-01, 7.366625158413e-06, 3.4700e+01, 1.2188e+00, 
 2DIAGNOSTIC,    21, -5.449683132934e-01, 8.213436530048e-06, 3.5922e+01, 1.2220e+00, 
 2DIAGNOSTIC,    22, -5.450092239927e-01, 9.387624939475e-06, 3.7142e+01, 1.2201e+00, 
 2DIAGNOSTIC,    23, -5.451057754326e-01, 1.199949802170e-05, 3.8736e+01, 1.5939e+00, 
 2DIAGNOSTIC,    24, -5.451507267984e-01, 1.449452269036e-05, 4.0833e+01, 2.0974e+00, 
 2DIAGNOSTIC,    25, -5.451510709894e-01, 1.569337833068e-05, 4.2049e+01, 1.2158e+00, 
 2DIAGNOSTIC,    26, -5.451531884211e-01, 1.581832553578e-05, 4.3386e+01, 1.3369e+00, 
 2DIAGNOSTIC,    27, -5.451548908510e-01, 1.495860138654e-05, 4.4614e+01, 1.2284e+00, 
 2DIAGNOSTIC,    28, -5.451554451297e-01, 1.299087712913e-05, 4.5985e+01, 1.3704e+00, 
 2DIAGNOSTIC,    29, -5.451564401272e-01, 1.026136162589e-05, 4.7333e+01, 1.3485e+00, 
 2DIAGNOSTIC,    30, -5.451569642328e-01, 7.224436247157e-06, 4.9065e+01, 1.7320e+00, 
 2DIAGNOSTIC,    31, -5.451566812487e-01, 4.367396552615e-06, 5.0396e+01, 1.3307e+00, 
 2DIAGNOSTIC,    32, -5.451565118967e-01, 2.000328782573e-06, 5.1748e+01, 1.3526e+00, 
 2DIAGNOSTIC,    33, -5.451565770934e-01, 1.188829922137e-06, 5.3080e+01, 1.3321e+00, 
 2DIAGNOSTIC,    34, -5.451563584346e-01, 1.090345181424e-06, 5.4289e+01, 1.2087e+00, 
  Elapsed time (stage 1): 5.5178e+01


Stage 2
  iterations = 100x70x50x20
  convergence threshold = 1.0000e-06
  convergence window size = 10
  number of levels = 4
  using the CC metric (radius = 4, weight = 1.0000e+00, use gradient filter = 0)
  preprocessing:  winsorizing the image intensities
  Shrink factors (level 1 out of 4): [8, 8, 8]
  Shrink factors (level 2 out of 4): [4, 4, 4]
  Shrink factors (level 3 out of 4): [2, 2, 2]
  Shrink factors (level 4 out of 4): [1, 1, 1]
  smoothing sigmas per level: [3, 2, 1, 0]
  Using default NONE metricSamplingStrategy 

*** Running SyN registration (varianceForUpdateField = 3.0000e+00, varianceForTotalField = 0.0000e+00) ***

XXDIAGNOSTIC,Iteration,metricValue,convergenceValue,ITERATION_TIME_INDEX,SINCE_LAST
 1DIAGNOSTIC,     1, -9.331463888224e-01, 1.797693134862e+308, 4.5888e-01, 4.5888e-01, 
 1DIAGNOSTIC,     2, -9.397827049478e-01, 1.797693134862e+308, 6.1335e-01, 1.5447e-01, 
 1DIAGNOSTIC,     3, -9.446228144937e-01, 1.797693134862e+308, 7.6769e-01, 1.5434e-01, 
 1DIAGNOSTIC,     4, -9.476796909346e-01, 1.797693134862e+308, 9.2302e-01, 1.5533e-01, 
 1DIAGNOSTIC,     5, -9.498042149220e-01, 1.797693134862e+308, 1.0843e+00, 1.6127e-01, 
 1DIAGNOSTIC,     6, -9.517424132990e-01, 1.797693134862e+308, 1.2439e+00, 1.5959e-01, 
 1DIAGNOSTIC,     7, -9.538642816073e-01, 1.797693134862e+308, 1.4056e+00, 1.6173e-01, 
 1DIAGNOSTIC,     8, -9.561082442662e-01, 1.797693134862e+308, 1.5655e+00, 1.5988e-01, 
 1DIAGNOSTIC,     9, -9.582502162643e-01, 1.797693134862e+308, 1.7231e+00, 1.5757e-01, 
 1DIAGNOSTIC,    10, -9.602128155681e-01, 1.633609399192e-03, 1.8828e+00, 1.5973e-01, 
 1DIAGNOSTIC,    11, -9.620505301816e-01, 1.269472775256e-03, 2.0413e+00, 1.5856e-01, 
 1DIAGNOSTIC,    12, -9.635167129176e-01, 1.051955350712e-03, 2.2018e+00, 1.6050e-01, 
 1DIAGNOSTIC,    13, -9.647438110257e-01, 9.111250829021e-04, 2.3637e+00, 1.6188e-01, 
 1DIAGNOSTIC,    14, -9.658764600759e-01, 7.964103821797e-04, 2.5211e+00, 1.5737e-01, 
 1DIAGNOSTIC,    15, -9.667846945797e-01, 6.841975801331e-04, 2.6784e+00, 1.5731e-01, 
 1DIAGNOSTIC,    16, -9.676145805163e-01, 5.744703199160e-04, 2.8304e+00, 1.5202e-01, 
 1DIAGNOSTIC,    17, -9.682732375220e-01, 4.730984527807e-04, 2.9907e+00, 1.6029e-01, 
 1DIAGNOSTIC,    18, -9.688429585312e-01, 3.855118452107e-04, 3.1518e+00, 1.6111e-01, 
 1DIAGNOSTIC,    19, -9.693194568399e-01, 3.121165416918e-04, 3.3147e+00, 1.6286e-01, 
 1DIAGNOSTIC,    20, -9.696926996205e-01, 2.514591747252e-04, 3.4731e+00, 1.5841e-01, 
 1DIAGNOSTIC,    21, -9.700297688965e-01, 2.037390624172e-04, 3.6375e+00, 1.6437e-01, 
 1DIAGNOSTIC,    22, -9.703143045229e-01, 1.648377614473e-04, 3.7966e+00, 1.5919e-01, 
 1DIAGNOSTIC,    23, -9.705506891146e-01, 1.326652067375e-04, 3.9503e+00, 1.5366e-01, 
 1DIAGNOSTIC,    24, -9.707535807791e-01, 1.071932128404e-04, 4.1008e+00, 1.5049e-01, 
 1DIAGNOSTIC,    25, -9.709180344152e-01, 8.637113476269e-05, 4.2615e+00, 1.6068e-01, 
 1DIAGNOSTIC,    26, -9.710620391900e-01, 7.012266013284e-05, 4.4197e+00, 1.5820e-01, 
 1DIAGNOSTIC,    27, -9.711722016692e-01, 5.690899389824e-05, 4.5772e+00, 1.5753e-01, 
 1DIAGNOSTIC,    28, -9.712859683624e-01, 4.652166401052e-05, 4.7356e+00, 1.5842e-01, 
 1DIAGNOSTIC,    29, -9.713545925479e-01, 3.806052542760e-05, 4.8903e+00, 1.5464e-01, 
 1DIAGNOSTIC,    30, -9.714643826493e-01, 3.137895299423e-05, 5.0442e+00, 1.5391e-01, 
 1DIAGNOSTIC,    31, -9.713856721154e-01, 2.466849326085e-05, 5.1972e+00, 1.5302e-01, 
 1DIAGNOSTIC,    32, -9.714052406934e-01, 1.894918382128e-05, 5.3521e+00, 1.5490e-01, 
 1DIAGNOSTIC,    33, -9.712270329681e-01, 1.236406483329e-05, 5.5129e+00, 1.6082e-01, 
 1DIAGNOSTIC,    34, -9.713122335973e-01, 7.595301240344e-06, 5.6665e+00, 1.5360e-01, 
 1DIAGNOSTIC,    35, -9.712462686337e-01, 3.240058812699e-06, 5.8251e+00, 1.5855e-01, 
 1DIAGNOSTIC,    36, -9.713532168289e-01, 9.646180454369e-07, 5.9826e+00, 1.5754e-01, 
XXDIAGNOSTIC,Iteration,metricValue,convergenceValue,ITERATION_TIME_INDEX,SINCE_LAST
 1DIAGNOSTIC,     1, -9.122823978346e-01, 1.797693134862e+308, 7.5544e+00, 1.5718e+00, 
 1DIAGNOSTIC,     2, -9.142371375570e-01, 1.797693134862e+308, 8.8068e+00, 1.2524e+00, 
 1DIAGNOSTIC,     3, -9.173175230109e-01, 1.797693134862e+308, 1.0043e+01, 1.2360e+00, 
 1DIAGNOSTIC,     4, -9.199145905313e-01, 1.797693134862e+308, 1.1303e+01, 1.2598e+00, 
 1DIAGNOSTIC,     5, -9.222966784798e-01, 1.797693134862e+308, 1.2532e+01, 1.2290e+00, 
 1DIAGNOSTIC,     6, -9.243568915818e-01, 1.797693134862e+308, 1.3770e+01, 1.2385e+00, 
 1DIAGNOSTIC,     7, -9.262533650763e-01, 1.797693134862e+308, 1.5005e+01, 1.2349e+00, 
 1DIAGNOSTIC,     8, -9.279676702292e-01, 1.797693134862e+308, 1.6252e+01, 1.2473e+00, 
 1DIAGNOSTIC,     9, -9.294856609283e-01, 1.797693134862e+308, 1.7474e+01, 1.2214e+00, 
 1DIAGNOSTIC,    10, -9.308752792296e-01, 1.318444759438e-03, 1.8735e+01, 1.2614e+00, 
 1DIAGNOSTIC,    11, -9.321579482427e-01, 1.106638232198e-03, 1.9991e+01, 1.2557e+00, 
 1DIAGNOSTIC,    12, -9.330977631194e-01, 9.041353069595e-04, 2.1227e+01, 1.2364e+00, 
 1DIAGNOSTIC,    13, -9.339088922091e-01, 7.426584393692e-04, 2.2479e+01, 1.2519e+00, 
 1DIAGNOSTIC,    14, -9.345993945215e-01, 6.084523406866e-04, 2.3720e+01, 1.2412e+00, 
 1DIAGNOSTIC,    15, -9.352153260891e-01, 4.975509549892e-04, 2.4948e+01, 1.2280e+00, 
 1DIAGNOSTIC,    16, -9.357631877835e-01, 4.045259000589e-04, 2.6191e+01, 1.2431e+00, 
 1DIAGNOSTIC,    17, -9.362541590937e-01, 3.280156627000e-04, 2.7447e+01, 1.2560e+00, 
 1DIAGNOSTIC,    18, -9.367023499065e-01, 2.663685521939e-04, 2.8677e+01, 1.2293e+00, 
 1DIAGNOSTIC,    19, -9.371058955794e-01, 2.173301138239e-04, 2.9922e+01, 1.2453e+00, 
 1DIAGNOSTIC,    20, -9.374664055742e-01, 1.795931141649e-04, 3.1157e+01, 1.2352e+00, 
 1DIAGNOSTIC,    21, -9.377824362593e-01, 1.519345157493e-04, 3.2387e+01, 1.2299e+00, 
 1DIAGNOSTIC,    22, -9.380586434604e-01, 1.294616268563e-04, 3.3632e+01, 1.2451e+00, 
 1DIAGNOSTIC,    23, -9.382992997140e-01, 1.107939609519e-04, 3.4876e+01, 1.2439e+00, 
 1DIAGNOSTIC,    24, -9.385116912231e-01, 9.479094505325e-05, 3.6118e+01, 1.2419e+00, 
 1DIAGNOSTIC,    25, -9.386999581774e-01, 8.100692407027e-05, 3.7348e+01, 1.2302e+00, 
 1DIAGNOSTIC,    26, -9.388679800674e-01, 6.909807639664e-05, 3.8588e+01, 1.2398e+00, 
 1DIAGNOSTIC,    27, -9.390197581320e-01, 5.886252608587e-05, 3.9840e+01, 1.2520e+00, 
 1DIAGNOSTIC,    28, -9.391574657966e-01, 5.023007794637e-05, 4.1114e+01, 1.2745e+00, 
 1DIAGNOSTIC,    29, -9.392835688967e-01, 4.306375705165e-05, 4.2373e+01, 1.2590e+00, 
 1DIAGNOSTIC,    30, -9.394000628191e-01, 3.720045023555e-05, 4.3629e+01, 1.2555e+00, 
 1DIAGNOSTIC,    31, -9.395085257824e-01, 3.242125747788e-05, 4.4877e+01, 1.2484e+00, 
 1DIAGNOSTIC,    32, -9.396030160195e-01, 2.845559911775e-05, 4.6123e+01, 1.2452e+00, 
 1DIAGNOSTIC,    33, -9.396994014178e-01, 2.520381304397e-05, 4.7392e+01, 1.2691e+00, 
 1DIAGNOSTIC,    34, -9.397914260571e-01, 2.253743313595e-05, 4.8635e+01, 1.2430e+00, 
 1DIAGNOSTIC,    35, -9.398803933909e-01, 2.035452500593e-05, 4.9884e+01, 1.2490e+00, 
 1DIAGNOSTIC,    36, -9.399661541950e-01, 1.856544228196e-05, 5.1123e+01, 1.2388e+00, 
 1DIAGNOSTIC,    37, -9.400514593825e-01, 1.711959150168e-05, 5.2352e+01, 1.2291e+00, 
 1DIAGNOSTIC,    38, -9.401352688734e-01, 1.595498047861e-05, 5.3603e+01, 1.2515e+00, 
 1DIAGNOSTIC,    39, -9.402186294207e-01, 1.502365468765e-05, 5.4855e+01, 1.2519e+00, 
 1DIAGNOSTIC,    40, -9.402987725928e-01, 1.426120321455e-05, 5.6105e+01, 1.2501e+00, 
 1DIAGNOSTIC,    41, -9.403783104580e-01, 1.363137074335e-05, 5.7354e+01, 1.2491e+00, 
 1DIAGNOSTIC,    42, -9.404571915536e-01, 1.304423096711e-05, 5.8600e+01, 1.2457e+00, 
 1DIAGNOSTIC,    43, -9.405341590614e-01, 1.252171586979e-05, 5.9864e+01, 1.2646e+00, 
 1DIAGNOSTIC,    44, -9.406077924218e-01, 1.202770280434e-05, 6.1110e+01, 1.2459e+00, 
 1DIAGNOSTIC,    45, -9.406852020803e-01, 1.158622690167e-05, 6.2352e+01, 1.2420e+00, 
 1DIAGNOSTIC,    46, -9.407609350498e-01, 1.117698151780e-05, 6.3611e+01, 1.2584e+00, 
 1DIAGNOSTIC,    47, -9.408384794475e-01, 1.082187364506e-05, 6.4871e+01, 1.2601e+00, 
 1DIAGNOSTIC,    48, -9.409064274613e-01, 1.045838142032e-05, 6.6120e+01, 1.2487e+00, 
 1DIAGNOSTIC,    49, -9.409706720715e-01, 1.007680486483e-05, 6.7370e+01, 1.2503e+00, 
 1DIAGNOSTIC,    50, -9.410286706112e-01, 9.636445891786e-06, 6.8642e+01, 1.2716e+00, 
 1DIAGNOSTIC,    51, -9.410815492121e-01, 9.129030729658e-06, 6.9910e+01, 1.2686e+00, 
 1DIAGNOSTIC,    52, -9.411307110662e-01, 8.563928170720e-06, 7.1133e+01, 1.2229e+00, 
 1DIAGNOSTIC,    53, -9.411759950865e-01, 7.949814030548e-06, 7.2400e+01, 1.2670e+00, 
 1DIAGNOSTIC,    54, -9.412181667948e-01, 7.296560030415e-06, 7.3663e+01, 1.2628e+00, 
 1DIAGNOSTIC,    55, -9.412582342648e-01, 6.664247543017e-06, 7.4945e+01, 1.2822e+00, 
 1DIAGNOSTIC,    56, -9.413008301363e-01, 6.103507776030e-06, 7.6164e+01, 1.2187e+00, 
 1DIAGNOSTIC,    57, -9.413374566471e-01, 5.631203305854e-06, 7.7404e+01, 1.2402e+00, 
 1DIAGNOSTIC,    58, -9.413724432455e-01, 5.220050291518e-06, 7.8669e+01, 1.2647e+00, 
 1DIAGNOSTIC,    59, -9.414059921056e-01, 4.871382169251e-06, 7.9934e+01, 1.2647e+00, 
 1DIAGNOSTIC,    60, -9.414383077294e-01, 4.569206474403e-06, 8.1144e+01, 1.2101e+00, 
 1DIAGNOSTIC,    61, -9.414667054125e-01, 4.287420400508e-06, 8.2380e+01, 1.2360e+00, 
 1DIAGNOSTIC,    62, -9.414974495024e-01, 4.039226036770e-06, 8.3638e+01, 1.2582e+00, 
 1DIAGNOSTIC,    63, -9.415274624709e-01, 3.818143744356e-06, 8.4900e+01, 1.2624e+00, 
 1DIAGNOSTIC,    64, -9.415573960745e-01, 3.622912851175e-06, 8.6121e+01, 1.2205e+00, 
 1DIAGNOSTIC,    65, -9.415867095421e-01, 3.452186205496e-06, 8.7346e+01, 1.2253e+00, 
 1DIAGNOSTIC,    66, -9.416161886041e-01, 3.329172751011e-06, 8.8623e+01, 1.2774e+00, 
 1DIAGNOSTIC,    67, -9.416444595300e-01, 3.225900457541e-06, 8.9882e+01, 1.2581e+00, 
 1DIAGNOSTIC,    68, -9.416744121390e-01, 3.146788663932e-06, 9.1099e+01, 1.2171e+00, 
 1DIAGNOSTIC,    69, -9.417080148560e-01, 3.103418017269e-06, 9.2332e+01, 1.2335e+00, 
 1DIAGNOSTIC,    70, -9.417371458809e-01, 3.069449777050e-06, 9.3576e+01, 1.2434e+00, 
XXDIAGNOSTIC,Iteration,metricValue,convergenceValue,ITERATION_TIME_INDEX,SINCE_LAST
 1DIAGNOSTIC,     1, -8.964366799423e-01, 1.797693134862e+308, 1.0427e+02, 1.0697e+01, 
 1DIAGNOSTIC,     2, -8.984123692492e-01, 1.797693134862e+308, 1.1435e+02, 1.0081e+01, 
 1DIAGNOSTIC,     3, -9.007538081199e-01, 1.797693134862e+308, 1.2436e+02, 1.0010e+01, 
 1DIAGNOSTIC,     4, -9.029566883420e-01, 1.797693134862e+308, 1.3453e+02, 1.0169e+01, 
 1DIAGNOSTIC,     5, -9.050806373945e-01, 1.797693134862e+308, 1.4468e+02, 1.0148e+01, 
 1DIAGNOSTIC,     6, -9.071320111255e-01, 1.797693134862e+308, 1.5479e+02, 1.0111e+01, 
 1DIAGNOSTIC,     7, -9.090795505162e-01, 1.797693134862e+308, 1.6478e+02, 9.9870e+00, 
 1DIAGNOSTIC,     8, -9.107692996013e-01, 1.797693134862e+308, 1.7486e+02, 1.0084e+01, 
 1DIAGNOSTIC,     9, -9.122358770198e-01, 1.797693134862e+308, 1.8494e+02, 1.0076e+01, 
 1DIAGNOSTIC,    10, -9.135277567428e-01, 1.239540718912e-03, 1.9497e+02, 1.0028e+01, 
 1DIAGNOSTIC,    11, -9.145157005735e-01, 1.050566034070e-03, 2.0514e+02, 1.0173e+01, 
 1DIAGNOSTIC,    12, -9.155754911358e-01, 8.775567941002e-04, 2.1518e+02, 1.0041e+01, 
 1DIAGNOSTIC,    13, -9.163871754145e-01, 7.273027166232e-04, 2.2538e+02, 1.0199e+01, 
 1DIAGNOSTIC,    14, -9.174358557143e-01, 6.047368872404e-04, 2.3529e+02, 9.9059e+00, 
 1DIAGNOSTIC,    15, -9.181065469154e-01, 5.010423653947e-04, 2.4549e+02, 1.0200e+01, 
 1DIAGNOSTIC,    16, -9.190092494284e-01, 4.217628011529e-04, 2.5548e+02, 9.9931e+00, 
 1DIAGNOSTIC,    17, -9.195448457656e-01, 3.582232165159e-04, 2.6568e+02, 1.0205e+01, 
 1DIAGNOSTIC,    18, -9.203289600640e-01, 3.113335535655e-04, 2.7560e+02, 9.9140e+00, 
 1DIAGNOSTIC,    19, -9.207692526891e-01, 2.715144617862e-04, 2.8557e+02, 9.9665e+00, 
 1DIAGNOSTIC,    20, -9.213196234583e-01, 2.391151891709e-04, 2.9565e+02, 1.0081e+01, 
 1DIAGNOSTIC,    21, -9.217234743224e-01, 2.080462245961e-04, 3.0567e+02, 1.0022e+01, 
 1DIAGNOSTIC,    22, -9.221216024339e-01, 1.810028582428e-04, 3.1574e+02, 1.0067e+01, 
 1DIAGNOSTIC,    23, -9.225030184937e-01, 1.553890729787e-04, 3.2584e+02, 1.0103e+01, 
 1DIAGNOSTIC,    24, -9.228679042967e-01, 1.356696755874e-04, 3.3581e+02, 9.9730e+00, 
 1DIAGNOSTIC,    25, -9.232207491072e-01, 1.174325359225e-04, 3.4576e+02, 9.9453e+00, 
 1DIAGNOSTIC,    26, -9.235612041500e-01, 1.044484911889e-04, 3.5574e+02, 9.9834e+00, 
 1DIAGNOSTIC,    27, -9.238914689126e-01, 9.247884139209e-05, 3.6580e+02, 1.0060e+01, 
 1DIAGNOSTIC,    28, -9.242182090733e-01, 8.499304904229e-05, 3.7571e+02, 9.9071e+00, 
 1DIAGNOSTIC,    29, -9.245370030272e-01, 7.809715274081e-05, 3.8572e+02, 1.0008e+01, 
 1DIAGNOSTIC,    30, -9.248497465103e-01, 7.322347348533e-05, 3.9575e+02, 1.0039e+01, 
 1DIAGNOSTIC,    31, -9.251534778812e-01, 6.883053616484e-05, 4.0595e+02, 1.0193e+01, 
 1DIAGNOSTIC,    32, -9.254382762654e-01, 6.482784344890e-05, 4.1600e+02, 1.0048e+01, 
 1DIAGNOSTIC,    33, -9.257083467037e-01, 6.106345488519e-05, 4.2610e+02, 1.0101e+01, 
 1DIAGNOSTIC,    34, -9.259645712493e-01, 5.741060097907e-05, 4.3621e+02, 1.0116e+01, 
 1DIAGNOSTIC,    35, -9.262013810842e-01, 5.375821637072e-05, 4.4638e+02, 1.0166e+01, 
 1DIAGNOSTIC,    36, -9.264284279903e-01, 5.010994063369e-05, 4.5624e+02, 9.8640e+00, 
 1DIAGNOSTIC,    37, -9.266448064587e-01, 4.649573191383e-05, 4.6637e+02, 1.0126e+01, 
 1DIAGNOSTIC,    38, -9.268488041789e-01, 4.299934853025e-05, 4.7631e+02, 9.9362e+00, 
 1DIAGNOSTIC,    39, -9.270441296891e-01, 3.969672358353e-05, 4.8643e+02, 1.0122e+01, 
 1DIAGNOSTIC,    40, -9.272348378341e-01, 3.670049848530e-05, 4.9650e+02, 1.0076e+01, 
 1DIAGNOSTIC,    41, -9.274158897184e-01, 3.403934244750e-05, 5.0661e+02, 1.0105e+01, 
 1DIAGNOSTIC,    42, -9.275905957578e-01, 3.167282890571e-05, 5.1666e+02, 1.0053e+01, 
 1DIAGNOSTIC,    43, -9.277592124644e-01, 2.958042025935e-05, 5.2662e+02, 9.9593e+00, 
 1DIAGNOSTIC,    44, -9.279233176660e-01, 2.774613343699e-05, 5.3669e+02, 1.0074e+01, 
 1DIAGNOSTIC,    45, -9.280805081373e-01, 2.608261661358e-05, 5.4675e+02, 1.0051e+01, 
 1DIAGNOSTIC,    46, -9.282339764886e-01, 2.458943895197e-05, 5.5664e+02, 9.8951e+00, 
 1DIAGNOSTIC,    47, -9.283845029683e-01, 2.325623339120e-05, 5.6664e+02, 1.0000e+01, 
 1DIAGNOSTIC,    48, -9.285307648087e-01, 2.204358840729e-05, 5.7669e+02, 1.0051e+01, 
 1DIAGNOSTIC,    49, -9.286699224025e-01, 2.091436180050e-05, 5.8680e+02, 1.0113e+01, 
 1DIAGNOSTIC,    50, -9.288069840804e-01, 1.988895122085e-05, 5.9704e+02, 1.0233e+01, 
XXDIAGNOSTIC,Iteration,metricValue,convergenceValue,ITERATION_TIME_INDEX,SINCE_LAST
 1DIAGNOSTIC,     1, -8.838540262986e-01, 1.797693134862e+308, 6.8455e+02, 8.7510e+01, 
 1DIAGNOSTIC,     2, -8.850872253082e-01, 1.797693134862e+308, 7.7204e+02, 8.7489e+01, 
 1DIAGNOSTIC,     3, -8.866768841746e-01, 1.797693134862e+308, 8.5676e+02, 8.4724e+01, 
 1DIAGNOSTIC,     4, -8.882140622406e-01, 1.797693134862e+308, 9.4461e+02, 8.7848e+01, 
 1DIAGNOSTIC,     5, -8.898643630896e-01, 1.797693134862e+308, 1.0298e+03, 8.5165e+01, 
 1DIAGNOSTIC,     6, -8.913177533237e-01, 1.797693134862e+308, 1.1154e+03, 8.5636e+01, 
 1DIAGNOSTIC,     7, -8.927083129435e-01, 1.797693134862e+308, 1.2013e+03, 8.5868e+01, 
 1DIAGNOSTIC,     8, -8.939189248659e-01, 1.797693134862e+308, 1.2871e+03, 8.5832e+01, 
 1DIAGNOSTIC,     9, -8.950168300685e-01, 1.797693134862e+308, 1.3721e+03, 8.4965e+01, 
 1DIAGNOSTIC,    10, -8.960618742832e-01, 9.068004080397e-04, 1.4586e+03, 8.6495e+01, 
 1DIAGNOSTIC,    11, -8.970911187509e-01, 7.888834890876e-04, 1.5438e+03, 8.5265e+01, 
 1DIAGNOSTIC,    12, -8.980712070455e-01, 6.781890324204e-04, 1.6306e+03, 8.6743e+01, 
 1DIAGNOSTIC,    13, -8.989851875302e-01, 5.842899836751e-04, 1.7161e+03, 8.5565e+01, 
 1DIAGNOSTIC,    14, -8.998296270139e-01, 5.044972550760e-04, 1.8023e+03, 8.6129e+01, 
 1DIAGNOSTIC,    15, -9.006033913643e-01, 4.404072232689e-04, 1.8882e+03, 8.5911e+01, 
 1DIAGNOSTIC,    16, -9.012007923243e-01, 3.843856257866e-04, 1.9743e+03, 8.6142e+01, 
 1DIAGNOSTIC,    17, -9.017512934532e-01, 3.356875279927e-04, 2.0607e+03, 8.6418e+01, 
 1DIAGNOSTIC,    18, -9.022601584646e-01, 2.916031350940e-04, 2.1464e+03, 8.5701e+01, 
 1DIAGNOSTIC,    19, -9.027411049143e-01, 2.513927012105e-04, 2.2324e+03, 8.5944e+01, 
 1DIAGNOSTIC,    20, -9.031730529134e-01, 2.151616808069e-04, 2.3144e+03, 8.1978e+01, 
  Elapsed time (stage 2): 2315


Total elapsed time: 2410
