All_Command_lines_OK
Using double precision for computations.
=============================================================================
The composite transform comprises the following transforms (in order): 
  1. Center of mass alignment using fixed image: /templateflow/tpl-MNI152NLin2009cAsym/tpl-MNI152NLin2009cAsym_res-01_desc-brain_T1w.nii.gz and moving image: /mnt/lustre/mathdugre/ants-amp/datasets/corr/RawDataBIDS/BMB_1/derivatives/antsBrainExtraction/sub-0003045/BrainExtractionBrain.nii.gz (type = Euler3DTransform)
=============================================================================
  number of levels = 4
  number of levels = 4
  number of levels = 4
  fixed image: /templateflow/tpl-MNI152NLin2009cAsym/tpl-MNI152NLin2009cAsym_res-01_desc-brain_T1w.nii.gz
  moving image: /mnt/lustre/mathdugre/ants-amp/datasets/corr/RawDataBIDS/BMB_1/derivatives/antsBrainExtraction/sub-0003045/BrainExtractionBrain.nii.gz
  fixed image: /templateflow/tpl-MNI152NLin2009cAsym/tpl-MNI152NLin2009cAsym_res-01_desc-brain_T1w.nii.gz
  moving image: /mnt/lustre/mathdugre/ants-amp/datasets/corr/RawDataBIDS/BMB_1/derivatives/antsBrainExtraction/sub-0003045/BrainExtractionBrain.nii.gz
  fixed image: /templateflow/tpl-MNI152NLin2009cAsym/tpl-MNI152NLin2009cAsym_res-01_desc-brain_T1w.nii.gz
  moving image: /mnt/lustre/mathdugre/ants-amp/datasets/corr/RawDataBIDS/BMB_1/derivatives/antsBrainExtraction/sub-0003045/BrainExtractionBrain.nii.gz
Dimension = 3
Number of stages = 3
Use histogram matching = false
Winsorize image intensities = true
  Lower quantile = 0.005
  Upper quantile = 0.995


Stage 1 State
   Image metric = MattesMI
     Fixed image = Image (0x557d35017360)
  RTTI typeinfo:   itk::Image<double, 3u>
  Reference Count: 2
  Modified Time: 2372
  Debug: Off
  Object Name: 
  Observers: 
    none
  Source: (none)
  Source output name: (none)
  Release Data: Off
  Data Released: False
  Global Release Data: Off
  PipelineMTime: 0
  UpdateMTime: 1981
  RealTimeStamp: 0 seconds 
  LargestPossibleRegion: 
    Dimension: 3
    Index: [0, 0, 0]
    Size: [193, 229, 193]
  BufferedRegion: 
    Dimension: 3
    Index: [0, 0, 0]
    Size: [193, 229, 193]
  RequestedRegion: 
    Dimension: 3
    Index: [0, 0, 0]
    Size: [193, 229, 193]
  Spacing: [1, 1, 1]
  Origin: [96, 132, -78]
  Direction: 
-1 0 0
0 -1 0
0 0 1

  IndexToPointMatrix: 
-1 0 0
0 -1 0
0 0 1

  PointToIndexMatrix: 
-1 0 0
0 -1 0
0 0 1

  Inverse Direction: 
-1 0 0
0 -1 0
0 0 1

  PixelContainer: 
    ImportImageContainer (0x557d3501ac80)
      RTTI typeinfo:   itk::ImportImageContainer<unsigned long, double>
      Reference Count: 1
      Modified Time: 1978
      Debug: Off
      Object Name: 
      Observers: 
        none
      Pointer: 0x7fb647ab7010
      Container manages memory: true
      Size: 8530021
      Capacity: 8530021

     Moving image = Image (0x557d35124340)
  RTTI typeinfo:   itk::Image<double, 3u>
  Reference Count: 2
  Modified Time: 2373
  Debug: Off
  Object Name: 
  Observers: 
    none
  Source: (none)
  Source output name: (none)
  Release Data: Off
  Data Released: False
  Global Release Data: Off
  PipelineMTime: 0
  UpdateMTime: 2370
  RealTimeStamp: 0 seconds 
  LargestPossibleRegion: 
    Dimension: 3
    Index: [0, 0, 0]
    Size: [176, 256, 256]
  BufferedRegion: 
    Dimension: 3
    Index: [0, 0, 0]
    Size: [176, 256, 256]
  RequestedRegion: 
    Dimension: 3
    Index: [0, 0, 0]
    Size: [176, 256, 256]
  Spacing: [1, 1, 1]
  Origin: [-81.7588, 129.867, -125.164]
  Direction: 
1 0 0
0 -1 0
0 0 1

  IndexToPointMatrix: 
1 0 0
0 -1 0
0 0 1

  PointToIndexMatrix: 
1 0 0
0 -1 0
0 0 1

  Inverse Direction: 
1 0 0
0 -1 0
0 0 1

  PixelContainer: 
    ImportImageContainer (0x557d35129710)
      RTTI typeinfo:   itk::ImportImageContainer<unsigned long, double>
      Reference Count: 1
      Modified Time: 2367
      Debug: Off
      Object Name: 
      Observers: 
        none
      Pointer: 0x7fb6422b6010
      Container manages memory: true
      Size: 11534336
      Capacity: 11534336

     Weighting = 1
     Sampling strategy = regular
     Number of bins = 32
     Radius = 4
     Sampling percentage  = 0.25
   Transform = Rigid
     Gradient step = 0.1
     Update field sigma (voxel space) = 0
     Total field sigma (voxel space) = 0
     Update field time sigma = 0
     Total field time sigma  = 0
     Number of time indices = 0
     Number of time point samples = 0
Stage 2 State
   Image metric = MattesMI
     Fixed image = Image (0x557d3516bbd0)
  RTTI typeinfo:   itk::Image<double, 3u>
  Reference Count: 2
  Modified Time: 3150
  Debug: Off
  Object Name: 
  Observers: 
    none
  Source: (none)
  Source output name: (none)
  Release Data: Off
  Data Released: False
  Global Release Data: Off
  PipelineMTime: 0
  UpdateMTime: 2759
  RealTimeStamp: 0 seconds 
  LargestPossibleRegion: 
    Dimension: 3
    Index: [0, 0, 0]
    Size: [193, 229, 193]
  BufferedRegion: 
    Dimension: 3
    Index: [0, 0, 0]
    Size: [193, 229, 193]
  RequestedRegion: 
    Dimension: 3
    Index: [0, 0, 0]
    Size: [193, 229, 193]
  Spacing: [1, 1, 1]
  Origin: [96, 132, -78]
  Direction: 
-1 0 0
0 -1 0
0 0 1

  IndexToPointMatrix: 
-1 0 0
0 -1 0
0 0 1

  PointToIndexMatrix: 
-1 0 0
0 -1 0
0 0 1

  Inverse Direction: 
-1 0 0
0 -1 0
0 0 1

  PixelContainer: 
    ImportImageContainer (0x557d35126d80)
      RTTI typeinfo:   itk::ImportImageContainer<unsigned long, double>
      Reference Count: 1
      Modified Time: 2756
      Debug: Off
      Object Name: 
      Observers: 
        none
      Pointer: 0x7fb63e1a1010
      Container manages memory: true
      Size: 8530021
      Capacity: 8530021

     Moving image = Image (0x557d35127010)
  RTTI typeinfo:   itk::Image<double, 3u>
  Reference Count: 2
  Modified Time: 3151
  Debug: Off
  Object Name: 
  Observers: 
    none
  Source: (none)
  Source output name: (none)
  Release Data: Off
  Data Released: False
  Global Release Data: Off
  PipelineMTime: 0
  UpdateMTime: 3148
  RealTimeStamp: 0 seconds 
  LargestPossibleRegion: 
    Dimension: 3
    Index: [0, 0, 0]
    Size: [176, 256, 256]
  BufferedRegion: 
    Dimension: 3
    Index: [0, 0, 0]
    Size: [176, 256, 256]
  RequestedRegion: 
    Dimension: 3
    Index: [0, 0, 0]
    Size: [176, 256, 256]
  Spacing: [1, 1, 1]
  Origin: [-81.7588, 129.867, -125.164]
  Direction: 
1 0 0
0 -1 0
0 0 1

  IndexToPointMatrix: 
1 0 0
0 -1 0
0 0 1

  PointToIndexMatrix: 
1 0 0
0 -1 0
0 0 1

  Inverse Direction: 
1 0 0
0 -1 0
0 0 1

  PixelContainer: 
    ImportImageContainer (0x557d3518c150)
      RTTI typeinfo:   itk::ImportImageContainer<unsigned long, double>
      Reference Count: 1
      Modified Time: 3145
      Debug: Off
      Object Name: 
      Observers: 
        none
      Pointer: 0x7fb6389a0010
      Container manages memory: true
      Size: 11534336
      Capacity: 11534336

     Weighting = 1
     Sampling strategy = regular
     Number of bins = 32
     Radius = 4
     Sampling percentage  = 0.25
   Transform = Affine
     Gradient step = 0.1
     Update field sigma (voxel space) = 0
     Total field sigma (voxel space) = 0
     Update field time sigma = 0
     Total field time sigma  = 0
     Number of time indices = 0
     Number of time point samples = 0
Stage 3 State
   Image metric = CC
     Fixed image = Image (0x557d351ac2a0)
  RTTI typeinfo:   itk::Image<double, 3u>
  Reference Count: 2
  Modified Time: 3928
  Debug: Off
  Object Name: 
  Observers: 
    none
  Source: (none)
  Source output name: (none)
  Release Data: Off
  Data Released: False
  Global Release Data: Off
  PipelineMTime: 0
  UpdateMTime: 3537
  RealTimeStamp: 0 seconds 
  LargestPossibleRegion: 
    Dimension: 3
    Index: [0, 0, 0]
    Size: [193, 229, 193]
  BufferedRegion: 
    Dimension: 3
    Index: [0, 0, 0]
    Size: [193, 229, 193]
  RequestedRegion: 
    Dimension: 3
    Index: [0, 0, 0]
    Size: [193, 229, 193]
  Spacing: [1, 1, 1]
  Origin: [96, 132, -78]
  Direction: 
-1 0 0
0 -1 0
0 0 1

  IndexToPointMatrix: 
-1 0 0
0 -1 0
0 0 1

  PointToIndexMatrix: 
-1 0 0
0 -1 0
0 0 1

  Inverse Direction: 
-1 0 0
0 -1 0
0 0 1

  PixelContainer: 
    ImportImageContainer (0x557d35112b50)
      RTTI typeinfo:   itk::ImportImageContainer<unsigned long, double>
      Reference Count: 1
      Modified Time: 3534
      Debug: Off
      Object Name: 
      Observers: 
        none
      Pointer: 0x7fb63488b010
      Container manages memory: true
      Size: 8530021
      Capacity: 8530021

     Moving image = Image (0x557d35125e30)
  RTTI typeinfo:   itk::Image<double, 3u>
  Reference Count: 2
  Modified Time: 3929
  Debug: Off
  Object Name: 
  Observers: 
    none
  Source: (none)
  Source output name: (none)
  Release Data: Off
  Data Released: False
  Global Release Data: Off
  PipelineMTime: 0
  UpdateMTime: 3926
  RealTimeStamp: 0 seconds 
  LargestPossibleRegion: 
    Dimension: 3
    Index: [0, 0, 0]
    Size: [176, 256, 256]
  BufferedRegion: 
    Dimension: 3
    Index: [0, 0, 0]
    Size: [176, 256, 256]
  RequestedRegion: 
    Dimension: 3
    Index: [0, 0, 0]
    Size: [176, 256, 256]
  Spacing: [1, 1, 1]
  Origin: [-81.7588, 129.867, -125.164]
  Direction: 
1 0 0
0 -1 0
0 0 1

  IndexToPointMatrix: 
1 0 0
0 -1 0
0 0 1

  PointToIndexMatrix: 
1 0 0
0 -1 0
0 0 1

  Inverse Direction: 
1 0 0
0 -1 0
0 0 1

  PixelContainer: 
    ImportImageContainer (0x557d35149790)
      RTTI typeinfo:   itk::ImportImageContainer<unsigned long, double>
      Reference Count: 1
      Modified Time: 3923
      Debug: Off
      Object Name: 
      Observers: 
        none
      Pointer: 0x7fb62f08a010
      Container manages memory: true
      Size: 11534336
      Capacity: 11534336

     Weighting = 1
     Sampling strategy = none
     Number of bins = 32
     Radius = 4
     Sampling percentage  = 1
   Transform = SyN
     Gradient step = 0.1
     Update field sigma (voxel space) = 3
     Total field sigma (voxel space) = 0
     Update field time sigma = 0
     Total field time sigma  = 0
     Number of time indices = 0
     Number of time point samples = 0
Registration using 3 total stages.

Stage 0
  iterations = 1000x500x250x100
  convergence threshold = 1e-06
  convergence window size = 10
  number of levels = 4
  using the Mattes MI metric (number of bins = 32, weight = 1, use gradient filter = 0)
  preprocessing:  winsorizing the image intensities
  Shrink factors (level 1 out of 4): [8, 8, 8]
  Shrink factors (level 2 out of 4): [4, 4, 4]
  Shrink factors (level 3 out of 4): [2, 2, 2]
  Shrink factors (level 4 out of 4): [1, 1, 1]
  smoothing sigmas per level: [3, 2, 1, 0]
  regular sampling (percentage = 0.25)

*** Running Euler3DTransform registration ***

DIAGNOSTIC,Iteration,metricValue,convergenceValue,ITERATION_TIME_INDEX,SINCE_LAST
 2DIAGNOSTIC,     1, -4.811629945492e-01, 1.797693134862e+308, 3.8035e-01, 3.8035e-01, 
 2DIAGNOSTIC,     2, -4.830640076443e-01, 1.797693134862e+308, 3.8357e-01, 3.2208e-03, 
 2DIAGNOSTIC,     3, -4.858404321046e-01, 1.797693134862e+308, 3.8638e-01, 2.8121e-03, 
 2DIAGNOSTIC,     4, -4.898488324780e-01, 1.797693134862e+308, 3.8903e-01, 2.6410e-03, 
 2DIAGNOSTIC,     5, -4.940336174034e-01, 1.797693134862e+308, 3.9174e-01, 2.7101e-03, 
 2DIAGNOSTIC,     6, -4.960525602264e-01, 1.797693134862e+308, 3.9454e-01, 2.8050e-03, 
 2DIAGNOSTIC,     7, -4.997682968197e-01, 1.797693134862e+308, 3.9735e-01, 2.8090e-03, 
 2DIAGNOSTIC,     8, -5.151600596392e-01, 1.797693134862e+308, 4.0198e-01, 4.6291e-03, 
 2DIAGNOSTIC,     9, -5.169132222719e-01, 1.797693134862e+308, 4.0559e-01, 3.6111e-03, 
 2DIAGNOSTIC,    10, -5.166939188389e-01, 5.178321382532e-03, 4.0959e-01, 4.0021e-03, 
 2DIAGNOSTIC,    11, -5.168240070024e-01, 4.667497103264e-03, 4.1274e-01, 3.1521e-03, 
 2DIAGNOSTIC,    12, -5.167530617097e-01, 3.910750198241e-03, 4.1630e-01, 3.5572e-03, 
 2DIAGNOSTIC,    13, -5.165774607200e-01, 3.021517570535e-03, 4.1962e-01, 3.3181e-03, 
 2DIAGNOSTIC,    14, -5.165557644886e-01, 2.145212104724e-03, 4.2241e-01, 2.7859e-03, 
 2DIAGNOSTIC,    15, -5.164907469953e-01, 1.356911746692e-03, 4.2527e-01, 2.8660e-03, 
 2DIAGNOSTIC,    16, -5.163984774103e-01, 6.168666672460e-04, 4.2892e-01, 3.6459e-03, 
 2DIAGNOSTIC,    17, -5.163800597262e-01, 1.756900740123e-05, 4.3209e-01, 3.1681e-03, 
DIAGNOSTIC,Iteration,metricValue,convergenceValue,ITERATION_TIME_INDEX,SINCE_LAST
 2DIAGNOSTIC,     1, -4.208778007892e-01, 1.797693134862e+308, 8.0993e-01, 3.7785e-01, 
 2DIAGNOSTIC,     2, -4.212431461451e-01, 1.797693134862e+308, 8.3045e-01, 2.0515e-02, 
 2DIAGNOSTIC,     3, -4.218986363459e-01, 1.797693134862e+308, 8.4943e-01, 1.8977e-02, 
 2DIAGNOSTIC,     4, -4.227236898008e-01, 1.797693134862e+308, 8.7070e-01, 2.1278e-02, 
 2DIAGNOSTIC,     5, -4.231309668020e-01, 1.797693134862e+308, 8.9126e-01, 2.0554e-02, 
 2DIAGNOSTIC,     6, -4.242009781990e-01, 1.797693134862e+308, 9.2334e-01, 3.2081e-02, 
 2DIAGNOSTIC,     7, -4.249559953387e-01, 1.797693134862e+308, 9.4328e-01, 1.9944e-02, 
 2DIAGNOSTIC,     8, -4.252606291778e-01, 1.797693134862e+308, 9.6324e-01, 1.9956e-02, 
 2DIAGNOSTIC,     9, -4.256889897732e-01, 1.797693134862e+308, 9.8271e-01, 1.9468e-02, 
 2DIAGNOSTIC,    10, -4.261541284239e-01, 8.579102458360e-04, 1.0048e+00, 2.2103e-02, 
 2DIAGNOSTIC,    11, -4.263133316695e-01, 7.336928901455e-04, 1.0261e+00, 2.1276e-02, 
 2DIAGNOSTIC,    12, -4.264542337229e-01, 5.923773936883e-04, 1.0503e+00, 2.4231e-02, 
 2DIAGNOSTIC,    13, -4.265538876820e-01, 4.583177893784e-04, 1.0742e+00, 2.3860e-02, 
 2DIAGNOSTIC,    14, -4.266926328353e-01, 3.484394826336e-04, 1.0998e+00, 2.5639e-02, 
 2DIAGNOSTIC,    15, -4.269306819741e-01, 2.492701452273e-04, 1.1222e+00, 2.2405e-02, 
 2DIAGNOSTIC,    16, -4.281133933165e-01, 2.332575824297e-04, 1.1418e+00, 1.9589e-02, 
 2DIAGNOSTIC,    17, -4.304174054168e-01, 3.169830813496e-04, 1.1618e+00, 1.9978e-02, 
 2DIAGNOSTIC,    18, -4.319577166638e-01, 4.285649746970e-04, 1.1858e+00, 2.4021e-02, 
 2DIAGNOSTIC,    19, -4.322537034082e-01, 5.137969740168e-04, 1.2053e+00, 1.9443e-02, 
 2DIAGNOSTIC,    20, -4.324804794561e-01, 5.671351614605e-04, 1.2281e+00, 2.2835e-02, 
 2DIAGNOSTIC,    21, -4.325718655275e-01, 5.703711098831e-04, 1.2597e+00, 3.1607e-02, 
 2DIAGNOSTIC,    22, -4.325952489116e-01, 5.239477600715e-04, 1.2806e+00, 2.0890e-02, 
 2DIAGNOSTIC,    23, -4.326535160670e-01, 4.369357152788e-04, 1.3006e+00, 1.9994e-02, 
 2DIAGNOSTIC,    24, -4.327134164569e-01, 3.228926962857e-04, 1.3218e+00, 2.1172e-02, 
 2DIAGNOSTIC,    25, -4.327380584210e-01, 1.952380690730e-04, 1.3461e+00, 2.4317e-02, 
 2DIAGNOSTIC,    26, -4.327688971334e-01, 8.917141100558e-05, 1.3685e+00, 2.2463e-02, 
 2DIAGNOSTIC,    27, -4.328051842045e-01, 3.942211614196e-05, 1.3972e+00, 2.8694e-02, 
 2DIAGNOSTIC,    28, -4.328067452585e-01, 2.608385418867e-05, 1.4175e+00, 2.0317e-02, 
 2DIAGNOSTIC,    29, -4.328358159617e-01, 1.863562995353e-05, 1.4404e+00, 2.2893e-02, 
 2DIAGNOSTIC,    30, -4.328597798528e-01, 1.552510077592e-05, 1.4603e+00, 1.9895e-02, 
 2DIAGNOSTIC,    31, -4.328844866931e-01, 1.373213002925e-05, 1.4819e+00, 2.1542e-02, 
 2DIAGNOSTIC,    32, -4.329366096273e-01, 1.238862412115e-05, 1.5023e+00, 2.0471e-02, 
 2DIAGNOSTIC,    33, -4.329976009290e-01, 1.240297094929e-05, 1.5264e+00, 2.4071e-02, 
 2DIAGNOSTIC,    34, -4.330572658429e-01, 1.364137742060e-05, 1.5593e+00, 3.2928e-02, 
 2DIAGNOSTIC,    35, -4.331094229367e-01, 1.503389066354e-05, 1.5798e+00, 2.0490e-02, 
 2DIAGNOSTIC,    36, -4.331242069262e-01, 1.582652060337e-05, 1.6010e+00, 2.1162e-02, 
 2DIAGNOSTIC,    37, -4.331306553167e-01, 1.593164582602e-05, 1.6321e+00, 3.1131e-02, 
 2DIAGNOSTIC,    38, -4.331224713691e-01, 1.446842440713e-05, 1.6547e+00, 2.2612e-02, 
 2DIAGNOSTIC,    39, -4.331100610925e-01, 1.205832436368e-05, 1.6760e+00, 2.1231e-02, 
 2DIAGNOSTIC,    40, -4.331092792630e-01, 9.083783679708e-06, 1.6991e+00, 2.3114e-02, 
 2DIAGNOSTIC,    41, -4.331128644405e-01, 5.913463988115e-06, 1.7200e+00, 2.0959e-02, 
 2DIAGNOSTIC,    42, -4.331039221339e-01, 3.075529350586e-06, 1.7436e+00, 2.3590e-02, 
 2DIAGNOSTIC,    43, -4.331090868876e-01, 1.161020263412e-06, 1.7661e+00, 2.2506e-02, 
DIAGNOSTIC,Iteration,metricValue,convergenceValue,ITERATION_TIME_INDEX,SINCE_LAST
 2DIAGNOSTIC,     1, -3.763573037472e-01, 1.797693134862e+308, 2.3315e+00, 5.6533e-01, 
 2DIAGNOSTIC,     2, -3.766292479535e-01, 1.797693134862e+308, 2.4698e+00, 1.3833e-01, 
 2DIAGNOSTIC,     3, -3.769361615093e-01, 1.797693134862e+308, 2.6065e+00, 1.3670e-01, 
 2DIAGNOSTIC,     4, -3.770498330449e-01, 1.797693134862e+308, 2.7429e+00, 1.3643e-01, 
 2DIAGNOSTIC,     5, -3.770953112667e-01, 1.797693134862e+308, 2.9151e+00, 1.7220e-01, 
 2DIAGNOSTIC,     6, -3.771003509501e-01, 1.797693134862e+308, 3.1075e+00, 1.9233e-01, 
 2DIAGNOSTIC,     7, -3.771011204278e-01, 1.797693134862e+308, 3.2844e+00, 1.7699e-01, 
 2DIAGNOSTIC,     8, -3.771017133974e-01, 1.797693134862e+308, 3.4946e+00, 2.1017e-01, 
 2DIAGNOSTIC,     9, -3.771019085100e-01, 1.797693134862e+308, 3.6501e+00, 1.5547e-01, 
 2DIAGNOSTIC,    10, -3.771006112538e-01, 1.009868315374e-04, 3.8126e+00, 1.6256e-01, 
 2DIAGNOSTIC,    11, -3.771000783297e-01, 4.772893985422e-05, 3.9713e+00, 1.5864e-01, 
 2DIAGNOSTIC,    12, -3.770987888678e-01, 1.591197713278e-05, 4.1346e+00, 1.6335e-01, 
 2DIAGNOSTIC,    13, -3.770990360800e-01, 5.454157509716e-06, 4.2910e+00, 1.5633e-01, 
 2DIAGNOSTIC,    14, -3.770986582688e-01, 2.250325367936e-06, 4.4477e+00, 1.5671e-01, 
 2DIAGNOSTIC,    15, -3.770974251701e-01, 1.693971810046e-06, 4.5861e+00, 1.3844e-01, 
 2DIAGNOSTIC,    16, -3.770969696598e-01, 1.464308835977e-06, 4.7431e+00, 1.5698e-01, 
 2DIAGNOSTIC,    17, -3.770965100735e-01, 1.322747910072e-06, 4.8830e+00, 1.3985e-01, 
 2DIAGNOSTIC,    18, -3.770954904437e-01, 1.228067249476e-06, 5.0212e+00, 1.3821e-01, 
 2DIAGNOSTIC,    19, -3.770969570432e-01, 1.260704557485e-06, 5.1988e+00, 1.7767e-01, 
 2DIAGNOSTIC,    20, -3.770957762155e-01, 1.233850490376e-06, 5.3547e+00, 1.5584e-01, 
 2DIAGNOSTIC,    21, -3.770954436810e-01, 1.214706748659e-06, 5.4867e+00, 1.3206e-01, 
 2DIAGNOSTIC,    22, -3.770961007497e-01, 1.203699334346e-06, 5.6402e+00, 1.5347e-01, 
 2DIAGNOSTIC,    23, -3.770967276377e-01, 1.243665098891e-06, 5.8255e+00, 1.8530e-01, 
 2DIAGNOSTIC,    24, -3.770961420880e-01, 1.262830277911e-06, 5.9504e+00, 1.2487e-01, 
 2DIAGNOSTIC,    25, -3.770949207965e-01, 1.213608085374e-06, 6.0844e+00, 1.3403e-01, 
 2DIAGNOSTIC,    26, -3.770953181387e-01, 1.174075413203e-06, 6.2172e+00, 1.3279e-01, 
 2DIAGNOSTIC,    27, -3.770944687403e-01, 1.105033699690e-06, 6.3680e+00, 1.5075e-01, 
 2DIAGNOSTIC,    28, -3.770966436636e-01, 1.077226880919e-06, 6.5234e+00, 1.5538e-01, 
 2DIAGNOSTIC,    29, -3.770973212380e-01, 1.112295666059e-06, 6.6743e+00, 1.5090e-01, 
 2DIAGNOSTIC,    30, -3.770963554592e-01, 1.090703265712e-06, 6.8088e+00, 1.3452e-01, 
 2DIAGNOSTIC,    31, -3.770972049209e-01, 1.081461348779e-06, 6.9494e+00, 1.4066e-01, 
 2DIAGNOSTIC,    32, -3.770985834501e-01, 1.113976831023e-06, 7.0954e+00, 1.4592e-01, 
 2DIAGNOSTIC,    33, -3.771008175158e-01, 1.196849840138e-06, 7.2518e+00, 1.5641e-01, 
 2DIAGNOSTIC,    34, -3.771006963271e-01, 1.236558307121e-06, 7.4087e+00, 1.5690e-01, 
 2DIAGNOSTIC,    35, -3.771001423185e-01, 1.208839931419e-06, 7.5661e+00, 1.5747e-01, 
 2DIAGNOSTIC,    36, -3.770999842849e-01, 1.161175720049e-06, 7.7270e+00, 1.6085e-01, 
 2DIAGNOSTIC,    37, -3.771004785825e-01, 1.080227150972e-06, 7.8671e+00, 1.4016e-01, 
 2DIAGNOSTIC,    38, -3.771005417711e-01, 1.025262032460e-06, 8.0265e+00, 1.5931e-01, 
DIAGNOSTIC,Iteration,metricValue,convergenceValue,ITERATION_TIME_INDEX,SINCE_LAST
 2DIAGNOSTIC,     1, -3.491012331147e-01, 1.797693134862e+308, 9.6276e+00, 1.6012e+00, 
 2DIAGNOSTIC,     2, -3.491529606661e-01, 1.797693134862e+308, 1.0765e+01, 1.1371e+00, 
 2DIAGNOSTIC,     3, -3.491660729710e-01, 1.797693134862e+308, 1.1796e+01, 1.0316e+00, 
 2DIAGNOSTIC,     4, -3.491665002131e-01, 1.797693134862e+308, 1.3284e+01, 1.4874e+00, 
 2DIAGNOSTIC,     5, -3.491671279693e-01, 1.797693134862e+308, 1.4318e+01, 1.0338e+00, 
 2DIAGNOSTIC,     6, -3.491671150704e-01, 1.797693134862e+308, 1.5555e+01, 1.2378e+00, 
 2DIAGNOSTIC,     7, -3.491671511486e-01, 1.797693134862e+308, 1.6563e+01, 1.0077e+00, 
 2DIAGNOSTIC,     8, -3.491670207286e-01, 1.797693134862e+308, 1.7591e+01, 1.0279e+00, 
 2DIAGNOSTIC,     9, -3.491669671939e-01, 1.797693134862e+308, 1.8615e+01, 1.0242e+00, 
 2DIAGNOSTIC,    10, -3.491670063739e-01, 9.609544403405e-06, 1.9655e+01, 1.0391e+00, 
 2DIAGNOSTIC,    11, -3.491668830287e-01, 4.003448220852e-06, 2.0682e+01, 1.0276e+00, 
 2DIAGNOSTIC,    12, -3.491668359541e-01, 2.713379315955e-06, 2.1607e+01, 9.2530e-01, 
 2DIAGNOSTIC,    13, -3.491668764073e-01, 2.439555892006e-06, 2.2632e+01, 1.0249e+00, 
 2DIAGNOSTIC,    14, -3.491667636416e-01, 2.222641399305e-06, 2.3564e+01, 9.3146e-01, 
 2DIAGNOSTIC,    15, -3.491668459650e-01, 2.077792126215e-06, 2.4491e+01, 9.2706e-01, 
 2DIAGNOSTIC,    16, -3.491669835723e-01, 1.961102399167e-06, 2.5617e+01, 1.1260e+00, 
 2DIAGNOSTIC,    17, -3.491670591300e-01, 1.865978808635e-06, 2.7092e+01, 1.4750e+00, 
 2DIAGNOSTIC,    18, -3.491670662140e-01, 1.776363461270e-06, 2.8107e+01, 1.0150e+00, 
 2DIAGNOSTIC,    19, -3.491669937535e-01, 1.689981770941e-06, 2.9119e+01, 1.0124e+00, 
 2DIAGNOSTIC,    20, -3.491669202874e-01, 1.609604407461e-06, 3.0028e+01, 9.0831e-01, 
 2DIAGNOSTIC,    21, -3.491668520060e-01, 1.527615338545e-06, 3.0941e+01, 9.1390e-01, 
 2DIAGNOSTIC,    22, -3.491667924949e-01, 1.447822519637e-06, 3.1968e+01, 1.0268e+00, 
 2DIAGNOSTIC,    23, -3.491668178419e-01, 1.377332101947e-06, 3.3123e+01, 1.1546e+00, 
 2DIAGNOSTIC,    24, -3.491667505921e-01, 1.307128333350e-06, 3.4034e+01, 9.1129e-01, 
 2DIAGNOSTIC,    25, -3.491666118932e-01, 1.242427255826e-06, 3.5060e+01, 1.0253e+00, 
 2DIAGNOSTIC,    26, -3.491667136329e-01, 1.193077319148e-06, 3.5981e+01, 9.2194e-01, 
 2DIAGNOSTIC,    27, -3.491667493295e-01, 1.153394971552e-06, 3.7013e+01, 1.0320e+00, 
 2DIAGNOSTIC,    28, -3.491667753810e-01, 1.119789679933e-06, 3.7923e+01, 9.0955e-01, 
 2DIAGNOSTIC,    29, -3.491666568006e-01, 1.084768593070e-06, 3.8832e+01, 9.0919e-01, 
 2DIAGNOSTIC,    30, -3.491668114376e-01, 1.055652816828e-06, 3.9952e+01, 1.1201e+00, 
 2DIAGNOSTIC,    31, -3.491668525639e-01, 1.027992664777e-06, 4.0965e+01, 1.0130e+00, 
  Elapsed time (stage 0): 4.1613e+01


Stage 1
  iterations = 1000x500x250x100
  convergence threshold = 1.0000e-06
  convergence window size = 10
  number of levels = 4
  using the Mattes MI metric (number of bins = 32, weight = 1.0000e+00, use gradient filter = 0)
  preprocessing:  winsorizing the image intensities
  Shrink factors (level 1 out of 4): [8, 8, 8]
  Shrink factors (level 2 out of 4): [4, 4, 4]
  Shrink factors (level 3 out of 4): [2, 2, 2]
  Shrink factors (level 4 out of 4): [1, 1, 1]
  smoothing sigmas per level: [3, 2, 1, 0]
  regular sampling (percentage = 2.5000e-01)

*** Running AffineTransform registration ***

DIAGNOSTIC,Iteration,metricValue,convergenceValue,ITERATION_TIME_INDEX,SINCE_LAST
 2DIAGNOSTIC,     1, -5.283022568130e-01, 1.797693134862e+308, 3.3678e-01, 3.3678e-01, 
 2DIAGNOSTIC,     2, -5.300438142511e-01, 1.797693134862e+308, 3.4186e-01, 5.0809e-03, 
 2DIAGNOSTIC,     3, -5.323423381556e-01, 1.797693134862e+308, 3.4651e-01, 4.6539e-03, 
 2DIAGNOSTIC,     4, -5.358016390476e-01, 1.797693134862e+308, 3.4992e-01, 3.4049e-03, 
 2DIAGNOSTIC,     5, -5.414825878957e-01, 1.797693134862e+308, 3.5343e-01, 3.5141e-03, 
 2DIAGNOSTIC,     6, -5.525209713310e-01, 1.797693134862e+308, 3.5688e-01, 3.4451e-03, 
 2DIAGNOSTIC,     7, -5.759412840946e-01, 1.797693134862e+308, 3.6031e-01, 3.4361e-03, 
 2DIAGNOSTIC,     8, -6.080888148440e-01, 1.797693134862e+308, 3.6416e-01, 3.8431e-03, 
 2DIAGNOSTIC,     9, -7.351479827499e-01, 1.797693134862e+308, 3.6895e-01, 4.7960e-03, 
 2DIAGNOSTIC,    10, -7.642426612099e-01, 2.353619758632e-02, 3.7313e-01, 4.1740e-03, 
 2DIAGNOSTIC,    11, -7.782220445927e-01, 2.661593276051e-02, 3.7761e-01, 4.4830e-03, 
 2DIAGNOSTIC,    12, -7.950960908843e-01, 2.742708585727e-02, 3.8145e-01, 3.8381e-03, 
 2DIAGNOSTIC,    13, -8.026868743734e-01, 2.594614249066e-02, 3.8479e-01, 3.3410e-03, 
 2DIAGNOSTIC,    14, -8.092681562914e-01, 2.265481185259e-02, 3.9040e-01, 5.6150e-03, 
 2DIAGNOSTIC,    15, -8.093819145515e-01, 1.802314388252e-02, 3.9384e-01, 3.4320e-03, 
 2DIAGNOSTIC,    16, -8.108386098742e-01, 1.283403144478e-02, 3.9735e-01, 3.5110e-03, 
 2DIAGNOSTIC,    17, -8.119862121475e-01, 7.833300325997e-03, 4.0070e-01, 3.3560e-03, 
 2DIAGNOSTIC,    18, -8.137486088584e-01, 3.480455766631e-03, 4.0449e-01, 3.7911e-03, 
 2DIAGNOSTIC,    19, -8.159866547804e-01, 2.129822898435e-03, 4.0868e-01, 4.1828e-03, 
 2DIAGNOSTIC,    20, -8.164143840870e-01, 1.339080389722e-03, 4.1349e-01, 4.8120e-03, 
 2DIAGNOSTIC,    21, -8.165838574267e-01, 7.788778698861e-04, 4.1728e-01, 3.7949e-03, 
 2DIAGNOSTIC,    22, -8.176017629595e-01, 5.288115077675e-04, 4.2074e-01, 3.4540e-03, 
 2DIAGNOSTIC,    23, -8.183662324854e-01, 3.953450565096e-04, 4.2413e-01, 3.3951e-03, 
 2DIAGNOSTIC,    24, -8.187951450215e-01, 3.531049527839e-04, 4.2772e-01, 3.5899e-03, 
 2DIAGNOSTIC,    25, -8.193202691235e-01, 2.918796632598e-04, 4.3113e-01, 3.4091e-03, 
 2DIAGNOSTIC,    26, -8.222905369610e-01, 2.756858595413e-04, 4.3586e-01, 4.7319e-03, 
 2DIAGNOSTIC,    27, -8.228452191700e-01, 2.581093552751e-04, 4.3918e-01, 3.3181e-03, 
 2DIAGNOSTIC,    28, -8.233838220379e-01, 2.490461961263e-04, 4.4337e-01, 4.1881e-03, 
 2DIAGNOSTIC,    29, -8.247473374008e-01, 2.657591466136e-04, 4.4931e-01, 5.9381e-03, 
 2DIAGNOSTIC,    30, -8.248453973844e-01, 2.627297957958e-04, 4.5269e-01, 3.3791e-03, 
 2DIAGNOSTIC,    31, -8.250355537352e-01, 2.391406556930e-04, 4.5611e-01, 3.4230e-03, 
 2DIAGNOSTIC,    32, -8.251154383635e-01, 2.076529720066e-04, 4.6000e-01, 3.8879e-03, 
 2DIAGNOSTIC,    33, -8.251551812171e-01, 1.683372691014e-04, 4.6335e-01, 3.3481e-03, 
 2DIAGNOSTIC,    34, -8.252070017957e-01, 1.211809416186e-04, 4.6671e-01, 3.3650e-03, 
 2DIAGNOSTIC,    35, -8.252537145526e-01, 7.094756967373e-05, 4.7057e-01, 3.8559e-03, 
 2DIAGNOSTIC,    36, -8.252929178332e-01, 4.875949997227e-05, 4.7470e-01, 4.1342e-03, 
 2DIAGNOSTIC,    37, -8.253056425349e-01, 2.912078883537e-05, 4.7800e-01, 3.2990e-03, 
 2DIAGNOSTIC,    38, -8.253396753126e-01, 1.323942160575e-05, 4.8143e-01, 3.4258e-03, 
 2DIAGNOSTIC,    39, -8.253836116021e-01, 1.057806684027e-05, 4.8495e-01, 3.5231e-03, 
 2DIAGNOSTIC,    40, -8.254090469280e-01, 8.239893133848e-06, 4.8870e-01, 3.7479e-03, 
 2DIAGNOSTIC,    41, -8.254444092884e-01, 7.359827263551e-06, 4.9335e-01, 4.6511e-03, 
 2DIAGNOSTIC,    42, -8.254527695370e-01, 6.683475580110e-06, 4.9719e-01, 3.8462e-03, 
 2DIAGNOSTIC,    43, -8.254544182071e-01, 5.835217249197e-06, 5.0136e-01, 4.1630e-03, 
 2DIAGNOSTIC,    44, -8.254602213363e-01, 5.024964108237e-06, 5.0549e-01, 4.1330e-03, 
 2DIAGNOSTIC,    45, -8.254646615772e-01, 4.259197265804e-06, 5.0965e-01, 4.1580e-03, 
 2DIAGNOSTIC,    46, -8.254673779047e-01, 3.531653685433e-06, 5.1312e-01, 3.4709e-03, 
 2DIAGNOSTIC,    47, -8.254699325467e-01, 2.688689544009e-06, 5.1773e-01, 4.6060e-03, 
 2DIAGNOSTIC,    48, -8.254730991091e-01, 1.977751787535e-06, 5.2121e-01, 3.4800e-03, 
 2DIAGNOSTIC,    49, -8.254756055127e-01, 1.522807909913e-06, 5.2702e-01, 5.8160e-03, 
 2DIAGNOSTIC,    50, -8.254757845684e-01, 1.188853231925e-06, 5.3062e-01, 3.6030e-03, 
 2DIAGNOSTIC,    51, -8.254760765809e-01, 1.075618812355e-06, 5.3409e-01, 3.4649e-03, 
DIAGNOSTIC,Iteration,metricValue,convergenceValue,ITERATION_TIME_INDEX,SINCE_LAST
 2DIAGNOSTIC,     1, -6.976824576108e-01, 1.797693134862e+308, 9.2031e-01, 3.8622e-01, 
 2DIAGNOSTIC,     2, -6.987057579463e-01, 1.797693134862e+308, 9.4736e-01, 2.7050e-02, 
 2DIAGNOSTIC,     3, -6.997796407534e-01, 1.797693134862e+308, 9.7199e-01, 2.4632e-02, 
 2DIAGNOSTIC,     4, -7.006800905673e-01, 1.797693134862e+308, 9.9731e-01, 2.5322e-02, 
 2DIAGNOSTIC,     5, -7.014257635685e-01, 1.797693134862e+308, 1.0220e+00, 2.4679e-02, 
 2DIAGNOSTIC,     6, -7.023492333907e-01, 1.797693134862e+308, 1.0462e+00, 2.4242e-02, 
 2DIAGNOSTIC,     7, -7.030610749143e-01, 1.797693134862e+308, 1.0764e+00, 3.0206e-02, 
 2DIAGNOSTIC,     8, -7.031483680670e-01, 1.797693134862e+308, 1.1104e+00, 3.3972e-02, 
 2DIAGNOSTIC,     9, -7.031737385181e-01, 1.797693134862e+308, 1.1362e+00, 2.5768e-02, 
 2DIAGNOSTIC,    10, -7.033059516280e-01, 5.363248808399e-04, 1.1644e+00, 2.8182e-02, 
 2DIAGNOSTIC,    11, -7.033643999168e-01, 3.863698443987e-04, 1.1894e+00, 2.5073e-02, 
 2DIAGNOSTIC,    12, -7.033749079209e-01, 2.612017757850e-04, 1.2133e+00, 2.3901e-02, 
 2DIAGNOSTIC,    13, -7.033984786847e-01, 1.660730044408e-04, 1.2417e+00, 2.8408e-02, 
 2DIAGNOSTIC,    14, -7.034348755995e-01, 9.681343011532e-05, 1.3217e+00, 7.9921e-02, 
 2DIAGNOSTIC,    15, -7.034348734362e-01, 4.777387751509e-05, 1.3471e+00, 2.5421e-02, 
 2DIAGNOSTIC,    16, -7.034348772770e-01, 2.355674510418e-05, 1.3726e+00, 2.5489e-02, 
 2DIAGNOSTIC,    17, -7.034348837701e-01, 1.715851714290e-05, 1.3977e+00, 2.5172e-02, 
 2DIAGNOSTIC,    18, -7.034348947434e-01, 1.205152470409e-05, 1.4235e+00, 2.5735e-02, 
 2DIAGNOSTIC,    19, -7.034349132843e-01, 6.993992051625e-06, 1.4490e+00, 2.5539e-02, 
 2DIAGNOSTIC,    20, -7.034349446088e-01, 4.598160473282e-06, 1.4757e+00, 2.6659e-02, 
 2DIAGNOSTIC,    21, -7.034349973776e-01, 3.289143042151e-06, 1.5008e+00, 2.5074e-02, 
 2DIAGNOSTIC,    22, -7.034350860579e-01, 2.124328128551e-06, 1.5245e+00, 2.3782e-02, 
 2DIAGNOSTIC,    23, -7.034352347786e-01, 1.396476699500e-06, 1.5492e+00, 2.4685e-02, 
 2DIAGNOSTIC,    24, -7.034354824158e-01, 1.345898081838e-06, 1.5754e+00, 2.6151e-02, 
 2DIAGNOSTIC,    25, -7.034358898484e-01, 1.304088282528e-06, 1.6011e+00, 2.5760e-02, 
 2DIAGNOSTIC,    26, -7.034365426842e-01, 1.272764142204e-06, 1.6263e+00, 2.5137e-02, 
 2DIAGNOSTIC,    27, -7.034376042477e-01, 1.255079296991e-06, 1.6550e+00, 2.8692e-02, 
 2DIAGNOSTIC,    28, -7.034389882780e-01, 1.251404128121e-06, 1.6800e+00, 2.5075e-02, 
 2DIAGNOSTIC,    29, -7.034284370455e-01, 1.090021587109e-06, 1.7082e+00, 2.8135e-02, 
DIAGNOSTIC,Iteration,metricValue,convergenceValue,ITERATION_TIME_INDEX,SINCE_LAST
 2DIAGNOSTIC,     1, -5.987097913705e-01, 1.797693134862e+308, 2.3413e+00, 6.3318e-01, 
 2DIAGNOSTIC,     2, -5.991249265400e-01, 1.797693134862e+308, 2.5217e+00, 1.8033e-01, 
 2DIAGNOSTIC,     3, -5.995211025111e-01, 1.797693134862e+308, 2.6948e+00, 1.7312e-01, 
 2DIAGNOSTIC,     4, -6.000859197749e-01, 1.797693134862e+308, 2.8753e+00, 1.8049e-01, 
 2DIAGNOSTIC,     5, -6.016958688892e-01, 1.797693134862e+308, 3.0741e+00, 1.9878e-01, 
 2DIAGNOSTIC,     6, -6.017157100713e-01, 1.797693134862e+308, 3.4525e+00, 3.7843e-01, 
 2DIAGNOSTIC,     7, -6.017182620018e-01, 1.797693134862e+308, 3.6465e+00, 1.9401e-01, 
 2DIAGNOSTIC,     8, -6.017170637210e-01, 1.797693134862e+308, 3.8381e+00, 1.9159e-01, 
 2DIAGNOSTIC,     9, -6.017152970876e-01, 1.797693134862e+308, 4.0266e+00, 1.8853e-01, 
 2DIAGNOSTIC,    10, -6.017147925773e-01, 3.615393116519e-04, 4.2030e+00, 1.7640e-01, 
 2DIAGNOSTIC,    11, -6.017148071974e-01, 2.463107043010e-04, 4.4328e+00, 2.2978e-01, 
 2DIAGNOSTIC,    12, -6.017151632199e-01, 1.457143623482e-04, 4.6324e+00, 1.9960e-01, 
 2DIAGNOSTIC,    13, -6.017128915367e-01, 6.215516125049e-05, 4.8246e+00, 1.9221e-01, 
 2DIAGNOSTIC,    14, -6.017119364132e-01, 2.622335614197e-06, 5.0423e+00, 2.1769e-01, 
 2DIAGNOSTIC,    15, -6.017107939480e-01, 1.699485595863e-06, 5.2366e+00, 1.9430e-01, 
 2DIAGNOSTIC,    16, -6.017097041105e-01, 1.481127725605e-06, 5.4305e+00, 1.9387e-01, 
 2DIAGNOSTIC,    17, -6.017085930363e-01, 1.375659785939e-06, 5.6260e+00, 1.9547e-01, 
 2DIAGNOSTIC,    18, -6.017062813351e-01, 1.237913719254e-06, 5.8222e+00, 1.9626e-01, 
 2DIAGNOSTIC,    19, -6.017027968986e-01, 1.035322235804e-06, 6.0145e+00, 1.9224e-01, 
DIAGNOSTIC,Iteration,metricValue,convergenceValue,ITERATION_TIME_INDEX,SINCE_LAST
 2DIAGNOSTIC,     1, -5.391815462539e-01, 1.797693134862e+308, 7.9497e+00, 1.9353e+00, 
 2DIAGNOSTIC,     2, -5.394790990583e-01, 1.797693134862e+308, 9.1487e+00, 1.1990e+00, 
 2DIAGNOSTIC,     3, -5.396861964851e-01, 1.797693134862e+308, 1.0349e+01, 1.1999e+00, 
 2DIAGNOSTIC,     4, -5.399190835927e-01, 1.797693134862e+308, 1.1540e+01, 1.1918e+00, 
 2DIAGNOSTIC,     5, -5.401379030573e-01, 1.797693134862e+308, 1.3003e+01, 1.4625e+00, 
 2DIAGNOSTIC,     6, -5.401793126329e-01, 1.797693134862e+308, 1.4448e+01, 1.4448e+00, 
 2DIAGNOSTIC,     7, -5.402129446621e-01, 1.797693134862e+308, 1.6027e+01, 1.5796e+00, 
 2DIAGNOSTIC,     8, -5.402488113997e-01, 1.797693134862e+308, 1.7242e+01, 1.2149e+00, 
 2DIAGNOSTIC,     9, -5.403485237976e-01, 1.797693134862e+308, 1.8432e+01, 1.1899e+00, 
 2DIAGNOSTIC,    10, -5.403954633504e-01, 1.354227610026e-04, 1.9638e+01, 1.2056e+00, 
 2DIAGNOSTIC,    11, -5.404037571273e-01, 9.394864956894e-05, 2.0844e+01, 1.2058e+00, 
 2DIAGNOSTIC,    12, -5.404404618744e-01, 6.595341627813e-05, 2.2057e+01, 1.2137e+00, 
 2DIAGNOSTIC,    13, -5.405519733625e-01, 4.926049486473e-05, 2.3398e+01, 1.3404e+00, 
 2DIAGNOSTIC,    14, -5.406176526967e-01, 4.155426330757e-05, 2.6154e+01, 2.7566e+00, 
 2DIAGNOSTIC,    15, -5.406179098047e-01, 3.892842103102e-05, 2.7739e+01, 1.5847e+00, 
 2DIAGNOSTIC,    16, -5.406180132884e-01, 3.472770750627e-05, 2.9063e+01, 1.3245e+00, 
 2DIAGNOSTIC,    17, -5.406179444979e-01, 2.907556584077e-05, 3.0526e+01, 1.4629e+00, 
 2DIAGNOSTIC,    18, -5.406178452797e-01, 2.245521865518e-05, 3.1738e+01, 1.2120e+00, 
 2DIAGNOSTIC,    19, -5.406176355784e-01, 1.731016758202e-05, 3.3081e+01, 1.3423e+00, 
 2DIAGNOSTIC,    20, -5.406177092379e-01, 1.251039575613e-05, 3.4671e+01, 1.5902e+00, 
 2DIAGNOSTIC,    21, -5.406175943051e-01, 7.389678690024e-06, 3.6002e+01, 1.3309e+00, 
 2DIAGNOSTIC,    22, -5.406174720195e-01, 3.003608716155e-06, 3.7336e+01, 1.3339e+00, 
 2DIAGNOSTIC,    23, -5.406173554408e-01, 1.358225047196e-06, 3.8530e+01, 1.1945e+00, 
 2DIAGNOSTIC,    24, -5.406172520318e-01, 1.289530689695e-06, 3.9714e+01, 1.1838e+00, 
 2DIAGNOSTIC,    25, -5.406173065022e-01, 1.236201383412e-06, 4.0928e+01, 1.2143e+00, 
 2DIAGNOSTIC,    26, -5.406172635524e-01, 1.191560045209e-06, 4.2249e+01, 1.3206e+00, 
 2DIAGNOSTIC,    27, -5.406172101985e-01, 1.150998908218e-06, 4.3462e+01, 1.2130e+00, 
 2DIAGNOSTIC,    28, -5.406173490625e-01, 1.116876348399e-06, 4.4791e+01, 1.3297e+00, 
 2DIAGNOSTIC,    29, -5.406171393558e-01, 1.079202763564e-06, 4.6268e+01, 1.4763e+00, 
 2DIAGNOSTIC,    30, -5.406170820823e-01, 1.046158467369e-06, 4.7612e+01, 1.3441e+00, 
 2DIAGNOSTIC,    31, -5.406169969465e-01, 1.013279165768e-06, 4.8963e+01, 1.3514e+00, 
  Elapsed time (stage 1): 4.9827e+01


Stage 2
  iterations = 100x70x50x20
  convergence threshold = 1.0000e-06
  convergence window size = 10
  number of levels = 4
  using the CC metric (radius = 4, weight = 1.0000e+00, use gradient filter = 0)
  preprocessing:  winsorizing the image intensities
  Shrink factors (level 1 out of 4): [8, 8, 8]
  Shrink factors (level 2 out of 4): [4, 4, 4]
  Shrink factors (level 3 out of 4): [2, 2, 2]
  Shrink factors (level 4 out of 4): [1, 1, 1]
  smoothing sigmas per level: [3, 2, 1, 0]
  Using default NONE metricSamplingStrategy 

*** Running SyN registration (varianceForUpdateField = 3.0000e+00, varianceForTotalField = 0.0000e+00) ***

XXDIAGNOSTIC,Iteration,metricValue,convergenceValue,ITERATION_TIME_INDEX,SINCE_LAST
 1DIAGNOSTIC,     1, -9.252701353614e-01, 1.797693134862e+308, 4.6777e-01, 4.6777e-01, 
 1DIAGNOSTIC,     2, -9.339183002679e-01, 1.797693134862e+308, 6.1828e-01, 1.5051e-01, 
 1DIAGNOSTIC,     3, -9.397280327541e-01, 1.797693134862e+308, 7.7185e-01, 1.5358e-01, 
 1DIAGNOSTIC,     4, -9.433292664517e-01, 1.797693134862e+308, 9.2514e-01, 1.5329e-01, 
 1DIAGNOSTIC,     5, -9.458688544993e-01, 1.797693134862e+308, 1.0788e+00, 1.5368e-01, 
 1DIAGNOSTIC,     6, -9.487928982611e-01, 1.797693134862e+308, 1.2308e+00, 1.5199e-01, 
 1DIAGNOSTIC,     7, -9.527622816875e-01, 1.797693134862e+308, 1.3863e+00, 1.5550e-01, 
 1DIAGNOSTIC,     8, -9.567661837479e-01, 1.797693134862e+308, 1.5336e+00, 1.4725e-01, 
 1DIAGNOSTIC,     9, -9.606983685773e-01, 1.797693134862e+308, 1.6870e+00, 1.5339e-01, 
 1DIAGNOSTIC,    10, -9.619268427761e-01, 2.311345961402e-03, 1.8398e+00, 1.5286e-01, 
 1DIAGNOSTIC,    11, -9.628378614604e-01, 1.807865047306e-03, 1.9927e+00, 1.5289e-01, 
 1DIAGNOSTIC,    12, -9.638149365734e-01, 1.464745471980e-03, 2.1464e+00, 1.5370e-01, 
 1DIAGNOSTIC,    13, -9.643612468378e-01, 1.186645785417e-03, 2.2975e+00, 1.5108e-01, 
 1DIAGNOSTIC,    14, -9.652000977168e-01, 9.349820504203e-04, 2.4481e+00, 1.5060e-01, 
 1DIAGNOSTIC,    15, -9.655600235397e-01, 6.896724809587e-04, 2.5981e+00, 1.5002e-01, 
 1DIAGNOSTIC,    16, -9.662216876992e-01, 4.788910259662e-04, 2.7548e+00, 1.5674e-01, 
 1DIAGNOSTIC,    17, -9.664472151689e-01, 3.216029774602e-04, 2.9044e+00, 1.4956e-01, 
 1DIAGNOSTIC,    18, -9.670239305836e-01, 2.266952122460e-04, 3.0582e+00, 1.5386e-01, 
 1DIAGNOSTIC,    19, -9.671655928181e-01, 1.843813568261e-04, 3.2173e+00, 1.5904e-01, 
 1DIAGNOSTIC,    20, -9.676678678587e-01, 1.549399146870e-04, 3.3732e+00, 1.5596e-01, 
 1DIAGNOSTIC,    21, -9.676918347210e-01, 1.269386307689e-04, 3.5264e+00, 1.5313e-01, 
 1DIAGNOSTIC,    22, -9.680925498651e-01, 1.083917452710e-04, 3.6811e+00, 1.5472e-01, 
 1DIAGNOSTIC,    23, -9.681211247551e-01, 8.859502782159e-05, 3.8389e+00, 1.5782e-01, 
 1DIAGNOSTIC,    24, -9.684906458179e-01, 7.721812993243e-05, 3.9932e+00, 1.5425e-01, 
 1DIAGNOSTIC,    25, -9.684821495230e-01, 6.357324271111e-05, 4.1488e+00, 1.5560e-01, 
 1DIAGNOSTIC,    26, -9.688220265013e-01, 5.659438335257e-05, 4.3078e+00, 1.5904e-01, 
 1DIAGNOSTIC,    27, -9.687858672107e-01, 4.681208134923e-05, 4.4630e+00, 1.5520e-01, 
 1DIAGNOSTIC,    28, -9.691582309609e-01, 4.351250975979e-05, 4.6188e+00, 1.5586e-01, 
 1DIAGNOSTIC,    29, -9.690981522144e-01, 3.707744289062e-05, 4.7767e+00, 1.5782e-01, 
 1DIAGNOSTIC,    30, -9.693864178230e-01, 3.554897841034e-05, 4.9264e+00, 1.4971e-01, 
 1DIAGNOSTIC,    31, -9.693084984279e-01, 3.021283496602e-05, 5.0798e+00, 1.5347e-01, 
 1DIAGNOSTIC,    32, -9.695759246418e-01, 2.868087136673e-05, 5.2322e+00, 1.5231e-01, 
 1DIAGNOSTIC,    33, -9.694857088875e-01, 2.393172834119e-05, 5.3867e+00, 1.5450e-01, 
 1DIAGNOSTIC,    34, -9.697447596310e-01, 2.280900178276e-05, 5.5351e+00, 1.4843e-01, 
 1DIAGNOSTIC,    35, -9.696416494973e-01, 1.862524111456e-05, 5.6936e+00, 1.5849e-01, 
 1DIAGNOSTIC,    36, -9.698615486243e-01, 1.765483065166e-05, 5.8507e+00, 1.5716e-01, 
 1DIAGNOSTIC,    37, -9.697478351764e-01, 1.383487168861e-05, 6.0090e+00, 1.5826e-01, 
 1DIAGNOSTIC,    38, -9.699541918170e-01, 1.354005366884e-05, 6.1637e+00, 1.5466e-01, 
 1DIAGNOSTIC,    39, -9.698335549363e-01, 1.059035171149e-05, 6.3146e+00, 1.5090e-01, 
 1DIAGNOSTIC,    40, -9.700309776069e-01, 1.050135483590e-05, 6.4639e+00, 1.4932e-01, 
 1DIAGNOSTIC,    41, -9.699036276382e-01, 7.933197862572e-06, 6.6181e+00, 1.5418e-01, 
 1DIAGNOSTIC,    42, -9.700993437818e-01, 8.118587700168e-06, 6.7685e+00, 1.5048e-01, 
 1DIAGNOSTIC,    43, -9.699666903822e-01, 5.983823237493e-06, 6.9221e+00, 1.5352e-01, 
 1DIAGNOSTIC,    44, -9.701612852693e-01, 6.543536712842e-06, 7.0768e+00, 1.5470e-01, 
 1DIAGNOSTIC,    45, -9.700247080451e-01, 4.881017828872e-06, 7.2331e+00, 1.5636e-01, 
 1DIAGNOSTIC,    46, -9.702155123109e-01, 5.580201640196e-06, 7.3898e+00, 1.5670e-01, 
 1DIAGNOSTIC,    47, -9.700747457883e-01, 4.120083349102e-06, 7.5415e+00, 1.5169e-01, 
 1DIAGNOSTIC,    48, -9.702621760812e-01, 4.863653931212e-06, 7.6910e+00, 1.4952e-01, 
 1DIAGNOSTIC,    49, -9.701181887325e-01, 3.521108076780e-06, 7.8443e+00, 1.5325e-01, 
 1DIAGNOSTIC,    50, -9.703033740857e-01, 4.265020297396e-06, 7.9953e+00, 1.5098e-01, 
 1DIAGNOSTIC,    51, -9.701566319839e-01, 2.989211645026e-06, 8.1477e+00, 1.5242e-01, 
 1DIAGNOSTIC,    52, -9.703411294785e-01, 3.741649469632e-06, 8.3010e+00, 1.5330e-01, 
 1DIAGNOSTIC,    53, -9.701926443218e-01, 2.545686903135e-06, 8.4521e+00, 1.5114e-01, 
 1DIAGNOSTIC,    54, -9.703752765613e-01, 3.315216719094e-06, 8.6069e+00, 1.5477e-01, 
 1DIAGNOSTIC,    55, -9.702248331872e-01, 2.203491647493e-06, 8.7591e+00, 1.5222e-01, 
 1DIAGNOSTIC,    56, -9.704052349872e-01, 2.976371745955e-06, 8.9130e+00, 1.5387e-01, 
 1DIAGNOSTIC,    57, -9.702532193908e-01, 1.925911304351e-06, 9.0713e+00, 1.5833e-01, 
 1DIAGNOSTIC,    58, -9.704321179610e-01, 2.687266462392e-06, 9.2239e+00, 1.5258e-01, 
 1DIAGNOSTIC,    59, -9.702788833001e-01, 1.683796423933e-06, 9.3788e+00, 1.5490e-01, 
 1DIAGNOSTIC,    60, -9.704563649996e-01, 2.429258481304e-06, 9.5359e+00, 1.5707e-01, 
 1DIAGNOSTIC,    61, -9.703020927445e-01, 1.466539546139e-06, 9.6851e+00, 1.4924e-01, 
 1DIAGNOSTIC,    62, -9.704781364081e-01, 2.200332963574e-06, 9.8365e+00, 1.5136e-01, 
 1DIAGNOSTIC,    63, -9.703246836468e-01, 1.291123827546e-06, 9.9910e+00, 1.5450e-01, 
 1DIAGNOSTIC,    64, -9.704981515053e-01, 2.015320110741e-06, 1.0140e+01, 1.4881e-01, 
 1DIAGNOSTIC,    65, -9.703458574688e-01, 1.155669507903e-06, 1.0295e+01, 1.5473e-01, 
 1DIAGNOSTIC,    66, -9.705172877679e-01, 1.868278287902e-06, 1.0445e+01, 1.5009e-01, 
 1DIAGNOSTIC,    67, -9.703651603992e-01, 1.047243047506e-06, 1.0598e+01, 1.5293e-01, 
 1DIAGNOSTIC,    68, -9.705361378968e-01, 1.749471967211e-06, 1.0751e+01, 1.5316e-01, 
 1DIAGNOSTIC,    69, -9.703834571166e-01, 9.616899110613e-07, 1.0906e+01, 1.5556e-01, 
XXDIAGNOSTIC,Iteration,metricValue,convergenceValue,ITERATION_TIME_INDEX,SINCE_LAST
 1DIAGNOSTIC,     1, -9.077367007715e-01, 1.797693134862e+308, 1.2450e+01, 1.5441e+00, 
 1DIAGNOSTIC,     2, -9.108377679941e-01, 1.797693134862e+308, 1.3666e+01, 1.2153e+00, 
 1DIAGNOSTIC,     3, -9.142161555252e-01, 1.797693134862e+308, 1.4912e+01, 1.2469e+00, 
 1DIAGNOSTIC,     4, -9.178729965853e-01, 1.797693134862e+308, 1.6146e+01, 1.2334e+00, 
 1DIAGNOSTIC,     5, -9.209214975182e-01, 1.797693134862e+308, 1.7388e+01, 1.2420e+00, 
 1DIAGNOSTIC,     6, -9.235006043931e-01, 1.797693134862e+308, 1.8645e+01, 1.2574e+00, 
 1DIAGNOSTIC,     7, -9.257720969828e-01, 1.797693134862e+308, 1.9883e+01, 1.2378e+00, 
 1DIAGNOSTIC,     8, -9.279011740901e-01, 1.797693134862e+308, 2.1100e+01, 1.2167e+00, 
 1DIAGNOSTIC,     9, -9.296440003932e-01, 1.797693134862e+308, 2.2347e+01, 1.2467e+00, 
 1DIAGNOSTIC,    10, -9.310665743865e-01, 1.653651450471e-03, 2.3550e+01, 1.2039e+00, 
 1DIAGNOSTIC,    11, -9.322596477075e-01, 1.349184153497e-03, 2.4761e+01, 1.2107e+00, 
 1DIAGNOSTIC,    12, -9.330944441424e-01, 1.075087477310e-03, 2.5977e+01, 1.2163e+00, 
 1DIAGNOSTIC,    13, -9.340184280788e-01, 8.471069504292e-04, 2.7188e+01, 1.2101e+00, 
 1DIAGNOSTIC,    14, -9.346838195048e-01, 6.689561512455e-04, 2.8408e+01, 1.2208e+00, 
 1DIAGNOSTIC,    15, -9.351716732168e-01, 5.255424103837e-04, 2.9641e+01, 1.2324e+00, 
 1DIAGNOSTIC,    16, -9.357456008580e-01, 4.121609114744e-04, 3.0884e+01, 1.2431e+00, 
 1DIAGNOSTIC,    17, -9.361624723117e-01, 3.223223098030e-04, 3.2113e+01, 1.2292e+00, 
 1DIAGNOSTIC,    18, -9.365281899378e-01, 2.549257119214e-04, 3.3323e+01, 1.2097e+00, 
 1DIAGNOSTIC,    19, -9.368405355959e-01, 2.039761487924e-04, 3.4541e+01, 1.2184e+00, 
 1DIAGNOSTIC,    20, -9.370996495066e-01, 1.648283754328e-04, 3.5761e+01, 1.2197e+00, 
 1DIAGNOSTIC,    21, -9.373228226165e-01, 1.347016968189e-04, 3.7006e+01, 1.2448e+00, 
 1DIAGNOSTIC,    22, -9.375104661868e-01, 1.088604823774e-04, 3.8232e+01, 1.2262e+00, 
 1DIAGNOSTIC,    23, -9.376699725698e-01, 8.949933926182e-05, 3.9457e+01, 1.2253e+00, 
 1DIAGNOSTIC,    24, -9.378030464756e-01, 7.359702211496e-05, 4.0684e+01, 1.2265e+00, 
 1DIAGNOSTIC,    25, -9.379094580094e-01, 5.932830172604e-05, 4.1923e+01, 1.2396e+00, 
 1DIAGNOSTIC,    26, -9.380000169618e-01, 4.843726373455e-05, 4.3148e+01, 1.2245e+00, 
 1DIAGNOSTIC,    27, -9.380758489415e-01, 3.941712462139e-05, 4.4411e+01, 1.2628e+00, 
 1DIAGNOSTIC,    28, -9.381343644330e-01, 3.200816662492e-05, 4.5646e+01, 1.2354e+00, 
 1DIAGNOSTIC,    29, -9.381786034671e-01, 2.590895696729e-05, 4.6869e+01, 1.2226e+00, 
 1DIAGNOSTIC,    30, -9.382199739318e-01, 2.089560562882e-05, 4.8097e+01, 1.2285e+00, 
 1DIAGNOSTIC,    31, -9.382570488529e-01, 1.686137545263e-05, 4.9341e+01, 1.2440e+00, 
 1DIAGNOSTIC,    32, -9.382945114598e-01, 1.369944496226e-05, 5.0587e+01, 1.2463e+00, 
 1DIAGNOSTIC,    33, -9.383224934144e-01, 1.123623547496e-05, 5.1841e+01, 1.2537e+00, 
 1DIAGNOSTIC,    34, -9.383361521363e-01, 9.246033540425e-06, 5.3078e+01, 1.2372e+00, 
 1DIAGNOSTIC,    35, -9.383473740378e-01, 7.595675939505e-06, 5.4310e+01, 1.2314e+00, 
 1DIAGNOSTIC,    36, -9.383550459384e-01, 6.222390725719e-06, 5.5546e+01, 1.2367e+00, 
 1DIAGNOSTIC,    37, -9.383591776924e-01, 5.064935190979e-06, 5.6804e+01, 1.2581e+00, 
 1DIAGNOSTIC,    38, -9.383717591466e-01, 4.133476548047e-06, 5.8035e+01, 1.2307e+00, 
 1DIAGNOSTIC,    39, -9.383702320140e-01, 3.264651307743e-06, 5.9277e+01, 1.2420e+00, 
 1DIAGNOSTIC,    40, -9.383912208914e-01, 2.680049995239e-06, 6.0550e+01, 1.2725e+00, 
 1DIAGNOSTIC,    41, -9.383869164424e-01, 2.179855104732e-06, 6.1801e+01, 1.2511e+00, 
 1DIAGNOSTIC,    42, -9.383825748142e-01, 1.808299226299e-06, 6.3046e+01, 1.2455e+00, 
 1DIAGNOSTIC,    43, -9.383788634083e-01, 1.526403040394e-06, 6.4289e+01, 1.2427e+00, 
 1DIAGNOSTIC,    44, -9.383757582169e-01, 1.253663534245e-06, 6.5518e+01, 1.2295e+00, 
 1DIAGNOSTIC,    45, -9.383721586547e-01, 9.920841831830e-07, 6.6758e+01, 1.2392e+00, 
XXDIAGNOSTIC,Iteration,metricValue,convergenceValue,ITERATION_TIME_INDEX,SINCE_LAST
 1DIAGNOSTIC,     1, -8.942958197836e-01, 1.797693134862e+308, 7.7194e+01, 1.0437e+01, 
 1DIAGNOSTIC,     2, -8.967152407559e-01, 1.797693134862e+308, 8.7073e+01, 9.8790e+00, 
 1DIAGNOSTIC,     3, -8.996460040518e-01, 1.797693134862e+308, 9.6900e+01, 9.8265e+00, 
 1DIAGNOSTIC,     4, -9.021065721239e-01, 1.797693134862e+308, 1.0670e+02, 9.8020e+00, 
 1DIAGNOSTIC,     5, -9.043603734561e-01, 1.797693134862e+308, 1.1659e+02, 9.8930e+00, 
 1DIAGNOSTIC,     6, -9.063085776309e-01, 1.797693134862e+308, 1.2650e+02, 9.9030e+00, 
 1DIAGNOSTIC,     7, -9.080216543717e-01, 1.797693134862e+308, 1.3652e+02, 1.0022e+01, 
 1DIAGNOSTIC,     8, -9.095717767940e-01, 1.797693134862e+308, 1.4643e+02, 9.9085e+00, 
 1DIAGNOSTIC,     9, -9.109946955271e-01, 1.797693134862e+308, 1.5634e+02, 9.9074e+00, 
 1DIAGNOSTIC,    10, -9.123288141218e-01, 1.277737682911e-03, 1.6638e+02, 1.0047e+01, 
 1DIAGNOSTIC,    11, -9.134289706249e-01, 1.051794261505e-03, 1.7628e+02, 9.9005e+00, 
 1DIAGNOSTIC,    12, -9.144513868254e-01, 8.583866932167e-04, 1.8644e+02, 1.0157e+01, 
 1DIAGNOSTIC,    13, -9.154317993899e-01, 7.109747209925e-04, 1.9648e+02, 1.0042e+01, 
 1DIAGNOSTIC,    14, -9.162505154487e-01, 5.928039367144e-04, 2.0647e+02, 9.9906e+00, 
 1DIAGNOSTIC,    15, -9.171450932437e-01, 5.015506100849e-04, 2.1651e+02, 1.0033e+01, 
 1DIAGNOSTIC,    16, -9.178780793646e-01, 4.277630386585e-04, 2.2655e+02, 1.0048e+01, 
 1DIAGNOSTIC,    17, -9.187572631251e-01, 3.707048244391e-04, 2.3643e+02, 9.8758e+00, 
 1DIAGNOSTIC,    18, -9.194551455696e-01, 3.244413957834e-04, 2.4643e+02, 9.9975e+00, 
 1DIAGNOSTIC,    19, -9.201522280471e-01, 2.875991416568e-04, 2.5624e+02, 9.8164e+00, 
 1DIAGNOSTIC,    20, -9.209799190879e-01, 2.613057416899e-04, 2.6617e+02, 9.9315e+00, 
 1DIAGNOSTIC,    21, -9.215439545947e-01, 2.376656909744e-04, 2.7609e+02, 9.9180e+00, 
 1DIAGNOSTIC,    22, -9.222259555511e-01, 2.180351827639e-04, 2.8600e+02, 9.9092e+00, 
 1DIAGNOSTIC,    23, -9.226812235504e-01, 1.990779558755e-04, 2.9584e+02, 9.8389e+00, 
 1DIAGNOSTIC,    24, -9.232811394344e-01, 1.813925652484e-04, 3.0566e+02, 9.8216e+00, 
 1DIAGNOSTIC,    25, -9.236614970207e-01, 1.638778744447e-04, 3.1556e+02, 9.8991e+00, 
 1DIAGNOSTIC,    26, -9.240106281536e-01, 1.451821885520e-04, 3.2551e+02, 9.9433e+00, 
 1DIAGNOSTIC,    27, -9.243354584005e-01, 1.280925956559e-04, 3.3549e+02, 9.9871e+00, 
 1DIAGNOSTIC,    28, -9.246403226219e-01, 1.112657703600e-04, 3.4543e+02, 9.9346e+00, 
 1DIAGNOSTIC,    29, -9.249286891485e-01, 9.557728101077e-05, 3.5549e+02, 1.0066e+01, 
 1DIAGNOSTIC,    30, -9.251979353118e-01, 8.326992804734e-05, 3.6544e+02, 9.9478e+00, 
 1DIAGNOSTIC,    31, -9.254574615490e-01, 7.211262922251e-05, 3.7551e+02, 1.0073e+01, 
 1DIAGNOSTIC,    32, -9.256966013548e-01, 6.379174823661e-05, 3.8553e+02, 1.0011e+01, 
 1DIAGNOSTIC,    33, -9.259285429682e-01, 5.635815892029e-05, 3.9550e+02, 9.9755e+00, 
 1DIAGNOSTIC,    34, -9.261525065239e-01, 5.155214721933e-05, 4.0549e+02, 9.9855e+00, 
 1DIAGNOSTIC,    35, -9.263654221392e-01, 4.740544389458e-05, 4.1537e+02, 9.8884e+00, 
 1DIAGNOSTIC,    36, -9.265706190082e-01, 4.378526069650e-05, 4.2534e+02, 9.9634e+00, 
 1DIAGNOSTIC,    37, -9.267653363179e-01, 4.057872160502e-05, 4.3544e+02, 1.0097e+01, 
 1DIAGNOSTIC,    38, -9.269572100249e-01, 3.776120183204e-05, 4.4549e+02, 1.0055e+01, 
 1DIAGNOSTIC,    39, -9.271424729643e-01, 3.528575336924e-05, 4.5541e+02, 9.9161e+00, 
 1DIAGNOSTIC,    40, -9.273268294595e-01, 3.311539075421e-05, 4.6541e+02, 9.9986e+00, 
 1DIAGNOSTIC,    41, -9.275054432980e-01, 3.123655104430e-05, 4.7537e+02, 9.9655e+00, 
 1DIAGNOSTIC,    42, -9.276783314196e-01, 2.953875129295e-05, 4.8557e+02, 1.0198e+01, 
 1DIAGNOSTIC,    43, -9.278504308454e-01, 2.804338966373e-05, 4.9549e+02, 9.9173e+00, 
 1DIAGNOSTIC,    44, -9.280221379127e-01, 2.675459369851e-05, 5.0548e+02, 9.9988e+00, 
 1DIAGNOSTIC,    45, -9.281830534927e-01, 2.557023250944e-05, 5.1549e+02, 1.0008e+01, 
 1DIAGNOSTIC,    46, -9.283376012223e-01, 2.444848633839e-05, 5.2552e+02, 1.0030e+01, 
 1DIAGNOSTIC,    47, -9.284880168955e-01, 2.334390130928e-05, 5.3552e+02, 1.0003e+01, 
 1DIAGNOSTIC,    48, -9.286318783626e-01, 2.225030464072e-05, 5.4565e+02, 1.0128e+01, 
 1DIAGNOSTIC,    49, -9.287716424620e-01, 2.115690998041e-05, 5.5564e+02, 9.9882e+00, 
 1DIAGNOSTIC,    50, -9.288957695756e-01, 2.002398829009e-05, 5.6568e+02, 1.0041e+01, 
XXDIAGNOSTIC,Iteration,metricValue,convergenceValue,ITERATION_TIME_INDEX,SINCE_LAST
 1DIAGNOSTIC,     1, -8.857701980191e-01, 1.797693134862e+308, 6.5332e+02, 8.7636e+01, 
 1DIAGNOSTIC,     2, -8.869531986903e-01, 1.797693134862e+308, 7.4049e+02, 8.7167e+01, 
 1DIAGNOSTIC,     3, -8.887064484374e-01, 1.797693134862e+308, 8.2610e+02, 8.5610e+01, 
 1DIAGNOSTIC,     4, -8.903473607630e-01, 1.797693134862e+308, 9.1316e+02, 8.7067e+01, 
 1DIAGNOSTIC,     5, -8.921518110464e-01, 1.797693134862e+308, 9.9984e+02, 8.6673e+01, 
 1DIAGNOSTIC,     6, -8.936288236759e-01, 1.797693134862e+308, 1.0858e+03, 8.5993e+01, 
 1DIAGNOSTIC,     7, -8.949592346280e-01, 1.797693134862e+308, 1.1728e+03, 8.6924e+01, 
 1DIAGNOSTIC,     8, -8.961607368485e-01, 1.797693134862e+308, 1.2583e+03, 8.5581e+01, 
 1DIAGNOSTIC,     9, -8.972356370847e-01, 1.797693134862e+308, 1.3449e+03, 8.6542e+01, 
 1DIAGNOSTIC,    10, -8.981981601290e-01, 9.280802355394e-04, 1.4299e+03, 8.5010e+01, 
 1DIAGNOSTIC,    11, -8.991094924624e-01, 7.949509866291e-04, 1.5162e+03, 8.6351e+01, 
 1DIAGNOSTIC,    12, -9.000866590235e-01, 6.695580322531e-04, 1.6016e+03, 8.5322e+01, 
 1DIAGNOSTIC,    13, -9.009355363725e-01, 5.662107746859e-04, 1.6883e+03, 8.6737e+01, 
 1DIAGNOSTIC,    14, -9.016445194430e-01, 4.790276494999e-04, 1.7737e+03, 8.5382e+01, 
 1DIAGNOSTIC,    15, -9.023231952698e-01, 4.120692155487e-04, 1.8595e+03, 8.5850e+01, 
 1DIAGNOSTIC,    16, -9.029660179923e-01, 3.574824813243e-04, 1.9468e+03, 8.7308e+01, 
 1DIAGNOSTIC,    17, -9.035766779628e-01, 3.123421800684e-04, 2.0327e+03, 8.5907e+01, 
 1DIAGNOSTIC,    18, -9.041426124052e-01, 2.742885766135e-04, 2.1183e+03, 8.5549e+01, 
 1DIAGNOSTIC,    19, -9.046890788342e-01, 2.417819257510e-04, 2.2054e+03, 8.7109e+01, 
 1DIAGNOSTIC,    20, -9.052075397731e-01, 2.134441978543e-04, 2.2901e+03, 8.4720e+01, 
  Elapsed time (stage 2): 2291


Total elapsed time: 2382
