All_Command_lines_OK
Using double precision for computations.
=============================================================================
The composite transform comprises the following transforms (in order): 
  1. Center of mass alignment using fixed image: /templateflow/tpl-MNI152NLin2009cAsym/tpl-MNI152NLin2009cAsym_res-01_desc-brain_T1w.nii.gz and moving image: /mnt/lustre/mathdugre/ants-amp/datasets/corr/RawDataBIDS/BMB_1/derivatives/antsBrainExtraction/sub-0003033/BrainExtractionBrain.nii.gz (type = Euler3DTransform)
=============================================================================
  number of levels = 4
  number of levels = 4
  number of levels = 4
  fixed image: /templateflow/tpl-MNI152NLin2009cAsym/tpl-MNI152NLin2009cAsym_res-01_desc-brain_T1w.nii.gz
  moving image: /mnt/lustre/mathdugre/ants-amp/datasets/corr/RawDataBIDS/BMB_1/derivatives/antsBrainExtraction/sub-0003033/BrainExtractionBrain.nii.gz
  fixed image: /templateflow/tpl-MNI152NLin2009cAsym/tpl-MNI152NLin2009cAsym_res-01_desc-brain_T1w.nii.gz
  moving image: /mnt/lustre/mathdugre/ants-amp/datasets/corr/RawDataBIDS/BMB_1/derivatives/antsBrainExtraction/sub-0003033/BrainExtractionBrain.nii.gz
  fixed image: /templateflow/tpl-MNI152NLin2009cAsym/tpl-MNI152NLin2009cAsym_res-01_desc-brain_T1w.nii.gz
  moving image: /mnt/lustre/mathdugre/ants-amp/datasets/corr/RawDataBIDS/BMB_1/derivatives/antsBrainExtraction/sub-0003033/BrainExtractionBrain.nii.gz
Dimension = 3
Number of stages = 3
Use histogram matching = false
Winsorize image intensities = true
  Lower quantile = 0.005
  Upper quantile = 0.995


Stage 1 State
   Image metric = MattesMI
     Fixed image = Image (0x55d4688d8360)
  RTTI typeinfo:   itk::Image<double, 3u>
  Reference Count: 2
  Modified Time: 2368
  Debug: Off
  Object Name: 
  Observers: 
    none
  Source: (none)
  Source output name: (none)
  Release Data: Off
  Data Released: False
  Global Release Data: Off
  PipelineMTime: 0
  UpdateMTime: 1979
  RealTimeStamp: 0 seconds 
  LargestPossibleRegion: 
    Dimension: 3
    Index: [0, 0, 0]
    Size: [193, 229, 193]
  BufferedRegion: 
    Dimension: 3
    Index: [0, 0, 0]
    Size: [193, 229, 193]
  RequestedRegion: 
    Dimension: 3
    Index: [0, 0, 0]
    Size: [193, 229, 193]
  Spacing: [1, 1, 1]
  Origin: [96, 132, -78]
  Direction: 
-1 0 0
0 -1 0
0 0 1

  IndexToPointMatrix: 
-1 0 0
0 -1 0
0 0 1

  PointToIndexMatrix: 
-1 0 0
0 -1 0
0 0 1

  Inverse Direction: 
-1 0 0
0 -1 0
0 0 1

  PixelContainer: 
    ImportImageContainer (0x55d4688cfa00)
      RTTI typeinfo:   itk::ImportImageContainer<unsigned long, double>
      Reference Count: 1
      Modified Time: 1976
      Debug: Off
      Object Name: 
      Observers: 
        none
      Pointer: 0x7fce39e40010
      Container manages memory: true
      Size: 8530021
      Capacity: 8530021

     Moving image = Image (0x55d4688dba20)
  RTTI typeinfo:   itk::Image<double, 3u>
  Reference Count: 2
  Modified Time: 2369
  Debug: Off
  Object Name: 
  Observers: 
    none
  Source: (none)
  Source output name: (none)
  Release Data: Off
  Data Released: False
  Global Release Data: Off
  PipelineMTime: 0
  UpdateMTime: 2366
  RealTimeStamp: 0 seconds 
  LargestPossibleRegion: 
    Dimension: 3
    Index: [0, 0, 0]
    Size: [176, 256, 256]
  BufferedRegion: 
    Dimension: 3
    Index: [0, 0, 0]
    Size: [176, 256, 256]
  RequestedRegion: 
    Dimension: 3
    Index: [0, 0, 0]
    Size: [176, 256, 256]
  Spacing: [1, 1, 1]
  Origin: [-74.3635, 104.017, -126.791]
  Direction: 
1 0 0
0 -1 0
0 0 1

  IndexToPointMatrix: 
1 0 0
0 -1 0
0 0 1

  PointToIndexMatrix: 
1 0 0
0 -1 0
0 0 1

  Inverse Direction: 
1 0 0
0 -1 0
0 0 1

  PixelContainer: 
    ImportImageContainer (0x55d46aaadc90)
      RTTI typeinfo:   itk::ImportImageContainer<unsigned long, double>
      Reference Count: 1
      Modified Time: 2363
      Debug: Off
      Object Name: 
      Observers: 
        none
      Pointer: 0x7fce3463f010
      Container manages memory: true
      Size: 11534336
      Capacity: 11534336

     Weighting = 1
     Sampling strategy = regular
     Number of bins = 32
     Radius = 4
     Sampling percentage  = 0.25
   Transform = Rigid
     Gradient step = 0.1
     Update field sigma (voxel space) = 0
     Total field sigma (voxel space) = 0
     Update field time sigma = 0
     Total field time sigma  = 0
     Number of time indices = 0
     Number of time point samples = 0
Stage 2 State
   Image metric = MattesMI
     Fixed image = Image (0x55d4689fe9c0)
  RTTI typeinfo:   itk::Image<double, 3u>
  Reference Count: 2
  Modified Time: 3144
  Debug: Off
  Object Name: 
  Observers: 
    none
  Source: (none)
  Source output name: (none)
  Release Data: Off
  Data Released: False
  Global Release Data: Off
  PipelineMTime: 0
  UpdateMTime: 2755
  RealTimeStamp: 0 seconds 
  LargestPossibleRegion: 
    Dimension: 3
    Index: [0, 0, 0]
    Size: [193, 229, 193]
  BufferedRegion: 
    Dimension: 3
    Index: [0, 0, 0]
    Size: [193, 229, 193]
  RequestedRegion: 
    Dimension: 3
    Index: [0, 0, 0]
    Size: [193, 229, 193]
  Spacing: [1, 1, 1]
  Origin: [96, 132, -78]
  Direction: 
-1 0 0
0 -1 0
0 0 1

  IndexToPointMatrix: 
-1 0 0
0 -1 0
0 0 1

  PointToIndexMatrix: 
-1 0 0
0 -1 0
0 0 1

  Inverse Direction: 
-1 0 0
0 -1 0
0 0 1

  PixelContainer: 
    ImportImageContainer (0x55d4689edf30)
      RTTI typeinfo:   itk::ImportImageContainer<unsigned long, double>
      Reference Count: 1
      Modified Time: 2752
      Debug: Off
      Object Name: 
      Observers: 
        none
      Pointer: 0x7fce3052a010
      Container manages memory: true
      Size: 8530021
      Capacity: 8530021

     Moving image = Image (0x55d468a007c0)
  RTTI typeinfo:   itk::Image<double, 3u>
  Reference Count: 2
  Modified Time: 3145
  Debug: Off
  Object Name: 
  Observers: 
    none
  Source: (none)
  Source output name: (none)
  Release Data: Off
  Data Released: False
  Global Release Data: Off
  PipelineMTime: 0
  UpdateMTime: 3142
  RealTimeStamp: 0 seconds 
  LargestPossibleRegion: 
    Dimension: 3
    Index: [0, 0, 0]
    Size: [176, 256, 256]
  BufferedRegion: 
    Dimension: 3
    Index: [0, 0, 0]
    Size: [176, 256, 256]
  RequestedRegion: 
    Dimension: 3
    Index: [0, 0, 0]
    Size: [176, 256, 256]
  Spacing: [1, 1, 1]
  Origin: [-74.3635, 104.017, -126.791]
  Direction: 
1 0 0
0 -1 0
0 0 1

  IndexToPointMatrix: 
1 0 0
0 -1 0
0 0 1

  PointToIndexMatrix: 
1 0 0
0 -1 0
0 0 1

  Inverse Direction: 
1 0 0
0 -1 0
0 0 1

  PixelContainer: 
    ImportImageContainer (0x55d468a03190)
      RTTI typeinfo:   itk::ImportImageContainer<unsigned long, double>
      Reference Count: 1
      Modified Time: 3139
      Debug: Off
      Object Name: 
      Observers: 
        none
      Pointer: 0x7fce2ad29010
      Container manages memory: true
      Size: 11534336
      Capacity: 11534336

     Weighting = 1
     Sampling strategy = regular
     Number of bins = 32
     Radius = 4
     Sampling percentage  = 0.25
   Transform = Affine
     Gradient step = 0.1
     Update field sigma (voxel space) = 0
     Total field sigma (voxel space) = 0
     Update field time sigma = 0
     Total field time sigma  = 0
     Number of time indices = 0
     Number of time point samples = 0
Stage 3 State
   Image metric = CC
     Fixed image = Image (0x55d4689ea240)
  RTTI typeinfo:   itk::Image<double, 3u>
  Reference Count: 2
  Modified Time: 3920
  Debug: Off
  Object Name: 
  Observers: 
    none
  Source: (none)
  Source output name: (none)
  Release Data: Off
  Data Released: False
  Global Release Data: Off
  PipelineMTime: 0
  UpdateMTime: 3531
  RealTimeStamp: 0 seconds 
  LargestPossibleRegion: 
    Dimension: 3
    Index: [0, 0, 0]
    Size: [193, 229, 193]
  BufferedRegion: 
    Dimension: 3
    Index: [0, 0, 0]
    Size: [193, 229, 193]
  RequestedRegion: 
    Dimension: 3
    Index: [0, 0, 0]
    Size: [193, 229, 193]
  Spacing: [1, 1, 1]
  Origin: [96, 132, -78]
  Direction: 
-1 0 0
0 -1 0
0 0 1

  IndexToPointMatrix: 
-1 0 0
0 -1 0
0 0 1

  PointToIndexMatrix: 
-1 0 0
0 -1 0
0 0 1

  Inverse Direction: 
-1 0 0
0 -1 0
0 0 1

  PixelContainer: 
    ImportImageContainer (0x55d468927600)
      RTTI typeinfo:   itk::ImportImageContainer<unsigned long, double>
      Reference Count: 1
      Modified Time: 3528
      Debug: Off
      Object Name: 
      Observers: 
        none
      Pointer: 0x7fce26c14010
      Container manages memory: true
      Size: 8530021
      Capacity: 8530021

     Moving image = Image (0x55d468a02e70)
  RTTI typeinfo:   itk::Image<double, 3u>
  Reference Count: 2
  Modified Time: 3921
  Debug: Off
  Object Name: 
  Observers: 
    none
  Source: (none)
  Source output name: (none)
  Release Data: Off
  Data Released: False
  Global Release Data: Off
  PipelineMTime: 0
  UpdateMTime: 3918
  RealTimeStamp: 0 seconds 
  LargestPossibleRegion: 
    Dimension: 3
    Index: [0, 0, 0]
    Size: [176, 256, 256]
  BufferedRegion: 
    Dimension: 3
    Index: [0, 0, 0]
    Size: [176, 256, 256]
  RequestedRegion: 
    Dimension: 3
    Index: [0, 0, 0]
    Size: [176, 256, 256]
  Spacing: [1, 1, 1]
  Origin: [-74.3635, 104.017, -126.791]
  Direction: 
1 0 0
0 -1 0
0 0 1

  IndexToPointMatrix: 
1 0 0
0 -1 0
0 0 1

  PointToIndexMatrix: 
1 0 0
0 -1 0
0 0 1

  Inverse Direction: 
1 0 0
0 -1 0
0 0 1

  PixelContainer: 
    ImportImageContainer (0x55d4689e60d0)
      RTTI typeinfo:   itk::ImportImageContainer<unsigned long, double>
      Reference Count: 1
      Modified Time: 3915
      Debug: Off
      Object Name: 
      Observers: 
        none
      Pointer: 0x7fce21413010
      Container manages memory: true
      Size: 11534336
      Capacity: 11534336

     Weighting = 1
     Sampling strategy = none
     Number of bins = 32
     Radius = 4
     Sampling percentage  = 1
   Transform = SyN
     Gradient step = 0.1
     Update field sigma (voxel space) = 3
     Total field sigma (voxel space) = 0
     Update field time sigma = 0
     Total field time sigma  = 0
     Number of time indices = 0
     Number of time point samples = 0
Registration using 3 total stages.

Stage 0
  iterations = 1000x500x250x100
  convergence threshold = 1e-06
  convergence window size = 10
  number of levels = 4
  using the Mattes MI metric (number of bins = 32, weight = 1, use gradient filter = 0)
  preprocessing:  winsorizing the image intensities
  Shrink factors (level 1 out of 4): [8, 8, 8]
  Shrink factors (level 2 out of 4): [4, 4, 4]
  Shrink factors (level 3 out of 4): [2, 2, 2]
  Shrink factors (level 4 out of 4): [1, 1, 1]
  smoothing sigmas per level: [3, 2, 1, 0]
  regular sampling (percentage = 0.25)

*** Running Euler3DTransform registration ***

DIAGNOSTIC,Iteration,metricValue,convergenceValue,ITERATION_TIME_INDEX,SINCE_LAST
 2DIAGNOSTIC,     1, -5.734213142957e-01, 1.797693134862e+308, 3.5095e-01, 3.5095e-01, 
 2DIAGNOSTIC,     2, -5.753097535252e-01, 1.797693134862e+308, 3.5436e-01, 3.4130e-03, 
 2DIAGNOSTIC,     3, -5.779158775094e-01, 1.797693134862e+308, 3.5749e-01, 3.1340e-03, 
 2DIAGNOSTIC,     4, -5.828313064584e-01, 1.797693134862e+308, 3.6055e-01, 3.0611e-03, 
 2DIAGNOSTIC,     5, -5.948556250200e-01, 1.797693134862e+308, 3.6387e-01, 3.3150e-03, 
 2DIAGNOSTIC,     6, -6.019569610849e-01, 1.797693134862e+308, 3.6691e-01, 3.0379e-03, 
 2DIAGNOSTIC,     7, -6.083808502923e-01, 1.797693134862e+308, 3.6952e-01, 2.6090e-03, 
 2DIAGNOSTIC,     8, -6.119993040468e-01, 1.797693134862e+308, 3.7323e-01, 3.7119e-03, 
 2DIAGNOSTIC,     9, -6.146147403751e-01, 1.797693134862e+308, 3.7599e-01, 2.7659e-03, 
 2DIAGNOSTIC,    10, -6.154955058930e-01, 5.415760915789e-03, 3.8003e-01, 4.0321e-03, 
 2DIAGNOSTIC,    11, -6.156940113347e-01, 4.525877019055e-03, 3.8263e-01, 2.6031e-03, 
 2DIAGNOSTIC,    12, -6.166979373147e-01, 3.500936819549e-03, 3.8600e-01, 3.3731e-03, 
 2DIAGNOSTIC,    13, -6.181122169067e-01, 2.469201718025e-03, 3.8939e-01, 3.3860e-03, 
 2DIAGNOSTIC,    14, -6.187707826252e-01, 1.545057583984e-03, 3.9245e-01, 3.0639e-03, 
 2DIAGNOSTIC,    15, -6.209182238428e-01, 1.049385428885e-03, 3.9556e-01, 3.1052e-03, 
 2DIAGNOSTIC,    16, -6.269281412955e-01, 9.023147889504e-04, 3.9879e-01, 3.2299e-03, 
 2DIAGNOSTIC,    17, -6.323671547769e-01, 1.011251314550e-03, 4.0248e-01, 3.6969e-03, 
 2DIAGNOSTIC,    18, -6.331206485334e-01, 1.124465856727e-03, 4.0534e-01, 2.8532e-03, 
 2DIAGNOSTIC,    19, -6.350318728218e-01, 1.235178007720e-03, 4.0830e-01, 2.9650e-03, 
 2DIAGNOSTIC,    20, -6.358719122966e-01, 1.260229732808e-03, 4.1124e-01, 2.9399e-03, 
 2DIAGNOSTIC,    21, -6.358466431269e-01, 1.166975155267e-03, 4.1489e-01, 3.6440e-03, 
 2DIAGNOSTIC,    22, -6.358617185544e-01, 9.938452493466e-04, 4.1741e-01, 2.5270e-03, 
 2DIAGNOSTIC,    23, -6.358672794153e-01, 7.737616407363e-04, 4.2075e-01, 3.3369e-03, 
 2DIAGNOSTIC,    24, -6.355800832444e-01, 5.086977378200e-04, 4.2443e-01, 3.6809e-03, 
 2DIAGNOSTIC,    25, -6.356323242494e-01, 2.565971611150e-04, 4.2822e-01, 3.7930e-03, 
 2DIAGNOSTIC,    26, -6.354824737318e-01, 1.022614728197e-04, 4.3178e-01, 3.5541e-03, 
 2DIAGNOSTIC,    27, -6.354274352585e-01, 4.230404182293e-05, 4.3479e-01, 3.0110e-03, 
DIAGNOSTIC,Iteration,metricValue,convergenceValue,ITERATION_TIME_INDEX,SINCE_LAST
 2DIAGNOSTIC,     1, -5.124393745408e-01, 1.797693134862e+308, 8.0156e-01, 3.6677e-01, 
 2DIAGNOSTIC,     2, -5.131010486092e-01, 1.797693134862e+308, 8.2228e-01, 2.0716e-02, 
 2DIAGNOSTIC,     3, -5.139298879448e-01, 1.797693134862e+308, 8.4196e-01, 1.9685e-02, 
 2DIAGNOSTIC,     4, -5.150515227335e-01, 1.797693134862e+308, 8.6177e-01, 1.9808e-02, 
 2DIAGNOSTIC,     5, -5.161179739071e-01, 1.797693134862e+308, 8.7980e-01, 1.8029e-02, 
 2DIAGNOSTIC,     6, -5.169856453385e-01, 1.797693134862e+308, 9.0187e-01, 2.2067e-02, 
 2DIAGNOSTIC,     7, -5.175483490913e-01, 1.797693134862e+308, 9.2652e-01, 2.4648e-02, 
 2DIAGNOSTIC,     8, -5.176793474826e-01, 1.797693134862e+308, 9.4672e-01, 2.0208e-02, 
 2DIAGNOSTIC,     9, -5.179154705960e-01, 1.797693134862e+308, 9.6736e-01, 2.0637e-02, 
 2DIAGNOSTIC,    10, -5.183371890444e-01, 7.769216825817e-04, 9.8709e-01, 1.9726e-02, 
 2DIAGNOSTIC,    11, -5.192331137456e-01, 6.443050536170e-04, 1.0172e+00, 3.0112e-02, 
 2DIAGNOSTIC,    12, -5.193523073800e-01, 5.111813464272e-04, 1.0393e+00, 2.2063e-02, 
 2DIAGNOSTIC,    13, -5.193722114348e-01, 3.888236059221e-04, 1.0617e+00, 2.2476e-02, 
 2DIAGNOSTIC,    14, -5.193533830405e-01, 2.922025289521e-04, 1.0878e+00, 2.6108e-02, 
 2DIAGNOSTIC,    15, -5.193472178883e-01, 2.200143075279e-04, 1.1097e+00, 2.1815e-02, 
 2DIAGNOSTIC,    16, -5.193405429132e-01, 1.655364505843e-04, 1.1318e+00, 2.2143e-02, 
 2DIAGNOSTIC,    17, -5.193330925961e-01, 1.203954713754e-04, 1.1538e+00, 2.2022e-02, 
 2DIAGNOSTIC,    18, -5.193249897810e-01, 7.346615048626e-05, 1.1734e+00, 1.9581e-02, 
 2DIAGNOSTIC,    19, -5.193174688872e-01, 3.148656896471e-05, 1.1928e+00, 1.9370e-02, 
 2DIAGNOSTIC,    20, -5.193291279915e-01, 2.195502333976e-06, 1.2128e+00, 1.9993e-02, 
DIAGNOSTIC,Iteration,metricValue,convergenceValue,ITERATION_TIME_INDEX,SINCE_LAST
 2DIAGNOSTIC,     1, -4.498149142238e-01, 1.797693134862e+308, 1.7766e+00, 5.6384e-01, 
 2DIAGNOSTIC,     2, -4.499611057295e-01, 1.797693134862e+308, 1.9109e+00, 1.3430e-01, 
 2DIAGNOSTIC,     3, -4.501310564195e-01, 1.797693134862e+308, 2.0484e+00, 1.3744e-01, 
 2DIAGNOSTIC,     4, -4.501799488730e-01, 1.797693134862e+308, 2.2414e+00, 1.9308e-01, 
 2DIAGNOSTIC,     5, -4.501848017318e-01, 1.797693134862e+308, 2.4414e+00, 1.9996e-01, 
 2DIAGNOSTIC,     6, -4.501815004350e-01, 1.797693134862e+308, 2.6281e+00, 1.8668e-01, 
 2DIAGNOSTIC,     7, -4.501815714535e-01, 1.797693134862e+308, 2.8745e+00, 2.4648e-01, 
 2DIAGNOSTIC,     8, -4.501816625833e-01, 1.797693134862e+308, 3.0353e+00, 1.6077e-01, 
 2DIAGNOSTIC,     9, -4.501808374703e-01, 1.797693134862e+308, 3.1826e+00, 1.4726e-01, 
 2DIAGNOSTIC,    10, -4.501800675316e-01, 4.061432686488e-05, 3.3424e+00, 1.5982e-01, 
 2DIAGNOSTIC,    11, -4.501793231688e-01, 1.782778899981e-05, 3.4856e+00, 1.4324e-01, 
 2DIAGNOSTIC,    12, -4.501777039984e-01, 4.886393398837e-06, 3.6313e+00, 1.4563e-01, 
 2DIAGNOSTIC,    13, -4.501780290762e-01, 1.937836311527e-06, 3.7723e+00, 1.4101e-01, 
 2DIAGNOSTIC,    14, -4.501785741264e-01, 1.677273711254e-06, 3.9334e+00, 1.6116e-01, 
 2DIAGNOSTIC,    15, -4.501789252761e-01, 1.728108563789e-06, 4.0968e+00, 1.6338e-01, 
 2DIAGNOSTIC,    16, -4.501783274436e-01, 1.655094002490e-06, 4.2590e+00, 1.6222e-01, 
 2DIAGNOSTIC,    17, -4.501769516096e-01, 1.574147463594e-06, 4.4198e+00, 1.6071e-01, 
 2DIAGNOSTIC,    18, -4.501765610173e-01, 1.520501105030e-06, 4.5608e+00, 1.4102e-01, 
 2DIAGNOSTIC,    19, -4.501756136100e-01, 1.435141415991e-06, 4.7242e+00, 1.6342e-01, 
 2DIAGNOSTIC,    20, -4.501746671457e-01, 1.326403948176e-06, 4.8855e+00, 1.6130e-01, 
 2DIAGNOSTIC,    21, -4.501720527340e-01, 1.154135555077e-06, 5.0465e+00, 1.6096e-01, 
DIAGNOSTIC,Iteration,metricValue,convergenceValue,ITERATION_TIME_INDEX,SINCE_LAST
 2DIAGNOSTIC,     1, -4.114663268005e-01, 1.797693134862e+308, 6.6150e+00, 1.5686e+00, 
 2DIAGNOSTIC,     2, -4.115045178262e-01, 1.797693134862e+308, 7.5373e+00, 9.2231e-01, 
 2DIAGNOSTIC,     3, -4.115782917072e-01, 1.797693134862e+308, 8.5747e+00, 1.0374e+00, 
 2DIAGNOSTIC,     4, -4.116882658976e-01, 1.797693134862e+308, 9.5063e+00, 9.3154e-01, 
 2DIAGNOSTIC,     5, -4.118956049552e-01, 1.797693134862e+308, 1.0557e+01, 1.0511e+00, 
 2DIAGNOSTIC,     6, -4.121477530818e-01, 1.797693134862e+308, 1.1709e+01, 1.1512e+00, 
 2DIAGNOSTIC,     7, -4.120966603049e-01, 1.797693134862e+308, 1.2638e+01, 9.2935e-01, 
 2DIAGNOSTIC,     8, -4.123271046710e-01, 1.797693134862e+308, 1.4037e+01, 1.3992e+00, 
 2DIAGNOSTIC,     9, -4.123425970159e-01, 1.797693134862e+308, 1.5419e+01, 1.3816e+00, 
 2DIAGNOSTIC,    10, -4.123433625563e-01, 1.665082549997e-04, 1.6573e+01, 1.1546e+00, 
 2DIAGNOSTIC,    11, -4.123434500478e-01, 1.383398429756e-04, 1.7493e+01, 9.1951e-01, 
 2DIAGNOSTIC,    12, -4.123428447727e-01, 1.049959673465e-04, 1.8652e+01, 1.1591e+00, 
 2DIAGNOSTIC,    13, -4.123430256809e-01, 7.145580017762e-05, 1.9695e+01, 1.0426e+00, 
 2DIAGNOSTIC,    14, -4.123430400520e-01, 4.162131121270e-05, 2.0960e+01, 1.2655e+00, 
 2DIAGNOSTIC,    15, -4.123428827079e-01, 2.150996282704e-05, 2.2006e+01, 1.0461e+00, 
 2DIAGNOSTIC,    16, -4.123429717168e-01, 1.320299204192e-05, 2.3048e+01, 1.0415e+00, 
 2DIAGNOSTIC,    17, -4.123429616995e-01, 2.508595580972e-06, 2.4086e+01, 1.0387e+00, 
 2DIAGNOSTIC,    18, -4.123429513351e-01, 1.756238459202e-06, 2.5005e+01, 9.1853e-01, 
 2DIAGNOSTIC,    19, -4.123429029742e-01, 1.643700434623e-06, 2.6045e+01, 1.0402e+00, 
 2DIAGNOSTIC,    20, -4.123428373874e-01, 1.569350364980e-06, 2.7069e+01, 1.0243e+00, 
 2DIAGNOSTIC,    21, -4.123428233354e-01, 1.507196199069e-06, 2.8110e+01, 1.0412e+00, 
 2DIAGNOSTIC,    22, -4.123427265995e-01, 1.429184873607e-06, 2.9141e+01, 1.0308e+00, 
 2DIAGNOSTIC,    23, -4.123427166053e-01, 1.364740670161e-06, 3.0170e+01, 1.0291e+00, 
 2DIAGNOSTIC,    24, -4.123426269810e-01, 1.305433185383e-06, 3.1219e+01, 1.0488e+00, 
 2DIAGNOSTIC,    25, -4.123426229799e-01, 1.248331455400e-06, 3.2264e+01, 1.0452e+00, 
 2DIAGNOSTIC,    26, -4.123425936919e-01, 1.199493846089e-06, 3.3295e+01, 1.0305e+00, 
 2DIAGNOSTIC,    27, -4.123425460319e-01, 1.155095105336e-06, 3.4333e+01, 1.0385e+00, 
 2DIAGNOSTIC,    28, -4.123425080493e-01, 1.114946397256e-06, 3.5379e+01, 1.0458e+00, 
 2DIAGNOSTIC,    29, -4.123424628407e-01, 1.077416353107e-06, 3.6420e+01, 1.0409e+00, 
 2DIAGNOSTIC,    30, -4.123424277772e-01, 1.041944457235e-06, 3.7344e+01, 9.2440e-01, 
 2DIAGNOSTIC,    31, -4.123424359737e-01, 1.010442917865e-06, 3.8497e+01, 1.1531e+00, 
  Elapsed time (stage 0): 3.9153e+01


Stage 1
  iterations = 1000x500x250x100
  convergence threshold = 1.0000e-06
  convergence window size = 10
  number of levels = 4
  using the Mattes MI metric (number of bins = 32, weight = 1.0000e+00, use gradient filter = 0)
  preprocessing:  winsorizing the image intensities
  Shrink factors (level 1 out of 4): [8, 8, 8]
  Shrink factors (level 2 out of 4): [4, 4, 4]
  Shrink factors (level 3 out of 4): [2, 2, 2]
  Shrink factors (level 4 out of 4): [1, 1, 1]
  smoothing sigmas per level: [3, 2, 1, 0]
  regular sampling (percentage = 2.5000e-01)

*** Running AffineTransform registration ***

DIAGNOSTIC,Iteration,metricValue,convergenceValue,ITERATION_TIME_INDEX,SINCE_LAST
 2DIAGNOSTIC,     1, -6.363349555312e-01, 1.797693134862e+308, 3.6539e-01, 3.6539e-01, 
 2DIAGNOSTIC,     2, -6.385111800214e-01, 1.797693134862e+308, 3.7036e-01, 4.9751e-03, 
 2DIAGNOSTIC,     3, -6.413793755388e-01, 1.797693134862e+308, 3.7487e-01, 4.5030e-03, 
 2DIAGNOSTIC,     4, -6.462954498555e-01, 1.797693134862e+308, 3.7837e-01, 3.4990e-03, 
 2DIAGNOSTIC,     5, -6.554330717077e-01, 1.797693134862e+308, 3.8154e-01, 3.1688e-03, 
 2DIAGNOSTIC,     6, -6.731837307634e-01, 1.797693134862e+308, 3.8481e-01, 3.2771e-03, 
 2DIAGNOSTIC,     7, -7.078721337373e-01, 1.797693134862e+308, 3.8873e-01, 3.9210e-03, 
 2DIAGNOSTIC,     8, -7.752381822669e-01, 1.797693134862e+308, 3.9243e-01, 3.6929e-03, 
 2DIAGNOSTIC,     9, -8.042190579845e-01, 1.797693134862e+308, 3.9682e-01, 4.3938e-03, 
 2DIAGNOSTIC,    10, -8.056726783978e-01, 1.789893793083e-02, 4.0061e-01, 3.7920e-03, 
 2DIAGNOSTIC,    11, -8.239495244574e-01, 1.825754695200e-02, 4.0438e-01, 3.7720e-03, 
 2DIAGNOSTIC,    12, -8.336537434915e-01, 1.727756682208e-02, 4.0792e-01, 3.5400e-03, 
 2DIAGNOSTIC,    13, -8.369588745290e-01, 1.507436418863e-02, 4.1260e-01, 4.6780e-03, 
 2DIAGNOSTIC,    14, -8.379601995643e-01, 1.203841058366e-02, 4.1635e-01, 3.7489e-03, 
 2DIAGNOSTIC,    15, -8.380936983732e-01, 8.630702314127e-03, 4.1975e-01, 3.4020e-03, 
 2DIAGNOSTIC,    16, -8.384371614119e-01, 5.342967871091e-03, 4.2423e-01, 4.4742e-03, 
 2DIAGNOSTIC,    17, -8.385863264252e-01, 2.728432970598e-03, 4.2776e-01, 3.5322e-03, 
 2DIAGNOSTIC,    18, -8.388682989598e-01, 1.578062530178e-03, 4.3105e-01, 3.2880e-03, 
 2DIAGNOSTIC,    19, -8.390767837413e-01, 9.932016007339e-04, 4.3485e-01, 3.8049e-03, 
 2DIAGNOSTIC,    20, -8.396332677424e-01, 4.111430136649e-04, 4.3826e-01, 3.4029e-03, 
 2DIAGNOSTIC,    21, -8.406656874396e-01, 1.862937728158e-04, 4.4197e-01, 3.7150e-03, 
 2DIAGNOSTIC,    22, -8.446827569782e-01, 1.936577505700e-04, 4.4782e-01, 5.8470e-03, 
 2DIAGNOSTIC,    23, -8.453976862309e-01, 2.443941843786e-04, 4.5222e-01, 4.4041e-03, 
 2DIAGNOSTIC,    24, -8.454975976161e-01, 2.851958380573e-04, 4.5632e-01, 4.0982e-03, 
 2DIAGNOSTIC,    25, -8.455461749534e-01, 2.993384337093e-04, 4.6072e-01, 4.4050e-03, 
 2DIAGNOSTIC,    26, -8.455660892927e-01, 2.891417931320e-04, 4.6471e-01, 3.9821e-03, 
 2DIAGNOSTIC,    27, -8.455169873595e-01, 2.531356980492e-04, 4.6899e-01, 4.2849e-03, 
 2DIAGNOSTIC,    28, -8.454340148087e-01, 1.986513987608e-04, 4.7304e-01, 4.0529e-03, 
 2DIAGNOSTIC,    29, -8.453430380648e-01, 1.317730155608e-04, 4.7693e-01, 3.8819e-03, 
 2DIAGNOSTIC,    30, -8.452657703038e-01, 6.340658198813e-05, 4.8086e-01, 3.9320e-03, 
 2DIAGNOSTIC,    31, -8.452062457226e-01, 3.850581480704e-06, 4.8476e-01, 3.9032e-03, 
DIAGNOSTIC,Iteration,metricValue,convergenceValue,ITERATION_TIME_INDEX,SINCE_LAST
 2DIAGNOSTIC,     1, -7.060086844879e-01, 1.797693134862e+308, 8.8180e-01, 3.9703e-01, 
 2DIAGNOSTIC,     2, -7.066112282919e-01, 1.797693134862e+308, 9.0609e-01, 2.4298e-02, 
 2DIAGNOSTIC,     3, -7.074187404232e-01, 1.797693134862e+308, 9.3055e-01, 2.4453e-02, 
 2DIAGNOSTIC,     4, -7.080601208401e-01, 1.797693134862e+308, 9.5578e-01, 2.5230e-02, 
 2DIAGNOSTIC,     5, -7.087989275105e-01, 1.797693134862e+308, 9.8107e-01, 2.5292e-02, 
 2DIAGNOSTIC,     6, -7.095959196829e-01, 1.797693134862e+308, 1.0192e+00, 3.8090e-02, 
 2DIAGNOSTIC,     7, -7.095916270869e-01, 1.797693134862e+308, 1.0590e+00, 3.9890e-02, 
 2DIAGNOSTIC,     8, -7.096034314132e-01, 1.797693134862e+308, 1.0884e+00, 2.9381e-02, 
 2DIAGNOSTIC,     9, -7.095982424846e-01, 1.797693134862e+308, 1.1184e+00, 2.9996e-02, 
 2DIAGNOSTIC,    10, -7.095903412079e-01, 3.470360326574e-04, 1.1470e+00, 2.8618e-02, 
 2DIAGNOSTIC,    11, -7.095833413556e-01, 2.334877211537e-04, 1.1740e+00, 2.6929e-02, 
 2DIAGNOSTIC,    12, -7.095518365181e-01, 1.370888299135e-04, 1.2027e+00, 2.8741e-02, 
 2DIAGNOSTIC,    13, -7.095586495608e-01, 6.864450178638e-05, 1.2278e+00, 2.5057e-02, 
 2DIAGNOSTIC,    14, -7.095572890981e-01, 2.195629053563e-05, 1.2566e+00, 2.8877e-02, 
DIAGNOSTIC,Iteration,metricValue,convergenceValue,ITERATION_TIME_INDEX,SINCE_LAST
 2DIAGNOSTIC,     1, -6.033306537044e-01, 1.797693134862e+308, 1.9044e+00, 6.4778e-01, 
 2DIAGNOSTIC,     2, -6.037702574120e-01, 1.797693134862e+308, 2.0870e+00, 1.8259e-01, 
 2DIAGNOSTIC,     3, -6.042240338829e-01, 1.797693134862e+308, 2.2731e+00, 1.8604e-01, 
 2DIAGNOSTIC,     4, -6.047742556093e-01, 1.797693134862e+308, 2.4531e+00, 1.8007e-01, 
 2DIAGNOSTIC,     5, -6.054138310490e-01, 1.797693134862e+308, 2.6348e+00, 1.8167e-01, 
 2DIAGNOSTIC,     6, -6.060682098919e-01, 1.797693134862e+308, 2.8984e+00, 2.6363e-01, 
 2DIAGNOSTIC,     7, -6.061534296078e-01, 1.797693134862e+308, 3.0969e+00, 1.9844e-01, 
 2DIAGNOSTIC,     8, -6.061721051766e-01, 1.797693134862e+308, 3.3160e+00, 2.1916e-01, 
 2DIAGNOSTIC,     9, -6.061659622623e-01, 1.797693134862e+308, 3.5193e+00, 2.0330e-01, 
 2DIAGNOSTIC,    10, -6.061632687787e-01, 3.340251998662e-04, 3.7456e+00, 2.2626e-01, 
 2DIAGNOSTIC,    11, -6.061626017338e-01, 2.347420730752e-04, 3.9671e+00, 2.2152e-01, 
 2DIAGNOSTIC,    12, -6.061617965158e-01, 1.484076324404e-04, 4.1711e+00, 2.0399e-01, 
 2DIAGNOSTIC,    13, -6.061616416465e-01, 7.866345593657e-05, 4.3696e+00, 1.9858e-01, 
 2DIAGNOSTIC,    14, -6.061616932941e-01, 3.011845678660e-05, 4.5734e+00, 2.0374e-01, 
 2DIAGNOSTIC,    15, -6.061612707758e-01, 4.966395977440e-06, 4.7930e+00, 2.1962e-01, 
 2DIAGNOSTIC,    16, -6.061603332814e-01, 1.800827999734e-06, 4.9946e+00, 2.0158e-01, 
 2DIAGNOSTIC,    17, -6.061581813016e-01, 1.301619741809e-06, 5.1740e+00, 1.7945e-01, 
 2DIAGNOSTIC,    18, -6.061588700092e-01, 1.420271750457e-06, 5.3506e+00, 1.7651e-01, 
 2DIAGNOSTIC,    19, -6.061587527961e-01, 1.404017418785e-06, 5.5511e+00, 2.0057e-01, 
 2DIAGNOSTIC,    20, -6.061588486716e-01, 1.353535543640e-06, 5.7308e+00, 1.7971e-01, 
 2DIAGNOSTIC,    21, -6.061598822638e-01, 1.339462931141e-06, 5.9304e+00, 1.9956e-01, 
 2DIAGNOSTIC,    22, -6.061588038173e-01, 1.303077100792e-06, 6.1426e+00, 2.1224e-01, 
 2DIAGNOSTIC,    23, -6.061586089083e-01, 1.276586121091e-06, 6.3462e+00, 2.0356e-01, 
 2DIAGNOSTIC,    24, -6.061580278340e-01, 1.251515607294e-06, 6.5244e+00, 1.7818e-01, 
 2DIAGNOSTIC,    25, -6.061579245268e-01, 1.225674275310e-06, 6.7018e+00, 1.7744e-01, 
 2DIAGNOSTIC,    26, -6.061599008388e-01, 1.225883891176e-06, 6.9259e+00, 2.2406e-01, 
 2DIAGNOSTIC,    27, -6.061581262773e-01, 1.156446080487e-06, 7.1258e+00, 1.9991e-01, 
 2DIAGNOSTIC,    28, -6.061575357801e-01, 1.097465509366e-06, 7.3046e+00, 1.7879e-01, 
 2DIAGNOSTIC,    29, -6.061574162715e-01, 1.042927866450e-06, 7.4820e+00, 1.7747e-01, 
 2DIAGNOSTIC,    30, -6.061593634272e-01, 1.027849475456e-06, 7.6805e+00, 1.9850e-01, 
 2DIAGNOSTIC,    31, -6.061612857829e-01, 1.060481521528e-06, 7.9024e+00, 2.2189e-01, 
 2DIAGNOSTIC,    32, -6.061594886486e-01, 1.045539675990e-06, 8.1045e+00, 2.0212e-01, 
 2DIAGNOSTIC,    33, -6.061602502675e-01, 1.037152701645e-06, 8.2858e+00, 1.8122e-01, 
 2DIAGNOSTIC,    34, -6.061602567912e-01, 1.014185213685e-06, 8.4866e+00, 2.0082e-01, 
DIAGNOSTIC,Iteration,metricValue,convergenceValue,ITERATION_TIME_INDEX,SINCE_LAST
 2DIAGNOSTIC,     1, -5.385445750714e-01, 1.797693134862e+308, 1.0436e+01, 1.9497e+00, 
 2DIAGNOSTIC,     2, -5.389813548020e-01, 1.797693134862e+308, 1.1641e+01, 1.2046e+00, 
 2DIAGNOSTIC,     3, -5.393706969860e-01, 1.797693134862e+308, 1.2846e+01, 1.2052e+00, 
 2DIAGNOSTIC,     4, -5.397042250743e-01, 1.797693134862e+308, 1.4052e+01, 1.2060e+00, 
 2DIAGNOSTIC,     5, -5.400555596853e-01, 1.797693134862e+308, 1.5294e+01, 1.2421e+00, 
 2DIAGNOSTIC,     6, -5.402242737594e-01, 1.797693134862e+308, 1.6898e+01, 1.6035e+00, 
 2DIAGNOSTIC,     7, -5.402848343063e-01, 1.797693134862e+308, 1.9167e+01, 2.2694e+00, 
 2DIAGNOSTIC,     8, -5.402845799199e-01, 1.797693134862e+308, 2.0536e+01, 1.3695e+00, 
 2DIAGNOSTIC,     9, -5.402846005854e-01, 1.797693134862e+308, 2.2184e+01, 1.6475e+00, 
 2DIAGNOSTIC,    10, -5.402845582463e-01, 2.042593997852e-04, 2.3828e+01, 1.6444e+00, 
 2DIAGNOSTIC,    11, -5.402846217339e-01, 1.285767168783e-04, 2.5204e+01, 1.3752e+00, 
 2DIAGNOSTIC,    12, -5.402845497753e-01, 7.327208203686e-05, 2.6562e+01, 1.3579e+00, 
 2DIAGNOSTIC,    13, -5.402843691889e-01, 3.575051506736e-05, 2.7921e+01, 1.3593e+00, 
 2DIAGNOSTIC,    14, -5.402844962434e-01, 1.284780645942e-05, 2.9318e+01, 1.3973e+00, 
 2DIAGNOSTIC,    15, -5.402841056516e-01, 4.205416074043e-06, 3.0699e+01, 1.3805e+00, 
 2DIAGNOSTIC,    16, -5.402840815531e-01, 1.945136200596e-06, 3.2061e+01, 1.3623e+00, 
 2DIAGNOSTIC,    17, -5.402840772706e-01, 1.829978712176e-06, 3.3294e+01, 1.2332e+00, 
 2DIAGNOSTIC,    18, -5.402848356696e-01, 1.746144587055e-06, 3.4677e+01, 1.3830e+00, 
 2DIAGNOSTIC,    19, -5.402850079506e-01, 1.677927076629e-06, 3.6067e+01, 1.3903e+00, 
 2DIAGNOSTIC,    20, -5.402853096285e-01, 1.623209390927e-06, 3.7451e+01, 1.3840e+00, 
 2DIAGNOSTIC,    21, -5.402851656239e-01, 1.568948511686e-06, 3.8825e+01, 1.3741e+00, 
 2DIAGNOSTIC,    22, -5.402853301355e-01, 1.517033158420e-06, 4.0210e+01, 1.3847e+00, 
 2DIAGNOSTIC,    23, -5.402850683124e-01, 1.452370147238e-06, 4.1455e+01, 1.2452e+00, 
 2DIAGNOSTIC,    24, -5.402854431106e-01, 1.397895519679e-06, 4.2971e+01, 1.5153e+00, 
 2DIAGNOSTIC,    25, -5.402858424752e-01, 1.341134020262e-06, 4.4347e+01, 1.3769e+00, 
 2DIAGNOSTIC,    26, -5.402857900962e-01, 1.280802548291e-06, 4.5712e+01, 1.3645e+00, 
 2DIAGNOSTIC,    27, -5.402857724729e-01, 1.219083315337e-06, 4.6959e+01, 1.2470e+00, 
 2DIAGNOSTIC,    28, -5.402858341421e-01, 1.173457342289e-06, 4.8340e+01, 1.3808e+00, 
 2DIAGNOSTIC,    29, -5.402858692590e-01, 1.130930257352e-06, 4.9590e+01, 1.2507e+00, 
 2DIAGNOSTIC,    30, -5.402860211000e-01, 1.095890875664e-06, 5.0973e+01, 1.3827e+00, 
 2DIAGNOSTIC,    31, -5.402859331725e-01, 1.055751294360e-06, 5.2499e+01, 1.5256e+00, 
 2DIAGNOSTIC,    32, -5.402858694597e-01, 1.017389720623e-06, 5.3878e+01, 1.3796e+00, 
  Elapsed time (stage 1): 5.4781e+01


Stage 2
  iterations = 100x70x50x20
  convergence threshold = 1.0000e-06
  convergence window size = 10
  number of levels = 4
  using the CC metric (radius = 4, weight = 1.0000e+00, use gradient filter = 0)
  preprocessing:  winsorizing the image intensities
  Shrink factors (level 1 out of 4): [8, 8, 8]
  Shrink factors (level 2 out of 4): [4, 4, 4]
  Shrink factors (level 3 out of 4): [2, 2, 2]
  Shrink factors (level 4 out of 4): [1, 1, 1]
  smoothing sigmas per level: [3, 2, 1, 0]
  Using default NONE metricSamplingStrategy 

*** Running SyN registration (varianceForUpdateField = 3.0000e+00, varianceForTotalField = 0.0000e+00) ***

XXDIAGNOSTIC,Iteration,metricValue,convergenceValue,ITERATION_TIME_INDEX,SINCE_LAST
 1DIAGNOSTIC,     1, -9.324157390298e-01, 1.797693134862e+308, 4.7655e-01, 4.7655e-01, 
 1DIAGNOSTIC,     2, -9.380708583588e-01, 1.797693134862e+308, 6.3170e-01, 1.5515e-01, 
 1DIAGNOSTIC,     3, -9.422504395929e-01, 1.797693134862e+308, 7.9131e-01, 1.5961e-01, 
 1DIAGNOSTIC,     4, -9.451698584927e-01, 1.797693134862e+308, 9.4600e-01, 1.5469e-01, 
 1DIAGNOSTIC,     5, -9.474076641113e-01, 1.797693134862e+308, 1.1041e+00, 1.5810e-01, 
 1DIAGNOSTIC,     6, -9.495379209570e-01, 1.797693134862e+308, 1.2650e+00, 1.6085e-01, 
 1DIAGNOSTIC,     7, -9.518662069713e-01, 1.797693134862e+308, 1.4290e+00, 1.6409e-01, 
 1DIAGNOSTIC,     8, -9.543281592022e-01, 1.797693134862e+308, 1.5878e+00, 1.5880e-01, 
 1DIAGNOSTIC,     9, -9.568075716158e-01, 1.797693134862e+308, 1.7456e+00, 1.5771e-01, 
 1DIAGNOSTIC,    10, -9.593382755804e-01, 1.660033658375e-03, 1.8998e+00, 1.5428e-01, 
 1DIAGNOSTIC,    11, -9.619482125114e-01, 1.380278287245e-03, 2.0592e+00, 1.5932e-01, 
 1DIAGNOSTIC,    12, -9.643305616609e-01, 1.221770894658e-03, 2.2175e+00, 1.5831e-01, 
 1DIAGNOSTIC,    13, -9.663226952428e-01, 1.117906030603e-03, 2.3739e+00, 1.5640e-01, 
 1DIAGNOSTIC,    14, -9.678267026388e-01, 1.021046908455e-03, 2.5403e+00, 1.6644e-01, 
 1DIAGNOSTIC,    15, -9.689363180038e-01, 9.101262258986e-04, 2.7025e+00, 1.6225e-01, 
 1DIAGNOSTIC,    16, -9.698743591200e-01, 7.863855881235e-04, 2.8673e+00, 1.6473e-01, 
 1DIAGNOSTIC,    17, -9.704526123012e-01, 6.552963701100e-04, 3.0277e+00, 1.6047e-01, 
 1DIAGNOSTIC,    18, -9.708972453470e-01, 5.260893618329e-04, 3.1874e+00, 1.5965e-01, 
 1DIAGNOSTIC,    19, -9.711088989332e-01, 4.037096183163e-04, 3.3536e+00, 1.6623e-01, 
 1DIAGNOSTIC,    20, -9.711505130955e-01, 2.940746841505e-04, 3.5168e+00, 1.6313e-01, 
 1DIAGNOSTIC,    21, -9.712378233306e-01, 2.053982127981e-04, 3.6754e+00, 1.5866e-01, 
 1DIAGNOSTIC,    22, -9.711405570678e-01, 1.361742221121e-04, 3.8352e+00, 1.5979e-01, 
 1DIAGNOSTIC,    23, -9.712217730831e-01, 8.687676342256e-05, 4.0014e+00, 1.6623e-01, 
 1DIAGNOSTIC,    24, -9.711591608128e-01, 5.127397706684e-05, 4.1628e+00, 1.6131e-01, 
 1DIAGNOSTIC,    25, -9.712440758323e-01, 2.784242666927e-05, 4.3314e+00, 1.6867e-01, 
 1DIAGNOSTIC,    26, -9.711481065107e-01, 1.318991394317e-05, 4.4923e+00, 1.6087e-01, 
 1DIAGNOSTIC,    27, -9.712450351331e-01, 5.837402906939e-06, 4.6408e+00, 1.4846e-01, 
 1DIAGNOSTIC,    28, -9.711589520849e-01, 2.282488023878e-06, 4.7901e+00, 1.4937e-01, 
 1DIAGNOSTIC,    29, -9.712616030603e-01, 2.077294410874e-06, 4.9482e+00, 1.5804e-01, 
 1DIAGNOSTIC,    30, -9.711642208919e-01, 1.190371804752e-06, 5.1037e+00, 1.5555e-01, 
 1DIAGNOSTIC,    31, -9.712678811486e-01, 2.228428592280e-06, 5.2683e+00, 1.6452e-01, 
 1DIAGNOSTIC,    32, -9.711722860492e-01, 1.262090308513e-06, 5.4293e+00, 1.6100e-01, 
 1DIAGNOSTIC,    33, -9.712752959211e-01, 2.016290848866e-06, 5.5888e+00, 1.5959e-01, 
 1DIAGNOSTIC,    34, -9.711791275234e-01, 1.201683152825e-06, 5.7506e+00, 1.6180e-01, 
 1DIAGNOSTIC,    35, -9.712807893992e-01, 2.030579604458e-06, 5.9092e+00, 1.5855e-01, 
 1DIAGNOSTIC,    36, -9.711855040358e-01, 1.095170197314e-06, 6.0708e+00, 1.6159e-01, 
 1DIAGNOSTIC,    37, -9.713250934827e-01, 2.118143852311e-06, 6.2256e+00, 1.5484e-01, 
 1DIAGNOSTIC,    38, -9.712298871586e-01, 1.507831323834e-06, 6.3849e+00, 1.5932e-01, 
 1DIAGNOSTIC,    39, -9.713253108630e-01, 2.409085075025e-06, 6.5348e+00, 1.4990e-01, 
 1DIAGNOSTIC,    40, -9.712294467895e-01, 1.653055024295e-06, 6.6940e+00, 1.5916e-01, 
 1DIAGNOSTIC,    41, -9.713227061652e-01, 2.306851861422e-06, 6.8525e+00, 1.5848e-01, 
 1DIAGNOSTIC,    42, -9.712291376180e-01, 1.412506408328e-06, 7.0129e+00, 1.6041e-01, 
 1DIAGNOSTIC,    43, -9.713260912428e-01, 1.904275778800e-06, 7.1804e+00, 1.6749e-01, 
 1DIAGNOSTIC,    44, -9.712334757679e-01, 9.655335544527e-07, 7.3357e+00, 1.5528e-01, 
XXDIAGNOSTIC,Iteration,metricValue,convergenceValue,ITERATION_TIME_INDEX,SINCE_LAST
 1DIAGNOSTIC,     1, -9.100781668805e-01, 1.797693134862e+308, 8.9021e+00, 1.5664e+00, 
 1DIAGNOSTIC,     2, -9.131994320988e-01, 1.797693134862e+308, 1.0150e+01, 1.2477e+00, 
 1DIAGNOSTIC,     3, -9.164584049816e-01, 1.797693134862e+308, 1.1362e+01, 1.2123e+00, 
 1DIAGNOSTIC,     4, -9.192572958761e-01, 1.797693134862e+308, 1.2601e+01, 1.2388e+00, 
 1DIAGNOSTIC,     5, -9.216931974603e-01, 1.797693134862e+308, 1.3831e+01, 1.2297e+00, 
 1DIAGNOSTIC,     6, -9.237723935641e-01, 1.797693134862e+308, 1.5077e+01, 1.2460e+00, 
 1DIAGNOSTIC,     7, -9.255560490433e-01, 1.797693134862e+308, 1.6319e+01, 1.2421e+00, 
 1DIAGNOSTIC,     8, -9.270774108288e-01, 1.797693134862e+308, 1.7571e+01, 1.2520e+00, 
 1DIAGNOSTIC,     9, -9.283772778679e-01, 1.797693134862e+308, 1.8815e+01, 1.2443e+00, 
 1DIAGNOSTIC,    10, -9.295128513821e-01, 1.342779074711e-03, 2.0073e+01, 1.2580e+00, 
 1DIAGNOSTIC,    11, -9.304237798484e-01, 1.062943334711e-03, 2.1310e+01, 1.2372e+00, 
 1DIAGNOSTIC,    12, -9.311933648451e-01, 8.335216718903e-04, 2.2544e+01, 1.2339e+00, 
 1DIAGNOSTIC,    13, -9.319766599412e-01, 6.592403016540e-04, 2.3788e+01, 1.2439e+00, 
 1DIAGNOSTIC,    14, -9.326677551701e-01, 5.260594911059e-04, 2.5067e+01, 1.2789e+00, 
 1DIAGNOSTIC,    15, -9.333661305634e-01, 4.263905414974e-04, 2.6309e+01, 1.2425e+00, 
 1DIAGNOSTIC,    16, -9.338373653332e-01, 3.487087746382e-04, 2.7573e+01, 1.2640e+00, 
 1DIAGNOSTIC,    17, -9.344507419177e-01, 2.911981900534e-04, 2.8827e+01, 1.2533e+00, 
 1DIAGNOSTIC,    18, -9.348500343684e-01, 2.456681964026e-04, 3.0081e+01, 1.2540e+00, 
 1DIAGNOSTIC,    19, -9.352276165859e-01, 2.090809284117e-04, 3.1318e+01, 1.2374e+00, 
 1DIAGNOSTIC,    20, -9.357601493095e-01, 1.822259763459e-04, 3.2566e+01, 1.2480e+00, 
 1DIAGNOSTIC,    21, -9.360786278282e-01, 1.587927741117e-04, 3.3808e+01, 1.2417e+00, 
 1DIAGNOSTIC,    22, -9.363815199023e-01, 1.375746646612e-04, 3.5065e+01, 1.2575e+00, 
 1DIAGNOSTIC,    23, -9.366624129277e-01, 1.195088535613e-04, 3.6327e+01, 1.2614e+00, 
 1DIAGNOSTIC,    24, -9.369166596500e-01, 1.037719734475e-04, 3.7586e+01, 1.2591e+00, 
 1DIAGNOSTIC,    25, -9.371703898351e-01, 9.121115098357e-05, 3.8843e+01, 1.2570e+00, 
 1DIAGNOSTIC,    26, -9.374110228244e-01, 7.936583494669e-05, 4.0088e+01, 1.2450e+00, 
 1DIAGNOSTIC,    27, -9.376514994079e-01, 7.065322525168e-05, 4.1336e+01, 1.2479e+00, 
 1DIAGNOSTIC,    28, -9.378846560030e-01, 6.285438906870e-05, 4.2589e+01, 1.2536e+00, 
 1DIAGNOSTIC,    29, -9.381101215027e-01, 5.598960665249e-05, 4.3853e+01, 1.2635e+00, 
 1DIAGNOSTIC,    30, -9.383290102079e-01, 5.197742891268e-05, 4.5134e+01, 1.2809e+00, 
 1DIAGNOSTIC,    31, -9.385444803907e-01, 4.859917728672e-05, 4.6385e+01, 1.2517e+00, 
 1DIAGNOSTIC,    32, -9.387539140650e-01, 4.575134170461e-05, 4.7641e+01, 1.2552e+00, 
 1DIAGNOSTIC,    33, -9.389622921762e-01, 4.330377628042e-05, 4.8911e+01, 1.2706e+00, 
 1DIAGNOSTIC,    34, -9.391691459161e-01, 4.106730769366e-05, 5.0182e+01, 1.2714e+00, 
 1DIAGNOSTIC,    35, -9.393642019372e-01, 3.900992935739e-05, 5.1431e+01, 1.2486e+00, 
 1DIAGNOSTIC,    36, -9.395461137362e-01, 3.697924457736e-05, 5.2693e+01, 1.2622e+00, 
 1DIAGNOSTIC,    37, -9.397343764677e-01, 3.511622234528e-05, 5.3946e+01, 1.2529e+00, 
 1DIAGNOSTIC,    38, -9.399268421097e-01, 3.346082516249e-05, 5.5214e+01, 1.2678e+00, 
 1DIAGNOSTIC,    39, -9.401175870059e-01, 3.199139381764e-05, 5.6469e+01, 1.2553e+00, 
 1DIAGNOSTIC,    40, -9.403020270404e-01, 3.065700605171e-05, 5.7748e+01, 1.2783e+00, 
 1DIAGNOSTIC,    41, -9.404765961654e-01, 2.940392124441e-05, 5.8999e+01, 1.2509e+00, 
 1DIAGNOSTIC,    42, -9.406363172698e-01, 2.812203289164e-05, 6.0249e+01, 1.2506e+00, 
 1DIAGNOSTIC,    43, -9.407839791774e-01, 2.677418428119e-05, 6.1513e+01, 1.2641e+00, 
 1DIAGNOSTIC,    44, -9.409084928617e-01, 2.526232745975e-05, 6.2791e+01, 1.2774e+00, 
 1DIAGNOSTIC,    45, -9.410292697447e-01, 2.358476702905e-05, 6.4046e+01, 1.2551e+00, 
 1DIAGNOSTIC,    46, -9.411462590010e-01, 2.174490920014e-05, 6.5322e+01, 1.2765e+00, 
 1DIAGNOSTIC,    47, -9.412589026757e-01, 1.989139550542e-05, 6.6569e+01, 1.2471e+00, 
 1DIAGNOSTIC,    48, -9.413646467068e-01, 1.814199050938e-05, 6.7835e+01, 1.2653e+00, 
 1DIAGNOSTIC,    49, -9.414661356384e-01, 1.658298418628e-05, 6.9095e+01, 1.2604e+00, 
 1DIAGNOSTIC,    50, -9.415599074165e-01, 1.523150853095e-05, 7.0355e+01, 1.2601e+00, 
 1DIAGNOSTIC,    51, -9.416427785474e-01, 1.404930694747e-05, 7.1620e+01, 1.2649e+00, 
 1DIAGNOSTIC,    52, -9.417265855144e-01, 1.303131942922e-05, 7.2867e+01, 1.2474e+00, 
 1DIAGNOSTIC,    53, -9.417963122896e-01, 1.209225955270e-05, 7.4105e+01, 1.2373e+00, 
 1DIAGNOSTIC,    54, -9.418640337950e-01, 1.115449675605e-05, 7.5358e+01, 1.2533e+00, 
 1DIAGNOSTIC,    55, -9.419303679814e-01, 1.025823085840e-05, 7.6631e+01, 1.2735e+00, 
 1DIAGNOSTIC,    56, -9.419909744575e-01, 9.415894059766e-06, 7.7888e+01, 1.2564e+00, 
 1DIAGNOSTIC,    57, -9.420443463234e-01, 8.627258990496e-06, 7.9137e+01, 1.2494e+00, 
 1DIAGNOSTIC,    58, -9.420926757183e-01, 7.887886382649e-06, 8.0406e+01, 1.2689e+00, 
 1DIAGNOSTIC,    59, -9.421344416819e-01, 7.197077651410e-06, 8.1700e+01, 1.2936e+00, 
 1DIAGNOSTIC,    60, -9.421714534303e-01, 6.543543383440e-06, 8.2950e+01, 1.2500e+00, 
 1DIAGNOSTIC,    61, -9.422092335711e-01, 5.925625460063e-06, 8.4203e+01, 1.2533e+00, 
 1DIAGNOSTIC,    62, -9.422401187099e-01, 5.363109414284e-06, 8.5484e+01, 1.2814e+00, 
 1DIAGNOSTIC,    63, -9.422727940024e-01, 4.840022057181e-06, 8.6752e+01, 1.2676e+00, 
 1DIAGNOSTIC,    64, -9.423035119827e-01, 4.377244454273e-06, 8.8033e+01, 1.2808e+00, 
 1DIAGNOSTIC,    65, -9.423325456843e-01, 3.995157546188e-06, 8.9295e+01, 1.2627e+00, 
 1DIAGNOSTIC,    66, -9.423613315292e-01, 3.693438189969e-06, 9.0542e+01, 1.2465e+00, 
 1DIAGNOSTIC,    67, -9.423871143600e-01, 3.445517053835e-06, 9.1799e+01, 1.2575e+00, 
 1DIAGNOSTIC,    68, -9.424136256615e-01, 3.249201846564e-06, 9.3065e+01, 1.2658e+00, 
 1DIAGNOSTIC,    69, -9.424325088284e-01, 3.053856532313e-06, 9.4316e+01, 1.2504e+00, 
 1DIAGNOSTIC,    70, -9.424547180512e-01, 2.868115575720e-06, 9.5563e+01, 1.2470e+00, 
XXDIAGNOSTIC,Iteration,metricValue,convergenceValue,ITERATION_TIME_INDEX,SINCE_LAST
 1DIAGNOSTIC,     1, -8.902799737899e-01, 1.797693134862e+308, 1.0616e+02, 1.0602e+01, 
 1DIAGNOSTIC,     2, -8.925071946712e-01, 1.797693134862e+308, 1.1623e+02, 1.0067e+01, 
 1DIAGNOSTIC,     3, -8.954614106058e-01, 1.797693134862e+308, 1.2634e+02, 1.0110e+01, 
 1DIAGNOSTIC,     4, -8.982794234370e-01, 1.797693134862e+308, 1.3654e+02, 1.0202e+01, 
 1DIAGNOSTIC,     5, -9.006689670064e-01, 1.797693134862e+308, 1.4675e+02, 1.0203e+01, 
 1DIAGNOSTIC,     6, -9.027480530009e-01, 1.797693134862e+308, 1.5703e+02, 1.0286e+01, 
 1DIAGNOSTIC,     7, -9.045063311736e-01, 1.797693134862e+308, 1.6733e+02, 1.0301e+01, 
 1DIAGNOSTIC,     8, -9.060073291691e-01, 1.797693134862e+308, 1.7744e+02, 1.0102e+01, 
 1DIAGNOSTIC,     9, -9.073223746721e-01, 1.797693134862e+308, 1.8768e+02, 1.0247e+01, 
 1DIAGNOSTIC,    10, -9.085026610738e-01, 1.322898091930e-03, 1.9784e+02, 1.0155e+01, 
 1DIAGNOSTIC,    11, -9.095703022236e-01, 1.080246747146e-03, 2.0803e+02, 1.0190e+01, 
 1DIAGNOSTIC,    12, -9.105046324642e-01, 8.634667305823e-04, 2.1830e+02, 1.0274e+01, 
 1DIAGNOSTIC,    13, -9.114494869346e-01, 6.958124926976e-04, 2.2848e+02, 1.0183e+01, 
 1DIAGNOSTIC,    14, -9.121618556695e-01, 5.676555723185e-04, 2.3860e+02, 1.0120e+01, 
 1DIAGNOSTIC,    15, -9.129183517588e-01, 4.702915071717e-04, 2.4875e+02, 1.0145e+01, 
 1DIAGNOSTIC,    16, -9.134798202424e-01, 3.934537181736e-04, 2.5902e+02, 1.0268e+01, 
 1DIAGNOSTIC,    17, -9.139964553671e-01, 3.312294805115e-04, 2.6929e+02, 1.0277e+01, 
 1DIAGNOSTIC,    18, -9.144820103417e-01, 2.797765966428e-04, 2.7947e+02, 1.0174e+01, 
 1DIAGNOSTIC,    19, -9.149442831550e-01, 2.369953185051e-04, 2.8964e+02, 1.0173e+01, 
 1DIAGNOSTIC,    20, -9.153862225465e-01, 2.017737529909e-04, 2.9972e+02, 1.0084e+01, 
 1DIAGNOSTIC,    21, -9.158184915236e-01, 1.734141782974e-04, 3.0995e+02, 1.0230e+01, 
 1DIAGNOSTIC,    22, -9.162450762278e-01, 1.507213532335e-04, 3.2008e+02, 1.0125e+01, 
 1DIAGNOSTIC,    23, -9.166732526514e-01, 1.345552549263e-04, 3.3023e+02, 1.0150e+01, 
 1DIAGNOSTIC,    24, -9.171048063233e-01, 1.219490782509e-04, 3.4041e+02, 1.0179e+01, 
 1DIAGNOSTIC,    25, -9.175430188657e-01, 1.138203331035e-04, 3.5064e+02, 1.0230e+01, 
 1DIAGNOSTIC,    26, -9.179855078471e-01, 1.076636740041e-04, 3.6077e+02, 1.0129e+01, 
 1DIAGNOSTIC,    27, -9.184426250142e-01, 1.030769440565e-04, 3.7100e+02, 1.0235e+01, 
 1DIAGNOSTIC,    28, -9.189159295345e-01, 9.977705293081e-05, 3.8107e+02, 1.0070e+01, 
 1DIAGNOSTIC,    29, -9.194041440511e-01, 9.750084937176e-05, 3.9136e+02, 1.0285e+01, 
 1DIAGNOSTIC,    30, -9.198823647135e-01, 9.571726754505e-05, 4.0151e+02, 1.0154e+01, 
 1DIAGNOSTIC,    31, -9.203542517829e-01, 9.408346261112e-05, 4.1177e+02, 1.0259e+01, 
 1DIAGNOSTIC,    32, -9.207960874586e-01, 9.209713722512e-05, 4.2209e+02, 1.0321e+01, 
 1DIAGNOSTIC,    33, -9.212021331716e-01, 8.937707792007e-05, 4.3229e+02, 1.0202e+01, 
 1DIAGNOSTIC,    34, -9.215754047161e-01, 8.571335820726e-05, 4.4235e+02, 1.0055e+01, 
 1DIAGNOSTIC,    35, -9.219267640248e-01, 8.115192174479e-05, 4.5252e+02, 1.0171e+01, 
 1DIAGNOSTIC,    36, -9.222568817215e-01, 7.581943341206e-05, 4.6276e+02, 1.0245e+01, 
 1DIAGNOSTIC,    37, -9.225704042127e-01, 7.005350238733e-05, 4.7295e+02, 1.0183e+01, 
 1DIAGNOSTIC,    38, -9.228741768399e-01, 6.429381700667e-05, 4.8308e+02, 1.0132e+01, 
 1DIAGNOSTIC,    39, -9.231673023844e-01, 5.894708254198e-05, 4.9314e+02, 1.0061e+01, 
 1DIAGNOSTIC,    40, -9.234484605508e-01, 5.416004053028e-05, 5.0325e+02, 1.0113e+01, 
 1DIAGNOSTIC,    41, -9.237223749872e-01, 5.010641314406e-05, 5.1355e+02, 1.0302e+01, 
 1DIAGNOSTIC,    42, -9.239817946604e-01, 4.666712278619e-05, 5.2362e+02, 1.0068e+01, 
 1DIAGNOSTIC,    43, -9.242233179624e-01, 4.362931780125e-05, 5.3391e+02, 1.0284e+01, 
 1DIAGNOSTIC,    44, -9.244486376497e-01, 4.080896958667e-05, 5.4424e+02, 1.0337e+01, 
 1DIAGNOSTIC,    45, -9.246616127104e-01, 3.813240479213e-05, 5.5442e+02, 1.0178e+01, 
 1DIAGNOSTIC,    46, -9.248647737649e-01, 3.555063925271e-05, 5.6458e+02, 1.0164e+01, 
 1DIAGNOSTIC,    47, -9.250601288079e-01, 3.306431645051e-05, 5.7473e+02, 1.0147e+01, 
 1DIAGNOSTIC,    48, -9.252458667717e-01, 3.070937335784e-05, 5.8496e+02, 1.0232e+01, 
 1DIAGNOSTIC,    49, -9.254227156076e-01, 2.851553814180e-05, 5.9523e+02, 1.0266e+01, 
 1DIAGNOSTIC,    50, -9.255867037309e-01, 2.646884770311e-05, 6.0534e+02, 1.0112e+01, 
XXDIAGNOSTIC,Iteration,metricValue,convergenceValue,ITERATION_TIME_INDEX,SINCE_LAST
 1DIAGNOSTIC,     1, -8.785681879164e-01, 1.797693134862e+308, 6.9406e+02, 8.8717e+01, 
 1DIAGNOSTIC,     2, -8.796091190703e-01, 1.797693134862e+308, 7.8106e+02, 8.7001e+01, 
 1DIAGNOSTIC,     3, -8.810510565272e-01, 1.797693134862e+308, 8.6757e+02, 8.6514e+01, 
 1DIAGNOSTIC,     4, -8.824439034884e-01, 1.797693134862e+308, 9.5500e+02, 8.7430e+01, 
 1DIAGNOSTIC,     5, -8.839421395940e-01, 1.797693134862e+308, 1.0415e+03, 8.6516e+01, 
 1DIAGNOSTIC,     6, -8.853683842140e-01, 1.797693134862e+308, 1.1283e+03, 8.6781e+01, 
 1DIAGNOSTIC,     7, -8.866569282855e-01, 1.797693134862e+308, 1.2152e+03, 8.6905e+01, 
 1DIAGNOSTIC,     8, -8.878291937456e-01, 1.797693134862e+308, 1.3038e+03, 8.8581e+01, 
 1DIAGNOSTIC,     9, -8.888984311574e-01, 1.797693134862e+308, 1.3909e+03, 8.7100e+01, 
 1DIAGNOSTIC,    10, -8.898957399759e-01, 8.516797887902e-04, 1.4796e+03, 8.8667e+01, 
 1DIAGNOSTIC,    11, -8.907423292708e-01, 7.450027067490e-04, 1.5669e+03, 8.7339e+01, 
 1DIAGNOSTIC,    12, -8.915491001000e-01, 6.383730259583e-04, 1.6540e+03, 8.7140e+01, 
 1DIAGNOSTIC,    13, -8.923292456491e-01, 5.450849227477e-04, 1.7416e+03, 8.7592e+01, 
 1DIAGNOSTIC,    14, -8.930510644346e-01, 4.636662458171e-04, 1.8291e+03, 8.7443e+01, 
 1DIAGNOSTIC,    15, -8.936438732813e-01, 3.951197038538e-04, 1.9173e+03, 8.8259e+01, 
 1DIAGNOSTIC,    16, -8.942205035748e-01, 3.388155613319e-04, 2.0053e+03, 8.7977e+01, 
 1DIAGNOSTIC,    17, -8.947958054596e-01, 2.928623519782e-04, 2.0943e+03, 8.8970e+01, 
 1DIAGNOSTIC,    18, -8.953715700097e-01, 2.558253280949e-04, 2.1825e+03, 8.8243e+01, 
 1DIAGNOSTIC,    19, -8.959335446413e-01, 2.262503457417e-04, 2.2716e+03, 8.9066e+01, 
 1DIAGNOSTIC,    20, -8.964810489950e-01, 2.032177555604e-04, 2.3584e+03, 8.6798e+01, 
  Elapsed time (stage 2): 2359


Total elapsed time: 2453
