All_Command_lines_OK
Using double precision for computations.
=============================================================================
The composite transform comprises the following transforms (in order): 
  1. Center of mass alignment using fixed image: /templateflow/tpl-MNI152NLin2009cAsym/tpl-MNI152NLin2009cAsym_res-01_desc-brain_T1w.nii.gz and moving image: /mnt/lustre/mathdugre/ants-amp/datasets/corr/RawDataBIDS/BMB_1/derivatives/antsBrainExtraction/sub-0003050/BrainExtractionBrain.nii.gz (type = Euler3DTransform)
=============================================================================
  number of levels = 4
  number of levels = 4
  number of levels = 4
  fixed image: /templateflow/tpl-MNI152NLin2009cAsym/tpl-MNI152NLin2009cAsym_res-01_desc-brain_T1w.nii.gz
  moving image: /mnt/lustre/mathdugre/ants-amp/datasets/corr/RawDataBIDS/BMB_1/derivatives/antsBrainExtraction/sub-0003050/BrainExtractionBrain.nii.gz
  fixed image: /templateflow/tpl-MNI152NLin2009cAsym/tpl-MNI152NLin2009cAsym_res-01_desc-brain_T1w.nii.gz
  moving image: /mnt/lustre/mathdugre/ants-amp/datasets/corr/RawDataBIDS/BMB_1/derivatives/antsBrainExtraction/sub-0003050/BrainExtractionBrain.nii.gz
  fixed image: /templateflow/tpl-MNI152NLin2009cAsym/tpl-MNI152NLin2009cAsym_res-01_desc-brain_T1w.nii.gz
  moving image: /mnt/lustre/mathdugre/ants-amp/datasets/corr/RawDataBIDS/BMB_1/derivatives/antsBrainExtraction/sub-0003050/BrainExtractionBrain.nii.gz
Dimension = 3
Number of stages = 3
Use histogram matching = false
Winsorize image intensities = true
  Lower quantile = 0.005
  Upper quantile = 0.995


Stage 1 State
   Image metric = MattesMI
     Fixed image = Image (0x557b6f968360)
  RTTI typeinfo:   itk::Image<double, 3u>
  Reference Count: 2
  Modified Time: 2372
  Debug: Off
  Object Name: 
  Observers: 
    none
  Source: (none)
  Source output name: (none)
  Release Data: Off
  Data Released: False
  Global Release Data: Off
  PipelineMTime: 0
  UpdateMTime: 1981
  RealTimeStamp: 0 seconds 
  LargestPossibleRegion: 
    Dimension: 3
    Index: [0, 0, 0]
    Size: [193, 229, 193]
  BufferedRegion: 
    Dimension: 3
    Index: [0, 0, 0]
    Size: [193, 229, 193]
  RequestedRegion: 
    Dimension: 3
    Index: [0, 0, 0]
    Size: [193, 229, 193]
  Spacing: [1, 1, 1]
  Origin: [96, 132, -78]
  Direction: 
-1 0 0
0 -1 0
0 0 1

  IndexToPointMatrix: 
-1 0 0
0 -1 0
0 0 1

  PointToIndexMatrix: 
-1 0 0
0 -1 0
0 0 1

  Inverse Direction: 
-1 0 0
0 -1 0
0 0 1

  PixelContainer: 
    ImportImageContainer (0x557b6f96bc80)
      RTTI typeinfo:   itk::ImportImageContainer<unsigned long, double>
      Reference Count: 1
      Modified Time: 1978
      Debug: Off
      Object Name: 
      Observers: 
        none
      Pointer: 0x7f06bc8f8010
      Container manages memory: true
      Size: 8530021
      Capacity: 8530021

     Moving image = Image (0x557b6fa75340)
  RTTI typeinfo:   itk::Image<double, 3u>
  Reference Count: 2
  Modified Time: 2373
  Debug: Off
  Object Name: 
  Observers: 
    none
  Source: (none)
  Source output name: (none)
  Release Data: Off
  Data Released: False
  Global Release Data: Off
  PipelineMTime: 0
  UpdateMTime: 2370
  RealTimeStamp: 0 seconds 
  LargestPossibleRegion: 
    Dimension: 3
    Index: [0, 0, 0]
    Size: [176, 256, 256]
  BufferedRegion: 
    Dimension: 3
    Index: [0, 0, 0]
    Size: [176, 256, 256]
  RequestedRegion: 
    Dimension: 3
    Index: [0, 0, 0]
    Size: [176, 256, 256]
  Spacing: [1, 1, 1]
  Origin: [-97.5396, 112.198, -130.221]
  Direction: 
1 0 0
0 -1 0
0 0 1

  IndexToPointMatrix: 
1 0 0
0 -1 0
0 0 1

  PointToIndexMatrix: 
1 0 0
0 -1 0
0 0 1

  Inverse Direction: 
1 0 0
0 -1 0
0 0 1

  PixelContainer: 
    ImportImageContainer (0x557b6fa7a710)
      RTTI typeinfo:   itk::ImportImageContainer<unsigned long, double>
      Reference Count: 1
      Modified Time: 2367
      Debug: Off
      Object Name: 
      Observers: 
        none
      Pointer: 0x7f06b70f7010
      Container manages memory: true
      Size: 11534336
      Capacity: 11534336

     Weighting = 1
     Sampling strategy = regular
     Number of bins = 32
     Radius = 4
     Sampling percentage  = 0.25
   Transform = Rigid
     Gradient step = 0.1
     Update field sigma (voxel space) = 0
     Total field sigma (voxel space) = 0
     Update field time sigma = 0
     Total field time sigma  = 0
     Number of time indices = 0
     Number of time point samples = 0
Stage 2 State
   Image metric = MattesMI
     Fixed image = Image (0x557b6fabcbd0)
  RTTI typeinfo:   itk::Image<double, 3u>
  Reference Count: 2
  Modified Time: 3150
  Debug: Off
  Object Name: 
  Observers: 
    none
  Source: (none)
  Source output name: (none)
  Release Data: Off
  Data Released: False
  Global Release Data: Off
  PipelineMTime: 0
  UpdateMTime: 2759
  RealTimeStamp: 0 seconds 
  LargestPossibleRegion: 
    Dimension: 3
    Index: [0, 0, 0]
    Size: [193, 229, 193]
  BufferedRegion: 
    Dimension: 3
    Index: [0, 0, 0]
    Size: [193, 229, 193]
  RequestedRegion: 
    Dimension: 3
    Index: [0, 0, 0]
    Size: [193, 229, 193]
  Spacing: [1, 1, 1]
  Origin: [96, 132, -78]
  Direction: 
-1 0 0
0 -1 0
0 0 1

  IndexToPointMatrix: 
-1 0 0
0 -1 0
0 0 1

  PointToIndexMatrix: 
-1 0 0
0 -1 0
0 0 1

  Inverse Direction: 
-1 0 0
0 -1 0
0 0 1

  PixelContainer: 
    ImportImageContainer (0x557b6fa77d80)
      RTTI typeinfo:   itk::ImportImageContainer<unsigned long, double>
      Reference Count: 1
      Modified Time: 2756
      Debug: Off
      Object Name: 
      Observers: 
        none
      Pointer: 0x7f06b2fe2010
      Container manages memory: true
      Size: 8530021
      Capacity: 8530021

     Moving image = Image (0x557b6fa78010)
  RTTI typeinfo:   itk::Image<double, 3u>
  Reference Count: 2
  Modified Time: 3151
  Debug: Off
  Object Name: 
  Observers: 
    none
  Source: (none)
  Source output name: (none)
  Release Data: Off
  Data Released: False
  Global Release Data: Off
  PipelineMTime: 0
  UpdateMTime: 3148
  RealTimeStamp: 0 seconds 
  LargestPossibleRegion: 
    Dimension: 3
    Index: [0, 0, 0]
    Size: [176, 256, 256]
  BufferedRegion: 
    Dimension: 3
    Index: [0, 0, 0]
    Size: [176, 256, 256]
  RequestedRegion: 
    Dimension: 3
    Index: [0, 0, 0]
    Size: [176, 256, 256]
  Spacing: [1, 1, 1]
  Origin: [-97.5396, 112.198, -130.221]
  Direction: 
1 0 0
0 -1 0
0 0 1

  IndexToPointMatrix: 
1 0 0
0 -1 0
0 0 1

  PointToIndexMatrix: 
1 0 0
0 -1 0
0 0 1

  Inverse Direction: 
1 0 0
0 -1 0
0 0 1

  PixelContainer: 
    ImportImageContainer (0x557b6fadd150)
      RTTI typeinfo:   itk::ImportImageContainer<unsigned long, double>
      Reference Count: 1
      Modified Time: 3145
      Debug: Off
      Object Name: 
      Observers: 
        none
      Pointer: 0x7f06ad7e1010
      Container manages memory: true
      Size: 11534336
      Capacity: 11534336

     Weighting = 1
     Sampling strategy = regular
     Number of bins = 32
     Radius = 4
     Sampling percentage  = 0.25
   Transform = Affine
     Gradient step = 0.1
     Update field sigma (voxel space) = 0
     Total field sigma (voxel space) = 0
     Update field time sigma = 0
     Total field time sigma  = 0
     Number of time indices = 0
     Number of time point samples = 0
Stage 3 State
   Image metric = CC
     Fixed image = Image (0x557b6fafd2a0)
  RTTI typeinfo:   itk::Image<double, 3u>
  Reference Count: 2
  Modified Time: 3928
  Debug: Off
  Object Name: 
  Observers: 
    none
  Source: (none)
  Source output name: (none)
  Release Data: Off
  Data Released: False
  Global Release Data: Off
  PipelineMTime: 0
  UpdateMTime: 3537
  RealTimeStamp: 0 seconds 
  LargestPossibleRegion: 
    Dimension: 3
    Index: [0, 0, 0]
    Size: [193, 229, 193]
  BufferedRegion: 
    Dimension: 3
    Index: [0, 0, 0]
    Size: [193, 229, 193]
  RequestedRegion: 
    Dimension: 3
    Index: [0, 0, 0]
    Size: [193, 229, 193]
  Spacing: [1, 1, 1]
  Origin: [96, 132, -78]
  Direction: 
-1 0 0
0 -1 0
0 0 1

  IndexToPointMatrix: 
-1 0 0
0 -1 0
0 0 1

  PointToIndexMatrix: 
-1 0 0
0 -1 0
0 0 1

  Inverse Direction: 
-1 0 0
0 -1 0
0 0 1

  PixelContainer: 
    ImportImageContainer (0x557b6fa63b50)
      RTTI typeinfo:   itk::ImportImageContainer<unsigned long, double>
      Reference Count: 1
      Modified Time: 3534
      Debug: Off
      Object Name: 
      Observers: 
        none
      Pointer: 0x7f06a96cc010
      Container manages memory: true
      Size: 8530021
      Capacity: 8530021

     Moving image = Image (0x557b6fa76e30)
  RTTI typeinfo:   itk::Image<double, 3u>
  Reference Count: 2
  Modified Time: 3929
  Debug: Off
  Object Name: 
  Observers: 
    none
  Source: (none)
  Source output name: (none)
  Release Data: Off
  Data Released: False
  Global Release Data: Off
  PipelineMTime: 0
  UpdateMTime: 3926
  RealTimeStamp: 0 seconds 
  LargestPossibleRegion: 
    Dimension: 3
    Index: [0, 0, 0]
    Size: [176, 256, 256]
  BufferedRegion: 
    Dimension: 3
    Index: [0, 0, 0]
    Size: [176, 256, 256]
  RequestedRegion: 
    Dimension: 3
    Index: [0, 0, 0]
    Size: [176, 256, 256]
  Spacing: [1, 1, 1]
  Origin: [-97.5396, 112.198, -130.221]
  Direction: 
1 0 0
0 -1 0
0 0 1

  IndexToPointMatrix: 
1 0 0
0 -1 0
0 0 1

  PointToIndexMatrix: 
1 0 0
0 -1 0
0 0 1

  Inverse Direction: 
1 0 0
0 -1 0
0 0 1

  PixelContainer: 
    ImportImageContainer (0x557b6fa9a790)
      RTTI typeinfo:   itk::ImportImageContainer<unsigned long, double>
      Reference Count: 1
      Modified Time: 3923
      Debug: Off
      Object Name: 
      Observers: 
        none
      Pointer: 0x7f06a3ecb010
      Container manages memory: true
      Size: 11534336
      Capacity: 11534336

     Weighting = 1
     Sampling strategy = none
     Number of bins = 32
     Radius = 4
     Sampling percentage  = 1
   Transform = SyN
     Gradient step = 0.1
     Update field sigma (voxel space) = 3
     Total field sigma (voxel space) = 0
     Update field time sigma = 0
     Total field time sigma  = 0
     Number of time indices = 0
     Number of time point samples = 0
Registration using 3 total stages.

Stage 0
  iterations = 1000x500x250x100
  convergence threshold = 1e-06
  convergence window size = 10
  number of levels = 4
  using the Mattes MI metric (number of bins = 32, weight = 1, use gradient filter = 0)
  preprocessing:  winsorizing the image intensities
  Shrink factors (level 1 out of 4): [8, 8, 8]
  Shrink factors (level 2 out of 4): [4, 4, 4]
  Shrink factors (level 3 out of 4): [2, 2, 2]
  Shrink factors (level 4 out of 4): [1, 1, 1]
  smoothing sigmas per level: [3, 2, 1, 0]
  regular sampling (percentage = 0.25)

*** Running Euler3DTransform registration ***

DIAGNOSTIC,Iteration,metricValue,convergenceValue,ITERATION_TIME_INDEX,SINCE_LAST
 2DIAGNOSTIC,     1, -3.734308523248e-01, 1.797693134862e+308, 3.9007e-01, 3.9007e-01, 
 2DIAGNOSTIC,     2, -3.741763788192e-01, 1.797693134862e+308, 3.9375e-01, 3.6831e-03, 
 2DIAGNOSTIC,     3, -3.754081300140e-01, 1.797693134862e+308, 3.9718e-01, 3.4320e-03, 
 2DIAGNOSTIC,     4, -3.772394347455e-01, 1.797693134862e+308, 4.0072e-01, 3.5360e-03, 
 2DIAGNOSTIC,     5, -3.778859267554e-01, 1.797693134862e+308, 4.0341e-01, 2.6941e-03, 
 2DIAGNOSTIC,     6, -3.781315831609e-01, 1.797693134862e+308, 4.0732e-01, 3.9039e-03, 
 2DIAGNOSTIC,     7, -3.779232325083e-01, 1.797693134862e+308, 4.1144e-01, 4.1261e-03, 
 2DIAGNOSTIC,     8, -3.779063577396e-01, 1.797693134862e+308, 4.1449e-01, 3.0448e-03, 
 2DIAGNOSTIC,     9, -3.778946206405e-01, 1.797693134862e+308, 4.1760e-01, 3.1121e-03, 
 2DIAGNOSTIC,    10, -3.778163447383e-01, 7.384657301948e-04, 4.2138e-01, 3.7820e-03, 
 2DIAGNOSTIC,    11, -3.777532838197e-01, 4.221800095200e-04, 4.2479e-01, 3.4051e-03, 
 2DIAGNOSTIC,    12, -3.776507070871e-01, 1.615758698726e-04, 4.2825e-01, 3.4590e-03, 
DIAGNOSTIC,Iteration,metricValue,convergenceValue,ITERATION_TIME_INDEX,SINCE_LAST
 2DIAGNOSTIC,     1, -3.096134574027e-01, 1.797693134862e+308, 7.9844e-01, 3.7019e-01, 
 2DIAGNOSTIC,     2, -3.101043298379e-01, 1.797693134862e+308, 8.1590e-01, 1.7463e-02, 
 2DIAGNOSTIC,     3, -3.109134211444e-01, 1.797693134862e+308, 8.3277e-01, 1.6870e-02, 
 2DIAGNOSTIC,     4, -3.119499676313e-01, 1.797693134862e+308, 8.5276e-01, 1.9987e-02, 
 2DIAGNOSTIC,     5, -3.131891377350e-01, 1.797693134862e+308, 8.7421e-01, 2.1450e-02, 
 2DIAGNOSTIC,     6, -3.145052739033e-01, 1.797693134862e+308, 8.9642e-01, 2.2209e-02, 
 2DIAGNOSTIC,     7, -3.166551952530e-01, 1.797693134862e+308, 9.1728e-01, 2.0864e-02, 
 2DIAGNOSTIC,     8, -3.183486797456e-01, 1.797693134862e+308, 9.4041e-01, 2.3134e-02, 
 2DIAGNOSTIC,     9, -3.197273336801e-01, 1.797693134862e+308, 9.6044e-01, 2.0030e-02, 
 2DIAGNOSTIC,    10, -3.199533088962e-01, 2.387234370384e-03, 9.8606e-01, 2.5618e-02, 
 2DIAGNOSTIC,    11, -3.204419576178e-01, 2.172943241446e-03, 1.0108e+00, 2.4705e-02, 
 2DIAGNOSTIC,    12, -3.207235923508e-01, 1.856472490875e-03, 1.0353e+00, 2.4488e-02, 
 2DIAGNOSTIC,    13, -3.208639687262e-01, 1.485591430766e-03, 1.0595e+00, 2.4228e-02, 
 2DIAGNOSTIC,    14, -3.208991376962e-01, 1.102189190469e-03, 1.0834e+00, 2.3908e-02, 
 2DIAGNOSTIC,    15, -3.209805532180e-01, 7.499237790366e-04, 1.1036e+00, 2.0166e-02, 
 2DIAGNOSTIC,    16, -3.212588793301e-01, 4.615095098758e-04, 1.1241e+00, 2.0558e-02, 
 2DIAGNOSTIC,    17, -3.213793098040e-01, 2.826735020039e-04, 1.1529e+00, 2.8763e-02, 
 2DIAGNOSTIC,    18, -3.214133549192e-01, 1.824301073986e-04, 1.1773e+00, 2.4398e-02, 
 2DIAGNOSTIC,    19, -3.214584931515e-01, 1.435525437992e-04, 1.2018e+00, 2.4542e-02, 
 2DIAGNOSTIC,    20, -3.214905345299e-01, 1.065322092510e-04, 1.2219e+00, 2.0119e-02, 
 2DIAGNOSTIC,    21, -3.214918026822e-01, 8.368844125334e-05, 1.2422e+00, 2.0232e-02, 
 2DIAGNOSTIC,    22, -3.215154103322e-01, 6.749286711475e-05, 1.2674e+00, 2.5191e-02, 
 2DIAGNOSTIC,    23, -3.215599728358e-01, 5.384784814607e-05, 1.2911e+00, 2.3784e-02, 
 2DIAGNOSTIC,    24, -3.215732954995e-01, 3.827730475090e-05, 1.3156e+00, 2.4464e-02, 
 2DIAGNOSTIC,    25, -3.215899571860e-01, 2.377768564480e-05, 1.3412e+00, 2.5546e-02, 
 2DIAGNOSTIC,    26, -3.215941532107e-01, 1.790737021668e-05, 1.3660e+00, 2.4846e-02, 
 2DIAGNOSTIC,    27, -3.215947496293e-01, 1.489632003896e-05, 1.3890e+00, 2.3006e-02, 
 2DIAGNOSTIC,    28, -3.215903843898e-01, 1.170755174334e-05, 1.4094e+00, 2.0357e-02, 
 2DIAGNOSTIC,    29, -3.215865501382e-01, 8.988660831460e-06, 1.4325e+00, 2.3136e-02, 
 2DIAGNOSTIC,    30, -3.215871576620e-01, 6.697412768229e-06, 1.4529e+00, 2.0425e-02, 
 2DIAGNOSTIC,    31, -3.215833221731e-01, 3.943165716912e-06, 1.4775e+00, 2.4560e-02, 
 2DIAGNOSTIC,    32, -3.215842194287e-01, 1.746278036611e-06, 1.5046e+00, 2.7130e-02, 
DIAGNOSTIC,Iteration,metricValue,convergenceValue,ITERATION_TIME_INDEX,SINCE_LAST
 2DIAGNOSTIC,     1, -2.824002743280e-01, 1.797693134862e+308, 2.1003e+00, 5.9570e-01, 
 2DIAGNOSTIC,     2, -2.824886735819e-01, 1.797693134862e+308, 2.2424e+00, 1.4208e-01, 
 2DIAGNOSTIC,     3, -2.825602841779e-01, 1.797693134862e+308, 2.4036e+00, 1.6118e-01, 
 2DIAGNOSTIC,     4, -2.825699030415e-01, 1.797693134862e+308, 2.5435e+00, 1.3991e-01, 
 2DIAGNOSTIC,     5, -2.825883170932e-01, 1.797693134862e+308, 2.6873e+00, 1.4384e-01, 
 2DIAGNOSTIC,     6, -2.826829267991e-01, 1.797693134862e+308, 2.8299e+00, 1.4261e-01, 
 2DIAGNOSTIC,     7, -2.828633036279e-01, 1.797693134862e+308, 3.0095e+00, 1.7954e-01, 
 2DIAGNOSTIC,     8, -2.829957916548e-01, 1.797693134862e+308, 3.1783e+00, 1.6880e-01, 
 2DIAGNOSTIC,     9, -2.829433278015e-01, 1.797693134862e+308, 3.3486e+00, 1.7031e-01, 
 2DIAGNOSTIC,    10, -2.830110727174e-01, 1.505964156122e-04, 3.4984e+00, 1.4985e-01, 
 2DIAGNOSTIC,    11, -2.834238232122e-01, 1.683769982060e-04, 3.6472e+00, 1.4880e-01, 
 2DIAGNOSTIC,    12, -2.835385195141e-01, 1.838985749791e-04, 3.8081e+00, 1.6088e-01, 
 2DIAGNOSTIC,    13, -2.837224114737e-01, 2.005215248134e-04, 3.9958e+00, 1.8766e-01, 
 2DIAGNOSTIC,    14, -2.838366530921e-01, 2.061255229904e-04, 4.1616e+00, 1.6582e-01, 
 2DIAGNOSTIC,    15, -2.838881612894e-01, 1.970481690791e-04, 4.3042e+00, 1.4258e-01, 
 2DIAGNOSTIC,    16, -2.839790033667e-01, 1.822942426717e-04, 4.4675e+00, 1.6334e-01, 
 2DIAGNOSTIC,    17, -2.840849021111e-01, 1.691345547860e-04, 4.6729e+00, 2.0539e-01, 
 2DIAGNOSTIC,    18, -2.840951580213e-01, 1.501738686264e-04, 4.8152e+00, 1.4233e-01, 
 2DIAGNOSTIC,    19, -2.841114959375e-01, 1.177977140754e-04, 4.9801e+00, 1.6488e-01, 
 2DIAGNOSTIC,    20, -2.841339141139e-01, 8.201530875194e-05, 5.1258e+00, 1.4564e-01, 
 2DIAGNOSTIC,    21, -2.841458140136e-01, 6.236646271051e-05, 5.2708e+00, 1.4501e-01, 
 2DIAGNOSTIC,    22, -2.841758877916e-01, 4.519868199057e-05, 5.4140e+00, 1.4318e-01, 
 2DIAGNOSTIC,    23, -2.844326558377e-01, 4.455201997182e-05, 5.5972e+00, 1.8327e-01, 
 2DIAGNOSTIC,    24, -2.846994898560e-01, 5.558719875159e-05, 5.7666e+00, 1.6933e-01, 
 2DIAGNOSTIC,    25, -2.847183874698e-01, 6.323646003398e-05, 5.9132e+00, 1.4664e-01, 
 2DIAGNOSTIC,    26, -2.847322363045e-01, 6.865091290596e-05, 6.0682e+00, 1.5496e-01, 
 2DIAGNOSTIC,    27, -2.847730914723e-01, 7.286802542058e-05, 6.1985e+00, 1.3030e-01, 
 2DIAGNOSTIC,    28, -2.847896252904e-01, 7.076076432189e-05, 6.3653e+00, 1.6683e-01, 
 2DIAGNOSTIC,    29, -2.848310713076e-01, 6.403786855894e-05, 6.5143e+00, 1.4905e-01, 
 2DIAGNOSTIC,    30, -2.848584334697e-01, 5.356061035134e-05, 6.7880e+00, 2.7370e-01, 
 2DIAGNOSTIC,    31, -2.848603093050e-01, 3.943581112028e-05, 6.9278e+00, 1.3978e-01, 
 2DIAGNOSTIC,    32, -2.848641423539e-01, 2.350384361641e-05, 7.0835e+00, 1.5566e-01, 
 2DIAGNOSTIC,    33, -2.848672788789e-01, 1.406725417222e-05, 7.2612e+00, 1.7773e-01, 
 2DIAGNOSTIC,    34, -2.848673790904e-01, 1.178737950414e-05, 7.4215e+00, 1.6025e-01, 
 2DIAGNOSTIC,    35, -2.848672928233e-01, 9.140932588504e-06, 7.5695e+00, 1.4799e-01, 
 2DIAGNOSTIC,    36, -2.848681248009e-01, 6.256863918724e-06, 7.7189e+00, 1.4944e-01, 
 2DIAGNOSTIC,    37, -2.848684576543e-01, 4.142229535913e-06, 7.9006e+00, 1.8165e-01, 
 2DIAGNOSTIC,    38, -2.848681503939e-01, 2.230657141295e-06, 8.0670e+00, 1.6640e-01, 
 2DIAGNOSTIC,    39, -2.848657527612e-01, 1.269244410351e-06, 8.2096e+00, 1.4262e-01, 
 2DIAGNOSTIC,    40, -2.848659147353e-01, 1.004392941109e-06, 8.3777e+00, 1.6815e-01, 
DIAGNOSTIC,Iteration,metricValue,convergenceValue,ITERATION_TIME_INDEX,SINCE_LAST
 2DIAGNOSTIC,     1, -2.660292529213e-01, 1.797693134862e+308, 1.0082e+01, 1.7045e+00, 
 2DIAGNOSTIC,     2, -2.661336365570e-01, 1.797693134862e+308, 1.1063e+01, 9.8041e-01, 
 2DIAGNOSTIC,     3, -2.661986917835e-01, 1.797693134862e+308, 1.2035e+01, 9.7265e-01, 
 2DIAGNOSTIC,     4, -2.662391558054e-01, 1.797693134862e+308, 1.2991e+01, 9.5580e-01, 
 2DIAGNOSTIC,     5, -2.662629982090e-01, 1.797693134862e+308, 1.4082e+01, 1.0911e+00, 
 2DIAGNOSTIC,     6, -2.663011026011e-01, 1.797693134862e+308, 1.5625e+01, 1.5430e+00, 
 2DIAGNOSTIC,     7, -2.663026035990e-01, 1.797693134862e+308, 1.6583e+01, 9.5809e-01, 
 2DIAGNOSTIC,     8, -2.663068326587e-01, 1.797693134862e+308, 1.7539e+01, 9.5573e-01, 
 2DIAGNOSTIC,     9, -2.663102956906e-01, 1.797693134862e+308, 1.8615e+01, 1.0765e+00, 
 2DIAGNOSTIC,    10, -2.663112203401e-01, 6.169515479383e-05, 1.9699e+01, 1.0832e+00, 
 2DIAGNOSTIC,    11, -2.663114086208e-01, 3.654040415715e-05, 2.0671e+01, 9.7282e-01, 
 2DIAGNOSTIC,    12, -2.663127055239e-01, 2.186397314548e-05, 2.1640e+01, 9.6846e-01, 
 2DIAGNOSTIC,    13, -2.663195348447e-01, 1.358397846477e-05, 2.2847e+01, 1.2066e+00, 
 2DIAGNOSTIC,    14, -2.663226472520e-01, 8.763379394205e-06, 2.4050e+01, 1.2033e+00, 
 2DIAGNOSTIC,    15, -2.663223989473e-01, 5.599419694260e-06, 2.5242e+01, 1.1920e+00, 
 2DIAGNOSTIC,    16, -2.663224651620e-01, 5.072408191739e-06, 2.6559e+01, 1.3174e+00, 
 2DIAGNOSTIC,    17, -2.663224920688e-01, 4.415235079304e-06, 2.7641e+01, 1.0822e+00, 
 2DIAGNOSTIC,    18, -2.663224594366e-01, 3.831845624469e-06, 2.8720e+01, 1.0783e+00, 
 2DIAGNOSTIC,    19, -2.663224296775e-01, 3.307070616340e-06, 2.9808e+01, 1.0882e+00, 
 2DIAGNOSTIC,    20, -2.663222984981e-01, 2.731545761483e-06, 3.0894e+01, 1.0859e+00, 
 2DIAGNOSTIC,    21, -2.663222861765e-01, 2.118517750810e-06, 3.1980e+01, 1.0864e+00, 
 2DIAGNOSTIC,    22, -2.663223283114e-01, 1.561850479774e-06, 3.2952e+01, 9.7187e-01, 
 2DIAGNOSTIC,    23, -2.663222796988e-01, 1.353059266899e-06, 3.3920e+01, 9.6756e-01, 
 2DIAGNOSTIC,    24, -2.663222690912e-01, 1.302935795019e-06, 3.5252e+01, 1.3328e+00, 
 2DIAGNOSTIC,    25, -2.663221783192e-01, 1.244502748493e-06, 3.6334e+01, 1.0821e+00, 
 2DIAGNOSTIC,    26, -2.663221381527e-01, 1.194296513782e-06, 3.7436e+01, 1.1018e+00, 
 2DIAGNOSTIC,    27, -2.663220983299e-01, 1.149974711484e-06, 3.8528e+01, 1.0922e+00, 
 2DIAGNOSTIC,    28, -2.663220550503e-01, 1.108555670759e-06, 3.9468e+01, 9.3977e-01, 
 2DIAGNOSTIC,    29, -2.663219082973e-01, 1.066296043878e-06, 4.0409e+01, 9.4117e-01, 
 2DIAGNOSTIC,    30, -2.663221710303e-01, 1.034609577864e-06, 4.1487e+01, 1.0776e+00, 
 2DIAGNOSTIC,    31, -2.663222582096e-01, 1.009618746634e-06, 4.2575e+01, 1.0881e+00, 
  Elapsed time (stage 0): 4.3233e+01


Stage 1
  iterations = 1000x500x250x100
  convergence threshold = 1.0000e-06
  convergence window size = 10
  number of levels = 4
  using the Mattes MI metric (number of bins = 32, weight = 1.0000e+00, use gradient filter = 0)
  preprocessing:  winsorizing the image intensities
  Shrink factors (level 1 out of 4): [8, 8, 8]
  Shrink factors (level 2 out of 4): [4, 4, 4]
  Shrink factors (level 3 out of 4): [2, 2, 2]
  Shrink factors (level 4 out of 4): [1, 1, 1]
  smoothing sigmas per level: [3, 2, 1, 0]
  regular sampling (percentage = 2.5000e-01)

*** Running AffineTransform registration ***

DIAGNOSTIC,Iteration,metricValue,convergenceValue,ITERATION_TIME_INDEX,SINCE_LAST
 2DIAGNOSTIC,     1, -3.914789111146e-01, 1.797693134862e+308, 3.5104e-01, 3.5104e-01, 
 2DIAGNOSTIC,     2, -3.927393921180e-01, 1.797693134862e+308, 3.5569e-01, 4.6530e-03, 
 2DIAGNOSTIC,     3, -3.946744935800e-01, 1.797693134862e+308, 3.5983e-01, 4.1399e-03, 
 2DIAGNOSTIC,     4, -3.973893590313e-01, 1.797693134862e+308, 3.6379e-01, 3.9599e-03, 
 2DIAGNOSTIC,     5, -4.028606483550e-01, 1.797693134862e+308, 3.6693e-01, 3.1369e-03, 
 2DIAGNOSTIC,     6, -4.136735873980e-01, 1.797693134862e+308, 3.7030e-01, 3.3679e-03, 
 2DIAGNOSTIC,     7, -4.559938683166e-01, 1.797693134862e+308, 3.7377e-01, 3.4702e-03, 
 2DIAGNOSTIC,     8, -6.088875477462e-01, 1.797693134862e+308, 3.7823e-01, 4.4641e-03, 
 2DIAGNOSTIC,     9, -6.505063752845e-01, 1.797693134862e+308, 3.8151e-01, 3.2790e-03, 
 2DIAGNOSTIC,    10, -6.960167066195e-01, 4.196306632674e-02, 3.8634e-01, 4.8251e-03, 
 2DIAGNOSTIC,    11, -7.426284712302e-01, 4.581118981433e-02, 3.9132e-01, 4.9808e-03, 
 2DIAGNOSTIC,    12, -7.664799696302e-01, 4.569847373324e-02, 3.9529e-01, 3.9709e-03, 
 2DIAGNOSTIC,    13, -7.772740469170e-01, 4.198672243904e-02, 3.9877e-01, 3.4821e-03, 
 2DIAGNOSTIC,    14, -7.892314408991e-01, 3.578136450001e-02, 4.0347e-01, 4.6990e-03, 
 2DIAGNOSTIC,    15, -8.031539574250e-01, 2.817344591079e-02, 4.0767e-01, 4.1978e-03, 
 2DIAGNOSTIC,    16, -8.100962226120e-01, 1.985449331347e-02, 4.1184e-01, 4.1721e-03, 
 2DIAGNOSTIC,    17, -8.140031579228e-01, 1.222593237808e-02, 4.1656e-01, 4.7240e-03, 
 2DIAGNOSTIC,    18, -8.165221371644e-01, 8.575698626605e-03, 4.2035e-01, 3.7830e-03, 
 2DIAGNOSTIC,    19, -8.200963629674e-01, 5.704117198237e-03, 4.2386e-01, 3.5160e-03, 
 2DIAGNOSTIC,    20, -8.218880362797e-01, 3.705953072570e-03, 4.2827e-01, 4.4050e-03, 
 2DIAGNOSTIC,    21, -8.244211243953e-01, 2.625941289507e-03, 4.3215e-01, 3.8800e-03, 
 2DIAGNOSTIC,    22, -8.261353560131e-01, 1.930692815583e-03, 4.3555e-01, 3.3989e-03, 
 2DIAGNOSTIC,    23, -8.291173727590e-01, 1.386689567848e-03, 4.3935e-01, 3.8011e-03, 
 2DIAGNOSTIC,    24, -8.304904968983e-01, 9.997139006249e-04, 4.4311e-01, 3.7611e-03, 
 2DIAGNOSTIC,    25, -8.312821749064e-01, 8.029023398353e-04, 4.4708e-01, 3.9721e-03, 
 2DIAGNOSTIC,    26, -8.323831669776e-01, 6.780672889266e-04, 4.5183e-01, 4.7448e-03, 
 2DIAGNOSTIC,    27, -8.329354423480e-01, 5.686801320529e-04, 4.5803e-01, 6.2041e-03, 
 2DIAGNOSTIC,    28, -8.329957520668e-01, 4.520191419658e-04, 4.6162e-01, 3.5930e-03, 
 2DIAGNOSTIC,    29, -8.332603849679e-01, 3.564964972719e-04, 4.6510e-01, 3.4781e-03, 
 2DIAGNOSTIC,    30, -8.334145267719e-01, 2.610805429548e-04, 4.6858e-01, 3.4831e-03, 
 2DIAGNOSTIC,    31, -8.335097453561e-01, 1.823868227904e-04, 4.7197e-01, 3.3851e-03, 
 2DIAGNOSTIC,    32, -8.336158144137e-01, 1.143123862860e-04, 4.7553e-01, 3.5651e-03, 
 2DIAGNOSTIC,    33, -8.339622354037e-01, 8.032031962536e-05, 4.8005e-01, 4.5190e-03, 
 2DIAGNOSTIC,    34, -8.340756973600e-01, 5.833104946726e-05, 4.8351e-01, 3.4580e-03, 
 2DIAGNOSTIC,    35, -8.341575254655e-01, 4.193187224329e-05, 4.8813e-01, 4.6222e-03, 
 2DIAGNOSTIC,    36, -8.342126051852e-01, 3.521668174963e-05, 4.9160e-01, 3.4661e-03, 
 2DIAGNOSTIC,    37, -8.343928406084e-01, 3.343136207967e-05, 4.9509e-01, 3.4862e-03, 
 2DIAGNOSTIC,    38, -8.344752731167e-01, 2.999389938542e-05, 4.9852e-01, 3.4311e-03, 
 2DIAGNOSTIC,    39, -8.345990599898e-01, 2.781907287467e-05, 5.0394e-01, 5.4200e-03, 
 2DIAGNOSTIC,    40, -8.346197747957e-01, 2.492643524544e-05, 5.0762e-01, 3.6829e-03, 
 2DIAGNOSTIC,    41, -8.346627641081e-01, 2.123802601516e-05, 5.1112e-01, 3.4988e-03, 
 2DIAGNOSTIC,    42, -8.346871348871e-01, 1.691313025937e-05, 5.1466e-01, 3.5410e-03, 
 2DIAGNOSTIC,    43, -8.347156726335e-01, 1.459014763278e-05, 5.2037e-01, 5.7130e-03, 
 2DIAGNOSTIC,    44, -8.347191193659e-01, 1.207954781245e-05, 5.2380e-01, 3.4249e-03, 
 2DIAGNOSTIC,    45, -8.347218098454e-01, 9.347618114393e-06, 5.2746e-01, 3.6640e-03, 
 2DIAGNOSTIC,    46, -8.347267536195e-01, 6.405420944166e-06, 5.3113e-01, 3.6700e-03, 
 2DIAGNOSTIC,    47, -8.347344301291e-01, 4.569074814886e-06, 5.3450e-01, 3.3681e-03, 
 2DIAGNOSTIC,    48, -8.347464689175e-01, 3.170982895505e-06, 5.3788e-01, 3.3810e-03, 
 2DIAGNOSTIC,    49, -8.347635855734e-01, 2.687577033797e-06, 5.4122e-01, 3.3400e-03, 
 2DIAGNOSTIC,    50, -8.347858120045e-01, 2.354649992625e-06, 5.4505e-01, 3.8331e-03, 
 2DIAGNOSTIC,    51, -8.348010005316e-01, 2.301668000037e-06, 5.5037e-01, 5.3129e-03, 
 2DIAGNOSTIC,    52, -8.348154422768e-01, 2.370313757785e-06, 5.5380e-01, 3.4289e-03, 
 2DIAGNOSTIC,    53, -8.348181049495e-01, 2.492742919583e-06, 5.5751e-01, 3.7141e-03, 
 2DIAGNOSTIC,    54, -8.348243356271e-01, 2.501684228749e-06, 5.6109e-01, 3.5799e-03, 
 2DIAGNOSTIC,    55, -8.348351612507e-01, 2.422218085739e-06, 5.6555e-01, 4.4651e-03, 
 2DIAGNOSTIC,    56, -8.348513618165e-01, 2.312251064670e-06, 5.6921e-01, 3.6550e-03, 
 2DIAGNOSTIC,    57, -8.348528541632e-01, 2.101909003911e-06, 5.7325e-01, 4.0381e-03, 
 2DIAGNOSTIC,    58, -8.348545846259e-01, 1.845723848509e-06, 5.7660e-01, 3.3550e-03, 
 2DIAGNOSTIC,    59, -8.348586205586e-01, 1.611043480228e-06, 5.7997e-01, 3.3638e-03, 
 2DIAGNOSTIC,    60, -8.348749811658e-01, 1.520883467603e-06, 5.8490e-01, 4.9341e-03, 
 2DIAGNOSTIC,    61, -8.348783574729e-01, 1.449540555899e-06, 5.8902e-01, 4.1220e-03, 
 2DIAGNOSTIC,    62, -8.348785845106e-01, 1.384487554709e-06, 5.9236e-01, 3.3362e-03, 
 2DIAGNOSTIC,    63, -8.348789110509e-01, 1.262211538171e-06, 5.9572e-01, 3.3588e-03, 
 2DIAGNOSTIC,    64, -8.348796231310e-01, 1.114096274398e-06, 5.9904e-01, 3.3221e-03, 
DIAGNOSTIC,Iteration,metricValue,convergenceValue,ITERATION_TIME_INDEX,SINCE_LAST
 2DIAGNOSTIC,     1, -7.082997837953e-01, 1.797693134862e+308, 9.7613e-01, 3.7709e-01, 
 2DIAGNOSTIC,     2, -7.093218715430e-01, 1.797693134862e+308, 1.0030e+00, 2.6848e-02, 
 2DIAGNOSTIC,     3, -7.101102317519e-01, 1.797693134862e+308, 1.0278e+00, 2.4865e-02, 
 2DIAGNOSTIC,     4, -7.106529931928e-01, 1.797693134862e+308, 1.0523e+00, 2.4415e-02, 
 2DIAGNOSTIC,     5, -7.110838485319e-01, 1.797693134862e+308, 1.0783e+00, 2.6078e-02, 
 2DIAGNOSTIC,     6, -7.115937113567e-01, 1.797693134862e+308, 1.1112e+00, 3.2833e-02, 
 2DIAGNOSTIC,     7, -7.118934433544e-01, 1.797693134862e+308, 1.1394e+00, 2.8226e-02, 
 2DIAGNOSTIC,     8, -7.119535007610e-01, 1.797693134862e+308, 1.1645e+00, 2.5122e-02, 
 2DIAGNOSTIC,     9, -7.120441195110e-01, 1.797693134862e+308, 1.1962e+00, 3.1720e-02, 
 2DIAGNOSTIC,    10, -7.120817188365e-01, 3.277136934342e-04, 1.2212e+00, 2.4940e-02, 
 2DIAGNOSTIC,    11, -7.120923646000e-01, 2.182021771758e-04, 1.2581e+00, 3.6950e-02, 
 2DIAGNOSTIC,    12, -7.120974215788e-01, 1.413889736385e-04, 1.2880e+00, 2.9868e-02, 
 2DIAGNOSTIC,    13, -7.121007835248e-01, 8.810050652433e-05, 1.3142e+00, 2.6231e-02, 
 2DIAGNOSTIC,    14, -7.121083403723e-01, 5.027467125986e-05, 1.3391e+00, 2.4872e-02, 
 2DIAGNOSTIC,    15, -7.121111236872e-01, 2.437063149041e-05, 1.3636e+00, 2.4521e-02, 
 2DIAGNOSTIC,    16, -7.121133866407e-01, 1.228979331799e-05, 1.3912e+00, 2.7621e-02, 
 2DIAGNOSTIC,    17, -7.121150680428e-01, 7.765441439767e-06, 1.4379e+00, 4.6665e-02, 
 2DIAGNOSTIC,    18, -7.121151271840e-01, 4.488636270852e-06, 1.4639e+00, 2.6033e-02, 
 2DIAGNOSTIC,    19, -7.121153693356e-01, 3.195125203193e-06, 1.4911e+00, 2.7179e-02, 
 2DIAGNOSTIC,    20, -7.121156753702e-01, 2.641917927593e-06, 1.5165e+00, 2.5363e-02, 
 2DIAGNOSTIC,    21, -7.121159767244e-01, 2.251062617746e-06, 1.5432e+00, 2.6731e-02, 
 2DIAGNOSTIC,    22, -7.121161958043e-01, 1.922962553462e-06, 1.5690e+00, 2.5757e-02, 
 2DIAGNOSTIC,    23, -7.121163055276e-01, 1.636531404350e-06, 1.5940e+00, 2.4990e-02, 
 2DIAGNOSTIC,    24, -7.121163511498e-01, 1.476401689141e-06, 1.6725e+00, 7.8501e-02, 
 2DIAGNOSTIC,    25, -7.121163511497e-01, 1.358711034516e-06, 1.7286e+00, 5.6108e-02, 
 2DIAGNOSTIC,    26, -7.121163511497e-01, 1.276061924897e-06, 1.7666e+00, 3.8007e-02, 
 2DIAGNOSTIC,    27, -7.121163511497e-01, 1.219555413039e-06, 1.7982e+00, 3.1605e-02, 
 2DIAGNOSTIC,    28, -7.121163511497e-01, 1.164078956131e-06, 1.8310e+00, 3.2819e-02, 
 2DIAGNOSTIC,    29, -7.121163511497e-01, 1.113147793656e-06, 1.8599e+00, 2.8941e-02, 
 2DIAGNOSTIC,    30, -7.121163511497e-01, 1.068153809201e-06, 1.8876e+00, 2.7630e-02, 
 2DIAGNOSTIC,    31, -7.121163511497e-01, 1.029208734876e-06, 1.9163e+00, 2.8768e-02, 
DIAGNOSTIC,Iteration,metricValue,convergenceValue,ITERATION_TIME_INDEX,SINCE_LAST
 2DIAGNOSTIC,     1, -6.060843581782e-01, 1.797693134862e+308, 2.5495e+00, 6.3314e-01, 
 2DIAGNOSTIC,     2, -6.065605613152e-01, 1.797693134862e+308, 2.7295e+00, 1.7998e-01, 
 2DIAGNOSTIC,     3, -6.069840831873e-01, 1.797693134862e+308, 2.9095e+00, 1.8000e-01, 
 2DIAGNOSTIC,     4, -6.074343889016e-01, 1.797693134862e+308, 3.0886e+00, 1.7912e-01, 
 2DIAGNOSTIC,     5, -6.076751174638e-01, 1.797693134862e+308, 3.2659e+00, 1.7727e-01, 
 2DIAGNOSTIC,     6, -6.077586083692e-01, 1.797693134862e+308, 3.5019e+00, 2.3605e-01, 
 2DIAGNOSTIC,     7, -6.077801937943e-01, 1.797693134862e+308, 3.6952e+00, 1.9330e-01, 
 2DIAGNOSTIC,     8, -6.077951902673e-01, 1.797693134862e+308, 3.9127e+00, 2.1749e-01, 
 2DIAGNOSTIC,     9, -6.078180700965e-01, 1.797693134862e+308, 4.1038e+00, 1.9113e-01, 
 2DIAGNOSTIC,    10, -6.078671672309e-01, 1.728583510652e-04, 4.3119e+00, 2.0812e-01, 
 2DIAGNOSTIC,    11, -6.078715168986e-01, 1.054650435423e-04, 4.5015e+00, 1.8958e-01, 
 2DIAGNOSTIC,    12, -6.078718222274e-01, 5.858912930327e-05, 4.6721e+00, 1.7053e-01, 
 2DIAGNOSTIC,    13, -6.078721797351e-01, 2.883761783357e-05, 4.8450e+00, 1.7292e-01, 
 2DIAGNOSTIC,    14, -6.078731494370e-01, 1.581768558839e-05, 5.0242e+00, 1.7926e-01, 
 2DIAGNOSTIC,    15, -6.078741481041e-01, 1.074844265526e-05, 5.2083e+00, 1.8402e-01, 
 2DIAGNOSTIC,    16, -6.078750218229e-01, 7.978876713319e-06, 5.4155e+00, 2.0727e-01, 
 2DIAGNOSTIC,    17, -6.078753766660e-01, 5.604845324650e-06, 5.6545e+00, 2.3900e-01, 
 2DIAGNOSTIC,    18, -6.078756937837e-01, 3.548165491939e-06, 6.2252e+00, 5.7067e-01, 
 2DIAGNOSTIC,    19, -6.078756937822e-01, 2.072833639385e-06, 6.7514e+00, 5.2619e-01, 
 2DIAGNOSTIC,    20, -6.078756937822e-01, 1.853330274443e-06, 6.9780e+00, 2.2660e-01, 
 2DIAGNOSTIC,    21, -6.078756937822e-01, 1.727123383019e-06, 7.1835e+00, 2.0549e-01, 
 2DIAGNOSTIC,    22, -6.078756937822e-01, 1.599267507750e-06, 7.4059e+00, 2.2241e-01, 
 2DIAGNOSTIC,    23, -6.078756937822e-01, 1.475338920288e-06, 7.6092e+00, 2.0331e-01, 
 2DIAGNOSTIC,    24, -6.078756937822e-01, 1.371769946655e-06, 7.8078e+00, 1.9862e-01, 
 2DIAGNOSTIC,    25, -6.078756937822e-01, 1.290570233022e-06, 8.0088e+00, 2.0097e-01, 
 2DIAGNOSTIC,    26, -6.078756937822e-01, 1.229551333568e-06, 8.2076e+00, 1.9877e-01, 
 2DIAGNOSTIC,    27, -6.078756937822e-01, 1.178505430001e-06, 8.4348e+00, 2.2722e-01, 
 2DIAGNOSTIC,    28, -6.078756937822e-01, 1.136403566755e-06, 8.6397e+00, 2.0488e-01, 
 2DIAGNOSTIC,    29, -6.078756937822e-01, 1.097206083982e-06, 8.8428e+00, 2.0317e-01, 
 2DIAGNOSTIC,    30, -6.078756937822e-01, 1.060622485637e-06, 9.0498e+00, 2.0695e-01, 
 2DIAGNOSTIC,    31, -6.078756937822e-01, 1.026399747840e-06, 9.2486e+00, 1.9882e-01, 
DIAGNOSTIC,Iteration,metricValue,convergenceValue,ITERATION_TIME_INDEX,SINCE_LAST
 2DIAGNOSTIC,     1, -5.397085923590e-01, 1.797693134862e+308, 1.1279e+01, 2.0300e+00, 
 2DIAGNOSTIC,     2, -5.399486080534e-01, 1.797693134862e+308, 1.2566e+01, 1.2873e+00, 
 2DIAGNOSTIC,     3, -5.401389426520e-01, 1.797693134862e+308, 1.3868e+01, 1.3018e+00, 
 2DIAGNOSTIC,     4, -5.403382071306e-01, 1.797693134862e+308, 1.5699e+01, 1.8315e+00, 
 2DIAGNOSTIC,     5, -5.403687461728e-01, 1.797693134862e+308, 1.7805e+01, 2.1058e+00, 
 2DIAGNOSTIC,     6, -5.403689329778e-01, 1.797693134862e+308, 1.9099e+01, 1.2941e+00, 
 2DIAGNOSTIC,     7, -5.403694330291e-01, 1.797693134862e+308, 2.0390e+01, 1.2909e+00, 
 2DIAGNOSTIC,     8, -5.403701897979e-01, 1.797693134862e+308, 2.1691e+01, 1.3014e+00, 
 2DIAGNOSTIC,     9, -5.403715121353e-01, 1.797693134862e+308, 2.2971e+01, 1.2798e+00, 
 2DIAGNOSTIC,    10, -5.403734546570e-01, 6.690553192025e-05, 2.4253e+01, 1.2822e+00, 
 2DIAGNOSTIC,    11, -5.403758918354e-01, 3.427886615268e-05, 2.5555e+01, 1.3018e+00, 
 2DIAGNOSTIC,    12, -5.403785820797e-01, 1.480311467909e-05, 2.6841e+01, 1.2855e+00, 
 2DIAGNOSTIC,    13, -5.403821975109e-01, 4.857713625350e-06, 2.8117e+01, 1.2766e+00, 
 2DIAGNOSTIC,    14, -5.403857350866e-01, 3.699750255853e-06, 2.9560e+01, 1.4425e+00, 
 2DIAGNOSTIC,    15, -5.403873091832e-01, 3.690429196498e-06, 3.1132e+01, 1.5721e+00, 
 2DIAGNOSTIC,    16, -5.403870062467e-01, 3.535014309788e-06, 3.2573e+01, 1.4408e+00, 
 2DIAGNOSTIC,    17, -5.403870822855e-01, 3.274668754293e-06, 3.4019e+01, 1.4460e+00, 
 2DIAGNOSTIC,    18, -5.403866714588e-01, 2.922589427384e-06, 3.5595e+01, 1.5758e+00, 
 2DIAGNOSTIC,    19, -5.403867226089e-01, 2.537071316047e-06, 3.7022e+01, 1.4271e+00, 
 2DIAGNOSTIC,    20, -5.403867115540e-01, 2.160163742555e-06, 3.8312e+01, 1.2904e+00, 
 2DIAGNOSTIC,    21, -5.403865060330e-01, 1.822441474057e-06, 3.9715e+01, 1.4026e+00, 
 2DIAGNOSTIC,    22, -5.403866366962e-01, 1.553507849431e-06, 4.1148e+01, 1.4330e+00, 
 2DIAGNOSTIC,    23, -5.403867451636e-01, 1.381079132702e-06, 4.2604e+01, 1.4567e+00, 
 2DIAGNOSTIC,    24, -5.403867835487e-01, 1.300460929617e-06, 4.4021e+01, 1.4168e+00, 
 2DIAGNOSTIC,    25, -5.403868179509e-01, 1.262619916675e-06, 4.5307e+01, 1.2858e+00, 
 2DIAGNOSTIC,    26, -5.403869498616e-01, 1.225121887098e-06, 4.6740e+01, 1.4332e+00, 
 2DIAGNOSTIC,    27, -5.403871517620e-01, 1.195821132428e-06, 4.8160e+01, 1.4199e+00, 
 2DIAGNOSTIC,    28, -5.403870590290e-01, 1.157291084387e-06, 4.9441e+01, 1.2805e+00, 
 2DIAGNOSTIC,    29, -5.403871308451e-01, 1.121764603408e-06, 5.0714e+01, 1.2734e+00, 
 2DIAGNOSTIC,    30, -5.403872121845e-01, 1.087640268155e-06, 5.1953e+01, 1.2384e+00, 
 2DIAGNOSTIC,    31, -5.403874200975e-01, 1.053048532249e-06, 5.3342e+01, 1.3894e+00, 
 2DIAGNOSTIC,    32, -5.403875874733e-01, 1.022820572516e-06, 5.4743e+01, 1.4012e+00, 
  Elapsed time (stage 1): 5.5631e+01


Stage 2
  iterations = 100x70x50x20
  convergence threshold = 1.0000e-06
  convergence window size = 10
  number of levels = 4
  using the CC metric (radius = 4, weight = 1.0000e+00, use gradient filter = 0)
  preprocessing:  winsorizing the image intensities
  Shrink factors (level 1 out of 4): [8, 8, 8]
  Shrink factors (level 2 out of 4): [4, 4, 4]
  Shrink factors (level 3 out of 4): [2, 2, 2]
  Shrink factors (level 4 out of 4): [1, 1, 1]
  smoothing sigmas per level: [3, 2, 1, 0]
  Using default NONE metricSamplingStrategy 

*** Running SyN registration (varianceForUpdateField = 3.0000e+00, varianceForTotalField = 0.0000e+00) ***

XXDIAGNOSTIC,Iteration,metricValue,convergenceValue,ITERATION_TIME_INDEX,SINCE_LAST
 1DIAGNOSTIC,     1, -9.255057263755e-01, 1.797693134862e+308, 4.6179e-01, 4.6179e-01, 
 1DIAGNOSTIC,     2, -9.332269287119e-01, 1.797693134862e+308, 6.2060e-01, 1.5881e-01, 
 1DIAGNOSTIC,     3, -9.388211874662e-01, 1.797693134862e+308, 7.8456e-01, 1.6396e-01, 
 1DIAGNOSTIC,     4, -9.427374695541e-01, 1.797693134862e+308, 9.4021e-01, 1.5565e-01, 
 1DIAGNOSTIC,     5, -9.455484815498e-01, 1.797693134862e+308, 1.1013e+00, 1.6109e-01, 
 1DIAGNOSTIC,     6, -9.482807692128e-01, 1.797693134862e+308, 1.2604e+00, 1.5906e-01, 
 1DIAGNOSTIC,     7, -9.507885491325e-01, 1.797693134862e+308, 1.4231e+00, 1.6269e-01, 
 1DIAGNOSTIC,     8, -9.531105543544e-01, 1.797693134862e+308, 1.5808e+00, 1.5771e-01, 
 1DIAGNOSTIC,     9, -9.552981146787e-01, 1.797693134862e+308, 1.7357e+00, 1.5491e-01, 
 1DIAGNOSTIC,    10, -9.573543008954e-01, 1.969138708354e-03, 1.8906e+00, 1.5494e-01, 
 1DIAGNOSTIC,    11, -9.593287860026e-01, 1.506019120245e-03, 2.0466e+00, 1.5595e-01, 
 1DIAGNOSTIC,    12, -9.611297788394e-01, 1.221157014998e-03, 2.2050e+00, 1.5841e-01, 
 1DIAGNOSTIC,    13, -9.628127881948e-01, 1.036413516271e-03, 2.3664e+00, 1.6141e-01, 
 1DIAGNOSTIC,    14, -9.641955316491e-01, 8.966193052335e-04, 2.5264e+00, 1.6005e-01, 
 1DIAGNOSTIC,    15, -9.655262193678e-01, 7.756155913553e-04, 2.6859e+00, 1.5948e-01, 
 1DIAGNOSTIC,    16, -9.666136325987e-01, 6.693967237244e-04, 2.8399e+00, 1.5396e-01, 
 1DIAGNOSTIC,    17, -9.674684524665e-01, 5.726844878048e-04, 2.9945e+00, 1.5461e-01, 
 1DIAGNOSTIC,    18, -9.682745332033e-01, 4.853664905007e-04, 3.1502e+00, 1.5569e-01, 
 1DIAGNOSTIC,    19, -9.688808595619e-01, 4.058150671252e-04, 3.3090e+00, 1.5883e-01, 
 1DIAGNOSTIC,    20, -9.695149324853e-01, 3.363312839792e-04, 3.4622e+00, 1.5321e-01, 
 1DIAGNOSTIC,    21, -9.699509464235e-01, 2.760539454194e-04, 3.6229e+00, 1.6065e-01, 
 1DIAGNOSTIC,    22, -9.703764935626e-01, 2.254277181001e-04, 3.7812e+00, 1.5833e-01, 
 1DIAGNOSTIC,    23, -9.704498716202e-01, 1.807189205868e-04, 3.9396e+00, 1.5845e-01, 
 1DIAGNOSTIC,    24, -9.706219206814e-01, 1.420037625984e-04, 4.0907e+00, 1.5107e-01, 
 1DIAGNOSTIC,    25, -9.705833724335e-01, 1.083234025166e-04, 4.2450e+00, 1.5430e-01, 
 1DIAGNOSTIC,    26, -9.707059795024e-01, 8.086433210272e-05, 4.4027e+00, 1.5765e-01, 
 1DIAGNOSTIC,    27, -9.706802961791e-01, 5.689374599654e-05, 4.5630e+00, 1.6038e-01, 
 1DIAGNOSTIC,    28, -9.708589699373e-01, 3.977177786946e-05, 4.7144e+00, 1.5135e-01, 
 1DIAGNOSTIC,    29, -9.708390165742e-01, 2.605714546382e-05, 4.8706e+00, 1.5625e-01, 
 1DIAGNOSTIC,    30, -9.709984521288e-01, 1.869372414556e-05, 5.0281e+00, 1.5750e-01, 
 1DIAGNOSTIC,    31, -9.710233835440e-01, 1.442516481505e-05, 5.1872e+00, 1.5905e-01, 
 1DIAGNOSTIC,    32, -9.711299040157e-01, 1.407074524985e-05, 5.3379e+00, 1.5067e-01, 
 1DIAGNOSTIC,    33, -9.711581291192e-01, 1.335206582727e-05, 5.4942e+00, 1.5635e-01, 
 1DIAGNOSTIC,    34, -9.712474124883e-01, 1.379124450667e-05, 5.6583e+00, 1.6404e-01, 
 1DIAGNOSTIC,    35, -9.712649296860e-01, 1.277262464087e-05, 5.8128e+00, 1.5450e-01, 
 1DIAGNOSTIC,    36, -9.713874658193e-01, 1.271330392998e-05, 5.9601e+00, 1.4737e-01, 
 1DIAGNOSTIC,    37, -9.714187889520e-01, 1.152478351421e-05, 6.1154e+00, 1.5528e-01, 
 1DIAGNOSTIC,    38, -9.714996456353e-01, 1.142084463100e-05, 6.2791e+00, 1.6374e-01, 
 1DIAGNOSTIC,    39, -9.715312450567e-01, 1.037125519066e-05, 6.4386e+00, 1.5944e-01, 
 1DIAGNOSTIC,    40, -9.715690568851e-01, 9.923186750225e-06, 6.5906e+00, 1.5199e-01, 
 1DIAGNOSTIC,    41, -9.716238688999e-01, 9.179940342014e-06, 6.7416e+00, 1.5100e-01, 
 1DIAGNOSTIC,    42, -9.716338626606e-01, 8.479620226941e-06, 6.9064e+00, 1.6480e-01, 
 1DIAGNOSTIC,    43, -9.717128766455e-01, 7.803991367576e-06, 7.0595e+00, 1.5314e-01, 
 1DIAGNOSTIC,    44, -9.716999627871e-01, 6.991587935001e-06, 7.2080e+00, 1.4847e-01, 
 1DIAGNOSTIC,    45, -9.717742409330e-01, 6.209556508045e-06, 7.3654e+00, 1.5738e-01, 
 1DIAGNOSTIC,    46, -9.717665175260e-01, 5.661940927867e-06, 7.5249e+00, 1.5959e-01, 
 1DIAGNOSTIC,    47, -9.718446660341e-01, 5.342139100740e-06, 7.6831e+00, 1.5812e-01, 
 1DIAGNOSTIC,    48, -9.718469869296e-01, 5.087861742553e-06, 7.8344e+00, 1.5134e-01, 
 1DIAGNOSTIC,    49, -9.719215008539e-01, 5.059333346085e-06, 7.9871e+00, 1.5266e-01, 
 1DIAGNOSTIC,    50, -9.719200229775e-01, 4.811022059022e-06, 8.1522e+00, 1.6509e-01, 
 1DIAGNOSTIC,    51, -9.719899825590e-01, 4.898922503320e-06, 8.3189e+00, 1.6672e-01, 
 1DIAGNOSTIC,    52, -9.719836173342e-01, 4.575565689259e-06, 8.4678e+00, 1.4893e-01, 
 1DIAGNOSTIC,    53, -9.720475419375e-01, 4.687127991981e-06, 8.6218e+00, 1.5399e-01, 
 1DIAGNOSTIC,    54, -9.720383288314e-01, 4.265780930358e-06, 8.7830e+00, 1.6124e-01, 
 1DIAGNOSTIC,    55, -9.720947504191e-01, 4.215339255091e-06, 8.9411e+00, 1.5802e-01, 
 1DIAGNOSTIC,    56, -9.720798383641e-01, 3.683887600497e-06, 9.0946e+00, 1.5350e-01, 
 1DIAGNOSTIC,    57, -9.721297264001e-01, 3.540293826289e-06, 9.2502e+00, 1.5563e-01, 
 1DIAGNOSTIC,    58, -9.720988200311e-01, 2.956572865330e-06, 9.4114e+00, 1.6121e-01, 
 1DIAGNOSTIC,    59, -9.721478659811e-01, 2.786365434944e-06, 9.5662e+00, 1.5477e-01, 
 1DIAGNOSTIC,    60, -9.721521279718e-01, 2.405687547644e-06, 9.7169e+00, 1.5067e-01, 
 1DIAGNOSTIC,    61, -9.721974957575e-01, 2.416603510972e-06, 9.8709e+00, 1.5405e-01, 
 1DIAGNOSTIC,    62, -9.721669246251e-01, 2.059736165034e-06, 1.0032e+01, 1.6089e-01, 
 1DIAGNOSTIC,    63, -9.722119051006e-01, 2.085031714717e-06, 1.0184e+01, 1.5203e-01, 
 1DIAGNOSTIC,    64, -9.721833014286e-01, 1.771864622847e-06, 1.0340e+01, 1.5576e-01, 
 1DIAGNOSTIC,    65, -9.722282504649e-01, 1.808835022921e-06, 1.0498e+01, 1.5819e-01, 
 1DIAGNOSTIC,    66, -9.721986180680e-01, 1.507988088813e-06, 1.0658e+01, 1.5990e-01, 
 1DIAGNOSTIC,    67, -9.722441824878e-01, 1.548047102964e-06, 1.0810e+01, 1.5224e-01, 
 1DIAGNOSTIC,    68, -9.722191715710e-01, 1.233028966447e-06, 1.0967e+01, 1.5704e-01, 
 1DIAGNOSTIC,    69, -9.722650215382e-01, 1.261583289445e-06, 1.1125e+01, 1.5800e-01, 
 1DIAGNOSTIC,    70, -9.722394720772e-01, 1.113154964283e-06, 1.1285e+01, 1.5967e-01, 
 1DIAGNOSTIC,    71, -9.722855234430e-01, 1.292303941483e-06, 1.1440e+01, 1.5562e-01, 
 1DIAGNOSTIC,    72, -9.722589726758e-01, 1.142541958498e-06, 1.1593e+01, 1.5232e-01, 
 1DIAGNOSTIC,    73, -9.723058147069e-01, 1.306628344560e-06, 1.1758e+01, 1.6592e-01, 
 1DIAGNOSTIC,    74, -9.722786167938e-01, 1.151365968332e-06, 1.1923e+01, 1.6452e-01, 
 1DIAGNOSTIC,    75, -9.723255856261e-01, 1.298728167084e-06, 1.2075e+01, 1.5243e-01, 
 1DIAGNOSTIC,    76, -9.722977052971e-01, 1.126578989064e-06, 1.2226e+01, 1.5052e-01, 
 1DIAGNOSTIC,    77, -9.723446523422e-01, 1.250877613672e-06, 1.2387e+01, 1.6078e-01, 
 1DIAGNOSTIC,    78, -9.723151020755e-01, 1.076866108089e-06, 1.2546e+01, 1.5902e-01, 
 1DIAGNOSTIC,    79, -9.723618901800e-01, 1.194445072825e-06, 1.2698e+01, 1.5184e-01, 
 1DIAGNOSTIC,    80, -9.723311603721e-01, 1.017380442989e-06, 1.2847e+01, 1.4971e-01, 
 1DIAGNOSTIC,    81, -9.723777740984e-01, 1.128136442916e-06, 1.3001e+01, 1.5377e-01, 
 1DIAGNOSTIC,    82, -9.723467373268e-01, 9.503841180633e-07, 1.3163e+01, 1.6231e-01, 
XXDIAGNOSTIC,Iteration,metricValue,convergenceValue,ITERATION_TIME_INDEX,SINCE_LAST
 1DIAGNOSTIC,     1, -9.099277885808e-01, 1.797693134862e+308, 1.4756e+01, 1.5924e+00, 
 1DIAGNOSTIC,     2, -9.116013737941e-01, 1.797693134862e+308, 1.5997e+01, 1.2413e+00, 
 1DIAGNOSTIC,     3, -9.140946557936e-01, 1.797693134862e+308, 1.7220e+01, 1.2228e+00, 
 1DIAGNOSTIC,     4, -9.172823670917e-01, 1.797693134862e+308, 1.8439e+01, 1.2191e+00, 
 1DIAGNOSTIC,     5, -9.202045742771e-01, 1.797693134862e+308, 1.9685e+01, 1.2460e+00, 
 1DIAGNOSTIC,     6, -9.223936058556e-01, 1.797693134862e+308, 2.0916e+01, 1.2315e+00, 
 1DIAGNOSTIC,     7, -9.240405963327e-01, 1.797693134862e+308, 2.2148e+01, 1.2310e+00, 
 1DIAGNOSTIC,     8, -9.252999601443e-01, 1.797693134862e+308, 2.3386e+01, 1.2382e+00, 
 1DIAGNOSTIC,     9, -9.262928560613e-01, 1.797693134862e+308, 2.4642e+01, 1.2564e+00, 
 1DIAGNOSTIC,    10, -9.271125482746e-01, 1.282479675111e-03, 2.5886e+01, 1.2441e+00, 
 1DIAGNOSTIC,    11, -9.278238778273e-01, 1.029376499617e-03, 2.7127e+01, 1.2408e+00, 
 1DIAGNOSTIC,    12, -9.284672098877e-01, 7.857850204838e-04, 2.8366e+01, 1.2387e+00, 
 1DIAGNOSTIC,    13, -9.290810509831e-01, 5.817982001464e-04, 2.9619e+01, 1.2533e+00, 
 1DIAGNOSTIC,    14, -9.297056809925e-01, 4.372896994625e-04, 3.0850e+01, 1.2306e+00, 
 1DIAGNOSTIC,    15, -9.302020431259e-01, 3.417987353218e-04, 3.2085e+01, 1.2357e+00, 
 1DIAGNOSTIC,    16, -9.309479626780e-01, 2.830691030071e-04, 3.3321e+01, 1.2359e+00, 
 1DIAGNOSTIC,    17, -9.316122112080e-01, 2.466777862087e-04, 3.4572e+01, 1.2504e+00, 
 1DIAGNOSTIC,    18, -9.322251860601e-01, 2.233227823402e-04, 3.5805e+01, 1.2329e+00, 
 1DIAGNOSTIC,    19, -9.329600777806e-01, 2.095967200446e-04, 3.7074e+01, 1.2691e+00, 
 1DIAGNOSTIC,    20, -9.334703165998e-01, 1.980729866852e-04, 3.8327e+01, 1.2537e+00, 
 1DIAGNOSTIC,    21, -9.339618741287e-01, 1.867456201069e-04, 3.9563e+01, 1.2358e+00, 
 1DIAGNOSTIC,    22, -9.344425421946e-01, 1.746477864468e-04, 4.0802e+01, 1.2385e+00, 
 1DIAGNOSTIC,    23, -9.349134103608e-01, 1.616794789880e-04, 4.2074e+01, 1.2726e+00, 
 1DIAGNOSTIC,    24, -9.352846678302e-01, 1.473677561140e-04, 4.3319e+01, 1.2449e+00, 
 1DIAGNOSTIC,    25, -9.357473696334e-01, 1.320920725751e-04, 4.4576e+01, 1.2569e+00, 
 1DIAGNOSTIC,    26, -9.360762610272e-01, 1.182183547550e-04, 4.5822e+01, 1.2459e+00, 
 1DIAGNOSTIC,    27, -9.364969493699e-01, 1.065606044033e-04, 4.7059e+01, 1.2368e+00, 
 1DIAGNOSTIC,    28, -9.367887653259e-01, 9.549797666025e-05, 4.8293e+01, 1.2347e+00, 
 1DIAGNOSTIC,    29, -9.370792694394e-01, 8.702937700103e-05, 4.9545e+01, 1.2512e+00, 
 1DIAGNOSTIC,    30, -9.373641340748e-01, 7.902621718631e-05, 5.0794e+01, 1.2491e+00, 
 1DIAGNOSTIC,    31, -9.376213583922e-01, 7.144862137409e-05, 5.2051e+01, 1.2569e+00, 
 1DIAGNOSTIC,    32, -9.378391898814e-01, 6.425704386537e-05, 5.3301e+01, 1.2503e+00, 
 1DIAGNOSTIC,    33, -9.380214305548e-01, 5.750402597799e-05, 5.4556e+01, 1.2552e+00, 
 1DIAGNOSTIC,    34, -9.381784218016e-01, 5.046366093941e-05, 5.5810e+01, 1.2535e+00, 
 1DIAGNOSTIC,    35, -9.383137282282e-01, 4.430025711372e-05, 5.7041e+01, 1.2311e+00, 
 1DIAGNOSTIC,    36, -9.384300267385e-01, 3.805852569770e-05, 5.8303e+01, 1.2627e+00, 
 1DIAGNOSTIC,    37, -9.385360049699e-01, 3.292932117586e-05, 5.9563e+01, 1.2599e+00, 
 1DIAGNOSTIC,    38, -9.386241499891e-01, 2.803548955085e-05, 6.0843e+01, 1.2800e+00, 
 1DIAGNOSTIC,    39, -9.387105235264e-01, 2.371697305885e-05, 6.2086e+01, 1.2425e+00, 
 1DIAGNOSTIC,    40, -9.388030655954e-01, 2.027651819901e-05, 6.3334e+01, 1.2477e+00, 
 1DIAGNOSTIC,    41, -9.388825308766e-01, 1.761936145124e-05, 6.4590e+01, 1.2563e+00, 
 1DIAGNOSTIC,    42, -9.389550695533e-01, 1.556668541204e-05, 6.5834e+01, 1.2446e+00, 
 1DIAGNOSTIC,    43, -9.390240026040e-01, 1.395816855321e-05, 6.7055e+01, 1.2207e+00, 
 1DIAGNOSTIC,    44, -9.390932494660e-01, 1.271005087208e-05, 6.8312e+01, 1.2568e+00, 
 1DIAGNOSTIC,    45, -9.391623357170e-01, 1.173831572823e-05, 6.9581e+01, 1.2686e+00, 
 1DIAGNOSTIC,    46, -9.392360633976e-01, 1.099682061209e-05, 7.0863e+01, 1.2819e+00, 
 1DIAGNOSTIC,    47, -9.393072342271e-01, 1.043777091754e-05, 7.2087e+01, 1.2249e+00, 
 1DIAGNOSTIC,    48, -9.393549892977e-01, 9.819526474605e-06, 7.3334e+01, 1.2469e+00, 
 1DIAGNOSTIC,    49, -9.391665834131e-01, 7.706040571730e-06, 7.4594e+01, 1.2593e+00, 
 1DIAGNOSTIC,    50, -9.391737255186e-01, 5.640549278804e-06, 7.5845e+01, 1.2512e+00, 
 1DIAGNOSTIC,    51, -9.390246511216e-01, 2.739986186870e-06, 7.7067e+01, 1.2217e+00, 
 1DIAGNOSTIC,    52, -9.390635562021e-01, 3.996446474863e-07, 7.8316e+01, 1.2493e+00, 
XXDIAGNOSTIC,Iteration,metricValue,convergenceValue,ITERATION_TIME_INDEX,SINCE_LAST
 1DIAGNOSTIC,     1, -9.021516580351e-01, 1.797693134862e+308, 8.8691e+01, 1.0375e+01, 
 1DIAGNOSTIC,     2, -9.040500604863e-01, 1.797693134862e+308, 9.8648e+01, 9.9572e+00, 
 1DIAGNOSTIC,     3, -9.067044406770e-01, 1.797693134862e+308, 1.0866e+02, 1.0010e+01, 
 1DIAGNOSTIC,     4, -9.092201765900e-01, 1.797693134862e+308, 1.1856e+02, 9.8979e+00, 
 1DIAGNOSTIC,     5, -9.113617144946e-01, 1.797693134862e+308, 1.2854e+02, 9.9807e+00, 
 1DIAGNOSTIC,     6, -9.132802512024e-01, 1.797693134862e+308, 1.3869e+02, 1.0155e+01, 
 1DIAGNOSTIC,     7, -9.149827556512e-01, 1.797693134862e+308, 1.4875e+02, 1.0062e+01, 
 1DIAGNOSTIC,     8, -9.165176784419e-01, 1.797693134862e+308, 1.5866e+02, 9.9077e+00, 
 1DIAGNOSTIC,     9, -9.179069491922e-01, 1.797693134862e+308, 1.6871e+02, 1.0045e+01, 
 1DIAGNOSTIC,    10, -9.191833256753e-01, 1.220242895770e-03, 1.7877e+02, 1.0061e+01, 
 1DIAGNOSTIC,    11, -9.203688181870e-01, 1.022629612332e-03, 1.8889e+02, 1.0126e+01, 
 1DIAGNOSTIC,    12, -9.214937865925e-01, 8.439364429931e-04, 1.9902e+02, 1.0122e+01, 
 1DIAGNOSTIC,    13, -9.224020926002e-01, 7.010611358757e-04, 2.0913e+02, 1.0112e+01, 
 1DIAGNOSTIC,    14, -9.234462153200e-01, 5.935104302900e-04, 2.1907e+02, 9.9460e+00, 
 1DIAGNOSTIC,    15, -9.242365776388e-01, 5.063123851490e-04, 2.2924e+02, 1.0166e+01, 
 1DIAGNOSTIC,    16, -9.249644940917e-01, 4.346051766802e-04, 2.3930e+02, 1.0062e+01, 
 1DIAGNOSTIC,    17, -9.256494104236e-01, 3.746504765354e-04, 2.4924e+02, 9.9337e+00, 
 1DIAGNOSTIC,    18, -9.261848929752e-01, 3.221914074671e-04, 2.5935e+02, 1.0118e+01, 
 1DIAGNOSTIC,    19, -9.268100181194e-01, 2.780896293698e-04, 2.6929e+02, 9.9372e+00, 
 1DIAGNOSTIC,    20, -9.272827966201e-01, 2.394426432114e-04, 2.7933e+02, 1.0039e+01, 
 1DIAGNOSTIC,    21, -9.276877444102e-01, 2.055148767424e-04, 2.8926e+02, 9.9288e+00, 
 1DIAGNOSTIC,    22, -9.280373945649e-01, 1.762177913484e-04, 2.9913e+02, 9.8753e+00, 
 1DIAGNOSTIC,    23, -9.283349953385e-01, 1.490899752936e-04, 3.0904e+02, 9.9039e+00, 
 1DIAGNOSTIC,    24, -9.285967196200e-01, 1.270293931315e-04, 3.1899e+02, 9.9489e+00, 
 1DIAGNOSTIC,    25, -9.287976101303e-01, 1.070279797196e-04, 3.2904e+02, 1.0056e+01, 
 1DIAGNOSTIC,    26, -9.289561438083e-01, 8.903900853370e-05, 3.3899e+02, 9.9502e+00, 
 1DIAGNOSTIC,    27, -9.290815748793e-01, 7.331737261808e-05, 3.4900e+02, 1.0006e+01, 
 1DIAGNOSTIC,    28, -9.291672625215e-01, 5.864851336287e-05, 3.5911e+02, 1.0110e+01, 
 1DIAGNOSTIC,    29, -9.292230319819e-01, 4.673332432163e-05, 3.6924e+02, 1.0131e+01, 
 1DIAGNOSTIC,    30, -9.292651915687e-01, 3.653791612195e-05, 3.7932e+02, 1.0077e+01, 
 1DIAGNOSTIC,    31, -9.292948661688e-01, 2.792008453176e-05, 3.8952e+02, 1.0199e+01, 
 1DIAGNOSTIC,    32, -9.293267172424e-01, 2.092908127210e-05, 3.9955e+02, 1.0035e+01, 
 1DIAGNOSTIC,    33, -9.293661271261e-01, 1.558067725388e-05, 4.0961e+02, 1.0062e+01, 
 1DIAGNOSTIC,    34, -9.294122854862e-01, 1.192101122059e-05, 4.1961e+02, 1.0002e+01, 
 1DIAGNOSTIC,    35, -9.294720353384e-01, 9.696608662148e-06, 4.2974e+02, 1.0126e+01, 
 1DIAGNOSTIC,    36, -9.295444566944e-01, 8.712364418337e-06, 4.3995e+02, 1.0207e+01, 
 1DIAGNOSTIC,    37, -9.296307527999e-01, 8.778584713202e-06, 4.4997e+02, 1.0023e+01, 
 1DIAGNOSTIC,    38, -9.297330519498e-01, 9.593017189290e-06, 4.6012e+02, 1.0150e+01, 
 1DIAGNOSTIC,    39, -9.298610581206e-01, 1.096466437345e-05, 4.7028e+02, 1.0160e+01, 
 1DIAGNOSTIC,    40, -9.300055815252e-01, 1.271853640373e-05, 4.8047e+02, 1.0193e+01, 
 1DIAGNOSTIC,    41, -9.301715784730e-01, 1.469962383037e-05, 4.9070e+02, 1.0224e+01, 
 1DIAGNOSTIC,    42, -9.303593224604e-01, 1.684598670522e-05, 5.0080e+02, 1.0100e+01, 
 1DIAGNOSTIC,    43, -9.305711740650e-01, 1.913139236486e-05, 5.1075e+02, 9.9562e+00, 
 1DIAGNOSTIC,    44, -9.307853921540e-01, 2.134933749223e-05, 5.2087e+02, 1.0116e+01, 
 1DIAGNOSTIC,    45, -9.310062675827e-01, 2.338998660618e-05, 5.3092e+02, 1.0055e+01, 
 1DIAGNOSTIC,    46, -9.312319665586e-01, 2.514052849601e-05, 5.4091e+02, 9.9910e+00, 
 1DIAGNOSTIC,    47, -9.314700484112e-01, 2.657187266277e-05, 5.5109e+02, 1.0172e+01, 
 1DIAGNOSTIC,    48, -9.317190984598e-01, 2.768252953352e-05, 5.6105e+02, 9.9584e+00, 
 1DIAGNOSTIC,    49, -9.319819030917e-01, 2.857925632681e-05, 5.7126e+02, 1.0216e+01, 
 1DIAGNOSTIC,    50, -9.322610457282e-01, 2.933537425897e-05, 5.8151e+02, 1.0243e+01, 
XXDIAGNOSTIC,Iteration,metricValue,convergenceValue,ITERATION_TIME_INDEX,SINCE_LAST
 1DIAGNOSTIC,     1, -8.911366860267e-01, 1.797693134862e+308, 6.6915e+02, 8.7649e+01, 
 1DIAGNOSTIC,     2, -8.924507590482e-01, 1.797693134862e+308, 7.5473e+02, 8.5571e+01, 
 1DIAGNOSTIC,     3, -8.940766932828e-01, 1.797693134862e+308, 8.3980e+02, 8.5075e+01, 
 1DIAGNOSTIC,     4, -8.957842203855e-01, 1.797693134862e+308, 9.2449e+02, 8.4688e+01, 
 1DIAGNOSTIC,     5, -8.975100667345e-01, 1.797693134862e+308, 1.0097e+03, 8.5212e+01, 
 1DIAGNOSTIC,     6, -8.990981860281e-01, 1.797693134862e+308, 1.0948e+03, 8.5147e+01, 
 1DIAGNOSTIC,     7, -9.005496762128e-01, 1.797693134862e+308, 1.1798e+03, 8.4915e+01, 
 1DIAGNOSTIC,     8, -9.018830407154e-01, 1.797693134862e+308, 1.2655e+03, 8.5710e+01, 
 1DIAGNOSTIC,     9, -9.030987687843e-01, 1.797693134862e+308, 1.3536e+03, 8.8097e+01, 
 1DIAGNOSTIC,    10, -9.041482339357e-01, 9.616037871751e-04, 1.4389e+03, 8.5319e+01, 
 1DIAGNOSTIC,    11, -9.052040366078e-01, 8.358001560492e-04, 1.5245e+03, 8.5580e+01, 
 1DIAGNOSTIC,    12, -9.061455468507e-01, 7.149983862958e-04, 1.6106e+03, 8.6155e+01, 
 1DIAGNOSTIC,    13, -9.069664564234e-01, 6.072670178502e-04, 1.6958e+03, 8.5157e+01, 
 1DIAGNOSTIC,    14, -9.076202524850e-01, 5.126503767832e-04, 1.7820e+03, 8.6247e+01, 
 1DIAGNOSTIC,    15, -9.084147077348e-01, 4.366087153670e-04, 1.8677e+03, 8.5663e+01, 
 1DIAGNOSTIC,    16, -9.089509166215e-01, 3.715325957942e-04, 1.9538e+03, 8.6087e+01, 
 1DIAGNOSTIC,    17, -9.095435050089e-01, 3.175938557404e-04, 2.0398e+03, 8.6026e+01, 
 1DIAGNOSTIC,    18, -9.099974938982e-01, 2.714206066131e-04, 2.1288e+03, 8.9022e+01, 
 1DIAGNOSTIC,    19, -9.105132055536e-01, 2.335840104317e-04, 2.2177e+03, 8.8834e+01, 
 1DIAGNOSTIC,    20, -9.109213033385e-01, 2.005879929087e-04, 2.3015e+03, 8.3859e+01, 
  Elapsed time (stage 2): 2302


Total elapsed time: 2401
