All_Command_lines_OK
Using double precision for computations.
=============================================================================
The composite transform comprises the following transforms (in order): 
  1. Center of mass alignment using fixed image: /templateflow/tpl-MNI152NLin2009cAsym/tpl-MNI152NLin2009cAsym_res-01_desc-brain_T1w.nii.gz and moving image: /mnt/lustre/mathdugre/ants-amp/datasets/corr/RawDataBIDS/BMB_1/derivatives/antsBrainExtraction/sub-0003041/BrainExtractionBrain.nii.gz (type = Euler3DTransform)
=============================================================================
  number of levels = 4
  number of levels = 4
  number of levels = 4
  fixed image: /templateflow/tpl-MNI152NLin2009cAsym/tpl-MNI152NLin2009cAsym_res-01_desc-brain_T1w.nii.gz
  moving image: /mnt/lustre/mathdugre/ants-amp/datasets/corr/RawDataBIDS/BMB_1/derivatives/antsBrainExtraction/sub-0003041/BrainExtractionBrain.nii.gz
  fixed image: /templateflow/tpl-MNI152NLin2009cAsym/tpl-MNI152NLin2009cAsym_res-01_desc-brain_T1w.nii.gz
  moving image: /mnt/lustre/mathdugre/ants-amp/datasets/corr/RawDataBIDS/BMB_1/derivatives/antsBrainExtraction/sub-0003041/BrainExtractionBrain.nii.gz
  fixed image: /templateflow/tpl-MNI152NLin2009cAsym/tpl-MNI152NLin2009cAsym_res-01_desc-brain_T1w.nii.gz
  moving image: /mnt/lustre/mathdugre/ants-amp/datasets/corr/RawDataBIDS/BMB_1/derivatives/antsBrainExtraction/sub-0003041/BrainExtractionBrain.nii.gz
Dimension = 3
Number of stages = 3
Use histogram matching = false
Winsorize image intensities = true
  Lower quantile = 0.005
  Upper quantile = 0.995


Stage 1 State
   Image metric = MattesMI
     Fixed image = Image (0x558e7071e360)
  RTTI typeinfo:   itk::Image<double, 3u>
  Reference Count: 2
  Modified Time: 2368
  Debug: Off
  Object Name: 
  Observers: 
    none
  Source: (none)
  Source output name: (none)
  Release Data: Off
  Data Released: False
  Global Release Data: Off
  PipelineMTime: 0
  UpdateMTime: 1979
  RealTimeStamp: 0 seconds 
  LargestPossibleRegion: 
    Dimension: 3
    Index: [0, 0, 0]
    Size: [193, 229, 193]
  BufferedRegion: 
    Dimension: 3
    Index: [0, 0, 0]
    Size: [193, 229, 193]
  RequestedRegion: 
    Dimension: 3
    Index: [0, 0, 0]
    Size: [193, 229, 193]
  Spacing: [1, 1, 1]
  Origin: [96, 132, -78]
  Direction: 
-1 0 0
0 -1 0
0 0 1

  IndexToPointMatrix: 
-1 0 0
0 -1 0
0 0 1

  PointToIndexMatrix: 
-1 0 0
0 -1 0
0 0 1

  Inverse Direction: 
-1 0 0
0 -1 0
0 0 1

  PixelContainer: 
    ImportImageContainer (0x558e70715a00)
      RTTI typeinfo:   itk::ImportImageContainer<unsigned long, double>
      Reference Count: 1
      Modified Time: 1976
      Debug: Off
      Object Name: 
      Observers: 
        none
      Pointer: 0x7f65d2b66010
      Container manages memory: true
      Size: 8530021
      Capacity: 8530021

     Moving image = Image (0x558e70721a20)
  RTTI typeinfo:   itk::Image<double, 3u>
  Reference Count: 2
  Modified Time: 2369
  Debug: Off
  Object Name: 
  Observers: 
    none
  Source: (none)
  Source output name: (none)
  Release Data: Off
  Data Released: False
  Global Release Data: Off
  PipelineMTime: 0
  UpdateMTime: 2366
  RealTimeStamp: 0 seconds 
  LargestPossibleRegion: 
    Dimension: 3
    Index: [0, 0, 0]
    Size: [176, 256, 256]
  BufferedRegion: 
    Dimension: 3
    Index: [0, 0, 0]
    Size: [176, 256, 256]
  RequestedRegion: 
    Dimension: 3
    Index: [0, 0, 0]
    Size: [176, 256, 256]
  Spacing: [1, 1, 1]
  Origin: [-92.3193, 108.325, -119.169]
  Direction: 
1 0 0
0 -1 0
0 0 1

  IndexToPointMatrix: 
1 0 0
0 -1 0
0 0 1

  PointToIndexMatrix: 
1 0 0
0 -1 0
0 0 1

  Inverse Direction: 
1 0 0
0 -1 0
0 0 1

  PixelContainer: 
    ImportImageContainer (0x558e728f3c90)
      RTTI typeinfo:   itk::ImportImageContainer<unsigned long, double>
      Reference Count: 1
      Modified Time: 2363
      Debug: Off
      Object Name: 
      Observers: 
        none
      Pointer: 0x7f65cd365010
      Container manages memory: true
      Size: 11534336
      Capacity: 11534336

     Weighting = 1
     Sampling strategy = regular
     Number of bins = 32
     Radius = 4
     Sampling percentage  = 0.25
   Transform = Rigid
     Gradient step = 0.1
     Update field sigma (voxel space) = 0
     Total field sigma (voxel space) = 0
     Update field time sigma = 0
     Total field time sigma  = 0
     Number of time indices = 0
     Number of time point samples = 0
Stage 2 State
   Image metric = MattesMI
     Fixed image = Image (0x558e708449c0)
  RTTI typeinfo:   itk::Image<double, 3u>
  Reference Count: 2
  Modified Time: 3144
  Debug: Off
  Object Name: 
  Observers: 
    none
  Source: (none)
  Source output name: (none)
  Release Data: Off
  Data Released: False
  Global Release Data: Off
  PipelineMTime: 0
  UpdateMTime: 2755
  RealTimeStamp: 0 seconds 
  LargestPossibleRegion: 
    Dimension: 3
    Index: [0, 0, 0]
    Size: [193, 229, 193]
  BufferedRegion: 
    Dimension: 3
    Index: [0, 0, 0]
    Size: [193, 229, 193]
  RequestedRegion: 
    Dimension: 3
    Index: [0, 0, 0]
    Size: [193, 229, 193]
  Spacing: [1, 1, 1]
  Origin: [96, 132, -78]
  Direction: 
-1 0 0
0 -1 0
0 0 1

  IndexToPointMatrix: 
-1 0 0
0 -1 0
0 0 1

  PointToIndexMatrix: 
-1 0 0
0 -1 0
0 0 1

  Inverse Direction: 
-1 0 0
0 -1 0
0 0 1

  PixelContainer: 
    ImportImageContainer (0x558e70833f30)
      RTTI typeinfo:   itk::ImportImageContainer<unsigned long, double>
      Reference Count: 1
      Modified Time: 2752
      Debug: Off
      Object Name: 
      Observers: 
        none
      Pointer: 0x7f65c9250010
      Container manages memory: true
      Size: 8530021
      Capacity: 8530021

     Moving image = Image (0x558e708467c0)
  RTTI typeinfo:   itk::Image<double, 3u>
  Reference Count: 2
  Modified Time: 3145
  Debug: Off
  Object Name: 
  Observers: 
    none
  Source: (none)
  Source output name: (none)
  Release Data: Off
  Data Released: False
  Global Release Data: Off
  PipelineMTime: 0
  UpdateMTime: 3142
  RealTimeStamp: 0 seconds 
  LargestPossibleRegion: 
    Dimension: 3
    Index: [0, 0, 0]
    Size: [176, 256, 256]
  BufferedRegion: 
    Dimension: 3
    Index: [0, 0, 0]
    Size: [176, 256, 256]
  RequestedRegion: 
    Dimension: 3
    Index: [0, 0, 0]
    Size: [176, 256, 256]
  Spacing: [1, 1, 1]
  Origin: [-92.3193, 108.325, -119.169]
  Direction: 
1 0 0
0 -1 0
0 0 1

  IndexToPointMatrix: 
1 0 0
0 -1 0
0 0 1

  PointToIndexMatrix: 
1 0 0
0 -1 0
0 0 1

  Inverse Direction: 
1 0 0
0 -1 0
0 0 1

  PixelContainer: 
    ImportImageContainer (0x558e70849190)
      RTTI typeinfo:   itk::ImportImageContainer<unsigned long, double>
      Reference Count: 1
      Modified Time: 3139
      Debug: Off
      Object Name: 
      Observers: 
        none
      Pointer: 0x7f65c3a4f010
      Container manages memory: true
      Size: 11534336
      Capacity: 11534336

     Weighting = 1
     Sampling strategy = regular
     Number of bins = 32
     Radius = 4
     Sampling percentage  = 0.25
   Transform = Affine
     Gradient step = 0.1
     Update field sigma (voxel space) = 0
     Total field sigma (voxel space) = 0
     Update field time sigma = 0
     Total field time sigma  = 0
     Number of time indices = 0
     Number of time point samples = 0
Stage 3 State
   Image metric = CC
     Fixed image = Image (0x558e70830240)
  RTTI typeinfo:   itk::Image<double, 3u>
  Reference Count: 2
  Modified Time: 3920
  Debug: Off
  Object Name: 
  Observers: 
    none
  Source: (none)
  Source output name: (none)
  Release Data: Off
  Data Released: False
  Global Release Data: Off
  PipelineMTime: 0
  UpdateMTime: 3531
  RealTimeStamp: 0 seconds 
  LargestPossibleRegion: 
    Dimension: 3
    Index: [0, 0, 0]
    Size: [193, 229, 193]
  BufferedRegion: 
    Dimension: 3
    Index: [0, 0, 0]
    Size: [193, 229, 193]
  RequestedRegion: 
    Dimension: 3
    Index: [0, 0, 0]
    Size: [193, 229, 193]
  Spacing: [1, 1, 1]
  Origin: [96, 132, -78]
  Direction: 
-1 0 0
0 -1 0
0 0 1

  IndexToPointMatrix: 
-1 0 0
0 -1 0
0 0 1

  PointToIndexMatrix: 
-1 0 0
0 -1 0
0 0 1

  Inverse Direction: 
-1 0 0
0 -1 0
0 0 1

  PixelContainer: 
    ImportImageContainer (0x558e7076d600)
      RTTI typeinfo:   itk::ImportImageContainer<unsigned long, double>
      Reference Count: 1
      Modified Time: 3528
      Debug: Off
      Object Name: 
      Observers: 
        none
      Pointer: 0x7f65bf93a010
      Container manages memory: true
      Size: 8530021
      Capacity: 8530021

     Moving image = Image (0x558e70848e70)
  RTTI typeinfo:   itk::Image<double, 3u>
  Reference Count: 2
  Modified Time: 3921
  Debug: Off
  Object Name: 
  Observers: 
    none
  Source: (none)
  Source output name: (none)
  Release Data: Off
  Data Released: False
  Global Release Data: Off
  PipelineMTime: 0
  UpdateMTime: 3918
  RealTimeStamp: 0 seconds 
  LargestPossibleRegion: 
    Dimension: 3
    Index: [0, 0, 0]
    Size: [176, 256, 256]
  BufferedRegion: 
    Dimension: 3
    Index: [0, 0, 0]
    Size: [176, 256, 256]
  RequestedRegion: 
    Dimension: 3
    Index: [0, 0, 0]
    Size: [176, 256, 256]
  Spacing: [1, 1, 1]
  Origin: [-92.3193, 108.325, -119.169]
  Direction: 
1 0 0
0 -1 0
0 0 1

  IndexToPointMatrix: 
1 0 0
0 -1 0
0 0 1

  PointToIndexMatrix: 
1 0 0
0 -1 0
0 0 1

  Inverse Direction: 
1 0 0
0 -1 0
0 0 1

  PixelContainer: 
    ImportImageContainer (0x558e7082c0d0)
      RTTI typeinfo:   itk::ImportImageContainer<unsigned long, double>
      Reference Count: 1
      Modified Time: 3915
      Debug: Off
      Object Name: 
      Observers: 
        none
      Pointer: 0x7f65ba139010
      Container manages memory: true
      Size: 11534336
      Capacity: 11534336

     Weighting = 1
     Sampling strategy = none
     Number of bins = 32
     Radius = 4
     Sampling percentage  = 1
   Transform = SyN
     Gradient step = 0.1
     Update field sigma (voxel space) = 3
     Total field sigma (voxel space) = 0
     Update field time sigma = 0
     Total field time sigma  = 0
     Number of time indices = 0
     Number of time point samples = 0
Registration using 3 total stages.

Stage 0
  iterations = 1000x500x250x100
  convergence threshold = 1e-06
  convergence window size = 10
  number of levels = 4
  using the Mattes MI metric (number of bins = 32, weight = 1, use gradient filter = 0)
  preprocessing:  winsorizing the image intensities
  Shrink factors (level 1 out of 4): [8, 8, 8]
  Shrink factors (level 2 out of 4): [4, 4, 4]
  Shrink factors (level 3 out of 4): [2, 2, 2]
  Shrink factors (level 4 out of 4): [1, 1, 1]
  smoothing sigmas per level: [3, 2, 1, 0]
  regular sampling (percentage = 0.25)

*** Running Euler3DTransform registration ***

DIAGNOSTIC,Iteration,metricValue,convergenceValue,ITERATION_TIME_INDEX,SINCE_LAST
 2DIAGNOSTIC,     1, -5.592950089822e-01, 1.797693134862e+308, 3.5396e-01, 3.5396e-01, 
 2DIAGNOSTIC,     2, -5.604268978015e-01, 1.797693134862e+308, 3.5800e-01, 4.0390e-03, 
 2DIAGNOSTIC,     3, -5.618760431533e-01, 1.797693134862e+308, 3.6167e-01, 3.6771e-03, 
 2DIAGNOSTIC,     4, -5.636778999918e-01, 1.797693134862e+308, 3.6447e-01, 2.7940e-03, 
 2DIAGNOSTIC,     5, -5.683768746980e-01, 1.797693134862e+308, 3.6732e-01, 2.8551e-03, 
 2DIAGNOSTIC,     6, -5.881782308613e-01, 1.797693134862e+308, 3.7054e-01, 3.2232e-03, 
 2DIAGNOSTIC,     7, -5.949392853092e-01, 1.797693134862e+308, 3.7327e-01, 2.7261e-03, 
 2DIAGNOSTIC,     8, -5.963379020184e-01, 1.797693134862e+308, 3.7661e-01, 3.3369e-03, 
 2DIAGNOSTIC,     9, -6.042455278148e-01, 1.797693134862e+308, 3.8026e-01, 3.6511e-03, 
 2DIAGNOSTIC,    10, -6.043326175529e-01, 6.145213869948e-03, 3.8414e-01, 3.8791e-03, 
 2DIAGNOSTIC,    11, -6.052868737265e-01, 5.530300529706e-03, 3.8764e-01, 3.5000e-03, 
 2DIAGNOSTIC,    12, -6.049271315012e-01, 4.557697439654e-03, 3.9070e-01, 3.0630e-03, 
 2DIAGNOSTIC,    13, -6.052536940176e-01, 3.405697010413e-03, 3.9341e-01, 2.7070e-03, 
 2DIAGNOSTIC,    14, -6.057583646795e-01, 2.197175926959e-03, 3.9620e-01, 2.7921e-03, 
 2DIAGNOSTIC,    15, -6.064376294529e-01, 1.111014804703e-03, 3.9968e-01, 3.4781e-03, 
 2DIAGNOSTIC,    16, -6.066383991086e-01, 6.632950778511e-04, 4.0249e-01, 2.8172e-03, 
 2DIAGNOSTIC,    17, -6.067669515597e-01, 4.058062370316e-04, 4.0578e-01, 3.2849e-03, 
 2DIAGNOSTIC,    18, -6.069229434120e-01, 1.763806438048e-04, 4.0934e-01, 3.5601e-03, 
 2DIAGNOSTIC,    19, -6.072477829099e-01, 1.631690977252e-04, 4.1280e-01, 3.4552e-03, 
 2DIAGNOSTIC,    20, -6.068993350230e-01, 1.289715970832e-04, 4.1635e-01, 3.5510e-03, 
 2DIAGNOSTIC,    21, -6.066014361544e-01, 1.019541080519e-04, 4.2159e-01, 5.2400e-03, 
 2DIAGNOSTIC,    22, -6.065047122939e-01, 5.845953987246e-05, 4.2456e-01, 2.9690e-03, 
 2DIAGNOSTIC,    23, -6.065101189676e-01, 2.010135153001e-05, 4.2765e-01, 3.0999e-03, 
DIAGNOSTIC,Iteration,metricValue,convergenceValue,ITERATION_TIME_INDEX,SINCE_LAST
 2DIAGNOSTIC,     1, -4.911271611747e-01, 1.797693134862e+308, 7.9787e-01, 3.7022e-01, 
 2DIAGNOSTIC,     2, -4.914840252685e-01, 1.797693134862e+308, 8.1817e-01, 2.0291e-02, 
 2DIAGNOSTIC,     3, -4.919462728335e-01, 1.797693134862e+308, 8.3901e-01, 2.0848e-02, 
 2DIAGNOSTIC,     4, -4.925362040056e-01, 1.797693134862e+308, 8.5969e-01, 2.0676e-02, 
 2DIAGNOSTIC,     5, -4.932826539884e-01, 1.797693134862e+308, 8.8120e-01, 2.1512e-02, 
 2DIAGNOSTIC,     6, -4.945360555467e-01, 1.797693134862e+308, 9.0125e-01, 2.0047e-02, 
 2DIAGNOSTIC,     7, -4.959104383397e-01, 1.797693134862e+308, 9.2534e-01, 2.4094e-02, 
 2DIAGNOSTIC,     8, -5.008485143856e-01, 1.797693134862e+308, 9.5428e-01, 2.8942e-02, 
 2DIAGNOSTIC,     9, -5.025712633948e-01, 1.797693134862e+308, 9.7441e-01, 2.0131e-02, 
 2DIAGNOSTIC,    10, -5.119804205406e-01, 2.210586344463e-03, 9.9859e-01, 2.4171e-02, 
 2DIAGNOSTIC,    11, -5.166728274041e-01, 2.775816630011e-03, 1.0231e+00, 2.4467e-02, 
 2DIAGNOSTIC,    12, -5.172149936662e-01, 3.036561529997e-03, 1.0431e+00, 2.0023e-02, 
 2DIAGNOSTIC,    13, -5.175835840541e-01, 3.023658212987e-03, 1.0624e+00, 1.9313e-02, 
 2DIAGNOSTIC,    14, -5.180870677349e-01, 2.783075221868e-03, 1.0851e+00, 2.2751e-02, 
 2DIAGNOSTIC,    15, -5.189840338139e-01, 2.379079107168e-03, 1.1143e+00, 2.9190e-02, 
 2DIAGNOSTIC,    16, -5.192553287694e-01, 1.860194999403e-03, 1.1368e+00, 2.2428e-02, 
 2DIAGNOSTIC,    17, -5.193079842012e-01, 1.280954344421e-03, 1.1569e+00, 2.0140e-02, 
 2DIAGNOSTIC,    18, -5.193226132632e-01, 8.087992660849e-04, 1.1765e+00, 1.9631e-02, 
 2DIAGNOSTIC,    19, -5.193571882063e-01, 3.584438745766e-04, 1.2017e+00, 2.5168e-02, 
 2DIAGNOSTIC,    20, -5.193917584017e-01, 1.815392480129e-04, 1.2216e+00, 1.9894e-02, 
 2DIAGNOSTIC,    21, -5.194069267997e-01, 1.301949331977e-04, 1.2414e+00, 1.9820e-02, 
 2DIAGNOSTIC,    22, -5.194625955450e-01, 8.702220132781e-05, 1.2616e+00, 2.0238e-02, 
 2DIAGNOSTIC,    23, -5.196305193824e-01, 5.268934690039e-05, 1.2833e+00, 2.1662e-02, 
 2DIAGNOSTIC,    24, -5.206828429098e-01, 5.201238029602e-05, 1.3180e+00, 3.4706e-02, 
 2DIAGNOSTIC,    25, -5.208975507308e-01, 7.063767211054e-05, 1.3410e+00, 2.2997e-02, 
 2DIAGNOSTIC,    26, -5.209156271937e-01, 8.765038791951e-05, 1.3603e+00, 1.9248e-02, 
 2DIAGNOSTIC,    27, -5.209334355794e-01, 9.707160955790e-05, 1.3847e+00, 2.4481e-02, 
 2DIAGNOSTIC,    28, -5.210075188604e-01, 9.844968147395e-05, 1.4102e+00, 2.5488e-02, 
 2DIAGNOSTIC,    29, -5.210538173418e-01, 9.170105863612e-05, 1.4299e+00, 1.9628e-02, 
 2DIAGNOSTIC,    30, -5.210699192723e-01, 7.769921138336e-05, 1.4535e+00, 2.3609e-02, 
 2DIAGNOSTIC,    31, -5.211303609964e-01, 5.903806912939e-05, 1.4730e+00, 1.9567e-02, 
 2DIAGNOSTIC,    32, -5.212125440753e-01, 3.863184363497e-05, 1.4967e+00, 2.3630e-02, 
 2DIAGNOSTIC,    33, -5.212261538412e-01, 1.845912595044e-05, 1.5237e+00, 2.7078e-02, 
 2DIAGNOSTIC,    34, -5.212792003384e-01, 1.576125223948e-05, 1.5438e+00, 2.0051e-02, 
 2DIAGNOSTIC,    35, -5.212855094229e-01, 1.531374586109e-05, 1.5674e+00, 2.3633e-02, 
 2DIAGNOSTIC,    36, -5.212966785911e-01, 1.397981138100e-05, 1.5876e+00, 2.0189e-02, 
 2DIAGNOSTIC,    37, -5.213000662988e-01, 1.175633613410e-05, 1.6074e+00, 1.9828e-02, 
 2DIAGNOSTIC,    38, -5.213447389403e-01, 1.033299895817e-05, 1.6367e+00, 2.9268e-02, 
 2DIAGNOSTIC,    39, -5.213480446359e-01, 8.777466254477e-06, 1.6568e+00, 2.0070e-02, 
 2DIAGNOSTIC,    40, -5.213491621572e-01, 6.775654382722e-06, 1.6775e+00, 2.0745e-02, 
 2DIAGNOSTIC,    41, -5.213505294504e-01, 5.125259562623e-06, 1.6972e+00, 1.9661e-02, 
 2DIAGNOSTIC,    42, -5.214009111365e-01, 4.885070576582e-06, 1.7212e+00, 2.4058e-02, 
 2DIAGNOSTIC,    43, -5.214064946382e-01, 4.465095041328e-06, 1.7461e+00, 2.4866e-02, 
 2DIAGNOSTIC,    44, -5.214103604732e-01, 4.426477345099e-06, 1.7650e+00, 1.8878e-02, 
 2DIAGNOSTIC,    45, -5.214105734839e-01, 4.130941844153e-06, 1.7906e+00, 2.5610e-02, 
 2DIAGNOSTIC,    46, -5.214106553794e-01, 3.661544585518e-06, 1.8165e+00, 2.5895e-02, 
 2DIAGNOSTIC,    47, -5.214106566269e-01, 2.944781827611e-06, 1.8379e+00, 2.1382e-02, 
 2DIAGNOSTIC,    48, -5.214106604051e-01, 2.551008341987e-06, 1.8580e+00, 2.0154e-02, 
 2DIAGNOSTIC,    49, -5.214106841915e-01, 2.038898990794e-06, 1.8783e+00, 2.0289e-02, 
 2DIAGNOSTIC,    50, -5.214107570007e-01, 1.435202588551e-06, 1.8987e+00, 2.0376e-02, 
DIAGNOSTIC,Iteration,metricValue,convergenceValue,ITERATION_TIME_INDEX,SINCE_LAST
 2DIAGNOSTIC,     1, -4.555777990162e-01, 1.797693134862e+308, 2.4838e+00, 5.8511e-01, 
 2DIAGNOSTIC,     2, -4.558644943337e-01, 1.797693134862e+308, 2.6275e+00, 1.4372e-01, 
 2DIAGNOSTIC,     3, -4.560540870428e-01, 1.797693134862e+308, 2.7715e+00, 1.4397e-01, 
 2DIAGNOSTIC,     4, -4.561520354561e-01, 1.797693134862e+308, 2.9132e+00, 1.4167e-01, 
 2DIAGNOSTIC,     5, -4.561995425761e-01, 1.797693134862e+308, 3.0717e+00, 1.5859e-01, 
 2DIAGNOSTIC,     6, -4.562137839739e-01, 1.797693134862e+308, 3.2303e+00, 1.5857e-01, 
 2DIAGNOSTIC,     7, -4.562183269003e-01, 1.797693134862e+308, 3.3765e+00, 1.4619e-01, 
 2DIAGNOSTIC,     8, -4.562241618218e-01, 1.797693134862e+308, 3.5964e+00, 2.1989e-01, 
 2DIAGNOSTIC,     9, -4.562272788662e-01, 1.797693134862e+308, 3.7563e+00, 1.5994e-01, 
 2DIAGNOSTIC,    10, -4.562239046255e-01, 7.270749163062e-05, 3.9224e+00, 1.6608e-01, 
 2DIAGNOSTIC,    11, -4.562229640937e-01, 3.528867187910e-05, 4.1616e+00, 2.3915e-01, 
 2DIAGNOSTIC,    12, -4.562230498992e-01, 1.590763464029e-05, 4.3213e+00, 1.5977e-01, 
 2DIAGNOSTIC,    13, -4.562222254682e-01, 7.254374682644e-06, 4.5017e+00, 1.8041e-01, 
 2DIAGNOSTIC,    14, -4.562213546485e-01, 3.669471697332e-06, 4.6633e+00, 1.6155e-01, 
 2DIAGNOSTIC,    15, -4.562204640143e-01, 2.363473945291e-06, 4.8221e+00, 1.5883e-01, 
 2DIAGNOSTIC,    16, -4.562195805686e-01, 1.719516848492e-06, 4.9621e+00, 1.3994e-01, 
 2DIAGNOSTIC,    17, -4.562187267561e-01, 1.304731610752e-06, 5.1026e+00, 1.4053e-01, 
 2DIAGNOSTIC,    18, -4.562179226785e-01, 1.158061672092e-06, 5.2369e+00, 1.3431e-01, 
 2DIAGNOSTIC,    19, -4.562181294710e-01, 1.195787373252e-06, 5.4097e+00, 1.7276e-01, 
 2DIAGNOSTIC,    20, -4.562182123814e-01, 1.171892344436e-06, 5.5618e+00, 1.5217e-01, 
 2DIAGNOSTIC,    21, -4.562173685566e-01, 1.135811997489e-06, 5.6982e+00, 1.3639e-01, 
 2DIAGNOSTIC,    22, -4.562165805637e-01, 1.119881992181e-06, 5.8509e+00, 1.5266e-01, 
 2DIAGNOSTIC,    23, -4.562167460725e-01, 1.118807356468e-06, 5.9848e+00, 1.3396e-01, 
 2DIAGNOSTIC,    24, -4.562151773807e-01, 1.078556731218e-06, 6.1391e+00, 1.5427e-01, 
 2DIAGNOSTIC,    25, -4.562144325315e-01, 1.024882907610e-06, 6.2717e+00, 1.3258e-01, 
DIAGNOSTIC,Iteration,metricValue,convergenceValue,ITERATION_TIME_INDEX,SINCE_LAST
 2DIAGNOSTIC,     1, -4.213831545057e-01, 1.797693134862e+308, 8.1395e+00, 1.8678e+00, 
 2DIAGNOSTIC,     2, -4.213997865303e-01, 1.797693134862e+308, 9.1967e+00, 1.0572e+00, 
 2DIAGNOSTIC,     3, -4.213982265098e-01, 1.797693134862e+308, 1.0386e+01, 1.1889e+00, 
 2DIAGNOSTIC,     4, -4.213981402438e-01, 1.797693134862e+308, 1.1565e+01, 1.1796e+00, 
 2DIAGNOSTIC,     5, -4.213977426516e-01, 1.797693134862e+308, 1.2744e+01, 1.1791e+00, 
 2DIAGNOSTIC,     6, -4.213975138639e-01, 1.797693134862e+308, 1.3816e+01, 1.0715e+00, 
 2DIAGNOSTIC,     7, -4.213972891056e-01, 1.797693134862e+308, 1.4881e+01, 1.0653e+00, 
 2DIAGNOSTIC,     8, -4.213983566556e-01, 1.797693134862e+308, 1.6301e+01, 1.4193e+00, 
 2DIAGNOSTIC,     9, -4.213980872902e-01, 1.797693134862e+308, 1.7731e+01, 1.4303e+00, 
 2DIAGNOSTIC,    10, -4.213980930626e-01, 4.065247590890e-06, 1.8673e+01, 9.4260e-01, 
 2DIAGNOSTIC,    11, -4.213978986820e-01, 2.781932366094e-06, 1.9866e+01, 1.1923e+00, 
 2DIAGNOSTIC,    12, -4.213978005205e-01, 2.653823495971e-06, 2.0928e+01, 1.0621e+00, 
 2DIAGNOSTIC,    13, -4.213977009765e-01, 2.457932347544e-06, 2.1862e+01, 9.3432e-01, 
 2DIAGNOSTIC,    14, -4.213976032095e-01, 2.280351923303e-06, 2.2933e+01, 1.0714e+00, 
 2DIAGNOSTIC,    15, -4.213976083937e-01, 2.109085499039e-06, 2.3886e+01, 9.5264e-01, 
 2DIAGNOSTIC,    16, -4.213975157185e-01, 1.947396544855e-06, 2.4956e+01, 1.0695e+00, 
 2DIAGNOSTIC,    17, -4.213975256033e-01, 1.798768478972e-06, 2.5902e+01, 9.4638e-01, 
 2DIAGNOSTIC,    18, -4.213973378350e-01, 1.706523330119e-06, 2.6841e+01, 9.3894e-01, 
 2DIAGNOSTIC,    19, -4.213972636546e-01, 1.617484347634e-06, 2.7800e+01, 9.5952e-01, 
 2DIAGNOSTIC,    20, -4.213974129154e-01, 1.547963362769e-06, 2.8751e+01, 9.5093e-01, 
 2DIAGNOSTIC,    21, -4.213973867763e-01, 1.481728424450e-06, 2.9708e+01, 9.5664e-01, 
 2DIAGNOSTIC,    22, -4.213979151776e-01, 1.437910064774e-06, 3.0661e+01, 9.5320e-01, 
 2DIAGNOSTIC,    23, -4.213985106920e-01, 1.412951840862e-06, 3.1731e+01, 1.0700e+00, 
 2DIAGNOSTIC,    24, -4.213984361293e-01, 1.382123534628e-06, 3.2680e+01, 9.4899e-01, 
 2DIAGNOSTIC,    25, -4.213984629205e-01, 1.349717080594e-06, 3.3754e+01, 1.0736e+00, 
 2DIAGNOSTIC,    26, -4.213993446523e-01, 1.333055165434e-06, 3.4825e+01, 1.0714e+00, 
 2DIAGNOSTIC,    27, -4.213989246167e-01, 1.296304476615e-06, 3.5886e+01, 1.0604e+00, 
 2DIAGNOSTIC,    28, -4.213993550566e-01, 1.257236036854e-06, 3.6841e+01, 9.5571e-01, 
 2DIAGNOSTIC,    29, -4.213996794043e-01, 1.215235479086e-06, 3.7793e+01, 9.5140e-01, 
 2DIAGNOSTIC,    30, -4.214005852404e-01, 1.188618968792e-06, 3.8858e+01, 1.0653e+00, 
 2DIAGNOSTIC,    31, -4.214020507908e-01, 1.182074139502e-06, 3.9907e+01, 1.0489e+00, 
 2DIAGNOSTIC,    32, -4.214043964250e-01, 1.220867410494e-06, 4.0830e+01, 9.2301e-01, 
 2DIAGNOSTIC,    33, -4.214073755430e-01, 1.308346980942e-06, 4.1764e+01, 9.3454e-01, 
 2DIAGNOSTIC,    34, -4.214110919241e-01, 1.429417903411e-06, 4.2694e+01, 9.2935e-01, 
 2DIAGNOSTIC,    35, -4.214241416717e-01, 1.747124999344e-06, 4.3628e+01, 9.3464e-01, 
 2DIAGNOSTIC,    36, -4.214564842502e-01, 2.584363088785e-06, 4.4560e+01, 9.3199e-01, 
 2DIAGNOSTIC,    37, -4.215097593313e-01, 4.164073059421e-06, 4.5611e+01, 1.0507e+00, 
 2DIAGNOSTIC,    38, -4.215262474716e-01, 5.628986575842e-06, 4.6760e+01, 1.1491e+00, 
 2DIAGNOSTIC,    39, -4.215379521627e-01, 6.780527137460e-06, 4.7795e+01, 1.0342e+00, 
 2DIAGNOSTIC,    40, -4.215325863632e-01, 7.237367368670e-06, 4.8980e+01, 1.1857e+00, 
 2DIAGNOSTIC,    41, -4.215294295593e-01, 7.026020310243e-06, 4.9895e+01, 9.1446e-01, 
 2DIAGNOSTIC,    42, -4.215379483032e-01, 6.391267346317e-06, 5.0861e+01, 9.6668e-01, 
 2DIAGNOSTIC,    43, -4.215531518155e-01, 5.528051229022e-06, 5.1923e+01, 1.0613e+00, 
 2DIAGNOSTIC,    44, -4.215538686468e-01, 4.318347739542e-06, 5.3111e+01, 1.1886e+00, 
 2DIAGNOSTIC,    45, -4.215541285022e-01, 3.023192641227e-06, 5.4308e+01, 1.1971e+00, 
 2DIAGNOSTIC,    46, -4.215522434095e-01, 1.996841349459e-06, 5.5761e+01, 1.4530e+00, 
 2DIAGNOSTIC,    47, -4.215522992534e-01, 1.646720633415e-06, 5.6831e+01, 1.0692e+00, 
 2DIAGNOSTIC,    48, -4.215522400579e-01, 1.438416226327e-06, 5.7792e+01, 9.6089e-01, 
 2DIAGNOSTIC,    49, -4.215520007295e-01, 1.324252819915e-06, 5.9086e+01, 1.2948e+00, 
 2DIAGNOSTIC,    50, -4.215518535922e-01, 1.081653351654e-06, 6.0159e+01, 1.0726e+00, 
  Elapsed time (stage 0): 6.0833e+01


Stage 1
  iterations = 1000x500x250x100
  convergence threshold = 1.0000e-06
  convergence window size = 10
  number of levels = 4
  using the Mattes MI metric (number of bins = 32, weight = 1.0000e+00, use gradient filter = 0)
  preprocessing:  winsorizing the image intensities
  Shrink factors (level 1 out of 4): [8, 8, 8]
  Shrink factors (level 2 out of 4): [4, 4, 4]
  Shrink factors (level 3 out of 4): [2, 2, 2]
  Shrink factors (level 4 out of 4): [1, 1, 1]
  smoothing sigmas per level: [3, 2, 1, 0]
  regular sampling (percentage = 2.5000e-01)

*** Running AffineTransform registration ***

DIAGNOSTIC,Iteration,metricValue,convergenceValue,ITERATION_TIME_INDEX,SINCE_LAST
 2DIAGNOSTIC,     1, -6.411970836885e-01, 1.797693134862e+308, 3.7387e-01, 3.7387e-01, 
 2DIAGNOSTIC,     2, -6.429659953268e-01, 1.797693134862e+308, 3.7852e-01, 4.6492e-03, 
 2DIAGNOSTIC,     3, -6.459632776215e-01, 1.797693134862e+308, 3.8312e-01, 4.6031e-03, 
 2DIAGNOSTIC,     4, -6.508052875157e-01, 1.797693134862e+308, 3.8680e-01, 3.6790e-03, 
 2DIAGNOSTIC,     5, -6.586594398583e-01, 1.797693134862e+308, 3.9008e-01, 3.2761e-03, 
 2DIAGNOSTIC,     6, -6.783436635581e-01, 1.797693134862e+308, 3.9322e-01, 3.1440e-03, 
 2DIAGNOSTIC,     7, -7.529061669944e-01, 1.797693134862e+308, 3.9685e-01, 3.6230e-03, 
 2DIAGNOSTIC,     8, -7.990644566004e-01, 1.797693134862e+308, 4.0117e-01, 4.3199e-03, 
 2DIAGNOSTIC,     9, -8.063176578516e-01, 1.797693134862e+308, 4.0427e-01, 3.0990e-03, 
 2DIAGNOSTIC,    10, -8.487942482847e-01, 2.029526927396e-02, 4.0811e-01, 3.8450e-03, 
 2DIAGNOSTIC,    11, -8.692461332093e-01, 2.099711015439e-02, 4.1142e-01, 3.3112e-03, 
 2DIAGNOSTIC,    12, -8.749855637022e-01, 1.989343143968e-02, 4.1810e-01, 6.6750e-03, 
 2DIAGNOSTIC,    13, -8.755976968198e-01, 1.732026107260e-02, 4.2234e-01, 4.2391e-03, 
 2DIAGNOSTIC,    14, -8.754684770069e-01, 1.377437848537e-02, 4.2653e-01, 4.1981e-03, 
 2DIAGNOSTIC,    15, -8.754809945940e-01, 9.727732773559e-03, 4.2987e-01, 3.3410e-03, 
 2DIAGNOSTIC,    16, -8.754462437079e-01, 5.775766003379e-03, 4.3354e-01, 3.6671e-03, 
 2DIAGNOSTIC,    17, -8.756833998029e-01, 3.408060927845e-03, 4.3761e-01, 4.0660e-03, 
 2DIAGNOSTIC,    18, -8.754872849728e-01, 1.958536412875e-03, 4.4133e-01, 3.7239e-03, 
 2DIAGNOSTIC,    19, -8.756114346477e-01, 6.213344718443e-04, 4.4473e-01, 3.3979e-03, 
 2DIAGNOSTIC,    20, -8.756691025867e-01, 1.268474898556e-04, 4.4875e-01, 4.0209e-03, 
 2DIAGNOSTIC,    21, -8.757722572749e-01, 1.848869792202e-05, 4.5221e-01, 3.4611e-03, 
 2DIAGNOSTIC,    22, -8.756564721132e-01, 9.657685737824e-06, 4.5557e-01, 3.3579e-03, 
 2DIAGNOSTIC,    23, -8.757834877355e-01, 1.242949386334e-05, 4.5937e-01, 3.8049e-03, 
 2DIAGNOSTIC,    24, -8.759426047269e-01, 1.434200665129e-05, 4.6304e-01, 3.6631e-03, 
 2DIAGNOSTIC,    25, -8.758959206443e-01, 1.431674985818e-05, 4.6666e-01, 3.6240e-03, 
 2DIAGNOSTIC,    26, -8.758621382731e-01, 1.211346546828e-05, 4.7033e-01, 3.6709e-03, 
 2DIAGNOSTIC,    27, -8.757860217960e-01, 1.130865868262e-05, 4.7382e-01, 3.4921e-03, 
 2DIAGNOSTIC,    28, -8.757513413014e-01, 6.723105946162e-06, 4.7749e-01, 3.6669e-03, 
 2DIAGNOSTIC,    29, -8.758732640285e-01, 4.831941578159e-06, 4.8125e-01, 3.7570e-03, 
 2DIAGNOSTIC,    30, -8.758650918712e-01, 3.219121093134e-06, 4.8457e-01, 3.3209e-03, 
 2DIAGNOSTIC,    31, -8.757862777461e-01, 1.898229188578e-06, 4.8779e-01, 3.2220e-03, 
 2DIAGNOSTIC,    32, -8.760827350420e-01, 2.569346521548e-06, 4.9112e-01, 3.3278e-03, 
 2DIAGNOSTIC,    33, -8.763141140215e-01, 6.635944299845e-06, 4.9509e-01, 3.9701e-03, 
 2DIAGNOSTIC,    34, -8.764547909115e-01, 1.287936362106e-05, 4.9834e-01, 3.2511e-03, 
 2DIAGNOSTIC,    35, -8.763662599037e-01, 1.632327337001e-05, 5.0205e-01, 3.7050e-03, 
 2DIAGNOSTIC,    36, -8.763303266947e-01, 1.755777293117e-05, 5.0535e-01, 3.3062e-03, 
 2DIAGNOSTIC,    37, -8.763529622087e-01, 1.663886371606e-05, 5.0901e-01, 3.6561e-03, 
 2DIAGNOSTIC,    38, -8.763070633362e-01, 1.343451365173e-05, 5.1280e-01, 3.7880e-03, 
 2DIAGNOSTIC,    39, -8.762233277970e-01, 9.561161845379e-06, 5.1663e-01, 3.8390e-03, 
 2DIAGNOSTIC,    40, -8.760046589421e-01, 3.241500400125e-06, 5.1986e-01, 3.2270e-03, 
DIAGNOSTIC,Iteration,metricValue,convergenceValue,ITERATION_TIME_INDEX,SINCE_LAST
 2DIAGNOSTIC,     1, -7.209830223659e-01, 1.797693134862e+308, 9.1459e-01, 3.9473e-01, 
 2DIAGNOSTIC,     2, -7.218564554874e-01, 1.797693134862e+308, 9.3893e-01, 2.4340e-02, 
 2DIAGNOSTIC,     3, -7.227241560277e-01, 1.797693134862e+308, 9.6282e-01, 2.3893e-02, 
 2DIAGNOSTIC,     4, -7.233715462283e-01, 1.797693134862e+308, 9.8674e-01, 2.3916e-02, 
 2DIAGNOSTIC,     5, -7.240483834988e-01, 1.797693134862e+308, 1.0099e+00, 2.3209e-02, 
 2DIAGNOSTIC,     6, -7.250485375760e-01, 1.797693134862e+308, 1.0345e+00, 2.4550e-02, 
 2DIAGNOSTIC,     7, -7.256191923142e-01, 1.797693134862e+308, 1.0654e+00, 3.0921e-02, 
 2DIAGNOSTIC,     8, -7.262193595373e-01, 1.797693134862e+308, 1.1022e+00, 3.6748e-02, 
 2DIAGNOSTIC,     9, -7.262441617295e-01, 1.797693134862e+308, 1.1258e+00, 2.3587e-02, 
 2DIAGNOSTIC,    10, -7.263030967922e-01, 5.063418826905e-04, 1.1495e+00, 2.3725e-02, 
 2DIAGNOSTIC,    11, -7.263534832812e-01, 3.862366619341e-04, 1.1742e+00, 2.4745e-02, 
 2DIAGNOSTIC,    12, -7.264127525470e-01, 2.815985863296e-04, 1.1996e+00, 2.5412e-02, 
 2DIAGNOSTIC,    13, -7.264767897331e-01, 1.958215724732e-04, 1.2355e+00, 3.5882e-02, 
 2DIAGNOSTIC,    14, -7.265060591324e-01, 1.236808205501e-04, 1.2698e+00, 3.4315e-02, 
 2DIAGNOSTIC,    15, -7.265071323006e-01, 6.749071049342e-05, 1.2952e+00, 2.5390e-02, 
 2DIAGNOSTIC,    16, -7.265099176610e-01, 3.670328850081e-05, 1.3206e+00, 2.5412e-02, 
 2DIAGNOSTIC,    17, -7.265138764571e-01, 1.920566851835e-05, 1.3453e+00, 2.4633e-02, 
 2DIAGNOSTIC,    18, -7.265190193277e-01, 1.521906098215e-05, 1.3688e+00, 2.3583e-02, 
 2DIAGNOSTIC,    19, -7.265252848796e-01, 1.102865061307e-05, 1.3938e+00, 2.4994e-02, 
 2DIAGNOSTIC,    20, -7.265317191019e-01, 7.672068586047e-06, 1.4192e+00, 2.5310e-02, 
 2DIAGNOSTIC,    21, -7.265375350243e-01, 5.107834266806e-06, 1.4448e+00, 2.5655e-02, 
 2DIAGNOSTIC,    22, -7.265428800592e-01, 3.564820774821e-06, 1.4761e+00, 3.1250e-02, 
 2DIAGNOSTIC,    23, -7.265442899034e-01, 3.057762004509e-06, 1.5113e+00, 3.5212e-02, 
 2DIAGNOSTIC,    24, -7.265450477332e-01, 2.926906991517e-06, 1.5368e+00, 2.5575e-02, 
 2DIAGNOSTIC,    25, -7.265455524997e-01, 2.680737843000e-06, 1.5622e+00, 2.5357e-02, 
 2DIAGNOSTIC,    26, -7.265470840596e-01, 2.385146330941e-06, 1.5873e+00, 2.5092e-02, 
 2DIAGNOSTIC,    27, -7.265477854073e-01, 2.068211145970e-06, 1.6223e+00, 3.4957e-02, 
 2DIAGNOSTIC,    28, -7.265484139047e-01, 1.770187003931e-06, 1.6463e+00, 2.4083e-02, 
 2DIAGNOSTIC,    29, -7.265489185316e-01, 1.523975415127e-06, 1.6711e+00, 2.4733e-02, 
 2DIAGNOSTIC,    30, -7.265515216516e-01, 1.370699170035e-06, 1.6990e+00, 2.7919e-02, 
 2DIAGNOSTIC,    31, -7.265517702882e-01, 1.271977189993e-06, 1.7307e+00, 3.1676e-02, 
 2DIAGNOSTIC,    32, -7.265521864156e-01, 1.226607741218e-06, 1.7556e+00, 2.4947e-02, 
 2DIAGNOSTIC,    33, -7.265525918917e-01, 1.183899225168e-06, 1.7850e+00, 2.9363e-02, 
 2DIAGNOSTIC,    34, -7.265529487913e-01, 1.135661965350e-06, 1.8223e+00, 3.7290e-02, 
 2DIAGNOSTIC,    35, -7.265529840693e-01, 1.076511664280e-06, 1.9035e+00, 8.1220e-02, 
 2DIAGNOSTIC,    36, -7.265529840693e-01, 1.021337052428e-06, 1.9505e+00, 4.6977e-02, 
DIAGNOSTIC,Iteration,metricValue,convergenceValue,ITERATION_TIME_INDEX,SINCE_LAST
 2DIAGNOSTIC,     1, -6.154404024215e-01, 1.797693134862e+308, 2.5895e+00, 6.3908e-01, 
 2DIAGNOSTIC,     2, -6.160330370088e-01, 1.797693134862e+308, 2.7568e+00, 1.6722e-01, 
 2DIAGNOSTIC,     3, -6.165728407333e-01, 1.797693134862e+308, 2.9289e+00, 1.7212e-01, 
 2DIAGNOSTIC,     4, -6.171456429788e-01, 1.797693134862e+308, 3.1035e+00, 1.7462e-01, 
 2DIAGNOSTIC,     5, -6.179831900376e-01, 1.797693134862e+308, 3.2782e+00, 1.7464e-01, 
 2DIAGNOSTIC,     6, -6.197521143266e-01, 1.797693134862e+308, 3.4508e+00, 1.7267e-01, 
 2DIAGNOSTIC,     7, -6.207758574208e-01, 1.797693134862e+308, 3.9058e+00, 4.5495e-01, 
 2DIAGNOSTIC,     8, -6.207764253350e-01, 1.797693134862e+308, 4.0910e+00, 1.8525e-01, 
 2DIAGNOSTIC,     9, -6.207727150486e-01, 1.797693134862e+308, 4.2625e+00, 1.7153e-01, 
 2DIAGNOSTIC,    10, -6.207690732570e-01, 6.651285103995e-04, 4.4354e+00, 1.7287e-01, 
 2DIAGNOSTIC,    11, -6.207684462832e-01, 5.215218734216e-04, 4.6466e+00, 2.1119e-01, 
 2DIAGNOSTIC,    12, -6.207673786451e-01, 3.773422633668e-04, 4.8415e+00, 1.9489e-01, 
 2DIAGNOSTIC,    13, -6.207675663115e-01, 2.413078412175e-04, 5.0306e+00, 1.8914e-01, 
 2DIAGNOSTIC,    14, -6.207650724001e-01, 1.222227885434e-04, 5.2197e+00, 1.8903e-01, 
 2DIAGNOSTIC,    15, -6.207640320381e-01, 3.252594405878e-05, 5.4130e+00, 1.9328e-01, 
 2DIAGNOSTIC,    16, -6.207616934269e-01, 1.096676310527e-06, 5.6002e+00, 1.8725e-01, 
 2DIAGNOSTIC,    17, -6.207606135219e-01, 1.051287067788e-06, 5.7705e+00, 1.7034e-01, 
 2DIAGNOSTIC,    18, -6.207597257654e-01, 1.080118605168e-06, 5.9589e+00, 1.8837e-01, 
 2DIAGNOSTIC,    19, -6.207590379616e-01, 1.066107577080e-06, 6.1711e+00, 2.1219e-01, 
DIAGNOSTIC,Iteration,metricValue,convergenceValue,ITERATION_TIME_INDEX,SINCE_LAST
 2DIAGNOSTIC,     1, -5.553498803899e-01, 1.797693134862e+308, 8.1256e+00, 1.9545e+00, 
 2DIAGNOSTIC,     2, -5.557194068058e-01, 1.797693134862e+308, 9.2934e+00, 1.1678e+00, 
 2DIAGNOSTIC,     3, -5.559190588534e-01, 1.797693134862e+308, 1.0483e+01, 1.1895e+00, 
 2DIAGNOSTIC,     4, -5.560896246466e-01, 1.797693134862e+308, 1.1670e+01, 1.1869e+00, 
 2DIAGNOSTIC,     5, -5.563707032749e-01, 1.797693134862e+308, 1.3644e+01, 1.9746e+00, 
 2DIAGNOSTIC,     6, -5.563836334826e-01, 1.797693134862e+308, 1.5747e+01, 2.1029e+00, 
 2DIAGNOSTIC,     7, -5.563838611547e-01, 1.797693134862e+308, 1.7057e+01, 1.3095e+00, 
 2DIAGNOSTIC,     8, -5.563838411557e-01, 1.797693134862e+308, 1.8486e+01, 1.4293e+00, 
 2DIAGNOSTIC,     9, -5.563835142079e-01, 1.797693134862e+308, 1.9826e+01, 1.3401e+00, 
 2DIAGNOSTIC,    10, -5.563833307424e-01, 1.094498236425e-04, 2.1013e+01, 1.1868e+00, 
 2DIAGNOSTIC,    11, -5.563835070252e-01, 6.246034438519e-05, 2.2339e+01, 1.3264e+00, 
 2DIAGNOSTIC,    12, -5.563836616521e-01, 3.374313584337e-05, 2.3657e+01, 1.3177e+00, 
 2DIAGNOSTIC,    13, -5.563834726490e-01, 1.442763941455e-05, 2.4977e+01, 1.3198e+00, 
 2DIAGNOSTIC,    14, -5.563829950019e-01, 2.704449110991e-06, 2.6299e+01, 1.3217e+00, 
 2DIAGNOSTIC,    15, -5.563827936823e-01, 2.061429617520e-06, 2.7620e+01, 1.3215e+00, 
 2DIAGNOSTIC,    16, -5.563828702271e-01, 1.919092543143e-06, 2.8921e+01, 1.3010e+00, 
 2DIAGNOSTIC,    17, -5.563826379340e-01, 1.799131375761e-06, 3.0349e+01, 1.4276e+00, 
 2DIAGNOSTIC,    18, -5.563825242774e-01, 1.695940415720e-06, 3.1507e+01, 1.1588e+00, 
 2DIAGNOSTIC,    19, -5.563822874261e-01, 1.595666628336e-06, 3.2656e+01, 1.1484e+00, 
 2DIAGNOSTIC,    20, -5.563822301473e-01, 1.506612925008e-06, 3.3930e+01, 1.2746e+00, 
 2DIAGNOSTIC,    21, -5.563823166203e-01, 1.439862701021e-06, 3.5226e+01, 1.2959e+00, 
 2DIAGNOSTIC,    22, -5.563822358697e-01, 1.387767202612e-06, 3.6506e+01, 1.2794e+00, 
 2DIAGNOSTIC,    23, -5.563821552000e-01, 1.340092468056e-06, 3.7781e+01, 1.2749e+00, 
 2DIAGNOSTIC,    24, -5.563820523431e-01, 1.288303391224e-06, 3.9076e+01, 1.2957e+00, 
 2DIAGNOSTIC,    25, -5.563819348705e-01, 1.237555499696e-06, 4.0267e+01, 1.1910e+00, 
 2DIAGNOSTIC,    26, -5.563818358407e-01, 1.193593628913e-06, 4.1444e+01, 1.1770e+00, 
 2DIAGNOSTIC,    27, -5.563817681494e-01, 1.150055298597e-06, 4.2886e+01, 1.4415e+00, 
 2DIAGNOSTIC,    28, -5.563816654791e-01, 1.108500915364e-06, 4.4220e+01, 1.3344e+00, 
 2DIAGNOSTIC,    29, -5.563815578440e-01, 1.066441087827e-06, 4.5399e+01, 1.1788e+00, 
 2DIAGNOSTIC,    30, -5.563814754276e-01, 1.027679864464e-06, 4.6713e+01, 1.3140e+00, 
  Elapsed time (stage 1): 4.7589e+01


Stage 2
  iterations = 100x70x50x20
  convergence threshold = 1.0000e-06
  convergence window size = 10
  number of levels = 4
  using the CC metric (radius = 4, weight = 1.0000e+00, use gradient filter = 0)
  preprocessing:  winsorizing the image intensities
  Shrink factors (level 1 out of 4): [8, 8, 8]
  Shrink factors (level 2 out of 4): [4, 4, 4]
  Shrink factors (level 3 out of 4): [2, 2, 2]
  Shrink factors (level 4 out of 4): [1, 1, 1]
  smoothing sigmas per level: [3, 2, 1, 0]
  Using default NONE metricSamplingStrategy 

*** Running SyN registration (varianceForUpdateField = 3.0000e+00, varianceForTotalField = 0.0000e+00) ***

XXDIAGNOSTIC,Iteration,metricValue,convergenceValue,ITERATION_TIME_INDEX,SINCE_LAST
 1DIAGNOSTIC,     1, -9.177268065471e-01, 1.797693134862e+308, 4.9312e-01, 4.9312e-01, 
 1DIAGNOSTIC,     2, -9.283720891791e-01, 1.797693134862e+308, 6.4876e-01, 1.5565e-01, 
 1DIAGNOSTIC,     3, -9.352305564255e-01, 1.797693134862e+308, 8.0107e-01, 1.5231e-01, 
 1DIAGNOSTIC,     4, -9.391132994683e-01, 1.797693134862e+308, 9.6436e-01, 1.6329e-01, 
 1DIAGNOSTIC,     5, -9.413515900477e-01, 1.797693134862e+308, 1.1191e+00, 1.5470e-01, 
 1DIAGNOSTIC,     6, -9.437265156936e-01, 1.797693134862e+308, 1.2699e+00, 1.5085e-01, 
 1DIAGNOSTIC,     7, -9.475665406779e-01, 1.797693134862e+308, 1.4192e+00, 1.4930e-01, 
 1DIAGNOSTIC,     8, -9.519073622657e-01, 1.797693134862e+308, 1.5775e+00, 1.5834e-01, 
 1DIAGNOSTIC,     9, -9.555969310233e-01, 1.797693134862e+308, 1.7357e+00, 1.5814e-01, 
 1DIAGNOSTIC,    10, -9.588258057915e-01, 2.445075373491e-03, 1.8889e+00, 1.5326e-01, 
 1DIAGNOSTIC,    11, -9.615173990874e-01, 1.943837214304e-03, 2.0442e+00, 1.5522e-01, 
 1DIAGNOSTIC,    12, -9.637622141070e-01, 1.671936983797e-03, 2.2028e+00, 1.5861e-01, 
 1DIAGNOSTIC,    13, -9.645491521843e-01, 1.465650140627e-03, 2.3592e+00, 1.5648e-01, 
 1DIAGNOSTIC,    14, -9.644302649080e-01, 1.236898012362e-03, 2.5137e+00, 1.5443e-01, 
 1DIAGNOSTIC,    15, -9.651791346450e-01, 9.865276122244e-04, 2.6707e+00, 1.5702e-01, 
 1DIAGNOSTIC,    16, -9.651504230194e-01, 7.202540599145e-04, 2.8317e+00, 1.6105e-01, 
 1DIAGNOSTIC,    17, -9.653373982279e-01, 4.892488305218e-04, 2.9900e+00, 1.5825e-01, 
 1DIAGNOSTIC,    18, -9.651466730724e-01, 3.075025778148e-04, 3.1455e+00, 1.5553e-01, 
 1DIAGNOSTIC,    19, -9.653389704729e-01, 1.774686137780e-04, 3.3006e+00, 1.5505e-01, 
 1DIAGNOSTIC,    20, -9.651738088661e-01, 8.914612351794e-05, 3.4574e+00, 1.5684e-01, 
 1DIAGNOSTIC,    21, -9.653806118137e-01, 4.151711459670e-05, 3.6166e+00, 1.5922e-01, 
 1DIAGNOSTIC,    22, -9.652414212835e-01, 2.278435369177e-05, 3.7702e+00, 1.5361e-01, 
 1DIAGNOSTIC,    23, -9.654102807462e-01, 1.630076164706e-05, 3.9246e+00, 1.5433e-01, 
 1DIAGNOSTIC,    24, -9.652830072802e-01, 5.620242033690e-06, 4.0835e+00, 1.5893e-01, 
 1DIAGNOSTIC,    25, -9.654590362985e-01, 6.458619937068e-06, 4.2413e+00, 1.5781e-01, 
 1DIAGNOSTIC,    26, -9.653394297208e-01, 4.927618738479e-06, 4.3942e+00, 1.5289e-01, 
 1DIAGNOSTIC,    27, -9.655097282009e-01, 7.200070734979e-06, 4.5553e+00, 1.6105e-01, 
 1DIAGNOSTIC,    28, -9.653956262528e-01, 5.408012150834e-06, 4.7181e+00, 1.6281e-01, 
 1DIAGNOSTIC,    29, -9.655587597402e-01, 7.071906541263e-06, 4.8731e+00, 1.5501e-01, 
 1DIAGNOSTIC,    30, -9.654512392565e-01, 5.261058347229e-06, 5.0239e+00, 1.5086e-01, 
 1DIAGNOSTIC,    31, -9.656115556540e-01, 6.761276768415e-06, 5.1778e+00, 1.5389e-01, 
 1DIAGNOSTIC,    32, -9.655069425899e-01, 5.282959470977e-06, 5.3321e+00, 1.5426e-01, 
 1DIAGNOSTIC,    33, -9.656630467552e-01, 6.479036739553e-06, 5.4898e+00, 1.5772e-01, 
 1DIAGNOSTIC,    34, -9.655611492734e-01, 5.006194319750e-06, 5.6450e+00, 1.5515e-01, 
 1DIAGNOSTIC,    35, -9.657126945407e-01, 6.069147910390e-06, 5.7990e+00, 1.5403e-01, 
 1DIAGNOSTIC,    36, -9.656134005603e-01, 4.709878992086e-06, 5.9598e+00, 1.6082e-01, 
 1DIAGNOSTIC,    37, -9.657644675200e-01, 5.692031503787e-06, 6.1166e+00, 1.5677e-01, 
 1DIAGNOSTIC,    38, -9.656688906628e-01, 4.463001956400e-06, 6.2669e+00, 1.5031e-01, 
 1DIAGNOSTIC,    39, -9.658214766925e-01, 5.402678495327e-06, 6.4241e+00, 1.5721e-01, 
 1DIAGNOSTIC,    40, -9.657234240579e-01, 4.275304560122e-06, 6.5869e+00, 1.6277e-01, 
 1DIAGNOSTIC,    41, -9.658827422123e-01, 5.230181836017e-06, 6.7468e+00, 1.5991e-01, 
 1DIAGNOSTIC,    42, -9.657814105812e-01, 4.203920741786e-06, 6.9026e+00, 1.5579e-01, 
 1DIAGNOSTIC,    43, -9.659515298017e-01, 5.190188783089e-06, 7.0527e+00, 1.5019e-01, 
 1DIAGNOSTIC,    44, -9.658456912367e-01, 4.252094700632e-06, 7.2159e+00, 1.6319e-01, 
 1DIAGNOSTIC,    45, -9.660310459934e-01, 5.281132872875e-06, 7.3703e+00, 1.5438e-01, 
 1DIAGNOSTIC,    46, -9.659149210025e-01, 4.385697257796e-06, 7.5206e+00, 1.5033e-01, 
 1DIAGNOSTIC,    47, -9.661135233038e-01, 5.422849716708e-06, 7.6695e+00, 1.4889e-01, 
 1DIAGNOSTIC,    48, -9.659861187420e-01, 4.531720304301e-06, 7.8302e+00, 1.6068e-01, 
 1DIAGNOSTIC,    49, -9.661981221845e-01, 5.554524983877e-06, 7.9922e+00, 1.6194e-01, 
 1DIAGNOSTIC,    50, -9.660616960879e-01, 4.621895506145e-06, 8.1461e+00, 1.5389e-01, 
 1DIAGNOSTIC,    51, -9.662825735070e-01, 5.596381090180e-06, 8.2984e+00, 1.5230e-01, 
 1DIAGNOSTIC,    52, -9.661379993875e-01, 4.600622056719e-06, 8.4603e+00, 1.6196e-01, 
 1DIAGNOSTIC,    53, -9.663637670624e-01, 5.516855247717e-06, 8.6154e+00, 1.5512e-01, 
 1DIAGNOSTIC,    54, -9.662124082422e-01, 4.460579808054e-06, 8.7672e+00, 1.5178e-01, 
 1DIAGNOSTIC,    55, -9.664396132286e-01, 5.337718540922e-06, 8.9165e+00, 1.4930e-01, 
 1DIAGNOSTIC,    56, -9.662823895774e-01, 4.224890823971e-06, 9.0735e+00, 1.5702e-01, 
 1DIAGNOSTIC,    57, -9.665086876002e-01, 5.053132773106e-06, 9.2328e+00, 1.5927e-01, 
 1DIAGNOSTIC,    58, -9.663451711468e-01, 3.879762041137e-06, 9.3860e+00, 1.5319e-01, 
 1DIAGNOSTIC,    59, -9.665696389558e-01, 4.662457049984e-06, 9.5429e+00, 1.5693e-01, 
 1DIAGNOSTIC,    60, -9.664026915404e-01, 3.470383021429e-06, 9.7019e+00, 1.5894e-01, 
 1DIAGNOSTIC,    61, -9.666242798128e-01, 4.227689621654e-06, 9.8610e+00, 1.5910e-01, 
 1DIAGNOSTIC,    62, -9.663737389205e-01, 2.664292765076e-06, 1.0014e+01, 1.5321e-01, 
 1DIAGNOSTIC,    63, -9.665369662869e-01, 2.827816981618e-06, 1.0167e+01, 1.5240e-01, 
 1DIAGNOSTIC,    64, -9.664013334934e-01, 1.385615930848e-06, 1.0327e+01, 1.6004e-01, 
 1DIAGNOSTIC,    65, -9.666245127084e-01, 1.983571188791e-06, 1.0486e+01, 1.5956e-01, 
 1DIAGNOSTIC,    66, -9.664634611663e-01, 9.399361430955e-07, 1.0640e+01, 1.5355e-01, 
XXDIAGNOSTIC,Iteration,metricValue,convergenceValue,ITERATION_TIME_INDEX,SINCE_LAST
 1DIAGNOSTIC,     1, -9.086195620148e-01, 1.797693134862e+308, 1.2200e+01, 1.5603e+00, 
 1DIAGNOSTIC,     2, -9.120820870518e-01, 1.797693134862e+308, 1.3458e+01, 1.2577e+00, 
 1DIAGNOSTIC,     3, -9.160822731698e-01, 1.797693134862e+308, 1.4692e+01, 1.2342e+00, 
 1DIAGNOSTIC,     4, -9.194460577850e-01, 1.797693134862e+308, 1.5936e+01, 1.2444e+00, 
 1DIAGNOSTIC,     5, -9.227868335934e-01, 1.797693134862e+308, 1.7174e+01, 1.2378e+00, 
 1DIAGNOSTIC,     6, -9.253071287383e-01, 1.797693134862e+308, 1.8418e+01, 1.2440e+00, 
 1DIAGNOSTIC,     7, -9.274551138284e-01, 1.797693134862e+308, 1.9689e+01, 1.2712e+00, 
 1DIAGNOSTIC,     8, -9.292755038735e-01, 1.797693134862e+308, 2.0940e+01, 1.2507e+00, 
 1DIAGNOSTIC,     9, -9.308274972708e-01, 1.797693134862e+308, 2.2176e+01, 1.2360e+00, 
 1DIAGNOSTIC,    10, -9.321501220003e-01, 1.646232304851e-03, 2.3448e+01, 1.2719e+00, 
 1DIAGNOSTIC,    11, -9.333028484238e-01, 1.307723070331e-03, 2.4686e+01, 1.2380e+00, 
 1DIAGNOSTIC,    12, -9.341310415391e-01, 1.017535398143e-03, 2.5932e+01, 1.2461e+00, 
 1DIAGNOSTIC,    13, -9.349636750577e-01, 7.939015714641e-04, 2.7170e+01, 1.2377e+00, 
 1DIAGNOSTIC,    14, -9.358446053656e-01, 6.223430167853e-04, 2.8441e+01, 1.2711e+00, 
 1DIAGNOSTIC,    15, -9.365331419707e-01, 4.986550783982e-04, 2.9691e+01, 1.2505e+00, 
 1DIAGNOSTIC,    16, -9.371689171186e-01, 4.048118484352e-04, 3.0933e+01, 1.2419e+00, 
 1DIAGNOSTIC,    17, -9.377628922290e-01, 3.339334658254e-04, 3.2197e+01, 1.2635e+00, 
 1DIAGNOSTIC,    18, -9.383282715548e-01, 2.804359164546e-04, 3.3471e+01, 1.2744e+00, 
 1DIAGNOSTIC,    19, -9.386558039701e-01, 2.365998372092e-04, 3.4726e+01, 1.2554e+00, 
 1DIAGNOSTIC,    20, -9.389960798847e-01, 2.004921905312e-04, 3.5987e+01, 1.2609e+00, 
 1DIAGNOSTIC,    21, -9.393357471137e-01, 1.708876462222e-04, 3.7258e+01, 1.2704e+00, 
 1DIAGNOSTIC,    22, -9.396766617117e-01, 1.441917421507e-04, 3.8528e+01, 1.2706e+00, 
 1DIAGNOSTIC,    23, -9.399738073796e-01, 1.212258705010e-04, 3.9778e+01, 1.2495e+00, 
 1DIAGNOSTIC,    24, -9.402609505422e-01, 1.036872384979e-04, 4.1022e+01, 1.2439e+00, 
 1DIAGNOSTIC,    25, -9.405232804340e-01, 8.944843500330e-05, 4.2263e+01, 1.2417e+00, 
 1DIAGNOSTIC,    26, -9.407607371409e-01, 7.812274601440e-05, 4.3507e+01, 1.2434e+00, 
 1DIAGNOSTIC,    27, -9.409768064093e-01, 6.939360809464e-05, 4.4764e+01, 1.2570e+00, 
 1DIAGNOSTIC,    28, -9.411760515610e-01, 6.311715105953e-05, 4.6015e+01, 1.2514e+00, 
 1DIAGNOSTIC,    29, -9.413521130571e-01, 5.665069096693e-05, 4.7266e+01, 1.2510e+00, 
 1DIAGNOSTIC,    30, -9.415063357720e-01, 5.032469842736e-05, 4.8497e+01, 1.2310e+00, 
 1DIAGNOSTIC,    31, -9.416533644608e-01, 4.446669699747e-05, 4.9755e+01, 1.2581e+00, 
 1DIAGNOSTIC,    32, -9.417870777208e-01, 3.932530332772e-05, 5.1010e+01, 1.2551e+00, 
 1DIAGNOSTIC,    33, -9.419073894048e-01, 3.466210038502e-05, 5.2266e+01, 1.2560e+00, 
 1DIAGNOSTIC,    34, -9.420244252585e-01, 3.065064626269e-05, 5.3503e+01, 1.2370e+00, 
 1DIAGNOSTIC,    35, -9.421353971627e-01, 2.725306732813e-05, 5.4781e+01, 1.2774e+00, 
 1DIAGNOSTIC,    36, -9.422478721637e-01, 2.446121899807e-05, 5.6040e+01, 1.2594e+00, 
 1DIAGNOSTIC,    37, -9.423521706159e-01, 2.217558500425e-05, 5.7268e+01, 1.2274e+00, 
 1DIAGNOSTIC,    38, -9.424531416266e-01, 2.035472195934e-05, 5.8514e+01, 1.2466e+00, 
 1DIAGNOSTIC,    39, -9.425452485594e-01, 1.883405328520e-05, 5.9783e+01, 1.2689e+00, 
 1DIAGNOSTIC,    40, -9.426322658712e-01, 1.748134158124e-05, 6.1047e+01, 1.2640e+00, 
 1DIAGNOSTIC,    41, -9.427155358017e-01, 1.628828340736e-05, 6.2277e+01, 1.2301e+00, 
 1DIAGNOSTIC,    42, -9.427934431350e-01, 1.518333858102e-05, 6.3527e+01, 1.2497e+00, 
 1DIAGNOSTIC,    43, -9.428724381044e-01, 1.414293926057e-05, 6.4790e+01, 1.2635e+00, 
 1DIAGNOSTIC,    44, -9.429470901313e-01, 1.317610843399e-05, 6.6055e+01, 1.2647e+00, 
 1DIAGNOSTIC,    45, -9.430188238938e-01, 1.227873234759e-05, 6.7279e+01, 1.2240e+00, 
 1DIAGNOSTIC,    46, -9.430848396163e-01, 1.147741863083e-05, 6.8557e+01, 1.2779e+00, 
 1DIAGNOSTIC,    47, -9.431510617525e-01, 1.076591903515e-05, 6.9836e+01, 1.2793e+00, 
 1DIAGNOSTIC,    48, -9.432150879983e-01, 1.014843529376e-05, 7.1106e+01, 1.2694e+00, 
 1DIAGNOSTIC,    49, -9.432770411720e-01, 9.589389803149e-06, 7.2335e+01, 1.2292e+00, 
 1DIAGNOSTIC,    50, -9.433409851025e-01, 9.101168041935e-06, 7.3567e+01, 1.2326e+00, 
 1DIAGNOSTIC,    51, -9.434043813778e-01, 8.682843459774e-06, 7.4823e+01, 1.2554e+00, 
 1DIAGNOSTIC,    52, -9.434551554241e-01, 8.247798883195e-06, 7.6078e+01, 1.2552e+00, 
 1DIAGNOSTIC,    53, -9.435186575761e-01, 7.904086444438e-06, 7.7306e+01, 1.2281e+00, 
 1DIAGNOSTIC,    54, -9.435742498992e-01, 7.593126614962e-06, 7.8555e+01, 1.2494e+00, 
 1DIAGNOSTIC,    55, -9.436293930912e-01, 7.311825728537e-06, 7.9810e+01, 1.2541e+00, 
 1DIAGNOSTIC,    56, -9.436808488154e-01, 7.021940646317e-06, 8.1077e+01, 1.2676e+00, 
 1DIAGNOSTIC,    57, -9.437374756214e-01, 6.768857314845e-06, 8.2320e+01, 1.2426e+00, 
 1DIAGNOSTIC,    58, -9.437887723981e-01, 6.522382721481e-06, 8.3576e+01, 1.2563e+00, 
 1DIAGNOSTIC,    59, -9.438410263878e-01, 6.288714892142e-06, 8.4827e+01, 1.2511e+00, 
 1DIAGNOSTIC,    60, -9.438986666403e-01, 6.116817544394e-06, 8.6089e+01, 1.2619e+00, 
 1DIAGNOSTIC,    61, -9.439472010461e-01, 5.963090189000e-06, 8.7323e+01, 1.2339e+00, 
 1DIAGNOSTIC,    62, -9.439969577632e-01, 5.775158422972e-06, 8.8570e+01, 1.2469e+00, 
 1DIAGNOSTIC,    63, -9.440469236306e-01, 5.626460532357e-06, 8.9827e+01, 1.2570e+00, 
 1DIAGNOSTIC,    64, -9.441001090318e-01, 5.497901627956e-06, 9.1104e+01, 1.2769e+00, 
 1DIAGNOSTIC,    65, -9.441493627044e-01, 5.371777798208e-06, 9.2355e+01, 1.2516e+00, 
 1DIAGNOSTIC,    66, -9.441973815673e-01, 5.229746869409e-06, 9.3613e+01, 1.2582e+00, 
 1DIAGNOSTIC,    67, -9.442450610926e-01, 5.101539276835e-06, 9.4869e+01, 1.2551e+00, 
 1DIAGNOSTIC,    68, -9.442913723339e-01, 4.960618612247e-06, 9.6149e+01, 1.2804e+00, 
 1DIAGNOSTIC,    69, -9.443373573330e-01, 4.815437897912e-06, 9.7396e+01, 1.2474e+00, 
 1DIAGNOSTIC,    70, -9.443821350273e-01, 4.692686858418e-06, 9.8673e+01, 1.2765e+00, 
XXDIAGNOSTIC,Iteration,metricValue,convergenceValue,ITERATION_TIME_INDEX,SINCE_LAST
 1DIAGNOSTIC,     1, -8.982196341512e-01, 1.797693134862e+308, 1.0930e+02, 1.0632e+01, 
 1DIAGNOSTIC,     2, -9.002949944768e-01, 1.797693134862e+308, 1.1939e+02, 1.0084e+01, 
 1DIAGNOSTIC,     3, -9.032063109244e-01, 1.797693134862e+308, 1.2950e+02, 1.0113e+01, 
 1DIAGNOSTIC,     4, -9.059500566286e-01, 1.797693134862e+308, 1.3963e+02, 1.0130e+01, 
 1DIAGNOSTIC,     5, -9.082829702870e-01, 1.797693134862e+308, 1.4974e+02, 1.0113e+01, 
 1DIAGNOSTIC,     6, -9.103340177160e-01, 1.797693134862e+308, 1.5989e+02, 1.0141e+01, 
 1DIAGNOSTIC,     7, -9.121403095649e-01, 1.797693134862e+308, 1.6996e+02, 1.0078e+01, 
 1DIAGNOSTIC,     8, -9.137669085309e-01, 1.797693134862e+308, 1.7993e+02, 9.9688e+00, 
 1DIAGNOSTIC,     9, -9.152424015789e-01, 1.797693134862e+308, 1.9003e+02, 1.0100e+01, 
 1DIAGNOSTIC,    10, -9.165312759000e-01, 1.317650730506e-03, 2.0008e+02, 1.0048e+01, 
 1DIAGNOSTIC,    11, -9.176825970478e-01, 1.094401161521e-03, 2.1030e+02, 1.0219e+01, 
 1DIAGNOSTIC,    12, -9.187138554290e-01, 8.903574498460e-04, 2.2043e+02, 1.0129e+01, 
 1DIAGNOSTIC,    13, -9.193297956246e-01, 7.212913463192e-04, 2.3064e+02, 1.0207e+01, 
 1DIAGNOSTIC,    14, -9.201715061632e-01, 5.903906319179e-04, 2.4072e+02, 1.0087e+01, 
 1DIAGNOSTIC,    15, -9.206290587698e-01, 4.805288907935e-04, 2.5100e+02, 1.0279e+01, 
 1DIAGNOSTIC,    16, -9.211735244972e-01, 3.906163224834e-04, 2.6107e+02, 1.0066e+01, 
 1DIAGNOSTIC,    17, -9.215686758585e-01, 3.154004341651e-04, 2.7122e+02, 1.0153e+01, 
 1DIAGNOSTIC,    18, -9.219471348115e-01, 2.539209737316e-04, 2.8137e+02, 1.0151e+01, 
 1DIAGNOSTIC,    19, -9.223227052449e-01, 2.055479194938e-04, 2.9153e+02, 1.0162e+01, 
 1DIAGNOSTIC,    20, -9.226907453226e-01, 1.685014811133e-04, 3.0173e+02, 1.0201e+01, 
 1DIAGNOSTIC,    21, -9.230413091346e-01, 1.413809453061e-04, 3.1201e+02, 1.0270e+01, 
 1DIAGNOSTIC,    22, -9.233783982861e-01, 1.228688019443e-04, 3.2218e+02, 1.0175e+01, 
 1DIAGNOSTIC,    23, -9.237083754090e-01, 1.071394957157e-04, 3.3237e+02, 1.0185e+01, 
 1DIAGNOSTIC,    24, -9.240381436996e-01, 9.785111425277e-05, 3.4261e+02, 1.0248e+01, 
 1DIAGNOSTIC,    25, -9.243721316467e-01, 8.990244231907e-05, 3.5288e+02, 1.0263e+01, 
 1DIAGNOSTIC,    26, -9.247115071203e-01, 8.466445363080e-05, 3.6301e+02, 1.0134e+01, 
 1DIAGNOSTIC,    27, -9.250373582743e-01, 8.013535542568e-05, 3.7322e+02, 1.0206e+01, 
 1DIAGNOSTIC,    28, -9.253621550139e-01, 7.617558571680e-05, 3.8340e+02, 1.0187e+01, 
 1DIAGNOSTIC,    29, -9.256781144979e-01, 7.269936639404e-05, 3.9352e+02, 1.0118e+01, 
 1DIAGNOSTIC,    30, -9.259874743281e-01, 6.959193009911e-05, 4.0369e+02, 1.0167e+01, 
 1DIAGNOSTIC,    31, -9.262929663001e-01, 6.667006249750e-05, 4.1378e+02, 1.0096e+01, 
 1DIAGNOSTIC,    32, -9.265837456900e-01, 6.370959203893e-05, 4.2397e+02, 1.0187e+01, 
 1DIAGNOSTIC,    33, -9.268632982545e-01, 6.062848469798e-05, 4.3418e+02, 1.0214e+01, 
 1DIAGNOSTIC,    34, -9.271355291075e-01, 5.747649548143e-05, 4.4431e+02, 1.0125e+01, 
 1DIAGNOSTIC,    35, -9.273974924635e-01, 5.433194525996e-05, 4.5444e+02, 1.0131e+01, 
 1DIAGNOSTIC,    36, -9.276307591076e-01, 5.113906409127e-05, 4.6461e+02, 1.0168e+01, 
 1DIAGNOSTIC,    37, -9.278372943654e-01, 4.773043057059e-05, 4.7487e+02, 1.0262e+01, 
 1DIAGNOSTIC,    38, -9.280225719448e-01, 4.413885850259e-05, 4.8503e+02, 1.0158e+01, 
 1DIAGNOSTIC,    39, -9.281926562306e-01, 4.040917683978e-05, 4.9532e+02, 1.0292e+01, 
 1DIAGNOSTIC,    40, -9.283493517893e-01, 3.664280910972e-05, 5.0536e+02, 1.0038e+01, 
 1DIAGNOSTIC,    41, -9.284965237788e-01, 3.300864286760e-05, 5.1546e+02, 1.0105e+01, 
 1DIAGNOSTIC,    42, -9.286327027960e-01, 2.957333088366e-05, 5.2572e+02, 1.0255e+01, 
 1DIAGNOSTIC,    43, -9.287590976547e-01, 2.642537775494e-05, 5.3591e+02, 1.0193e+01, 
 1DIAGNOSTIC,    44, -9.288797588172e-01, 2.368731019377e-05, 5.4612e+02, 1.0210e+01, 
 1DIAGNOSTIC,    45, -9.289961143060e-01, 2.143792853171e-05, 5.5630e+02, 1.0175e+01, 
 1DIAGNOSTIC,    46, -9.291051451866e-01, 1.957073871231e-05, 5.6663e+02, 1.0336e+01, 
 1DIAGNOSTIC,    47, -9.292108611978e-01, 1.800122598986e-05, 5.7705e+02, 1.0417e+01, 
 1DIAGNOSTIC,    48, -9.293117768507e-01, 1.665516675122e-05, 5.8748e+02, 1.0433e+01, 
 1DIAGNOSTIC,    49, -9.294125760746e-01, 1.551655732960e-05, 5.9720e+02, 9.7173e+00, 
 1DIAGNOSTIC,    50, -9.295092179965e-01, 1.454094297418e-05, 6.0694e+02, 9.7349e+00, 
XXDIAGNOSTIC,Iteration,metricValue,convergenceValue,ITERATION_TIME_INDEX,SINCE_LAST
 1DIAGNOSTIC,     1, -8.867060687053e-01, 1.797693134862e+308, 6.9569e+02, 8.8751e+01, 
 1DIAGNOSTIC,     2, -8.880415099180e-01, 1.797693134862e+308, 7.8283e+02, 8.7146e+01, 
 1DIAGNOSTIC,     3, -8.896565746946e-01, 1.797693134862e+308, 8.7061e+02, 8.7781e+01, 
 1DIAGNOSTIC,     4, -8.912393228891e-01, 1.797693134862e+308, 9.6053e+02, 8.9910e+01, 
 1DIAGNOSTIC,     5, -8.926794134589e-01, 1.797693134862e+308, 1.0482e+03, 8.7665e+01, 
 1DIAGNOSTIC,     6, -8.938561945552e-01, 1.797693134862e+308, 1.1355e+03, 8.7330e+01, 
 1DIAGNOSTIC,     7, -8.948847709592e-01, 1.797693134862e+308, 1.2231e+03, 8.7604e+01, 
 1DIAGNOSTIC,     8, -8.958089799113e-01, 1.797693134862e+308, 1.3099e+03, 8.6773e+01, 
 1DIAGNOSTIC,     9, -8.968011488787e-01, 1.797693134862e+308, 1.3965e+03, 8.6555e+01, 
 1DIAGNOSTIC,    10, -8.977787612128e-01, 7.971943781130e-04, 1.4833e+03, 8.6862e+01, 
 1DIAGNOSTIC,    11, -8.988128169842e-01, 6.797872323946e-04, 1.5699e+03, 8.6599e+01, 
 1DIAGNOSTIC,    12, -8.998013530167e-01, 5.821161824237e-04, 1.6574e+03, 8.7523e+01, 
 1DIAGNOSTIC,    13, -9.008424079896e-01, 5.113771735047e-04, 1.7450e+03, 8.7525e+01, 
 1DIAGNOSTIC,    14, -9.017444096995e-01, 4.601481520514e-04, 1.8329e+03, 8.7980e+01, 
 1DIAGNOSTIC,    15, -9.026228502709e-01, 4.224726687824e-04, 1.9199e+03, 8.6972e+01, 
 1DIAGNOSTIC,    16, -9.033878245031e-01, 3.890134123578e-04, 2.0071e+03, 8.7139e+01, 
 1DIAGNOSTIC,    17, -9.042153207744e-01, 3.581413771028e-04, 2.0942e+03, 8.7144e+01, 
 1DIAGNOSTIC,    18, -9.049762785149e-01, 3.270517507189e-04, 2.1810e+03, 8.6848e+01, 
 1DIAGNOSTIC,    19, -9.057050021753e-01, 2.974563006546e-04, 2.2677e+03, 8.6691e+01, 
 1DIAGNOSTIC,    20, -9.063816106248e-01, 2.692319372423e-04, 2.3499e+03, 8.2156e+01, 
  Elapsed time (stage 2): 2351


Total elapsed time: 2459
