All_Command_lines_OK
Using double precision for computations.
=============================================================================
The composite transform comprises the following transforms (in order): 
  1. Center of mass alignment using fixed image: /templateflow/tpl-MNI152NLin2009cAsym/tpl-MNI152NLin2009cAsym_res-01_desc-brain_T1w.nii.gz and moving image: /mnt/lustre/mathdugre/ants-amp/datasets/corr/RawDataBIDS/BMB_1/derivatives/antsBrainExtraction/sub-0003064/BrainExtractionBrain.nii.gz (type = Euler3DTransform)
=============================================================================
  number of levels = 4
  number of levels = 4
  number of levels = 4
  fixed image: /templateflow/tpl-MNI152NLin2009cAsym/tpl-MNI152NLin2009cAsym_res-01_desc-brain_T1w.nii.gz
  moving image: /mnt/lustre/mathdugre/ants-amp/datasets/corr/RawDataBIDS/BMB_1/derivatives/antsBrainExtraction/sub-0003064/BrainExtractionBrain.nii.gz
  fixed image: /templateflow/tpl-MNI152NLin2009cAsym/tpl-MNI152NLin2009cAsym_res-01_desc-brain_T1w.nii.gz
  moving image: /mnt/lustre/mathdugre/ants-amp/datasets/corr/RawDataBIDS/BMB_1/derivatives/antsBrainExtraction/sub-0003064/BrainExtractionBrain.nii.gz
  fixed image: /templateflow/tpl-MNI152NLin2009cAsym/tpl-MNI152NLin2009cAsym_res-01_desc-brain_T1w.nii.gz
  moving image: /mnt/lustre/mathdugre/ants-amp/datasets/corr/RawDataBIDS/BMB_1/derivatives/antsBrainExtraction/sub-0003064/BrainExtractionBrain.nii.gz
Dimension = 3
Number of stages = 3
Use histogram matching = false
Winsorize image intensities = true
  Lower quantile = 0.005
  Upper quantile = 0.995


Stage 1 State
   Image metric = MattesMI
     Fixed image = Image (0x55848fb2e360)
  RTTI typeinfo:   itk::Image<double, 3u>
  Reference Count: 2
  Modified Time: 2372
  Debug: Off
  Object Name: 
  Observers: 
    none
  Source: (none)
  Source output name: (none)
  Release Data: Off
  Data Released: False
  Global Release Data: Off
  PipelineMTime: 0
  UpdateMTime: 1981
  RealTimeStamp: 0 seconds 
  LargestPossibleRegion: 
    Dimension: 3
    Index: [0, 0, 0]
    Size: [193, 229, 193]
  BufferedRegion: 
    Dimension: 3
    Index: [0, 0, 0]
    Size: [193, 229, 193]
  RequestedRegion: 
    Dimension: 3
    Index: [0, 0, 0]
    Size: [193, 229, 193]
  Spacing: [1, 1, 1]
  Origin: [96, 132, -78]
  Direction: 
-1 0 0
0 -1 0
0 0 1

  IndexToPointMatrix: 
-1 0 0
0 -1 0
0 0 1

  PointToIndexMatrix: 
-1 0 0
0 -1 0
0 0 1

  Inverse Direction: 
-1 0 0
0 -1 0
0 0 1

  PixelContainer: 
    ImportImageContainer (0x55848fb31c80)
      RTTI typeinfo:   itk::ImportImageContainer<unsigned long, double>
      Reference Count: 1
      Modified Time: 1978
      Debug: Off
      Object Name: 
      Observers: 
        none
      Pointer: 0x7f698503c010
      Container manages memory: true
      Size: 8530021
      Capacity: 8530021

     Moving image = Image (0x55848fc3b340)
  RTTI typeinfo:   itk::Image<double, 3u>
  Reference Count: 2
  Modified Time: 2373
  Debug: Off
  Object Name: 
  Observers: 
    none
  Source: (none)
  Source output name: (none)
  Release Data: Off
  Data Released: False
  Global Release Data: Off
  PipelineMTime: 0
  UpdateMTime: 2370
  RealTimeStamp: 0 seconds 
  LargestPossibleRegion: 
    Dimension: 3
    Index: [0, 0, 0]
    Size: [176, 256, 256]
  BufferedRegion: 
    Dimension: 3
    Index: [0, 0, 0]
    Size: [176, 256, 256]
  RequestedRegion: 
    Dimension: 3
    Index: [0, 0, 0]
    Size: [176, 256, 256]
  Spacing: [1, 1, 1]
  Origin: [-81.4657, 88.4206, -121.177]
  Direction: 
1 0 0
0 -1 0
0 0 1

  IndexToPointMatrix: 
1 0 0
0 -1 0
0 0 1

  PointToIndexMatrix: 
1 0 0
0 -1 0
0 0 1

  Inverse Direction: 
1 0 0
0 -1 0
0 0 1

  PixelContainer: 
    ImportImageContainer (0x55848fc40710)
      RTTI typeinfo:   itk::ImportImageContainer<unsigned long, double>
      Reference Count: 1
      Modified Time: 2367
      Debug: Off
      Object Name: 
      Observers: 
        none
      Pointer: 0x7f697f83b010
      Container manages memory: true
      Size: 11534336
      Capacity: 11534336

     Weighting = 1
     Sampling strategy = regular
     Number of bins = 32
     Radius = 4
     Sampling percentage  = 0.25
   Transform = Rigid
     Gradient step = 0.1
     Update field sigma (voxel space) = 0
     Total field sigma (voxel space) = 0
     Update field time sigma = 0
     Total field time sigma  = 0
     Number of time indices = 0
     Number of time point samples = 0
Stage 2 State
   Image metric = MattesMI
     Fixed image = Image (0x55848fc82bd0)
  RTTI typeinfo:   itk::Image<double, 3u>
  Reference Count: 2
  Modified Time: 3150
  Debug: Off
  Object Name: 
  Observers: 
    none
  Source: (none)
  Source output name: (none)
  Release Data: Off
  Data Released: False
  Global Release Data: Off
  PipelineMTime: 0
  UpdateMTime: 2759
  RealTimeStamp: 0 seconds 
  LargestPossibleRegion: 
    Dimension: 3
    Index: [0, 0, 0]
    Size: [193, 229, 193]
  BufferedRegion: 
    Dimension: 3
    Index: [0, 0, 0]
    Size: [193, 229, 193]
  RequestedRegion: 
    Dimension: 3
    Index: [0, 0, 0]
    Size: [193, 229, 193]
  Spacing: [1, 1, 1]
  Origin: [96, 132, -78]
  Direction: 
-1 0 0
0 -1 0
0 0 1

  IndexToPointMatrix: 
-1 0 0
0 -1 0
0 0 1

  PointToIndexMatrix: 
-1 0 0
0 -1 0
0 0 1

  Inverse Direction: 
-1 0 0
0 -1 0
0 0 1

  PixelContainer: 
    ImportImageContainer (0x55848fc3dd80)
      RTTI typeinfo:   itk::ImportImageContainer<unsigned long, double>
      Reference Count: 1
      Modified Time: 2756
      Debug: Off
      Object Name: 
      Observers: 
        none
      Pointer: 0x7f697b726010
      Container manages memory: true
      Size: 8530021
      Capacity: 8530021

     Moving image = Image (0x55848fc3e010)
  RTTI typeinfo:   itk::Image<double, 3u>
  Reference Count: 2
  Modified Time: 3151
  Debug: Off
  Object Name: 
  Observers: 
    none
  Source: (none)
  Source output name: (none)
  Release Data: Off
  Data Released: False
  Global Release Data: Off
  PipelineMTime: 0
  UpdateMTime: 3148
  RealTimeStamp: 0 seconds 
  LargestPossibleRegion: 
    Dimension: 3
    Index: [0, 0, 0]
    Size: [176, 256, 256]
  BufferedRegion: 
    Dimension: 3
    Index: [0, 0, 0]
    Size: [176, 256, 256]
  RequestedRegion: 
    Dimension: 3
    Index: [0, 0, 0]
    Size: [176, 256, 256]
  Spacing: [1, 1, 1]
  Origin: [-81.4657, 88.4206, -121.177]
  Direction: 
1 0 0
0 -1 0
0 0 1

  IndexToPointMatrix: 
1 0 0
0 -1 0
0 0 1

  PointToIndexMatrix: 
1 0 0
0 -1 0
0 0 1

  Inverse Direction: 
1 0 0
0 -1 0
0 0 1

  PixelContainer: 
    ImportImageContainer (0x55848fca3150)
      RTTI typeinfo:   itk::ImportImageContainer<unsigned long, double>
      Reference Count: 1
      Modified Time: 3145
      Debug: Off
      Object Name: 
      Observers: 
        none
      Pointer: 0x7f6975f25010
      Container manages memory: true
      Size: 11534336
      Capacity: 11534336

     Weighting = 1
     Sampling strategy = regular
     Number of bins = 32
     Radius = 4
     Sampling percentage  = 0.25
   Transform = Affine
     Gradient step = 0.1
     Update field sigma (voxel space) = 0
     Total field sigma (voxel space) = 0
     Update field time sigma = 0
     Total field time sigma  = 0
     Number of time indices = 0
     Number of time point samples = 0
Stage 3 State
   Image metric = CC
     Fixed image = Image (0x55848fcc32a0)
  RTTI typeinfo:   itk::Image<double, 3u>
  Reference Count: 2
  Modified Time: 3928
  Debug: Off
  Object Name: 
  Observers: 
    none
  Source: (none)
  Source output name: (none)
  Release Data: Off
  Data Released: False
  Global Release Data: Off
  PipelineMTime: 0
  UpdateMTime: 3537
  RealTimeStamp: 0 seconds 
  LargestPossibleRegion: 
    Dimension: 3
    Index: [0, 0, 0]
    Size: [193, 229, 193]
  BufferedRegion: 
    Dimension: 3
    Index: [0, 0, 0]
    Size: [193, 229, 193]
  RequestedRegion: 
    Dimension: 3
    Index: [0, 0, 0]
    Size: [193, 229, 193]
  Spacing: [1, 1, 1]
  Origin: [96, 132, -78]
  Direction: 
-1 0 0
0 -1 0
0 0 1

  IndexToPointMatrix: 
-1 0 0
0 -1 0
0 0 1

  PointToIndexMatrix: 
-1 0 0
0 -1 0
0 0 1

  Inverse Direction: 
-1 0 0
0 -1 0
0 0 1

  PixelContainer: 
    ImportImageContainer (0x55848fc29b50)
      RTTI typeinfo:   itk::ImportImageContainer<unsigned long, double>
      Reference Count: 1
      Modified Time: 3534
      Debug: Off
      Object Name: 
      Observers: 
        none
      Pointer: 0x7f6971e10010
      Container manages memory: true
      Size: 8530021
      Capacity: 8530021

     Moving image = Image (0x55848fc3ce30)
  RTTI typeinfo:   itk::Image<double, 3u>
  Reference Count: 2
  Modified Time: 3929
  Debug: Off
  Object Name: 
  Observers: 
    none
  Source: (none)
  Source output name: (none)
  Release Data: Off
  Data Released: False
  Global Release Data: Off
  PipelineMTime: 0
  UpdateMTime: 3926
  RealTimeStamp: 0 seconds 
  LargestPossibleRegion: 
    Dimension: 3
    Index: [0, 0, 0]
    Size: [176, 256, 256]
  BufferedRegion: 
    Dimension: 3
    Index: [0, 0, 0]
    Size: [176, 256, 256]
  RequestedRegion: 
    Dimension: 3
    Index: [0, 0, 0]
    Size: [176, 256, 256]
  Spacing: [1, 1, 1]
  Origin: [-81.4657, 88.4206, -121.177]
  Direction: 
1 0 0
0 -1 0
0 0 1

  IndexToPointMatrix: 
1 0 0
0 -1 0
0 0 1

  PointToIndexMatrix: 
1 0 0
0 -1 0
0 0 1

  Inverse Direction: 
1 0 0
0 -1 0
0 0 1

  PixelContainer: 
    ImportImageContainer (0x55848fc60790)
      RTTI typeinfo:   itk::ImportImageContainer<unsigned long, double>
      Reference Count: 1
      Modified Time: 3923
      Debug: Off
      Object Name: 
      Observers: 
        none
      Pointer: 0x7f696c60f010
      Container manages memory: true
      Size: 11534336
      Capacity: 11534336

     Weighting = 1
     Sampling strategy = none
     Number of bins = 32
     Radius = 4
     Sampling percentage  = 1
   Transform = SyN
     Gradient step = 0.1
     Update field sigma (voxel space) = 3
     Total field sigma (voxel space) = 0
     Update field time sigma = 0
     Total field time sigma  = 0
     Number of time indices = 0
     Number of time point samples = 0
Registration using 3 total stages.

Stage 0
  iterations = 1000x500x250x100
  convergence threshold = 1e-06
  convergence window size = 10
  number of levels = 4
  using the Mattes MI metric (number of bins = 32, weight = 1, use gradient filter = 0)
  preprocessing:  winsorizing the image intensities
  Shrink factors (level 1 out of 4): [8, 8, 8]
  Shrink factors (level 2 out of 4): [4, 4, 4]
  Shrink factors (level 3 out of 4): [2, 2, 2]
  Shrink factors (level 4 out of 4): [1, 1, 1]
  smoothing sigmas per level: [3, 2, 1, 0]
  regular sampling (percentage = 0.25)

*** Running Euler3DTransform registration ***

DIAGNOSTIC,Iteration,metricValue,convergenceValue,ITERATION_TIME_INDEX,SINCE_LAST
 2DIAGNOSTIC,     1, -5.140061497308e-01, 1.797693134862e+308, 3.5158e-01, 3.5158e-01, 
 2DIAGNOSTIC,     2, -5.152022295973e-01, 1.797693134862e+308, 3.5554e-01, 3.9580e-03, 
 2DIAGNOSTIC,     3, -5.172571397265e-01, 1.797693134862e+308, 3.5855e-01, 3.0150e-03, 
 2DIAGNOSTIC,     4, -5.210476494769e-01, 1.797693134862e+308, 3.6165e-01, 3.0978e-03, 
 2DIAGNOSTIC,     5, -5.273786658261e-01, 1.797693134862e+308, 3.6471e-01, 3.0589e-03, 
 2DIAGNOSTIC,     6, -5.305537420009e-01, 1.797693134862e+308, 3.6773e-01, 3.0210e-03, 
 2DIAGNOSTIC,     7, -5.343153172737e-01, 1.797693134862e+308, 3.7062e-01, 2.8889e-03, 
 2DIAGNOSTIC,     8, -5.353085231899e-01, 1.797693134862e+308, 3.7374e-01, 3.1171e-03, 
 2DIAGNOSTIC,     9, -5.354213314889e-01, 1.797693134862e+308, 3.7661e-01, 2.8741e-03, 
 2DIAGNOSTIC,    10, -5.354796748344e-01, 3.162099439093e-03, 3.8059e-01, 3.9790e-03, 
 2DIAGNOSTIC,    11, -5.353374848594e-01, 2.475488290492e-03, 3.8326e-01, 2.6760e-03, 
 2DIAGNOSTIC,    12, -5.353652984122e-01, 1.739142214267e-03, 3.8670e-01, 3.4399e-03, 
 2DIAGNOSTIC,    13, -5.352945859928e-01, 1.042422213019e-03, 3.8925e-01, 2.5492e-03, 
 2DIAGNOSTIC,    14, -5.352327283944e-01, 4.917319612981e-04, 3.9219e-01, 2.9352e-03, 
 2DIAGNOSTIC,    15, -5.353506756347e-01, 2.003421916723e-04, 3.9475e-01, 2.5589e-03, 
 2DIAGNOSTIC,    16, -5.354860196655e-01, 3.530643521371e-05, 3.9766e-01, 2.9070e-03, 
 2DIAGNOSTIC,    17, -5.355790707564e-01, 7.434783768467e-06, 4.0025e-01, 2.5959e-03, 
 2DIAGNOSTIC,    18, -5.358628946766e-01, 2.010604874476e-05, 4.0297e-01, 2.7232e-03, 
 2DIAGNOSTIC,    19, -5.369106298017e-01, 6.223758238401e-05, 4.0637e-01, 3.3948e-03, 
 2DIAGNOSTIC,    20, -5.394429906477e-01, 1.631129828434e-04, 4.0936e-01, 2.9891e-03, 
 2DIAGNOSTIC,    21, -5.414212069735e-01, 2.843394959937e-04, 4.1207e-01, 2.7108e-03, 
 2DIAGNOSTIC,    22, -5.439720881610e-01, 4.302520242987e-04, 4.1612e-01, 4.0491e-03, 
 2DIAGNOSTIC,    23, -5.442894590083e-01, 5.285705235575e-04, 4.1887e-01, 2.7521e-03, 
 2DIAGNOSTIC,    24, -5.464258137001e-01, 6.156770328935e-04, 4.2186e-01, 2.9888e-03, 
 2DIAGNOSTIC,    25, -5.479025260388e-01, 6.704530186381e-04, 4.2473e-01, 2.8739e-03, 
 2DIAGNOSTIC,    26, -5.485170818168e-01, 6.724022220994e-04, 4.2769e-01, 2.9571e-03, 
 2DIAGNOSTIC,    27, -5.487977700676e-01, 6.189615320497e-04, 4.3066e-01, 2.9731e-03, 
 2DIAGNOSTIC,    28, -5.489350264948e-01, 5.198227402789e-04, 4.3343e-01, 2.7661e-03, 
 2DIAGNOSTIC,    29, -5.496505447280e-01, 4.102224679290e-04, 4.3701e-01, 3.5849e-03, 
 2DIAGNOSTIC,    30, -5.500232583922e-01, 3.195068835506e-04, 4.4039e-01, 3.3729e-03, 
 2DIAGNOSTIC,    31, -5.499776562144e-01, 2.367918904195e-04, 4.4365e-01, 3.2640e-03, 
 2DIAGNOSTIC,    32, -5.499133238184e-01, 1.789816135869e-04, 4.4619e-01, 2.5389e-03, 
 2DIAGNOSTIC,    33, -5.498560663069e-01, 1.115376320952e-04, 4.4909e-01, 2.8970e-03, 
 2DIAGNOSTIC,    34, -5.497980854751e-01, 6.925872215783e-05, 4.5196e-01, 2.8780e-03, 
 2DIAGNOSTIC,    35, -5.498244916185e-01, 4.531466179869e-05, 4.5489e-01, 2.9221e-03, 
 2DIAGNOSTIC,    36, -5.497733953632e-01, 2.680313402910e-05, 4.5759e-01, 2.7061e-03, 
 2DIAGNOSTIC,    37, -5.495726007588e-01, 8.173461244852e-06, 4.6047e-01, 2.8729e-03, 
DIAGNOSTIC,Iteration,metricValue,convergenceValue,ITERATION_TIME_INDEX,SINCE_LAST
 2DIAGNOSTIC,     1, -4.324513194389e-01, 1.797693134862e+308, 8.3306e-01, 3.7259e-01, 
 2DIAGNOSTIC,     2, -4.327898802368e-01, 1.797693134862e+308, 8.5129e-01, 1.8235e-02, 
 2DIAGNOSTIC,     3, -4.332174380217e-01, 1.797693134862e+308, 8.6906e-01, 1.7773e-02, 
 2DIAGNOSTIC,     4, -4.338305529257e-01, 1.797693134862e+308, 8.8562e-01, 1.6559e-02, 
 2DIAGNOSTIC,     5, -4.340878249367e-01, 1.797693134862e+308, 9.0360e-01, 1.7978e-02, 
 2DIAGNOSTIC,     6, -4.343896194444e-01, 1.797693134862e+308, 9.2690e-01, 2.3298e-02, 
 2DIAGNOSTIC,     7, -4.350110355245e-01, 1.797693134862e+308, 9.4713e-01, 2.0230e-02, 
 2DIAGNOSTIC,     8, -4.349836442016e-01, 1.797693134862e+308, 9.7072e-01, 2.3591e-02, 
 2DIAGNOSTIC,     9, -4.349867828129e-01, 1.797693134862e+308, 9.9134e-01, 2.0624e-02, 
 2DIAGNOSTIC,    10, -4.349784704253e-01, 4.148526398555e-04, 1.0107e+00, 1.9390e-02, 
 2DIAGNOSTIC,    11, -4.349812940737e-01, 3.041739688907e-04, 1.0323e+00, 2.1580e-02, 
 2DIAGNOSTIC,    12, -4.350094970345e-01, 2.042963827126e-04, 1.0549e+00, 2.2541e-02, 
 2DIAGNOSTIC,    13, -4.350015273092e-01, 1.221069837826e-04, 1.0756e+00, 2.0705e-02, 
 2DIAGNOSTIC,    14, -4.349759234437e-01, 6.860181800562e-05, 1.0979e+00, 2.2295e-02, 
 2DIAGNOSTIC,    15, -4.349774314081e-01, 2.745648142054e-05, 1.1170e+00, 1.9169e-02, 
DIAGNOSTIC,Iteration,metricValue,convergenceValue,ITERATION_TIME_INDEX,SINCE_LAST
 2DIAGNOSTIC,     1, -3.786625915691e-01, 1.797693134862e+308, 1.6737e+00, 5.5663e-01, 
 2DIAGNOSTIC,     2, -3.788910273727e-01, 1.797693134862e+308, 1.8063e+00, 1.3265e-01, 
 2DIAGNOSTIC,     3, -3.791041048149e-01, 1.797693134862e+308, 1.9317e+00, 1.2542e-01, 
 2DIAGNOSTIC,     4, -3.793187077145e-01, 1.797693134862e+308, 2.0539e+00, 1.2215e-01, 
 2DIAGNOSTIC,     5, -3.796537723764e-01, 1.797693134862e+308, 2.2268e+00, 1.7294e-01, 
 2DIAGNOSTIC,     6, -3.796484050010e-01, 1.797693134862e+308, 2.4001e+00, 1.7325e-01, 
 2DIAGNOSTIC,     7, -3.796477419836e-01, 1.797693134862e+308, 2.6397e+00, 2.3963e-01, 
 2DIAGNOSTIC,     8, -3.796460549897e-01, 1.797693134862e+308, 2.8121e+00, 1.7243e-01, 
 2DIAGNOSTIC,     9, -3.796454674951e-01, 1.797693134862e+308, 2.9340e+00, 1.2188e-01, 
 2DIAGNOSTIC,    10, -3.796442471819e-01, 1.660398982380e-04, 3.0733e+00, 1.3926e-01, 
 2DIAGNOSTIC,    11, -3.796437562545e-01, 1.016585655340e-04, 3.2127e+00, 1.3939e-01, 
 2DIAGNOSTIC,    12, -3.796403451026e-01, 5.332747738855e-05, 3.3350e+00, 1.2232e-01, 
 2DIAGNOSTIC,    13, -3.796400278515e-01, 1.999814196128e-05, 3.4743e+00, 1.3937e-01, 
DIAGNOSTIC,Iteration,metricValue,convergenceValue,ITERATION_TIME_INDEX,SINCE_LAST
 2DIAGNOSTIC,     1, -3.515974230817e-01, 1.797693134862e+308, 5.6601e+00, 2.1857e+00, 
 2DIAGNOSTIC,     2, -3.515975373065e-01, 1.797693134862e+308, 6.7382e+00, 1.0782e+00, 
 2DIAGNOSTIC,     3, -3.515973832755e-01, 1.797693134862e+308, 7.6216e+00, 8.8337e-01, 
 2DIAGNOSTIC,     4, -3.515974121351e-01, 1.797693134862e+308, 8.4986e+00, 8.7704e-01, 
 2DIAGNOSTIC,     5, -3.515974020556e-01, 1.797693134862e+308, 9.2941e+00, 7.9548e-01, 
 2DIAGNOSTIC,     6, -3.515972437824e-01, 1.797693134862e+308, 1.0318e+01, 1.0238e+00, 
 2DIAGNOSTIC,     7, -3.515972817622e-01, 1.797693134862e+308, 1.1271e+01, 9.5317e-01, 
 2DIAGNOSTIC,     8, -3.515971584720e-01, 1.797693134862e+308, 1.2238e+01, 9.6736e-01, 
 2DIAGNOSTIC,     9, -3.515971023402e-01, 1.797693134862e+308, 1.3044e+01, 8.0547e-01, 
 2DIAGNOSTIC,    10, -3.515970630324e-01, 3.101379934353e-06, 1.3935e+01, 8.9063e-01, 
 2DIAGNOSTIC,    11, -3.515970236951e-01, 2.809630828535e-06, 1.4925e+01, 9.8999e-01, 
 2DIAGNOSTIC,    12, -3.515969618730e-01, 2.577725624245e-06, 1.5844e+01, 9.1900e-01, 
 2DIAGNOSTIC,    13, -3.515968933947e-01, 2.374217554918e-06, 1.6667e+01, 8.2321e-01, 
 2DIAGNOSTIC,    14, -3.515967527861e-01, 2.199998538163e-06, 1.7580e+01, 9.1297e-01, 
 2DIAGNOSTIC,    15, -3.515967021525e-01, 2.052656667001e-06, 1.8375e+01, 7.9545e-01, 
 2DIAGNOSTIC,    16, -3.515966722450e-01, 1.920268972472e-06, 1.9328e+01, 9.5274e-01, 
 2DIAGNOSTIC,    17, -3.515967050176e-01, 1.813143766675e-06, 2.0372e+01, 1.0437e+00, 
 2DIAGNOSTIC,    18, -3.515966422494e-01, 1.714939481492e-06, 2.1285e+01, 9.1294e-01, 
 2DIAGNOSTIC,    19, -3.515964941319e-01, 1.623404701175e-06, 2.2071e+01, 7.8618e-01, 
 2DIAGNOSTIC,    20, -3.515964356995e-01, 1.541986645197e-06, 2.2956e+01, 8.8542e-01, 
 2DIAGNOSTIC,    21, -3.515964578664e-01, 1.472106967715e-06, 2.3744e+01, 7.8776e-01, 
 2DIAGNOSTIC,    22, -3.515964146752e-01, 1.408537867981e-06, 2.4621e+01, 8.7695e-01, 
 2DIAGNOSTIC,    23, -3.515964422368e-01, 1.352729382530e-06, 2.5599e+01, 9.7832e-01, 
 2DIAGNOSTIC,    24, -3.515963726077e-01, 1.297454209979e-06, 2.6488e+01, 8.8930e-01, 
 2DIAGNOSTIC,    25, -3.515963050971e-01, 1.245513312723e-06, 2.7306e+01, 8.1771e-01, 
 2DIAGNOSTIC,    26, -3.515963273477e-01, 1.199778403543e-06, 2.8264e+01, 9.5797e-01, 
 2DIAGNOSTIC,    27, -3.515962663225e-01, 1.158726550626e-06, 2.9108e+01, 8.4359e-01, 
 2DIAGNOSTIC,    28, -3.515962188189e-01, 1.119392928489e-06, 3.0072e+01, 9.6418e-01, 
 2DIAGNOSTIC,    29, -3.515962519318e-01, 1.081239970661e-06, 3.1030e+01, 9.5775e-01, 
 2DIAGNOSTIC,    30, -3.515962005551e-01, 1.044100507823e-06, 3.1984e+01, 9.5414e-01, 
 2DIAGNOSTIC,    31, -3.515959198739e-01, 1.004195474601e-06, 3.2831e+01, 8.4705e-01, 
  Elapsed time (stage 0): 3.3454e+01


Stage 1
  iterations = 1000x500x250x100
  convergence threshold = 1.0000e-06
  convergence window size = 10
  number of levels = 4
  using the Mattes MI metric (number of bins = 32, weight = 1.0000e+00, use gradient filter = 0)
  preprocessing:  winsorizing the image intensities
  Shrink factors (level 1 out of 4): [8, 8, 8]
  Shrink factors (level 2 out of 4): [4, 4, 4]
  Shrink factors (level 3 out of 4): [2, 2, 2]
  Shrink factors (level 4 out of 4): [1, 1, 1]
  smoothing sigmas per level: [3, 2, 1, 0]
  regular sampling (percentage = 2.5000e-01)

*** Running AffineTransform registration ***

DIAGNOSTIC,Iteration,metricValue,convergenceValue,ITERATION_TIME_INDEX,SINCE_LAST
 2DIAGNOSTIC,     1, -5.422008750114e-01, 1.797693134862e+308, 3.2389e-01, 3.2389e-01, 
 2DIAGNOSTIC,     2, -5.439802850069e-01, 1.797693134862e+308, 3.2722e-01, 3.3240e-03, 
 2DIAGNOSTIC,     3, -5.472461037328e-01, 1.797693134862e+308, 3.3020e-01, 2.9790e-03, 
 2DIAGNOSTIC,     4, -5.522334536668e-01, 1.797693134862e+308, 3.3308e-01, 2.8801e-03, 
 2DIAGNOSTIC,     5, -5.592070934326e-01, 1.797693134862e+308, 3.3603e-01, 2.9571e-03, 
 2DIAGNOSTIC,     6, -6.022531124426e-01, 1.797693134862e+308, 3.3978e-01, 3.7479e-03, 
 2DIAGNOSTIC,     7, -7.163133540460e-01, 1.797693134862e+308, 3.4342e-01, 3.6349e-03, 
 2DIAGNOSTIC,     8, -7.529893961396e-01, 1.797693134862e+308, 3.4714e-01, 3.7241e-03, 
 2DIAGNOSTIC,     9, -7.595666337979e-01, 1.797693134862e+308, 3.5100e-01, 3.8640e-03, 
 2DIAGNOSTIC,    10, -7.958193714028e-01, 2.989345973428e-02, 3.5516e-01, 4.1530e-03, 
 2DIAGNOSTIC,    11, -8.094225099252e-01, 2.918997221566e-02, 3.5874e-01, 3.5861e-03, 
 2DIAGNOSTIC,    12, -8.145334230229e-01, 2.622087863273e-02, 3.6333e-01, 4.5850e-03, 
 2DIAGNOSTIC,    13, -8.169147001014e-01, 2.165549140253e-02, 3.6698e-01, 3.6528e-03, 
 2DIAGNOSTIC,    14, -8.182475430806e-01, 1.617002104980e-02, 3.7034e-01, 3.3572e-03, 
 2DIAGNOSTIC,    15, -8.195243179592e-01, 1.031263971316e-02, 3.7377e-01, 3.4311e-03, 
 2DIAGNOSTIC,    16, -8.204069018811e-01, 5.401470524571e-03, 3.7727e-01, 3.4988e-03, 
 2DIAGNOSTIC,    17, -8.218485019645e-01, 3.366868896142e-03, 3.8173e-01, 4.4658e-03, 
 2DIAGNOSTIC,    18, -8.245993157201e-01, 2.158968282960e-03, 3.8507e-01, 3.3391e-03, 
 2DIAGNOSTIC,    19, -8.253169291721e-01, 1.030419450712e-03, 3.8924e-01, 4.1640e-03, 
 2DIAGNOSTIC,    20, -8.262674740018e-01, 6.550744302355e-04, 3.9254e-01, 3.2990e-03, 
 2DIAGNOSTIC,    21, -8.272011830801e-01, 5.261285460915e-04, 3.9799e-01, 5.4550e-03, 
 2DIAGNOSTIC,    22, -8.279302299278e-01, 4.626602463049e-04, 4.0141e-01, 3.4220e-03, 
 2DIAGNOSTIC,    23, -8.303615323573e-01, 4.416452282684e-04, 4.0480e-01, 3.3879e-03, 
 2DIAGNOSTIC,    24, -8.315346059199e-01, 4.201492790577e-04, 4.0811e-01, 3.3090e-03, 
 2DIAGNOSTIC,    25, -8.319925602504e-01, 3.880995232501e-04, 4.1140e-01, 3.2859e-03, 
 2DIAGNOSTIC,    26, -8.323384903580e-01, 3.407385446998e-04, 4.1472e-01, 3.3240e-03, 
 2DIAGNOSTIC,    27, -8.327510752757e-01, 2.903466026865e-04, 4.1874e-01, 4.0190e-03, 
 2DIAGNOSTIC,    28, -8.332682743007e-01, 2.599538078680e-04, 4.2275e-01, 4.0081e-03, 
 2DIAGNOSTIC,    29, -8.333691577627e-01, 2.175562126962e-04, 4.2629e-01, 3.5470e-03, 
 2DIAGNOSTIC,    30, -8.332643725831e-01, 1.685872860026e-04, 4.3032e-01, 4.0290e-03, 
 2DIAGNOSTIC,    31, -8.332182742976e-01, 1.182672857388e-04, 4.3507e-01, 4.7481e-03, 
 2DIAGNOSTIC,    32, -8.332190377080e-01, 6.808652592753e-05, 4.3833e-01, 3.2561e-03, 
 2DIAGNOSTIC,    33, -8.332238559458e-01, 4.174198495105e-05, 4.4157e-01, 3.2380e-03, 
 2DIAGNOSTIC,    34, -8.332290084284e-01, 2.592211107882e-05, 4.4491e-01, 3.3481e-03, 
 2DIAGNOSTIC,    35, -8.332339058198e-01, 1.363081071915e-05, 4.4861e-01, 3.6938e-03, 
 2DIAGNOSTIC,    36, -8.332380394266e-01, 4.413586615834e-06, 4.5213e-01, 3.5231e-03, 
DIAGNOSTIC,Iteration,metricValue,convergenceValue,ITERATION_TIME_INDEX,SINCE_LAST
 2DIAGNOSTIC,     1, -7.054552481334e-01, 1.797693134862e+308, 8.1795e-01, 3.6582e-01, 
 2DIAGNOSTIC,     2, -7.065570059630e-01, 1.797693134862e+308, 8.4176e-01, 2.3812e-02, 
 2DIAGNOSTIC,     3, -7.076605890939e-01, 1.797693134862e+308, 8.6426e-01, 2.2501e-02, 
 2DIAGNOSTIC,     4, -7.086882623652e-01, 1.797693134862e+308, 8.8653e-01, 2.2271e-02, 
 2DIAGNOSTIC,     5, -7.096712018908e-01, 1.797693134862e+308, 9.0854e-01, 2.2009e-02, 
 2DIAGNOSTIC,     6, -7.108499367432e-01, 1.797693134862e+308, 9.2948e-01, 2.0941e-02, 
 2DIAGNOSTIC,     7, -7.118356991592e-01, 1.797693134862e+308, 9.5488e-01, 2.5394e-02, 
 2DIAGNOSTIC,     8, -7.121697887169e-01, 1.797693134862e+308, 9.8720e-01, 3.2327e-02, 
 2DIAGNOSTIC,     9, -7.124058213908e-01, 1.797693134862e+308, 1.0094e+00, 2.2215e-02, 
 2DIAGNOSTIC,    10, -7.124461482747e-01, 6.811210862071e-04, 1.0319e+00, 2.2496e-02, 
 2DIAGNOSTIC,    11, -7.125921880040e-01, 5.179944155193e-04, 1.0563e+00, 2.4359e-02, 
 2DIAGNOSTIC,    12, -7.127996465780e-01, 3.787759152625e-04, 1.0944e+00, 3.8076e-02, 
 2DIAGNOSTIC,    13, -7.127941014793e-01, 2.605113451397e-04, 1.1164e+00, 2.2038e-02, 
 2DIAGNOSTIC,    14, -7.128103943550e-01, 1.656332030961e-04, 1.1396e+00, 2.3167e-02, 
 2DIAGNOSTIC,    15, -7.128381437263e-01, 9.505415831132e-05, 1.1622e+00, 2.2694e-02, 
 2DIAGNOSTIC,    16, -7.128522127278e-01, 5.399416411668e-05, 1.1868e+00, 2.4555e-02, 
 2DIAGNOSTIC,    17, -7.128533811783e-01, 3.596368926145e-05, 1.2128e+00, 2.5983e-02, 
 2DIAGNOSTIC,    18, -7.128395152455e-01, 2.381290552384e-05, 1.2348e+00, 2.2031e-02, 
 2DIAGNOSTIC,    19, -7.128394913028e-01, 1.595547525950e-05, 1.2568e+00, 2.2003e-02, 
 2DIAGNOSTIC,    20, -7.128497557825e-01, 8.519572655553e-06, 1.2788e+00, 2.1976e-02, 
 2DIAGNOSTIC,    21, -7.128554925318e-01, 3.909904700096e-06, 1.3029e+00, 2.4136e-02, 
 2DIAGNOSTIC,    22, -7.128565018324e-01, 3.295877719592e-06, 1.3348e+00, 3.1854e-02, 
 2DIAGNOSTIC,    23, -7.128571605942e-01, 2.486950823978e-06, 1.3564e+00, 2.1577e-02, 
 2DIAGNOSTIC,    24, -7.128576690478e-01, 1.913523472744e-06, 1.3786e+00, 2.2279e-02, 
 2DIAGNOSTIC,    25, -7.128590686908e-01, 1.783948979740e-06, 1.4010e+00, 2.2347e-02, 
 2DIAGNOSTIC,    26, -7.128998316150e-01, 2.453078880513e-06, 1.4244e+00, 2.3414e-02, 
 2DIAGNOSTIC,    27, -7.129316884442e-01, 3.436252599215e-06, 1.4556e+00, 3.1157e-02, 
 2DIAGNOSTIC,    28, -7.129346480839e-01, 3.977958417715e-06, 1.4805e+00, 2.4963e-02, 
 2DIAGNOSTIC,    29, -7.129441773668e-01, 4.355076812859e-06, 1.5050e+00, 2.4525e-02, 
 2DIAGNOSTIC,    30, -7.129395656177e-01, 4.473846554352e-06, 1.5270e+00, 2.1954e-02, 
 2DIAGNOSTIC,    31, -7.129425162745e-01, 4.367042470955e-06, 1.5491e+00, 2.2126e-02, 
 2DIAGNOSTIC,    32, -7.129443618138e-01, 3.977684963019e-06, 1.5745e+00, 2.5346e-02, 
 2DIAGNOSTIC,    33, -7.129384829755e-01, 3.270430199376e-06, 1.5964e+00, 2.1965e-02, 
 2DIAGNOSTIC,    34, -7.129307879432e-01, 2.314014177537e-06, 1.6234e+00, 2.6928e-02, 
 2DIAGNOSTIC,    35, -7.129317882329e-01, 1.302837569831e-06, 1.6445e+00, 2.1145e-02, 
DIAGNOSTIC,Iteration,metricValue,convergenceValue,ITERATION_TIME_INDEX,SINCE_LAST
 2DIAGNOSTIC,     1, -6.092101566850e-01, 1.797693134862e+308, 2.2455e+00, 6.0103e-01, 
 2DIAGNOSTIC,     2, -6.095493026616e-01, 1.797693134862e+308, 2.4170e+00, 1.7148e-01, 
 2DIAGNOSTIC,     3, -6.098072177541e-01, 1.797693134862e+308, 2.5854e+00, 1.6834e-01, 
 2DIAGNOSTIC,     4, -6.100460736734e-01, 1.797693134862e+308, 2.7571e+00, 1.7177e-01, 
 2DIAGNOSTIC,     5, -6.102720177518e-01, 1.797693134862e+308, 2.9524e+00, 1.9528e-01, 
 2DIAGNOSTIC,     6, -6.103628923882e-01, 1.797693134862e+308, 3.1816e+00, 2.2920e-01, 
 2DIAGNOSTIC,     7, -6.104094289155e-01, 1.797693134862e+308, 3.3487e+00, 1.6707e-01, 
 2DIAGNOSTIC,     8, -6.104385710427e-01, 1.797693134862e+308, 3.5389e+00, 1.9022e-01, 
 2DIAGNOSTIC,     9, -6.104821948080e-01, 1.797693134862e+308, 3.7693e+00, 2.3044e-01, 
 2DIAGNOSTIC,    10, -6.104917630042e-01, 1.300990007268e-04, 3.9721e+00, 2.0275e-01, 
 2DIAGNOSTIC,    11, -6.105020574638e-01, 8.514742149952e-05, 4.1411e+00, 1.6902e-01, 
 2DIAGNOSTIC,    12, -6.105393500493e-01, 5.486867258260e-05, 4.3229e+00, 1.8176e-01, 
 2DIAGNOSTIC,    13, -6.105424641214e-01, 3.373575265399e-05, 4.5146e+00, 1.9170e-01, 
 2DIAGNOSTIC,    14, -6.105423841577e-01, 2.055953037775e-05, 4.7032e+00, 1.8865e-01, 
 2DIAGNOSTIC,    15, -6.105401178150e-01, 1.437654960412e-05, 4.8947e+00, 1.9144e-01, 
 2DIAGNOSTIC,    16, -6.105370750354e-01, 1.038480595444e-05, 5.1038e+00, 2.0913e-01, 
 2DIAGNOSTIC,    17, -6.105375077058e-01, 7.355431979508e-06, 5.2930e+00, 1.8924e-01, 
 2DIAGNOSTIC,    18, -6.105351801797e-01, 4.817731601235e-06, 5.4678e+00, 1.7475e-01, 
 2DIAGNOSTIC,    19, -6.105356305431e-01, 3.356607539626e-06, 5.6369e+00, 1.6911e-01, 
 2DIAGNOSTIC,    20, -6.105350593341e-01, 2.100009490691e-06, 5.8184e+00, 1.8150e-01, 
 2DIAGNOSTIC,    21, -6.105344373179e-01, 1.108216842863e-06, 6.0078e+00, 1.8939e-01, 
DIAGNOSTIC,Iteration,metricValue,convergenceValue,ITERATION_TIME_INDEX,SINCE_LAST
 2DIAGNOSTIC,     1, -5.426137982143e-01, 1.797693134862e+308, 7.8600e+00, 1.8523e+00, 
 2DIAGNOSTIC,     2, -5.427971186156e-01, 1.797693134862e+308, 9.0336e+00, 1.1736e+00, 
 2DIAGNOSTIC,     3, -5.429307058802e-01, 1.797693134862e+308, 1.0218e+01, 1.1840e+00, 
 2DIAGNOSTIC,     4, -5.430679856185e-01, 1.797693134862e+308, 1.1785e+01, 1.5670e+00, 
 2DIAGNOSTIC,     5, -5.431386636261e-01, 1.797693134862e+308, 1.4144e+01, 2.3597e+00, 
 2DIAGNOSTIC,     6, -5.431388198504e-01, 1.797693134862e+308, 1.5343e+01, 1.1986e+00, 
 2DIAGNOSTIC,     7, -5.431394518102e-01, 1.797693134862e+308, 1.6552e+01, 1.2089e+00, 
 2DIAGNOSTIC,     8, -5.431404882029e-01, 1.797693134862e+308, 1.7754e+01, 1.2025e+00, 
 2DIAGNOSTIC,     9, -5.431421725040e-01, 1.797693134862e+308, 1.8973e+01, 1.2186e+00, 
 2DIAGNOSTIC,    10, -5.431449351442e-01, 5.621351890786e-05, 2.0175e+01, 1.2018e+00, 
 2DIAGNOSTIC,    11, -5.431489886385e-01, 3.106208075375e-05, 2.1386e+01, 1.2108e+00, 
 2DIAGNOSTIC,    12, -5.431552201412e-01, 1.579690985073e-05, 2.2597e+01, 1.2115e+00, 
 2DIAGNOSTIC,    13, -5.431633378670e-01, 7.269955833528e-06, 2.3819e+01, 1.2224e+00, 
 2DIAGNOSTIC,    14, -5.431735775545e-01, 4.957559048516e-06, 2.5039e+01, 1.2200e+00, 
 2DIAGNOSTIC,    15, -5.431837636705e-01, 5.524745599200e-06, 2.6232e+01, 1.1926e+00, 
 2DIAGNOSTIC,    16, -5.431927756942e-01, 6.004962712192e-06, 2.7548e+01, 1.3165e+00, 
 2DIAGNOSTIC,    17, -5.432008024682e-01, 6.322880636601e-06, 2.8858e+01, 1.3091e+00, 
 2DIAGNOSTIC,    18, -5.432037788486e-01, 6.307922641981e-06, 3.0713e+01, 1.8559e+00, 
 2DIAGNOSTIC,    19, -5.432044134367e-01, 5.937342473498e-06, 3.1925e+01, 1.2114e+00, 
 2DIAGNOSTIC,    20, -5.432062704105e-01, 5.328465813199e-06, 3.3104e+01, 1.1795e+00, 
 2DIAGNOSTIC,    21, -5.432079312663e-01, 4.568521335985e-06, 3.4296e+01, 1.1912e+00, 
 2DIAGNOSTIC,    22, -5.432098872124e-01, 3.784028167392e-06, 3.5630e+01, 1.3349e+00, 
 2DIAGNOSTIC,    23, -5.432103668151e-01, 3.042078364761e-06, 3.7090e+01, 1.4596e+00, 
 2DIAGNOSTIC,    24, -5.432102486231e-01, 2.426189001280e-06, 3.8425e+01, 1.3350e+00, 
 2DIAGNOSTIC,    25, -5.432097991572e-01, 1.957691042498e-06, 3.9604e+01, 1.1789e+00, 
 2DIAGNOSTIC,    26, -5.432093787616e-01, 1.629551989936e-06, 4.1164e+01, 1.5605e+00, 
 2DIAGNOSTIC,    27, -5.432094095442e-01, 1.442027528983e-06, 4.2500e+01, 1.3357e+00, 
 2DIAGNOSTIC,    28, -5.432092919259e-01, 1.296508202679e-06, 4.3698e+01, 1.1975e+00, 
 2DIAGNOSTIC,    29, -5.432091854487e-01, 1.155371714759e-06, 4.5010e+01, 1.3124e+00, 
 2DIAGNOSTIC,    30, -5.432090892513e-01, 1.048764077270e-06, 4.6222e+01, 1.2124e+00, 
  Elapsed time (stage 1): 4.7096e+01


Stage 2
  iterations = 100x70x50x20
  convergence threshold = 1.0000e-06
  convergence window size = 10
  number of levels = 4
  using the CC metric (radius = 4, weight = 1.0000e+00, use gradient filter = 0)
  preprocessing:  winsorizing the image intensities
  Shrink factors (level 1 out of 4): [8, 8, 8]
  Shrink factors (level 2 out of 4): [4, 4, 4]
  Shrink factors (level 3 out of 4): [2, 2, 2]
  Shrink factors (level 4 out of 4): [1, 1, 1]
  smoothing sigmas per level: [3, 2, 1, 0]
  Using default NONE metricSamplingStrategy 

*** Running SyN registration (varianceForUpdateField = 3.0000e+00, varianceForTotalField = 0.0000e+00) ***

XXDIAGNOSTIC,Iteration,metricValue,convergenceValue,ITERATION_TIME_INDEX,SINCE_LAST
 1DIAGNOSTIC,     1, -9.303701557906e-01, 1.797693134862e+308, 4.5710e-01, 4.5710e-01, 
 1DIAGNOSTIC,     2, -9.379119858571e-01, 1.797693134862e+308, 6.0843e-01, 1.5133e-01, 
 1DIAGNOSTIC,     3, -9.429326084316e-01, 1.797693134862e+308, 7.6108e-01, 1.5264e-01, 
 1DIAGNOSTIC,     4, -9.459196145660e-01, 1.797693134862e+308, 9.0805e-01, 1.4697e-01, 
 1DIAGNOSTIC,     5, -9.476117457220e-01, 1.797693134862e+308, 1.0576e+00, 1.4951e-01, 
 1DIAGNOSTIC,     6, -9.491368326511e-01, 1.797693134862e+308, 1.2143e+00, 1.5679e-01, 
 1DIAGNOSTIC,     7, -9.514089334363e-01, 1.797693134862e+308, 1.3623e+00, 1.4795e-01, 
 1DIAGNOSTIC,     8, -9.551718635216e-01, 1.797693134862e+308, 1.5108e+00, 1.4850e-01, 
 1DIAGNOSTIC,     9, -9.593970009032e-01, 1.797693134862e+308, 1.6588e+00, 1.4804e-01, 
 1DIAGNOSTIC,    10, -9.632576805369e-01, 1.893235439464e-03, 1.8067e+00, 1.4782e-01, 
 1DIAGNOSTIC,    11, -9.670513518326e-01, 1.641842937875e-03, 1.9590e+00, 1.5238e-01, 
 1DIAGNOSTIC,    12, -9.682186969104e-01, 1.499669741671e-03, 2.1109e+00, 1.5182e-01, 
 1DIAGNOSTIC,    13, -9.683813103479e-01, 1.362434521195e-03, 2.2587e+00, 1.4781e-01, 
 1DIAGNOSTIC,    14, -9.689807640236e-01, 1.197528085544e-03, 2.4059e+00, 1.4722e-01, 
 1DIAGNOSTIC,    15, -9.691743145804e-01, 9.824075154200e-04, 2.5539e+00, 1.4802e-01, 
 1DIAGNOSTIC,    16, -9.695387320908e-01, 7.392909011877e-04, 2.7066e+00, 1.5271e-01, 
 1DIAGNOSTIC,    17, -9.697029852999e-01, 4.994420109456e-04, 2.8534e+00, 1.4677e-01, 
 1DIAGNOSTIC,    18, -9.700006727084e-01, 3.072967868554e-04, 3.0047e+00, 1.5130e-01, 
 1DIAGNOSTIC,    19, -9.701468186271e-01, 1.746767554267e-04, 3.1522e+00, 1.4749e-01, 
 1DIAGNOSTIC,    20, -9.703959326177e-01, 9.889186750220e-05, 3.2997e+00, 1.4756e-01, 
 1DIAGNOSTIC,    21, -9.705192039966e-01, 7.619149941022e-05, 3.4487e+00, 1.4894e-01, 
 1DIAGNOSTIC,    22, -9.707399285391e-01, 6.732394099985e-05, 3.5950e+00, 1.4636e-01, 
 1DIAGNOSTIC,    23, -9.708356302511e-01, 5.619618367923e-05, 3.7551e+00, 1.6008e-01, 
 1DIAGNOSTIC,    24, -9.710378280595e-01, 5.073856462681e-05, 3.9035e+00, 1.4842e-01, 
 1DIAGNOSTIC,    25, -9.711103117061e-01, 4.411511087998e-05, 4.0546e+00, 1.5106e-01, 
 1DIAGNOSTIC,    26, -9.713009580936e-01, 4.028180974203e-05, 4.2021e+00, 1.4755e-01, 
 1DIAGNOSTIC,    27, -9.713514152575e-01, 3.531479545935e-05, 4.3495e+00, 1.4735e-01, 
 1DIAGNOSTIC,    28, -9.715310467501e-01, 3.251937231743e-05, 4.4988e+00, 1.4926e-01, 
 1DIAGNOSTIC,    29, -9.715638150594e-01, 2.870157958092e-05, 4.6464e+00, 1.4765e-01, 
 1DIAGNOSTIC,    30, -9.717349685537e-01, 2.666732066267e-05, 4.7953e+00, 1.4890e-01, 
 1DIAGNOSTIC,    31, -9.717511488641e-01, 2.360267026081e-05, 4.9445e+00, 1.4922e-01, 
 1DIAGNOSTIC,    32, -9.719095675983e-01, 2.209540137508e-05, 5.0950e+00, 1.5045e-01, 
 1DIAGNOSTIC,    33, -9.719114665882e-01, 1.949245689351e-05, 5.2525e+00, 1.5750e-01, 
 1DIAGNOSTIC,    34, -9.720536231654e-01, 1.828326149673e-05, 5.3993e+00, 1.4683e-01, 
 1DIAGNOSTIC,    35, -9.720432325202e-01, 1.596502607584e-05, 5.5499e+00, 1.5059e-01, 
 1DIAGNOSTIC,    36, -9.721720902592e-01, 1.497581777840e-05, 5.6992e+00, 1.4933e-01, 
 1DIAGNOSTIC,    37, -9.721521322771e-01, 1.289381582342e-05, 5.8450e+00, 1.4576e-01, 
 1DIAGNOSTIC,    38, -9.722719351204e-01, 1.211499535848e-05, 5.9941e+00, 1.4911e-01, 
 1DIAGNOSTIC,    39, -9.722443724132e-01, 1.029593154944e-05, 6.1449e+00, 1.5077e-01, 
 1DIAGNOSTIC,    40, -9.723588206387e-01, 9.786206648703e-06, 6.2954e+00, 1.5055e-01, 
 1DIAGNOSTIC,    41, -9.723256038759e-01, 8.279463140727e-06, 6.4420e+00, 1.4656e-01, 
 1DIAGNOSTIC,    42, -9.724367260061e-01, 8.037586747188e-06, 6.5909e+00, 1.4889e-01, 
 1DIAGNOSTIC,    43, -9.723987864850e-01, 6.826753569313e-06, 6.7403e+00, 1.4939e-01, 
 1DIAGNOSTIC,    44, -9.725081095467e-01, 6.791846677786e-06, 6.8899e+00, 1.4959e-01, 
 1DIAGNOSTIC,    45, -9.724661981858e-01, 5.801014373322e-06, 7.0378e+00, 1.4793e-01, 
 1DIAGNOSTIC,    46, -9.725745341157e-01, 5.903756656465e-06, 7.1858e+00, 1.4807e-01, 
 1DIAGNOSTIC,    47, -9.725293186562e-01, 5.062423883997e-06, 7.3395e+00, 1.5369e-01, 
 1DIAGNOSTIC,    48, -9.726387948416e-01, 5.262084070833e-06, 7.4866e+00, 1.4707e-01, 
 1DIAGNOSTIC,    49, -9.725868331931e-01, 4.504141967988e-06, 7.6355e+00, 1.4893e-01, 
 1DIAGNOSTIC,    50, -9.726964729504e-01, 4.746619570350e-06, 7.7849e+00, 1.4934e-01, 
 1DIAGNOSTIC,    51, -9.726459010897e-01, 4.072045870572e-06, 7.9362e+00, 1.5136e-01, 
 1DIAGNOSTIC,    52, -9.727562999819e-01, 4.365607163100e-06, 8.0858e+00, 1.4957e-01, 
 1DIAGNOSTIC,    53, -9.727029964554e-01, 3.752613368217e-06, 8.2396e+00, 1.5373e-01, 
 1DIAGNOSTIC,    54, -9.728152924568e-01, 4.087210182972e-06, 8.3866e+00, 1.4706e-01, 
 1DIAGNOSTIC,    55, -9.727598284423e-01, 3.524994411860e-06, 8.5342e+00, 1.4762e-01, 
 1DIAGNOSTIC,    56, -9.728743446777e-01, 3.889726486073e-06, 8.6854e+00, 1.5117e-01, 
 1DIAGNOSTIC,    57, -9.728168243648e-01, 3.364555322693e-06, 8.8329e+00, 1.4745e-01, 
 1DIAGNOSTIC,    58, -9.729329053422e-01, 3.751618898904e-06, 8.9814e+00, 1.4858e-01, 
 1DIAGNOSTIC,    59, -9.728728066214e-01, 3.232129684023e-06, 9.1294e+00, 1.4794e-01, 
 1DIAGNOSTIC,    60, -9.729916540701e-01, 3.610188146954e-06, 9.2850e+00, 1.5559e-01, 
 1DIAGNOSTIC,    61, -9.729292097841e-01, 3.108158926242e-06, 9.4361e+00, 1.5109e-01, 
 1DIAGNOSTIC,    62, -9.730510211116e-01, 3.494004063239e-06, 9.5847e+00, 1.4861e-01, 
 1DIAGNOSTIC,    63, -9.729864247803e-01, 3.004189825330e-06, 9.7343e+00, 1.4967e-01, 
 1DIAGNOSTIC,    64, -9.731121564718e-01, 3.401775387150e-06, 9.8832e+00, 1.4886e-01, 
 1DIAGNOSTIC,    65, -9.731050604745e-01, 3.197852225592e-06, 1.0033e+01, 1.5002e-01, 
 1DIAGNOSTIC,    66, -9.732327450319e-01, 3.829531984231e-06, 1.0182e+01, 1.4885e-01, 
 1DIAGNOSTIC,    67, -9.731611879634e-01, 3.530920990518e-06, 1.0331e+01, 1.4904e-01, 
 1DIAGNOSTIC,    68, -9.732907588208e-01, 4.032011932397e-06, 1.0478e+01, 1.4687e-01, 
 1DIAGNOSTIC,    69, -9.732156344174e-01, 3.572333903858e-06, 1.0626e+01, 1.4811e-01, 
 1DIAGNOSTIC,    70, -9.733458970392e-01, 3.886857341276e-06, 1.0779e+01, 1.5255e-01, 
 1DIAGNOSTIC,    71, -9.732677500650e-01, 3.253387048771e-06, 1.0938e+01, 1.5902e-01, 
 1DIAGNOSTIC,    72, -9.733988667107e-01, 3.422717133354e-06, 1.1089e+01, 1.5131e-01, 
 1DIAGNOSTIC,    73, -9.733175739040e-01, 2.690330446904e-06, 1.1239e+01, 1.4989e-01, 
 1DIAGNOSTIC,    74, -9.734466085455e-01, 2.784396116210e-06, 1.1387e+01, 1.4808e-01, 
 1DIAGNOSTIC,    75, -9.733622926277e-01, 2.265697890504e-06, 1.1535e+01, 1.4793e-01, 
 1DIAGNOSTIC,    76, -9.734870084236e-01, 2.578063845508e-06, 1.1686e+01, 1.5129e-01, 
 1DIAGNOSTIC,    77, -9.733997283745e-01, 2.043826601095e-06, 1.1834e+01, 1.4814e-01, 
 1DIAGNOSTIC,    78, -9.735315988856e-01, 2.369744396253e-06, 1.1984e+01, 1.4951e-01, 
 1DIAGNOSTIC,    79, -9.734315570329e-01, 1.822235930735e-06, 1.2132e+01, 1.4856e-01, 
 1DIAGNOSTIC,    80, -9.735603832736e-01, 2.123293955086e-06, 1.2286e+01, 1.5370e-01, 
 1DIAGNOSTIC,    81, -9.734682135392e-01, 1.608998891267e-06, 1.2435e+01, 1.4876e-01, 
 1DIAGNOSTIC,    82, -9.735847805779e-01, 1.895637009787e-06, 1.2587e+01, 1.5178e-01, 
 1DIAGNOSTIC,    83, -9.734914412892e-01, 1.389746972658e-06, 1.2736e+01, 1.4888e-01, 
 1DIAGNOSTIC,    84, -9.736062790432e-01, 1.670258278517e-06, 1.2886e+01, 1.5061e-01, 
 1DIAGNOSTIC,    85, -9.735122790161e-01, 1.182191398566e-06, 1.3034e+01, 1.4813e-01, 
 1DIAGNOSTIC,    86, -9.736250348542e-01, 1.456359764935e-06, 1.3184e+01, 1.4932e-01, 
 1DIAGNOSTIC,    87, -9.735310964644e-01, 9.862823722312e-07, 1.3331e+01, 1.4754e-01, 
XXDIAGNOSTIC,Iteration,metricValue,convergenceValue,ITERATION_TIME_INDEX,SINCE_LAST
 1DIAGNOSTIC,     1, -9.150633914609e-01, 1.797693134862e+308, 1.4860e+01, 1.5290e+00, 
 1DIAGNOSTIC,     2, -9.186355717872e-01, 1.797693134862e+308, 1.6059e+01, 1.1989e+00, 
 1DIAGNOSTIC,     3, -9.222512233365e-01, 1.797693134862e+308, 1.7263e+01, 1.2044e+00, 
 1DIAGNOSTIC,     4, -9.253596776724e-01, 1.797693134862e+308, 1.8480e+01, 1.2164e+00, 
 1DIAGNOSTIC,     5, -9.277939668914e-01, 1.797693134862e+308, 1.9690e+01, 1.2099e+00, 
 1DIAGNOSTIC,     6, -9.300931873942e-01, 1.797693134862e+308, 2.0916e+01, 1.2264e+00, 
 1DIAGNOSTIC,     7, -9.320099858725e-01, 1.797693134862e+308, 2.2143e+01, 1.2266e+00, 
 1DIAGNOSTIC,     8, -9.339180134012e-01, 1.797693134862e+308, 2.3348e+01, 1.2053e+00, 
 1DIAGNOSTIC,     9, -9.355055383499e-01, 1.797693134862e+308, 2.4566e+01, 1.2180e+00, 
 1DIAGNOSTIC,    10, -9.368669436021e-01, 1.480284808857e-03, 2.5763e+01, 1.1968e+00, 
 1DIAGNOSTIC,    11, -9.379791577984e-01, 1.182839184948e-03, 2.6970e+01, 1.2073e+00, 
 1DIAGNOSTIC,    12, -9.389009640298e-01, 9.425141791482e-04, 2.8173e+01, 1.2031e+00, 
 1DIAGNOSTIC,    13, -9.396781998136e-01, 7.565293997388e-04, 2.9380e+01, 1.2072e+00, 
 1DIAGNOSTIC,    14, -9.403579641989e-01, 6.105582027553e-04, 3.0591e+01, 1.2107e+00, 
 1DIAGNOSTIC,    15, -9.408032720925e-01, 4.864742179753e-04, 3.1789e+01, 1.1979e+00, 
 1DIAGNOSTIC,    16, -9.412197185533e-01, 3.849071075509e-04, 3.3005e+01, 1.2164e+00, 
 1DIAGNOSTIC,    17, -9.416075142792e-01, 3.008985091280e-04, 3.4200e+01, 1.1948e+00, 
 1DIAGNOSTIC,    18, -9.419748838010e-01, 2.366982351863e-04, 3.5400e+01, 1.1996e+00, 
 1DIAGNOSTIC,    19, -9.423274470853e-01, 1.882193952282e-04, 3.6596e+01, 1.1967e+00, 
 1DIAGNOSTIC,    20, -9.425545781779e-01, 1.511759487386e-04, 3.7812e+01, 1.2160e+00, 
 1DIAGNOSTIC,    21, -9.428754698498e-01, 1.243324719658e-04, 3.9012e+01, 1.1997e+00, 
 1DIAGNOSTIC,    22, -9.430817018000e-01, 1.038372486844e-04, 4.0224e+01, 1.2115e+00, 
 1DIAGNOSTIC,    23, -9.432696828088e-01, 8.812025724064e-05, 4.1423e+01, 1.1999e+00, 
 1DIAGNOSTIC,    24, -9.434372536346e-01, 7.622759973816e-05, 4.2627e+01, 1.2031e+00, 
 1DIAGNOSTIC,    25, -9.436053019071e-01, 6.562978618724e-05, 4.3838e+01, 1.2119e+00, 
 1DIAGNOSTIC,    26, -9.437592583661e-01, 5.637201369425e-05, 4.5047e+01, 1.2089e+00, 
 1DIAGNOSTIC,    27, -9.439173647671e-01, 4.866223709910e-05, 4.6259e+01, 1.2121e+00, 
 1DIAGNOSTIC,    28, -9.440723161095e-01, 4.261720763951e-05, 4.7477e+01, 1.2170e+00, 
 1DIAGNOSTIC,    29, -9.442277421548e-01, 3.835233550867e-05, 4.8674e+01, 1.1975e+00, 
 1DIAGNOSTIC,    30, -9.443865981097e-01, 3.467579624335e-05, 4.9878e+01, 1.2037e+00, 
 1DIAGNOSTIC,    31, -9.445461902655e-01, 3.270785881978e-05, 5.1075e+01, 1.1974e+00, 
 1DIAGNOSTIC,    32, -9.447095853273e-01, 3.131999223149e-05, 5.2275e+01, 1.2003e+00, 
 1DIAGNOSTIC,    33, -9.448615691595e-01, 3.022402273235e-05, 5.3481e+01, 1.2060e+00, 
 1DIAGNOSTIC,    34, -9.450016069926e-01, 2.912138685709e-05, 5.4682e+01, 1.2008e+00, 
 1DIAGNOSTIC,    35, -9.451296276515e-01, 2.793779298466e-05, 5.5877e+01, 1.1953e+00, 
 1DIAGNOSTIC,    36, -9.452476523375e-01, 2.650886294001e-05, 5.7074e+01, 1.1964e+00, 
 1DIAGNOSTIC,    37, -9.453562900194e-01, 2.487402674266e-05, 5.8275e+01, 1.2009e+00, 
 1DIAGNOSTIC,    38, -9.454591550625e-01, 2.306726066919e-05, 5.9472e+01, 1.1975e+00, 
 1DIAGNOSTIC,    39, -9.455556835109e-01, 2.116696033525e-05, 6.0680e+01, 1.2074e+00, 
 1DIAGNOSTIC,    40, -9.456514927427e-01, 1.932575758220e-05, 6.1877e+01, 1.1969e+00, 
 1DIAGNOSTIC,    41, -9.457408619971e-01, 1.761956165307e-05, 6.3064e+01, 1.1878e+00, 
 1DIAGNOSTIC,    42, -9.458261781530e-01, 1.615647335677e-05, 6.4283e+01, 1.2182e+00, 
 1DIAGNOSTIC,    43, -9.459108387430e-01, 1.493552844787e-05, 6.5476e+01, 1.1938e+00, 
 1DIAGNOSTIC,    44, -9.459921141143e-01, 1.391578042040e-05, 6.6671e+01, 1.1949e+00, 
 1DIAGNOSTIC,    45, -9.460587255103e-01, 1.297043209296e-05, 6.7890e+01, 1.2190e+00, 
 1DIAGNOSTIC,    46, -9.461177223508e-01, 1.204343993660e-05, 6.9096e+01, 1.2059e+00, 
 1DIAGNOSTIC,    47, -9.461682430768e-01, 1.108135434454e-05, 7.0294e+01, 1.1981e+00, 
 1DIAGNOSTIC,    48, -9.462090696117e-01, 1.005657450968e-05, 7.1493e+01, 1.1988e+00, 
 1DIAGNOSTIC,    49, -9.462469950969e-01, 8.992193373143e-06, 7.2686e+01, 1.1934e+00, 
 1DIAGNOSTIC,    50, -9.462806951836e-01, 7.944418998998e-06, 7.3891e+01, 1.2043e+00, 
 1DIAGNOSTIC,    51, -9.463064408122e-01, 6.911294448273e-06, 7.5085e+01, 1.1946e+00, 
 1DIAGNOSTIC,    52, -9.463363856068e-01, 5.977333676754e-06, 7.6307e+01, 1.2215e+00, 
 1DIAGNOSTIC,    53, -9.463557261132e-01, 5.147917269788e-06, 7.7504e+01, 1.1972e+00, 
 1DIAGNOSTIC,    54, -9.463735120243e-01, 4.461197796558e-06, 7.8701e+01, 1.1974e+00, 
 1DIAGNOSTIC,    55, -9.463866673798e-01, 3.860460308563e-06, 7.9902e+01, 1.2003e+00, 
 1DIAGNOSTIC,    56, -9.463980244164e-01, 3.341025168246e-06, 8.1092e+01, 1.1907e+00, 
 1DIAGNOSTIC,    57, -9.464041509058e-01, 2.870005736920e-06, 8.2298e+01, 1.2058e+00, 
 1DIAGNOSTIC,    58, -9.464132486930e-01, 2.450147467060e-06, 8.3509e+01, 1.2108e+00, 
 1DIAGNOSTIC,    59, -9.464201707866e-01, 2.088449383739e-06, 8.4711e+01, 1.2018e+00, 
 1DIAGNOSTIC,    60, -9.464241128845e-01, 1.777568150507e-06, 8.5907e+01, 1.1963e+00, 
 1DIAGNOSTIC,    61, -9.464291878725e-01, 1.507295195723e-06, 8.7119e+01, 1.2116e+00, 
 1DIAGNOSTIC,    62, -9.464325171745e-01, 1.311713126291e-06, 8.8333e+01, 1.2142e+00, 
 1DIAGNOSTIC,    63, -9.464358862575e-01, 1.152891457468e-06, 8.9533e+01, 1.2003e+00, 
 1DIAGNOSTIC,    64, -9.464398566692e-01, 1.038159004940e-06, 9.0742e+01, 1.2090e+00, 
 1DIAGNOSTIC,    65, -9.464422452663e-01, 9.461551300771e-07, 9.1965e+01, 1.2227e+00, 
XXDIAGNOSTIC,Iteration,metricValue,convergenceValue,ITERATION_TIME_INDEX,SINCE_LAST
 1DIAGNOSTIC,     1, -8.988610269709e-01, 1.797693134862e+308, 1.0207e+02, 1.0105e+01, 
 1DIAGNOSTIC,     2, -9.004703638594e-01, 1.797693134862e+308, 1.1181e+02, 9.7398e+00, 
 1DIAGNOSTIC,     3, -9.028476381203e-01, 1.797693134862e+308, 1.2138e+02, 9.5678e+00, 
 1DIAGNOSTIC,     4, -9.052041528503e-01, 1.797693134862e+308, 1.3097e+02, 9.5943e+00, 
 1DIAGNOSTIC,     5, -9.073608467887e-01, 1.797693134862e+308, 1.4056e+02, 9.5852e+00, 
 1DIAGNOSTIC,     6, -9.095483018853e-01, 1.797693134862e+308, 1.5023e+02, 9.6714e+00, 
 1DIAGNOSTIC,     7, -9.116324591255e-01, 1.797693134862e+308, 1.6001e+02, 9.7805e+00, 
 1DIAGNOSTIC,     8, -9.134073344885e-01, 1.797693134862e+308, 1.6966e+02, 9.6462e+00, 
 1DIAGNOSTIC,     9, -9.150753041447e-01, 1.797693134862e+308, 1.7936e+02, 9.7041e+00, 
 1DIAGNOSTIC,    10, -9.166725661782e-01, 1.297216327005e-03, 1.8907e+02, 9.7124e+00, 
 1DIAGNOSTIC,    11, -9.180084452272e-01, 1.131692362605e-03, 1.9872e+02, 9.6466e+00, 
 1DIAGNOSTIC,    12, -9.191955546091e-01, 9.643651869901e-04, 2.0837e+02, 9.6549e+00, 
 1DIAGNOSTIC,    13, -9.202758485379e-01, 8.181959624308e-04, 2.1822e+02, 9.8446e+00, 
 1DIAGNOSTIC,    14, -9.212731681527e-01, 6.929038071179e-04, 2.2796e+02, 9.7449e+00, 
 1DIAGNOSTIC,    15, -9.221704677524e-01, 5.839923606498e-04, 2.3759e+02, 9.6239e+00, 
 1DIAGNOSTIC,    16, -9.229758635296e-01, 4.929482128472e-04, 2.4729e+02, 9.7027e+00, 
 1DIAGNOSTIC,    17, -9.237111868199e-01, 4.185994238241e-04, 2.5689e+02, 9.5980e+00, 
 1DIAGNOSTIC,    18, -9.243772030199e-01, 3.557609061210e-04, 2.6655e+02, 9.6605e+00, 
 1DIAGNOSTIC,    19, -9.249956130189e-01, 3.036902290817e-04, 2.7630e+02, 9.7499e+00, 
 1DIAGNOSTIC,    20, -9.255812337268e-01, 2.623192315240e-04, 2.8590e+02, 9.5982e+00, 
 1DIAGNOSTIC,    21, -9.261338531650e-01, 2.282233778281e-04, 2.9557e+02, 9.6781e+00, 
 1DIAGNOSTIC,    22, -9.266588548052e-01, 1.999468482539e-04, 3.0519e+02, 9.6111e+00, 
 1DIAGNOSTIC,    23, -9.271440033961e-01, 1.764262768782e-04, 3.1489e+02, 9.7050e+00, 
 1DIAGNOSTIC,    24, -9.275855801380e-01, 1.568353522916e-04, 3.2463e+02, 9.7438e+00, 
 1DIAGNOSTIC,    25, -9.279928403110e-01, 1.401980473869e-04, 3.3445e+02, 9.8108e+00, 
 1DIAGNOSTIC,    26, -9.283632663910e-01, 1.256173611184e-04, 3.4404e+02, 9.5993e+00, 
 1DIAGNOSTIC,    27, -9.287043517173e-01, 1.126008091314e-04, 3.5374e+02, 9.6923e+00, 
 1DIAGNOSTIC,    28, -9.290178782113e-01, 1.007065094058e-04, 3.6337e+02, 9.6337e+00, 
 1DIAGNOSTIC,    29, -9.293080644431e-01, 8.981020545490e-05, 3.7307e+02, 9.7020e+00, 
 1DIAGNOSTIC,    30, -9.295721041150e-01, 7.990953062813e-05, 3.8276e+02, 9.6920e+00, 
 1DIAGNOSTIC,    31, -9.298153727163e-01, 7.102674801565e-05, 3.9247e+02, 9.7080e+00, 
 1DIAGNOSTIC,    32, -9.300390455175e-01, 6.321127909518e-05, 4.0224e+02, 9.7654e+00, 
 1DIAGNOSTIC,    33, -9.302469311987e-01, 5.638034299280e-05, 4.1193e+02, 9.6948e+00, 
 1DIAGNOSTIC,    34, -9.304401187855e-01, 5.038676021245e-05, 4.2161e+02, 9.6765e+00, 
 1DIAGNOSTIC,    35, -9.306187508703e-01, 4.514423793080e-05, 4.3122e+02, 9.6123e+00, 
 1DIAGNOSTIC,    36, -9.307876022699e-01, 4.055575231402e-05, 4.4080e+02, 9.5765e+00, 
 1DIAGNOSTIC,    37, -9.309460685320e-01, 3.655620048085e-05, 4.5053e+02, 9.7342e+00, 
 1DIAGNOSTIC,    38, -9.310961528467e-01, 3.308533879997e-05, 4.6013e+02, 9.6019e+00, 
 1DIAGNOSTIC,    39, -9.312356836538e-01, 3.007633696490e-05, 4.6978e+02, 9.6432e+00, 
 1DIAGNOSTIC,    40, -9.313701266803e-01, 2.746246981540e-05, 4.7941e+02, 9.6321e+00, 
 1DIAGNOSTIC,    41, -9.314983819983e-01, 2.519099617261e-05, 4.8913e+02, 9.7200e+00, 
 1DIAGNOSTIC,    42, -9.316196159232e-01, 2.319599114094e-05, 4.9882e+02, 9.6921e+00, 
 1DIAGNOSTIC,    43, -9.317313664755e-01, 2.141226783448e-05, 5.0843e+02, 9.6115e+00, 
 1DIAGNOSTIC,    44, -9.318379978601e-01, 1.980818388521e-05, 5.1806e+02, 9.6293e+00, 
 1DIAGNOSTIC,    45, -9.319367201059e-01, 1.832500844370e-05, 5.2769e+02, 9.6258e+00, 
 1DIAGNOSTIC,    46, -9.320283291893e-01, 1.694240726291e-05, 5.3732e+02, 9.6312e+00, 
 1DIAGNOSTIC,    47, -9.321156819061e-01, 1.565344409679e-05, 5.4699e+02, 9.6661e+00, 
 1DIAGNOSTIC,    48, -9.321973348295e-01, 1.445220104315e-05, 5.5671e+02, 9.7247e+00, 
 1DIAGNOSTIC,    49, -9.322743405370e-01, 1.332207201745e-05, 5.6631e+02, 9.6030e+00, 
 1DIAGNOSTIC,    50, -9.323490457404e-01, 1.229380988452e-05, 5.7599e+02, 9.6810e+00, 
XXDIAGNOSTIC,Iteration,metricValue,convergenceValue,ITERATION_TIME_INDEX,SINCE_LAST
 1DIAGNOSTIC,     1, -8.889819466045e-01, 1.797693134862e+308, 6.6125e+02, 8.5252e+01, 
 1DIAGNOSTIC,     2, -8.901528444268e-01, 1.797693134862e+308, 7.4853e+02, 8.7286e+01, 
 1DIAGNOSTIC,     3, -8.918562947477e-01, 1.797693134862e+308, 8.3297e+02, 8.4438e+01, 
 1DIAGNOSTIC,     4, -8.933428612790e-01, 1.797693134862e+308, 9.1810e+02, 8.5126e+01, 
 1DIAGNOSTIC,     5, -8.947450843112e-01, 1.797693134862e+308, 1.0023e+03, 8.4202e+01, 
 1DIAGNOSTIC,     6, -8.961683686154e-01, 1.797693134862e+308, 1.0859e+03, 8.3633e+01, 
 1DIAGNOSTIC,     7, -8.973557372176e-01, 1.797693134862e+308, 1.1685e+03, 8.2613e+01, 
 1DIAGNOSTIC,     8, -8.984432897360e-01, 1.797693134862e+308, 1.2517e+03, 8.3116e+01, 
 1DIAGNOSTIC,     9, -8.995538944129e-01, 1.797693134862e+308, 1.3349e+03, 8.3271e+01, 
 1DIAGNOSTIC,    10, -9.005475941211e-01, 8.449633615761e-04, 1.4180e+03, 8.3057e+01, 
 1DIAGNOSTIC,    11, -9.013964926133e-01, 7.275126205507e-04, 1.5015e+03, 8.3506e+01, 
 1DIAGNOSTIC,    12, -9.022642809395e-01, 6.178045778945e-04, 1.5849e+03, 8.3446e+01, 
 1DIAGNOSTIC,    13, -9.030013718172e-01, 5.283550532426e-04, 1.6686e+03, 8.3628e+01, 
 1DIAGNOSTIC,    14, -9.036990676448e-01, 4.528094196970e-04, 1.7524e+03, 8.3796e+01, 
 1DIAGNOSTIC,    15, -9.042592305288e-01, 3.870675735391e-04, 1.8367e+03, 8.4380e+01, 
 1DIAGNOSTIC,    16, -9.047884818079e-01, 3.325305307546e-04, 1.9202e+03, 8.3505e+01, 
 1DIAGNOSTIC,    17, -9.052959832188e-01, 2.852055142239e-04, 2.0040e+03, 8.3728e+01, 
 1DIAGNOSTIC,    18, -9.058995274480e-01, 2.462963167552e-04, 2.0875e+03, 8.3562e+01, 
 1DIAGNOSTIC,    19, -9.063574310129e-01, 2.145581378410e-04, 2.1716e+03, 8.4050e+01, 
 1DIAGNOSTIC,    20, -9.068043299484e-01, 1.887792464860e-04, 2.2555e+03, 8.3901e+01, 
  Elapsed time (stage 2): 2256


Total elapsed time: 2337
