All_Command_lines_OK
Using double precision for computations.
=============================================================================
The composite transform comprises the following transforms (in order): 
  1. Center of mass alignment using fixed image: /templateflow/tpl-MNI152NLin2009cAsym/tpl-MNI152NLin2009cAsym_res-01_desc-brain_T1w.nii.gz and moving image: /mnt/lustre/mathdugre/ants-amp/datasets/corr/RawDataBIDS/BMB_1/derivatives/antsBrainExtraction/sub-0003018/BrainExtractionBrain.nii.gz (type = Euler3DTransform)
=============================================================================
  number of levels = 4
  number of levels = 4
  number of levels = 4
  fixed image: /templateflow/tpl-MNI152NLin2009cAsym/tpl-MNI152NLin2009cAsym_res-01_desc-brain_T1w.nii.gz
  moving image: /mnt/lustre/mathdugre/ants-amp/datasets/corr/RawDataBIDS/BMB_1/derivatives/antsBrainExtraction/sub-0003018/BrainExtractionBrain.nii.gz
  fixed image: /templateflow/tpl-MNI152NLin2009cAsym/tpl-MNI152NLin2009cAsym_res-01_desc-brain_T1w.nii.gz
  moving image: /mnt/lustre/mathdugre/ants-amp/datasets/corr/RawDataBIDS/BMB_1/derivatives/antsBrainExtraction/sub-0003018/BrainExtractionBrain.nii.gz
  fixed image: /templateflow/tpl-MNI152NLin2009cAsym/tpl-MNI152NLin2009cAsym_res-01_desc-brain_T1w.nii.gz
  moving image: /mnt/lustre/mathdugre/ants-amp/datasets/corr/RawDataBIDS/BMB_1/derivatives/antsBrainExtraction/sub-0003018/BrainExtractionBrain.nii.gz
Dimension = 3
Number of stages = 3
Use histogram matching = false
Winsorize image intensities = true
  Lower quantile = 0.005
  Upper quantile = 0.995


Stage 1 State
   Image metric = MattesMI
     Fixed image = Image (0x55f304134360)
  RTTI typeinfo:   itk::Image<double, 3u>
  Reference Count: 2
  Modified Time: 2368
  Debug: Off
  Object Name: 
  Observers: 
    none
  Source: (none)
  Source output name: (none)
  Release Data: Off
  Data Released: False
  Global Release Data: Off
  PipelineMTime: 0
  UpdateMTime: 1979
  RealTimeStamp: 0 seconds 
  LargestPossibleRegion: 
    Dimension: 3
    Index: [0, 0, 0]
    Size: [193, 229, 193]
  BufferedRegion: 
    Dimension: 3
    Index: [0, 0, 0]
    Size: [193, 229, 193]
  RequestedRegion: 
    Dimension: 3
    Index: [0, 0, 0]
    Size: [193, 229, 193]
  Spacing: [1, 1, 1]
  Origin: [96, 132, -78]
  Direction: 
-1 0 0
0 -1 0
0 0 1

  IndexToPointMatrix: 
-1 0 0
0 -1 0
0 0 1

  PointToIndexMatrix: 
-1 0 0
0 -1 0
0 0 1

  Inverse Direction: 
-1 0 0
0 -1 0
0 0 1

  PixelContainer: 
    ImportImageContainer (0x55f30412ba00)
      RTTI typeinfo:   itk::ImportImageContainer<unsigned long, double>
      Reference Count: 1
      Modified Time: 1976
      Debug: Off
      Object Name: 
      Observers: 
        none
      Pointer: 0x7efe6455b010
      Container manages memory: true
      Size: 8530021
      Capacity: 8530021

     Moving image = Image (0x55f304137a20)
  RTTI typeinfo:   itk::Image<double, 3u>
  Reference Count: 2
  Modified Time: 2369
  Debug: Off
  Object Name: 
  Observers: 
    none
  Source: (none)
  Source output name: (none)
  Release Data: Off
  Data Released: False
  Global Release Data: Off
  PipelineMTime: 0
  UpdateMTime: 2366
  RealTimeStamp: 0 seconds 
  LargestPossibleRegion: 
    Dimension: 3
    Index: [0, 0, 0]
    Size: [176, 256, 256]
  BufferedRegion: 
    Dimension: 3
    Index: [0, 0, 0]
    Size: [176, 256, 256]
  RequestedRegion: 
    Dimension: 3
    Index: [0, 0, 0]
    Size: [176, 256, 256]
  Spacing: [1, 1, 1]
  Origin: [-81.0537, 96.2771, -123.827]
  Direction: 
1 0 0
0 -1 0
0 0 1

  IndexToPointMatrix: 
1 0 0
0 -1 0
0 0 1

  PointToIndexMatrix: 
1 0 0
0 -1 0
0 0 1

  Inverse Direction: 
1 0 0
0 -1 0
0 0 1

  PixelContainer: 
    ImportImageContainer (0x55f306309c90)
      RTTI typeinfo:   itk::ImportImageContainer<unsigned long, double>
      Reference Count: 1
      Modified Time: 2363
      Debug: Off
      Object Name: 
      Observers: 
        none
      Pointer: 0x7efe5ed5a010
      Container manages memory: true
      Size: 11534336
      Capacity: 11534336

     Weighting = 1
     Sampling strategy = regular
     Number of bins = 32
     Radius = 4
     Sampling percentage  = 0.25
   Transform = Rigid
     Gradient step = 0.1
     Update field sigma (voxel space) = 0
     Total field sigma (voxel space) = 0
     Update field time sigma = 0
     Total field time sigma  = 0
     Number of time indices = 0
     Number of time point samples = 0
Stage 2 State
   Image metric = MattesMI
     Fixed image = Image (0x55f30425a9c0)
  RTTI typeinfo:   itk::Image<double, 3u>
  Reference Count: 2
  Modified Time: 3144
  Debug: Off
  Object Name: 
  Observers: 
    none
  Source: (none)
  Source output name: (none)
  Release Data: Off
  Data Released: False
  Global Release Data: Off
  PipelineMTime: 0
  UpdateMTime: 2755
  RealTimeStamp: 0 seconds 
  LargestPossibleRegion: 
    Dimension: 3
    Index: [0, 0, 0]
    Size: [193, 229, 193]
  BufferedRegion: 
    Dimension: 3
    Index: [0, 0, 0]
    Size: [193, 229, 193]
  RequestedRegion: 
    Dimension: 3
    Index: [0, 0, 0]
    Size: [193, 229, 193]
  Spacing: [1, 1, 1]
  Origin: [96, 132, -78]
  Direction: 
-1 0 0
0 -1 0
0 0 1

  IndexToPointMatrix: 
-1 0 0
0 -1 0
0 0 1

  PointToIndexMatrix: 
-1 0 0
0 -1 0
0 0 1

  Inverse Direction: 
-1 0 0
0 -1 0
0 0 1

  PixelContainer: 
    ImportImageContainer (0x55f304249f30)
      RTTI typeinfo:   itk::ImportImageContainer<unsigned long, double>
      Reference Count: 1
      Modified Time: 2752
      Debug: Off
      Object Name: 
      Observers: 
        none
      Pointer: 0x7efe5ac45010
      Container manages memory: true
      Size: 8530021
      Capacity: 8530021

     Moving image = Image (0x55f30425c7c0)
  RTTI typeinfo:   itk::Image<double, 3u>
  Reference Count: 2
  Modified Time: 3145
  Debug: Off
  Object Name: 
  Observers: 
    none
  Source: (none)
  Source output name: (none)
  Release Data: Off
  Data Released: False
  Global Release Data: Off
  PipelineMTime: 0
  UpdateMTime: 3142
  RealTimeStamp: 0 seconds 
  LargestPossibleRegion: 
    Dimension: 3
    Index: [0, 0, 0]
    Size: [176, 256, 256]
  BufferedRegion: 
    Dimension: 3
    Index: [0, 0, 0]
    Size: [176, 256, 256]
  RequestedRegion: 
    Dimension: 3
    Index: [0, 0, 0]
    Size: [176, 256, 256]
  Spacing: [1, 1, 1]
  Origin: [-81.0537, 96.2771, -123.827]
  Direction: 
1 0 0
0 -1 0
0 0 1

  IndexToPointMatrix: 
1 0 0
0 -1 0
0 0 1

  PointToIndexMatrix: 
1 0 0
0 -1 0
0 0 1

  Inverse Direction: 
1 0 0
0 -1 0
0 0 1

  PixelContainer: 
    ImportImageContainer (0x55f30425f190)
      RTTI typeinfo:   itk::ImportImageContainer<unsigned long, double>
      Reference Count: 1
      Modified Time: 3139
      Debug: Off
      Object Name: 
      Observers: 
        none
      Pointer: 0x7efe55444010
      Container manages memory: true
      Size: 11534336
      Capacity: 11534336

     Weighting = 1
     Sampling strategy = regular
     Number of bins = 32
     Radius = 4
     Sampling percentage  = 0.25
   Transform = Affine
     Gradient step = 0.1
     Update field sigma (voxel space) = 0
     Total field sigma (voxel space) = 0
     Update field time sigma = 0
     Total field time sigma  = 0
     Number of time indices = 0
     Number of time point samples = 0
Stage 3 State
   Image metric = CC
     Fixed image = Image (0x55f304246240)
  RTTI typeinfo:   itk::Image<double, 3u>
  Reference Count: 2
  Modified Time: 3920
  Debug: Off
  Object Name: 
  Observers: 
    none
  Source: (none)
  Source output name: (none)
  Release Data: Off
  Data Released: False
  Global Release Data: Off
  PipelineMTime: 0
  UpdateMTime: 3531
  RealTimeStamp: 0 seconds 
  LargestPossibleRegion: 
    Dimension: 3
    Index: [0, 0, 0]
    Size: [193, 229, 193]
  BufferedRegion: 
    Dimension: 3
    Index: [0, 0, 0]
    Size: [193, 229, 193]
  RequestedRegion: 
    Dimension: 3
    Index: [0, 0, 0]
    Size: [193, 229, 193]
  Spacing: [1, 1, 1]
  Origin: [96, 132, -78]
  Direction: 
-1 0 0
0 -1 0
0 0 1

  IndexToPointMatrix: 
-1 0 0
0 -1 0
0 0 1

  PointToIndexMatrix: 
-1 0 0
0 -1 0
0 0 1

  Inverse Direction: 
-1 0 0
0 -1 0
0 0 1

  PixelContainer: 
    ImportImageContainer (0x55f304183600)
      RTTI typeinfo:   itk::ImportImageContainer<unsigned long, double>
      Reference Count: 1
      Modified Time: 3528
      Debug: Off
      Object Name: 
      Observers: 
        none
      Pointer: 0x7efe5132f010
      Container manages memory: true
      Size: 8530021
      Capacity: 8530021

     Moving image = Image (0x55f30425ee70)
  RTTI typeinfo:   itk::Image<double, 3u>
  Reference Count: 2
  Modified Time: 3921
  Debug: Off
  Object Name: 
  Observers: 
    none
  Source: (none)
  Source output name: (none)
  Release Data: Off
  Data Released: False
  Global Release Data: Off
  PipelineMTime: 0
  UpdateMTime: 3918
  RealTimeStamp: 0 seconds 
  LargestPossibleRegion: 
    Dimension: 3
    Index: [0, 0, 0]
    Size: [176, 256, 256]
  BufferedRegion: 
    Dimension: 3
    Index: [0, 0, 0]
    Size: [176, 256, 256]
  RequestedRegion: 
    Dimension: 3
    Index: [0, 0, 0]
    Size: [176, 256, 256]
  Spacing: [1, 1, 1]
  Origin: [-81.0537, 96.2771, -123.827]
  Direction: 
1 0 0
0 -1 0
0 0 1

  IndexToPointMatrix: 
1 0 0
0 -1 0
0 0 1

  PointToIndexMatrix: 
1 0 0
0 -1 0
0 0 1

  Inverse Direction: 
1 0 0
0 -1 0
0 0 1

  PixelContainer: 
    ImportImageContainer (0x55f3042420d0)
      RTTI typeinfo:   itk::ImportImageContainer<unsigned long, double>
      Reference Count: 1
      Modified Time: 3915
      Debug: Off
      Object Name: 
      Observers: 
        none
      Pointer: 0x7efe4bb2e010
      Container manages memory: true
      Size: 11534336
      Capacity: 11534336

     Weighting = 1
     Sampling strategy = none
     Number of bins = 32
     Radius = 4
     Sampling percentage  = 1
   Transform = SyN
     Gradient step = 0.1
     Update field sigma (voxel space) = 3
     Total field sigma (voxel space) = 0
     Update field time sigma = 0
     Total field time sigma  = 0
     Number of time indices = 0
     Number of time point samples = 0
Registration using 3 total stages.

Stage 0
  iterations = 1000x500x250x100
  convergence threshold = 1e-06
  convergence window size = 10
  number of levels = 4
  using the Mattes MI metric (number of bins = 32, weight = 1, use gradient filter = 0)
  preprocessing:  winsorizing the image intensities
  Shrink factors (level 1 out of 4): [8, 8, 8]
  Shrink factors (level 2 out of 4): [4, 4, 4]
  Shrink factors (level 3 out of 4): [2, 2, 2]
  Shrink factors (level 4 out of 4): [1, 1, 1]
  smoothing sigmas per level: [3, 2, 1, 0]
  regular sampling (percentage = 0.25)

*** Running Euler3DTransform registration ***

DIAGNOSTIC,Iteration,metricValue,convergenceValue,ITERATION_TIME_INDEX,SINCE_LAST
 2DIAGNOSTIC,     1, -5.332622169515e-01, 1.797693134862e+308, 3.5253e-01, 3.5253e-01, 
 2DIAGNOSTIC,     2, -5.345649072794e-01, 1.797693134862e+308, 3.5618e-01, 3.6500e-03, 
 2DIAGNOSTIC,     3, -5.369382720574e-01, 1.797693134862e+308, 3.5973e-01, 3.5532e-03, 
 2DIAGNOSTIC,     4, -5.389539562482e-01, 1.797693134862e+308, 3.6224e-01, 2.5091e-03, 
 2DIAGNOSTIC,     5, -5.409095266712e-01, 1.797693134862e+308, 3.6467e-01, 2.4290e-03, 
 2DIAGNOSTIC,     6, -5.525868582191e-01, 1.797693134862e+308, 3.6755e-01, 2.8791e-03, 
 2DIAGNOSTIC,     7, -5.684989705059e-01, 1.797693134862e+308, 3.7102e-01, 3.4711e-03, 
 2DIAGNOSTIC,     8, -5.690166175374e-01, 1.797693134862e+308, 3.7350e-01, 2.4781e-03, 
 2DIAGNOSTIC,     9, -5.707538052099e-01, 1.797693134862e+308, 3.7618e-01, 2.6860e-03, 
 2DIAGNOSTIC,    10, -5.727578485121e-01, 5.635368175460e-03, 3.7985e-01, 3.6671e-03, 
 2DIAGNOSTIC,    11, -5.745912115520e-01, 5.105880076754e-03, 3.8247e-01, 2.6190e-03, 
 2DIAGNOSTIC,    12, -5.769238046390e-01, 4.351063666506e-03, 3.8613e-01, 3.6631e-03, 
 2DIAGNOSTIC,    13, -5.788454589817e-01, 3.495192127081e-03, 3.8881e-01, 2.6782e-03, 
 2DIAGNOSTIC,    14, -5.836504203302e-01, 2.706719991249e-03, 3.9151e-01, 2.6991e-03, 
 2DIAGNOSTIC,    15, -5.897245924647e-01, 2.042398718908e-03, 3.9639e-01, 4.8800e-03, 
 2DIAGNOSTIC,    16, -5.910206749063e-01, 1.669976173014e-03, 3.9941e-01, 3.0191e-03, 
 2DIAGNOSTIC,    17, -5.930169541768e-01, 1.722835287307e-03, 4.0204e-01, 2.6259e-03, 
 2DIAGNOSTIC,    18, -5.944213501078e-01, 1.664405345768e-03, 4.0462e-01, 2.5802e-03, 
 2DIAGNOSTIC,    19, -5.954103198716e-01, 1.527651835149e-03, 4.0790e-01, 3.2830e-03, 
 2DIAGNOSTIC,    20, -5.955615191391e-01, 1.315066453995e-03, 4.1091e-01, 3.0110e-03, 
 2DIAGNOSTIC,    21, -5.955514886545e-01, 1.045055058143e-03, 4.1383e-01, 2.9161e-03, 
 2DIAGNOSTIC,    22, -5.955000508364e-01, 7.566197667395e-04, 4.1653e-01, 2.7030e-03, 
 2DIAGNOSTIC,    23, -5.954420911260e-01, 4.623180321209e-04, 4.1908e-01, 2.5542e-03, 
 2DIAGNOSTIC,    24, -5.956722348826e-01, 2.511771162123e-04, 4.2162e-01, 2.5411e-03, 
 2DIAGNOSTIC,    25, -5.956317614792e-01, 1.533719042779e-04, 4.2417e-01, 2.5451e-03, 
 2DIAGNOSTIC,    26, -5.957167342871e-01, 7.489297135764e-05, 4.2704e-01, 2.8679e-03, 
 2DIAGNOSTIC,    27, -5.959357056447e-01, 3.551998282134e-05, 4.3062e-01, 3.5839e-03, 
 2DIAGNOSTIC,    28, -5.957949520106e-01, 1.748053271469e-05, 4.3693e-01, 6.3071e-03, 
 2DIAGNOSTIC,    29, -5.958880515228e-01, 1.753041014468e-05, 4.3949e-01, 2.5640e-03, 
 2DIAGNOSTIC,    30, -5.957970372118e-01, 1.697192058677e-05, 4.4211e-01, 2.6150e-03, 
 2DIAGNOSTIC,    31, -5.958032069089e-01, 1.494872809490e-05, 4.4506e-01, 2.9538e-03, 
 2DIAGNOSTIC,    32, -5.958127245303e-01, 1.110599201910e-05, 4.4764e-01, 2.5811e-03, 
 2DIAGNOSTIC,    33, -5.958262504755e-01, 5.795106054453e-06, 4.5067e-01, 3.0279e-03, 
 2DIAGNOSTIC,    34, -5.958357209259e-01, 3.870937831191e-06, 4.5322e-01, 2.5480e-03, 
DIAGNOSTIC,Iteration,metricValue,convergenceValue,ITERATION_TIME_INDEX,SINCE_LAST
 2DIAGNOSTIC,     1, -4.839881178817e-01, 1.797693134862e+308, 8.2523e-01, 3.7201e-01, 
 2DIAGNOSTIC,     2, -4.845939330589e-01, 1.797693134862e+308, 8.4329e-01, 1.8056e-02, 
 2DIAGNOSTIC,     3, -4.852992603311e-01, 1.797693134862e+308, 8.6204e-01, 1.8757e-02, 
 2DIAGNOSTIC,     4, -4.861681852867e-01, 1.797693134862e+308, 8.8097e-01, 1.8926e-02, 
 2DIAGNOSTIC,     5, -4.868896162888e-01, 1.797693134862e+308, 8.9987e-01, 1.8906e-02, 
 2DIAGNOSTIC,     6, -4.872582421162e-01, 1.797693134862e+308, 9.2192e-01, 2.2048e-02, 
 2DIAGNOSTIC,     7, -4.874792281949e-01, 1.797693134862e+308, 9.5114e-01, 2.9213e-02, 
 2DIAGNOSTIC,     8, -4.875144001997e-01, 1.797693134862e+308, 9.7029e-01, 1.9149e-02, 
 2DIAGNOSTIC,     9, -4.875831777705e-01, 1.797693134862e+308, 9.9117e-01, 2.0884e-02, 
 2DIAGNOSTIC,    10, -4.877128648379e-01, 5.035625244826e-04, 1.0099e+00, 1.8723e-02, 
 2DIAGNOSTIC,    11, -4.878168089846e-01, 3.561766179466e-04, 1.0316e+00, 2.1707e-02, 
 2DIAGNOSTIC,    12, -4.879171803212e-01, 2.359341680024e-04, 1.0690e+00, 3.7442e-02, 
 2DIAGNOSTIC,    13, -4.879014376420e-01, 1.436343011085e-04, 1.0906e+00, 2.1595e-02, 
 2DIAGNOSTIC,    14, -4.878916760440e-01, 8.709061207185e-05, 1.1122e+00, 2.1559e-02, 
 2DIAGNOSTIC,    15, -4.878795117241e-01, 5.762965980381e-05, 1.1338e+00, 2.1585e-02, 
 2DIAGNOSTIC,    16, -4.878748382420e-01, 3.977299512394e-05, 1.1557e+00, 2.1904e-02, 
 2DIAGNOSTIC,    17, -4.878605040541e-01, 2.762766250675e-05, 1.1777e+00, 2.1980e-02, 
 2DIAGNOSTIC,    18, -4.878550003166e-01, 1.546113711445e-05, 1.1994e+00, 2.1747e-02, 
 2DIAGNOSTIC,    19, -4.878482339127e-01, 5.192869538449e-06, 1.2205e+00, 2.1108e-02, 
DIAGNOSTIC,Iteration,metricValue,convergenceValue,ITERATION_TIME_INDEX,SINCE_LAST
 2DIAGNOSTIC,     1, -4.262640768997e-01, 1.797693134862e+308, 1.7914e+00, 5.7088e-01, 
 2DIAGNOSTIC,     2, -4.263382187970e-01, 1.797693134862e+308, 1.9450e+00, 1.5356e-01, 
 2DIAGNOSTIC,     3, -4.263560380645e-01, 1.797693134862e+308, 2.1564e+00, 2.1142e-01, 
 2DIAGNOSTIC,     4, -4.263522899451e-01, 1.797693134862e+308, 2.3676e+00, 2.1120e-01, 
 2DIAGNOSTIC,     5, -4.263517927557e-01, 1.797693134862e+308, 2.5212e+00, 1.5364e-01, 
 2DIAGNOSTIC,     6, -4.263522441926e-01, 1.797693134862e+308, 2.6950e+00, 1.7375e-01, 
 2DIAGNOSTIC,     7, -4.263519098776e-01, 1.797693134862e+308, 2.8507e+00, 1.5568e-01, 
 2DIAGNOSTIC,     8, -4.263516718582e-01, 1.797693134862e+308, 3.0053e+00, 1.5460e-01, 
 2DIAGNOSTIC,     9, -4.263499926864e-01, 1.797693134862e+308, 3.1594e+00, 1.5409e-01, 
 2DIAGNOSTIC,    10, -4.263500045892e-01, 9.383560104284e-06, 3.3142e+00, 1.5483e-01, 
 2DIAGNOSTIC,    11, -4.263500161167e-01, 3.182880151137e-06, 3.4864e+00, 1.7219e-01, 
 2DIAGNOSTIC,    12, -4.263496345057e-01, 2.054487176037e-06, 3.6598e+00, 1.7348e-01, 
 2DIAGNOSTIC,    13, -4.263489724423e-01, 2.040098182138e-06, 3.8150e+00, 1.5517e-01, 
 2DIAGNOSTIC,    14, -4.263466930774e-01, 1.780478785962e-06, 3.9524e+00, 1.3742e-01, 
 2DIAGNOSTIC,    15, -4.263462934708e-01, 1.562117854792e-06, 4.0901e+00, 1.3762e-01, 
 2DIAGNOSTIC,    16, -4.263470579674e-01, 1.471003655065e-06, 4.2272e+00, 1.3717e-01, 
 2DIAGNOSTIC,    17, -4.263475112994e-01, 1.440209720129e-06, 4.3829e+00, 1.5571e-01, 
 2DIAGNOSTIC,    18, -4.263479681194e-01, 1.462953835837e-06, 4.5388e+00, 1.5582e-01, 
 2DIAGNOSTIC,    19, -4.263474273575e-01, 1.435047698201e-06, 4.6755e+00, 1.3671e-01, 
 2DIAGNOSTIC,    20, -4.263485373921e-01, 1.470385526170e-06, 4.8891e+00, 2.1358e-01, 
 2DIAGNOSTIC,    21, -4.263497909338e-01, 1.551224317053e-06, 5.0461e+00, 1.5707e-01, 
 2DIAGNOSTIC,    22, -4.263477316283e-01, 1.545577385277e-06, 5.2025e+00, 1.5637e-01, 
 2DIAGNOSTIC,    23, -4.263471982666e-01, 1.501021717122e-06, 5.3596e+00, 1.5711e-01, 
 2DIAGNOSTIC,    24, -4.263467249052e-01, 1.373833029485e-06, 5.4944e+00, 1.3479e-01, 
 2DIAGNOSTIC,    25, -4.263465069254e-01, 1.234289372952e-06, 5.6662e+00, 1.7176e-01, 
 2DIAGNOSTIC,    26, -4.263459442602e-01, 1.113162337203e-06, 5.8208e+00, 1.5466e-01, 
 2DIAGNOSTIC,    27, -4.263452797281e-01, 1.007078474127e-06, 5.9564e+00, 1.3554e-01, 
DIAGNOSTIC,Iteration,metricValue,convergenceValue,ITERATION_TIME_INDEX,SINCE_LAST
 2DIAGNOSTIC,     1, -3.937783719077e-01, 1.797693134862e+308, 7.5592e+00, 1.6028e+00, 
 2DIAGNOSTIC,     2, -3.938069905264e-01, 1.797693134862e+308, 8.5751e+00, 1.0159e+00, 
 2DIAGNOSTIC,     3, -3.938155570041e-01, 1.797693134862e+308, 1.0015e+01, 1.4396e+00, 
 2DIAGNOSTIC,     4, -3.938154833411e-01, 1.797693134862e+308, 1.1078e+01, 1.0634e+00, 
 2DIAGNOSTIC,     5, -3.938152505439e-01, 1.797693134862e+308, 1.2534e+01, 1.4562e+00, 
 2DIAGNOSTIC,     6, -3.938151331705e-01, 1.797693134862e+308, 1.3857e+01, 1.3228e+00, 
 2DIAGNOSTIC,     7, -3.938152107161e-01, 1.797693134862e+308, 1.5298e+01, 1.4407e+00, 
 2DIAGNOSTIC,     8, -3.938151915930e-01, 1.797693134862e+308, 1.6250e+01, 9.5225e-01, 
 2DIAGNOSTIC,     9, -3.938151303916e-01, 1.797693134862e+308, 1.7325e+01, 1.0745e+00, 
 2DIAGNOSTIC,    10, -3.938151177889e-01, 6.316989410324e-06, 1.8401e+01, 1.0769e+00, 
 2DIAGNOSTIC,    11, -3.938149838153e-01, 3.373870296614e-06, 1.9466e+01, 1.0642e+00, 
 2DIAGNOSTIC,    12, -3.938149424502e-01, 2.581774835780e-06, 2.0540e+01, 1.0748e+00, 
 2DIAGNOSTIC,    13, -3.938148875065e-01, 2.390128151258e-06, 2.1496e+01, 9.5597e-01, 
 2DIAGNOSTIC,    14, -3.938149514192e-01, 2.230855389682e-06, 2.2428e+01, 9.3135e-01, 
 2DIAGNOSTIC,    15, -3.938148739777e-01, 2.081748620625e-06, 2.3486e+01, 1.0586e+00, 
 2DIAGNOSTIC,    16, -3.938148426459e-01, 1.948192240739e-06, 2.4556e+01, 1.0697e+00, 
 2DIAGNOSTIC,    17, -3.938148115242e-01, 1.836082044841e-06, 2.5632e+01, 1.0757e+00, 
 2DIAGNOSTIC,    18, -3.938146701001e-01, 1.733214960234e-06, 2.6700e+01, 1.0688e+00, 
 2DIAGNOSTIC,    19, -3.938146481990e-01, 1.641196128548e-06, 2.7771e+01, 1.0711e+00, 
 2DIAGNOSTIC,    20, -3.938146259878e-01, 1.560265153917e-06, 2.9098e+01, 1.3268e+00, 
 2DIAGNOSTIC,    21, -3.938145733132e-01, 1.483464152463e-06, 3.0037e+01, 9.3825e-01, 
 2DIAGNOSTIC,    22, -3.938144555616e-01, 1.411451159637e-06, 3.1102e+01, 1.0659e+00, 
 2DIAGNOSTIC,    23, -3.938144993030e-01, 1.348625446235e-06, 3.2056e+01, 9.5314e-01, 
 2DIAGNOSTIC,    24, -3.938143875496e-01, 1.292787019408e-06, 3.3130e+01, 1.0745e+00, 
 2DIAGNOSTIC,    25, -3.938144614838e-01, 1.244397975338e-06, 3.4209e+01, 1.0788e+00, 
 2DIAGNOSTIC,    26, -3.938143236077e-01, 1.197598964872e-06, 3.5153e+01, 9.4402e-01, 
 2DIAGNOSTIC,    27, -3.938142183405e-01, 1.153283402090e-06, 3.6226e+01, 1.0733e+00, 
 2DIAGNOSTIC,    28, -3.938143138475e-01, 1.113351213507e-06, 3.7441e+01, 1.2145e+00, 
 2DIAGNOSTIC,    29, -3.938142650476e-01, 1.076392041208e-06, 3.8507e+01, 1.0662e+00, 
 2DIAGNOSTIC,    30, -3.938141182324e-01, 1.039801581074e-06, 3.9444e+01, 9.3714e-01, 
 2DIAGNOSTIC,    31, -3.938141835078e-01, 1.008034251619e-06, 4.0377e+01, 9.3312e-01, 
  Elapsed time (stage 0): 4.1001e+01


Stage 1
  iterations = 1000x500x250x100
  convergence threshold = 1.0000e-06
  convergence window size = 10
  number of levels = 4
  using the Mattes MI metric (number of bins = 32, weight = 1.0000e+00, use gradient filter = 0)
  preprocessing:  winsorizing the image intensities
  Shrink factors (level 1 out of 4): [8, 8, 8]
  Shrink factors (level 2 out of 4): [4, 4, 4]
  Shrink factors (level 3 out of 4): [2, 2, 2]
  Shrink factors (level 4 out of 4): [1, 1, 1]
  smoothing sigmas per level: [3, 2, 1, 0]
  regular sampling (percentage = 2.5000e-01)

*** Running AffineTransform registration ***

DIAGNOSTIC,Iteration,metricValue,convergenceValue,ITERATION_TIME_INDEX,SINCE_LAST
 2DIAGNOSTIC,     1, -5.863985444276e-01, 1.797693134862e+308, 3.4677e-01, 3.4677e-01, 
 2DIAGNOSTIC,     2, -5.883466853492e-01, 1.797693134862e+308, 3.5189e-01, 5.1200e-03, 
 2DIAGNOSTIC,     3, -5.912562818857e-01, 1.797693134862e+308, 3.5663e-01, 4.7359e-03, 
 2DIAGNOSTIC,     4, -5.956988837001e-01, 1.797693134862e+308, 3.5994e-01, 3.3100e-03, 
 2DIAGNOSTIC,     5, -6.050162673636e-01, 1.797693134862e+308, 3.6320e-01, 3.2570e-03, 
 2DIAGNOSTIC,     6, -6.301213499633e-01, 1.797693134862e+308, 3.6638e-01, 3.1838e-03, 
 2DIAGNOSTIC,     7, -6.662200530718e-01, 1.797693134862e+308, 3.6953e-01, 3.1512e-03, 
 2DIAGNOSTIC,     8, -7.350428343817e-01, 1.797693134862e+308, 3.7349e-01, 3.9558e-03, 
 2DIAGNOSTIC,     9, -7.564910596203e-01, 1.797693134862e+308, 3.7670e-01, 3.2098e-03, 
 2DIAGNOSTIC,    10, -7.911255717059e-01, 2.126325664452e-02, 3.8112e-01, 4.4219e-03, 
 2DIAGNOSTIC,    11, -8.136111006021e-01, 2.237985832553e-02, 3.8465e-01, 3.5350e-03, 
 2DIAGNOSTIC,    12, -8.223916050777e-01, 2.162818694430e-02, 3.8847e-01, 3.8118e-03, 
 2DIAGNOSTIC,    13, -8.290703686549e-01, 1.936745787509e-02, 3.9272e-01, 4.2570e-03, 
 2DIAGNOSTIC,    14, -8.307815542976e-01, 1.593256761332e-02, 3.9639e-01, 3.6719e-03, 
 2DIAGNOSTIC,    15, -8.335396335967e-01, 1.192105481530e-02, 3.9991e-01, 3.5188e-03, 
 2DIAGNOSTIC,    16, -8.353208827137e-01, 8.063381247971e-03, 4.0432e-01, 4.4029e-03, 
 2DIAGNOSTIC,    17, -8.356054747287e-01, 4.797869832616e-03, 4.0815e-01, 3.8359e-03, 
 2DIAGNOSTIC,    18, -8.354626317332e-01, 2.989485074360e-03, 4.1145e-01, 3.2990e-03, 
 2DIAGNOSTIC,    19, -8.353876303776e-01, 1.542942462821e-03, 4.1475e-01, 3.3040e-03, 
 2DIAGNOSTIC,    20, -8.354384762345e-01, 7.713216772381e-04, 4.1845e-01, 3.6950e-03, 
 2DIAGNOSTIC,    21, -8.352803146827e-01, 4.116898519971e-04, 4.2211e-01, 3.6590e-03, 
 2DIAGNOSTIC,    22, -8.360841561506e-01, 2.129046633754e-04, 4.2722e-01, 5.1122e-03, 
 2DIAGNOSTIC,    23, -8.361138397348e-01, 1.232730510797e-04, 4.3090e-01, 3.6819e-03, 
 2DIAGNOSTIC,    24, -8.361740494962e-01, 5.748101974664e-05, 4.3533e-01, 4.4310e-03, 
 2DIAGNOSTIC,    25, -8.361980323609e-01, 3.320540568172e-05, 4.3902e-01, 3.6891e-03, 
 2DIAGNOSTIC,    26, -8.359711772204e-01, 3.006905498325e-05, 4.4270e-01, 3.6819e-03, 
 2DIAGNOSTIC,    27, -8.358732207321e-01, 2.703359368036e-05, 4.4599e-01, 3.2861e-03, 
 2DIAGNOSTIC,    28, -8.358959815466e-01, 2.018734217352e-05, 4.4970e-01, 3.7122e-03, 
 2DIAGNOSTIC,    29, -8.356605806585e-01, 8.163678830928e-06, 4.5343e-01, 3.7220e-03, 
DIAGNOSTIC,Iteration,metricValue,convergenceValue,ITERATION_TIME_INDEX,SINCE_LAST
 2DIAGNOSTIC,     1, -7.048443637695e-01, 1.797693134862e+308, 8.3711e-01, 3.8369e-01, 
 2DIAGNOSTIC,     2, -7.055679637218e-01, 1.797693134862e+308, 8.6351e-01, 2.6394e-02, 
 2DIAGNOSTIC,     3, -7.062658534863e-01, 1.797693134862e+308, 8.8760e-01, 2.4091e-02, 
 2DIAGNOSTIC,     4, -7.066433129128e-01, 1.797693134862e+308, 9.1160e-01, 2.4008e-02, 
 2DIAGNOSTIC,     5, -7.070366145079e-01, 1.797693134862e+308, 9.3647e-01, 2.4870e-02, 
 2DIAGNOSTIC,     6, -7.077458189011e-01, 1.797693134862e+308, 9.8997e-01, 5.3499e-02, 
 2DIAGNOSTIC,     7, -7.077586430603e-01, 1.797693134862e+308, 1.0140e+00, 2.3989e-02, 
 2DIAGNOSTIC,     8, -7.077752451834e-01, 1.797693134862e+308, 1.0392e+00, 2.5256e-02, 
 2DIAGNOSTIC,     9, -7.078004782257e-01, 1.797693134862e+308, 1.0640e+00, 2.4749e-02, 
 2DIAGNOSTIC,    10, -7.078518323745e-01, 2.707532858655e-04, 1.0899e+00, 2.5942e-02, 
 2DIAGNOSTIC,    11, -7.078947916394e-01, 1.809262989260e-04, 1.1152e+00, 2.5262e-02, 
 2DIAGNOSTIC,    12, -7.079714104735e-01, 1.165201831529e-04, 1.1408e+00, 2.5602e-02, 
 2DIAGNOSTIC,    13, -7.080648296363e-01, 7.634734626012e-05, 1.1652e+00, 2.4397e-02, 
 2DIAGNOSTIC,    14, -7.081133571304e-01, 4.731426180934e-05, 1.1935e+00, 2.8375e-02, 
 2DIAGNOSTIC,    15, -7.082957132186e-01, 3.292825773199e-05, 1.2252e+00, 3.1622e-02, 
 2DIAGNOSTIC,    16, -7.083095495949e-01, 3.557262821055e-05, 1.2600e+00, 3.4783e-02, 
 2DIAGNOSTIC,    17, -7.083147755010e-01, 3.527498658244e-05, 1.2875e+00, 2.7528e-02, 
 2DIAGNOSTIC,    18, -7.083134580978e-01, 3.230048115643e-05, 1.3116e+00, 2.4171e-02, 
 2DIAGNOSTIC,    19, -7.083068150643e-01, 2.717729495294e-05, 1.3359e+00, 2.4263e-02, 
 2DIAGNOSTIC,    20, -7.082998112720e-01, 2.105130256457e-05, 1.3638e+00, 2.7887e-02, 
 2DIAGNOSTIC,    21, -7.083196409963e-01, 1.487613816930e-05, 1.3918e+00, 2.7961e-02, 
 2DIAGNOSTIC,    22, -7.083061233462e-01, 9.167307469297e-06, 1.4169e+00, 2.5135e-02, 
 2DIAGNOSTIC,    23, -7.083003087839e-01, 4.790265306746e-06, 1.4450e+00, 2.8144e-02, 
 2DIAGNOSTIC,    24, -7.083066685039e-01, 1.302056176933e-06, 1.4735e+00, 2.8426e-02, 
 2DIAGNOSTIC,    25, -7.083205045866e-01, 1.234809992416e-06, 1.5136e+00, 4.0180e-02, 
 2DIAGNOSTIC,    26, -7.083102226461e-01, 1.216687720199e-06, 1.5417e+00, 2.8009e-02, 
 2DIAGNOSTIC,    27, -7.083126558116e-01, 1.323223047356e-06, 1.5699e+00, 2.8231e-02, 
 2DIAGNOSTIC,    28, -7.083014604370e-01, 1.237517207729e-06, 1.5981e+00, 2.8191e-02, 
DIAGNOSTIC,Iteration,metricValue,convergenceValue,ITERATION_TIME_INDEX,SINCE_LAST
 2DIAGNOSTIC,     1, -6.019082498286e-01, 1.797693134862e+308, 2.2356e+00, 6.3752e-01, 
 2DIAGNOSTIC,     2, -6.022233669512e-01, 1.797693134862e+308, 2.4120e+00, 1.7638e-01, 
 2DIAGNOSTIC,     3, -6.025644886094e-01, 1.797693134862e+308, 2.5842e+00, 1.7220e-01, 
 2DIAGNOSTIC,     4, -6.030167787844e-01, 1.797693134862e+308, 2.7532e+00, 1.6900e-01, 
 2DIAGNOSTIC,     5, -6.041089456245e-01, 1.797693134862e+308, 3.0428e+00, 2.8959e-01, 
 2DIAGNOSTIC,     6, -6.041038071489e-01, 1.797693134862e+308, 3.2333e+00, 1.9055e-01, 
 2DIAGNOSTIC,     7, -6.041018658384e-01, 1.797693134862e+308, 3.4252e+00, 1.9185e-01, 
 2DIAGNOSTIC,     8, -6.041009287442e-01, 1.797693134862e+308, 3.7238e+00, 2.9864e-01, 
 2DIAGNOSTIC,     9, -6.041000911328e-01, 1.797693134862e+308, 3.9160e+00, 1.9215e-01, 
 2DIAGNOSTIC,    10, -6.041006081338e-01, 2.582844087401e-04, 4.1167e+00, 2.0076e-01, 
 2DIAGNOSTIC,    11, -6.040986748977e-01, 1.730276757486e-04, 4.3110e+00, 1.9428e-01, 
 2DIAGNOSTIC,    12, -6.040969947444e-01, 9.957304794468e-05, 4.5060e+00, 1.9499e-01, 
 2DIAGNOSTIC,    13, -6.040943955365e-01, 4.094616134763e-05, 4.7042e+00, 1.9818e-01, 
 2DIAGNOSTIC,    14, -6.040948474030e-01, 1.375743017604e-06, 4.9404e+00, 2.3622e-01, 
 2DIAGNOSTIC,    15, -6.040941511454e-01, 1.427307241689e-06, 5.1347e+00, 1.9433e-01, 
 2DIAGNOSTIC,    16, -6.040932988444e-01, 1.361358398219e-06, 5.3125e+00, 1.7772e-01, 
 2DIAGNOSTIC,    17, -6.040914634907e-01, 1.259014814417e-06, 5.5075e+00, 1.9506e-01, 
 2DIAGNOSTIC,    18, -6.040920873790e-01, 1.218559205214e-06, 5.7000e+00, 1.9247e-01, 
 2DIAGNOSTIC,    19, -6.040902833804e-01, 1.165018690956e-06, 5.8671e+00, 1.6710e-01, 
 2DIAGNOSTIC,    20, -6.040902572670e-01, 1.176621873079e-06, 6.0525e+00, 1.8544e-01, 
 2DIAGNOSTIC,    21, -6.040907439364e-01, 1.194164994174e-06, 6.2408e+00, 1.8826e-01, 
 2DIAGNOSTIC,    22, -6.040894066879e-01, 1.176775328238e-06, 6.4475e+00, 2.0675e-01, 
 2DIAGNOSTIC,    23, -6.040881782894e-01, 1.108051011375e-06, 6.6399e+00, 1.9233e-01, 
 2DIAGNOSTIC,    24, -6.040862136419e-01, 1.041911218476e-06, 6.8295e+00, 1.8961e-01, 
DIAGNOSTIC,Iteration,metricValue,convergenceValue,ITERATION_TIME_INDEX,SINCE_LAST
 2DIAGNOSTIC,     1, -5.397254711095e-01, 1.797693134862e+308, 8.8022e+00, 1.9727e+00, 
 2DIAGNOSTIC,     2, -5.399780182530e-01, 1.797693134862e+308, 1.0029e+01, 1.2264e+00, 
 2DIAGNOSTIC,     3, -5.402239732844e-01, 1.797693134862e+308, 1.1254e+01, 1.2256e+00, 
 2DIAGNOSTIC,     4, -5.406532993527e-01, 1.797693134862e+308, 1.2457e+01, 1.2026e+00, 
 2DIAGNOSTIC,     5, -5.410767561057e-01, 1.797693134862e+308, 1.4045e+01, 1.5880e+00, 
 2DIAGNOSTIC,     6, -5.411683353850e-01, 1.797693134862e+308, 1.6764e+01, 2.7188e+00, 
 2DIAGNOSTIC,     7, -5.411683329501e-01, 1.797693134862e+308, 1.8114e+01, 1.3508e+00, 
 2DIAGNOSTIC,     8, -5.411683462866e-01, 1.797693134862e+308, 1.9450e+01, 1.3356e+00, 
 2DIAGNOSTIC,     9, -5.411682235798e-01, 1.797693134862e+308, 2.0653e+01, 1.2028e+00, 
 2DIAGNOSTIC,    10, -5.411683384257e-01, 1.819478321372e-04, 2.2369e+01, 1.7159e+00, 
 2DIAGNOSTIC,    11, -5.411681190816e-01, 1.184851387181e-04, 2.3701e+01, 1.3320e+00, 
 2DIAGNOSTIC,    12, -5.411681572936e-01, 6.650956058120e-05, 2.5049e+01, 1.3481e+00, 
 2DIAGNOSTIC,    13, -5.411680761784e-01, 2.647736976027e-05, 2.6264e+01, 1.2155e+00, 
 2DIAGNOSTIC,    14, -5.411676256977e-01, 5.667656989908e-06, 2.7474e+01, 1.2093e+00, 
 2DIAGNOSTIC,    15, -5.411677815425e-01, 2.071713386773e-06, 2.8942e+01, 1.4679e+00, 
 2DIAGNOSTIC,    16, -5.411677310636e-01, 1.935514073681e-06, 3.0155e+01, 1.2131e+00, 
 2DIAGNOSTIC,    17, -5.411676037192e-01, 1.816156869304e-06, 3.1493e+01, 1.3388e+00, 
 2DIAGNOSTIC,    18, -5.411676965739e-01, 1.718614188212e-06, 3.2693e+01, 1.1999e+00, 
 2DIAGNOSTIC,    19, -5.411677182932e-01, 1.633041566682e-06, 3.4164e+01, 1.4703e+00, 
 2DIAGNOSTIC,    20, -5.411676543451e-01, 1.561336607996e-06, 3.5498e+01, 1.3348e+00, 
 2DIAGNOSTIC,    21, -5.411675818914e-01, 1.491809808497e-06, 3.6712e+01, 1.2133e+00, 
 2DIAGNOSTIC,    22, -5.411675530158e-01, 1.431096994804e-06, 3.8054e+01, 1.3420e+00, 
 2DIAGNOSTIC,    23, -5.411676218343e-01, 1.377084991150e-06, 3.9247e+01, 1.1936e+00, 
 2DIAGNOSTIC,    24, -5.411676022811e-01, 1.317644793865e-06, 4.0595e+01, 1.3477e+00, 
 2DIAGNOSTIC,    25, -5.411675825662e-01, 1.266667338212e-06, 4.1940e+01, 1.3450e+00, 
 2DIAGNOSTIC,    26, -5.411673967904e-01, 1.215579421045e-06, 4.3288e+01, 1.3485e+00, 
 2DIAGNOSTIC,    27, -5.411672108859e-01, 1.162993853845e-06, 4.4602e+01, 1.3135e+00, 
 2DIAGNOSTIC,    28, -5.411668891878e-01, 1.111318116476e-06, 4.5806e+01, 1.2044e+00, 
 2DIAGNOSTIC,    29, -5.411668977604e-01, 1.066205583870e-06, 4.7004e+01, 1.1972e+00, 
 2DIAGNOSTIC,    30, -5.411667348741e-01, 1.023002790278e-06, 4.8345e+01, 1.3413e+00, 
  Elapsed time (stage 1): 4.9185e+01


Stage 2
  iterations = 100x70x50x20
  convergence threshold = 1.0000e-06
  convergence window size = 10
  number of levels = 4
  using the CC metric (radius = 4, weight = 1.0000e+00, use gradient filter = 0)
  preprocessing:  winsorizing the image intensities
  Shrink factors (level 1 out of 4): [8, 8, 8]
  Shrink factors (level 2 out of 4): [4, 4, 4]
  Shrink factors (level 3 out of 4): [2, 2, 2]
  Shrink factors (level 4 out of 4): [1, 1, 1]
  smoothing sigmas per level: [3, 2, 1, 0]
  Using default NONE metricSamplingStrategy 

*** Running SyN registration (varianceForUpdateField = 3.0000e+00, varianceForTotalField = 0.0000e+00) ***

XXDIAGNOSTIC,Iteration,metricValue,convergenceValue,ITERATION_TIME_INDEX,SINCE_LAST
 1DIAGNOSTIC,     1, -9.177647849397e-01, 1.797693134862e+308, 4.5757e-01, 4.5757e-01, 
 1DIAGNOSTIC,     2, -9.247561189885e-01, 1.797693134862e+308, 6.1237e-01, 1.5481e-01, 
 1DIAGNOSTIC,     3, -9.307272672514e-01, 1.797693134862e+308, 7.6993e-01, 1.5756e-01, 
 1DIAGNOSTIC,     4, -9.357537567673e-01, 1.797693134862e+308, 9.2264e-01, 1.5271e-01, 
 1DIAGNOSTIC,     5, -9.402221719414e-01, 1.797693134862e+308, 1.0835e+00, 1.6087e-01, 
 1DIAGNOSTIC,     6, -9.437447715848e-01, 1.797693134862e+308, 1.2345e+00, 1.5095e-01, 
 1DIAGNOSTIC,     7, -9.468164570724e-01, 1.797693134862e+308, 1.3892e+00, 1.5473e-01, 
 1DIAGNOSTIC,     8, -9.494418205065e-01, 1.797693134862e+308, 1.5409e+00, 1.5174e-01, 
 1DIAGNOSTIC,     9, -9.519111901616e-01, 1.797693134862e+308, 1.6944e+00, 1.5343e-01, 
 1DIAGNOSTIC,    10, -9.544954288589e-01, 2.403142632187e-03, 1.8501e+00, 1.5574e-01, 
 1DIAGNOSTIC,    11, -9.567813429718e-01, 1.895687062788e-03, 2.0046e+00, 1.5454e-01, 
 1DIAGNOSTIC,    12, -9.587736861790e-01, 1.527433399792e-03, 2.1650e+00, 1.6036e-01, 
 1DIAGNOSTIC,    13, -9.607513283029e-01, 1.261179382957e-03, 2.3189e+00, 1.5387e-01, 
 1DIAGNOSTIC,    14, -9.623459971429e-01, 1.059507906838e-03, 2.4790e+00, 1.6011e-01, 
 1DIAGNOSTIC,    15, -9.637104766239e-01, 9.040208317310e-04, 2.6343e+00, 1.5536e-01, 
 1DIAGNOSTIC,    16, -9.641252458184e-01, 7.583612948374e-04, 2.7924e+00, 1.5807e-01, 
 1DIAGNOSTIC,    17, -9.644991477955e-01, 6.208749864579e-04, 2.9469e+00, 1.5449e-01, 
 1DIAGNOSTIC,    18, -9.647375014865e-01, 4.888484173729e-04, 3.0998e+00, 1.5291e-01, 
 1DIAGNOSTIC,    19, -9.652401021223e-01, 3.718312501670e-04, 3.2522e+00, 1.5235e-01, 
 1DIAGNOSTIC,    20, -9.652928504000e-01, 2.710454680455e-04, 3.4060e+00, 1.5387e-01, 
 1DIAGNOSTIC,    21, -9.657546472131e-01, 1.938035118293e-04, 3.5620e+00, 1.5595e-01, 
 1DIAGNOSTIC,    22, -9.657726576570e-01, 1.326252406832e-04, 3.7212e+00, 1.5919e-01, 
 1DIAGNOSTIC,    23, -9.661400863997e-01, 9.466873499144e-05, 3.8781e+00, 1.5697e-01, 
 1DIAGNOSTIC,    24, -9.661948751905e-01, 7.116174704180e-05, 4.0377e+00, 1.5956e-01, 
 1DIAGNOSTIC,    25, -9.664830270758e-01, 6.263968943854e-05, 4.1923e+00, 1.5458e-01, 
 1DIAGNOSTIC,    26, -9.665050828578e-01, 5.390973817133e-05, 4.3494e+00, 1.5712e-01, 
 1DIAGNOSTIC,    27, -9.667378684696e-01, 4.756613256076e-05, 4.5025e+00, 1.5310e-01, 
 1DIAGNOSTIC,    28, -9.667433150066e-01, 3.974583135385e-05, 4.6621e+00, 1.5961e-01, 
 1DIAGNOSTIC,    29, -9.669363131839e-01, 3.599986623182e-05, 4.8221e+00, 1.6005e-01, 
 1DIAGNOSTIC,    30, -9.668972742879e-01, 2.920740134600e-05, 4.9753e+00, 1.5316e-01, 
 1DIAGNOSTIC,    31, -9.670581143388e-01, 2.622062189445e-05, 5.1305e+00, 1.5518e-01, 
 1DIAGNOSTIC,    32, -9.670474676729e-01, 2.100203461379e-05, 5.2823e+00, 1.5183e-01, 
 1DIAGNOSTIC,    33, -9.671863321133e-01, 1.878167978657e-05, 5.4405e+00, 1.5823e-01, 
 1DIAGNOSTIC,    34, -9.671678904802e-01, 1.524358292478e-05, 5.5923e+00, 1.5175e-01, 
 1DIAGNOSTIC,    35, -9.672894231055e-01, 1.405541748221e-05, 5.7476e+00, 1.5533e-01, 
 1DIAGNOSTIC,    36, -9.672694674704e-01, 1.164103794407e-05, 5.9003e+00, 1.5271e-01, 
 1DIAGNOSTIC,    37, -9.673863667872e-01, 1.115717777824e-05, 6.0594e+00, 1.5910e-01, 
 1DIAGNOSTIC,    38, -9.673668991320e-01, 9.553586263485e-06, 6.2101e+00, 1.5062e-01, 
 1DIAGNOSTIC,    39, -9.674709882024e-01, 9.490562639429e-06, 6.3626e+00, 1.5250e-01, 
 1DIAGNOSTIC,    40, -9.674522992141e-01, 8.134433474534e-06, 6.5162e+00, 1.5365e-01, 
 1DIAGNOSTIC,    41, -9.675479855109e-01, 8.018048843046e-06, 6.6682e+00, 1.5195e-01, 
 1DIAGNOSTIC,    42, -9.675290645931e-01, 6.970505901756e-06, 6.8256e+00, 1.5747e-01, 
 1DIAGNOSTIC,    43, -9.676150403340e-01, 6.945480586822e-06, 6.9791e+00, 1.5350e-01, 
 1DIAGNOSTIC,    44, -9.675952419382e-01, 6.041054210638e-06, 7.1396e+00, 1.6050e-01, 
 1DIAGNOSTIC,    45, -9.676719400282e-01, 5.989974279655e-06, 7.2950e+00, 1.5534e-01, 
 1DIAGNOSTIC,    46, -9.676524823253e-01, 5.154337849637e-06, 7.4466e+00, 1.5159e-01, 
 1DIAGNOSTIC,    47, -9.677217623397e-01, 5.114777686589e-06, 7.5971e+00, 1.5050e-01, 
 1DIAGNOSTIC,    48, -9.677024961550e-01, 4.389435156720e-06, 7.7579e+00, 1.6089e-01, 
 1DIAGNOSTIC,    49, -9.677637609382e-01, 4.348917057036e-06, 7.9102e+00, 1.5229e-01, 
 1DIAGNOSTIC,    50, -9.677449552484e-01, 3.712931554718e-06, 8.0622e+00, 1.5200e-01, 
 1DIAGNOSTIC,    51, -9.678002150253e-01, 3.694531904675e-06, 8.2139e+00, 1.5170e-01, 
 1DIAGNOSTIC,    52, -9.677818260400e-01, 3.151846991057e-06, 8.3642e+00, 1.5026e-01, 
 1DIAGNOSTIC,    53, -9.678315337056e-01, 3.154047974262e-06, 8.5158e+00, 1.5156e-01, 
 1DIAGNOSTIC,    54, -9.678149142821e-01, 2.695942837284e-06, 8.6680e+00, 1.5224e-01, 
 1DIAGNOSTIC,    55, -9.678594318024e-01, 2.713538947197e-06, 8.8149e+00, 1.4695e-01, 
 1DIAGNOSTIC,    56, -9.678444396218e-01, 2.329816351784e-06, 8.9650e+00, 1.5004e-01, 
 1DIAGNOSTIC,    57, -9.678838990047e-01, 2.362827576225e-06, 9.1217e+00, 1.5676e-01, 
 1DIAGNOSTIC,    58, -9.678703860268e-01, 2.042466535981e-06, 9.2746e+00, 1.5285e-01, 
 1DIAGNOSTIC,    59, -9.679064146754e-01, 2.084265733598e-06, 9.4253e+00, 1.5071e-01, 
 1DIAGNOSTIC,    60, -9.678938030492e-01, 1.810956360426e-06, 9.5781e+00, 1.5283e-01, 
 1DIAGNOSTIC,    61, -9.679260240049e-01, 1.854069708280e-06, 9.7331e+00, 1.5496e-01, 
 1DIAGNOSTIC,    62, -9.679147455349e-01, 1.617243290366e-06, 9.8815e+00, 1.4841e-01, 
 1DIAGNOSTIC,    63, -9.679432372194e-01, 1.654344594964e-06, 1.0033e+01, 1.5199e-01, 
 1DIAGNOSTIC,    64, -9.679335138824e-01, 1.450269089546e-06, 1.0184e+01, 1.5065e-01, 
 1DIAGNOSTIC,    65, -9.679585177905e-01, 1.481756290389e-06, 1.0339e+01, 1.5520e-01, 
 1DIAGNOSTIC,    66, -9.679511842465e-01, 1.310240617242e-06, 1.0489e+01, 1.4976e-01, 
 1DIAGNOSTIC,    67, -9.679644500173e-01, 1.300799326996e-06, 1.0641e+01, 1.5155e-01, 
 1DIAGNOSTIC,    68, -9.679583305005e-01, 1.122181821109e-06, 1.0794e+01, 1.5367e-01, 
 1DIAGNOSTIC,    69, -9.679777376112e-01, 1.126314177558e-06, 1.0953e+01, 1.5892e-01, 
 1DIAGNOSTIC,    70, -9.679732184471e-01, 9.884290968140e-07, 1.1106e+01, 1.5239e-01, 
XXDIAGNOSTIC,Iteration,metricValue,convergenceValue,ITERATION_TIME_INDEX,SINCE_LAST
 1DIAGNOSTIC,     1, -9.094386451128e-01, 1.797693134862e+308, 1.2639e+01, 1.5335e+00, 
 1DIAGNOSTIC,     2, -9.122905723054e-01, 1.797693134862e+308, 1.3850e+01, 1.2103e+00, 
 1DIAGNOSTIC,     3, -9.153841703799e-01, 1.797693134862e+308, 1.5074e+01, 1.2245e+00, 
 1DIAGNOSTIC,     4, -9.183417907014e-01, 1.797693134862e+308, 1.6297e+01, 1.2228e+00, 
 1DIAGNOSTIC,     5, -9.207817069513e-01, 1.797693134862e+308, 1.7502e+01, 1.2048e+00, 
 1DIAGNOSTIC,     6, -9.231103751902e-01, 1.797693134862e+308, 1.8733e+01, 1.2309e+00, 
 1DIAGNOSTIC,     7, -9.252239661407e-01, 1.797693134862e+308, 1.9982e+01, 1.2493e+00, 
 1DIAGNOSTIC,     8, -9.271011746881e-01, 1.797693134862e+308, 2.1192e+01, 1.2106e+00, 
 1DIAGNOSTIC,     9, -9.286958494100e-01, 1.797693134862e+308, 2.2413e+01, 1.2203e+00, 
 1DIAGNOSTIC,    10, -9.301381288530e-01, 1.449011263915e-03, 2.3661e+01, 1.2488e+00, 
 1DIAGNOSTIC,    11, -9.314306843234e-01, 1.196641033901e-03, 2.4898e+01, 1.2370e+00, 
 1DIAGNOSTIC,    12, -9.326772522581e-01, 9.833670022490e-04, 2.6138e+01, 1.2395e+00, 
 1DIAGNOSTIC,    13, -9.338497455071e-01, 8.142360221767e-04, 2.7357e+01, 1.2188e+00, 
 1DIAGNOSTIC,    14, -9.349428824750e-01, 6.837615767556e-04, 2.8595e+01, 1.2379e+00, 
 1DIAGNOSTIC,    15, -9.359495928167e-01, 5.783644413107e-04, 2.9822e+01, 1.2277e+00, 
 1DIAGNOSTIC,    16, -9.368873536132e-01, 4.953361215462e-04, 3.1048e+01, 1.2260e+00, 
 1DIAGNOSTIC,    17, -9.377618381558e-01, 4.299932647638e-04, 3.2270e+01, 1.2217e+00, 
 1DIAGNOSTIC,    18, -9.385721394629e-01, 3.776470529788e-04, 3.3491e+01, 1.2207e+00, 
 1DIAGNOSTIC,    19, -9.393162054655e-01, 3.332771627789e-04, 3.4709e+01, 1.2184e+00, 
 1DIAGNOSTIC,    20, -9.399927072932e-01, 2.946368647709e-04, 3.5939e+01, 1.2301e+00, 
 1DIAGNOSTIC,    21, -9.406155783929e-01, 2.599817650723e-04, 3.7176e+01, 1.2371e+00, 
 1DIAGNOSTIC,    22, -9.411397144910e-01, 2.286774073750e-04, 3.8420e+01, 1.2439e+00, 
 1DIAGNOSTIC,    23, -9.415755408641e-01, 1.999730511745e-04, 3.9654e+01, 1.2334e+00, 
 1DIAGNOSTIC,    24, -9.419301477340e-01, 1.732798949692e-04, 4.0874e+01, 1.2206e+00, 
 1DIAGNOSTIC,    25, -9.422057086262e-01, 1.480664835366e-04, 4.2095e+01, 1.2205e+00, 
 1DIAGNOSTIC,    26, -9.424359824227e-01, 1.245475150971e-04, 4.3328e+01, 1.2337e+00, 
 1DIAGNOSTIC,    27, -9.426138448827e-01, 1.029119599267e-04, 4.4556e+01, 1.2273e+00, 
 1DIAGNOSTIC,    28, -9.427541662062e-01, 8.347125005101e-05, 4.5797e+01, 1.2414e+00, 
 1DIAGNOSTIC,    29, -9.428603227962e-01, 6.644046088855e-05, 4.7025e+01, 1.2284e+00, 
 1DIAGNOSTIC,    30, -9.429256882617e-01, 5.181493725655e-05, 4.8253e+01, 1.2280e+00, 
 1DIAGNOSTIC,    31, -9.429659662520e-01, 3.977683098886e-05, 4.9503e+01, 1.2491e+00, 
 1DIAGNOSTIC,    32, -9.429826231728e-01, 2.990853127469e-05, 5.0743e+01, 1.2402e+00, 
 1DIAGNOSTIC,    33, -9.429785573317e-01, 2.183426790136e-05, 5.1974e+01, 1.2316e+00, 
 1DIAGNOSTIC,    34, -9.429591117680e-01, 1.522410768478e-05, 5.3222e+01, 1.2482e+00, 
 1DIAGNOSTIC,    35, -9.429290046432e-01, 9.744971255034e-06, 5.4444e+01, 1.2216e+00, 
 1DIAGNOSTIC,    36, -9.428848518334e-01, 5.287795324761e-06, 5.5677e+01, 1.2330e+00, 
 1DIAGNOSTIC,    37, -9.428406631202e-01, 1.741090311428e-06, 5.6903e+01, 1.2256e+00, 
 1DIAGNOSTIC,    38, -9.427255977417e-01, -1.508847859558e-06, 5.8130e+01, 1.2274e+00, 
XXDIAGNOSTIC,Iteration,metricValue,convergenceValue,ITERATION_TIME_INDEX,SINCE_LAST
 1DIAGNOSTIC,     1, -8.967397505368e-01, 1.797693134862e+308, 6.8388e+01, 1.0258e+01, 
 1DIAGNOSTIC,     2, -8.990984500063e-01, 1.797693134862e+308, 7.8162e+01, 9.7736e+00, 
 1DIAGNOSTIC,     3, -9.019851232689e-01, 1.797693134862e+308, 8.8086e+01, 9.9239e+00, 
 1DIAGNOSTIC,     4, -9.046778515569e-01, 1.797693134862e+308, 9.7976e+01, 9.8898e+00, 
 1DIAGNOSTIC,     5, -9.071337547056e-01, 1.797693134862e+308, 1.0781e+02, 9.8324e+00, 
 1DIAGNOSTIC,     6, -9.091788974454e-01, 1.797693134862e+308, 1.1777e+02, 9.9643e+00, 
 1DIAGNOSTIC,     7, -9.109245598971e-01, 1.797693134862e+308, 1.2773e+02, 9.9531e+00, 
 1DIAGNOSTIC,     8, -9.126255341495e-01, 1.797693134862e+308, 1.3761e+02, 9.8882e+00, 
 1DIAGNOSTIC,     9, -9.140924019007e-01, 1.797693134862e+308, 1.4758e+02, 9.9690e+00, 
 1DIAGNOSTIC,    10, -9.156054610769e-01, 1.340558209810e-03, 1.5757e+02, 9.9894e+00, 
 1DIAGNOSTIC,    11, -9.167322166166e-01, 1.112412386151e-03, 1.6762e+02, 1.0053e+01, 
 1DIAGNOSTIC,    12, -9.177583473035e-01, 9.102019058934e-04, 1.7761e+02, 9.9814e+00, 
 1DIAGNOSTIC,    13, -9.186918287578e-01, 7.481533857344e-04, 1.8775e+02, 1.0141e+01, 
 1DIAGNOSTIC,    14, -9.195298854675e-01, 6.193704881982e-04, 1.9761e+02, 9.8651e+00, 
 1DIAGNOSTIC,    15, -9.202931231795e-01, 5.176937706636e-04, 2.0758e+02, 9.9709e+00, 
 1DIAGNOSTIC,    16, -9.210001303232e-01, 4.346094092257e-04, 2.1750e+02, 9.9145e+00, 
 1DIAGNOSTIC,    17, -9.216641171322e-01, 3.652110347456e-04, 2.2737e+02, 9.8685e+00, 
 1DIAGNOSTIC,    18, -9.224286539036e-01, 3.122357944437e-04, 2.3734e+02, 9.9745e+00, 
 1DIAGNOSTIC,    19, -9.230273146310e-01, 2.693721636979e-04, 2.4712e+02, 9.7808e+00, 
 1DIAGNOSTIC,    20, -9.235863304585e-01, 2.378733427432e-04, 2.5700e+02, 9.8763e+00, 
 1DIAGNOSTIC,    21, -9.242325218632e-01, 2.133740885050e-04, 2.6703e+02, 1.0029e+01, 
 1DIAGNOSTIC,    22, -9.246948127922e-01, 1.920460071870e-04, 2.7695e+02, 9.9187e+00, 
 1DIAGNOSTIC,    23, -9.251226060255e-01, 1.729106532105e-04, 2.8687e+02, 9.9280e+00, 
 1DIAGNOSTIC,    24, -9.255227327277e-01, 1.551483611796e-04, 2.9681e+02, 9.9325e+00, 
 1DIAGNOSTIC,    25, -9.259040650030e-01, 1.384291061635e-04, 3.0674e+02, 9.9360e+00, 
 1DIAGNOSTIC,    26, -9.262664257285e-01, 1.227025888115e-04, 3.1679e+02, 1.0045e+01, 
 1DIAGNOSTIC,    27, -9.266117979394e-01, 1.081115967047e-04, 3.2677e+02, 9.9787e+00, 
 1DIAGNOSTIC,    28, -9.269438218798e-01, 9.651939090272e-05, 3.3681e+02, 1.0043e+01, 
 1DIAGNOSTIC,    29, -9.272535245926e-01, 8.632607831303e-05, 3.4674e+02, 9.9304e+00, 
 1DIAGNOSTIC,    30, -9.275398650850e-01, 7.733871842561e-05, 3.5672e+02, 9.9764e+00, 
 1DIAGNOSTIC,    31, -9.278069568714e-01, 7.074365930167e-05, 3.6670e+02, 9.9881e+00, 
 1DIAGNOSTIC,    32, -9.280607158057e-01, 6.479981458059e-05, 3.7665e+02, 9.9467e+00, 
 1DIAGNOSTIC,    33, -9.283014607229e-01, 5.935779043427e-05, 3.8669e+02, 1.0043e+01, 
 1DIAGNOSTIC,    34, -9.285259036773e-01, 5.430542439877e-05, 3.9660e+02, 9.9099e+00, 
 1DIAGNOSTIC,    35, -9.287403647933e-01, 4.967411567031e-05, 4.0661e+02, 1.0003e+01, 
 1DIAGNOSTIC,    36, -9.289440679167e-01, 4.546722630035e-05, 4.1648e+02, 9.8690e+00, 
 1DIAGNOSTIC,    37, -9.291306647203e-01, 4.163308722403e-05, 4.2634e+02, 9.8656e+00, 
 1DIAGNOSTIC,    38, -9.292893108953e-01, 3.805795852921e-05, 4.3625e+02, 9.9140e+00, 
 1DIAGNOSTIC,    39, -9.294281892877e-01, 3.463169466136e-05, 4.4624e+02, 9.9829e+00, 
 1DIAGNOSTIC,    40, -9.295503774634e-01, 3.126977748004e-05, 4.5621e+02, 9.9737e+00, 
 1DIAGNOSTIC,    41, -9.296579664078e-01, 2.795025605807e-05, 4.6611e+02, 9.8990e+00, 
 1DIAGNOSTIC,    42, -9.297464541005e-01, 2.467774299623e-05, 4.7601e+02, 9.8983e+00, 
 1DIAGNOSTIC,    43, -9.298191480838e-01, 2.149702751627e-05, 4.8605e+02, 1.0037e+01, 
 1DIAGNOSTIC,    44, -9.298813927564e-01, 1.846546964069e-05, 4.9600e+02, 9.9556e+00, 
 1DIAGNOSTIC,    45, -9.299288401438e-01, 1.564500055226e-05, 5.0604e+02, 1.0040e+01, 
 1DIAGNOSTIC,    46, -9.299673413066e-01, 1.312159674539e-05, 5.1591e+02, 9.8648e+00, 
 1DIAGNOSTIC,    47, -9.299957324592e-01, 1.091049824329e-05, 5.2591e+02, 1.0003e+01, 
 1DIAGNOSTIC,    48, -9.300205475285e-01, 8.977227953184e-06, 5.3568e+02, 9.7763e+00, 
 1DIAGNOSTIC,    49, -9.300430206786e-01, 7.329585403806e-06, 5.4562e+02, 9.9382e+00, 
 1DIAGNOSTIC,    50, -9.300600576785e-01, 5.954859346929e-06, 5.5553e+02, 9.9080e+00, 
XXDIAGNOSTIC,Iteration,metricValue,convergenceValue,ITERATION_TIME_INDEX,SINCE_LAST
 1DIAGNOSTIC,     1, -8.866334417096e-01, 1.797693134862e+308, 6.4314e+02, 8.7604e+01, 
 1DIAGNOSTIC,     2, -8.874807174808e-01, 1.797693134862e+308, 7.2842e+02, 8.5280e+01, 
 1DIAGNOSTIC,     3, -8.889963813253e-01, 1.797693134862e+308, 8.1566e+02, 8.7248e+01, 
 1DIAGNOSTIC,     4, -8.906231161385e-01, 1.797693134862e+308, 9.0110e+02, 8.5434e+01, 
 1DIAGNOSTIC,     5, -8.924186810788e-01, 1.797693134862e+308, 9.8584e+02, 8.4743e+01, 
 1DIAGNOSTIC,     6, -8.941075338251e-01, 1.797693134862e+308, 1.0714e+03, 8.5586e+01, 
 1DIAGNOSTIC,     7, -8.957515411320e-01, 1.797693134862e+308, 1.1563e+03, 8.4831e+01, 
 1DIAGNOSTIC,     8, -8.972951218953e-01, 1.797693134862e+308, 1.2435e+03, 8.7275e+01, 
 1DIAGNOSTIC,     9, -8.986804769621e-01, 1.797693134862e+308, 1.3286e+03, 8.5047e+01, 
 1DIAGNOSTIC,    10, -9.000084613082e-01, 1.010550178552e-03, 1.4157e+03, 8.7160e+01, 
 1DIAGNOSTIC,    11, -9.012153181247e-01, 9.150800145536e-04, 1.5018e+03, 8.6075e+01, 
 1DIAGNOSTIC,    12, -9.022069701503e-01, 8.017156155165e-04, 1.5888e+03, 8.7023e+01, 
 1DIAGNOSTIC,    13, -9.031217698631e-01, 6.924683346138e-04, 1.6743e+03, 8.5456e+01, 
 1DIAGNOSTIC,    14, -9.040197052478e-01, 5.927425197492e-04, 1.7596e+03, 8.5336e+01, 
 1DIAGNOSTIC,    15, -9.047181390340e-01, 5.045201399768e-04, 1.8450e+03, 8.5417e+01, 
 1DIAGNOSTIC,    16, -9.053408213373e-01, 4.265538161194e-04, 1.9304e+03, 8.5381e+01, 
 1DIAGNOSTIC,    17, -9.059092379068e-01, 3.595009632410e-04, 2.0172e+03, 8.6815e+01, 
 1DIAGNOSTIC,    18, -9.064221616282e-01, 3.026715436693e-04, 2.1041e+03, 8.6885e+01, 
 1DIAGNOSTIC,    19, -9.068912313832e-01, 2.544369648260e-04, 2.1901e+03, 8.5940e+01, 
 1DIAGNOSTIC,    20, -9.073314247616e-01, 2.151721545371e-04, 2.2754e+03, 8.5316e+01, 
  Elapsed time (stage 2): 2276


Total elapsed time: 2367
