All_Command_lines_OK
Using double precision for computations.
=============================================================================
The composite transform comprises the following transforms (in order): 
  1. Center of mass alignment using fixed image: /templateflow/tpl-MNI152NLin2009cAsym/tpl-MNI152NLin2009cAsym_res-01_desc-brain_T1w.nii.gz and moving image: /mnt/lustre/mathdugre/ants-amp/datasets/corr/RawDataBIDS/BMB_1/derivatives/antsBrainExtraction/sub-0003055/BrainExtractionBrain.nii.gz (type = Euler3DTransform)
=============================================================================
  number of levels = 4
  number of levels = 4
  number of levels = 4
  fixed image: /templateflow/tpl-MNI152NLin2009cAsym/tpl-MNI152NLin2009cAsym_res-01_desc-brain_T1w.nii.gz
  moving image: /mnt/lustre/mathdugre/ants-amp/datasets/corr/RawDataBIDS/BMB_1/derivatives/antsBrainExtraction/sub-0003055/BrainExtractionBrain.nii.gz
  fixed image: /templateflow/tpl-MNI152NLin2009cAsym/tpl-MNI152NLin2009cAsym_res-01_desc-brain_T1w.nii.gz
  moving image: /mnt/lustre/mathdugre/ants-amp/datasets/corr/RawDataBIDS/BMB_1/derivatives/antsBrainExtraction/sub-0003055/BrainExtractionBrain.nii.gz
  fixed image: /templateflow/tpl-MNI152NLin2009cAsym/tpl-MNI152NLin2009cAsym_res-01_desc-brain_T1w.nii.gz
  moving image: /mnt/lustre/mathdugre/ants-amp/datasets/corr/RawDataBIDS/BMB_1/derivatives/antsBrainExtraction/sub-0003055/BrainExtractionBrain.nii.gz
Dimension = 3
Number of stages = 3
Use histogram matching = false
Winsorize image intensities = true
  Lower quantile = 0.005
  Upper quantile = 0.995


Stage 1 State
   Image metric = MattesMI
     Fixed image = Image (0x55e582da9360)
  RTTI typeinfo:   itk::Image<double, 3u>
  Reference Count: 2
  Modified Time: 2368
  Debug: Off
  Object Name: 
  Observers: 
    none
  Source: (none)
  Source output name: (none)
  Release Data: Off
  Data Released: False
  Global Release Data: Off
  PipelineMTime: 0
  UpdateMTime: 1979
  RealTimeStamp: 0 seconds 
  LargestPossibleRegion: 
    Dimension: 3
    Index: [0, 0, 0]
    Size: [193, 229, 193]
  BufferedRegion: 
    Dimension: 3
    Index: [0, 0, 0]
    Size: [193, 229, 193]
  RequestedRegion: 
    Dimension: 3
    Index: [0, 0, 0]
    Size: [193, 229, 193]
  Spacing: [1, 1, 1]
  Origin: [96, 132, -78]
  Direction: 
-1 0 0
0 -1 0
0 0 1

  IndexToPointMatrix: 
-1 0 0
0 -1 0
0 0 1

  PointToIndexMatrix: 
-1 0 0
0 -1 0
0 0 1

  Inverse Direction: 
-1 0 0
0 -1 0
0 0 1

  PixelContainer: 
    ImportImageContainer (0x55e582da0a00)
      RTTI typeinfo:   itk::ImportImageContainer<unsigned long, double>
      Reference Count: 1
      Modified Time: 1976
      Debug: Off
      Object Name: 
      Observers: 
        none
      Pointer: 0x7f399c1bf010
      Container manages memory: true
      Size: 8530021
      Capacity: 8530021

     Moving image = Image (0x55e582daca20)
  RTTI typeinfo:   itk::Image<double, 3u>
  Reference Count: 2
  Modified Time: 2369
  Debug: Off
  Object Name: 
  Observers: 
    none
  Source: (none)
  Source output name: (none)
  Release Data: Off
  Data Released: False
  Global Release Data: Off
  PipelineMTime: 0
  UpdateMTime: 2366
  RealTimeStamp: 0 seconds 
  LargestPossibleRegion: 
    Dimension: 3
    Index: [0, 0, 0]
    Size: [176, 256, 256]
  BufferedRegion: 
    Dimension: 3
    Index: [0, 0, 0]
    Size: [176, 256, 256]
  RequestedRegion: 
    Dimension: 3
    Index: [0, 0, 0]
    Size: [176, 256, 256]
  Spacing: [1, 1, 1]
  Origin: [-99.0515, 91.5603, -136.343]
  Direction: 
1 0 0
0 -1 0
0 0 1

  IndexToPointMatrix: 
1 0 0
0 -1 0
0 0 1

  PointToIndexMatrix: 
1 0 0
0 -1 0
0 0 1

  Inverse Direction: 
1 0 0
0 -1 0
0 0 1

  PixelContainer: 
    ImportImageContainer (0x55e584f7ec90)
      RTTI typeinfo:   itk::ImportImageContainer<unsigned long, double>
      Reference Count: 1
      Modified Time: 2363
      Debug: Off
      Object Name: 
      Observers: 
        none
      Pointer: 0x7f39969be010
      Container manages memory: true
      Size: 11534336
      Capacity: 11534336

     Weighting = 1
     Sampling strategy = regular
     Number of bins = 32
     Radius = 4
     Sampling percentage  = 0.25
   Transform = Rigid
     Gradient step = 0.1
     Update field sigma (voxel space) = 0
     Total field sigma (voxel space) = 0
     Update field time sigma = 0
     Total field time sigma  = 0
     Number of time indices = 0
     Number of time point samples = 0
Stage 2 State
   Image metric = MattesMI
     Fixed image = Image (0x55e582ecf9c0)
  RTTI typeinfo:   itk::Image<double, 3u>
  Reference Count: 2
  Modified Time: 3144
  Debug: Off
  Object Name: 
  Observers: 
    none
  Source: (none)
  Source output name: (none)
  Release Data: Off
  Data Released: False
  Global Release Data: Off
  PipelineMTime: 0
  UpdateMTime: 2755
  RealTimeStamp: 0 seconds 
  LargestPossibleRegion: 
    Dimension: 3
    Index: [0, 0, 0]
    Size: [193, 229, 193]
  BufferedRegion: 
    Dimension: 3
    Index: [0, 0, 0]
    Size: [193, 229, 193]
  RequestedRegion: 
    Dimension: 3
    Index: [0, 0, 0]
    Size: [193, 229, 193]
  Spacing: [1, 1, 1]
  Origin: [96, 132, -78]
  Direction: 
-1 0 0
0 -1 0
0 0 1

  IndexToPointMatrix: 
-1 0 0
0 -1 0
0 0 1

  PointToIndexMatrix: 
-1 0 0
0 -1 0
0 0 1

  Inverse Direction: 
-1 0 0
0 -1 0
0 0 1

  PixelContainer: 
    ImportImageContainer (0x55e582ebef30)
      RTTI typeinfo:   itk::ImportImageContainer<unsigned long, double>
      Reference Count: 1
      Modified Time: 2752
      Debug: Off
      Object Name: 
      Observers: 
        none
      Pointer: 0x7f39928a9010
      Container manages memory: true
      Size: 8530021
      Capacity: 8530021

     Moving image = Image (0x55e582ed17c0)
  RTTI typeinfo:   itk::Image<double, 3u>
  Reference Count: 2
  Modified Time: 3145
  Debug: Off
  Object Name: 
  Observers: 
    none
  Source: (none)
  Source output name: (none)
  Release Data: Off
  Data Released: False
  Global Release Data: Off
  PipelineMTime: 0
  UpdateMTime: 3142
  RealTimeStamp: 0 seconds 
  LargestPossibleRegion: 
    Dimension: 3
    Index: [0, 0, 0]
    Size: [176, 256, 256]
  BufferedRegion: 
    Dimension: 3
    Index: [0, 0, 0]
    Size: [176, 256, 256]
  RequestedRegion: 
    Dimension: 3
    Index: [0, 0, 0]
    Size: [176, 256, 256]
  Spacing: [1, 1, 1]
  Origin: [-99.0515, 91.5603, -136.343]
  Direction: 
1 0 0
0 -1 0
0 0 1

  IndexToPointMatrix: 
1 0 0
0 -1 0
0 0 1

  PointToIndexMatrix: 
1 0 0
0 -1 0
0 0 1

  Inverse Direction: 
1 0 0
0 -1 0
0 0 1

  PixelContainer: 
    ImportImageContainer (0x55e582ed4190)
      RTTI typeinfo:   itk::ImportImageContainer<unsigned long, double>
      Reference Count: 1
      Modified Time: 3139
      Debug: Off
      Object Name: 
      Observers: 
        none
      Pointer: 0x7f398d0a8010
      Container manages memory: true
      Size: 11534336
      Capacity: 11534336

     Weighting = 1
     Sampling strategy = regular
     Number of bins = 32
     Radius = 4
     Sampling percentage  = 0.25
   Transform = Affine
     Gradient step = 0.1
     Update field sigma (voxel space) = 0
     Total field sigma (voxel space) = 0
     Update field time sigma = 0
     Total field time sigma  = 0
     Number of time indices = 0
     Number of time point samples = 0
Stage 3 State
   Image metric = CC
     Fixed image = Image (0x55e582ebb240)
  RTTI typeinfo:   itk::Image<double, 3u>
  Reference Count: 2
  Modified Time: 3920
  Debug: Off
  Object Name: 
  Observers: 
    none
  Source: (none)
  Source output name: (none)
  Release Data: Off
  Data Released: False
  Global Release Data: Off
  PipelineMTime: 0
  UpdateMTime: 3531
  RealTimeStamp: 0 seconds 
  LargestPossibleRegion: 
    Dimension: 3
    Index: [0, 0, 0]
    Size: [193, 229, 193]
  BufferedRegion: 
    Dimension: 3
    Index: [0, 0, 0]
    Size: [193, 229, 193]
  RequestedRegion: 
    Dimension: 3
    Index: [0, 0, 0]
    Size: [193, 229, 193]
  Spacing: [1, 1, 1]
  Origin: [96, 132, -78]
  Direction: 
-1 0 0
0 -1 0
0 0 1

  IndexToPointMatrix: 
-1 0 0
0 -1 0
0 0 1

  PointToIndexMatrix: 
-1 0 0
0 -1 0
0 0 1

  Inverse Direction: 
-1 0 0
0 -1 0
0 0 1

  PixelContainer: 
    ImportImageContainer (0x55e582df8600)
      RTTI typeinfo:   itk::ImportImageContainer<unsigned long, double>
      Reference Count: 1
      Modified Time: 3528
      Debug: Off
      Object Name: 
      Observers: 
        none
      Pointer: 0x7f3988f93010
      Container manages memory: true
      Size: 8530021
      Capacity: 8530021

     Moving image = Image (0x55e582ed3e70)
  RTTI typeinfo:   itk::Image<double, 3u>
  Reference Count: 2
  Modified Time: 3921
  Debug: Off
  Object Name: 
  Observers: 
    none
  Source: (none)
  Source output name: (none)
  Release Data: Off
  Data Released: False
  Global Release Data: Off
  PipelineMTime: 0
  UpdateMTime: 3918
  RealTimeStamp: 0 seconds 
  LargestPossibleRegion: 
    Dimension: 3
    Index: [0, 0, 0]
    Size: [176, 256, 256]
  BufferedRegion: 
    Dimension: 3
    Index: [0, 0, 0]
    Size: [176, 256, 256]
  RequestedRegion: 
    Dimension: 3
    Index: [0, 0, 0]
    Size: [176, 256, 256]
  Spacing: [1, 1, 1]
  Origin: [-99.0515, 91.5603, -136.343]
  Direction: 
1 0 0
0 -1 0
0 0 1

  IndexToPointMatrix: 
1 0 0
0 -1 0
0 0 1

  PointToIndexMatrix: 
1 0 0
0 -1 0
0 0 1

  Inverse Direction: 
1 0 0
0 -1 0
0 0 1

  PixelContainer: 
    ImportImageContainer (0x55e582eb70d0)
      RTTI typeinfo:   itk::ImportImageContainer<unsigned long, double>
      Reference Count: 1
      Modified Time: 3915
      Debug: Off
      Object Name: 
      Observers: 
        none
      Pointer: 0x7f3983792010
      Container manages memory: true
      Size: 11534336
      Capacity: 11534336

     Weighting = 1
     Sampling strategy = none
     Number of bins = 32
     Radius = 4
     Sampling percentage  = 1
   Transform = SyN
     Gradient step = 0.1
     Update field sigma (voxel space) = 3
     Total field sigma (voxel space) = 0
     Update field time sigma = 0
     Total field time sigma  = 0
     Number of time indices = 0
     Number of time point samples = 0
Registration using 3 total stages.

Stage 0
  iterations = 1000x500x250x100
  convergence threshold = 1e-06
  convergence window size = 10
  number of levels = 4
  using the Mattes MI metric (number of bins = 32, weight = 1, use gradient filter = 0)
  preprocessing:  winsorizing the image intensities
  Shrink factors (level 1 out of 4): [8, 8, 8]
  Shrink factors (level 2 out of 4): [4, 4, 4]
  Shrink factors (level 3 out of 4): [2, 2, 2]
  Shrink factors (level 4 out of 4): [1, 1, 1]
  smoothing sigmas per level: [3, 2, 1, 0]
  regular sampling (percentage = 0.25)

*** Running Euler3DTransform registration ***

DIAGNOSTIC,Iteration,metricValue,convergenceValue,ITERATION_TIME_INDEX,SINCE_LAST
 2DIAGNOSTIC,     1, -4.463690187264e-01, 1.797693134862e+308, 3.7749e-01, 3.7749e-01, 
 2DIAGNOSTIC,     2, -4.473746012419e-01, 1.797693134862e+308, 3.8102e-01, 3.5331e-03, 
 2DIAGNOSTIC,     3, -4.511931040702e-01, 1.797693134862e+308, 3.8384e-01, 2.8169e-03, 
 2DIAGNOSTIC,     4, -4.573266930656e-01, 1.797693134862e+308, 3.8664e-01, 2.7981e-03, 
 2DIAGNOSTIC,     5, -4.617621179017e-01, 1.797693134862e+308, 3.8980e-01, 3.1650e-03, 
 2DIAGNOSTIC,     6, -4.685775567079e-01, 1.797693134862e+308, 3.9278e-01, 2.9731e-03, 
 2DIAGNOSTIC,     7, -4.695110379542e-01, 1.797693134862e+308, 3.9589e-01, 3.1190e-03, 
 2DIAGNOSTIC,     8, -4.693668431302e-01, 1.797693134862e+308, 3.9880e-01, 2.9101e-03, 
 2DIAGNOSTIC,     9, -4.693294862172e-01, 1.797693134862e+308, 4.0231e-01, 3.5009e-03, 
 2DIAGNOSTIC,    10, -4.693085080891e-01, 3.806583446323e-03, 4.0620e-01, 3.8919e-03, 
 2DIAGNOSTIC,    11, -4.691609107035e-01, 2.786301858610e-03, 4.0926e-01, 3.0591e-03, 
 2DIAGNOSTIC,    12, -4.691979755209e-01, 1.742691977217e-03, 4.1191e-01, 2.6579e-03, 
 2DIAGNOSTIC,    13, -4.691268846451e-01, 8.811658793879e-04, 4.1491e-01, 2.9948e-03, 
 2DIAGNOSTIC,    14, -4.691896305987e-01, 3.347556791616e-04, 4.1783e-01, 2.9240e-03, 
 2DIAGNOSTIC,    15, -4.692014061039e-01, 5.773905050244e-06, 4.2123e-01, 3.3960e-03, 
DIAGNOSTIC,Iteration,metricValue,convergenceValue,ITERATION_TIME_INDEX,SINCE_LAST
 2DIAGNOSTIC,     1, -3.776890653837e-01, 1.797693134862e+308, 7.8755e-01, 3.6632e-01, 
 2DIAGNOSTIC,     2, -3.779628700081e-01, 1.797693134862e+308, 8.0808e-01, 2.0529e-02, 
 2DIAGNOSTIC,     3, -3.783538732382e-01, 1.797693134862e+308, 8.2596e-01, 1.7882e-02, 
 2DIAGNOSTIC,     4, -3.788410831909e-01, 1.797693134862e+308, 8.4398e-01, 1.8023e-02, 
 2DIAGNOSTIC,     5, -3.792879204766e-01, 1.797693134862e+308, 8.6326e-01, 1.9272e-02, 
 2DIAGNOSTIC,     6, -3.794937640987e-01, 1.797693134862e+308, 8.8239e-01, 1.9133e-02, 
 2DIAGNOSTIC,     7, -3.805228996824e-01, 1.797693134862e+308, 9.1938e-01, 3.6995e-02, 
 2DIAGNOSTIC,     8, -3.807933415954e-01, 1.797693134862e+308, 9.3933e-01, 1.9946e-02, 
 2DIAGNOSTIC,     9, -3.808318112545e-01, 1.797693134862e+308, 9.6222e-01, 2.2886e-02, 
 2DIAGNOSTIC,    10, -3.808501678152e-01, 6.172975002609e-04, 9.9327e-01, 3.1055e-02, 
 2DIAGNOSTIC,    11, -3.808489560567e-01, 5.023292579015e-04, 1.0162e+00, 2.2929e-02, 
 2DIAGNOSTIC,    12, -3.808457805792e-01, 3.776759496407e-04, 1.0360e+00, 1.9778e-02, 
 2DIAGNOSTIC,    13, -3.808442753509e-01, 2.600497433542e-04, 1.0617e+00, 2.5719e-02, 
 2DIAGNOSTIC,    14, -3.808462768350e-01, 1.622747565759e-04, 1.0846e+00, 2.2922e-02, 
 2DIAGNOSTIC,    15, -3.808308185426e-01, 8.499330303616e-05, 1.1048e+00, 2.0163e-02, 
 2DIAGNOSTIC,    16, -3.808287375369e-01, 1.814204162498e-05, 1.1281e+00, 2.3352e-02, 
 2DIAGNOSTIC,    17, -3.808255341197e-01, 2.509504336841e-06, 1.1481e+00, 1.9981e-02, 
DIAGNOSTIC,Iteration,metricValue,convergenceValue,ITERATION_TIME_INDEX,SINCE_LAST
 2DIAGNOSTIC,     1, -3.368708790805e-01, 1.797693134862e+308, 1.7133e+00, 5.6517e-01, 
 2DIAGNOSTIC,     2, -3.369084774306e-01, 1.797693134862e+308, 1.8433e+00, 1.2999e-01, 
 2DIAGNOSTIC,     3, -3.370227446463e-01, 1.797693134862e+308, 1.9764e+00, 1.3309e-01, 
 2DIAGNOSTIC,     4, -3.372065092273e-01, 1.797693134862e+308, 2.1082e+00, 1.3183e-01, 
 2DIAGNOSTIC,     5, -3.377890820724e-01, 1.797693134862e+308, 2.2400e+00, 1.3185e-01, 
 2DIAGNOSTIC,     6, -3.387680722596e-01, 1.797693134862e+308, 2.4263e+00, 1.8628e-01, 
 2DIAGNOSTIC,     7, -3.391926699940e-01, 1.797693134862e+308, 2.6130e+00, 1.8667e-01, 
 2DIAGNOSTIC,     8, -3.392162914494e-01, 1.797693134862e+308, 2.7821e+00, 1.6909e-01, 
 2DIAGNOSTIC,     9, -3.392185748619e-01, 1.797693134862e+308, 2.9153e+00, 1.3323e-01, 
 2DIAGNOSTIC,    10, -3.392205304149e-01, 5.912737529218e-04, 3.0645e+00, 1.4922e-01, 
 2DIAGNOSTIC,    11, -3.392297421821e-01, 4.910416706655e-04, 3.2753e+00, 2.1076e-01, 
 2DIAGNOSTIC,    12, -3.392318201202e-01, 3.663905167441e-04, 3.4664e+00, 1.9113e-01, 
 2DIAGNOSTIC,    13, -3.392313385979e-01, 2.365012565282e-04, 3.6553e+00, 1.8890e-01, 
 2DIAGNOSTIC,    14, -3.392309327718e-01, 1.150784124754e-04, 3.8100e+00, 1.5467e-01, 
 2DIAGNOSTIC,    15, -3.392300050874e-01, 3.087484789482e-05, 3.9465e+00, 1.3649e-01, 
 2DIAGNOSTIC,    16, -3.392292873351e-01, 5.279925550106e-06, 4.1201e+00, 1.7359e-01, 
 2DIAGNOSTIC,    17, -3.392294892390e-01, 3.340459140654e-06, 4.2536e+00, 1.3357e-01, 
 2DIAGNOSTIC,    18, -3.392284960633e-01, 2.540357551137e-06, 4.4079e+00, 1.5425e-01, 
 2DIAGNOSTIC,    19, -3.392287331357e-01, 1.869910392999e-06, 4.5622e+00, 1.5432e-01, 
 2DIAGNOSTIC,    20, -3.392283539785e-01, 1.304659191827e-06, 4.6979e+00, 1.3569e-01, 
 2DIAGNOSTIC,    21, -3.392281333808e-01, 1.177061324110e-06, 4.8516e+00, 1.5371e-01, 
 2DIAGNOSTIC,    22, -3.392290921468e-01, 1.208728854597e-06, 4.9853e+00, 1.3370e-01, 
 2DIAGNOSTIC,    23, -3.392290479223e-01, 1.239665263907e-06, 5.1193e+00, 1.3401e-01, 
 2DIAGNOSTIC,    24, -3.392299913562e-01, 1.301536422610e-06, 5.2725e+00, 1.5316e-01, 
 2DIAGNOSTIC,    25, -3.392308309792e-01, 1.357946289755e-06, 5.4204e+00, 1.4793e-01, 
 2DIAGNOSTIC,    26, -3.392298217463e-01, 1.345572614588e-06, 5.5406e+00, 1.2022e-01, 
 2DIAGNOSTIC,    27, -3.392299741861e-01, 1.335764265288e-06, 5.6940e+00, 1.5340e-01, 
 2DIAGNOSTIC,    28, -3.392294629162e-01, 1.266131312780e-06, 5.8532e+00, 1.5920e-01, 
 2DIAGNOSTIC,    29, -3.392292470063e-01, 1.189901723112e-06, 6.0194e+00, 1.6619e-01, 
 2DIAGNOSTIC,    30, -3.392288482608e-01, 1.088494235031e-06, 6.1504e+00, 1.3100e-01, 
DIAGNOSTIC,Iteration,metricValue,convergenceValue,ITERATION_TIME_INDEX,SINCE_LAST
 2DIAGNOSTIC,     1, -3.132845651091e-01, 1.797693134862e+308, 7.7333e+00, 1.5829e+00, 
 2DIAGNOSTIC,     2, -3.134135135830e-01, 1.797693134862e+308, 8.6382e+00, 9.0487e-01, 
 2DIAGNOSTIC,     3, -3.136995035160e-01, 1.797693134862e+308, 9.6614e+00, 1.0232e+00, 
 2DIAGNOSTIC,     4, -3.141492834976e-01, 1.797693134862e+308, 1.0568e+01, 9.0676e-01, 
 2DIAGNOSTIC,     5, -3.141677755274e-01, 1.797693134862e+308, 1.1475e+01, 9.0641e-01, 
 2DIAGNOSTIC,     6, -3.144920094724e-01, 1.797693134862e+308, 1.2483e+01, 1.0084e+00, 
 2DIAGNOSTIC,     7, -3.148980504959e-01, 1.797693134862e+308, 1.3608e+01, 1.1253e+00, 
 2DIAGNOSTIC,     8, -3.150821721959e-01, 1.797693134862e+308, 1.4628e+01, 1.0198e+00, 
 2DIAGNOSTIC,     9, -3.151565116428e-01, 1.797693134862e+308, 1.5536e+01, 9.0762e-01, 
 2DIAGNOSTIC,    10, -3.152733718180e-01, 4.448684361089e-04, 1.6435e+01, 8.9947e-01, 
 2DIAGNOSTIC,    11, -3.154405874371e-01, 3.811042448478e-04, 1.7337e+01, 9.0212e-01, 
 2DIAGNOSTIC,    12, -3.157268342650e-01, 3.243239173958e-04, 1.8794e+01, 1.4568e+00, 
 2DIAGNOSTIC,    13, -3.157848993233e-01, 2.700235188485e-04, 2.0147e+01, 1.3526e+00, 
 2DIAGNOSTIC,    14, -3.157846738318e-01, 2.289880332494e-04, 2.1391e+01, 1.2440e+00, 
 2DIAGNOSTIC,    15, -3.157847149526e-01, 1.739293860877e-04, 2.2399e+01, 1.0086e+00, 
 2DIAGNOSTIC,    16, -3.157847624223e-01, 1.276607445210e-04, 2.3516e+01, 1.1165e+00, 
 2DIAGNOSTIC,    17, -3.157847082387e-01, 9.640269109609e-05, 2.4529e+01, 1.0130e+00, 
 2DIAGNOSTIC,    18, -3.157843547234e-01, 6.910547733876e-05, 2.5673e+01, 1.1441e+00, 
 2DIAGNOSTIC,    19, -3.157838542968e-01, 4.210474235562e-05, 2.6800e+01, 1.1271e+00, 
 2DIAGNOSTIC,    20, -3.157839658421e-01, 1.931272971252e-05, 2.7689e+01, 8.8899e-01, 
 2DIAGNOSTIC,    21, -3.157837536511e-01, 3.895590549439e-06, 2.8702e+01, 1.0130e+00, 
 2DIAGNOSTIC,    22, -3.157836618418e-01, 1.323933838213e-06, 2.9708e+01, 1.0058e+00, 
 2DIAGNOSTIC,    23, -3.157834787358e-01, 1.258293796928e-06, 3.0711e+01, 1.0032e+00, 
 2DIAGNOSTIC,    24, -3.157834794932e-01, 1.201964870995e-06, 3.1833e+01, 1.1220e+00, 
 2DIAGNOSTIC,    25, -3.157835409632e-01, 1.165296274586e-06, 3.2846e+01, 1.0127e+00, 
 2DIAGNOSTIC,    26, -3.157834067582e-01, 1.138320519851e-06, 3.3744e+01, 8.9868e-01, 
 2DIAGNOSTIC,    27, -3.157834580323e-01, 1.121925876736e-06, 3.4765e+01, 1.0202e+00, 
 2DIAGNOSTIC,    28, -3.157833290072e-01, 1.097098758431e-06, 3.5773e+01, 1.0089e+00, 
 2DIAGNOSTIC,    29, -3.157833295229e-01, 1.062158933599e-06, 3.6682e+01, 9.0851e-01, 
 2DIAGNOSTIC,    30, -3.157831365849e-01, 1.030578353961e-06, 3.7704e+01, 1.0219e+00, 
  Elapsed time (stage 0): 3.8343e+01


Stage 1
  iterations = 1000x500x250x100
  convergence threshold = 1.0000e-06
  convergence window size = 10
  number of levels = 4
  using the Mattes MI metric (number of bins = 32, weight = 1.0000e+00, use gradient filter = 0)
  preprocessing:  winsorizing the image intensities
  Shrink factors (level 1 out of 4): [8, 8, 8]
  Shrink factors (level 2 out of 4): [4, 4, 4]
  Shrink factors (level 3 out of 4): [2, 2, 2]
  Shrink factors (level 4 out of 4): [1, 1, 1]
  smoothing sigmas per level: [3, 2, 1, 0]
  regular sampling (percentage = 2.5000e-01)

*** Running AffineTransform registration ***

DIAGNOSTIC,Iteration,metricValue,convergenceValue,ITERATION_TIME_INDEX,SINCE_LAST
 2DIAGNOSTIC,     1, -4.757078619917e-01, 1.797693134862e+308, 3.5216e-01, 3.5216e-01, 
 2DIAGNOSTIC,     2, -4.773158858632e-01, 1.797693134862e+308, 3.5595e-01, 3.7918e-03, 
 2DIAGNOSTIC,     3, -4.798903362481e-01, 1.797693134862e+308, 3.5936e-01, 3.4130e-03, 
 2DIAGNOSTIC,     4, -4.837525164305e-01, 1.797693134862e+308, 3.6283e-01, 3.4690e-03, 
 2DIAGNOSTIC,     5, -4.889071290449e-01, 1.797693134862e+308, 3.6627e-01, 3.4411e-03, 
 2DIAGNOSTIC,     6, -4.973124792350e-01, 1.797693134862e+308, 3.6928e-01, 3.0079e-03, 
 2DIAGNOSTIC,     7, -5.090868611754e-01, 1.797693134862e+308, 3.7239e-01, 3.1071e-03, 
 2DIAGNOSTIC,     8, -5.288676728343e-01, 1.797693134862e+308, 3.7563e-01, 3.2392e-03, 
 2DIAGNOSTIC,     9, -5.726981105447e-01, 1.797693134862e+308, 3.7907e-01, 3.4449e-03, 
 2DIAGNOSTIC,    10, -6.419926206026e-01, 1.638744354422e-02, 3.8402e-01, 4.9500e-03, 
 2DIAGNOSTIC,    11, -6.791227055753e-01, 2.077635523485e-02, 3.8844e-01, 4.4210e-03, 
 2DIAGNOSTIC,    12, -6.890034286373e-01, 2.290698476117e-02, 3.9282e-01, 4.3790e-03, 
 2DIAGNOSTIC,    13, -7.136599085496e-01, 2.362950312702e-02, 3.9682e-01, 4.0009e-03, 
 2DIAGNOSTIC,    14, -7.585816434830e-01, 2.369604324794e-02, 4.0082e-01, 4.0009e-03, 
 2DIAGNOSTIC,    15, -7.765915579981e-01, 2.227308848121e-02, 4.0449e-01, 3.6700e-03, 
 2DIAGNOSTIC,    16, -7.920029576559e-01, 1.976086777719e-02, 4.1000e-01, 5.5099e-03, 
 2DIAGNOSTIC,    17, -7.964098553039e-01, 1.631807973956e-02, 4.1379e-01, 3.7830e-03, 
 2DIAGNOSTIC,    18, -7.996082623667e-01, 1.246438890258e-02, 4.1730e-01, 3.5150e-03, 
 2DIAGNOSTIC,    19, -8.074632538470e-01, 9.161161630727e-03, 4.2211e-01, 4.8048e-03, 
 2DIAGNOSTIC,    20, -8.104570955519e-01, 7.016305476157e-03, 4.2591e-01, 3.8042e-03, 
 2DIAGNOSTIC,    21, -8.130633710845e-01, 5.321861956265e-03, 4.2995e-01, 4.0381e-03, 
 2DIAGNOSTIC,    22, -8.162952188373e-01, 3.587063728700e-03, 4.3497e-01, 5.0170e-03, 
 2DIAGNOSTIC,    23, -8.171261626656e-01, 2.164700617317e-03, 4.3843e-01, 3.4671e-03, 
 2DIAGNOSTIC,    24, -8.199795989408e-01, 1.526256896158e-03, 4.4172e-01, 3.2828e-03, 
 2DIAGNOSTIC,    25, -8.214462646457e-01, 1.128631674723e-03, 4.4526e-01, 3.5460e-03, 
 2DIAGNOSTIC,    26, -8.227386232830e-01, 9.308034228096e-04, 4.4917e-01, 3.9079e-03, 
 2DIAGNOSTIC,    27, -8.237100407189e-01, 7.464085580400e-04, 4.5466e-01, 5.4870e-03, 
 2DIAGNOSTIC,    28, -8.238016611491e-01, 5.537839313259e-04, 4.5806e-01, 3.3989e-03, 
 2DIAGNOSTIC,    29, -8.241203000566e-01, 4.398941675520e-04, 4.6143e-01, 3.3729e-03, 
 2DIAGNOSTIC,    30, -8.243831700441e-01, 3.370953634830e-04, 4.6468e-01, 3.2480e-03, 
 2DIAGNOSTIC,    31, -8.245279611080e-01, 2.454048222514e-04, 4.6830e-01, 3.6230e-03, 
 2DIAGNOSTIC,    32, -8.247119199811e-01, 1.804828330760e-04, 4.7172e-01, 3.4220e-03, 
 2DIAGNOSTIC,    33, -8.249405690544e-01, 1.154474264876e-04, 4.7590e-01, 4.1790e-03, 
 2DIAGNOSTIC,    34, -8.249338081716e-01, 7.711745762940e-05, 4.7946e-01, 3.5560e-03, 
 2DIAGNOSTIC,    35, -8.249788230608e-01, 5.095078604745e-05, 4.8316e-01, 3.6991e-03, 
 2DIAGNOSTIC,    36, -8.251490080216e-01, 3.749457387806e-05, 4.8755e-01, 4.3969e-03, 
 2DIAGNOSTIC,    37, -8.253051968840e-01, 3.334911923989e-05, 4.9087e-01, 3.3209e-03, 
 2DIAGNOSTIC,    38, -8.253157357780e-01, 2.733177872318e-05, 4.9462e-01, 3.7448e-03, 
 2DIAGNOSTIC,    39, -8.253283117772e-01, 2.247846812832e-05, 4.9830e-01, 3.6759e-03, 
 2DIAGNOSTIC,    40, -8.253681979499e-01, 1.882007967103e-05, 5.0234e-01, 4.0400e-03, 
 2DIAGNOSTIC,    41, -8.253931928015e-01, 1.519599000645e-05, 5.0559e-01, 3.2551e-03, 
 2DIAGNOSTIC,    42, -8.254032373010e-01, 1.210213695495e-05, 5.0931e-01, 3.7179e-03, 
 2DIAGNOSTIC,    43, -8.254112653655e-01, 1.024867164886e-05, 5.1424e-01, 4.9350e-03, 
 2DIAGNOSTIC,    44, -8.254132736694e-01, 7.577615501093e-06, 5.1797e-01, 3.7260e-03, 
 2DIAGNOSTIC,    45, -8.254252201815e-01, 4.848797107111e-06, 5.2137e-01, 3.3979e-03, 
 2DIAGNOSTIC,    46, -8.254596712860e-01, 3.524089337820e-06, 5.2470e-01, 3.3290e-03, 
 2DIAGNOSTIC,    47, -8.254690854149e-01, 3.337942422455e-06, 5.2807e-01, 3.3691e-03, 
 2DIAGNOSTIC,    48, -8.254835356918e-01, 3.116668965263e-06, 5.3135e-01, 3.2880e-03, 
 2DIAGNOSTIC,    49, -8.255367263391e-01, 3.183115476611e-06, 5.3553e-01, 4.1718e-03, 
 2DIAGNOSTIC,    50, -8.255517813213e-01, 3.412004725159e-06, 5.4005e-01, 4.5280e-03, 
 2DIAGNOSTIC,    51, -8.255576513554e-01, 3.597677815152e-06, 5.4402e-01, 3.9639e-03, 
 2DIAGNOSTIC,    52, -8.255905634128e-01, 3.812381276141e-06, 5.4827e-01, 4.2510e-03, 
 2DIAGNOSTIC,    53, -8.256440560637e-01, 4.151496477870e-06, 5.5200e-01, 3.7270e-03, 
 2DIAGNOSTIC,    54, -8.256481200247e-01, 4.171626323868e-06, 5.5546e-01, 3.4630e-03, 
 2DIAGNOSTIC,    55, -8.256528036176e-01, 3.965950113219e-06, 5.6048e-01, 5.0189e-03, 
 2DIAGNOSTIC,    56, -8.256534711774e-01, 3.692142134311e-06, 5.6470e-01, 4.2241e-03, 
 2DIAGNOSTIC,    57, -8.256535157872e-01, 3.194696664915e-06, 5.6850e-01, 3.7940e-03, 
 2DIAGNOSTIC,    58, -8.256536461285e-01, 2.547258469144e-06, 5.7231e-01, 3.8102e-03, 
 2DIAGNOSTIC,    59, -8.256540064632e-01, 2.074384099687e-06, 5.7606e-01, 3.7551e-03, 
 2DIAGNOSTIC,    60, -8.256544315200e-01, 1.577854711006e-06, 5.7951e-01, 3.4449e-03, 
 2DIAGNOSTIC,    61, -8.256548007832e-01, 1.038934881677e-06, 5.8984e-01, 1.0330e-02, 
DIAGNOSTIC,Iteration,metricValue,convergenceValue,ITERATION_TIME_INDEX,SINCE_LAST
 2DIAGNOSTIC,     1, -6.903678041823e-01, 1.797693134862e+308, 9.8239e-01, 3.9255e-01, 
 2DIAGNOSTIC,     2, -6.907343582284e-01, 1.797693134862e+308, 1.0072e+00, 2.4793e-02, 
 2DIAGNOSTIC,     3, -6.911533276109e-01, 1.797693134862e+308, 1.0315e+00, 2.4293e-02, 
 2DIAGNOSTIC,     4, -6.917761888058e-01, 1.797693134862e+308, 1.0560e+00, 2.4540e-02, 
 2DIAGNOSTIC,     5, -6.925092958116e-01, 1.797693134862e+308, 1.0811e+00, 2.5061e-02, 
 2DIAGNOSTIC,     6, -6.933317955268e-01, 1.797693134862e+308, 1.1070e+00, 2.5956e-02, 
 2DIAGNOSTIC,     7, -6.934750369308e-01, 1.797693134862e+308, 1.1439e+00, 3.6888e-02, 
 2DIAGNOSTIC,     8, -6.935077501746e-01, 1.797693134862e+308, 1.1721e+00, 2.8212e-02, 
 2DIAGNOSTIC,     9, -6.935326678619e-01, 1.797693134862e+308, 1.1998e+00, 2.7631e-02, 
 2DIAGNOSTIC,    10, -6.935384139702e-01, 3.396619379530e-04, 1.2245e+00, 2.4734e-02, 
 2DIAGNOSTIC,    11, -6.936212872075e-01, 2.526307948391e-04, 1.2488e+00, 2.4271e-02, 
 2DIAGNOSTIC,    12, -6.936291360644e-01, 1.705375427670e-04, 1.2758e+00, 2.7024e-02, 
 2DIAGNOSTIC,    13, -6.936330128824e-01, 9.940926958407e-05, 1.3113e+00, 3.5544e-02, 
 2DIAGNOSTIC,    14, -6.936342392212e-01, 4.770364750202e-05, 1.3383e+00, 2.7004e-02, 
 2DIAGNOSTIC,    15, -6.936232908655e-01, 1.791026468161e-05, 1.3631e+00, 2.4813e-02, 
 2DIAGNOSTIC,    16, -6.936509568796e-01, 1.208182474885e-05, 1.3878e+00, 2.4682e-02, 
 2DIAGNOSTIC,    17, -6.936598477342e-01, 9.635474172660e-06, 1.4128e+00, 2.4990e-02, 
 2DIAGNOSTIC,    18, -6.936626123690e-01, 7.564129383915e-06, 1.4373e+00, 2.4459e-02, 
 2DIAGNOSTIC,    19, -6.936633597315e-01, 5.759285519658e-06, 1.4664e+00, 2.9133e-02, 
 2DIAGNOSTIC,    20, -6.936634179858e-01, 3.833949099134e-06, 1.5166e+00, 5.0152e-02, 
 2DIAGNOSTIC,    21, -6.936634188863e-01, 3.490625904323e-06, 1.5408e+00, 2.4240e-02, 
 2DIAGNOSTIC,    22, -6.936634244546e-01, 3.130777138753e-06, 1.5660e+00, 2.5167e-02, 
 2DIAGNOSTIC,    23, -6.936634319519e-01, 2.717577300422e-06, 1.5919e+00, 2.5978e-02, 
 2DIAGNOSTIC,    24, -6.936634388422e-01, 2.248060562628e-06, 1.6181e+00, 2.6194e-02, 
 2DIAGNOSTIC,    25, -6.936634406544e-01, 1.539478791834e-06, 1.6989e+00, 8.0760e-02, 
 2DIAGNOSTIC,    26, -6.936634406542e-01, 1.293397483032e-06, 1.7588e+00, 5.9933e-02, 
 2DIAGNOSTIC,    27, -6.936634406542e-01, 1.193010645974e-06, 1.7919e+00, 3.3049e-02, 
 2DIAGNOSTIC,    28, -6.936634406542e-01, 1.138649885463e-06, 1.8196e+00, 2.7731e-02, 
 2DIAGNOSTIC,    29, -6.936634406542e-01, 1.098409591525e-06, 1.8478e+00, 2.8158e-02, 
 2DIAGNOSTIC,    30, -6.936634406542e-01, 1.061574456070e-06, 1.8786e+00, 3.0828e-02, 
 2DIAGNOSTIC,    31, -6.936634406542e-01, 1.027074132895e-06, 1.9095e+00, 3.0875e-02, 
DIAGNOSTIC,Iteration,metricValue,convergenceValue,ITERATION_TIME_INDEX,SINCE_LAST
 2DIAGNOSTIC,     1, -5.916022689261e-01, 1.797693134862e+308, 2.5321e+00, 6.2265e-01, 
 2DIAGNOSTIC,     2, -5.919777379288e-01, 1.797693134862e+308, 2.7077e+00, 1.7553e-01, 
 2DIAGNOSTIC,     3, -5.922913732902e-01, 1.797693134862e+308, 2.8918e+00, 1.8415e-01, 
 2DIAGNOSTIC,     4, -5.925777847864e-01, 1.797693134862e+308, 3.0623e+00, 1.7050e-01, 
 2DIAGNOSTIC,     5, -5.929093577254e-01, 1.797693134862e+308, 3.2385e+00, 1.7621e-01, 
 2DIAGNOSTIC,     6, -5.930022359115e-01, 1.797693134862e+308, 3.4150e+00, 1.7646e-01, 
 2DIAGNOSTIC,     7, -5.930340123171e-01, 1.797693134862e+308, 3.6912e+00, 2.7621e-01, 
 2DIAGNOSTIC,     8, -5.930557173753e-01, 1.797693134862e+308, 3.9344e+00, 2.4325e-01, 
 2DIAGNOSTIC,     9, -5.930553812598e-01, 1.797693134862e+308, 4.1521e+00, 2.1766e-01, 
 2DIAGNOSTIC,    10, -5.930545060618e-01, 1.546560487030e-04, 4.3493e+00, 1.9718e-01, 
 2DIAGNOSTIC,    11, -5.930512183902e-01, 9.657754773772e-05, 4.5231e+00, 1.7384e-01, 
 2DIAGNOSTIC,    12, -5.930518553641e-01, 5.477225503150e-05, 4.6996e+00, 1.7647e-01, 
 2DIAGNOSTIC,    13, -5.930516177522e-01, 2.613501365926e-05, 4.8933e+00, 1.9367e-01, 
 2DIAGNOSTIC,    14, -5.930512864490e-01, 8.963474385074e-06, 5.0705e+00, 1.7725e-01, 
 2DIAGNOSTIC,    15, -5.930514727554e-01, 4.015671478619e-06, 5.2676e+00, 1.9710e-01, 
 2DIAGNOSTIC,    16, -5.930520122269e-01, 2.293803614037e-06, 5.4837e+00, 2.1606e-01, 
 2DIAGNOSTIC,    17, -5.930502850760e-01, 1.575428382083e-06, 5.6795e+00, 1.9580e-01, 
 2DIAGNOSTIC,    18, -5.930496830646e-01, 1.526542402715e-06, 5.8483e+00, 1.6881e-01, 
 2DIAGNOSTIC,    19, -5.930495105653e-01, 1.492506217150e-06, 6.0212e+00, 1.7288e-01, 
 2DIAGNOSTIC,    20, -5.930513174874e-01, 1.502671130763e-06, 6.1903e+00, 1.6917e-01, 
 2DIAGNOSTIC,    21, -5.930521926441e-01, 1.462892730723e-06, 6.3795e+00, 1.8914e-01, 
 2DIAGNOSTIC,    22, -5.930546222363e-01, 1.499072095998e-06, 6.5681e+00, 1.8860e-01, 
 2DIAGNOSTIC,    23, -5.930543087332e-01, 1.515859493914e-06, 6.7321e+00, 1.6401e-01, 
 2DIAGNOSTIC,    24, -5.930529294106e-01, 1.485145456996e-06, 6.9042e+00, 1.7218e-01, 
 2DIAGNOSTIC,    25, -5.930542455021e-01, 1.470655407364e-06, 7.0676e+00, 1.6331e-01, 
 2DIAGNOSTIC,    26, -5.930562797930e-01, 1.485183157006e-06, 7.2550e+00, 1.8748e-01, 
 2DIAGNOSTIC,    27, -5.930534765939e-01, 1.392461432943e-06, 7.4620e+00, 2.0698e-01, 
 2DIAGNOSTIC,    28, -5.930515564701e-01, 1.245885491892e-06, 7.6884e+00, 2.2638e-01, 
 2DIAGNOSTIC,    29, -5.930493412987e-01, 1.060803192544e-06, 7.8931e+00, 2.0468e-01, 
DIAGNOSTIC,Iteration,metricValue,convergenceValue,ITERATION_TIME_INDEX,SINCE_LAST
 2DIAGNOSTIC,     1, -5.262115681125e-01, 1.797693134862e+308, 9.8771e+00, 1.9840e+00, 
 2DIAGNOSTIC,     2, -5.265360118308e-01, 1.797693134862e+308, 1.1127e+01, 1.2503e+00, 
 2DIAGNOSTIC,     3, -5.267809800416e-01, 1.797693134862e+308, 1.2339e+01, 1.2118e+00, 
 2DIAGNOSTIC,     4, -5.270130813079e-01, 1.797693134862e+308, 1.3563e+01, 1.2241e+00, 
 2DIAGNOSTIC,     5, -5.272647835645e-01, 1.797693134862e+308, 1.5027e+01, 1.4639e+00, 
 2DIAGNOSTIC,     6, -5.273927481097e-01, 1.797693134862e+308, 1.7403e+01, 2.3755e+00, 
 2DIAGNOSTIC,     7, -5.273939623766e-01, 1.797693134862e+308, 1.8628e+01, 1.2251e+00, 
 2DIAGNOSTIC,     8, -5.273954473471e-01, 1.797693134862e+308, 1.9852e+01, 1.2239e+00, 
 2DIAGNOSTIC,     9, -5.273974837978e-01, 1.797693134862e+308, 2.1068e+01, 1.2166e+00, 
 2DIAGNOSTIC,    10, -5.274001336999e-01, 1.418431575141e-04, 2.2288e+01, 1.2197e+00, 
 2DIAGNOSTIC,    11, -5.274040034271e-01, 8.818165640678e-05, 2.3493e+01, 1.2048e+00, 
 2DIAGNOSTIC,    12, -5.274117104509e-01, 5.071465072991e-05, 2.4718e+01, 1.2255e+00, 
 2DIAGNOSTIC,    13, -5.274208627353e-01, 2.514349906191e-05, 2.5943e+01, 1.2244e+00, 
 2DIAGNOSTIC,    14, -5.274251720549e-01, 1.004578325560e-05, 2.7422e+01, 1.4794e+00, 
 2DIAGNOSTIC,    15, -5.274247640861e-01, 5.155119772768e-06, 2.8780e+01, 1.3583e+00, 
 2DIAGNOSTIC,    16, -5.274249238900e-01, 4.918968243728e-06, 3.0516e+01, 1.7355e+00, 
 2DIAGNOSTIC,    17, -5.274247107565e-01, 4.469669749520e-06, 3.2002e+01, 1.4860e+00, 
 2DIAGNOSTIC,    18, -5.274245933256e-01, 3.866450150873e-06, 3.3489e+01, 1.4874e+00, 
 2DIAGNOSTIC,    19, -5.274245706559e-01, 3.189253191281e-06, 3.4851e+01, 1.3617e+00, 
 2DIAGNOSTIC,    20, -5.274245474369e-01, 2.513020116210e-06, 3.6197e+01, 1.3460e+00, 
 2DIAGNOSTIC,    21, -5.274244959756e-01, 1.912244596794e-06, 3.7555e+01, 1.3578e+00, 
 2DIAGNOSTIC,    22, -5.274243484869e-01, 1.509034891482e-06, 3.8914e+01, 1.3595e+00, 
 2DIAGNOSTIC,    23, -5.274243006363e-01, 1.345591665695e-06, 4.0265e+01, 1.3506e+00, 
 2DIAGNOSTIC,    24, -5.274241139396e-01, 1.292130399094e-06, 4.1619e+01, 1.3539e+00, 
 2DIAGNOSTIC,    25, -5.274240870159e-01, 1.236600212111e-06, 4.2849e+01, 1.2304e+00, 
 2DIAGNOSTIC,    26, -5.274241294953e-01, 1.193008746223e-06, 4.4201e+01, 1.3514e+00, 
 2DIAGNOSTIC,    27, -5.274239811748e-01, 1.148348837868e-06, 4.5818e+01, 1.6171e+00, 
 2DIAGNOSTIC,    28, -5.274237499565e-01, 1.103119876798e-06, 4.7160e+01, 1.3426e+00, 
 2DIAGNOSTIC,    29, -5.274237675087e-01, 1.064175199676e-06, 4.8378e+01, 1.2178e+00, 
 2DIAGNOSTIC,    30, -5.274236679342e-01, 1.028634600067e-06, 4.9571e+01, 1.1923e+00, 
  Elapsed time (stage 1): 5.0439e+01


Stage 2
  iterations = 100x70x50x20
  convergence threshold = 1.0000e-06
  convergence window size = 10
  number of levels = 4
  using the CC metric (radius = 4, weight = 1.0000e+00, use gradient filter = 0)
  preprocessing:  winsorizing the image intensities
  Shrink factors (level 1 out of 4): [8, 8, 8]
  Shrink factors (level 2 out of 4): [4, 4, 4]
  Shrink factors (level 3 out of 4): [2, 2, 2]
  Shrink factors (level 4 out of 4): [1, 1, 1]
  smoothing sigmas per level: [3, 2, 1, 0]
  Using default NONE metricSamplingStrategy 

*** Running SyN registration (varianceForUpdateField = 3.0000e+00, varianceForTotalField = 0.0000e+00) ***

XXDIAGNOSTIC,Iteration,metricValue,convergenceValue,ITERATION_TIME_INDEX,SINCE_LAST
 1DIAGNOSTIC,     1, -9.166863305777e-01, 1.797693134862e+308, 4.5254e-01, 4.5254e-01, 
 1DIAGNOSTIC,     2, -9.253660915914e-01, 1.797693134862e+308, 6.0392e-01, 1.5139e-01, 
 1DIAGNOSTIC,     3, -9.324046825561e-01, 1.797693134862e+308, 7.5654e-01, 1.5262e-01, 
 1DIAGNOSTIC,     4, -9.370527835450e-01, 1.797693134862e+308, 9.1156e-01, 1.5502e-01, 
 1DIAGNOSTIC,     5, -9.406319074224e-01, 1.797693134862e+308, 1.0627e+00, 1.5113e-01, 
 1DIAGNOSTIC,     6, -9.430129602220e-01, 1.797693134862e+308, 1.2144e+00, 1.5173e-01, 
 1DIAGNOSTIC,     7, -9.450735782203e-01, 1.797693134862e+308, 1.3664e+00, 1.5196e-01, 
 1DIAGNOSTIC,     8, -9.469618630818e-01, 1.797693134862e+308, 1.5192e+00, 1.5283e-01, 
 1DIAGNOSTIC,     9, -9.486067011916e-01, 1.797693134862e+308, 1.6694e+00, 1.5022e-01, 
 1DIAGNOSTIC,    10, -9.501342413341e-01, 2.065571538588e-03, 1.8245e+00, 1.5503e-01, 
 1DIAGNOSTIC,    11, -9.514077995065e-01, 1.458355402250e-03, 1.9809e+00, 1.5646e-01, 
 1DIAGNOSTIC,    12, -9.525466934493e-01, 1.066955794972e-03, 2.1397e+00, 1.5876e-01, 
 1DIAGNOSTIC,    13, -9.535760276766e-01, 8.256126477573e-04, 2.2934e+00, 1.5373e-01, 
 1DIAGNOSTIC,    14, -9.544102399722e-01, 6.608391060621e-04, 2.4494e+00, 1.5600e-01, 
 1DIAGNOSTIC,    15, -9.551692297014e-01, 5.444588102642e-04, 2.6113e+00, 1.6193e-01, 
 1DIAGNOSTIC,    16, -9.558722897478e-01, 4.504217046486e-04, 2.7672e+00, 1.5590e-01, 
 1DIAGNOSTIC,    17, -9.564972940511e-01, 3.732083524111e-04, 2.9201e+00, 1.5290e-01, 
 1DIAGNOSTIC,    18, -9.570772554251e-01, 3.110961971760e-04, 3.0794e+00, 1.5924e-01, 
 1DIAGNOSTIC,    19, -9.576113802750e-01, 2.609407791290e-04, 3.2352e+00, 1.5585e-01, 
 1DIAGNOSTIC,    20, -9.580909328068e-01, 2.215568883524e-04, 3.3919e+00, 1.5661e-01, 
 1DIAGNOSTIC,    21, -9.586049223875e-01, 1.907091820143e-04, 3.5474e+00, 1.5555e-01, 
 1DIAGNOSTIC,    22, -9.589896381676e-01, 1.654944089993e-04, 3.7027e+00, 1.5532e-01, 
 1DIAGNOSTIC,    23, -9.593336318041e-01, 1.448585440495e-04, 3.8609e+00, 1.5823e-01, 
 1DIAGNOSTIC,    24, -9.596395716770e-01, 1.265849683440e-04, 4.0169e+00, 1.5594e-01, 
 1DIAGNOSTIC,    25, -9.598868097484e-01, 1.099193732122e-04, 4.1716e+00, 1.5476e-01, 
 1DIAGNOSTIC,    26, -9.601320040466e-01, 9.511167028321e-05, 4.3264e+00, 1.5476e-01, 
 1DIAGNOSTIC,    27, -9.603537662866e-01, 8.183002416531e-05, 4.4871e+00, 1.6068e-01, 
 1DIAGNOSTIC,    28, -9.605531291339e-01, 7.012981967781e-05, 4.6456e+00, 1.5853e-01, 
 1DIAGNOSTIC,    29, -9.607237097476e-01, 5.991539341979e-05, 4.7991e+00, 1.5350e-01, 
 1DIAGNOSTIC,    30, -9.608830336647e-01, 5.109694621490e-05, 4.9546e+00, 1.5548e-01, 
 1DIAGNOSTIC,    31, -9.609903453061e-01, 4.403712276638e-05, 5.1104e+00, 1.5580e-01, 
 1DIAGNOSTIC,    32, -9.611268949388e-01, 3.815764148336e-05, 5.2688e+00, 1.5845e-01, 
 1DIAGNOSTIC,    33, -9.612543149200e-01, 3.331858408490e-05, 5.4238e+00, 1.5498e-01, 
 1DIAGNOSTIC,    34, -9.613712173406e-01, 2.936408345435e-05, 5.5801e+00, 1.5628e-01, 
 1DIAGNOSTIC,    35, -9.614804925647e-01, 2.593888752525e-05, 5.7352e+00, 1.5509e-01, 
 1DIAGNOSTIC,    36, -9.615833414659e-01, 2.317918188920e-05, 5.8867e+00, 1.5153e-01, 
 1DIAGNOSTIC,    37, -9.616790721516e-01, 2.097591115350e-05, 6.0390e+00, 1.5233e-01, 
 1DIAGNOSTIC,    38, -9.617648952993e-01, 1.918038725989e-05, 6.1946e+00, 1.5554e-01, 
 1DIAGNOSTIC,    39, -9.618418331370e-01, 1.759504041054e-05, 6.3466e+00, 1.5203e-01, 
 1DIAGNOSTIC,    40, -9.619147330041e-01, 1.620812394498e-05, 6.5035e+00, 1.5688e-01, 
 1DIAGNOSTIC,    41, -9.619836966557e-01, 1.468042383250e-05, 6.6566e+00, 1.5315e-01, 
 1DIAGNOSTIC,    42, -9.620505843907e-01, 1.332329774302e-05, 6.8076e+00, 1.5100e-01, 
 1DIAGNOSTIC,    43, -9.621150830710e-01, 1.214289057033e-05, 6.9652e+00, 1.5758e-01, 
 1DIAGNOSTIC,    44, -9.621778123500e-01, 1.112828759753e-05, 7.1159e+00, 1.5069e-01, 
 1DIAGNOSTIC,    45, -9.622373866979e-01, 1.026772614271e-05, 7.2698e+00, 1.5385e-01, 
 1DIAGNOSTIC,    46, -9.622942461436e-01, 9.550814326034e-06, 7.4257e+00, 1.5593e-01, 
 1DIAGNOSTIC,    47, -9.623484420518e-01, 8.954622370043e-06, 7.5854e+00, 1.5971e-01, 
 1DIAGNOSTIC,    48, -9.624001795543e-01, 8.433557269108e-06, 7.7382e+00, 1.5277e-01, 
 1DIAGNOSTIC,    49, -9.624498632575e-01, 7.948971010661e-06, 7.9023e+00, 1.6409e-01, 
 1DIAGNOSTIC,    50, -9.624967387743e-01, 7.488386643724e-06, 8.0564e+00, 1.5415e-01, 
 1DIAGNOSTIC,    51, -9.625420218849e-01, 7.047450548334e-06, 8.2093e+00, 1.5285e-01, 
 1DIAGNOSTIC,    52, -9.625853507464e-01, 6.630307785239e-06, 8.3600e+00, 1.5072e-01, 
 1DIAGNOSTIC,    53, -9.626264368968e-01, 6.236657491696e-06, 8.5202e+00, 1.6022e-01, 
 1DIAGNOSTIC,    54, -9.626662274587e-01, 5.874469089086e-06, 8.6780e+00, 1.5781e-01, 
 1DIAGNOSTIC,    55, -9.627049612688e-01, 5.543110917352e-06, 8.8327e+00, 1.5469e-01, 
 1DIAGNOSTIC,    56, -9.627418044990e-01, 5.238171804634e-06, 8.9850e+00, 1.5226e-01, 
 1DIAGNOSTIC,    57, -9.627776582393e-01, 4.959287300065e-06, 9.1476e+00, 1.6262e-01, 
 1DIAGNOSTIC,    58, -9.628121214695e-01, 4.703490904666e-06, 9.3072e+00, 1.5957e-01, 
 1DIAGNOSTIC,    59, -9.628453818086e-01, 4.469828659016e-06, 9.4648e+00, 1.5763e-01, 
 1DIAGNOSTIC,    60, -9.628775233152e-01, 4.252584505583e-06, 9.6200e+00, 1.5518e-01, 
 1DIAGNOSTIC,    61, -9.629088227347e-01, 4.052985571702e-06, 9.7836e+00, 1.6362e-01, 
 1DIAGNOSTIC,    62, -9.629387939657e-01, 3.867152900603e-06, 9.9388e+00, 1.5523e-01, 
 1DIAGNOSTIC,    63, -9.629672765520e-01, 3.688559155151e-06, 1.0093e+01, 1.5412e-01, 
 1DIAGNOSTIC,    64, -9.629940969429e-01, 3.514546738984e-06, 1.0253e+01, 1.5988e-01, 
 1DIAGNOSTIC,    65, -9.630198409470e-01, 3.346580985924e-06, 1.0412e+01, 1.5869e-01, 
 1DIAGNOSTIC,    66, -9.630448037339e-01, 3.183315963582e-06, 1.0570e+01, 1.5822e-01, 
 1DIAGNOSTIC,    67, -9.630688881780e-01, 3.027171893041e-06, 1.0724e+01, 1.5431e-01, 
 1DIAGNOSTIC,    68, -9.630918226145e-01, 2.877367999241e-06, 1.0878e+01, 1.5368e-01, 
 1DIAGNOSTIC,    69, -9.631140801311e-01, 2.735869712773e-06, 1.1036e+01, 1.5839e-01, 
 1DIAGNOSTIC,    70, -9.631360583321e-01, 2.606000412244e-06, 1.1193e+01, 1.5647e-01, 
 1DIAGNOSTIC,    71, -9.631574732614e-01, 2.490103328165e-06, 1.1343e+01, 1.5072e-01, 
 1DIAGNOSTIC,    72, -9.631734365231e-01, 2.367389235008e-06, 1.1495e+01, 1.5188e-01, 
 1DIAGNOSTIC,    73, -9.631925268760e-01, 2.254062145239e-06, 1.1648e+01, 1.5289e-01, 
 1DIAGNOSTIC,    74, -9.632033890828e-01, 2.117312346134e-06, 1.1804e+01, 1.5640e-01, 
 1DIAGNOSTIC,    75, -9.632210330398e-01, 1.991628955920e-06, 1.1960e+01, 1.5513e-01, 
 1DIAGNOSTIC,    76, -9.632378870999e-01, 1.879010010270e-06, 1.2112e+01, 1.5282e-01, 
 1DIAGNOSTIC,    77, -9.632540628801e-01, 1.781556420012e-06, 1.2271e+01, 1.5823e-01, 
 1DIAGNOSTIC,    78, -9.632695062198e-01, 1.699044286480e-06, 1.2430e+01, 1.5941e-01, 
 1DIAGNOSTIC,    79, -9.632847634452e-01, 1.633465845748e-06, 1.2584e+01, 1.5427e-01, 
 1DIAGNOSTIC,    80, -9.632993508972e-01, 1.584564002866e-06, 1.2743e+01, 1.5911e-01, 
 1DIAGNOSTIC,    81, -9.633132384013e-01, 1.550037178092e-06, 1.2900e+01, 1.5614e-01, 
 1DIAGNOSTIC,    82, -9.633258771963e-01, 1.506374199297e-06, 1.3064e+01, 1.6461e-01, 
 1DIAGNOSTIC,    83, -9.633358973400e-01, 1.459311023088e-06, 1.3219e+01, 1.5435e-01, 
 1DIAGNOSTIC,    84, -9.633440989899e-01, 1.375735043501e-06, 1.3380e+01, 1.6098e-01, 
 1DIAGNOSTIC,    85, -9.633508304814e-01, 1.281920035507e-06, 1.3540e+01, 1.6096e-01, 
 1DIAGNOSTIC,    86, -9.633562790176e-01, 1.178590708245e-06, 1.3696e+01, 1.5564e-01, 
 1DIAGNOSTIC,    87, -9.633608304292e-01, 1.069355934294e-06, 1.3848e+01, 1.5213e-01, 
 1DIAGNOSTIC,    88, -9.633643842135e-01, 9.579306671850e-07, 1.4011e+01, 1.6227e-01, 
XXDIAGNOSTIC,Iteration,metricValue,convergenceValue,ITERATION_TIME_INDEX,SINCE_LAST
 1DIAGNOSTIC,     1, -8.934042458109e-01, 1.797693134862e+308, 1.5558e+01, 1.5475e+00, 
 1DIAGNOSTIC,     2, -8.959086908679e-01, 1.797693134862e+308, 1.6801e+01, 1.2430e+00, 
 1DIAGNOSTIC,     3, -8.985871201030e-01, 1.797693134862e+308, 1.8037e+01, 1.2359e+00, 
 1DIAGNOSTIC,     4, -9.011601886410e-01, 1.797693134862e+308, 1.9262e+01, 1.2253e+00, 
 1DIAGNOSTIC,     5, -9.036489048319e-01, 1.797693134862e+308, 2.0493e+01, 1.2307e+00, 
 1DIAGNOSTIC,     6, -9.061303095213e-01, 1.797693134862e+308, 2.1713e+01, 1.2202e+00, 
 1DIAGNOSTIC,     7, -9.082979997259e-01, 1.797693134862e+308, 2.2939e+01, 1.2262e+00, 
 1DIAGNOSTIC,     8, -9.103204765136e-01, 1.797693134862e+308, 2.4190e+01, 1.2509e+00, 
 1DIAGNOSTIC,     9, -9.122406842892e-01, 1.797693134862e+308, 2.5413e+01, 1.2228e+00, 
 1DIAGNOSTIC,    10, -9.140645725395e-01, 1.477328491028e-03, 2.6642e+01, 1.2286e+00, 
 1DIAGNOSTIC,    11, -9.156624398990e-01, 1.273565467517e-03, 2.7897e+01, 1.2549e+00, 
 1DIAGNOSTIC,    12, -9.171696744074e-01, 1.093643527042e-03, 2.9141e+01, 1.2445e+00, 
 1DIAGNOSTIC,    13, -9.183870326997e-01, 9.359444871886e-04, 3.0373e+01, 1.2315e+00, 
 1DIAGNOSTIC,    14, -9.195143777327e-01, 7.979949166443e-04, 3.1601e+01, 1.2287e+00, 
 1DIAGNOSTIC,    15, -9.205760631308e-01, 6.790047838489e-04, 3.2857e+01, 1.2553e+00, 
 1DIAGNOSTIC,    16, -9.215469668881e-01, 5.795779794555e-04, 3.4090e+01, 1.2333e+00, 
 1DIAGNOSTIC,    17, -9.224081345083e-01, 4.937546328668e-04, 3.5338e+01, 1.2483e+00, 
 1DIAGNOSTIC,    18, -9.232102042302e-01, 4.205291211326e-04, 3.6587e+01, 1.2489e+00, 
 1DIAGNOSTIC,    19, -9.239700988725e-01, 3.597416322539e-04, 3.7822e+01, 1.2344e+00, 
 1DIAGNOSTIC,    20, -9.247278119359e-01, 3.115571922764e-04, 3.9061e+01, 1.2398e+00, 
 1DIAGNOSTIC,    21, -9.254757527544e-01, 2.734293135932e-04, 4.0313e+01, 1.2515e+00, 
 1DIAGNOSTIC,    22, -9.261772903483e-01, 2.443063217526e-04, 4.1542e+01, 1.2289e+00, 
 1DIAGNOSTIC,    23, -9.268272149447e-01, 2.199732782260e-04, 4.2774e+01, 1.2326e+00, 
 1DIAGNOSTIC,    24, -9.274295443293e-01, 1.993250482583e-04, 4.4015e+01, 1.2405e+00, 
 1DIAGNOSTIC,    25, -9.279917897071e-01, 1.816748832356e-04, 4.5277e+01, 1.2625e+00, 
 1DIAGNOSTIC,    26, -9.285102431070e-01, 1.659889679600e-04, 4.6509e+01, 1.2317e+00, 
 1DIAGNOSTIC,    27, -9.289939925196e-01, 1.512229225614e-04, 4.7749e+01, 1.2398e+00, 
 1DIAGNOSTIC,    28, -9.294480276588e-01, 1.371220317520e-04, 4.8978e+01, 1.2296e+00, 
 1DIAGNOSTIC,    29, -9.298622681275e-01, 1.235566183181e-04, 5.0215e+01, 1.2368e+00, 
 1DIAGNOSTIC,    30, -9.302400032590e-01, 1.109041326828e-04, 5.1449e+01, 1.2341e+00, 
 1DIAGNOSTIC,    31, -9.306026118365e-01, 9.963950045726e-05, 5.2691e+01, 1.2417e+00, 
 1DIAGNOSTIC,    32, -9.309356471645e-01, 8.962477014163e-05, 5.3937e+01, 1.2462e+00, 
 1DIAGNOSTIC,    33, -9.312478718016e-01, 8.072633470737e-05, 5.5184e+01, 1.2466e+00, 
 1DIAGNOSTIC,    34, -9.315364063772e-01, 7.278866283753e-05, 5.6416e+01, 1.2321e+00, 
 1DIAGNOSTIC,    35, -9.318005316486e-01, 6.569450176067e-05, 5.7667e+01, 1.2515e+00, 
 1DIAGNOSTIC,    36, -9.320374080557e-01, 5.924222648102e-05, 5.8912e+01, 1.2443e+00, 
 1DIAGNOSTIC,    37, -9.322550033346e-01, 5.337097792837e-05, 6.0163e+01, 1.2513e+00, 
 1DIAGNOSTIC,    38, -9.324564672334e-01, 4.807335051026e-05, 6.1425e+01, 1.2620e+00, 
 1DIAGNOSTIC,    39, -9.326414189699e-01, 4.323428735344e-05, 6.2682e+01, 1.2566e+00, 
 1DIAGNOSTIC,    40, -9.328064095175e-01, 3.872827869873e-05, 6.3918e+01, 1.2367e+00, 
 1DIAGNOSTIC,    41, -9.329461558257e-01, 3.455965333118e-05, 6.5191e+01, 1.2731e+00, 
 1DIAGNOSTIC,    42, -9.330654549742e-01, 3.064805892708e-05, 6.6434e+01, 1.2425e+00, 
 1DIAGNOSTIC,    43, -9.331688019442e-01, 2.700811880242e-05, 6.7677e+01, 1.2426e+00, 
 1DIAGNOSTIC,    44, -9.332544138140e-01, 2.361184575857e-05, 6.8924e+01, 1.2479e+00, 
 1DIAGNOSTIC,    45, -9.333304108293e-01, 2.048048665259e-05, 7.0163e+01, 1.2383e+00, 
 1DIAGNOSTIC,    46, -9.333960112227e-01, 1.759646558775e-05, 7.1418e+01, 1.2548e+00, 
 1DIAGNOSTIC,    47, -9.334508677586e-01, 1.498223624527e-05, 7.2651e+01, 1.2334e+00, 
 1DIAGNOSTIC,    48, -9.334871669319e-01, 1.261404145503e-05, 7.3896e+01, 1.2447e+00, 
 1DIAGNOSTIC,    49, -9.335240541653e-01, 1.057680756911e-05, 7.5136e+01, 1.2404e+00, 
 1DIAGNOSTIC,    50, -9.335542361581e-01, 8.857106049913e-06, 7.6382e+01, 1.2461e+00, 
 1DIAGNOSTIC,    51, -9.335790236127e-01, 7.397165251031e-06, 7.7620e+01, 1.2382e+00, 
 1DIAGNOSTIC,    52, -9.336004785920e-01, 6.167116551485e-06, 7.8854e+01, 1.2338e+00, 
 1DIAGNOSTIC,    53, -9.336181053891e-01, 5.146160245356e-06, 8.0078e+01, 1.2243e+00, 
 1DIAGNOSTIC,    54, -9.336368752082e-01, 4.315050536399e-06, 8.1327e+01, 1.2490e+00, 
 1DIAGNOSTIC,    55, -9.336521912282e-01, 3.660093392373e-06, 8.2564e+01, 1.2372e+00, 
 1DIAGNOSTIC,    56, -9.336665741505e-01, 3.166379885549e-06, 8.3813e+01, 1.2487e+00, 
 1DIAGNOSTIC,    57, -9.336803828421e-01, 2.808252945258e-06, 8.5026e+01, 1.2127e+00, 
 1DIAGNOSTIC,    58, -9.336936980777e-01, 2.505880263220e-06, 8.6272e+01, 1.2456e+00, 
 1DIAGNOSTIC,    59, -9.337072183803e-01, 2.285283735987e-06, 8.7538e+01, 1.2667e+00, 
 1DIAGNOSTIC,    60, -9.337192543780e-01, 2.117961081526e-06, 8.8808e+01, 1.2702e+00, 
 1DIAGNOSTIC,    61, -9.337346696389e-01, 2.004205778009e-06, 9.0026e+01, 1.2180e+00, 
 1DIAGNOSTIC,    62, -9.337516790067e-01, 1.940226462674e-06, 9.1268e+01, 1.2412e+00, 
 1DIAGNOSTIC,    63, -9.337701681763e-01, 1.914676659196e-06, 9.2534e+01, 1.2667e+00, 
 1DIAGNOSTIC,    64, -9.337905167606e-01, 1.940158655823e-06, 9.3781e+01, 1.2467e+00, 
 1DIAGNOSTIC,    65, -9.338128346556e-01, 2.001994400942e-06, 9.5002e+01, 1.2215e+00, 
 1DIAGNOSTIC,    66, -9.338368172524e-01, 2.092816612828e-06, 9.6260e+01, 1.2577e+00, 
 1DIAGNOSTIC,    67, -9.338588197763e-01, 2.187710676869e-06, 9.7529e+01, 1.2690e+00, 
 1DIAGNOSTIC,    68, -9.338856997485e-01, 2.294557325973e-06, 9.8772e+01, 1.2430e+00, 
 1DIAGNOSTIC,    69, -9.339162121455e-01, 2.416153180805e-06, 1.0000e+02, 1.2306e+00, 
 1DIAGNOSTIC,    70, -9.339478729410e-01, 2.534657982044e-06, 1.0122e+02, 1.2179e+00, 
XXDIAGNOSTIC,Iteration,metricValue,convergenceValue,ITERATION_TIME_INDEX,SINCE_LAST
 1DIAGNOSTIC,     1, -8.927944254365e-01, 1.797693134862e+308, 1.1167e+02, 1.0451e+01, 
 1DIAGNOSTIC,     2, -8.947707006653e-01, 1.797693134862e+308, 1.2159e+02, 9.9171e+00, 
 1DIAGNOSTIC,     3, -8.976385436847e-01, 1.797693134862e+308, 1.3150e+02, 9.9111e+00, 
 1DIAGNOSTIC,     4, -9.004418861070e-01, 1.797693134862e+308, 1.4149e+02, 9.9945e+00, 
 1DIAGNOSTIC,     5, -9.027785476690e-01, 1.797693134862e+308, 1.5140e+02, 9.9073e+00, 
 1DIAGNOSTIC,     6, -9.047932641920e-01, 1.797693134862e+308, 1.6146e+02, 1.0059e+01, 
 1DIAGNOSTIC,     7, -9.066999331183e-01, 1.797693134862e+308, 1.7153e+02, 1.0065e+01, 
 1DIAGNOSTIC,     8, -9.085081024358e-01, 1.797693134862e+308, 1.8150e+02, 9.9707e+00, 
 1DIAGNOSTIC,     9, -9.101056051602e-01, 1.797693134862e+308, 1.9162e+02, 1.0124e+01, 
 1DIAGNOSTIC,    10, -9.115709919512e-01, 1.358413816296e-03, 2.0169e+02, 1.0073e+01, 
 1DIAGNOSTIC,    11, -9.129347171011e-01, 1.149402079845e-03, 2.1160e+02, 9.9088e+00, 
 1DIAGNOSTIC,    12, -9.140058483916e-01, 9.511510344695e-04, 2.2157e+02, 9.9721e+00, 
 1DIAGNOSTIC,    13, -9.149469706043e-01, 7.887306031998e-04, 2.3173e+02, 1.0154e+01, 
 1DIAGNOSTIC,    14, -9.157852589987e-01, 6.589538051665e-04, 2.4169e+02, 9.9605e+00, 
 1DIAGNOSTIC,    15, -9.165438170350e-01, 5.506185732696e-04, 2.5188e+02, 1.0195e+01, 
 1DIAGNOSTIC,    16, -9.172291727430e-01, 4.578240932492e-04, 2.6206e+02, 1.0176e+01, 
 1DIAGNOSTIC,    17, -9.178502055605e-01, 3.800416572302e-04, 2.7218e+02, 1.0119e+01, 
 1DIAGNOSTIC,    18, -9.184223721645e-01, 3.169686719971e-04, 2.8232e+02, 1.0142e+01, 
 1DIAGNOSTIC,    19, -9.189570362496e-01, 2.660447938770e-04, 2.9236e+02, 1.0037e+01, 
 1DIAGNOSTIC,    20, -9.194593751296e-01, 2.260093937541e-04, 3.0248e+02, 1.0125e+01, 
 1DIAGNOSTIC,    21, -9.199164604402e-01, 1.956848432449e-04, 3.1258e+02, 1.0100e+01, 
 1DIAGNOSTIC,    22, -9.203312899951e-01, 1.708443239096e-04, 3.2252e+02, 9.9386e+00, 
 1DIAGNOSTIC,    23, -9.207123417501e-01, 1.500574131860e-04, 3.3256e+02, 1.0043e+01, 
 1DIAGNOSTIC,    24, -9.210664914712e-01, 1.323858909280e-04, 3.4255e+02, 9.9912e+00, 
 1DIAGNOSTIC,    25, -9.213995370780e-01, 1.172751340706e-04, 3.5250e+02, 9.9482e+00, 
 1DIAGNOSTIC,    26, -9.217100448749e-01, 1.042150748061e-04, 3.6241e+02, 9.9124e+00, 
 1DIAGNOSTIC,    27, -9.219952334179e-01, 9.275901003033e-05, 3.7251e+02, 1.0099e+01, 
 1DIAGNOSTIC,    28, -9.222545709282e-01, 8.262567149932e-05, 3.8242e+02, 9.9082e+00, 
 1DIAGNOSTIC,    29, -9.224942360743e-01, 7.370908580177e-05, 3.9240e+02, 9.9846e+00, 
 1DIAGNOSTIC,    30, -9.227134828623e-01, 6.591708318587e-05, 4.0234e+02, 9.9322e+00, 
 1DIAGNOSTIC,    31, -9.229176271594e-01, 5.904566311148e-05, 4.1246e+02, 1.0121e+01, 
 1DIAGNOSTIC,    32, -9.231050637375e-01, 5.289017287424e-05, 4.2243e+02, 9.9723e+00, 
 1DIAGNOSTIC,    33, -9.232761970220e-01, 4.732725349017e-05, 4.3258e+02, 1.0147e+01, 
 1DIAGNOSTIC,    34, -9.234365466021e-01, 4.233839296059e-05, 4.4260e+02, 1.0020e+01, 
 1DIAGNOSTIC,    35, -9.235847835595e-01, 3.792179681554e-05, 4.5261e+02, 1.0008e+01, 
 1DIAGNOSTIC,    36, -9.237222338953e-01, 3.404960846011e-05, 4.6268e+02, 1.0078e+01, 
 1DIAGNOSTIC,    37, -9.238524014806e-01, 3.067579148677e-05, 4.7268e+02, 1.0000e+01, 
 1DIAGNOSTIC,    38, -9.239724723484e-01, 2.770264984960e-05, 4.8263e+02, 9.9503e+00, 
 1DIAGNOSTIC,    39, -9.240866792391e-01, 2.510519967016e-05, 4.9260e+02, 9.9707e+00, 
 1DIAGNOSTIC,    40, -9.241930694934e-01, 2.281680984766e-05, 5.0248e+02, 9.8745e+00, 
 1DIAGNOSTIC,    41, -9.242947174827e-01, 2.082516356872e-05, 5.1238e+02, 9.9056e+00, 
 1DIAGNOSTIC,    42, -9.243895579747e-01, 1.907397454346e-05, 5.2254e+02, 1.0155e+01, 
 1DIAGNOSTIC,    43, -9.244802031602e-01, 1.751963460231e-05, 5.3273e+02, 1.0190e+01, 
 1DIAGNOSTIC,    44, -9.245666031747e-01, 1.615015135000e-05, 5.4278e+02, 1.0045e+01, 
 1DIAGNOSTIC,    45, -9.246470122979e-01, 1.492230740174e-05, 5.5302e+02, 1.0247e+01, 
 1DIAGNOSTIC,    46, -9.247255290448e-01, 1.382545482205e-05, 5.6286e+02, 9.8415e+00, 
 1DIAGNOSTIC,    47, -9.247999145054e-01, 1.285063705382e-05, 5.7289e+02, 1.0030e+01, 
 1DIAGNOSTIC,    48, -9.248674559671e-01, 1.194650646701e-05, 5.8310e+02, 1.0206e+01, 
 1DIAGNOSTIC,    49, -9.249323422205e-01, 1.111741174556e-05, 5.9333e+02, 1.0226e+01, 
 1DIAGNOSTIC,    50, -9.249967148037e-01, 1.036337106764e-05, 6.0363e+02, 1.0302e+01, 
XXDIAGNOSTIC,Iteration,metricValue,convergenceValue,ITERATION_TIME_INDEX,SINCE_LAST
 1DIAGNOSTIC,     1, -8.790468230006e-01, 1.797693134862e+308, 6.9393e+02, 9.0298e+01, 
 1DIAGNOSTIC,     2, -8.802745811227e-01, 1.797693134862e+308, 7.7958e+02, 8.5651e+01, 
 1DIAGNOSTIC,     3, -8.818980509047e-01, 1.797693134862e+308, 8.6481e+02, 8.5232e+01, 
 1DIAGNOSTIC,     4, -8.836032040736e-01, 1.797693134862e+308, 9.5284e+02, 8.8028e+01, 
 1DIAGNOSTIC,     5, -8.851820571331e-01, 1.797693134862e+308, 1.0383e+03, 8.5472e+01, 
 1DIAGNOSTIC,     6, -8.866484016223e-01, 1.797693134862e+308, 1.1239e+03, 8.5554e+01, 
 1DIAGNOSTIC,     7, -8.879973255287e-01, 1.797693134862e+308, 1.2120e+03, 8.8107e+01, 
 1DIAGNOSTIC,     8, -8.892621660123e-01, 1.797693134862e+308, 1.2971e+03, 8.5079e+01, 
 1DIAGNOSTIC,     9, -8.904570180108e-01, 1.797693134862e+308, 1.3822e+03, 8.5115e+01, 
 1DIAGNOSTIC,    10, -8.915738479563e-01, 9.302246594413e-04, 1.4691e+03, 8.6933e+01, 
 1DIAGNOSTIC,    11, -8.926352284742e-01, 8.120129102113e-04, 1.5558e+03, 8.6653e+01, 
 1DIAGNOSTIC,    12, -8.935529030820e-01, 6.975496006760e-04, 1.6433e+03, 8.7563e+01, 
 1DIAGNOSTIC,    13, -8.944378575699e-01, 5.990771244950e-04, 1.7292e+03, 8.5929e+01, 
 1DIAGNOSTIC,    14, -8.951697977480e-01, 5.155805559916e-04, 1.8155e+03, 8.6281e+01, 
 1DIAGNOSTIC,    15, -8.958594066905e-01, 4.442264270203e-04, 1.9036e+03, 8.8125e+01, 
 1DIAGNOSTIC,    16, -8.964932903523e-01, 3.827707621560e-04, 1.9902e+03, 8.6594e+01, 
 1DIAGNOSTIC,    17, -8.970965801546e-01, 3.297889019119e-04, 2.0771e+03, 8.6900e+01, 
 1DIAGNOSTIC,    18, -8.976888848702e-01, 2.849958670078e-04, 2.1638e+03, 8.6636e+01, 
 1DIAGNOSTIC,    19, -8.982716179304e-01, 2.482123593920e-04, 2.2505e+03, 8.6745e+01, 
 1DIAGNOSTIC,    20, -8.988188183602e-01, 2.184379169615e-04, 2.3321e+03, 8.1604e+01, 
  Elapsed time (stage 2): 2333


Total elapsed time: 2422
