All_Command_lines_OK
Using double precision for computations.
=============================================================================
The composite transform comprises the following transforms (in order): 
  1. Center of mass alignment using fixed image: /templateflow/tpl-MNI152NLin2009cAsym/tpl-MNI152NLin2009cAsym_res-01_desc-brain_T1w.nii.gz and moving image: /mnt/lustre/mathdugre/ants-amp/datasets/corr/RawDataBIDS/BMB_1/derivatives/antsBrainExtraction/sub-0003038/BrainExtractionBrain.nii.gz (type = Euler3DTransform)
=============================================================================
  number of levels = 4
  number of levels = 4
  number of levels = 4
  fixed image: /templateflow/tpl-MNI152NLin2009cAsym/tpl-MNI152NLin2009cAsym_res-01_desc-brain_T1w.nii.gz
  moving image: /mnt/lustre/mathdugre/ants-amp/datasets/corr/RawDataBIDS/BMB_1/derivatives/antsBrainExtraction/sub-0003038/BrainExtractionBrain.nii.gz
  fixed image: /templateflow/tpl-MNI152NLin2009cAsym/tpl-MNI152NLin2009cAsym_res-01_desc-brain_T1w.nii.gz
  moving image: /mnt/lustre/mathdugre/ants-amp/datasets/corr/RawDataBIDS/BMB_1/derivatives/antsBrainExtraction/sub-0003038/BrainExtractionBrain.nii.gz
  fixed image: /templateflow/tpl-MNI152NLin2009cAsym/tpl-MNI152NLin2009cAsym_res-01_desc-brain_T1w.nii.gz
  moving image: /mnt/lustre/mathdugre/ants-amp/datasets/corr/RawDataBIDS/BMB_1/derivatives/antsBrainExtraction/sub-0003038/BrainExtractionBrain.nii.gz
Dimension = 3
Number of stages = 3
Use histogram matching = false
Winsorize image intensities = true
  Lower quantile = 0.005
  Upper quantile = 0.995


Stage 1 State
   Image metric = MattesMI
     Fixed image = Image (0x5628ba97b360)
  RTTI typeinfo:   itk::Image<double, 3u>
  Reference Count: 2
  Modified Time: 2372
  Debug: Off
  Object Name: 
  Observers: 
    none
  Source: (none)
  Source output name: (none)
  Release Data: Off
  Data Released: False
  Global Release Data: Off
  PipelineMTime: 0
  UpdateMTime: 1981
  RealTimeStamp: 0 seconds 
  LargestPossibleRegion: 
    Dimension: 3
    Index: [0, 0, 0]
    Size: [193, 229, 193]
  BufferedRegion: 
    Dimension: 3
    Index: [0, 0, 0]
    Size: [193, 229, 193]
  RequestedRegion: 
    Dimension: 3
    Index: [0, 0, 0]
    Size: [193, 229, 193]
  Spacing: [1, 1, 1]
  Origin: [96, 132, -78]
  Direction: 
-1 0 0
0 -1 0
0 0 1

  IndexToPointMatrix: 
-1 0 0
0 -1 0
0 0 1

  PointToIndexMatrix: 
-1 0 0
0 -1 0
0 0 1

  Inverse Direction: 
-1 0 0
0 -1 0
0 0 1

  PixelContainer: 
    ImportImageContainer (0x5628ba97ec80)
      RTTI typeinfo:   itk::ImportImageContainer<unsigned long, double>
      Reference Count: 1
      Modified Time: 1978
      Debug: Off
      Object Name: 
      Observers: 
        none
      Pointer: 0x7fe7d2b6a010
      Container manages memory: true
      Size: 8530021
      Capacity: 8530021

     Moving image = Image (0x5628baa88340)
  RTTI typeinfo:   itk::Image<double, 3u>
  Reference Count: 2
  Modified Time: 2373
  Debug: Off
  Object Name: 
  Observers: 
    none
  Source: (none)
  Source output name: (none)
  Release Data: Off
  Data Released: False
  Global Release Data: Off
  PipelineMTime: 0
  UpdateMTime: 2370
  RealTimeStamp: 0 seconds 
  LargestPossibleRegion: 
    Dimension: 3
    Index: [0, 0, 0]
    Size: [176, 256, 256]
  BufferedRegion: 
    Dimension: 3
    Index: [0, 0, 0]
    Size: [176, 256, 256]
  RequestedRegion: 
    Dimension: 3
    Index: [0, 0, 0]
    Size: [176, 256, 256]
  Spacing: [1, 1, 1]
  Origin: [-93.8084, 104.711, -134.135]
  Direction: 
1 0 0
0 -1 0
0 0 1

  IndexToPointMatrix: 
1 0 0
0 -1 0
0 0 1

  PointToIndexMatrix: 
1 0 0
0 -1 0
0 0 1

  Inverse Direction: 
1 0 0
0 -1 0
0 0 1

  PixelContainer: 
    ImportImageContainer (0x5628baa8d710)
      RTTI typeinfo:   itk::ImportImageContainer<unsigned long, double>
      Reference Count: 1
      Modified Time: 2367
      Debug: Off
      Object Name: 
      Observers: 
        none
      Pointer: 0x7fe7cd369010
      Container manages memory: true
      Size: 11534336
      Capacity: 11534336

     Weighting = 1
     Sampling strategy = regular
     Number of bins = 32
     Radius = 4
     Sampling percentage  = 0.25
   Transform = Rigid
     Gradient step = 0.1
     Update field sigma (voxel space) = 0
     Total field sigma (voxel space) = 0
     Update field time sigma = 0
     Total field time sigma  = 0
     Number of time indices = 0
     Number of time point samples = 0
Stage 2 State
   Image metric = MattesMI
     Fixed image = Image (0x5628baacfbd0)
  RTTI typeinfo:   itk::Image<double, 3u>
  Reference Count: 2
  Modified Time: 3150
  Debug: Off
  Object Name: 
  Observers: 
    none
  Source: (none)
  Source output name: (none)
  Release Data: Off
  Data Released: False
  Global Release Data: Off
  PipelineMTime: 0
  UpdateMTime: 2759
  RealTimeStamp: 0 seconds 
  LargestPossibleRegion: 
    Dimension: 3
    Index: [0, 0, 0]
    Size: [193, 229, 193]
  BufferedRegion: 
    Dimension: 3
    Index: [0, 0, 0]
    Size: [193, 229, 193]
  RequestedRegion: 
    Dimension: 3
    Index: [0, 0, 0]
    Size: [193, 229, 193]
  Spacing: [1, 1, 1]
  Origin: [96, 132, -78]
  Direction: 
-1 0 0
0 -1 0
0 0 1

  IndexToPointMatrix: 
-1 0 0
0 -1 0
0 0 1

  PointToIndexMatrix: 
-1 0 0
0 -1 0
0 0 1

  Inverse Direction: 
-1 0 0
0 -1 0
0 0 1

  PixelContainer: 
    ImportImageContainer (0x5628baa8ad80)
      RTTI typeinfo:   itk::ImportImageContainer<unsigned long, double>
      Reference Count: 1
      Modified Time: 2756
      Debug: Off
      Object Name: 
      Observers: 
        none
      Pointer: 0x7fe7c9254010
      Container manages memory: true
      Size: 8530021
      Capacity: 8530021

     Moving image = Image (0x5628baa8b010)
  RTTI typeinfo:   itk::Image<double, 3u>
  Reference Count: 2
  Modified Time: 3151
  Debug: Off
  Object Name: 
  Observers: 
    none
  Source: (none)
  Source output name: (none)
  Release Data: Off
  Data Released: False
  Global Release Data: Off
  PipelineMTime: 0
  UpdateMTime: 3148
  RealTimeStamp: 0 seconds 
  LargestPossibleRegion: 
    Dimension: 3
    Index: [0, 0, 0]
    Size: [176, 256, 256]
  BufferedRegion: 
    Dimension: 3
    Index: [0, 0, 0]
    Size: [176, 256, 256]
  RequestedRegion: 
    Dimension: 3
    Index: [0, 0, 0]
    Size: [176, 256, 256]
  Spacing: [1, 1, 1]
  Origin: [-93.8084, 104.711, -134.135]
  Direction: 
1 0 0
0 -1 0
0 0 1

  IndexToPointMatrix: 
1 0 0
0 -1 0
0 0 1

  PointToIndexMatrix: 
1 0 0
0 -1 0
0 0 1

  Inverse Direction: 
1 0 0
0 -1 0
0 0 1

  PixelContainer: 
    ImportImageContainer (0x5628baaf0150)
      RTTI typeinfo:   itk::ImportImageContainer<unsigned long, double>
      Reference Count: 1
      Modified Time: 3145
      Debug: Off
      Object Name: 
      Observers: 
        none
      Pointer: 0x7fe7c3a53010
      Container manages memory: true
      Size: 11534336
      Capacity: 11534336

     Weighting = 1
     Sampling strategy = regular
     Number of bins = 32
     Radius = 4
     Sampling percentage  = 0.25
   Transform = Affine
     Gradient step = 0.1
     Update field sigma (voxel space) = 0
     Total field sigma (voxel space) = 0
     Update field time sigma = 0
     Total field time sigma  = 0
     Number of time indices = 0
     Number of time point samples = 0
Stage 3 State
   Image metric = CC
     Fixed image = Image (0x5628bab102a0)
  RTTI typeinfo:   itk::Image<double, 3u>
  Reference Count: 2
  Modified Time: 3928
  Debug: Off
  Object Name: 
  Observers: 
    none
  Source: (none)
  Source output name: (none)
  Release Data: Off
  Data Released: False
  Global Release Data: Off
  PipelineMTime: 0
  UpdateMTime: 3537
  RealTimeStamp: 0 seconds 
  LargestPossibleRegion: 
    Dimension: 3
    Index: [0, 0, 0]
    Size: [193, 229, 193]
  BufferedRegion: 
    Dimension: 3
    Index: [0, 0, 0]
    Size: [193, 229, 193]
  RequestedRegion: 
    Dimension: 3
    Index: [0, 0, 0]
    Size: [193, 229, 193]
  Spacing: [1, 1, 1]
  Origin: [96, 132, -78]
  Direction: 
-1 0 0
0 -1 0
0 0 1

  IndexToPointMatrix: 
-1 0 0
0 -1 0
0 0 1

  PointToIndexMatrix: 
-1 0 0
0 -1 0
0 0 1

  Inverse Direction: 
-1 0 0
0 -1 0
0 0 1

  PixelContainer: 
    ImportImageContainer (0x5628baa76b50)
      RTTI typeinfo:   itk::ImportImageContainer<unsigned long, double>
      Reference Count: 1
      Modified Time: 3534
      Debug: Off
      Object Name: 
      Observers: 
        none
      Pointer: 0x7fe7bf93e010
      Container manages memory: true
      Size: 8530021
      Capacity: 8530021

     Moving image = Image (0x5628baa89e30)
  RTTI typeinfo:   itk::Image<double, 3u>
  Reference Count: 2
  Modified Time: 3929
  Debug: Off
  Object Name: 
  Observers: 
    none
  Source: (none)
  Source output name: (none)
  Release Data: Off
  Data Released: False
  Global Release Data: Off
  PipelineMTime: 0
  UpdateMTime: 3926
  RealTimeStamp: 0 seconds 
  LargestPossibleRegion: 
    Dimension: 3
    Index: [0, 0, 0]
    Size: [176, 256, 256]
  BufferedRegion: 
    Dimension: 3
    Index: [0, 0, 0]
    Size: [176, 256, 256]
  RequestedRegion: 
    Dimension: 3
    Index: [0, 0, 0]
    Size: [176, 256, 256]
  Spacing: [1, 1, 1]
  Origin: [-93.8084, 104.711, -134.135]
  Direction: 
1 0 0
0 -1 0
0 0 1

  IndexToPointMatrix: 
1 0 0
0 -1 0
0 0 1

  PointToIndexMatrix: 
1 0 0
0 -1 0
0 0 1

  Inverse Direction: 
1 0 0
0 -1 0
0 0 1

  PixelContainer: 
    ImportImageContainer (0x5628baaad790)
      RTTI typeinfo:   itk::ImportImageContainer<unsigned long, double>
      Reference Count: 1
      Modified Time: 3923
      Debug: Off
      Object Name: 
      Observers: 
        none
      Pointer: 0x7fe7ba13d010
      Container manages memory: true
      Size: 11534336
      Capacity: 11534336

     Weighting = 1
     Sampling strategy = none
     Number of bins = 32
     Radius = 4
     Sampling percentage  = 1
   Transform = SyN
     Gradient step = 0.1
     Update field sigma (voxel space) = 3
     Total field sigma (voxel space) = 0
     Update field time sigma = 0
     Total field time sigma  = 0
     Number of time indices = 0
     Number of time point samples = 0
Registration using 3 total stages.

Stage 0
  iterations = 1000x500x250x100
  convergence threshold = 1e-06
  convergence window size = 10
  number of levels = 4
  using the Mattes MI metric (number of bins = 32, weight = 1, use gradient filter = 0)
  preprocessing:  winsorizing the image intensities
  Shrink factors (level 1 out of 4): [8, 8, 8]
  Shrink factors (level 2 out of 4): [4, 4, 4]
  Shrink factors (level 3 out of 4): [2, 2, 2]
  Shrink factors (level 4 out of 4): [1, 1, 1]
  smoothing sigmas per level: [3, 2, 1, 0]
  regular sampling (percentage = 0.25)

*** Running Euler3DTransform registration ***

DIAGNOSTIC,Iteration,metricValue,convergenceValue,ITERATION_TIME_INDEX,SINCE_LAST
 2DIAGNOSTIC,     1, -5.473790216173e-01, 1.797693134862e+308, 3.6142e-01, 3.6142e-01, 
 2DIAGNOSTIC,     2, -5.495686166110e-01, 1.797693134862e+308, 3.6538e-01, 3.9549e-03, 
 2DIAGNOSTIC,     3, -5.535580005871e-01, 1.797693134862e+308, 3.6924e-01, 3.8619e-03, 
 2DIAGNOSTIC,     4, -5.602216833870e-01, 1.797693134862e+308, 3.7210e-01, 2.8648e-03, 
 2DIAGNOSTIC,     5, -5.668341100919e-01, 1.797693134862e+308, 3.7486e-01, 2.7609e-03, 
 2DIAGNOSTIC,     6, -5.746073057489e-01, 1.797693134862e+308, 3.7767e-01, 2.8059e-03, 
 2DIAGNOSTIC,     7, -5.811388260924e-01, 1.797693134862e+308, 3.8048e-01, 2.8079e-03, 
 2DIAGNOSTIC,     8, -5.912002111316e-01, 1.797693134862e+308, 3.8333e-01, 2.8510e-03, 
 2DIAGNOSTIC,     9, -5.964302360357e-01, 1.797693134862e+308, 3.8778e-01, 4.4529e-03, 
 2DIAGNOSTIC,    10, -5.974653826115e-01, 6.389962322151e-03, 3.9187e-01, 4.0870e-03, 
 2DIAGNOSTIC,    11, -5.979150100999e-01, 5.608585674734e-03, 3.9464e-01, 2.7761e-03, 
 2DIAGNOSTIC,    12, -5.992952052901e-01, 4.606502005906e-03, 3.9744e-01, 2.7950e-03, 
 2DIAGNOSTIC,    13, -6.014692553147e-01, 3.573742742093e-03, 4.0064e-01, 3.2051e-03, 
 2DIAGNOSTIC,    14, -6.036943723514e-01, 2.675493618994e-03, 4.0371e-01, 3.0670e-03, 
 2DIAGNOSTIC,    15, -6.069701911291e-01, 1.978445382371e-03, 4.0685e-01, 3.1390e-03, 
 2DIAGNOSTIC,    16, -6.113301437523e-01, 1.559109793306e-03, 4.1029e-01, 3.4359e-03, 
 2DIAGNOSTIC,    17, -6.124029846489e-01, 1.257115039047e-03, 4.1296e-01, 2.6782e-03, 
 2DIAGNOSTIC,    18, -6.135570495389e-01, 1.173257886798e-03, 4.1565e-01, 2.6879e-03, 
 2DIAGNOSTIC,    19, -6.169140933905e-01, 1.208044296299e-03, 4.1842e-01, 2.7640e-03, 
 2DIAGNOSTIC,    20, -6.234378326575e-01, 1.306177364470e-03, 4.2116e-01, 2.7440e-03, 
 2DIAGNOSTIC,    21, -6.329714901799e-01, 1.495953833117e-03, 4.2440e-01, 3.2442e-03, 
 2DIAGNOSTIC,    22, -6.418884264143e-01, 1.747463852822e-03, 4.2804e-01, 3.6328e-03, 
 2DIAGNOSTIC,    23, -6.624306948291e-01, 2.279239913280e-03, 4.3183e-01, 3.7940e-03, 
 2DIAGNOSTIC,    24, -6.629522629465e-01, 2.595088172865e-03, 4.3568e-01, 3.8502e-03, 
 2DIAGNOSTIC,    25, -6.643663233969e-01, 2.731183215935e-03, 4.3886e-01, 3.1748e-03, 
 2DIAGNOSTIC,    26, -6.650946087393e-01, 2.693989792865e-03, 4.4263e-01, 3.7701e-03, 
 2DIAGNOSTIC,    27, -6.650957021989e-01, 2.423207738823e-03, 4.4603e-01, 3.4008e-03, 
 2DIAGNOSTIC,    28, -6.650371472665e-01, 1.960581663245e-03, 4.4901e-01, 2.9819e-03, 
 2DIAGNOSTIC,    29, -6.649582454569e-01, 1.400676995212e-03, 4.5171e-01, 2.7030e-03, 
 2DIAGNOSTIC,    30, -6.648951707431e-01, 8.513282023052e-04, 4.5466e-01, 2.9511e-03, 
 2DIAGNOSTIC,    31, -6.649417377706e-01, 4.026437343809e-04, 4.5741e-01, 2.7461e-03, 
 2DIAGNOSTIC,    32, -6.649023482164e-01, 6.602054237877e-05, 4.6055e-01, 3.1440e-03, 
 2DIAGNOSTIC,    33, -6.649708292281e-01, 3.271740711503e-05, 4.6395e-01, 3.3991e-03, 
 2DIAGNOSTIC,    34, -6.649169039742e-01, 4.402394376338e-06, 4.6741e-01, 3.4592e-03, 
DIAGNOSTIC,Iteration,metricValue,convergenceValue,ITERATION_TIME_INDEX,SINCE_LAST
 2DIAGNOSTIC,     1, -5.353835354041e-01, 1.797693134862e+308, 8.3396e-01, 3.6655e-01, 
 2DIAGNOSTIC,     2, -5.359558418192e-01, 1.797693134862e+308, 8.5405e-01, 2.0091e-02, 
 2DIAGNOSTIC,     3, -5.366960589653e-01, 1.797693134862e+308, 8.7481e-01, 2.0759e-02, 
 2DIAGNOSTIC,     4, -5.377308781015e-01, 1.797693134862e+308, 8.9423e-01, 1.9425e-02, 
 2DIAGNOSTIC,     5, -5.389763539102e-01, 1.797693134862e+308, 9.1404e-01, 1.9807e-02, 
 2DIAGNOSTIC,     6, -5.399214412097e-01, 1.797693134862e+308, 9.3364e-01, 1.9601e-02, 
 2DIAGNOSTIC,     7, -5.416425322979e-01, 1.797693134862e+308, 9.5302e-01, 1.9379e-02, 
 2DIAGNOSTIC,     8, -5.443626085090e-01, 1.797693134862e+308, 9.7399e-01, 2.0966e-02, 
 2DIAGNOSTIC,     9, -5.473547336969e-01, 1.797693134862e+308, 1.0060e+00, 3.2054e-02, 
 2DIAGNOSTIC,    10, -5.482635767692e-01, 1.590969258824e-03, 1.0271e+00, 2.1055e-02, 
 2DIAGNOSTIC,    11, -5.487823030049e-01, 1.553411210224e-03, 1.0552e+00, 2.8105e-02, 
 2DIAGNOSTIC,    12, -5.490475803489e-01, 1.420464956552e-03, 1.0757e+00, 2.0504e-02, 
 2DIAGNOSTIC,    13, -5.500735028855e-01, 1.249325352862e-03, 1.0984e+00, 2.2647e-02, 
 2DIAGNOSTIC,    14, -5.514814235112e-01, 1.077985600643e-03, 1.1216e+00, 2.3231e-02, 
 2DIAGNOSTIC,    15, -5.524037476852e-01, 9.066436237711e-04, 1.1446e+00, 2.3058e-02, 
 2DIAGNOSTIC,    16, -5.527911977852e-01, 7.184785979052e-04, 1.1675e+00, 2.2862e-02, 
 2DIAGNOSTIC,    17, -5.529370056911e-01, 5.436968068763e-04, 1.1957e+00, 2.8219e-02, 
 2DIAGNOSTIC,    18, -5.529204264647e-01, 4.147086124958e-04, 1.2177e+00, 2.1939e-02, 
 2DIAGNOSTIC,    19, -5.529125049586e-01, 3.419891882743e-04, 1.2398e+00, 2.2147e-02, 
 2DIAGNOSTIC,    20, -5.529038877715e-01, 2.680693340243e-04, 1.2622e+00, 2.2436e-02, 
 2DIAGNOSTIC,    21, -5.528893559101e-01, 1.893746265460e-04, 1.2856e+00, 2.3353e-02, 
 2DIAGNOSTIC,    22, -5.528856824125e-01, 1.065411367537e-04, 1.3081e+00, 2.2502e-02, 
 2DIAGNOSTIC,    23, -5.528804971580e-01, 4.369154400895e-05, 1.3308e+00, 2.2673e-02, 
 2DIAGNOSTIC,    24, -5.528729883292e-01, 1.205643329315e-05, 1.3537e+00, 2.2900e-02, 
DIAGNOSTIC,Iteration,metricValue,convergenceValue,ITERATION_TIME_INDEX,SINCE_LAST
 2DIAGNOSTIC,     1, -4.789223655994e-01, 1.797693134862e+308, 1.9362e+00, 5.8257e-01, 
 2DIAGNOSTIC,     2, -4.791501715689e-01, 1.797693134862e+308, 2.0730e+00, 1.3672e-01, 
 2DIAGNOSTIC,     3, -4.793005327455e-01, 1.797693134862e+308, 2.2081e+00, 1.3510e-01, 
 2DIAGNOSTIC,     4, -4.794013520383e-01, 1.797693134862e+308, 2.3441e+00, 1.3609e-01, 
 2DIAGNOSTIC,     5, -4.794662073809e-01, 1.797693134862e+308, 2.4818e+00, 1.3766e-01, 
 2DIAGNOSTIC,     6, -4.795693523938e-01, 1.797693134862e+308, 2.6443e+00, 1.6245e-01, 
 2DIAGNOSTIC,     7, -4.797466581812e-01, 1.797693134862e+308, 2.8273e+00, 1.8301e-01, 
 2DIAGNOSTIC,     8, -4.801614805202e-01, 1.797693134862e+308, 3.0069e+00, 1.7967e-01, 
 2DIAGNOSTIC,     9, -4.801853392177e-01, 1.797693134862e+308, 3.1709e+00, 1.6400e-01, 
 2DIAGNOSTIC,    10, -4.803419475618e-01, 1.872723789548e-04, 3.3335e+00, 1.6256e-01, 
 2DIAGNOSTIC,    11, -4.803815162792e-01, 1.669253109563e-04, 3.6487e+00, 3.1524e-01, 
 2DIAGNOSTIC,    12, -4.803821815165e-01, 1.462590182591e-04, 3.8099e+00, 1.6112e-01, 
 2DIAGNOSTIC,    13, -4.803819631478e-01, 1.224169162791e-04, 3.9507e+00, 1.4084e-01, 
 2DIAGNOSTIC,    14, -4.803829296900e-01, 9.541163016917e-05, 4.1173e+00, 1.6656e-01, 
 2DIAGNOSTIC,    15, -4.803815154250e-01, 6.613382276813e-05, 4.2775e+00, 1.6019e-01, 
 2DIAGNOSTIC,    16, -4.803798689406e-01, 3.837318729621e-05, 4.4376e+00, 1.6016e-01, 
 2DIAGNOSTIC,    17, -4.803777980089e-01, 1.631705893360e-05, 4.6179e+00, 1.8028e-01, 
 2DIAGNOSTIC,    18, -4.803755550249e-01, 9.013554322639e-06, 4.8538e+00, 2.3591e-01, 
 2DIAGNOSTIC,    19, -4.803746658400e-01, 2.399279799191e-06, 5.0147e+00, 1.6087e-01, 
DIAGNOSTIC,Iteration,metricValue,convergenceValue,ITERATION_TIME_INDEX,SINCE_LAST
 2DIAGNOSTIC,     1, -4.370518713046e-01, 1.797693134862e+308, 6.6340e+00, 1.6193e+00, 
 2DIAGNOSTIC,     2, -4.371778881043e-01, 1.797693134862e+308, 7.5546e+00, 9.2061e-01, 
 2DIAGNOSTIC,     3, -4.372045493415e-01, 1.797693134862e+308, 8.6882e+00, 1.1336e+00, 
 2DIAGNOSTIC,     4, -4.372183733965e-01, 1.797693134862e+308, 9.7487e+00, 1.0605e+00, 
 2DIAGNOSTIC,     5, -4.372197272879e-01, 1.797693134862e+308, 1.0817e+01, 1.0683e+00, 
 2DIAGNOSTIC,     6, -4.372213665761e-01, 1.797693134862e+308, 1.1754e+01, 9.3745e-01, 
 2DIAGNOSTIC,     7, -4.372238172799e-01, 1.797693134862e+308, 1.2805e+01, 1.0506e+00, 
 2DIAGNOSTIC,     8, -4.372308820023e-01, 1.797693134862e+308, 1.3738e+01, 9.3262e-01, 
 2DIAGNOSTIC,     9, -4.372463307956e-01, 1.797693134862e+308, 1.4672e+01, 9.3458e-01, 
 2DIAGNOSTIC,    10, -4.372894559664e-01, 2.389668535999e-05, 1.5602e+01, 9.2964e-01, 
 2DIAGNOSTIC,    11, -4.375181443622e-01, 2.887222505252e-05, 1.7012e+01, 1.4099e+00, 
 2DIAGNOSTIC,    12, -4.375440559265e-01, 3.857001381158e-05, 1.8407e+01, 1.3952e+00, 
 2DIAGNOSTIC,    13, -4.375454296082e-01, 4.504244236957e-05, 1.9461e+01, 1.0535e+00, 
 2DIAGNOSTIC,    14, -4.375449907182e-01, 4.750829051675e-05, 2.0512e+01, 1.0515e+00, 
 2DIAGNOSTIC,    15, -4.375450991558e-01, 4.553143782073e-05, 2.1695e+01, 1.1830e+00, 
 2DIAGNOSTIC,    16, -4.375450802987e-01, 3.973122687526e-05, 2.2986e+01, 1.2910e+00, 
 2DIAGNOSTIC,    17, -4.375452219383e-01, 3.121458944411e-05, 2.4037e+01, 1.0511e+00, 
 2DIAGNOSTIC,    18, -4.375452060462e-01, 2.132156005645e-05, 2.5559e+01, 1.5222e+00, 
 2DIAGNOSTIC,    19, -4.375453521827e-01, 1.125835222578e-05, 2.6611e+01, 1.0513e+00, 
 2DIAGNOSTIC,    20, -4.375449589547e-01, 2.497424224132e-06, 2.7666e+01, 1.0550e+00, 
 2DIAGNOSTIC,    21, -4.375447812752e-01, 1.535164980512e-06, 2.8727e+01, 1.0615e+00, 
 2DIAGNOSTIC,    22, -4.375447112820e-01, 1.420557712226e-06, 2.9785e+01, 1.0580e+00, 
 2DIAGNOSTIC,    23, -4.375443247668e-01, 1.346403839149e-06, 3.0848e+01, 1.0630e+00, 
 2DIAGNOSTIC,    24, -4.375442458291e-01, 1.268035129856e-06, 3.1777e+01, 9.2938e-01, 
 2DIAGNOSTIC,    25, -4.375441869282e-01, 1.202788598859e-06, 3.2826e+01, 1.0489e+00, 
 2DIAGNOSTIC,    26, -4.375441485296e-01, 1.147648074719e-06, 3.3881e+01, 1.0548e+00, 
 2DIAGNOSTIC,    27, -4.375440923645e-01, 1.105782026119e-06, 3.4926e+01, 1.0452e+00, 
 2DIAGNOSTIC,    28, -4.375440177391e-01, 1.071557959503e-06, 3.6097e+01, 1.1710e+00, 
 2DIAGNOSTIC,    29, -4.375439280115e-01, 1.047345829217e-06, 3.7145e+01, 1.0473e+00, 
 2DIAGNOSTIC,    30, -4.375438334872e-01, 1.018900268143e-06, 3.8080e+01, 9.3567e-01, 
  Elapsed time (stage 0): 3.8739e+01


Stage 1
  iterations = 1000x500x250x100
  convergence threshold = 1.0000e-06
  convergence window size = 10
  number of levels = 4
  using the Mattes MI metric (number of bins = 32, weight = 1.0000e+00, use gradient filter = 0)
  preprocessing:  winsorizing the image intensities
  Shrink factors (level 1 out of 4): [8, 8, 8]
  Shrink factors (level 2 out of 4): [4, 4, 4]
  Shrink factors (level 3 out of 4): [2, 2, 2]
  Shrink factors (level 4 out of 4): [1, 1, 1]
  smoothing sigmas per level: [3, 2, 1, 0]
  regular sampling (percentage = 2.5000e-01)

*** Running AffineTransform registration ***

DIAGNOSTIC,Iteration,metricValue,convergenceValue,ITERATION_TIME_INDEX,SINCE_LAST
 2DIAGNOSTIC,     1, -6.742750845894e-01, 1.797693134862e+308, 3.6971e-01, 3.6971e-01, 
 2DIAGNOSTIC,     2, -6.768142253530e-01, 1.797693134862e+308, 3.7402e-01, 4.3159e-03, 
 2DIAGNOSTIC,     3, -6.810697180405e-01, 1.797693134862e+308, 3.7762e-01, 3.5949e-03, 
 2DIAGNOSTIC,     4, -6.869461130296e-01, 1.797693134862e+308, 3.8138e-01, 3.7649e-03, 
 2DIAGNOSTIC,     5, -6.965895050876e-01, 1.797693134862e+308, 3.8454e-01, 3.1538e-03, 
 2DIAGNOSTIC,     6, -7.109442054120e-01, 1.797693134862e+308, 3.8752e-01, 2.9819e-03, 
 2DIAGNOSTIC,     7, -7.324537390517e-01, 1.797693134862e+308, 3.9074e-01, 3.2179e-03, 
 2DIAGNOSTIC,     8, -7.634061783507e-01, 1.797693134862e+308, 3.9439e-01, 3.6561e-03, 
 2DIAGNOSTIC,     9, -7.816484753620e-01, 1.797693134862e+308, 3.9938e-01, 4.9829e-03, 
 2DIAGNOSTIC,    10, -7.924120749499e-01, 1.150132098304e-02, 4.0372e-01, 4.3380e-03, 
 2DIAGNOSTIC,    11, -8.069577493396e-01, 1.167353310767e-02, 4.0716e-01, 3.4461e-03, 
 2DIAGNOSTIC,    12, -8.413111711889e-01, 1.190739760703e-02, 4.1055e-01, 3.3879e-03, 
 2DIAGNOSTIC,    13, -8.460815743203e-01, 1.126371538864e-02, 4.1476e-01, 4.2100e-03, 
 2DIAGNOSTIC,    14, -8.469066119909e-01, 9.898347719852e-03, 4.1851e-01, 3.7510e-03, 
 2DIAGNOSTIC,    15, -8.501397114096e-01, 8.175301411289e-03, 4.2232e-01, 3.8080e-03, 
 2DIAGNOSTIC,    16, -8.514125388061e-01, 6.301505615413e-03, 4.2614e-01, 3.8259e-03, 
 2DIAGNOSTIC,    17, -8.516134787851e-01, 4.542143505068e-03, 4.3030e-01, 4.1590e-03, 
 2DIAGNOSTIC,    18, -8.513835235338e-01, 3.200801249991e-03, 4.3418e-01, 3.8769e-03, 
 2DIAGNOSTIC,    19, -8.512126979652e-01, 2.074092071686e-03, 4.3868e-01, 4.4992e-03, 
 2DIAGNOSTIC,    20, -8.511707426366e-01, 1.073419709574e-03, 4.4271e-01, 4.0259e-03, 
 2DIAGNOSTIC,    21, -8.510957608416e-01, 3.094907794585e-04, 4.4685e-01, 4.1420e-03, 
 2DIAGNOSTIC,    22, -8.508675183782e-01, 1.496409504587e-04, 4.5046e-01, 3.6120e-03, 
 2DIAGNOSTIC,    23, -8.510565443890e-01, 6.908736803675e-05, 4.5402e-01, 3.5651e-03, 
 2DIAGNOSTIC,    24, -8.511514737762e-01, 1.953488892377e-06, 4.5769e-01, 3.6662e-03, 
DIAGNOSTIC,Iteration,metricValue,convergenceValue,ITERATION_TIME_INDEX,SINCE_LAST
 2DIAGNOSTIC,     1, -7.255577079174e-01, 1.797693134862e+308, 8.6070e-01, 4.0301e-01, 
 2DIAGNOSTIC,     2, -7.261424404055e-01, 1.797693134862e+308, 8.8717e-01, 2.6465e-02, 
 2DIAGNOSTIC,     3, -7.267711186413e-01, 1.797693134862e+308, 9.1411e-01, 2.6938e-02, 
 2DIAGNOSTIC,     4, -7.273866229977e-01, 1.797693134862e+308, 9.3956e-01, 2.5452e-02, 
 2DIAGNOSTIC,     5, -7.283594028463e-01, 1.797693134862e+308, 9.7097e-01, 3.1411e-02, 
 2DIAGNOSTIC,     6, -7.295037634036e-01, 1.797693134862e+308, 9.9607e-01, 2.5097e-02, 
 2DIAGNOSTIC,     7, -7.301703287593e-01, 1.797693134862e+308, 1.0393e+00, 4.3212e-02, 
 2DIAGNOSTIC,     8, -7.301605648530e-01, 1.797693134862e+308, 1.0833e+00, 4.3992e-02, 
 2DIAGNOSTIC,     9, -7.301656786881e-01, 1.797693134862e+308, 1.1132e+00, 2.9972e-02, 
 2DIAGNOSTIC,    10, -7.301559254909e-01, 4.706509601052e-04, 1.1393e+00, 2.6073e-02, 
 2DIAGNOSTIC,    11, -7.301351387638e-01, 3.522628723590e-04, 1.1671e+00, 2.7745e-02, 
 2DIAGNOSTIC,    12, -7.301269412436e-01, 2.407478747711e-04, 1.1917e+00, 2.4684e-02, 
 2DIAGNOSTIC,    13, -7.301220801927e-01, 1.439438729242e-04, 1.2206e+00, 2.8807e-02, 
 2DIAGNOSTIC,    14, -7.301274204547e-01, 6.533407901683e-05, 1.2485e+00, 2.7996e-02, 
 2DIAGNOSTIC,    15, -7.301200943223e-01, 1.590715027859e-05, 1.2735e+00, 2.4913e-02, 
DIAGNOSTIC,Iteration,metricValue,convergenceValue,ITERATION_TIME_INDEX,SINCE_LAST
 2DIAGNOSTIC,     1, -6.216570853566e-01, 1.797693134862e+308, 1.9281e+00, 6.5468e-01, 
 2DIAGNOSTIC,     2, -6.216733982958e-01, 1.797693134862e+308, 2.1280e+00, 1.9989e-01, 
 2DIAGNOSTIC,     3, -6.217168797301e-01, 1.797693134862e+308, 2.3132e+00, 1.8520e-01, 
 2DIAGNOSTIC,     4, -6.218638873677e-01, 1.797693134862e+308, 2.4890e+00, 1.7580e-01, 
 2DIAGNOSTIC,     5, -6.221866817951e-01, 1.797693134862e+308, 2.6674e+00, 1.7841e-01, 
 2DIAGNOSTIC,     6, -6.223366363360e-01, 1.797693134862e+308, 2.9988e+00, 3.3135e-01, 
 2DIAGNOSTIC,     7, -6.223400055057e-01, 1.797693134862e+308, 3.2661e+00, 2.6735e-01, 
 2DIAGNOSTIC,     8, -6.223393546668e-01, 1.797693134862e+308, 3.4423e+00, 1.7619e-01, 
 2DIAGNOSTIC,     9, -6.223388011339e-01, 1.797693134862e+308, 3.6529e+00, 2.1060e-01, 
 2DIAGNOSTIC,    10, -6.223378689846e-01, 9.209682025797e-05, 3.8540e+00, 2.0104e-01, 
 2DIAGNOSTIC,    11, -6.223357487666e-01, 6.976506402341e-05, 4.0530e+00, 1.9899e-01, 
 2DIAGNOSTIC,    12, -6.223334154426e-01, 4.589138355231e-05, 4.2323e+00, 1.7935e-01, 
 2DIAGNOSTIC,    13, -6.223326572486e-01, 2.336450515447e-05, 4.4313e+00, 1.9899e-01, 
 2DIAGNOSTIC,    14, -6.223330733491e-01, 6.725180881004e-06, 4.6107e+00, 1.7938e-01, 
 2DIAGNOSTIC,    15, -6.223324056954e-01, 1.577536707320e-06, 4.8345e+00, 2.2385e-01, 
 2DIAGNOSTIC,    16, -6.223327037408e-01, 1.411565699272e-06, 5.0326e+00, 1.9806e-01, 
 2DIAGNOSTIC,    17, -6.223315479924e-01, 1.378725516622e-06, 5.2069e+00, 1.7434e-01, 
 2DIAGNOSTIC,    18, -6.223291752977e-01, 1.318743629193e-06, 5.3863e+00, 1.7933e-01, 
 2DIAGNOSTIC,    19, -6.223270067502e-01, 1.241718931261e-06, 5.5926e+00, 2.0632e-01, 
 2DIAGNOSTIC,    20, -6.223273776817e-01, 1.200793994592e-06, 5.7745e+00, 1.8190e-01, 
 2DIAGNOSTIC,    21, -6.223293342660e-01, 1.196343168114e-06, 5.9760e+00, 2.0149e-01, 
 2DIAGNOSTIC,    22, -6.223297233136e-01, 1.180779311098e-06, 6.1787e+00, 2.0271e-01, 
 2DIAGNOSTIC,    23, -6.223275755487e-01, 1.134800375807e-06, 6.4038e+00, 2.2516e-01, 
 2DIAGNOSTIC,    24, -6.223251707675e-01, 1.080877824022e-06, 6.5892e+00, 1.8539e-01, 
 2DIAGNOSTIC,    25, -6.223256473250e-01, 1.050442391459e-06, 6.7663e+00, 1.7704e-01, 
 2DIAGNOSTIC,    26, -6.223237314542e-01, 1.012287910072e-06, 6.9683e+00, 2.0202e-01, 
DIAGNOSTIC,Iteration,metricValue,convergenceValue,ITERATION_TIME_INDEX,SINCE_LAST
 2DIAGNOSTIC,     1, -5.498980670285e-01, 1.797693134862e+308, 8.9371e+00, 1.9689e+00, 
 2DIAGNOSTIC,     2, -5.503329471303e-01, 1.797693134862e+308, 1.0198e+01, 1.2604e+00, 
 2DIAGNOSTIC,     3, -5.507180122971e-01, 1.797693134862e+308, 1.1410e+01, 1.2120e+00, 
 2DIAGNOSTIC,     4, -5.511830223051e-01, 1.797693134862e+308, 1.2657e+01, 1.2477e+00, 
 2DIAGNOSTIC,     5, -5.517383998974e-01, 1.797693134862e+308, 1.5228e+01, 2.5709e+00, 
 2DIAGNOSTIC,     6, -5.517380067582e-01, 1.797693134862e+308, 1.6604e+01, 1.3757e+00, 
 2DIAGNOSTIC,     7, -5.517375456399e-01, 1.797693134862e+308, 1.8233e+01, 1.6289e+00, 
 2DIAGNOSTIC,     8, -5.517375323727e-01, 1.797693134862e+308, 1.9736e+01, 1.5035e+00, 
 2DIAGNOSTIC,     9, -5.517374420797e-01, 1.797693134862e+308, 2.1108e+01, 1.3714e+00, 
 2DIAGNOSTIC,    10, -5.517372047028e-01, 2.115095468965e-04, 2.2336e+01, 1.2281e+00, 
 2DIAGNOSTIC,    11, -5.517369983021e-01, 1.286460313174e-04, 2.3687e+01, 1.3514e+00, 
 2DIAGNOSTIC,    12, -5.517369341148e-01, 6.716329716074e-05, 2.5028e+01, 1.3405e+00, 
 2DIAGNOSTIC,    13, -5.517367612215e-01, 2.431921414667e-05, 2.6396e+01, 1.3686e+00, 
 2DIAGNOSTIC,    14, -5.517365496045e-01, 2.138942452531e-06, 2.7774e+01, 1.3781e+00, 
 2DIAGNOSTIC,    15, -5.517363191466e-01, 2.006084026229e-06, 2.9250e+01, 1.4759e+00, 
 2DIAGNOSTIC,    16, -5.517362060581e-01, 1.884716334472e-06, 3.0750e+01, 1.4992e+00, 
 2DIAGNOSTIC,    17, -5.517360762596e-01, 1.769185481219e-06, 3.2123e+01, 1.3731e+00, 
 2DIAGNOSTIC,    18, -5.517358017054e-01, 1.667735827875e-06, 3.3474e+01, 1.3510e+00, 
 2DIAGNOSTIC,    19, -5.517358063302e-01, 1.584291252951e-06, 3.4729e+01, 1.2551e+00, 
 2DIAGNOSTIC,    20, -5.517356733510e-01, 1.508126660832e-06, 3.5967e+01, 1.2384e+00, 
 2DIAGNOSTIC,    21, -5.517356866262e-01, 1.442191407248e-06, 3.7341e+01, 1.3733e+00, 
 2DIAGNOSTIC,    22, -5.517357024193e-01, 1.387962102924e-06, 3.8717e+01, 1.3765e+00, 
 2DIAGNOSTIC,    23, -5.517355731931e-01, 1.337247570607e-06, 3.9964e+01, 1.2473e+00, 
 2DIAGNOSTIC,    24, -5.517354519555e-01, 1.288142125223e-06, 4.1351e+01, 1.3865e+00, 
 2DIAGNOSTIC,    25, -5.517354752782e-01, 1.242273655111e-06, 4.2589e+01, 1.2381e+00, 
 2DIAGNOSTIC,    26, -5.517353739948e-01, 1.198490939019e-06, 4.3960e+01, 1.3715e+00, 
 2DIAGNOSTIC,    27, -5.517352802325e-01, 1.156212260239e-06, 4.5351e+01, 1.3903e+00, 
 2DIAGNOSTIC,    28, -5.517349250971e-01, 1.107524418141e-06, 4.6981e+01, 1.6308e+00, 
 2DIAGNOSTIC,    29, -5.517346660493e-01, 1.060653561348e-06, 4.8362e+01, 1.3807e+00, 
 2DIAGNOSTIC,    30, -5.517344112595e-01, 1.013701640518e-06, 4.9741e+01, 1.3785e+00, 
  Elapsed time (stage 1): 5.0643e+01


Stage 2
  iterations = 100x70x50x20
  convergence threshold = 1.0000e-06
  convergence window size = 10
  number of levels = 4
  using the CC metric (radius = 4, weight = 1.0000e+00, use gradient filter = 0)
  preprocessing:  winsorizing the image intensities
  Shrink factors (level 1 out of 4): [8, 8, 8]
  Shrink factors (level 2 out of 4): [4, 4, 4]
  Shrink factors (level 3 out of 4): [2, 2, 2]
  Shrink factors (level 4 out of 4): [1, 1, 1]
  smoothing sigmas per level: [3, 2, 1, 0]
  Using default NONE metricSamplingStrategy 

*** Running SyN registration (varianceForUpdateField = 3.0000e+00, varianceForTotalField = 0.0000e+00) ***

XXDIAGNOSTIC,Iteration,metricValue,convergenceValue,ITERATION_TIME_INDEX,SINCE_LAST
 1DIAGNOSTIC,     1, -9.369064138592e-01, 1.797693134862e+308, 4.8681e-01, 4.8681e-01, 
 1DIAGNOSTIC,     2, -9.433619606077e-01, 1.797693134862e+308, 6.4449e-01, 1.5769e-01, 
 1DIAGNOSTIC,     3, -9.474616718362e-01, 1.797693134862e+308, 8.0526e-01, 1.6077e-01, 
 1DIAGNOSTIC,     4, -9.500848899483e-01, 1.797693134862e+308, 9.6674e-01, 1.6148e-01, 
 1DIAGNOSTIC,     5, -9.523372427883e-01, 1.797693134862e+308, 1.1228e+00, 1.5608e-01, 
 1DIAGNOSTIC,     6, -9.548510995545e-01, 1.797693134862e+308, 1.2893e+00, 1.6647e-01, 
 1DIAGNOSTIC,     7, -9.577461825640e-01, 1.797693134862e+308, 1.4480e+00, 1.5876e-01, 
 1DIAGNOSTIC,     8, -9.606015644722e-01, 1.797693134862e+308, 1.6099e+00, 1.6182e-01, 
 1DIAGNOSTIC,     9, -9.634986506395e-01, 1.797693134862e+308, 1.7692e+00, 1.5934e-01, 
 1DIAGNOSTIC,    10, -9.660910564988e-01, 1.791801044244e-03, 1.9233e+00, 1.5410e-01, 
 1DIAGNOSTIC,    11, -9.681234439849e-01, 1.485799459550e-03, 2.0772e+00, 1.5390e-01, 
 1DIAGNOSTIC,    12, -9.699493045476e-01, 1.301233876400e-03, 2.2394e+00, 1.6221e-01, 
 1DIAGNOSTIC,    13, -9.710858289035e-01, 1.146418645904e-03, 2.3994e+00, 1.5999e-01, 
 1DIAGNOSTIC,    14, -9.716393165874e-01, 9.767797729680e-04, 2.5610e+00, 1.6156e-01, 
 1DIAGNOSTIC,    15, -9.717542938188e-01, 7.874418062724e-04, 2.7245e+00, 1.6356e-01, 
 1DIAGNOSTIC,    16, -9.723083453517e-01, 6.063045483482e-04, 2.8836e+00, 1.5905e-01, 
 1DIAGNOSTIC,    17, -9.723541957840e-01, 4.414113849369e-04, 3.0490e+00, 1.6544e-01, 
 1DIAGNOSTIC,    18, -9.726482299628e-01, 3.055527533534e-04, 3.2102e+00, 1.6114e-01, 
 1DIAGNOSTIC,    19, -9.726377856145e-01, 2.004034439290e-04, 3.3638e+00, 1.5362e-01, 
 1DIAGNOSTIC,    20, -9.729147710216e-01, 1.295081937330e-04, 3.5199e+00, 1.5615e-01, 
 1DIAGNOSTIC,    21, -9.728161531301e-01, 8.010382665816e-05, 3.6719e+00, 1.5195e-01, 
 1DIAGNOSTIC,    22, -9.730396426990e-01, 5.508755060443e-05, 3.8302e+00, 1.5834e-01, 
 1DIAGNOSTIC,    23, -9.729821096532e-01, 4.091179455527e-05, 3.9876e+00, 1.5744e-01, 
 1DIAGNOSTIC,    24, -9.731708204705e-01, 3.340086379675e-05, 4.1484e+00, 1.6072e-01, 
 1DIAGNOSTIC,    25, -9.731020433289e-01, 2.382781815375e-05, 4.3086e+00, 1.6021e-01, 
 1DIAGNOSTIC,    26, -9.732537619355e-01, 2.093167005544e-05, 4.4711e+00, 1.6249e-01, 
 1DIAGNOSTIC,    27, -9.731803159282e-01, 1.599461613185e-05, 4.6305e+00, 1.5942e-01, 
 1DIAGNOSTIC,    28, -9.733334938917e-01, 1.476317180603e-05, 4.7898e+00, 1.5935e-01, 
 1DIAGNOSTIC,    29, -9.732592260487e-01, 1.136048205683e-05, 4.9553e+00, 1.6543e-01, 
 1DIAGNOSTIC,    30, -9.733975203490e-01, 1.136050896232e-05, 5.1125e+00, 1.5721e-01, 
 1DIAGNOSTIC,    31, -9.733219805318e-01, 8.654372647278e-06, 5.2706e+00, 1.5813e-01, 
 1DIAGNOSTIC,    32, -9.734484487821e-01, 8.663221829901e-06, 5.4314e+00, 1.6086e-01, 
 1DIAGNOSTIC,    33, -9.733752208285e-01, 6.708113729437e-06, 5.5894e+00, 1.5795e-01, 
 1DIAGNOSTIC,    34, -9.734905866579e-01, 6.997533405405e-06, 5.7458e+00, 1.5644e-01, 
 1DIAGNOSTIC,    35, -9.734176118163e-01, 5.449129001439e-06, 5.8990e+00, 1.5318e-01, 
 1DIAGNOSTIC,    36, -9.735193777211e-01, 5.668387513334e-06, 6.0625e+00, 1.6353e-01, 
 1DIAGNOSTIC,    37, -9.734497487281e-01, 4.233231979858e-06, 6.2223e+00, 1.5971e-01, 
 1DIAGNOSTIC,    38, -9.735462646659e-01, 4.521432857976e-06, 6.3826e+00, 1.6030e-01, 
 1DIAGNOSTIC,    39, -9.734770738960e-01, 3.317564877401e-06, 6.5420e+00, 1.5945e-01, 
 1DIAGNOSTIC,    40, -9.735654186534e-01, 3.635991970428e-06, 6.6970e+00, 1.5503e-01, 
 1DIAGNOSTIC,    41, -9.734967672841e-01, 2.595584422491e-06, 6.8550e+00, 1.5800e-01, 
 1DIAGNOSTIC,    42, -9.735816114381e-01, 2.941003299742e-06, 7.0139e+00, 1.5891e-01, 
 1DIAGNOSTIC,    43, -9.735134731704e-01, 2.059920410916e-06, 7.1699e+00, 1.5594e-01, 
 1DIAGNOSTIC,    44, -9.735909790623e-01, 2.409842162609e-06, 7.3259e+00, 1.5601e-01, 
 1DIAGNOSTIC,    45, -9.735422767473e-01, 1.758350610576e-06, 7.4891e+00, 1.6325e-01, 
 1DIAGNOSTIC,    46, -9.736130533076e-01, 2.159607626031e-06, 7.6481e+00, 1.5900e-01, 
 1DIAGNOSTIC,    47, -9.735493747895e-01, 1.543761246375e-06, 7.8056e+00, 1.5745e-01, 
 1DIAGNOSTIC,    48, -9.736187969888e-01, 1.911707382105e-06, 7.9638e+00, 1.5820e-01, 
 1DIAGNOSTIC,    49, -9.735574210732e-01, 1.337012156610e-06, 8.1191e+00, 1.5536e-01, 
 1DIAGNOSTIC,    50, -9.736235569665e-01, 1.647642636760e-06, 8.2832e+00, 1.6403e-01, 
 1DIAGNOSTIC,    51, -9.735625770238e-01, 1.079414569078e-06, 8.4410e+00, 1.5780e-01, 
 1DIAGNOSTIC,    52, -9.736240570269e-01, 1.338444044496e-06, 8.5976e+00, 1.5661e-01, 
 1DIAGNOSTIC,    53, -9.735644121917e-01, 7.903809519823e-07, 8.7691e+00, 1.7151e-01, 
XXDIAGNOSTIC,Iteration,metricValue,convergenceValue,ITERATION_TIME_INDEX,SINCE_LAST
 1DIAGNOSTIC,     1, -9.156527342137e-01, 1.797693134862e+308, 1.0376e+01, 1.6067e+00, 
 1DIAGNOSTIC,     2, -9.192793608275e-01, 1.797693134862e+308, 1.1643e+01, 1.2668e+00, 
 1DIAGNOSTIC,     3, -9.228605633360e-01, 1.797693134862e+308, 1.2924e+01, 1.2812e+00, 
 1DIAGNOSTIC,     4, -9.259273232007e-01, 1.797693134862e+308, 1.4166e+01, 1.2426e+00, 
 1DIAGNOSTIC,     5, -9.283375648178e-01, 1.797693134862e+308, 1.5438e+01, 1.2718e+00, 
 1DIAGNOSTIC,     6, -9.304483017276e-01, 1.797693134862e+308, 1.6707e+01, 1.2692e+00, 
 1DIAGNOSTIC,     7, -9.323072098029e-01, 1.797693134862e+308, 1.7975e+01, 1.2676e+00, 
 1DIAGNOSTIC,     8, -9.339812142568e-01, 1.797693134862e+308, 1.9224e+01, 1.2489e+00, 
 1DIAGNOSTIC,     9, -9.355227558787e-01, 1.797693134862e+308, 2.0476e+01, 1.2521e+00, 
 1DIAGNOSTIC,    10, -9.369797289575e-01, 1.431763011325e-03, 2.1732e+01, 1.2560e+00, 
 1DIAGNOSTIC,    11, -9.382107180032e-01, 1.141594380440e-03, 2.2996e+01, 1.2644e+00, 
 1DIAGNOSTIC,    12, -9.394565822355e-01, 9.205739666593e-04, 2.4230e+01, 1.2336e+00, 
 1DIAGNOSTIC,    13, -9.403547737277e-01, 7.547673559131e-04, 2.5476e+01, 1.2461e+00, 
 1DIAGNOSTIC,    14, -9.413158295141e-01, 6.314275399725e-04, 2.6733e+01, 1.2569e+00, 
 1DIAGNOSTIC,    15, -9.421739107445e-01, 5.328433895442e-04, 2.7980e+01, 1.2466e+00, 
 1DIAGNOSTIC,    16, -9.429328488449e-01, 4.519854516498e-04, 2.9245e+01, 1.2653e+00, 
 1DIAGNOSTIC,    17, -9.436347772674e-01, 3.846407572822e-04, 3.0496e+01, 1.2514e+00, 
 1DIAGNOSTIC,    18, -9.442895849213e-01, 3.284155494787e-04, 3.1743e+01, 1.2465e+00, 
 1DIAGNOSTIC,    19, -9.449101104020e-01, 2.820747750348e-04, 3.2986e+01, 1.2430e+00, 
 1DIAGNOSTIC,    20, -9.455071150275e-01, 2.451994883093e-04, 3.4260e+01, 1.2738e+00, 
 1DIAGNOSTIC,    21, -9.459092797944e-01, 2.124216964076e-04, 3.5495e+01, 1.2356e+00, 
 1DIAGNOSTIC,    22, -9.463946022418e-01, 1.866991757257e-04, 3.6764e+01, 1.2688e+00, 
 1DIAGNOSTIC,    23, -9.468028203487e-01, 1.628794764480e-04, 3.8006e+01, 1.2421e+00, 
 1DIAGNOSTIC,    24, -9.471058517675e-01, 1.416740589593e-04, 3.9268e+01, 1.2619e+00, 
 1DIAGNOSTIC,    25, -9.475328916218e-01, 1.244415209155e-04, 4.0526e+01, 1.2583e+00, 
 1DIAGNOSTIC,    26, -9.478452951439e-01, 1.092811986082e-04, 4.1790e+01, 1.2631e+00, 
 1DIAGNOSTIC,    27, -9.481613327793e-01, 9.637055018174e-05, 4.3064e+01, 1.2746e+00, 
 1DIAGNOSTIC,    28, -9.484461993247e-01, 8.544571177853e-05, 4.4333e+01, 1.2693e+00, 
 1DIAGNOSTIC,    29, -9.487153420788e-01, 7.648436648486e-05, 4.5586e+01, 1.2529e+00, 
 1DIAGNOSTIC,    30, -9.489574899943e-01, 6.938714038700e-05, 4.6861e+01, 1.2747e+00, 
 1DIAGNOSTIC,    31, -9.491835544461e-01, 6.230782972427e-05, 4.8127e+01, 1.2656e+00, 
 1DIAGNOSTIC,    32, -9.493808284064e-01, 5.624660883233e-05, 4.9413e+01, 1.2860e+00, 
 1DIAGNOSTIC,    33, -9.495678095866e-01, 5.072907220451e-05, 5.0701e+01, 1.2880e+00, 
 1DIAGNOSTIC,    34, -9.497251590642e-01, 4.482716115439e-05, 5.1983e+01, 1.2823e+00, 
 1DIAGNOSTIC,    35, -9.498854369477e-01, 4.011891679548e-05, 5.3237e+01, 1.2542e+00, 
 1DIAGNOSTIC,    36, -9.500048865199e-01, 3.551726739625e-05, 5.4482e+01, 1.2451e+00, 
 1DIAGNOSTIC,    37, -9.496320173389e-01, 2.736981855829e-05, 5.5745e+01, 1.2624e+00, 
 1DIAGNOSTIC,    38, -9.498055966469e-01, 2.084547417559e-05, 5.7020e+01, 1.2753e+00, 
 1DIAGNOSTIC,    39, -9.497042097404e-01, 1.395453103371e-05, 5.8281e+01, 1.2613e+00, 
 1DIAGNOSTIC,    40, -9.495354346515e-01, 6.668017865679e-06, 5.9548e+01, 1.2671e+00, 
 1DIAGNOSTIC,    41, -9.495728250827e-01, 1.150815577722e-06, 6.0803e+01, 1.2545e+00, 
 1DIAGNOSTIC,    42, -9.493974919327e-01, -3.982252052986e-06, 6.2070e+01, 1.2668e+00, 
XXDIAGNOSTIC,Iteration,metricValue,convergenceValue,ITERATION_TIME_INDEX,SINCE_LAST
 1DIAGNOSTIC,     1, -9.011355912415e-01, 1.797693134862e+308, 7.2729e+01, 1.0659e+01, 
 1DIAGNOSTIC,     2, -9.031420614775e-01, 1.797693134862e+308, 8.2834e+01, 1.0105e+01, 
 1DIAGNOSTIC,     3, -9.058109401634e-01, 1.797693134862e+308, 9.3056e+01, 1.0222e+01, 
 1DIAGNOSTIC,     4, -9.085815590287e-01, 1.797693134862e+308, 1.0322e+02, 1.0160e+01, 
 1DIAGNOSTIC,     5, -9.109003273954e-01, 1.797693134862e+308, 1.1331e+02, 1.0090e+01, 
 1DIAGNOSTIC,     6, -9.129981795177e-01, 1.797693134862e+308, 1.2340e+02, 1.0098e+01, 
 1DIAGNOSTIC,     7, -9.148819504191e-01, 1.797693134862e+308, 1.3348e+02, 1.0071e+01, 
 1DIAGNOSTIC,     8, -9.165650606579e-01, 1.797693134862e+308, 1.4358e+02, 1.0100e+01, 
 1DIAGNOSTIC,     9, -9.180813106694e-01, 1.797693134862e+308, 1.5373e+02, 1.0149e+01, 
 1DIAGNOSTIC,    10, -9.194362719305e-01, 1.319193847303e-03, 1.6384e+02, 1.0112e+01, 
 1DIAGNOSTIC,    11, -9.206658030430e-01, 1.109246931828e-03, 1.7395e+02, 1.0110e+01, 
 1DIAGNOSTIC,    12, -9.216637097422e-01, 9.121709573589e-04, 1.8409e+02, 1.0143e+01, 
 1DIAGNOSTIC,    13, -9.224281947541e-01, 7.445477574640e-04, 1.9429e+02, 1.0197e+01, 
 1DIAGNOSTIC,    14, -9.231450744001e-01, 6.103122153093e-04, 2.0452e+02, 1.0234e+01, 
 1DIAGNOSTIC,    15, -9.238249812887e-01, 4.999537507908e-04, 2.1458e+02, 1.0063e+01, 
 1DIAGNOSTIC,    16, -9.244780509841e-01, 4.105367876465e-04, 2.2459e+02, 1.0003e+01, 
 1DIAGNOSTIC,    17, -9.251035187973e-01, 3.393645809218e-04, 2.3486e+02, 1.0277e+01, 
 1DIAGNOSTIC,    18, -9.257047033650e-01, 2.839184661811e-04, 2.4508e+02, 1.0216e+01, 
 1DIAGNOSTIC,    19, -9.262621841643e-01, 2.416533996245e-04, 2.5533e+02, 1.0253e+01, 
 1DIAGNOSTIC,    20, -9.267780033564e-01, 2.099339084123e-04, 2.6563e+02, 1.0300e+01, 
 1DIAGNOSTIC,    21, -9.272602372286e-01, 1.867742434938e-04, 2.7573e+02, 1.0100e+01, 
 1DIAGNOSTIC,    22, -9.277161098418e-01, 1.686716755247e-04, 2.8602e+02, 1.0291e+01, 
 1DIAGNOSTIC,    23, -9.281399178691e-01, 1.522937735599e-04, 2.9615e+02, 1.0127e+01, 
 1DIAGNOSTIC,    24, -9.285344988888e-01, 1.372919510522e-04, 3.0634e+02, 1.0191e+01, 
 1DIAGNOSTIC,    25, -9.288859718184e-01, 1.233302334983e-04, 3.1664e+02, 1.0298e+01, 
 1DIAGNOSTIC,    26, -9.291840336691e-01, 1.101375966449e-04, 3.2687e+02, 1.0233e+01, 
 1DIAGNOSTIC,    27, -9.294312427789e-01, 9.753052519598e-05, 3.3702e+02, 1.0146e+01, 
 1DIAGNOSTIC,    28, -9.296404452118e-01, 8.557153514846e-05, 3.4730e+02, 1.0282e+01, 
 1DIAGNOSTIC,    29, -9.298133831757e-01, 7.414736711345e-05, 3.5742e+02, 1.0124e+01, 
 1DIAGNOSTIC,    30, -9.299651666180e-01, 6.336608971325e-05, 3.6758e+02, 1.0155e+01, 
 1DIAGNOSTIC,    31, -9.300965905752e-01, 5.341961869858e-05, 3.7773e+02, 1.0155e+01, 
 1DIAGNOSTIC,    32, -9.302156736242e-01, 4.461085529136e-05, 3.8789e+02, 1.0153e+01, 
 1DIAGNOSTIC,    33, -9.303227940244e-01, 3.710164241078e-05, 3.9811e+02, 1.0226e+01, 
 1DIAGNOSTIC,    34, -9.304226502330e-01, 3.103316062800e-05, 4.0821e+02, 1.0099e+01, 
 1DIAGNOSTIC,    35, -9.305148490232e-01, 2.631250031294e-05, 4.1830e+02, 1.0091e+01, 
 1DIAGNOSTIC,    36, -9.306047157935e-01, 2.272035520952e-05, 4.2849e+02, 1.0184e+01, 
 1DIAGNOSTIC,    37, -9.306925788406e-01, 2.000042862319e-05, 4.3868e+02, 1.0192e+01, 
 1DIAGNOSTIC,    38, -9.307777034348e-01, 1.795842867330e-05, 4.4888e+02, 1.0203e+01, 
 1DIAGNOSTIC,    39, -9.308626422802e-01, 1.640112273829e-05, 4.5909e+02, 1.0207e+01, 
 1DIAGNOSTIC,    40, -9.309469353591e-01, 1.523107507126e-05, 4.6928e+02, 1.0195e+01, 
 1DIAGNOSTIC,    41, -9.310320588276e-01, 1.434645093912e-05, 4.7939e+02, 1.0102e+01, 
 1DIAGNOSTIC,    42, -9.311171232647e-01, 1.368571074800e-05, 4.8948e+02, 1.0089e+01, 
 1DIAGNOSTIC,    43, -9.312013502564e-01, 1.317277369270e-05, 4.9966e+02, 1.0188e+01, 
 1DIAGNOSTIC,    44, -9.312886827067e-01, 1.278828425442e-05, 5.0994e+02, 1.0277e+01, 
 1DIAGNOSTIC,    45, -9.313784808902e-01, 1.249544057981e-05, 5.2016e+02, 1.0215e+01, 
 1DIAGNOSTIC,    46, -9.314656677398e-01, 1.225558035964e-05, 5.3030e+02, 1.0143e+01, 
 1DIAGNOSTIC,    47, -9.315545557170e-01, 1.206154146887e-05, 5.4045e+02, 1.0156e+01, 
 1DIAGNOSTIC,    48, -9.316479583536e-01, 1.191507549549e-05, 5.5072e+02, 1.0267e+01, 
 1DIAGNOSTIC,    49, -9.317392017990e-01, 1.178719557616e-05, 5.6075e+02, 1.0030e+01, 
 1DIAGNOSTIC,    50, -9.318317482476e-01, 1.166998745104e-05, 5.7092e+02, 1.0165e+01, 
XXDIAGNOSTIC,Iteration,metricValue,convergenceValue,ITERATION_TIME_INDEX,SINCE_LAST
 1DIAGNOSTIC,     1, -8.881068240517e-01, 1.797693134862e+308, 6.6017e+02, 8.9256e+01, 
 1DIAGNOSTIC,     2, -8.893390248457e-01, 1.797693134862e+308, 7.4685e+02, 8.6682e+01, 
 1DIAGNOSTIC,     3, -8.909428506678e-01, 1.797693134862e+308, 8.3288e+02, 8.6029e+01, 
 1DIAGNOSTIC,     4, -8.924260251902e-01, 1.797693134862e+308, 9.1917e+02, 8.6288e+01, 
 1DIAGNOSTIC,     5, -8.940008644797e-01, 1.797693134862e+308, 1.0060e+03, 8.6841e+01, 
 1DIAGNOSTIC,     6, -8.955325642656e-01, 1.797693134862e+308, 1.0933e+03, 8.7301e+01, 
 1DIAGNOSTIC,     7, -8.970635634839e-01, 1.797693134862e+308, 1.1808e+03, 8.7457e+01, 
 1DIAGNOSTIC,     8, -8.985514948402e-01, 1.797693134862e+308, 1.2686e+03, 8.7830e+01, 
 1DIAGNOSTIC,     9, -8.999912482383e-01, 1.797693134862e+308, 1.3552e+03, 8.6608e+01, 
 1DIAGNOSTIC,    10, -9.012895668101e-01, 9.640353382443e-04, 1.4431e+03, 8.7884e+01, 
 1DIAGNOSTIC,    11, -9.024791155780e-01, 8.647262223321e-04, 1.5304e+03, 8.7270e+01, 
 1DIAGNOSTIC,    12, -9.035021169909e-01, 7.634896146914e-04, 1.6167e+03, 8.6380e+01, 
 1DIAGNOSTIC,    13, -9.044381158120e-01, 6.704677629249e-04, 1.7030e+03, 8.6272e+01, 
 1DIAGNOSTIC,    14, -9.054391836142e-01, 5.856472072305e-04, 1.7915e+03, 8.8483e+01, 
 1DIAGNOSTIC,    15, -9.063780846575e-01, 5.113031876108e-04, 1.8785e+03, 8.7018e+01, 
 1DIAGNOSTIC,    16, -9.070201668479e-01, 4.420157700782e-04, 1.9662e+03, 8.7701e+01, 
 1DIAGNOSTIC,    17, -9.077391422377e-01, 3.819141891204e-04, 2.0540e+03, 8.7822e+01, 
 1DIAGNOSTIC,    18, -9.083042687358e-01, 3.290105591164e-04, 2.1417e+03, 8.7668e+01, 
 1DIAGNOSTIC,    19, -9.088210944552e-01, 2.834760782537e-04, 2.2290e+03, 8.7344e+01, 
 1DIAGNOSTIC,    20, -9.093068913466e-01, 2.441211576276e-04, 2.3168e+03, 8.7738e+01, 
  Elapsed time (stage 2): 2318


Total elapsed time: 2407
