All_Command_lines_OK
Using double precision for computations.
=============================================================================
The composite transform comprises the following transforms (in order): 
  1. Center of mass alignment using fixed image: /templateflow/tpl-MNI152NLin2009cAsym/tpl-MNI152NLin2009cAsym_res-01_desc-brain_T1w.nii.gz and moving image: /mnt/lustre/mathdugre/ants-amp/datasets/corr/RawDataBIDS/BMB_1/derivatives/antsBrainExtraction/sub-0003044/BrainExtractionBrain.nii.gz (type = Euler3DTransform)
=============================================================================
  number of levels = 4
  number of levels = 4
  number of levels = 4
  fixed image: /templateflow/tpl-MNI152NLin2009cAsym/tpl-MNI152NLin2009cAsym_res-01_desc-brain_T1w.nii.gz
  moving image: /mnt/lustre/mathdugre/ants-amp/datasets/corr/RawDataBIDS/BMB_1/derivatives/antsBrainExtraction/sub-0003044/BrainExtractionBrain.nii.gz
  fixed image: /templateflow/tpl-MNI152NLin2009cAsym/tpl-MNI152NLin2009cAsym_res-01_desc-brain_T1w.nii.gz
  moving image: /mnt/lustre/mathdugre/ants-amp/datasets/corr/RawDataBIDS/BMB_1/derivatives/antsBrainExtraction/sub-0003044/BrainExtractionBrain.nii.gz
  fixed image: /templateflow/tpl-MNI152NLin2009cAsym/tpl-MNI152NLin2009cAsym_res-01_desc-brain_T1w.nii.gz
  moving image: /mnt/lustre/mathdugre/ants-amp/datasets/corr/RawDataBIDS/BMB_1/derivatives/antsBrainExtraction/sub-0003044/BrainExtractionBrain.nii.gz
Dimension = 3
Number of stages = 3
Use histogram matching = false
Winsorize image intensities = true
  Lower quantile = 0.005
  Upper quantile = 0.995


Stage 1 State
   Image metric = MattesMI
     Fixed image = Image (0x557f2dc16360)
  RTTI typeinfo:   itk::Image<double, 3u>
  Reference Count: 2
  Modified Time: 2372
  Debug: Off
  Object Name: 
  Observers: 
    none
  Source: (none)
  Source output name: (none)
  Release Data: Off
  Data Released: False
  Global Release Data: Off
  PipelineMTime: 0
  UpdateMTime: 1981
  RealTimeStamp: 0 seconds 
  LargestPossibleRegion: 
    Dimension: 3
    Index: [0, 0, 0]
    Size: [193, 229, 193]
  BufferedRegion: 
    Dimension: 3
    Index: [0, 0, 0]
    Size: [193, 229, 193]
  RequestedRegion: 
    Dimension: 3
    Index: [0, 0, 0]
    Size: [193, 229, 193]
  Spacing: [1, 1, 1]
  Origin: [96, 132, -78]
  Direction: 
-1 0 0
0 -1 0
0 0 1

  IndexToPointMatrix: 
-1 0 0
0 -1 0
0 0 1

  PointToIndexMatrix: 
-1 0 0
0 -1 0
0 0 1

  Inverse Direction: 
-1 0 0
0 -1 0
0 0 1

  PixelContainer: 
    ImportImageContainer (0x557f2dc19c80)
      RTTI typeinfo:   itk::ImportImageContainer<unsigned long, double>
      Reference Count: 1
      Modified Time: 1978
      Debug: Off
      Object Name: 
      Observers: 
        none
      Pointer: 0x7f88c8e3b010
      Container manages memory: true
      Size: 8530021
      Capacity: 8530021

     Moving image = Image (0x557f2dd23340)
  RTTI typeinfo:   itk::Image<double, 3u>
  Reference Count: 2
  Modified Time: 2373
  Debug: Off
  Object Name: 
  Observers: 
    none
  Source: (none)
  Source output name: (none)
  Release Data: Off
  Data Released: False
  Global Release Data: Off
  PipelineMTime: 0
  UpdateMTime: 2370
  RealTimeStamp: 0 seconds 
  LargestPossibleRegion: 
    Dimension: 3
    Index: [0, 0, 0]
    Size: [176, 256, 256]
  BufferedRegion: 
    Dimension: 3
    Index: [0, 0, 0]
    Size: [176, 256, 256]
  RequestedRegion: 
    Dimension: 3
    Index: [0, 0, 0]
    Size: [176, 256, 256]
  Spacing: [1, 1, 1]
  Origin: [-94.4105, 105.571, -123.895]
  Direction: 
1 0 0
0 -1 0
0 0 1

  IndexToPointMatrix: 
1 0 0
0 -1 0
0 0 1

  PointToIndexMatrix: 
1 0 0
0 -1 0
0 0 1

  Inverse Direction: 
1 0 0
0 -1 0
0 0 1

  PixelContainer: 
    ImportImageContainer (0x557f2dd28710)
      RTTI typeinfo:   itk::ImportImageContainer<unsigned long, double>
      Reference Count: 1
      Modified Time: 2367
      Debug: Off
      Object Name: 
      Observers: 
        none
      Pointer: 0x7f88c363a010
      Container manages memory: true
      Size: 11534336
      Capacity: 11534336

     Weighting = 1
     Sampling strategy = regular
     Number of bins = 32
     Radius = 4
     Sampling percentage  = 0.25
   Transform = Rigid
     Gradient step = 0.1
     Update field sigma (voxel space) = 0
     Total field sigma (voxel space) = 0
     Update field time sigma = 0
     Total field time sigma  = 0
     Number of time indices = 0
     Number of time point samples = 0
Stage 2 State
   Image metric = MattesMI
     Fixed image = Image (0x557f2dd6abd0)
  RTTI typeinfo:   itk::Image<double, 3u>
  Reference Count: 2
  Modified Time: 3150
  Debug: Off
  Object Name: 
  Observers: 
    none
  Source: (none)
  Source output name: (none)
  Release Data: Off
  Data Released: False
  Global Release Data: Off
  PipelineMTime: 0
  UpdateMTime: 2759
  RealTimeStamp: 0 seconds 
  LargestPossibleRegion: 
    Dimension: 3
    Index: [0, 0, 0]
    Size: [193, 229, 193]
  BufferedRegion: 
    Dimension: 3
    Index: [0, 0, 0]
    Size: [193, 229, 193]
  RequestedRegion: 
    Dimension: 3
    Index: [0, 0, 0]
    Size: [193, 229, 193]
  Spacing: [1, 1, 1]
  Origin: [96, 132, -78]
  Direction: 
-1 0 0
0 -1 0
0 0 1

  IndexToPointMatrix: 
-1 0 0
0 -1 0
0 0 1

  PointToIndexMatrix: 
-1 0 0
0 -1 0
0 0 1

  Inverse Direction: 
-1 0 0
0 -1 0
0 0 1

  PixelContainer: 
    ImportImageContainer (0x557f2dd25d80)
      RTTI typeinfo:   itk::ImportImageContainer<unsigned long, double>
      Reference Count: 1
      Modified Time: 2756
      Debug: Off
      Object Name: 
      Observers: 
        none
      Pointer: 0x7f88bf525010
      Container manages memory: true
      Size: 8530021
      Capacity: 8530021

     Moving image = Image (0x557f2dd26010)
  RTTI typeinfo:   itk::Image<double, 3u>
  Reference Count: 2
  Modified Time: 3151
  Debug: Off
  Object Name: 
  Observers: 
    none
  Source: (none)
  Source output name: (none)
  Release Data: Off
  Data Released: False
  Global Release Data: Off
  PipelineMTime: 0
  UpdateMTime: 3148
  RealTimeStamp: 0 seconds 
  LargestPossibleRegion: 
    Dimension: 3
    Index: [0, 0, 0]
    Size: [176, 256, 256]
  BufferedRegion: 
    Dimension: 3
    Index: [0, 0, 0]
    Size: [176, 256, 256]
  RequestedRegion: 
    Dimension: 3
    Index: [0, 0, 0]
    Size: [176, 256, 256]
  Spacing: [1, 1, 1]
  Origin: [-94.4105, 105.571, -123.895]
  Direction: 
1 0 0
0 -1 0
0 0 1

  IndexToPointMatrix: 
1 0 0
0 -1 0
0 0 1

  PointToIndexMatrix: 
1 0 0
0 -1 0
0 0 1

  Inverse Direction: 
1 0 0
0 -1 0
0 0 1

  PixelContainer: 
    ImportImageContainer (0x557f2dd8b150)
      RTTI typeinfo:   itk::ImportImageContainer<unsigned long, double>
      Reference Count: 1
      Modified Time: 3145
      Debug: Off
      Object Name: 
      Observers: 
        none
      Pointer: 0x7f88b9d24010
      Container manages memory: true
      Size: 11534336
      Capacity: 11534336

     Weighting = 1
     Sampling strategy = regular
     Number of bins = 32
     Radius = 4
     Sampling percentage  = 0.25
   Transform = Affine
     Gradient step = 0.1
     Update field sigma (voxel space) = 0
     Total field sigma (voxel space) = 0
     Update field time sigma = 0
     Total field time sigma  = 0
     Number of time indices = 0
     Number of time point samples = 0
Stage 3 State
   Image metric = CC
     Fixed image = Image (0x557f2ddab2a0)
  RTTI typeinfo:   itk::Image<double, 3u>
  Reference Count: 2
  Modified Time: 3928
  Debug: Off
  Object Name: 
  Observers: 
    none
  Source: (none)
  Source output name: (none)
  Release Data: Off
  Data Released: False
  Global Release Data: Off
  PipelineMTime: 0
  UpdateMTime: 3537
  RealTimeStamp: 0 seconds 
  LargestPossibleRegion: 
    Dimension: 3
    Index: [0, 0, 0]
    Size: [193, 229, 193]
  BufferedRegion: 
    Dimension: 3
    Index: [0, 0, 0]
    Size: [193, 229, 193]
  RequestedRegion: 
    Dimension: 3
    Index: [0, 0, 0]
    Size: [193, 229, 193]
  Spacing: [1, 1, 1]
  Origin: [96, 132, -78]
  Direction: 
-1 0 0
0 -1 0
0 0 1

  IndexToPointMatrix: 
-1 0 0
0 -1 0
0 0 1

  PointToIndexMatrix: 
-1 0 0
0 -1 0
0 0 1

  Inverse Direction: 
-1 0 0
0 -1 0
0 0 1

  PixelContainer: 
    ImportImageContainer (0x557f2dd11b50)
      RTTI typeinfo:   itk::ImportImageContainer<unsigned long, double>
      Reference Count: 1
      Modified Time: 3534
      Debug: Off
      Object Name: 
      Observers: 
        none
      Pointer: 0x7f88b5c0f010
      Container manages memory: true
      Size: 8530021
      Capacity: 8530021

     Moving image = Image (0x557f2dd24e30)
  RTTI typeinfo:   itk::Image<double, 3u>
  Reference Count: 2
  Modified Time: 3929
  Debug: Off
  Object Name: 
  Observers: 
    none
  Source: (none)
  Source output name: (none)
  Release Data: Off
  Data Released: False
  Global Release Data: Off
  PipelineMTime: 0
  UpdateMTime: 3926
  RealTimeStamp: 0 seconds 
  LargestPossibleRegion: 
    Dimension: 3
    Index: [0, 0, 0]
    Size: [176, 256, 256]
  BufferedRegion: 
    Dimension: 3
    Index: [0, 0, 0]
    Size: [176, 256, 256]
  RequestedRegion: 
    Dimension: 3
    Index: [0, 0, 0]
    Size: [176, 256, 256]
  Spacing: [1, 1, 1]
  Origin: [-94.4105, 105.571, -123.895]
  Direction: 
1 0 0
0 -1 0
0 0 1

  IndexToPointMatrix: 
1 0 0
0 -1 0
0 0 1

  PointToIndexMatrix: 
1 0 0
0 -1 0
0 0 1

  Inverse Direction: 
1 0 0
0 -1 0
0 0 1

  PixelContainer: 
    ImportImageContainer (0x557f2dd48790)
      RTTI typeinfo:   itk::ImportImageContainer<unsigned long, double>
      Reference Count: 1
      Modified Time: 3923
      Debug: Off
      Object Name: 
      Observers: 
        none
      Pointer: 0x7f88b040e010
      Container manages memory: true
      Size: 11534336
      Capacity: 11534336

     Weighting = 1
     Sampling strategy = none
     Number of bins = 32
     Radius = 4
     Sampling percentage  = 1
   Transform = SyN
     Gradient step = 0.1
     Update field sigma (voxel space) = 3
     Total field sigma (voxel space) = 0
     Update field time sigma = 0
     Total field time sigma  = 0
     Number of time indices = 0
     Number of time point samples = 0
Registration using 3 total stages.

Stage 0
  iterations = 1000x500x250x100
  convergence threshold = 1e-06
  convergence window size = 10
  number of levels = 4
  using the Mattes MI metric (number of bins = 32, weight = 1, use gradient filter = 0)
  preprocessing:  winsorizing the image intensities
  Shrink factors (level 1 out of 4): [8, 8, 8]
  Shrink factors (level 2 out of 4): [4, 4, 4]
  Shrink factors (level 3 out of 4): [2, 2, 2]
  Shrink factors (level 4 out of 4): [1, 1, 1]
  smoothing sigmas per level: [3, 2, 1, 0]
  regular sampling (percentage = 0.25)

*** Running Euler3DTransform registration ***

DIAGNOSTIC,Iteration,metricValue,convergenceValue,ITERATION_TIME_INDEX,SINCE_LAST
 2DIAGNOSTIC,     1, -6.392371811389e-01, 1.797693134862e+308, 3.4073e-01, 3.4073e-01, 
 2DIAGNOSTIC,     2, -6.409305062156e-01, 1.797693134862e+308, 3.4519e-01, 4.4630e-03, 
 2DIAGNOSTIC,     3, -6.436787322425e-01, 1.797693134862e+308, 3.4912e-01, 3.9229e-03, 
 2DIAGNOSTIC,     4, -6.492369997442e-01, 1.797693134862e+308, 3.5259e-01, 3.4699e-03, 
 2DIAGNOSTIC,     5, -6.552236834261e-01, 1.797693134862e+308, 3.5587e-01, 3.2859e-03, 
 2DIAGNOSTIC,     6, -6.584510700044e-01, 1.797693134862e+308, 3.5911e-01, 3.2380e-03, 
 2DIAGNOSTIC,     7, -6.659533602146e-01, 1.797693134862e+308, 3.6320e-01, 4.0948e-03, 
 2DIAGNOSTIC,     8, -6.671515358899e-01, 1.797693134862e+308, 3.6605e-01, 2.8498e-03, 
 2DIAGNOSTIC,     9, -6.677540381111e-01, 1.797693134862e+308, 3.6859e-01, 2.5311e-03, 
 2DIAGNOSTIC,    10, -6.700206972638e-01, 3.428559443975e-03, 3.7309e-01, 4.5049e-03, 
 2DIAGNOSTIC,    11, -6.727421259653e-01, 2.936571419377e-03, 3.7597e-01, 2.8791e-03, 
 2DIAGNOSTIC,    12, -6.757189267478e-01, 2.429317909127e-03, 3.7971e-01, 3.7410e-03, 
 2DIAGNOSTIC,    13, -6.794412607838e-01, 1.993361057381e-03, 3.8302e-01, 3.3069e-03, 
 2DIAGNOSTIC,    14, -6.807742925953e-01, 1.650210602778e-03, 3.8637e-01, 3.3560e-03, 
 2DIAGNOSTIC,    15, -6.814296574533e-01, 1.394185933803e-03, 3.8919e-01, 2.8150e-03, 
 2DIAGNOSTIC,    16, -6.820779494242e-01, 1.141809019092e-03, 3.9204e-01, 2.8470e-03, 
 2DIAGNOSTIC,    17, -6.826304022405e-01, 1.016082993248e-03, 3.9639e-01, 4.3561e-03, 
 2DIAGNOSTIC,    18, -6.828343923326e-01, 8.438018449872e-04, 3.9962e-01, 3.2241e-03, 
 2DIAGNOSTIC,    19, -6.830136265196e-01, 6.294190773181e-04, 4.0329e-01, 3.6769e-03, 
 2DIAGNOSTIC,    20, -6.831490937550e-01, 4.299210320740e-04, 4.0647e-01, 3.1800e-03, 
 2DIAGNOSTIC,    21, -6.833978684687e-01, 2.694155403876e-04, 4.1068e-01, 4.2100e-03, 
 2DIAGNOSTIC,    22, -6.836722500552e-01, 1.597193153071e-04, 4.1349e-01, 2.8059e-03, 
 2DIAGNOSTIC,    23, -6.837828155636e-01, 1.151161103174e-04, 4.1664e-01, 3.1531e-03, 
 2DIAGNOSTIC,    24, -6.838295443675e-01, 8.797863612690e-05, 4.1956e-01, 2.9221e-03, 
 2DIAGNOSTIC,    25, -6.839241622580e-01, 6.749116903528e-05, 4.2245e-01, 2.8901e-03, 
 2DIAGNOSTIC,    26, -6.845849016770e-01, 6.341831915114e-05, 4.2639e-01, 3.9370e-03, 
 2DIAGNOSTIC,    27, -6.847420915580e-01, 6.452989582689e-05, 4.2958e-01, 3.1891e-03, 
 2DIAGNOSTIC,    28, -6.847872010466e-01, 6.338743821498e-05, 4.3234e-01, 2.7580e-03, 
 2DIAGNOSTIC,    29, -6.848355281548e-01, 5.995996849419e-05, 4.3504e-01, 2.7051e-03, 
 2DIAGNOSTIC,    30, -6.849215766843e-01, 5.425576675382e-05, 4.3814e-01, 3.0990e-03, 
 2DIAGNOSTIC,    31, -6.848908703592e-01, 4.660308637840e-05, 4.4096e-01, 2.8131e-03, 
 2DIAGNOSTIC,    32, -6.851601511183e-01, 4.223446824275e-05, 4.4483e-01, 3.8769e-03, 
 2DIAGNOSTIC,    33, -6.852242470955e-01, 3.648685578577e-05, 4.4746e-01, 2.6238e-03, 
 2DIAGNOSTIC,    34, -6.852127125897e-01, 2.824092463272e-05, 4.5014e-01, 2.6889e-03, 
 2DIAGNOSTIC,    35, -6.858293524342e-01, 2.628646982573e-05, 4.5477e-01, 4.6251e-03, 
 2DIAGNOSTIC,    36, -6.858910310312e-01, 3.023268814412e-05, 4.5787e-01, 3.0999e-03, 
 2DIAGNOSTIC,    37, -6.858021196144e-01, 3.196499381542e-05, 4.6064e-01, 2.7661e-03, 
 2DIAGNOSTIC,    38, -6.858266138590e-01, 3.153020305357e-05, 4.6337e-01, 2.7380e-03, 
 2DIAGNOSTIC,    39, -6.858435053917e-01, 2.888074294131e-05, 4.6604e-01, 2.6710e-03, 
 2DIAGNOSTIC,    40, -6.858544474058e-01, 2.463570355109e-05, 4.6896e-01, 2.9192e-03, 
 2DIAGNOSTIC,    41, -6.858650660396e-01, 1.802035783682e-05, 4.7182e-01, 2.8560e-03, 
 2DIAGNOSTIC,    42, -6.858778287967e-01, 1.299207680718e-05, 4.8146e-01, 9.6350e-03, 
 2DIAGNOSTIC,    43, -6.858778287291e-01, 7.742393678949e-06, 4.9058e-01, 9.1228e-03, 
 2DIAGNOSTIC,    44, -6.858778287291e-01, 1.779790344436e-06, 4.9465e-01, 4.0681e-03, 
 2DIAGNOSTIC,    45, -6.858778287291e-01, 1.709959317409e-06, 4.9763e-01, 2.9831e-03, 
 2DIAGNOSTIC,    46, -6.858778287291e-01, 2.136388548901e-06, 5.0102e-01, 3.3951e-03, 
 2DIAGNOSTIC,    47, -6.858778287291e-01, 1.608704963078e-06, 5.0398e-01, 2.9559e-03, 
 2DIAGNOSTIC,    48, -6.858778287291e-01, 1.226703054743e-06, 5.0714e-01, 3.1550e-03, 
DIAGNOSTIC,Iteration,metricValue,convergenceValue,ITERATION_TIME_INDEX,SINCE_LAST
 2DIAGNOSTIC,     1, -5.447549496001e-01, 1.797693134862e+308, 8.7324e-01, 3.6611e-01, 
 2DIAGNOSTIC,     2, -5.450526619879e-01, 1.797693134862e+308, 8.9472e-01, 2.1478e-02, 
 2DIAGNOSTIC,     3, -5.452631108049e-01, 1.797693134862e+308, 9.1497e-01, 2.0251e-02, 
 2DIAGNOSTIC,     4, -5.454098711284e-01, 1.797693134862e+308, 9.3642e-01, 2.1452e-02, 
 2DIAGNOSTIC,     5, -5.455726501311e-01, 1.797693134862e+308, 9.5751e-01, 2.1083e-02, 
 2DIAGNOSTIC,     6, -5.456786349731e-01, 1.797693134862e+308, 9.7956e-01, 2.2048e-02, 
 2DIAGNOSTIC,     7, -5.457399377853e-01, 1.797693134862e+308, 1.0142e+00, 3.4608e-02, 
 2DIAGNOSTIC,     8, -5.457525197854e-01, 1.797693134862e+308, 1.0356e+00, 2.1471e-02, 
 2DIAGNOSTIC,     9, -5.457988196457e-01, 1.797693134862e+308, 1.0566e+00, 2.0942e-02, 
 2DIAGNOSTIC,    10, -5.458475474994e-01, 1.209140935335e-04, 1.0770e+00, 2.0432e-02, 
 2DIAGNOSTIC,    11, -5.458768914214e-01, 8.350265663926e-05, 1.0988e+00, 2.1745e-02, 
 2DIAGNOSTIC,    12, -5.459041286509e-01, 5.909728689973e-05, 1.1189e+00, 2.0117e-02, 
 2DIAGNOSTIC,    13, -5.459309047741e-01, 4.282768675896e-05, 1.1422e+00, 2.3342e-02, 
 2DIAGNOSTIC,    14, -5.460040835284e-01, 3.327414167253e-05, 1.1690e+00, 2.6750e-02, 
 2DIAGNOSTIC,    15, -5.460644692047e-01, 2.975707956446e-05, 1.1941e+00, 2.5146e-02, 
 2DIAGNOSTIC,    16, -5.460819601877e-01, 2.809888668424e-05, 1.2158e+00, 2.1717e-02, 
 2DIAGNOSTIC,    17, -5.460945279535e-01, 2.654879743130e-05, 1.2386e+00, 2.2808e-02, 
 2DIAGNOSTIC,    18, -5.461034233018e-01, 2.350549934105e-05, 1.2643e+00, 2.5694e-02, 
 2DIAGNOSTIC,    19, -5.461125408326e-01, 2.023320048089e-05, 1.2885e+00, 2.4139e-02, 
 2DIAGNOSTIC,    20, -5.461160085449e-01, 1.688693575230e-05, 1.3091e+00, 2.0584e-02, 
 2DIAGNOSTIC,    21, -5.461182743827e-01, 1.322653540458e-05, 1.3342e+00, 2.5198e-02, 
 2DIAGNOSTIC,    22, -5.461182802017e-01, 9.472160037043e-06, 1.4044e+00, 7.0155e-02, 
 2DIAGNOSTIC,    23, -5.461182801985e-01, 5.871870313499e-06, 1.4743e+00, 6.9868e-02, 
 2DIAGNOSTIC,    24, -5.461182801985e-01, 3.706669968601e-06, 1.5034e+00, 2.9108e-02, 
 2DIAGNOSTIC,    25, -5.461182801985e-01, 2.742565090724e-06, 1.5274e+00, 2.4062e-02, 
 2DIAGNOSTIC,    26, -5.461182801985e-01, 2.061612425247e-06, 1.5563e+00, 2.8867e-02, 
 2DIAGNOSTIC,    27, -5.461182801985e-01, 1.592721907417e-06, 1.5800e+00, 2.3701e-02, 
 2DIAGNOSTIC,    28, -5.461182801985e-01, 1.280303073004e-06, 1.6026e+00, 2.2608e-02, 
 2DIAGNOSTIC,    29, -5.461182801985e-01, 1.138268877224e-06, 1.6283e+00, 2.5732e-02, 
 2DIAGNOSTIC,    30, -5.461182801985e-01, 1.060898219017e-06, 1.6523e+00, 2.3936e-02, 
 2DIAGNOSTIC,    31, -5.461182801985e-01, 1.026563440545e-06, 1.6728e+00, 2.0538e-02, 
DIAGNOSTIC,Iteration,metricValue,convergenceValue,ITERATION_TIME_INDEX,SINCE_LAST
 2DIAGNOSTIC,     1, -4.727991420702e-01, 1.797693134862e+308, 2.2516e+00, 5.7875e-01, 
 2DIAGNOSTIC,     2, -4.730904871645e-01, 1.797693134862e+308, 2.3923e+00, 1.4069e-01, 
 2DIAGNOSTIC,     3, -4.733365412719e-01, 1.797693134862e+308, 2.5333e+00, 1.4106e-01, 
 2DIAGNOSTIC,     4, -4.734073381719e-01, 1.797693134862e+308, 2.6752e+00, 1.4186e-01, 
 2DIAGNOSTIC,     5, -4.734078480577e-01, 1.797693134862e+308, 2.8370e+00, 1.6180e-01, 
 2DIAGNOSTIC,     6, -4.734254488200e-01, 1.797693134862e+308, 3.0404e+00, 2.0340e-01, 
 2DIAGNOSTIC,     7, -4.734421776849e-01, 1.797693134862e+308, 3.1774e+00, 1.3703e-01, 
 2DIAGNOSTIC,     8, -4.734537606886e-01, 1.797693134862e+308, 3.3352e+00, 1.5781e-01, 
 2DIAGNOSTIC,     9, -4.734610940677e-01, 1.797693134862e+308, 3.5403e+00, 2.0512e-01, 
 2DIAGNOSTIC,    10, -4.734611181820e-01, 6.846244822378e-05, 3.7652e+00, 2.2481e-01, 
 2DIAGNOSTIC,    11, -4.734611200819e-01, 3.244460499530e-05, 3.9298e+00, 1.6466e-01, 
 2DIAGNOSTIC,    12, -4.734611208665e-01, 1.403541318465e-05, 4.0898e+00, 1.5999e-01, 
 2DIAGNOSTIC,    13, -4.734611215962e-01, 8.701919053666e-06, 4.3101e+00, 2.2026e-01, 
 2DIAGNOSTIC,    14, -4.734611216871e-01, 6.611625654088e-06, 4.5641e+00, 2.5404e-01, 
 2DIAGNOSTIC,    15, -4.734611216882e-01, 4.418686938276e-06, 4.9808e+00, 4.1672e-01, 
 2DIAGNOSTIC,    16, -4.734611216882e-01, 2.941395913419e-06, 5.1748e+00, 1.9400e-01, 
 2DIAGNOSTIC,    17, -4.734611216882e-01, 2.132415303946e-06, 5.3529e+00, 1.7808e-01, 
 2DIAGNOSTIC,    18, -4.734611216882e-01, 1.768567333846e-06, 5.5091e+00, 1.5619e-01, 
 2DIAGNOSTIC,    19, -4.734611216882e-01, 1.674628062130e-06, 5.6549e+00, 1.4581e-01, 
 2DIAGNOSTIC,    20, -4.734611216882e-01, 1.590790662288e-06, 5.8046e+00, 1.4965e-01, 
 2DIAGNOSTIC,    21, -4.734611216882e-01, 1.514986128416e-06, 5.9815e+00, 1.7699e-01, 
 2DIAGNOSTIC,    22, -4.734611216882e-01, 1.446092252159e-06, 6.1390e+00, 1.5747e-01, 
 2DIAGNOSTIC,    23, -4.734611216882e-01, 1.383208619692e-06, 6.2964e+00, 1.5742e-01, 
 2DIAGNOSTIC,    24, -4.734611216882e-01, 1.325568171402e-06, 6.4952e+00, 1.9876e-01, 
 2DIAGNOSTIC,    25, -4.734611216882e-01, 1.272539502793e-06, 6.6533e+00, 1.5812e-01, 
 2DIAGNOSTIC,    26, -4.734611216882e-01, 1.223590402055e-06, 6.8152e+00, 1.6190e-01, 
 2DIAGNOSTIC,    27, -4.734611216882e-01, 1.178267536837e-06, 6.9760e+00, 1.6082e-01, 
 2DIAGNOSTIC,    28, -4.734611216882e-01, 1.136182343049e-06, 7.1410e+00, 1.6497e-01, 
 2DIAGNOSTIC,    29, -4.734611216882e-01, 1.096999856794e-06, 7.3053e+00, 1.6430e-01, 
 2DIAGNOSTIC,    30, -4.734611216882e-01, 1.060429780202e-06, 7.4661e+00, 1.6078e-01, 
 2DIAGNOSTIC,    31, -4.734611216882e-01, 1.026219276626e-06, 7.6628e+00, 1.9666e-01, 
DIAGNOSTIC,Iteration,metricValue,convergenceValue,ITERATION_TIME_INDEX,SINCE_LAST
 2DIAGNOSTIC,     1, -4.304717742295e-01, 1.797693134862e+308, 9.2725e+00, 1.6098e+00, 
 2DIAGNOSTIC,     2, -4.305480187438e-01, 1.797693134862e+308, 1.0222e+01, 9.4947e-01, 
 2DIAGNOSTIC,     3, -4.305832700529e-01, 1.797693134862e+308, 1.1159e+01, 9.3652e-01, 
 2DIAGNOSTIC,     4, -4.306193860512e-01, 1.797693134862e+308, 1.2219e+01, 1.0606e+00, 
 2DIAGNOSTIC,     5, -4.306595359414e-01, 1.797693134862e+308, 1.3401e+01, 1.1823e+00, 
 2DIAGNOSTIC,     6, -4.306713865103e-01, 1.797693134862e+308, 1.4340e+01, 9.3863e-01, 
 2DIAGNOSTIC,     7, -4.307129654818e-01, 1.797693134862e+308, 1.5634e+01, 1.2936e+00, 
 2DIAGNOSTIC,     8, -4.307252000355e-01, 1.797693134862e+308, 1.6809e+01, 1.1757e+00, 
 2DIAGNOSTIC,     9, -4.307250110449e-01, 1.797693134862e+308, 1.8214e+01, 1.4044e+00, 
 2DIAGNOSTIC,    10, -4.307250972045e-01, 3.969300014905e-05, 1.9394e+01, 1.1803e+00, 
 2DIAGNOSTIC,    11, -4.307247631358e-01, 2.763027518798e-05, 2.2446e+01, 3.0521e+00, 
 2DIAGNOSTIC,    12, -4.307247631351e-01, 1.951457546016e-05, 2.4922e+01, 2.4755e+00, 
 2DIAGNOSTIC,    13, -4.307247631351e-01, 1.287784615087e-05, 2.6107e+01, 1.1852e+00, 
 2DIAGNOSTIC,    14, -4.307247631351e-01, 7.926530860361e-06, 2.7173e+01, 1.0665e+00, 
 2DIAGNOSTIC,    15, -4.307247631351e-01, 4.901593300133e-06, 2.8239e+01, 1.0657e+00, 
 2DIAGNOSTIC,    16, -4.307247631351e-01, 2.445595144923e-06, 2.9303e+01, 1.0636e+00, 
 2DIAGNOSTIC,    17, -4.307247631351e-01, 1.836904356844e-06, 3.0356e+01, 1.0529e+00, 
 2DIAGNOSTIC,    18, -4.307247631351e-01, 1.747614558144e-06, 3.1416e+01, 1.0609e+00, 
 2DIAGNOSTIC,    19, -4.307247631351e-01, 1.662768460919e-06, 3.2476e+01, 1.0596e+00, 
 2DIAGNOSTIC,    20, -4.307247631351e-01, 1.590644947071e-06, 3.3545e+01, 1.0685e+00, 
 2DIAGNOSTIC,    21, -4.307247631351e-01, 1.514893220651e-06, 3.4598e+01, 1.0533e+00, 
 2DIAGNOSTIC,    22, -4.307247631351e-01, 1.446028580612e-06, 3.5533e+01, 9.3491e-01, 
 2DIAGNOSTIC,    23, -4.307247631351e-01, 1.383152657318e-06, 3.6589e+01, 1.0564e+00, 
 2DIAGNOSTIC,    24, -4.307247631351e-01, 1.325516802868e-06, 3.7649e+01, 1.0597e+00, 
 2DIAGNOSTIC,    25, -4.307247631351e-01, 1.272492161891e-06, 3.8701e+01, 1.0521e+00, 
 2DIAGNOSTIC,    26, -4.307247631351e-01, 1.223546633011e-06, 3.9861e+01, 1.1603e+00, 
 2DIAGNOSTIC,    27, -4.307247631351e-01, 1.178226950130e-06, 4.0895e+01, 1.0339e+00, 
 2DIAGNOSTIC,    28, -4.307247631351e-01, 1.136144603842e-06, 4.1927e+01, 1.0320e+00, 
 2DIAGNOSTIC,    29, -4.307247631351e-01, 1.096964675588e-06, 4.2948e+01, 1.0212e+00, 
 2DIAGNOSTIC,    30, -4.307247631351e-01, 1.060396905533e-06, 4.3985e+01, 1.0366e+00, 
 2DIAGNOSTIC,    31, -4.307247631351e-01, 1.026188488851e-06, 4.5014e+01, 1.0292e+00, 
  Elapsed time (stage 0): 4.5680e+01


Stage 1
  iterations = 1000x500x250x100
  convergence threshold = 1.0000e-06
  convergence window size = 10
  number of levels = 4
  using the Mattes MI metric (number of bins = 32, weight = 1.0000e+00, use gradient filter = 0)
  preprocessing:  winsorizing the image intensities
  Shrink factors (level 1 out of 4): [8, 8, 8]
  Shrink factors (level 2 out of 4): [4, 4, 4]
  Shrink factors (level 3 out of 4): [2, 2, 2]
  Shrink factors (level 4 out of 4): [1, 1, 1]
  smoothing sigmas per level: [3, 2, 1, 0]
  regular sampling (percentage = 2.5000e-01)

*** Running AffineTransform registration ***

DIAGNOSTIC,Iteration,metricValue,convergenceValue,ITERATION_TIME_INDEX,SINCE_LAST
 2DIAGNOSTIC,     1, -6.797596249040e-01, 1.797693134862e+308, 3.4417e-01, 3.4417e-01, 
 2DIAGNOSTIC,     2, -6.824399066735e-01, 1.797693134862e+308, 3.4966e-01, 5.4910e-03, 
 2DIAGNOSTIC,     3, -6.871777080233e-01, 1.797693134862e+308, 3.5346e-01, 3.7971e-03, 
 2DIAGNOSTIC,     4, -6.947190140294e-01, 1.797693134862e+308, 3.5660e-01, 3.1469e-03, 
 2DIAGNOSTIC,     5, -7.066774049149e-01, 1.797693134862e+308, 3.5976e-01, 3.1559e-03, 
 2DIAGNOSTIC,     6, -7.260764979853e-01, 1.797693134862e+308, 3.6287e-01, 3.1130e-03, 
 2DIAGNOSTIC,     7, -7.610205432901e-01, 1.797693134862e+308, 3.6676e-01, 3.8838e-03, 
 2DIAGNOSTIC,     8, -8.104529866873e-01, 1.797693134862e+308, 3.7219e-01, 5.4350e-03, 
 2DIAGNOSTIC,     9, -8.123098620518e-01, 1.797693134862e+308, 3.7549e-01, 3.2949e-03, 
 2DIAGNOSTIC,    10, -8.142652854434e-01, 1.421103470607e-02, 3.7886e-01, 3.3760e-03, 
 2DIAGNOSTIC,    11, -8.194831088944e-01, 1.335085801573e-02, 3.8213e-01, 3.2649e-03, 
 2DIAGNOSTIC,    12, -8.264464972967e-01, 1.173014224573e-02, 3.8545e-01, 3.3250e-03, 
 2DIAGNOSTIC,    13, -8.369132695432e-01, 9.735091930747e-03, 3.8882e-01, 3.3720e-03, 
 2DIAGNOSTIC,    14, -8.486647654439e-01, 7.681873299676e-03, 3.9258e-01, 3.7611e-03, 
 2DIAGNOSTIC,    15, -8.638457637310e-01, 5.906680851565e-03, 3.9627e-01, 3.6819e-03, 
 2DIAGNOSTIC,    16, -8.674255102600e-01, 4.350556872127e-03, 4.0029e-01, 4.0190e-03, 
 2DIAGNOSTIC,    17, -8.681654844839e-01, 3.334705356693e-03, 4.0431e-01, 4.0290e-03, 
 2DIAGNOSTIC,    18, -8.679760566176e-01, 3.126280732880e-03, 4.0949e-01, 5.1799e-03, 
 2DIAGNOSTIC,    19, -8.680395319724e-01, 2.688289709809e-03, 4.1352e-01, 4.0250e-03, 
 2DIAGNOSTIC,    20, -8.679762264745e-01, 2.079876441919e-03, 4.1717e-01, 3.6500e-03, 
 2DIAGNOSTIC,    21, -8.676276459991e-01, 1.424125594594e-03, 4.2091e-01, 3.7370e-03, 
 2DIAGNOSTIC,    22, -8.675786674939e-01, 8.131313743838e-04, 4.2413e-01, 3.2201e-03, 
 2DIAGNOSTIC,    23, -8.674487342237e-01, 3.409138382810e-04, 4.2812e-01, 3.9909e-03, 
 2DIAGNOSTIC,    24, -8.675042863560e-01, 4.679271331399e-05, 4.3221e-01, 4.0879e-03, 
DIAGNOSTIC,Iteration,metricValue,convergenceValue,ITERATION_TIME_INDEX,SINCE_LAST
 2DIAGNOSTIC,     1, -7.329979671626e-01, 1.797693134862e+308, 8.1355e-01, 3.8134e-01, 
 2DIAGNOSTIC,     2, -7.333904683688e-01, 1.797693134862e+308, 8.3749e-01, 2.3938e-02, 
 2DIAGNOSTIC,     3, -7.338471025845e-01, 1.797693134862e+308, 8.6091e-01, 2.3423e-02, 
 2DIAGNOSTIC,     4, -7.341018843419e-01, 1.797693134862e+308, 8.8472e-01, 2.3809e-02, 
 2DIAGNOSTIC,     5, -7.345346067211e-01, 1.797693134862e+308, 9.0772e-01, 2.2998e-02, 
 2DIAGNOSTIC,     6, -7.347631952200e-01, 1.797693134862e+308, 9.3780e-01, 3.0079e-02, 
 2DIAGNOSTIC,     7, -7.348932091095e-01, 1.797693134862e+308, 9.6407e-01, 2.6271e-02, 
 2DIAGNOSTIC,     8, -7.348925083063e-01, 1.797693134862e+308, 9.9226e-01, 2.8197e-02, 
 2DIAGNOSTIC,     9, -7.348918144689e-01, 1.797693134862e+308, 1.0173e+00, 2.5058e-02, 
 2DIAGNOSTIC,    10, -7.348742004546e-01, 1.707300562055e-04, 1.0464e+00, 2.9103e-02, 
 2DIAGNOSTIC,    11, -7.349068228552e-01, 1.139595049044e-04, 1.0841e+00, 3.7660e-02, 
 2DIAGNOSTIC,    12, -7.349008871798e-01, 6.893416291151e-05, 1.1111e+00, 2.7008e-02, 
 2DIAGNOSTIC,    13, -7.348784919342e-01, 3.782458893004e-05, 1.1390e+00, 2.7894e-02, 
 2DIAGNOSTIC,    14, -7.348853955938e-01, 1.500587519590e-05, 1.1628e+00, 2.3787e-02, 
 2DIAGNOSTIC,    15, -7.348797410561e-01, 4.946520465648e-06, 1.1922e+00, 2.9401e-02, 
 2DIAGNOSTIC,    16, -7.348728669407e-01, 1.143145806584e-06, 1.2216e+00, 2.9418e-02, 
DIAGNOSTIC,Iteration,metricValue,convergenceValue,ITERATION_TIME_INDEX,SINCE_LAST
 2DIAGNOSTIC,     1, -6.200155473744e-01, 1.797693134862e+308, 1.8621e+00, 6.4048e-01, 
 2DIAGNOSTIC,     2, -6.201638281433e-01, 1.797693134862e+308, 2.0288e+00, 1.6677e-01, 
 2DIAGNOSTIC,     3, -6.202503938087e-01, 1.797693134862e+308, 2.1971e+00, 1.6821e-01, 
 2DIAGNOSTIC,     4, -6.205131662269e-01, 1.797693134862e+308, 2.3636e+00, 1.6651e-01, 
 2DIAGNOSTIC,     5, -6.207096188005e-01, 1.797693134862e+308, 2.5321e+00, 1.6857e-01, 
 2DIAGNOSTIC,     6, -6.208761360922e-01, 1.797693134862e+308, 2.8893e+00, 3.5719e-01, 
 2DIAGNOSTIC,     7, -6.208745263658e-01, 1.797693134862e+308, 3.0849e+00, 1.9555e-01, 
 2DIAGNOSTIC,     8, -6.208738073881e-01, 1.797693134862e+308, 3.2779e+00, 1.9297e-01, 
 2DIAGNOSTIC,     9, -6.208718034075e-01, 1.797693134862e+308, 3.4701e+00, 1.9220e-01, 
 2DIAGNOSTIC,    10, -6.208695339923e-01, 9.964660353737e-05, 3.6635e+00, 1.9348e-01, 
 2DIAGNOSTIC,    11, -6.208697903451e-01, 6.846232926616e-05, 3.8528e+00, 1.8930e-01, 
 2DIAGNOSTIC,    12, -6.208686134926e-01, 4.233498384348e-05, 4.0396e+00, 1.8673e-01, 
 2DIAGNOSTIC,    13, -6.208674338527e-01, 1.956782152178e-05, 4.2305e+00, 1.9096e-01, 
 2DIAGNOSTIC,    14, -6.208662326880e-01, 6.937241708485e-06, 4.4231e+00, 1.9261e-01, 
 2DIAGNOSTIC,    15, -6.208650124720e-01, 1.379769862322e-06, 4.6115e+00, 1.8834e-01, 
 2DIAGNOSTIC,    16, -6.208624528160e-01, 1.277704140240e-06, 4.7852e+00, 1.7374e-01, 
 2DIAGNOSTIC,    17, -6.208613061295e-01, 1.179442422949e-06, 4.9752e+00, 1.9001e-01, 
 2DIAGNOSTIC,    18, -6.208614714496e-01, 1.143111766209e-06, 5.1695e+00, 1.9431e-01, 
 2DIAGNOSTIC,    19, -6.208602540262e-01, 1.091282622850e-06, 5.3463e+00, 1.7679e-01, 
 2DIAGNOSTIC,    20, -6.208591153924e-01, 1.021095188763e-06, 5.5269e+00, 1.8056e-01, 
 2DIAGNOSTIC,    21, -6.208594441591e-01, 1.025007188578e-06, 5.7222e+00, 1.9534e-01, 
 2DIAGNOSTIC,    22, -6.208570886640e-01, 1.000491111396e-06, 5.9220e+00, 1.9978e-01, 
DIAGNOSTIC,Iteration,metricValue,convergenceValue,ITERATION_TIME_INDEX,SINCE_LAST
 2DIAGNOSTIC,     1, -5.437875165042e-01, 1.797693134862e+308, 7.8904e+00, 1.9684e+00, 
 2DIAGNOSTIC,     2, -5.440817180417e-01, 1.797693134862e+308, 9.1116e+00, 1.2212e+00, 
 2DIAGNOSTIC,     3, -5.444256911829e-01, 1.797693134862e+308, 1.0324e+01, 1.2127e+00, 
 2DIAGNOSTIC,     4, -5.448209177822e-01, 1.797693134862e+308, 1.1548e+01, 1.2235e+00, 
 2DIAGNOSTIC,     5, -5.457506653087e-01, 1.797693134862e+308, 1.4435e+01, 2.8868e+00, 
 2DIAGNOSTIC,     6, -5.457507735657e-01, 1.797693134862e+308, 1.5766e+01, 1.3312e+00, 
 2DIAGNOSTIC,     7, -5.457503049158e-01, 1.797693134862e+308, 1.7354e+01, 1.5883e+00, 
 2DIAGNOSTIC,     8, -5.457500764506e-01, 1.797693134862e+308, 1.8696e+01, 1.3421e+00, 
 2DIAGNOSTIC,     9, -5.457501231017e-01, 1.797693134862e+308, 1.9918e+01, 1.2220e+00, 
 2DIAGNOSTIC,    10, -5.457499542157e-01, 2.525714985296e-04, 2.1253e+01, 1.3345e+00, 
 2DIAGNOSTIC,    11, -5.457498561061e-01, 1.676726691398e-04, 2.2583e+01, 1.3303e+00, 
 2DIAGNOSTIC,    12, -5.457497335481e-01, 9.537433957398e-05, 2.4173e+01, 1.5900e+00, 
 2DIAGNOSTIC,    13, -5.457496671807e-01, 3.962013368453e-05, 2.5514e+01, 1.3404e+00, 
 2DIAGNOSTIC,    14, -5.457496144162e-01, 2.178984395890e-06, 2.6869e+01, 1.3551e+00, 
 2DIAGNOSTIC,    15, -5.457495313770e-01, 2.041207513473e-06, 2.8220e+01, 1.3511e+00, 
 2DIAGNOSTIC,    16, -5.457494483168e-01, 1.929394478600e-06, 2.9438e+01, 1.2176e+00, 
 2DIAGNOSTIC,    17, -5.457492651076e-01, 1.816524291681e-06, 3.0649e+01, 1.2116e+00, 
 2DIAGNOSTIC,    18, -5.457491459203e-01, 1.711287473859e-06, 3.2011e+01, 1.3623e+00, 
 2DIAGNOSTIC,    19, -5.457492472488e-01, 1.626554576459e-06, 3.3235e+01, 1.2236e+00, 
 2DIAGNOSTIC,    20, -5.457492802403e-01, 1.551140872816e-06, 3.4458e+01, 1.2234e+00, 
 2DIAGNOSTIC,    21, -5.457494307264e-01, 1.488022662748e-06, 3.5813e+01, 1.3550e+00, 
 2DIAGNOSTIC,    22, -5.457491318233e-01, 1.423268643198e-06, 3.7150e+01, 1.3362e+00, 
 2DIAGNOSTIC,    23, -5.457493548448e-01, 1.370160836699e-06, 3.8379e+01, 1.2289e+00, 
 2DIAGNOSTIC,    24, -5.457494547255e-01, 1.323543027253e-06, 3.9591e+01, 1.2123e+00, 
 2DIAGNOSTIC,    25, -5.457498110703e-01, 1.286409680015e-06, 4.0944e+01, 1.3527e+00, 
 2DIAGNOSTIC,    26, -5.457499405068e-01, 1.251768352126e-06, 4.2289e+01, 1.3456e+00, 
 2DIAGNOSTIC,    27, -5.457496884547e-01, 1.208889834951e-06, 4.3771e+01, 1.4815e+00, 
 2DIAGNOSTIC,    28, -5.457500032745e-01, 1.170073591843e-06, 4.5243e+01, 1.4729e+00, 
 2DIAGNOSTIC,    29, -5.457500089406e-01, 1.132367503452e-06, 4.6543e+01, 1.2994e+00, 
 2DIAGNOSTIC,    30, -5.457497653878e-01, 1.090002227651e-06, 4.7981e+01, 1.4380e+00, 
 2DIAGNOSTIC,    31, -5.457497203180e-01, 1.049747939762e-06, 4.9311e+01, 1.3306e+00, 
  Elapsed time (stage 1): 5.0161e+01


Stage 2
  iterations = 100x70x50x20
  convergence threshold = 1.0000e-06
  convergence window size = 10
  number of levels = 4
  using the CC metric (radius = 4, weight = 1.0000e+00, use gradient filter = 0)
  preprocessing:  winsorizing the image intensities
  Shrink factors (level 1 out of 4): [8, 8, 8]
  Shrink factors (level 2 out of 4): [4, 4, 4]
  Shrink factors (level 3 out of 4): [2, 2, 2]
  Shrink factors (level 4 out of 4): [1, 1, 1]
  smoothing sigmas per level: [3, 2, 1, 0]
  Using default NONE metricSamplingStrategy 

*** Running SyN registration (varianceForUpdateField = 3.0000e+00, varianceForTotalField = 0.0000e+00) ***

XXDIAGNOSTIC,Iteration,metricValue,convergenceValue,ITERATION_TIME_INDEX,SINCE_LAST
 1DIAGNOSTIC,     1, -9.342918367761e-01, 1.797693134862e+308, 4.6510e-01, 4.6510e-01, 
 1DIAGNOSTIC,     2, -9.420056821424e-01, 1.797693134862e+308, 6.1900e-01, 1.5390e-01, 
 1DIAGNOSTIC,     3, -9.477997221547e-01, 1.797693134862e+308, 7.7415e-01, 1.5516e-01, 
 1DIAGNOSTIC,     4, -9.513344609022e-01, 1.797693134862e+308, 9.2436e-01, 1.5020e-01, 
 1DIAGNOSTIC,     5, -9.549522375211e-01, 1.797693134862e+308, 1.0789e+00, 1.5454e-01, 
 1DIAGNOSTIC,     6, -9.594021329648e-01, 1.797693134862e+308, 1.2307e+00, 1.5180e-01, 
 1DIAGNOSTIC,     7, -9.612995219982e-01, 1.797693134862e+308, 1.3807e+00, 1.5004e-01, 
 1DIAGNOSTIC,     8, -9.635621133449e-01, 1.797693134862e+308, 1.5367e+00, 1.5596e-01, 
 1DIAGNOSTIC,     9, -9.647599932321e-01, 1.797693134862e+308, 1.6886e+00, 1.5188e-01, 
 1DIAGNOSTIC,    10, -9.672170638561e-01, 2.065040816740e-03, 1.8437e+00, 1.5509e-01, 
 1DIAGNOSTIC,    11, -9.677869545989e-01, 1.530216810776e-03, 1.9962e+00, 1.5250e-01, 
 1DIAGNOSTIC,    12, -9.699207230203e-01, 1.190073008337e-03, 2.1502e+00, 1.5402e-01, 
 1DIAGNOSTIC,    13, -9.701231864847e-01, 9.315162277678e-04, 2.2997e+00, 1.4955e-01, 
 1DIAGNOSTIC,    14, -9.713369553532e-01, 7.258934235979e-04, 2.4511e+00, 1.5139e-01, 
 1DIAGNOSTIC,    15, -9.712733698064e-01, 5.499388959014e-04, 2.6057e+00, 1.5458e-01, 
 1DIAGNOSTIC,    16, -9.722554691321e-01, 4.461818205191e-04, 2.7587e+00, 1.5295e-01, 
 1DIAGNOSTIC,    17, -9.721925672780e-01, 3.448012751388e-04, 2.9125e+00, 1.5384e-01, 
 1DIAGNOSTIC,    18, -9.725030612894e-01, 2.653996596440e-04, 3.0693e+00, 1.5682e-01, 
 1DIAGNOSTIC,    19, -9.722968385495e-01, 1.847691984491e-04, 3.2218e+00, 1.5251e-01, 
 1DIAGNOSTIC,    20, -9.727799771304e-01, 1.388712546037e-04, 3.3768e+00, 1.5500e-01, 
 1DIAGNOSTIC,    21, -9.726173630611e-01, 8.939694577319e-05, 3.5315e+00, 1.5462e-01, 
 1DIAGNOSTIC,    22, -9.731397566054e-01, 7.200903473518e-05, 3.6903e+00, 1.5879e-01, 
 1DIAGNOSTIC,    23, -9.729277476209e-01, 4.900688039366e-05, 3.8413e+00, 1.5107e-01, 
 1DIAGNOSTIC,    24, -9.733747533811e-01, 4.414447569431e-05, 3.9914e+00, 1.5007e-01, 
 1DIAGNOSTIC,    25, -9.731912633489e-01, 3.230461891805e-05, 4.1423e+00, 1.5087e-01, 
 1DIAGNOSTIC,    26, -9.734478152340e-01, 3.258677086886e-05, 4.2902e+00, 1.4794e-01, 
 1DIAGNOSTIC,    27, -9.732040062054e-01, 2.640877520895e-05, 4.4413e+00, 1.5113e-01, 
 1DIAGNOSTIC,    28, -9.737143444924e-01, 2.709169105597e-05, 4.5987e+00, 1.5734e-01, 
 1DIAGNOSTIC,    29, -9.735225112487e-01, 2.096904158944e-05, 4.7503e+00, 1.5160e-01, 
 1DIAGNOSTIC,    30, -9.735197269331e-01, 1.824185307388e-05, 4.9050e+00, 1.5472e-01, 
 1DIAGNOSTIC,    31, -9.732828324153e-01, 1.021232789040e-05, 5.0581e+00, 1.5310e-01, 
 1DIAGNOSTIC,    32, -9.735372220354e-01, 9.076358499206e-06, 5.2137e+00, 1.5565e-01, 
 1DIAGNOSTIC,    33, -9.733563204432e-01, 3.495444289153e-06, 5.3681e+00, 1.5433e-01, 
 1DIAGNOSTIC,    34, -9.738460126940e-01, 6.187467934855e-06, 5.5185e+00, 1.5043e-01, 
 1DIAGNOSTIC,    35, -9.736807336451e-01, 5.195224415760e-06, 5.6732e+00, 1.5465e-01, 
 1DIAGNOSTIC,    36, -9.737505122422e-01, 6.683232848640e-06, 5.8312e+00, 1.5800e-01, 
 1DIAGNOSTIC,    37, -9.735073559187e-01, 3.549141561462e-06, 5.9840e+00, 1.5281e-01, 
 1DIAGNOSTIC,    38, -9.738159550345e-01, 6.707067076613e-06, 6.1337e+00, 1.4974e-01, 
 1DIAGNOSTIC,    39, -9.736505535190e-01, 6.332120913943e-06, 6.2878e+00, 1.5404e-01, 
 1DIAGNOSTIC,    40, -9.739387503375e-01, 7.633477366781e-06, 6.4377e+00, 1.4996e-01, 
 1DIAGNOSTIC,    41, -9.736894808917e-01, 4.693478419207e-06, 6.5924e+00, 1.5469e-01, 
 1DIAGNOSTIC,    42, -9.741135156466e-01, 6.393344611916e-06, 6.7437e+00, 1.5126e-01, 
 1DIAGNOSTIC,    43, -9.740105359670e-01, 5.340749467290e-06, 6.8926e+00, 1.4897e-01, 
 1DIAGNOSTIC,    44, -9.738372162792e-01, 6.047480723838e-06, 7.0467e+00, 1.5403e-01, 
 1DIAGNOSTIC,    45, -9.736205606292e-01, 3.772519625956e-06, 7.1957e+00, 1.4902e-01, 
 1DIAGNOSTIC,    46, -9.736439871641e-01, 1.974494537885e-06, 7.3532e+00, 1.5747e-01, 
 1DIAGNOSTIC,    47, -9.734435985038e-01, -2.749717906793e-06, 7.5053e+00, 1.5216e-01, 
XXDIAGNOSTIC,Iteration,metricValue,convergenceValue,ITERATION_TIME_INDEX,SINCE_LAST
 1DIAGNOSTIC,     1, -9.164839998884e-01, 1.797693134862e+308, 9.0468e+00, 1.5415e+00, 
 1DIAGNOSTIC,     2, -9.193288544274e-01, 1.797693134862e+308, 1.0275e+01, 1.2281e+00, 
 1DIAGNOSTIC,     3, -9.225984836996e-01, 1.797693134862e+308, 1.1504e+01, 1.2289e+00, 
 1DIAGNOSTIC,     4, -9.253816330687e-01, 1.797693134862e+308, 1.2753e+01, 1.2492e+00, 
 1DIAGNOSTIC,     5, -9.276208513967e-01, 1.797693134862e+308, 1.3982e+01, 1.2286e+00, 
 1DIAGNOSTIC,     6, -9.295321073221e-01, 1.797693134862e+308, 1.5220e+01, 1.2381e+00, 
 1DIAGNOSTIC,     7, -9.312460621995e-01, 1.797693134862e+308, 1.6444e+01, 1.2243e+00, 
 1DIAGNOSTIC,     8, -9.328775939258e-01, 1.797693134862e+308, 1.7675e+01, 1.2306e+00, 
 1DIAGNOSTIC,     9, -9.344941495949e-01, 1.797693134862e+308, 1.8868e+01, 1.1938e+00, 
 1DIAGNOSTIC,    10, -9.359699378881e-01, 1.320891933271e-03, 2.0070e+01, 1.2017e+00, 
 1DIAGNOSTIC,    11, -9.374054348737e-01, 1.085232798590e-03, 2.1291e+01, 1.2211e+00, 
 1DIAGNOSTIC,    12, -9.386752080697e-01, 8.954021873295e-04, 2.2514e+01, 1.2232e+00, 
 1DIAGNOSTIC,    13, -9.397403160463e-01, 7.550035901424e-04, 2.3733e+01, 1.2191e+00, 
 1DIAGNOSTIC,    14, -9.406572221662e-01, 6.462478027066e-04, 2.4951e+01, 1.2179e+00, 
 1DIAGNOSTIC,    15, -9.411720498861e-01, 5.486403114180e-04, 2.6189e+01, 1.2380e+00, 
 1DIAGNOSTIC,    16, -9.416383383392e-01, 4.581044964573e-04, 2.7398e+01, 1.2083e+00, 
 1DIAGNOSTIC,    17, -9.421504190986e-01, 3.757741789018e-04, 2.8607e+01, 1.2092e+00, 
 1DIAGNOSTIC,    18, -9.425060218947e-01, 3.012289202703e-04, 2.9826e+01, 1.2190e+00, 
 1DIAGNOSTIC,    19, -9.429268923463e-01, 2.391469613075e-04, 3.1028e+01, 1.2021e+00, 
 1DIAGNOSTIC,    20, -9.432219303679e-01, 1.878763726493e-04, 3.2252e+01, 1.2239e+00, 
 1DIAGNOSTIC,    21, -9.436053706633e-01, 1.502626923891e-04, 3.3469e+01, 1.2168e+00, 
 1DIAGNOSTIC,    22, -9.438700500682e-01, 1.230918033254e-04, 3.4700e+01, 1.2309e+00, 
 1DIAGNOSTIC,    23, -9.442408710211e-01, 1.056277603726e-04, 3.5919e+01, 1.2193e+00, 
 1DIAGNOSTIC,    24, -9.445037353767e-01, 9.464614864452e-05, 3.7166e+01, 1.2471e+00, 
 1DIAGNOSTIC,    25, -9.448792116849e-01, 8.650212961682e-05, 3.8393e+01, 1.2273e+00, 
 1DIAGNOSTIC,    26, -9.451535344692e-01, 7.946147444179e-05, 3.9657e+01, 1.2636e+00, 
 1DIAGNOSTIC,    27, -9.454436021002e-01, 7.451734413186e-05, 4.0895e+01, 1.2381e+00, 
 1DIAGNOSTIC,    28, -9.457293877035e-01, 6.985908399313e-05, 4.2141e+01, 1.2461e+00, 
 1DIAGNOSTIC,    29, -9.460234972356e-01, 6.643761106685e-05, 4.3375e+01, 1.2336e+00, 
 1DIAGNOSTIC,    30, -9.463171594016e-01, 6.291218965408e-05, 4.4599e+01, 1.2243e+00, 
 1DIAGNOSTIC,    31, -9.465907263148e-01, 6.012381537769e-05, 4.5843e+01, 1.2439e+00, 
 1DIAGNOSTIC,    32, -9.468539442562e-01, 5.683527124628e-05, 4.7099e+01, 1.2564e+00, 
 1DIAGNOSTIC,    33, -9.470725913502e-01, 5.381560962539e-05, 4.8336e+01, 1.2364e+00, 
 1DIAGNOSTIC,    34, -9.472536509514e-01, 4.983586459208e-05, 4.9559e+01, 1.2233e+00, 
 1DIAGNOSTIC,    35, -9.473948847317e-01, 4.586465805739e-05, 5.0797e+01, 1.2385e+00, 
 1DIAGNOSTIC,    36, -9.471093837252e-01, 3.770630770534e-05, 5.2034e+01, 1.2370e+00, 
 1DIAGNOSTIC,    37, -9.471208003188e-01, 2.900866128638e-05, 5.3277e+01, 1.2423e+00, 
 1DIAGNOSTIC,    38, -9.468950600874e-01, 1.851297546515e-05, 5.4521e+01, 1.2441e+00, 
 1DIAGNOSTIC,    39, -9.470372968952e-01, 1.023309759948e-05, 5.5749e+01, 1.2284e+00, 
 1DIAGNOSTIC,    40, -9.468019682989e-01, 1.840560011606e-06, 5.6991e+01, 1.2420e+00, 
 1DIAGNOSTIC,    41, -9.470130583033e-01, -2.614140038992e-06, 5.8221e+01, 1.2298e+00, 
XXDIAGNOSTIC,Iteration,metricValue,convergenceValue,ITERATION_TIME_INDEX,SINCE_LAST
 1DIAGNOSTIC,     1, -8.965477600820e-01, 1.797693134862e+308, 6.8454e+01, 1.0233e+01, 
 1DIAGNOSTIC,     2, -8.986281160094e-01, 1.797693134862e+308, 7.8359e+01, 9.9050e+00, 
 1DIAGNOSTIC,     3, -9.011368153044e-01, 1.797693134862e+308, 8.8060e+01, 9.7018e+00, 
 1DIAGNOSTIC,     4, -9.034515794755e-01, 1.797693134862e+308, 9.7978e+01, 9.9177e+00, 
 1DIAGNOSTIC,     5, -9.055719022856e-01, 1.797693134862e+308, 1.0789e+02, 9.9073e+00, 
 1DIAGNOSTIC,     6, -9.074980681472e-01, 1.797693134862e+308, 1.1777e+02, 9.8817e+00, 
 1DIAGNOSTIC,     7, -9.092297225811e-01, 1.797693134862e+308, 1.2761e+02, 9.8426e+00, 
 1DIAGNOSTIC,     8, -9.107988386009e-01, 1.797693134862e+308, 1.3766e+02, 1.0047e+01, 
 1DIAGNOSTIC,     9, -9.122401708987e-01, 1.797693134862e+308, 1.4755e+02, 9.8887e+00, 
 1DIAGNOSTIC,    10, -9.135782165284e-01, 1.218045083521e-03, 1.5761e+02, 1.0060e+01, 
 1DIAGNOSTIC,    11, -9.148414235966e-01, 1.028170356053e-03, 1.6759e+02, 9.9814e+00, 
 1DIAGNOSTIC,    12, -9.160266855954e-01, 8.622256581798e-04, 1.7754e+02, 9.9500e+00, 
 1DIAGNOSTIC,    13, -9.169581764062e-01, 7.261656211940e-04, 1.8757e+02, 1.0029e+01, 
 1DIAGNOSTIC,    14, -9.178406899551e-01, 6.145931721910e-04, 1.9766e+02, 1.0094e+01, 
 1DIAGNOSTIC,    15, -9.186856169514e-01, 5.231590076510e-04, 2.0767e+02, 1.0008e+01, 
 1DIAGNOSTIC,    16, -9.194787909928e-01, 4.478533484263e-04, 2.1781e+02, 1.0141e+01, 
 1DIAGNOSTIC,    17, -9.202144654540e-01, 3.851564990081e-04, 2.2774e+02, 9.9322e+00, 
 1DIAGNOSTIC,    18, -9.209100581920e-01, 3.328864847175e-04, 2.3771e+02, 9.9678e+00, 
 1DIAGNOSTIC,    19, -9.214152341143e-01, 2.870467975716e-04, 2.4784e+02, 1.0129e+01, 
 1DIAGNOSTIC,    20, -9.218836446520e-01, 2.471321509787e-04, 2.5762e+02, 9.7784e+00, 
 1DIAGNOSTIC,    21, -9.223314307558e-01, 2.132077862383e-04, 2.6745e+02, 9.8361e+00, 
 1DIAGNOSTIC,    22, -9.227626803029e-01, 1.852337196159e-04, 2.7733e+02, 9.8783e+00, 
 1DIAGNOSTIC,    23, -9.231848797983e-01, 1.605921068287e-04, 2.8712e+02, 9.7851e+00, 
 1DIAGNOSTIC,    24, -9.236008691605e-01, 1.397307660841e-04, 2.9708e+02, 9.9687e+00, 
 1DIAGNOSTIC,    25, -9.240087616699e-01, 1.229651973758e-04, 3.0690e+02, 9.8118e+00, 
 1DIAGNOSTIC,    26, -9.243950038480e-01, 1.099708653971e-04, 3.1682e+02, 9.9247e+00, 
 1DIAGNOSTIC,    27, -9.247441497879e-01, 1.000002500540e-04, 3.2670e+02, 9.8746e+00, 
 1DIAGNOSTIC,    28, -9.250618223376e-01, 9.254750396430e-05, 3.3677e+02, 1.0070e+01, 
 1DIAGNOSTIC,    29, -9.253643100963e-01, 8.552161247127e-05, 3.4674e+02, 9.9698e+00, 
 1DIAGNOSTIC,    30, -9.256625844063e-01, 7.881474490306e-05, 3.5652e+02, 9.7899e+00, 
 1DIAGNOSTIC,    31, -9.259624299886e-01, 7.256975511691e-05, 3.6644e+02, 9.9148e+00, 
 1DIAGNOSTIC,    32, -9.262565176787e-01, 6.688064571375e-05, 3.7641e+02, 9.9725e+00, 
 1DIAGNOSTIC,    33, -9.265525243263e-01, 6.195717403935e-05, 3.8644e+02, 1.0023e+01, 
 1DIAGNOSTIC,    34, -9.268380051601e-01, 5.784867023974e-05, 3.9651e+02, 1.0077e+01, 
 1DIAGNOSTIC,    35, -9.271153651188e-01, 5.455676198453e-05, 4.0653e+02, 1.0018e+01, 
 1DIAGNOSTIC,    36, -9.273881518383e-01, 5.194657303790e-05, 4.1665e+02, 1.0125e+01, 
 1DIAGNOSTIC,    37, -9.276555337076e-01, 4.971452356527e-05, 4.2657e+02, 9.9167e+00, 
 1DIAGNOSTIC,    38, -9.279162973442e-01, 4.760117062826e-05, 4.3673e+02, 1.0160e+01, 
 1DIAGNOSTIC,    39, -9.281742246241e-01, 4.553221155339e-05, 4.4659e+02, 9.8588e+00, 
 1DIAGNOSTIC,    40, -9.284269910857e-01, 4.351176575138e-05, 4.5648e+02, 9.8911e+00, 
 1DIAGNOSTIC,    41, -9.286782844011e-01, 4.162123210510e-05, 4.6645e+02, 9.9658e+00, 
 1DIAGNOSTIC,    42, -9.289223761938e-01, 3.983223376718e-05, 4.7652e+02, 1.0073e+01, 
 1DIAGNOSTIC,    43, -9.291653748811e-01, 3.822155939496e-05, 4.8660e+02, 1.0079e+01, 
 1DIAGNOSTIC,    44, -9.294056269658e-01, 3.674899513810e-05, 4.9652e+02, 9.9179e+00, 
 1DIAGNOSTIC,    45, -9.296394715322e-01, 3.536252077564e-05, 5.0649e+02, 9.9735e+00, 
 1DIAGNOSTIC,    46, -9.298734539405e-01, 3.408199864800e-05, 5.1651e+02, 1.0015e+01, 
 1DIAGNOSTIC,    47, -9.301025507784e-01, 3.288176861930e-05, 5.2653e+02, 1.0027e+01, 
 1DIAGNOSTIC,    48, -9.303320093055e-01, 3.176189984356e-05, 5.3634e+02, 9.8088e+00, 
 1DIAGNOSTIC,    49, -9.305582614296e-01, 3.072050336640e-05, 5.4632e+02, 9.9817e+00, 
 1DIAGNOSTIC,    50, -9.307845376562e-01, 2.975863539656e-05, 5.5626e+02, 9.9375e+00, 
XXDIAGNOSTIC,Iteration,metricValue,convergenceValue,ITERATION_TIME_INDEX,SINCE_LAST
 1DIAGNOSTIC,     1, -8.855291309336e-01, 1.797693134862e+308, 6.4531e+02, 8.9052e+01, 
 1DIAGNOSTIC,     2, -8.868922597401e-01, 1.797693134862e+308, 7.3072e+02, 8.5407e+01, 
 1DIAGNOSTIC,     3, -8.885440377344e-01, 1.797693134862e+308, 8.1735e+02, 8.6629e+01, 
 1DIAGNOSTIC,     4, -8.900452456420e-01, 1.797693134862e+308, 9.0284e+02, 8.5491e+01, 
 1DIAGNOSTIC,     5, -8.914483160772e-01, 1.797693134862e+308, 9.8909e+02, 8.6246e+01, 
 1DIAGNOSTIC,     6, -8.927546743821e-01, 1.797693134862e+308, 1.0749e+03, 8.5767e+01, 
 1DIAGNOSTIC,     7, -8.940617965519e-01, 1.797693134862e+308, 1.1602e+03, 8.5304e+01, 
 1DIAGNOSTIC,     8, -8.951567859780e-01, 1.797693134862e+308, 1.2457e+03, 8.5492e+01, 
 1DIAGNOSTIC,     9, -8.962922001621e-01, 1.797693134862e+308, 1.3308e+03, 8.5154e+01, 
 1DIAGNOSTIC,    10, -8.972473722267e-01, 8.529422294365e-04, 1.4163e+03, 8.5508e+01, 
 1DIAGNOSTIC,    11, -8.982574119421e-01, 7.354577745643e-04, 1.5015e+03, 8.5162e+01, 
 1DIAGNOSTIC,    12, -8.990949084567e-01, 6.293839585158e-04, 1.5879e+03, 8.6389e+01, 
 1DIAGNOSTIC,    13, -8.999801306260e-01, 5.445126637325e-04, 1.6731e+03, 8.5239e+01, 
 1DIAGNOSTIC,    14, -9.007089642480e-01, 4.725995509236e-04, 1.7585e+03, 8.5421e+01, 
 1DIAGNOSTIC,    15, -9.014101100225e-01, 4.114584724849e-04, 1.8436e+03, 8.5073e+01, 
 1DIAGNOSTIC,    16, -9.020861166694e-01, 3.593038767115e-04, 1.9293e+03, 8.5659e+01, 
 1DIAGNOSTIC,    17, -9.028336167038e-01, 3.183811818896e-04, 2.0154e+03, 8.6114e+01, 
 1DIAGNOSTIC,    18, -9.034535047306e-01, 2.825504888578e-04, 2.1007e+03, 8.5357e+01, 
 1DIAGNOSTIC,    19, -9.041267419502e-01, 2.543976976232e-04, 2.1877e+03, 8.6978e+01, 
 1DIAGNOSTIC,    20, -9.046709792199e-01, 2.290302651415e-04, 2.2732e+03, 8.5471e+01, 
  Elapsed time (stage 2): 2274


Total elapsed time: 2370
