All_Command_lines_OK
Using double precision for computations.
=============================================================================
The composite transform comprises the following transforms (in order): 
  1. Center of mass alignment using fixed image: /templateflow/tpl-MNI152NLin2009cAsym/tpl-MNI152NLin2009cAsym_res-01_desc-brain_T1w.nii.gz and moving image: /mnt/lustre/mathdugre/ants-amp/datasets/corr/RawDataBIDS/BMB_1/derivatives/antsBrainExtraction/sub-0003056/BrainExtractionBrain.nii.gz (type = Euler3DTransform)
=============================================================================
  number of levels = 4
  number of levels = 4
  number of levels = 4
  fixed image: /templateflow/tpl-MNI152NLin2009cAsym/tpl-MNI152NLin2009cAsym_res-01_desc-brain_T1w.nii.gz
  moving image: /mnt/lustre/mathdugre/ants-amp/datasets/corr/RawDataBIDS/BMB_1/derivatives/antsBrainExtraction/sub-0003056/BrainExtractionBrain.nii.gz
  fixed image: /templateflow/tpl-MNI152NLin2009cAsym/tpl-MNI152NLin2009cAsym_res-01_desc-brain_T1w.nii.gz
  moving image: /mnt/lustre/mathdugre/ants-amp/datasets/corr/RawDataBIDS/BMB_1/derivatives/antsBrainExtraction/sub-0003056/BrainExtractionBrain.nii.gz
  fixed image: /templateflow/tpl-MNI152NLin2009cAsym/tpl-MNI152NLin2009cAsym_res-01_desc-brain_T1w.nii.gz
  moving image: /mnt/lustre/mathdugre/ants-amp/datasets/corr/RawDataBIDS/BMB_1/derivatives/antsBrainExtraction/sub-0003056/BrainExtractionBrain.nii.gz
Dimension = 3
Number of stages = 3
Use histogram matching = false
Winsorize image intensities = true
  Lower quantile = 0.005
  Upper quantile = 0.995


Stage 1 State
   Image metric = MattesMI
     Fixed image = Image (0x555ced156360)
  RTTI typeinfo:   itk::Image<double, 3u>
  Reference Count: 2
  Modified Time: 2372
  Debug: Off
  Object Name: 
  Observers: 
    none
  Source: (none)
  Source output name: (none)
  Release Data: Off
  Data Released: False
  Global Release Data: Off
  PipelineMTime: 0
  UpdateMTime: 1981
  RealTimeStamp: 0 seconds 
  LargestPossibleRegion: 
    Dimension: 3
    Index: [0, 0, 0]
    Size: [193, 229, 193]
  BufferedRegion: 
    Dimension: 3
    Index: [0, 0, 0]
    Size: [193, 229, 193]
  RequestedRegion: 
    Dimension: 3
    Index: [0, 0, 0]
    Size: [193, 229, 193]
  Spacing: [1, 1, 1]
  Origin: [96, 132, -78]
  Direction: 
-1 0 0
0 -1 0
0 0 1

  IndexToPointMatrix: 
-1 0 0
0 -1 0
0 0 1

  PointToIndexMatrix: 
-1 0 0
0 -1 0
0 0 1

  Inverse Direction: 
-1 0 0
0 -1 0
0 0 1

  PixelContainer: 
    ImportImageContainer (0x555ced159c80)
      RTTI typeinfo:   itk::ImportImageContainer<unsigned long, double>
      Reference Count: 1
      Modified Time: 1978
      Debug: Off
      Object Name: 
      Observers: 
        none
      Pointer: 0x7f231ada9010
      Container manages memory: true
      Size: 8530021
      Capacity: 8530021

     Moving image = Image (0x555ced263340)
  RTTI typeinfo:   itk::Image<double, 3u>
  Reference Count: 2
  Modified Time: 2373
  Debug: Off
  Object Name: 
  Observers: 
    none
  Source: (none)
  Source output name: (none)
  Release Data: Off
  Data Released: False
  Global Release Data: Off
  PipelineMTime: 0
  UpdateMTime: 2370
  RealTimeStamp: 0 seconds 
  LargestPossibleRegion: 
    Dimension: 3
    Index: [0, 0, 0]
    Size: [175, 256, 256]
  BufferedRegion: 
    Dimension: 3
    Index: [0, 0, 0]
    Size: [175, 256, 256]
  RequestedRegion: 
    Dimension: 3
    Index: [0, 0, 0]
    Size: [175, 256, 256]
  Spacing: [1, 1, 1]
  Origin: [-72.7989, 101.252, -148.073]
  Direction: 
1 0 0
0 -1 0
0 0 1

  IndexToPointMatrix: 
1 0 0
0 -1 0
0 0 1

  PointToIndexMatrix: 
1 0 0
0 -1 0
0 0 1

  Inverse Direction: 
1 0 0
0 -1 0
0 0 1

  PixelContainer: 
    ImportImageContainer (0x555ced268710)
      RTTI typeinfo:   itk::ImportImageContainer<unsigned long, double>
      Reference Count: 1
      Modified Time: 2367
      Debug: Off
      Object Name: 
      Observers: 
        none
      Pointer: 0x7f2315628010
      Container manages memory: true
      Size: 11468800
      Capacity: 11468800

     Weighting = 1
     Sampling strategy = regular
     Number of bins = 32
     Radius = 4
     Sampling percentage  = 0.25
   Transform = Rigid
     Gradient step = 0.1
     Update field sigma (voxel space) = 0
     Total field sigma (voxel space) = 0
     Update field time sigma = 0
     Total field time sigma  = 0
     Number of time indices = 0
     Number of time point samples = 0
Stage 2 State
   Image metric = MattesMI
     Fixed image = Image (0x555ced2aabd0)
  RTTI typeinfo:   itk::Image<double, 3u>
  Reference Count: 2
  Modified Time: 3150
  Debug: Off
  Object Name: 
  Observers: 
    none
  Source: (none)
  Source output name: (none)
  Release Data: Off
  Data Released: False
  Global Release Data: Off
  PipelineMTime: 0
  UpdateMTime: 2759
  RealTimeStamp: 0 seconds 
  LargestPossibleRegion: 
    Dimension: 3
    Index: [0, 0, 0]
    Size: [193, 229, 193]
  BufferedRegion: 
    Dimension: 3
    Index: [0, 0, 0]
    Size: [193, 229, 193]
  RequestedRegion: 
    Dimension: 3
    Index: [0, 0, 0]
    Size: [193, 229, 193]
  Spacing: [1, 1, 1]
  Origin: [96, 132, -78]
  Direction: 
-1 0 0
0 -1 0
0 0 1

  IndexToPointMatrix: 
-1 0 0
0 -1 0
0 0 1

  PointToIndexMatrix: 
-1 0 0
0 -1 0
0 0 1

  Inverse Direction: 
-1 0 0
0 -1 0
0 0 1

  PixelContainer: 
    ImportImageContainer (0x555ced265d80)
      RTTI typeinfo:   itk::ImportImageContainer<unsigned long, double>
      Reference Count: 1
      Modified Time: 2756
      Debug: Off
      Object Name: 
      Observers: 
        none
      Pointer: 0x7f2311513010
      Container manages memory: true
      Size: 8530021
      Capacity: 8530021

     Moving image = Image (0x555ced266010)
  RTTI typeinfo:   itk::Image<double, 3u>
  Reference Count: 2
  Modified Time: 3151
  Debug: Off
  Object Name: 
  Observers: 
    none
  Source: (none)
  Source output name: (none)
  Release Data: Off
  Data Released: False
  Global Release Data: Off
  PipelineMTime: 0
  UpdateMTime: 3148
  RealTimeStamp: 0 seconds 
  LargestPossibleRegion: 
    Dimension: 3
    Index: [0, 0, 0]
    Size: [175, 256, 256]
  BufferedRegion: 
    Dimension: 3
    Index: [0, 0, 0]
    Size: [175, 256, 256]
  RequestedRegion: 
    Dimension: 3
    Index: [0, 0, 0]
    Size: [175, 256, 256]
  Spacing: [1, 1, 1]
  Origin: [-72.7989, 101.252, -148.073]
  Direction: 
1 0 0
0 -1 0
0 0 1

  IndexToPointMatrix: 
1 0 0
0 -1 0
0 0 1

  PointToIndexMatrix: 
1 0 0
0 -1 0
0 0 1

  Inverse Direction: 
1 0 0
0 -1 0
0 0 1

  PixelContainer: 
    ImportImageContainer (0x555ced2cb150)
      RTTI typeinfo:   itk::ImportImageContainer<unsigned long, double>
      Reference Count: 1
      Modified Time: 3145
      Debug: Off
      Object Name: 
      Observers: 
        none
      Pointer: 0x7f230bd92010
      Container manages memory: true
      Size: 11468800
      Capacity: 11468800

     Weighting = 1
     Sampling strategy = regular
     Number of bins = 32
     Radius = 4
     Sampling percentage  = 0.25
   Transform = Affine
     Gradient step = 0.1
     Update field sigma (voxel space) = 0
     Total field sigma (voxel space) = 0
     Update field time sigma = 0
     Total field time sigma  = 0
     Number of time indices = 0
     Number of time point samples = 0
Stage 3 State
   Image metric = CC
     Fixed image = Image (0x555ced2eb2a0)
  RTTI typeinfo:   itk::Image<double, 3u>
  Reference Count: 2
  Modified Time: 3928
  Debug: Off
  Object Name: 
  Observers: 
    none
  Source: (none)
  Source output name: (none)
  Release Data: Off
  Data Released: False
  Global Release Data: Off
  PipelineMTime: 0
  UpdateMTime: 3537
  RealTimeStamp: 0 seconds 
  LargestPossibleRegion: 
    Dimension: 3
    Index: [0, 0, 0]
    Size: [193, 229, 193]
  BufferedRegion: 
    Dimension: 3
    Index: [0, 0, 0]
    Size: [193, 229, 193]
  RequestedRegion: 
    Dimension: 3
    Index: [0, 0, 0]
    Size: [193, 229, 193]
  Spacing: [1, 1, 1]
  Origin: [96, 132, -78]
  Direction: 
-1 0 0
0 -1 0
0 0 1

  IndexToPointMatrix: 
-1 0 0
0 -1 0
0 0 1

  PointToIndexMatrix: 
-1 0 0
0 -1 0
0 0 1

  Inverse Direction: 
-1 0 0
0 -1 0
0 0 1

  PixelContainer: 
    ImportImageContainer (0x555ced251b50)
      RTTI typeinfo:   itk::ImportImageContainer<unsigned long, double>
      Reference Count: 1
      Modified Time: 3534
      Debug: Off
      Object Name: 
      Observers: 
        none
      Pointer: 0x7f2307c7d010
      Container manages memory: true
      Size: 8530021
      Capacity: 8530021

     Moving image = Image (0x555ced264e30)
  RTTI typeinfo:   itk::Image<double, 3u>
  Reference Count: 2
  Modified Time: 3929
  Debug: Off
  Object Name: 
  Observers: 
    none
  Source: (none)
  Source output name: (none)
  Release Data: Off
  Data Released: False
  Global Release Data: Off
  PipelineMTime: 0
  UpdateMTime: 3926
  RealTimeStamp: 0 seconds 
  LargestPossibleRegion: 
    Dimension: 3
    Index: [0, 0, 0]
    Size: [175, 256, 256]
  BufferedRegion: 
    Dimension: 3
    Index: [0, 0, 0]
    Size: [175, 256, 256]
  RequestedRegion: 
    Dimension: 3
    Index: [0, 0, 0]
    Size: [175, 256, 256]
  Spacing: [1, 1, 1]
  Origin: [-72.7989, 101.252, -148.073]
  Direction: 
1 0 0
0 -1 0
0 0 1

  IndexToPointMatrix: 
1 0 0
0 -1 0
0 0 1

  PointToIndexMatrix: 
1 0 0
0 -1 0
0 0 1

  Inverse Direction: 
1 0 0
0 -1 0
0 0 1

  PixelContainer: 
    ImportImageContainer (0x555ced288790)
      RTTI typeinfo:   itk::ImportImageContainer<unsigned long, double>
      Reference Count: 1
      Modified Time: 3923
      Debug: Off
      Object Name: 
      Observers: 
        none
      Pointer: 0x7f23024fc010
      Container manages memory: true
      Size: 11468800
      Capacity: 11468800

     Weighting = 1
     Sampling strategy = none
     Number of bins = 32
     Radius = 4
     Sampling percentage  = 1
   Transform = SyN
     Gradient step = 0.1
     Update field sigma (voxel space) = 3
     Total field sigma (voxel space) = 0
     Update field time sigma = 0
     Total field time sigma  = 0
     Number of time indices = 0
     Number of time point samples = 0
Registration using 3 total stages.

Stage 0
  iterations = 1000x500x250x100
  convergence threshold = 1e-06
  convergence window size = 10
  number of levels = 4
  using the Mattes MI metric (number of bins = 32, weight = 1, use gradient filter = 0)
  preprocessing:  winsorizing the image intensities
  Shrink factors (level 1 out of 4): [8, 8, 8]
  Shrink factors (level 2 out of 4): [4, 4, 4]
  Shrink factors (level 3 out of 4): [2, 2, 2]
  Shrink factors (level 4 out of 4): [1, 1, 1]
  smoothing sigmas per level: [3, 2, 1, 0]
  regular sampling (percentage = 0.25)

*** Running Euler3DTransform registration ***

DIAGNOSTIC,Iteration,metricValue,convergenceValue,ITERATION_TIME_INDEX,SINCE_LAST
 2DIAGNOSTIC,     1, -5.847538640124e-01, 1.797693134862e+308, 3.3121e-01, 3.3121e-01, 
 2DIAGNOSTIC,     2, -5.869232139543e-01, 1.797693134862e+308, 3.3465e-01, 3.4368e-03, 
 2DIAGNOSTIC,     3, -5.900020654407e-01, 1.797693134862e+308, 3.3789e-01, 3.2411e-03, 
 2DIAGNOSTIC,     4, -5.955783178031e-01, 1.797693134862e+308, 3.4115e-01, 3.2530e-03, 
 2DIAGNOSTIC,     5, -6.117014605570e-01, 1.797693134862e+308, 3.4404e-01, 2.8961e-03, 
 2DIAGNOSTIC,     6, -6.244162095345e-01, 1.797693134862e+308, 3.4666e-01, 2.6200e-03, 
 2DIAGNOSTIC,     7, -6.473899943252e-01, 1.797693134862e+308, 3.4974e-01, 3.0751e-03, 
 2DIAGNOSTIC,     8, -6.565550266640e-01, 1.797693134862e+308, 3.5369e-01, 3.9530e-03, 
 2DIAGNOSTIC,     9, -6.588900812284e-01, 1.797693134862e+308, 3.5625e-01, 2.5580e-03, 
 2DIAGNOSTIC,    10, -6.604890174588e-01, 9.677959609032e-03, 3.5999e-01, 3.7460e-03, 
 2DIAGNOSTIC,    11, -6.632072608489e-01, 8.556224668806e-03, 3.6270e-01, 2.7051e-03, 
 2DIAGNOSTIC,    12, -6.710308758220e-01, 7.228320600832e-03, 3.6600e-01, 3.3000e-03, 
 2DIAGNOSTIC,    13, -6.832063801216e-01, 5.980537865916e-03, 3.6990e-01, 3.9010e-03, 
 2DIAGNOSTIC,    14, -6.896626836232e-01, 4.756928420036e-03, 3.7299e-01, 3.0892e-03, 
 2DIAGNOSTIC,    15, -6.923266329593e-01, 3.834648122570e-03, 3.7673e-01, 3.7401e-03, 
 2DIAGNOSTIC,    16, -6.930398272668e-01, 3.045769906177e-03, 3.7938e-01, 2.6498e-03, 
 2DIAGNOSTIC,    17, -6.935636810032e-01, 2.676954585435e-03, 3.8200e-01, 2.6169e-03, 
 2DIAGNOSTIC,    18, -6.950389735902e-01, 2.358518330657e-03, 3.8466e-01, 2.6672e-03, 
 2DIAGNOSTIC,    19, -6.988316762945e-01, 1.996423349918e-03, 3.8843e-01, 3.7649e-03, 
 2DIAGNOSTIC,    20, -7.020027191806e-01, 1.592736853108e-03, 3.9107e-01, 2.6441e-03, 
 2DIAGNOSTIC,    21, -7.050334588683e-01, 1.200181425930e-03, 3.9373e-01, 2.6541e-03, 
 2DIAGNOSTIC,    22, -7.074045843367e-01, 9.292502506801e-04, 3.9727e-01, 3.5491e-03, 
 2DIAGNOSTIC,    23, -7.093206209622e-01, 8.570077974215e-04, 4.0107e-01, 3.7968e-03, 
 2DIAGNOSTIC,    24, -7.102700019113e-01, 8.412221513904e-04, 4.0457e-01, 3.4940e-03, 
 2DIAGNOSTIC,    25, -7.120628475712e-01, 8.235799624340e-04, 4.0771e-01, 3.1481e-03, 
 2DIAGNOSTIC,    26, -7.151901924658e-01, 7.927478777820e-04, 4.1090e-01, 3.1910e-03, 
 2DIAGNOSTIC,    27, -7.202997373939e-01, 7.774919304188e-04, 4.1377e-01, 2.8648e-03, 
 2DIAGNOSTIC,    28, -7.225797986523e-01, 7.448773225617e-04, 4.1714e-01, 3.3731e-03, 
 2DIAGNOSTIC,    29, -7.228376885309e-01, 7.036081373332e-04, 4.1975e-01, 2.6081e-03, 
 2DIAGNOSTIC,    30, -7.239212015869e-01, 6.591486036700e-04, 4.2308e-01, 3.3340e-03, 
 2DIAGNOSTIC,    31, -7.243666764169e-01, 6.013742161086e-04, 4.2572e-01, 2.6400e-03, 
 2DIAGNOSTIC,    32, -7.270937098481e-01, 5.558907116871e-04, 4.2989e-01, 4.1621e-03, 
 2DIAGNOSTIC,    33, -7.281596024212e-01, 4.977475939495e-04, 4.3286e-01, 2.9721e-03, 
 2DIAGNOSTIC,    34, -7.313477692837e-01, 4.476880712061e-04, 4.3553e-01, 2.6670e-03, 
 2DIAGNOSTIC,    35, -7.325212879653e-01, 3.930647110317e-04, 4.3818e-01, 2.6538e-03, 
 2DIAGNOSTIC,    36, -7.330231673045e-01, 3.450401831259e-04, 4.4123e-01, 3.0479e-03, 
 2DIAGNOSTIC,    37, -7.346958387858e-01, 3.426021862485e-04, 4.4465e-01, 3.4180e-03, 
 2DIAGNOSTIC,    38, -7.370028941173e-01, 3.572068445143e-04, 4.4762e-01, 2.9762e-03, 
 2DIAGNOSTIC,    39, -7.437762668373e-01, 4.106231005568e-04, 4.5147e-01, 3.8521e-03, 
 2DIAGNOSTIC,    40, -7.440845237617e-01, 4.351060493064e-04, 4.5413e-01, 2.6579e-03, 
 2DIAGNOSTIC,    41, -7.448065829948e-01, 4.294255295266e-04, 4.5714e-01, 3.0119e-03, 
 2DIAGNOSTIC,    42, -7.449911964193e-01, 4.124465173038e-04, 4.6048e-01, 3.3360e-03, 
 2DIAGNOSTIC,    43, -7.449610182267e-01, 3.656779253129e-04, 4.6331e-01, 2.8300e-03, 
 2DIAGNOSTIC,    44, -7.448535429782e-01, 3.139982356873e-04, 4.6645e-01, 3.1362e-03, 
 2DIAGNOSTIC,    45, -7.452023359085e-01, 2.488277625469e-04, 4.6971e-01, 3.2649e-03, 
 2DIAGNOSTIC,    46, -7.462544544642e-01, 1.773314130234e-04, 4.7239e-01, 2.6779e-03, 
 2DIAGNOSTIC,    47, -7.469843235267e-01, 1.129114091850e-04, 4.7568e-01, 3.2880e-03, 
 2DIAGNOSTIC,    48, -7.473088636461e-01, 6.138996778449e-05, 4.7890e-01, 3.2229e-03, 
 2DIAGNOSTIC,    49, -7.474142282018e-01, 6.347780226555e-05, 4.8765e-01, 8.7490e-03, 
 2DIAGNOSTIC,    50, -7.474142268813e-01, 6.183951348083e-05, 4.9060e-01, 2.9509e-03, 
 2DIAGNOSTIC,    51, -7.474142586644e-01, 5.996613736348e-05, 4.9350e-01, 2.8992e-03, 
 2DIAGNOSTIC,    52, -7.474143124026e-01, 5.384206333036e-05, 4.9596e-01, 2.4641e-03, 
 2DIAGNOSTIC,    53, -7.474144032539e-01, 4.275622552915e-05, 4.9899e-01, 3.0289e-03, 
 2DIAGNOSTIC,    54, -7.474145568274e-01, 2.735184155648e-05, 5.0194e-01, 2.9440e-03, 
 2DIAGNOSTIC,    55, -7.474148163620e-01, 1.241463345281e-05, 5.0449e-01, 2.5508e-03, 
 2DIAGNOSTIC,    56, -7.474152547860e-01, 4.367648399232e-06, 5.0713e-01, 2.6438e-03, 
 2DIAGNOSTIC,    57, -7.474159943211e-01, 1.356629412905e-06, 5.0966e-01, 2.5280e-03, 
DIAGNOSTIC,Iteration,metricValue,convergenceValue,ITERATION_TIME_INDEX,SINCE_LAST
 2DIAGNOSTIC,     1, -6.049210297904e-01, 1.797693134862e+308, 8.4290e-01, 3.3324e-01, 
 2DIAGNOSTIC,     2, -6.052988173621e-01, 1.797693134862e+308, 8.6292e-01, 2.0022e-02, 
 2DIAGNOSTIC,     3, -6.055383998867e-01, 1.797693134862e+308, 8.8329e-01, 2.0364e-02, 
 2DIAGNOSTIC,     4, -6.059411326595e-01, 1.797693134862e+308, 9.0363e-01, 2.0338e-02, 
 2DIAGNOSTIC,     5, -6.067401959326e-01, 1.797693134862e+308, 9.2271e-01, 1.9080e-02, 
 2DIAGNOSTIC,     6, -6.080726185071e-01, 1.797693134862e+308, 9.4185e-01, 1.9140e-02, 
 2DIAGNOSTIC,     7, -6.113458914006e-01, 1.797693134862e+308, 9.6927e-01, 2.7425e-02, 
 2DIAGNOSTIC,     8, -6.122451704610e-01, 1.797693134862e+308, 9.9165e-01, 2.2375e-02, 
 2DIAGNOSTIC,     9, -6.127914195695e-01, 1.797693134862e+308, 1.0138e+00, 2.2115e-02, 
 2DIAGNOSTIC,    10, -6.131832632683e-01, 1.042686419376e-03, 1.0366e+00, 2.2886e-02, 
 2DIAGNOSTIC,    11, -6.137275503628e-01, 9.797528082882e-04, 1.0618e+00, 2.5138e-02, 
 2DIAGNOSTIC,    12, -6.142378050835e-01, 8.721794213428e-04, 1.0841e+00, 2.2318e-02, 
 2DIAGNOSTIC,    13, -6.144792679833e-01, 7.196269481452e-04, 1.1065e+00, 2.2417e-02, 
 2DIAGNOSTIC,    14, -6.145478473018e-01, 5.409415282923e-04, 1.1262e+00, 1.9716e-02, 
 2DIAGNOSTIC,    15, -6.145855373715e-01, 3.635023703203e-04, 1.1490e+00, 2.2773e-02, 
 2DIAGNOSTIC,    16, -6.146273127347e-01, 2.128086173241e-04, 1.1677e+00, 1.8714e-02, 
 2DIAGNOSTIC,    17, -6.146740075740e-01, 1.507336829433e-04, 1.1873e+00, 1.9567e-02, 
 2DIAGNOSTIC,    18, -6.147725564778e-01, 1.074046100835e-04, 1.2097e+00, 2.2360e-02, 
 2DIAGNOSTIC,    19, -6.151522408886e-01, 8.152416291190e-05, 1.2537e+00, 4.4078e-02, 
 2DIAGNOSTIC,    20, -6.151663499308e-01, 5.990245234980e-05, 1.2734e+00, 1.9720e-02, 
 2DIAGNOSTIC,    21, -6.151834826044e-01, 4.721193118290e-05, 1.2933e+00, 1.9808e-02, 
 2DIAGNOSTIC,    22, -6.151953592498e-01, 4.241960254492e-05, 1.3124e+00, 1.9172e-02, 
 2DIAGNOSTIC,    23, -6.152330288477e-01, 3.976854028508e-05, 1.3319e+00, 1.9459e-02, 
 2DIAGNOSTIC,    24, -6.152491031652e-01, 3.523897360665e-05, 1.3508e+00, 1.8880e-02, 
 2DIAGNOSTIC,    25, -6.152766912185e-01, 2.909146149322e-05, 1.3683e+00, 1.7541e-02, 
 2DIAGNOSTIC,    26, -6.153023814924e-01, 2.210899098629e-05, 1.3883e+00, 1.9987e-02, 
 2DIAGNOSTIC,    27, -6.153084477998e-01, 1.461100232832e-05, 1.4082e+00, 1.9953e-02, 
 2DIAGNOSTIC,    28, -6.153176975183e-01, 7.995068965462e-06, 1.4310e+00, 2.2722e-02, 
 2DIAGNOSTIC,    29, -6.153343893008e-01, 7.525172724558e-06, 1.4507e+00, 1.9759e-02, 
 2DIAGNOSTIC,    30, -6.153251269448e-01, 6.544728498377e-06, 1.4703e+00, 1.9542e-02, 
 2DIAGNOSTIC,    31, -6.153494123812e-01, 5.735108550266e-06, 1.4889e+00, 1.8613e-02, 
 2DIAGNOSTIC,    32, -6.153712184709e-01, 5.001073671324e-06, 1.5080e+00, 1.9092e-02, 
 2DIAGNOSTIC,    33, -6.154963420789e-01, 6.212812379530e-06, 1.5267e+00, 1.8731e-02, 
 2DIAGNOSTIC,    34, -6.155439800701e-01, 7.674807691722e-06, 1.5472e+00, 2.0485e-02, 
 2DIAGNOSTIC,    35, -6.156352960774e-01, 9.987331253656e-06, 1.5808e+00, 3.3610e-02, 
 2DIAGNOSTIC,    36, -6.156524971471e-01, 1.185693482808e-05, 1.6021e+00, 2.1276e-02, 
 2DIAGNOSTIC,    37, -6.156514251780e-01, 1.264671583341e-05, 1.6205e+00, 1.8392e-02, 
 2DIAGNOSTIC,    38, -6.156374655840e-01, 1.220493608701e-05, 1.6404e+00, 1.9886e-02, 
 2DIAGNOSTIC,    39, -6.156403482664e-01, 1.093493665679e-05, 1.6573e+00, 1.6942e-02, 
 2DIAGNOSTIC,    40, -6.156421580011e-01, 8.672482933160e-06, 1.6752e+00, 1.7892e-02, 
 2DIAGNOSTIC,    41, -6.156323792227e-01, 5.942160214358e-06, 1.6927e+00, 1.7482e-02, 
 2DIAGNOSTIC,    42, -6.156804885936e-01, 3.607353299732e-06, 1.7106e+00, 1.7924e-02, 
 2DIAGNOSTIC,    43, -6.157210171964e-01, 2.880499511870e-06, 1.7292e+00, 1.8622e-02, 
 2DIAGNOSTIC,    44, -6.158131015589e-01, 3.419566273064e-06, 1.7481e+00, 1.8861e-02, 
 2DIAGNOSTIC,    45, -6.161106110750e-01, 7.656276730075e-06, 1.7754e+00, 2.7308e-02, 
 2DIAGNOSTIC,    46, -6.161608576268e-01, 1.165330313887e-05, 1.8083e+00, 3.2928e-02, 
 2DIAGNOSTIC,    47, -6.161419010149e-01, 1.426460455146e-05, 1.8309e+00, 2.2548e-02, 
 2DIAGNOSTIC,    48, -6.161759715992e-01, 1.570359559997e-05, 1.8585e+00, 2.7660e-02, 
 2DIAGNOSTIC,    49, -6.162006925547e-01, 1.587901394697e-05, 1.8802e+00, 2.1690e-02, 
 2DIAGNOSTIC,    50, -6.161904620201e-01, 1.446693410620e-05, 1.8998e+00, 1.9590e-02, 
 2DIAGNOSTIC,    51, -6.161818298830e-01, 1.161606647497e-05, 1.9194e+00, 1.9555e-02, 
 2DIAGNOSTIC,    52, -6.161929866570e-01, 8.395874630258e-06, 1.9393e+00, 1.9948e-02, 
 2DIAGNOSTIC,    53, -6.162089831020e-01, 5.049436928056e-06, 1.9590e+00, 1.9655e-02, 
 2DIAGNOSTIC,    54, -6.162241372918e-01, 2.240518848669e-06, 1.9786e+00, 1.9636e-02, 
 2DIAGNOSTIC,    55, -6.162522436162e-01, 2.106232324033e-06, 2.0006e+00, 2.1973e-02, 
 2DIAGNOSTIC,    56, -6.162686305033e-01, 2.390135478588e-06, 2.0201e+00, 1.9504e-02, 
 2DIAGNOSTIC,    57, -6.162770089849e-01, 2.395592752454e-06, 2.0405e+00, 2.0446e-02, 
 2DIAGNOSTIC,    58, -6.163738145919e-01, 3.260935518001e-06, 2.0688e+00, 2.8313e-02, 
 2DIAGNOSTIC,    59, -6.163873076798e-01, 4.116624564655e-06, 2.0914e+00, 2.2599e-02, 
 2DIAGNOSTIC,    60, -6.163907791065e-01, 4.555126882438e-06, 2.1112e+00, 1.9793e-02, 
 2DIAGNOSTIC,    61, -6.165368170332e-01, 5.644256209754e-06, 2.1341e+00, 2.2907e-02, 
 2DIAGNOSTIC,    62, -6.168162073992e-01, 8.340681377804e-06, 2.1618e+00, 2.7622e-02, 
 2DIAGNOSTIC,    63, -6.168823365067e-01, 1.074411781963e-05, 2.1841e+00, 2.2385e-02, 
 2DIAGNOSTIC,    64, -6.168734889285e-01, 1.215214593089e-05, 2.2059e+00, 2.1716e-02, 
 2DIAGNOSTIC,    65, -6.168635392445e-01, 1.256738824690e-05, 2.2282e+00, 2.2363e-02, 
 2DIAGNOSTIC,    66, -6.168536399290e-01, 1.184430301684e-05, 2.2501e+00, 2.1909e-02, 
 2DIAGNOSTIC,    67, -6.168545429009e-01, 1.005680158921e-05, 2.2725e+00, 2.2397e-02, 
 2DIAGNOSTIC,    68, -6.168441967187e-01, 7.983953844106e-06, 2.2921e+00, 1.9570e-02, 
 2DIAGNOSTIC,    69, -6.168341900941e-01, 5.312649618963e-06, 2.3116e+00, 1.9456e-02, 
 2DIAGNOSTIC,    70, -6.168355458796e-01, 2.286655423886e-06, 2.3309e+00, 1.9385e-02, 
DIAGNOSTIC,Iteration,metricValue,convergenceValue,ITERATION_TIME_INDEX,SINCE_LAST
 2DIAGNOSTIC,     1, -5.331780118685e-01, 1.797693134862e+308, 2.8747e+00, 5.4372e-01, 
 2DIAGNOSTIC,     2, -5.334260207028e-01, 1.797693134862e+308, 3.0081e+00, 1.3344e-01, 
 2DIAGNOSTIC,     3, -5.334851250223e-01, 1.797693134862e+308, 3.1432e+00, 1.3514e-01, 
 2DIAGNOSTIC,     4, -5.335129163773e-01, 1.797693134862e+308, 3.2796e+00, 1.3637e-01, 
 2DIAGNOSTIC,     5, -5.335411793558e-01, 1.797693134862e+308, 3.4345e+00, 1.5492e-01, 
 2DIAGNOSTIC,     6, -5.335640791468e-01, 1.797693134862e+308, 3.6441e+00, 2.0956e-01, 
 2DIAGNOSTIC,     7, -5.335750144879e-01, 1.797693134862e+308, 3.8547e+00, 2.1063e-01, 
 2DIAGNOSTIC,     8, -5.335748312074e-01, 1.797693134862e+308, 3.9909e+00, 1.3614e-01, 
 2DIAGNOSTIC,     9, -5.335748051794e-01, 1.797693134862e+308, 4.1641e+00, 1.7326e-01, 
 2DIAGNOSTIC,    10, -5.335722386787e-01, 3.620821064171e-05, 4.3002e+00, 1.3605e-01, 
 2DIAGNOSTIC,    11, -5.335713170824e-01, 1.656699661878e-05, 4.4925e+00, 1.9235e-01, 
 2DIAGNOSTIC,    12, -5.335705456433e-01, 9.897056224076e-06, 4.6480e+00, 1.5549e-01, 
 2DIAGNOSTIC,    13, -5.335696685563e-01, 5.978943848184e-06, 4.7834e+00, 1.3537e-01, 
 2DIAGNOSTIC,    14, -5.335689507770e-01, 3.316886607860e-06, 4.9191e+00, 1.3573e-01, 
 2DIAGNOSTIC,    15, -5.335685259838e-01, 1.885900266396e-06, 5.0743e+00, 1.5519e-01, 
 2DIAGNOSTIC,    16, -5.335672545630e-01, 1.365486624869e-06, 5.2276e+00, 1.5328e-01, 
 2DIAGNOSTIC,    17, -5.335672188714e-01, 1.305256075564e-06, 5.3778e+00, 1.5027e-01, 
 2DIAGNOSTIC,    18, -5.335686243255e-01, 1.338815135629e-06, 5.5171e+00, 1.3931e-01, 
 2DIAGNOSTIC,    19, -5.335676591717e-01, 1.380919687335e-06, 5.6580e+00, 1.4082e-01, 
 2DIAGNOSTIC,    20, -5.335670355917e-01, 1.362747116582e-06, 5.7995e+00, 1.4156e-01, 
 2DIAGNOSTIC,    21, -5.335648802516e-01, 1.290805428475e-06, 5.9508e+00, 1.5131e-01, 
 2DIAGNOSTIC,    22, -5.335649965822e-01, 1.231623596193e-06, 6.1019e+00, 1.5109e-01, 
 2DIAGNOSTIC,    23, -5.335638279677e-01, 1.148768758237e-06, 6.2319e+00, 1.2999e-01, 
 2DIAGNOSTIC,    24, -5.335630662432e-01, 1.062154748446e-06, 6.3797e+00, 1.4775e-01, 
 2DIAGNOSTIC,    25, -5.335632610716e-01, 1.004231709664e-06, 6.5286e+00, 1.4894e-01, 
DIAGNOSTIC,Iteration,metricValue,convergenceValue,ITERATION_TIME_INDEX,SINCE_LAST
 2DIAGNOSTIC,     1, -4.830957085526e-01, 1.797693134862e+308, 8.1080e+00, 1.5794e+00, 
 2DIAGNOSTIC,     2, -4.832077222697e-01, 1.797693134862e+308, 9.0066e+00, 8.9863e-01, 
 2DIAGNOSTIC,     3, -4.832379770616e-01, 1.797693134862e+308, 9.9034e+00, 8.9678e-01, 
 2DIAGNOSTIC,     4, -4.832609654109e-01, 1.797693134862e+308, 1.0793e+01, 8.8913e-01, 
 2DIAGNOSTIC,     5, -4.832958068190e-01, 1.797693134862e+308, 1.2004e+01, 1.2112e+00, 
 2DIAGNOSTIC,     6, -4.832991888512e-01, 1.797693134862e+308, 1.3118e+01, 1.1145e+00, 
 2DIAGNOSTIC,     7, -4.833000688002e-01, 1.797693134862e+308, 1.4346e+01, 1.2274e+00, 
 2DIAGNOSTIC,     8, -4.832999280448e-01, 1.797693134862e+308, 1.5347e+01, 1.0018e+00, 
 2DIAGNOSTIC,     9, -4.832996804862e-01, 1.797693134862e+308, 1.6472e+01, 1.1243e+00, 
 2DIAGNOSTIC,    10, -4.832998257395e-01, 2.357453162612e-05, 1.7595e+01, 1.1238e+00, 
 2DIAGNOSTIC,    11, -4.832998474069e-01, 1.227012735296e-05, 1.8604e+01, 1.0082e+00, 
 2DIAGNOSTIC,    12, -4.832996599806e-01, 7.486943539636e-06, 1.9504e+01, 8.9986e-01, 
 2DIAGNOSTIC,    13, -4.832993481490e-01, 4.349652821492e-06, 2.0619e+01, 1.1156e+00, 
 2DIAGNOSTIC,    14, -4.832993806033e-01, 2.415608029910e-06, 2.1616e+01, 9.9713e-01, 
 2DIAGNOSTIC,    15, -4.832993898623e-01, 2.088888491569e-06, 2.2621e+01, 1.0046e+00, 
 2DIAGNOSTIC,    16, -4.832991442464e-01, 1.919889143581e-06, 2.3509e+01, 8.8779e-01, 
 2DIAGNOSTIC,    17, -4.832994544602e-01, 1.818765954044e-06, 2.4390e+01, 8.8155e-01, 
 2DIAGNOSTIC,    18, -4.832997713491e-01, 1.739592931045e-06, 2.5280e+01, 8.9011e-01, 
 2DIAGNOSTIC,    19, -4.833004132831e-01, 1.683041485269e-06, 2.6167e+01, 8.8716e-01, 
 2DIAGNOSTIC,    20, -4.833031481116e-01, 1.715520151012e-06, 2.7055e+01, 8.8764e-01, 
 2DIAGNOSTIC,    21, -4.833036459141e-01, 1.746125148312e-06, 2.8067e+01, 1.0114e+00, 
 2DIAGNOSTIC,    22, -4.833062064795e-01, 1.816670868272e-06, 2.9067e+01, 1.0002e+00, 
 2DIAGNOSTIC,    23, -4.833068844594e-01, 1.854828642296e-06, 3.0062e+01, 9.9516e-01, 
 2DIAGNOSTIC,    24, -4.833075602920e-01, 1.862919176400e-06, 3.1178e+01, 1.1159e+00, 
 2DIAGNOSTIC,    25, -4.833078221833e-01, 1.826181788289e-06, 3.2404e+01, 1.2268e+00, 
 2DIAGNOSTIC,    26, -4.833075431552e-01, 1.728070451346e-06, 3.3410e+01, 1.0060e+00, 
 2DIAGNOSTIC,    27, -4.833070149256e-01, 1.585341249020e-06, 3.4534e+01, 1.1233e+00, 
 2DIAGNOSTIC,    28, -4.833069238308e-01, 1.419464035861e-06, 3.5530e+01, 9.9669e-01, 
 2DIAGNOSTIC,    29, -4.833067096708e-01, 1.245848647143e-06, 3.6429e+01, 8.9863e-01, 
 2DIAGNOSTIC,    30, -4.833065120016e-01, 1.119818796046e-06, 3.7325e+01, 8.9594e-01, 
 2DIAGNOSTIC,    31, -4.833067009018e-01, 1.008429036504e-06, 3.8305e+01, 9.7989e-01, 
  Elapsed time (stage 0): 3.8933e+01


Stage 1
  iterations = 1000x500x250x100
  convergence threshold = 1.0000e-06
  convergence window size = 10
  number of levels = 4
  using the Mattes MI metric (number of bins = 32, weight = 1.0000e+00, use gradient filter = 0)
  preprocessing:  winsorizing the image intensities
  Shrink factors (level 1 out of 4): [8, 8, 8]
  Shrink factors (level 2 out of 4): [4, 4, 4]
  Shrink factors (level 3 out of 4): [2, 2, 2]
  Shrink factors (level 4 out of 4): [1, 1, 1]
  smoothing sigmas per level: [3, 2, 1, 0]
  regular sampling (percentage = 2.5000e-01)

*** Running AffineTransform registration ***

DIAGNOSTIC,Iteration,metricValue,convergenceValue,ITERATION_TIME_INDEX,SINCE_LAST
 2DIAGNOSTIC,     1, -7.429596917145e-01, 1.797693134862e+308, 2.9828e-01, 2.9828e-01, 
 2DIAGNOSTIC,     2, -7.456916018047e-01, 1.797693134862e+308, 3.0188e-01, 3.5989e-03, 
 2DIAGNOSTIC,     3, -7.492881589063e-01, 1.797693134862e+308, 3.0499e-01, 3.1099e-03, 
 2DIAGNOSTIC,     4, -7.553981970794e-01, 1.797693134862e+308, 3.0806e-01, 3.0708e-03, 
 2DIAGNOSTIC,     5, -7.642215194909e-01, 1.797693134862e+308, 3.1117e-01, 3.1059e-03, 
 2DIAGNOSTIC,     6, -7.890447358153e-01, 1.797693134862e+308, 3.1425e-01, 3.0880e-03, 
 2DIAGNOSTIC,     7, -8.272692758308e-01, 1.797693134862e+308, 3.1765e-01, 3.3939e-03, 
 2DIAGNOSTIC,     8, -8.744243404258e-01, 1.797693134862e+308, 3.2101e-01, 3.3591e-03, 
 2DIAGNOSTIC,     9, -8.879815840799e-01, 1.797693134862e+308, 3.2442e-01, 3.4080e-03, 
 2DIAGNOSTIC,    10, -8.900856659262e-01, 1.405894043523e-02, 3.2795e-01, 3.5312e-03, 
 2DIAGNOSTIC,    11, -8.982451395343e-01, 1.358212198402e-02, 3.3219e-01, 4.2450e-03, 
 2DIAGNOSTIC,    12, -9.006766675706e-01, 1.210932853457e-02, 3.3724e-01, 5.0480e-03, 
 2DIAGNOSTIC,    13, -9.007798059052e-01, 9.881404314132e-03, 3.4069e-01, 3.4518e-03, 
 2DIAGNOSTIC,    14, -9.009354252697e-01, 7.270475541339e-03, 3.4449e-01, 3.8011e-03, 
 2DIAGNOSTIC,    15, -9.011130118708e-01, 4.589326906430e-03, 3.4809e-01, 3.5989e-03, 
 2DIAGNOSTIC,    16, -9.013424165416e-01, 2.369786569512e-03, 3.5153e-01, 3.4420e-03, 
 2DIAGNOSTIC,    17, -9.013882392286e-01, 9.470325698098e-04, 3.5492e-01, 3.3848e-03, 
 2DIAGNOSTIC,    18, -9.013894508754e-01, 4.811308136521e-04, 3.5835e-01, 3.4361e-03, 
 2DIAGNOSTIC,    19, -9.011386208714e-01, 2.588198582013e-04, 3.6150e-01, 3.1412e-03, 
 2DIAGNOSTIC,    20, -9.011382725916e-01, 6.798764899324e-05, 3.6500e-01, 3.5062e-03, 
 2DIAGNOSTIC,    21, -9.013980089539e-01, 2.241577229428e-05, 3.6890e-01, 3.9001e-03, 
 2DIAGNOSTIC,    22, -9.014510779593e-01, 1.658192828369e-05, 3.7300e-01, 4.1029e-03, 
 2DIAGNOSTIC,    23, -9.015152591017e-01, 1.233859332099e-05, 3.7691e-01, 3.9039e-03, 
 2DIAGNOSTIC,    24, -9.016265969841e-01, 1.120167694382e-05, 3.8036e-01, 3.4530e-03, 
 2DIAGNOSTIC,    25, -9.017680671031e-01, 1.334949268929e-05, 3.8424e-01, 3.8741e-03, 
 2DIAGNOSTIC,    26, -9.020218479564e-01, 2.016739261140e-05, 3.8816e-01, 3.9198e-03, 
 2DIAGNOSTIC,    27, -9.019956398438e-01, 2.481244655102e-05, 3.9132e-01, 3.1650e-03, 
 2DIAGNOSTIC,    28, -9.018629277509e-01, 2.553542783272e-05, 3.9482e-01, 3.4969e-03, 
 2DIAGNOSTIC,    29, -9.020468495716e-01, 2.325497117270e-05, 3.9842e-01, 3.5980e-03, 
 2DIAGNOSTIC,    30, -9.024087123457e-01, 2.280422879970e-05, 4.0191e-01, 3.4990e-03, 
 2DIAGNOSTIC,    31, -9.022831812530e-01, 2.160009131690e-05, 4.0549e-01, 3.5789e-03, 
 2DIAGNOSTIC,    32, -9.026580430257e-01, 2.302580317123e-05, 4.1012e-01, 4.6289e-03, 
 2DIAGNOSTIC,    33, -9.022405698418e-01, 1.876711841266e-05, 4.1359e-01, 3.4680e-03, 
 2DIAGNOSTIC,    34, -9.021276015685e-01, 1.315315622059e-05, 4.1689e-01, 3.2980e-03, 
 2DIAGNOSTIC,    35, -9.022707691047e-01, 9.251122524853e-06, 4.2040e-01, 3.5112e-03, 
 2DIAGNOSTIC,    36, -9.025102265044e-01, 9.140755798064e-06, 4.2460e-01, 4.2000e-03, 
 2DIAGNOSTIC,    37, -9.023836975133e-01, 6.919126756530e-06, 4.2806e-01, 3.4640e-03, 
 2DIAGNOSTIC,    38, -9.023903086724e-01, 3.268706372680e-06, 4.3117e-01, 3.1090e-03, 
DIAGNOSTIC,Iteration,metricValue,convergenceValue,ITERATION_TIME_INDEX,SINCE_LAST
 2DIAGNOSTIC,     1, -7.377857130888e-01, 1.797693134862e+308, 7.7119e-01, 3.4002e-01, 
 2DIAGNOSTIC,     2, -7.387245157076e-01, 1.797693134862e+308, 7.9448e-01, 2.3290e-02, 
 2DIAGNOSTIC,     3, -7.396197734471e-01, 1.797693134862e+308, 8.1798e-01, 2.3502e-02, 
 2DIAGNOSTIC,     4, -7.404908601097e-01, 1.797693134862e+308, 8.4135e-01, 2.3369e-02, 
 2DIAGNOSTIC,     5, -7.413148298614e-01, 1.797693134862e+308, 8.6457e-01, 2.3224e-02, 
 2DIAGNOSTIC,     6, -7.423930048467e-01, 1.797693134862e+308, 8.9054e-01, 2.5967e-02, 
 2DIAGNOSTIC,     7, -7.444132588423e-01, 1.797693134862e+308, 9.2617e-01, 3.5625e-02, 
 2DIAGNOSTIC,     8, -7.446448759776e-01, 1.797693134862e+308, 9.5805e-01, 3.1881e-02, 
 2DIAGNOSTIC,     9, -7.446497644477e-01, 1.797693134862e+308, 9.8551e-01, 2.7462e-02, 
 2DIAGNOSTIC,    10, -7.445940972563e-01, 6.744619697574e-04, 1.0156e+00, 3.0094e-02, 
 2DIAGNOSTIC,    11, -7.446208251766e-01, 5.268862775169e-04, 1.0478e+00, 3.2169e-02, 
 2DIAGNOSTIC,    12, -7.446008815456e-01, 3.849882111956e-04, 1.0743e+00, 2.6478e-02, 
 2DIAGNOSTIC,    13, -7.445920179234e-01, 2.563043775158e-04, 1.1004e+00, 2.6101e-02, 
 2DIAGNOSTIC,    14, -7.445840732323e-01, 1.471967804580e-04, 1.1231e+00, 2.2767e-02, 
 2DIAGNOSTIC,    15, -7.445802270656e-01, 6.030954161793e-05, 1.1465e+00, 2.3412e-02, 
 2DIAGNOSTIC,    16, -7.445687387747e-01, 3.154924117371e-06, 1.1707e+00, 2.4168e-02, 
DIAGNOSTIC,Iteration,metricValue,convergenceValue,ITERATION_TIME_INDEX,SINCE_LAST
 2DIAGNOSTIC,     1, -6.278287820839e-01, 1.797693134862e+308, 1.7578e+00, 5.8705e-01, 
 2DIAGNOSTIC,     2, -6.283498832008e-01, 1.797693134862e+308, 1.9229e+00, 1.6519e-01, 
 2DIAGNOSTIC,     3, -6.288253555871e-01, 1.797693134862e+308, 2.0916e+00, 1.6862e-01, 
 2DIAGNOSTIC,     4, -6.294009337376e-01, 1.797693134862e+308, 2.2599e+00, 1.6832e-01, 
 2DIAGNOSTIC,     5, -6.303147388675e-01, 1.797693134862e+308, 2.4285e+00, 1.6867e-01, 
 2DIAGNOSTIC,     6, -6.307259503824e-01, 1.797693134862e+308, 2.7995e+00, 3.7096e-01, 
 2DIAGNOSTIC,     7, -6.307220135416e-01, 1.797693134862e+308, 2.9874e+00, 1.8785e-01, 
 2DIAGNOSTIC,     8, -6.307189976258e-01, 1.797693134862e+308, 3.1749e+00, 1.8757e-01, 
 2DIAGNOSTIC,     9, -6.307183312470e-01, 1.797693134862e+308, 3.3417e+00, 1.6675e-01, 
 2DIAGNOSTIC,    10, -6.307167765423e-01, 3.177609249593e-04, 3.5343e+00, 1.9257e-01, 
 2DIAGNOSTIC,    11, -6.307165683211e-01, 2.133990760116e-04, 3.7618e+00, 2.2755e-01, 
 2DIAGNOSTIC,    12, -6.307141882257e-01, 1.273326084253e-04, 3.9729e+00, 2.1106e-01, 
 2DIAGNOSTIC,    13, -6.307143416065e-01, 5.981536475466e-05, 4.1615e+00, 1.8868e-01, 
 2DIAGNOSTIC,    14, -6.307130704962e-01, 1.455971849819e-05, 4.3300e+00, 1.6849e-01, 
 2DIAGNOSTIC,    15, -6.307118765099e-01, 1.307065551473e-06, 4.5187e+00, 1.8863e-01, 
 2DIAGNOSTIC,    16, -6.307107629005e-01, 1.350118741722e-06, 4.6865e+00, 1.6778e-01, 
 2DIAGNOSTIC,    17, -6.307112183136e-01, 1.357028866104e-06, 4.8571e+00, 1.7065e-01, 
 2DIAGNOSTIC,    18, -6.307119904466e-01, 1.353644750533e-06, 5.0690e+00, 2.1187e-01, 
 2DIAGNOSTIC,    19, -6.307122973329e-01, 1.380388850954e-06, 5.2507e+00, 1.8175e-01, 
 2DIAGNOSTIC,    20, -6.307084154258e-01, 1.309679033876e-06, 5.4117e+00, 1.6097e-01, 
 2DIAGNOSTIC,    21, -6.307088672344e-01, 1.281456430538e-06, 5.5945e+00, 1.8282e-01, 
 2DIAGNOSTIC,    22, -6.307065462446e-01, 1.179272395145e-06, 5.7559e+00, 1.6140e-01, 
 2DIAGNOSTIC,    23, -6.307059088515e-01, 1.101454808902e-06, 5.9363e+00, 1.8037e-01, 
DIAGNOSTIC,Iteration,metricValue,convergenceValue,ITERATION_TIME_INDEX,SINCE_LAST
 2DIAGNOSTIC,     1, -5.567560302083e-01, 1.797693134862e+308, 7.7751e+00, 1.8388e+00, 
 2DIAGNOSTIC,     2, -5.570771559730e-01, 1.797693134862e+308, 8.9109e+00, 1.1358e+00, 
 2DIAGNOSTIC,     3, -5.573329811454e-01, 1.797693134862e+308, 1.0070e+01, 1.1587e+00, 
 2DIAGNOSTIC,     4, -5.576519310189e-01, 1.797693134862e+308, 1.1218e+01, 1.1488e+00, 
 2DIAGNOSTIC,     5, -5.578902793444e-01, 1.797693134862e+308, 1.2610e+01, 1.3915e+00, 
 2DIAGNOSTIC,     6, -5.579651213428e-01, 1.797693134862e+308, 1.4499e+01, 1.8892e+00, 
 2DIAGNOSTIC,     7, -5.579657926349e-01, 1.797693134862e+308, 1.6138e+01, 1.6389e+00, 
 2DIAGNOSTIC,     8, -5.579657014667e-01, 1.797693134862e+308, 1.7672e+01, 1.5336e+00, 
 2DIAGNOSTIC,     9, -5.579655305543e-01, 1.797693134862e+308, 1.8944e+01, 1.2720e+00, 
 2DIAGNOSTIC,    10, -5.579653296581e-01, 1.351067903101e-04, 2.0223e+01, 1.2796e+00, 
 2DIAGNOSTIC,    11, -5.579652876865e-01, 8.147061308367e-05, 2.1467e+01, 1.2436e+00, 
 2DIAGNOSTIC,    12, -5.579652332046e-01, 4.337196217424e-05, 2.2742e+01, 1.2754e+00, 
 2DIAGNOSTIC,    13, -5.579648810360e-01, 1.727680342851e-05, 2.3885e+01, 1.1427e+00, 
 2DIAGNOSTIC,    14, -5.579650107188e-01, 4.962944036735e-06, 2.5156e+01, 1.2711e+00, 
 2DIAGNOSTIC,    15, -5.579657683386e-01, 2.095703395252e-06, 2.6552e+01, 1.3963e+00, 
 2DIAGNOSTIC,    16, -5.579654115986e-01, 1.959959052222e-06, 2.7837e+01, 1.2844e+00, 
 2DIAGNOSTIC,    17, -5.579651891515e-01, 1.856932831203e-06, 2.9119e+01, 1.2819e+00, 
 2DIAGNOSTIC,    18, -5.579651222811e-01, 1.762875109709e-06, 3.0625e+01, 1.5066e+00, 
 2DIAGNOSTIC,    19, -5.579650003339e-01, 1.671161911923e-06, 3.1906e+01, 1.2803e+00, 
 2DIAGNOSTIC,    20, -5.579648727538e-01, 1.580123146445e-06, 3.3175e+01, 1.2693e+00, 
 2DIAGNOSTIC,    21, -5.579647451321e-01, 1.494759948067e-06, 3.4319e+01, 1.1438e+00, 
 2DIAGNOSTIC,    22, -5.579646282920e-01, 1.415779235424e-06, 3.5584e+01, 1.2655e+00, 
 2DIAGNOSTIC,    23, -5.579646515943e-01, 1.339274636206e-06, 3.6862e+01, 1.2780e+00, 
 2DIAGNOSTIC,    24, -5.579645415441e-01, 1.273039097270e-06, 3.8013e+01, 1.1508e+00, 
 2DIAGNOSTIC,    25, -5.579644541006e-01, 1.230933980544e-06, 3.9155e+01, 1.1420e+00, 
 2DIAGNOSTIC,    26, -5.579642610504e-01, 1.185382478723e-06, 4.0430e+01, 1.2749e+00, 
 2DIAGNOSTIC,    27, -5.579641785529e-01, 1.141127081432e-06, 4.1575e+01, 1.1452e+00, 
 2DIAGNOSTIC,    28, -5.579642504361e-01, 1.103619858896e-06, 4.2849e+01, 1.2744e+00, 
 2DIAGNOSTIC,    29, -5.579640656949e-01, 1.066329690776e-06, 4.4244e+01, 1.3942e+00, 
 2DIAGNOSTIC,    30, -5.579639632988e-01, 1.030701081879e-06, 4.5523e+01, 1.2792e+00, 
  Elapsed time (stage 1): 4.6338e+01


Stage 2
  iterations = 100x70x50x20
  convergence threshold = 1.0000e-06
  convergence window size = 10
  number of levels = 4
  using the CC metric (radius = 4, weight = 1.0000e+00, use gradient filter = 0)
  preprocessing:  winsorizing the image intensities
  Shrink factors (level 1 out of 4): [8, 8, 8]
  Shrink factors (level 2 out of 4): [4, 4, 4]
  Shrink factors (level 3 out of 4): [2, 2, 2]
  Shrink factors (level 4 out of 4): [1, 1, 1]
  smoothing sigmas per level: [3, 2, 1, 0]
  Using default NONE metricSamplingStrategy 

*** Running SyN registration (varianceForUpdateField = 3.0000e+00, varianceForTotalField = 0.0000e+00) ***

XXDIAGNOSTIC,Iteration,metricValue,convergenceValue,ITERATION_TIME_INDEX,SINCE_LAST
 1DIAGNOSTIC,     1, -9.299405523981e-01, 1.797693134862e+308, 4.4613e-01, 4.4613e-01, 
 1DIAGNOSTIC,     2, -9.383089836954e-01, 1.797693134862e+308, 6.0744e-01, 1.6131e-01, 
 1DIAGNOSTIC,     3, -9.440930990642e-01, 1.797693134862e+308, 7.6605e-01, 1.5861e-01, 
 1DIAGNOSTIC,     4, -9.486386350425e-01, 1.797693134862e+308, 9.2123e-01, 1.5518e-01, 
 1DIAGNOSTIC,     5, -9.527340807097e-01, 1.797693134862e+308, 1.0823e+00, 1.6105e-01, 
 1DIAGNOSTIC,     6, -9.571803627389e-01, 1.797693134862e+308, 1.2412e+00, 1.5892e-01, 
 1DIAGNOSTIC,     7, -9.614066878866e-01, 1.797693134862e+308, 1.4045e+00, 1.6335e-01, 
 1DIAGNOSTIC,     8, -9.645960873815e-01, 1.797693134862e+308, 1.5612e+00, 1.5660e-01, 
 1DIAGNOSTIC,     9, -9.659591827531e-01, 1.797693134862e+308, 1.7161e+00, 1.5495e-01, 
 1DIAGNOSTIC,    10, -9.660445201371e-01, 2.429545764133e-03, 1.8771e+00, 1.6098e-01, 
 1DIAGNOSTIC,    11, -9.676041406933e-01, 1.813492250970e-03, 2.0352e+00, 1.5808e-01, 
 1DIAGNOSTIC,    12, -9.695437419839e-01, 1.390485141076e-03, 2.1920e+00, 1.5683e-01, 
 1DIAGNOSTIC,    13, -9.696853431783e-01, 1.040981395134e-03, 2.3624e+00, 1.7044e-01, 
 1DIAGNOSTIC,    14, -9.698463175353e-01, 7.478892070246e-04, 2.5171e+00, 1.5464e-01, 
 1DIAGNOSTIC,    15, -9.697080982846e-01, 5.044127941481e-04, 2.6800e+00, 1.6295e-01, 
 1DIAGNOSTIC,    16, -9.703496954512e-01, 3.383064069702e-04, 2.8364e+00, 1.5637e-01, 
 1DIAGNOSTIC,    17, -9.703527217756e-01, 2.324236485026e-04, 2.9901e+00, 1.5374e-01, 
 1DIAGNOSTIC,    18, -9.704289220106e-01, 1.705462089617e-04, 3.1388e+00, 1.4871e-01, 
 1DIAGNOSTIC,    19, -9.701256123064e-01, 1.169512802345e-04, 3.2875e+00, 1.4871e-01, 
 1DIAGNOSTIC,    20, -9.706624990944e-01, 6.710596333304e-05, 3.4408e+00, 1.5324e-01, 
 1DIAGNOSTIC,    21, -9.707604633008e-01, 3.815979762064e-05, 3.5953e+00, 1.5452e-01, 
 1DIAGNOSTIC,    22, -9.705673203190e-01, 3.178513346229e-05, 3.7449e+00, 1.4961e-01, 
 1DIAGNOSTIC,    23, -9.702826328246e-01, 2.154669419512e-05, 3.8979e+00, 1.5302e-01, 
 1DIAGNOSTIC,    24, -9.706749273184e-01, 1.735369803066e-05, 4.0563e+00, 1.5835e-01, 
 1DIAGNOSTIC,    25, -9.705610705891e-01, 8.510181355691e-06, 4.2097e+00, 1.5342e-01, 
 1DIAGNOSTIC,    26, -9.705807508761e-01, 7.132599213450e-06, 4.3611e+00, 1.5144e-01, 
 1DIAGNOSTIC,    27, -9.703431426269e-01, 2.863968980769e-06, 4.5143e+00, 1.5315e-01, 
 1DIAGNOSTIC,    28, -9.706827301547e-01, 3.395712529719e-06, 4.6666e+00, 1.5227e-01, 
 1DIAGNOSTIC,    29, -9.705004632544e-01, -1.610485560764e-06, 4.8188e+00, 1.5225e-01, 
XXDIAGNOSTIC,Iteration,metricValue,convergenceValue,ITERATION_TIME_INDEX,SINCE_LAST
 1DIAGNOSTIC,     1, -9.104048620340e-01, 1.797693134862e+308, 6.3400e+00, 1.5212e+00, 
 1DIAGNOSTIC,     2, -9.126793545328e-01, 1.797693134862e+308, 7.5517e+00, 1.2117e+00, 
 1DIAGNOSTIC,     3, -9.163867218178e-01, 1.797693134862e+308, 8.7724e+00, 1.2207e+00, 
 1DIAGNOSTIC,     4, -9.197279686012e-01, 1.797693134862e+308, 1.0000e+01, 1.2280e+00, 
 1DIAGNOSTIC,     5, -9.226334130983e-01, 1.797693134862e+308, 1.1217e+01, 1.2166e+00, 
 1DIAGNOSTIC,     6, -9.249793612793e-01, 1.797693134862e+308, 1.2432e+01, 1.2146e+00, 
 1DIAGNOSTIC,     7, -9.271366064261e-01, 1.797693134862e+308, 1.3662e+01, 1.2308e+00, 
 1DIAGNOSTIC,     8, -9.290363410742e-01, 1.797693134862e+308, 1.4898e+01, 1.2357e+00, 
 1DIAGNOSTIC,     9, -9.305823868814e-01, 1.797693134862e+308, 1.6142e+01, 1.2436e+00, 
 1DIAGNOSTIC,    10, -9.318659814126e-01, 1.538277438713e-03, 1.7368e+01, 1.2264e+00, 
 1DIAGNOSTIC,    11, -9.329385969150e-01, 1.254870977374e-03, 1.8594e+01, 1.2263e+00, 
 1DIAGNOSTIC,    12, -9.336718293107e-01, 9.824244239848e-04, 1.9834e+01, 1.2393e+00, 
 1DIAGNOSTIC,    13, -9.343165304572e-01, 7.653876367324e-04, 2.1072e+01, 1.2386e+00, 
 1DIAGNOSTIC,    14, -9.348146118980e-01, 5.934681434393e-04, 2.2315e+01, 1.2429e+00, 
 1DIAGNOSTIC,    15, -9.353887968862e-01, 4.611491277570e-04, 2.3572e+01, 1.2564e+00, 
 1DIAGNOSTIC,    16, -9.358290643494e-01, 3.560780055700e-04, 2.4824e+01, 1.2520e+00, 
 1DIAGNOSTIC,    17, -9.362743967131e-01, 2.772378076508e-04, 2.6071e+01, 1.2471e+00, 
 1DIAGNOSTIC,    18, -9.367091253181e-01, 2.210983594001e-04, 2.7306e+01, 1.2355e+00, 
 1DIAGNOSTIC,    19, -9.371362277707e-01, 1.819897769189e-04, 2.8542e+01, 1.2360e+00, 
 1DIAGNOSTIC,    20, -9.375739295181e-01, 1.560338984445e-04, 2.9793e+01, 1.2505e+00, 
 1DIAGNOSTIC,    21, -9.380223795566e-01, 1.400946993645e-04, 3.1034e+01, 1.2409e+00, 
 1DIAGNOSTIC,    22, -9.384776640229e-01, 1.289929286409e-04, 3.2256e+01, 1.2227e+00, 
 1DIAGNOSTIC,    23, -9.388916018436e-01, 1.208479559605e-04, 3.3480e+01, 1.2238e+00, 
 1DIAGNOSTIC,    24, -9.392772427189e-01, 1.132672287045e-04, 3.4713e+01, 1.2324e+00, 
 1DIAGNOSTIC,    25, -9.396355151730e-01, 1.070610205628e-04, 3.5941e+01, 1.2283e+00, 
 1DIAGNOSTIC,    26, -9.399555078449e-01, 1.001919758420e-04, 3.7167e+01, 1.2260e+00, 
 1DIAGNOSTIC,    27, -9.402555247028e-01, 9.282956857795e-05, 3.8398e+01, 1.2313e+00, 
 1DIAGNOSTIC,    28, -9.405404349695e-01, 8.509903647113e-05, 3.9634e+01, 1.2353e+00, 
 1DIAGNOSTIC,    29, -9.408038394723e-01, 7.714939881290e-05, 4.0861e+01, 1.2275e+00, 
 1DIAGNOSTIC,    30, -9.410511600677e-01, 6.941805042245e-05, 4.2098e+01, 1.2367e+00, 
 1DIAGNOSTIC,    31, -9.412778424169e-01, 6.226910548384e-05, 4.3327e+01, 1.2292e+00, 
 1DIAGNOSTIC,    32, -9.414877959084e-01, 5.602606191289e-05, 4.4556e+01, 1.2290e+00, 
 1DIAGNOSTIC,    33, -9.416641717986e-01, 5.032272410296e-05, 4.5779e+01, 1.2230e+00, 
 1DIAGNOSTIC,    34, -9.418301157474e-01, 4.515124772372e-05, 4.7031e+01, 1.2521e+00, 
 1DIAGNOSTIC,    35, -9.419833482912e-01, 4.047245079116e-05, 4.8275e+01, 1.2442e+00, 
 1DIAGNOSTIC,    36, -9.421198972447e-01, 3.610332395077e-05, 4.9531e+01, 1.2553e+00, 
 1DIAGNOSTIC,    37, -9.422427092145e-01, 3.205383214513e-05, 5.0775e+01, 1.2440e+00, 
 1DIAGNOSTIC,    38, -9.423547181016e-01, 2.838904602866e-05, 5.2000e+01, 1.2257e+00, 
 1DIAGNOSTIC,    39, -9.424549654093e-01, 2.508923669749e-05, 5.3244e+01, 1.2437e+00, 
 1DIAGNOSTIC,    40, -9.425487723774e-01, 2.220140107767e-05, 5.4515e+01, 1.2711e+00, 
 1DIAGNOSTIC,    41, -9.426345627244e-01, 1.969909795630e-05, 5.5751e+01, 1.2364e+00, 
 1DIAGNOSTIC,    42, -9.427163058861e-01, 1.759775418810e-05, 5.6989e+01, 1.2371e+00, 
 1DIAGNOSTIC,    43, -9.427918718519e-01, 1.574435072439e-05, 5.8228e+01, 1.2394e+00, 
 1DIAGNOSTIC,    44, -9.428661545478e-01, 1.418009052447e-05, 5.9468e+01, 1.2402e+00, 
 1DIAGNOSTIC,    45, -9.429372341885e-01, 1.289471832476e-05, 6.0714e+01, 1.2459e+00, 
 1DIAGNOSTIC,    46, -9.430035469851e-01, 1.182238724046e-05, 6.1955e+01, 1.2406e+00, 
 1DIAGNOSTIC,    47, -9.430646278390e-01, 1.090417343827e-05, 6.3186e+01, 1.2310e+00, 
 1DIAGNOSTIC,    48, -9.431255855802e-01, 1.012680045660e-05, 6.4424e+01, 1.2388e+00, 
 1DIAGNOSTIC,    49, -9.431808785561e-01, 9.425842680641e-06, 6.5663e+01, 1.2381e+00, 
 1DIAGNOSTIC,    50, -9.432353473875e-01, 8.801240139633e-06, 6.6904e+01, 1.2419e+00, 
 1DIAGNOSTIC,    51, -9.432863045595e-01, 8.222085327449e-06, 6.8140e+01, 1.2356e+00, 
 1DIAGNOSTIC,    52, -9.433351618246e-01, 7.690012374585e-06, 6.9397e+01, 1.2568e+00, 
 1DIAGNOSTIC,    53, -9.433843731243e-01, 7.204607321024e-06, 7.0640e+01, 1.2429e+00, 
 1DIAGNOSTIC,    54, -9.434296707788e-01, 6.766396579781e-06, 7.1915e+01, 1.2748e+00, 
 1DIAGNOSTIC,    55, -9.434726729442e-01, 6.372768624266e-06, 7.3163e+01, 1.2486e+00, 
 1DIAGNOSTIC,    56, -9.435144435327e-01, 6.015572132645e-06, 7.4418e+01, 1.2543e+00, 
 1DIAGNOSTIC,    57, -9.435533746193e-01, 5.672798404788e-06, 7.5659e+01, 1.2411e+00, 
 1DIAGNOSTIC,    58, -9.435901156819e-01, 5.355082047215e-06, 7.6913e+01, 1.2548e+00, 
 1DIAGNOSTIC,    59, -9.436250501997e-01, 5.043988059204e-06, 7.8140e+01, 1.2268e+00, 
 1DIAGNOSTIC,    60, -9.436615036981e-01, 4.764426700523e-06, 7.9393e+01, 1.2527e+00, 
 1DIAGNOSTIC,    61, -9.435504230224e-01, 3.782900784649e-06, 8.0642e+01, 1.2491e+00, 
 1DIAGNOSTIC,    62, -9.435205565164e-01, 2.627527562804e-06, 8.1897e+01, 1.2551e+00, 
 1DIAGNOSTIC,    63, -9.433558692804e-01, 7.462008448922e-07, 8.3120e+01, 1.2224e+00, 
XXDIAGNOSTIC,Iteration,metricValue,convergenceValue,ITERATION_TIME_INDEX,SINCE_LAST
 1DIAGNOSTIC,     1, -8.920734516632e-01, 1.797693134862e+308, 9.3477e+01, 1.0358e+01, 
 1DIAGNOSTIC,     2, -8.940663308546e-01, 1.797693134862e+308, 1.0332e+02, 9.8432e+00, 
 1DIAGNOSTIC,     3, -8.970810292775e-01, 1.797693134862e+308, 1.1330e+02, 9.9767e+00, 
 1DIAGNOSTIC,     4, -8.998417484842e-01, 1.797693134862e+308, 1.2320e+02, 9.9029e+00, 
 1DIAGNOSTIC,     5, -9.022381939620e-01, 1.797693134862e+308, 1.3306e+02, 9.8647e+00, 
 1DIAGNOSTIC,     6, -9.043486022325e-01, 1.797693134862e+308, 1.4304e+02, 9.9735e+00, 
 1DIAGNOSTIC,     7, -9.062469445025e-01, 1.797693134862e+308, 1.5294e+02, 9.8982e+00, 
 1DIAGNOSTIC,     8, -9.079687140242e-01, 1.797693134862e+308, 1.6287e+02, 9.9303e+00, 
 1DIAGNOSTIC,     9, -9.095555988226e-01, 1.797693134862e+308, 1.7290e+02, 1.0036e+01, 
 1DIAGNOSTIC,    10, -9.110414628835e-01, 1.372598414589e-03, 1.8284e+02, 9.9347e+00, 
 1DIAGNOSTIC,    11, -9.123267688873e-01, 1.154560742904e-03, 1.9296e+02, 1.0118e+01, 
 1DIAGNOSTIC,    12, -9.135559161087e-01, 9.529130038874e-04, 2.0304e+02, 1.0088e+01, 
 1DIAGNOSTIC,    13, -9.145010871617e-01, 7.911668800025e-04, 2.1314e+02, 1.0100e+01, 
 1DIAGNOSTIC,    14, -9.155578382285e-01, 6.657321851945e-04, 2.2311e+02, 9.9661e+00, 
 1DIAGNOSTIC,    15, -9.163391279164e-01, 5.621368133884e-04, 2.3316e+02, 1.0049e+01, 
 1DIAGNOSTIC,    16, -9.170665646858e-01, 4.751909352547e-04, 2.4323e+02, 1.0070e+01, 
 1DIAGNOSTIC,    17, -9.177494438496e-01, 4.020294490704e-04, 2.5323e+02, 9.9981e+00, 
 1DIAGNOSTIC,    18, -9.183974510168e-01, 3.408125954511e-04, 2.6329e+02, 1.0060e+01, 
 1DIAGNOSTIC,    19, -9.190164469735e-01, 2.905123593063e-04, 2.7332e+02, 1.0034e+01, 
 1DIAGNOSTIC,    20, -9.196160311670e-01, 2.506558037583e-04, 2.8341e+02, 1.0087e+01, 
 1DIAGNOSTIC,    21, -9.201909859469e-01, 2.187593871777e-04, 2.9336e+02, 9.9495e+00, 
 1DIAGNOSTIC,    22, -9.207429667743e-01, 1.945426284650e-04, 3.0344e+02, 1.0085e+01, 
 1DIAGNOSTIC,    23, -9.212401321812e-01, 1.736357378861e-04, 3.1340e+02, 9.9604e+00, 
 1DIAGNOSTIC,    24, -9.216809519401e-01, 1.576028392313e-04, 3.2337e+02, 9.9645e+00, 
 1DIAGNOSTIC,    25, -9.220675639179e-01, 1.425809726987e-04, 3.3352e+02, 1.0148e+01, 
 1DIAGNOSTIC,    26, -9.224138562123e-01, 1.281488469046e-04, 3.4350e+02, 9.9816e+00, 
 1DIAGNOSTIC,    27, -9.227259628662e-01, 1.141764391312e-04, 3.5356e+02, 1.0061e+01, 
 1DIAGNOSTIC,    28, -9.230076229142e-01, 1.007647566332e-04, 3.6358e+02, 1.0020e+01, 
 1DIAGNOSTIC,    29, -9.232597723303e-01, 8.811595439856e-05, 3.7355e+02, 9.9751e+00, 
 1DIAGNOSTIC,    30, -9.234922945473e-01, 7.661975038574e-05, 3.8361e+02, 1.0053e+01, 
 1DIAGNOSTIC,    31, -9.237031466889e-01, 6.650429762586e-05, 3.9359e+02, 9.9852e+00, 
 1DIAGNOSTIC,    32, -9.238968533269e-01, 5.797827296413e-05, 4.0354e+02, 9.9500e+00, 
 1DIAGNOSTIC,    33, -9.240766646035e-01, 5.086730391747e-05, 4.1360e+02, 1.0058e+01, 
 1DIAGNOSTIC,    34, -9.242419939317e-01, 4.491415984228e-05, 4.2367e+02, 1.0074e+01, 
 1DIAGNOSTIC,    35, -9.243922683248e-01, 3.983263496839e-05, 4.3368e+02, 1.0009e+01, 
 1DIAGNOSTIC,    36, -9.245338439009e-01, 3.549233335942e-05, 4.4372e+02, 1.0036e+01, 
 1DIAGNOSTIC,    37, -9.246685647079e-01, 3.179878500860e-05, 4.5365e+02, 9.9316e+00, 
 1DIAGNOSTIC,    38, -9.247934682642e-01, 2.863487858813e-05, 4.6370e+02, 1.0054e+01, 
 1DIAGNOSTIC,    39, -9.249113046533e-01, 2.589296422782e-05, 4.7367e+02, 9.9604e+00, 
 1DIAGNOSTIC,    40, -9.250230540231e-01, 2.353639498355e-05, 4.8362e+02, 9.9507e+00, 
 1DIAGNOSTIC,    41, -9.251306552850e-01, 2.150583469516e-05, 4.9353e+02, 9.9147e+00, 
 1DIAGNOSTIC,    42, -9.252351682989e-01, 1.976768544699e-05, 5.0345e+02, 9.9168e+00, 
 1DIAGNOSTIC,    43, -9.253341765241e-01, 1.828001122159e-05, 5.1346e+02, 1.0011e+01, 
 1DIAGNOSTIC,    44, -9.254266053104e-01, 1.697826399017e-05, 5.2337e+02, 9.9171e+00, 
 1DIAGNOSTIC,    45, -9.255160394380e-01, 1.581161475537e-05, 5.3334e+02, 9.9684e+00, 
 1DIAGNOSTIC,    46, -9.256015148535e-01, 1.476104713538e-05, 5.4347e+02, 1.0128e+01, 
 1DIAGNOSTIC,    47, -9.256864569431e-01, 1.383880752271e-05, 5.5343e+02, 9.9555e+00, 
 1DIAGNOSTIC,    48, -9.257744261080e-01, 1.305169793402e-05, 5.6348e+02, 1.0049e+01, 
 1DIAGNOSTIC,    49, -9.258581939206e-01, 1.236811675567e-05, 5.7348e+02, 1.0005e+01, 
 1DIAGNOSTIC,    50, -9.259369920556e-01, 1.175455710499e-05, 5.8354e+02, 1.0059e+01, 
XXDIAGNOSTIC,Iteration,metricValue,convergenceValue,ITERATION_TIME_INDEX,SINCE_LAST
 1DIAGNOSTIC,     1, -8.806970932576e-01, 1.797693134862e+308, 6.7301e+02, 8.9475e+01, 
 1DIAGNOSTIC,     2, -8.818759896827e-01, 1.797693134862e+308, 7.5869e+02, 8.5679e+01, 
 1DIAGNOSTIC,     3, -8.834943615175e-01, 1.797693134862e+308, 8.4419e+02, 8.5494e+01, 
 1DIAGNOSTIC,     4, -8.851234943152e-01, 1.797693134862e+308, 9.2937e+02, 8.5182e+01, 
 1DIAGNOSTIC,     5, -8.867412977905e-01, 1.797693134862e+308, 1.0151e+03, 8.5764e+01, 
 1DIAGNOSTIC,     6, -8.884153739218e-01, 1.797693134862e+308, 1.1001e+03, 8.4962e+01, 
 1DIAGNOSTIC,     7, -8.899850757540e-01, 1.797693134862e+308, 1.1860e+03, 8.5897e+01, 
 1DIAGNOSTIC,     8, -8.914346477948e-01, 1.797693134862e+308, 1.2722e+03, 8.6206e+01, 
 1DIAGNOSTIC,     9, -8.926601358670e-01, 1.797693134862e+308, 1.3584e+03, 8.6188e+01, 
 1DIAGNOSTIC,    10, -8.936898073898e-01, 9.811206441598e-04, 1.4462e+03, 8.7794e+01, 
 1DIAGNOSTIC,    11, -8.947220322909e-01, 8.610032905039e-04, 1.5315e+03, 8.5329e+01, 
 1DIAGNOSTIC,    12, -8.958073305478e-01, 7.434671560803e-04, 1.6166e+03, 8.5105e+01, 
 1DIAGNOSTIC,    13, -8.967002286414e-01, 6.380864923412e-04, 1.7024e+03, 8.5819e+01, 
 1DIAGNOSTIC,    14, -8.976374965110e-01, 5.480849061041e-04, 1.7907e+03, 8.8255e+01, 
 1DIAGNOSTIC,    15, -8.984987881740e-01, 4.724705433570e-04, 1.8767e+03, 8.6002e+01, 
 1DIAGNOSTIC,    16, -8.991785746933e-01, 4.095562113937e-04, 1.9632e+03, 8.6554e+01, 
 1DIAGNOSTIC,    17, -8.998241636775e-01, 3.575838588006e-04, 2.0500e+03, 8.6726e+01, 
 1DIAGNOSTIC,    18, -9.003281442720e-01, 3.127243493418e-04, 2.1363e+03, 8.6329e+01, 
 1DIAGNOSTIC,    19, -9.007839026812e-01, 2.717085601820e-04, 2.2228e+03, 8.6461e+01, 
 1DIAGNOSTIC,    20, -9.012300794077e-01, 2.329297152161e-04, 2.3094e+03, 8.6589e+01, 
  Elapsed time (stage 2): 2310


Total elapsed time: 2396
