All_Command_lines_OK
Using double precision for computations.
=============================================================================
The composite transform comprises the following transforms (in order): 
  1. Center of mass alignment using fixed image: /templateflow/tpl-MNI152NLin2009cAsym/tpl-MNI152NLin2009cAsym_res-01_desc-brain_T1w.nii.gz and moving image: /mnt/lustre/mathdugre/ants-amp/datasets/corr/RawDataBIDS/BMB_1/derivatives/antsBrainExtraction/sub-0003008/BrainExtractionBrain.nii.gz (type = Euler3DTransform)
=============================================================================
  number of levels = 4
  number of levels = 4
  number of levels = 4
  fixed image: /templateflow/tpl-MNI152NLin2009cAsym/tpl-MNI152NLin2009cAsym_res-01_desc-brain_T1w.nii.gz
  moving image: /mnt/lustre/mathdugre/ants-amp/datasets/corr/RawDataBIDS/BMB_1/derivatives/antsBrainExtraction/sub-0003008/BrainExtractionBrain.nii.gz
  fixed image: /templateflow/tpl-MNI152NLin2009cAsym/tpl-MNI152NLin2009cAsym_res-01_desc-brain_T1w.nii.gz
  moving image: /mnt/lustre/mathdugre/ants-amp/datasets/corr/RawDataBIDS/BMB_1/derivatives/antsBrainExtraction/sub-0003008/BrainExtractionBrain.nii.gz
  fixed image: /templateflow/tpl-MNI152NLin2009cAsym/tpl-MNI152NLin2009cAsym_res-01_desc-brain_T1w.nii.gz
  moving image: /mnt/lustre/mathdugre/ants-amp/datasets/corr/RawDataBIDS/BMB_1/derivatives/antsBrainExtraction/sub-0003008/BrainExtractionBrain.nii.gz
Dimension = 3
Number of stages = 3
Use histogram matching = false
Winsorize image intensities = true
  Lower quantile = 0.005
  Upper quantile = 0.995


Stage 1 State
   Image metric = MattesMI
     Fixed image = Image (0x5582bc602360)
  RTTI typeinfo:   itk::Image<double, 3u>
  Reference Count: 2
  Modified Time: 2368
  Debug: Off
  Object Name: 
  Observers: 
    none
  Source: (none)
  Source output name: (none)
  Release Data: Off
  Data Released: False
  Global Release Data: Off
  PipelineMTime: 0
  UpdateMTime: 1979
  RealTimeStamp: 0 seconds 
  LargestPossibleRegion: 
    Dimension: 3
    Index: [0, 0, 0]
    Size: [193, 229, 193]
  BufferedRegion: 
    Dimension: 3
    Index: [0, 0, 0]
    Size: [193, 229, 193]
  RequestedRegion: 
    Dimension: 3
    Index: [0, 0, 0]
    Size: [193, 229, 193]
  Spacing: [1, 1, 1]
  Origin: [96, 132, -78]
  Direction: 
-1 0 0
0 -1 0
0 0 1

  IndexToPointMatrix: 
-1 0 0
0 -1 0
0 0 1

  PointToIndexMatrix: 
-1 0 0
0 -1 0
0 0 1

  Inverse Direction: 
-1 0 0
0 -1 0
0 0 1

  PixelContainer: 
    ImportImageContainer (0x5582bc5f9a00)
      RTTI typeinfo:   itk::ImportImageContainer<unsigned long, double>
      Reference Count: 1
      Modified Time: 1976
      Debug: Off
      Object Name: 
      Observers: 
        none
      Pointer: 0x7f42cc7b5010
      Container manages memory: true
      Size: 8530021
      Capacity: 8530021

     Moving image = Image (0x5582bc605a20)
  RTTI typeinfo:   itk::Image<double, 3u>
  Reference Count: 2
  Modified Time: 2369
  Debug: Off
  Object Name: 
  Observers: 
    none
  Source: (none)
  Source output name: (none)
  Release Data: Off
  Data Released: False
  Global Release Data: Off
  PipelineMTime: 0
  UpdateMTime: 2366
  RealTimeStamp: 0 seconds 
  LargestPossibleRegion: 
    Dimension: 3
    Index: [0, 0, 0]
    Size: [176, 256, 256]
  BufferedRegion: 
    Dimension: 3
    Index: [0, 0, 0]
    Size: [176, 256, 256]
  RequestedRegion: 
    Dimension: 3
    Index: [0, 0, 0]
    Size: [176, 256, 256]
  Spacing: [1, 1, 1]
  Origin: [-72.0947, 100.092, -120.373]
  Direction: 
1 0 0
0 -1 0
0 0 1

  IndexToPointMatrix: 
1 0 0
0 -1 0
0 0 1

  PointToIndexMatrix: 
1 0 0
0 -1 0
0 0 1

  Inverse Direction: 
1 0 0
0 -1 0
0 0 1

  PixelContainer: 
    ImportImageContainer (0x5582be7d7c90)
      RTTI typeinfo:   itk::ImportImageContainer<unsigned long, double>
      Reference Count: 1
      Modified Time: 2363
      Debug: Off
      Object Name: 
      Observers: 
        none
      Pointer: 0x7f42c6fb4010
      Container manages memory: true
      Size: 11534336
      Capacity: 11534336

     Weighting = 1
     Sampling strategy = regular
     Number of bins = 32
     Radius = 4
     Sampling percentage  = 0.25
   Transform = Rigid
     Gradient step = 0.1
     Update field sigma (voxel space) = 0
     Total field sigma (voxel space) = 0
     Update field time sigma = 0
     Total field time sigma  = 0
     Number of time indices = 0
     Number of time point samples = 0
Stage 2 State
   Image metric = MattesMI
     Fixed image = Image (0x5582bc7289c0)
  RTTI typeinfo:   itk::Image<double, 3u>
  Reference Count: 2
  Modified Time: 3144
  Debug: Off
  Object Name: 
  Observers: 
    none
  Source: (none)
  Source output name: (none)
  Release Data: Off
  Data Released: False
  Global Release Data: Off
  PipelineMTime: 0
  UpdateMTime: 2755
  RealTimeStamp: 0 seconds 
  LargestPossibleRegion: 
    Dimension: 3
    Index: [0, 0, 0]
    Size: [193, 229, 193]
  BufferedRegion: 
    Dimension: 3
    Index: [0, 0, 0]
    Size: [193, 229, 193]
  RequestedRegion: 
    Dimension: 3
    Index: [0, 0, 0]
    Size: [193, 229, 193]
  Spacing: [1, 1, 1]
  Origin: [96, 132, -78]
  Direction: 
-1 0 0
0 -1 0
0 0 1

  IndexToPointMatrix: 
-1 0 0
0 -1 0
0 0 1

  PointToIndexMatrix: 
-1 0 0
0 -1 0
0 0 1

  Inverse Direction: 
-1 0 0
0 -1 0
0 0 1

  PixelContainer: 
    ImportImageContainer (0x5582bc717f30)
      RTTI typeinfo:   itk::ImportImageContainer<unsigned long, double>
      Reference Count: 1
      Modified Time: 2752
      Debug: Off
      Object Name: 
      Observers: 
        none
      Pointer: 0x7f42c2e9f010
      Container manages memory: true
      Size: 8530021
      Capacity: 8530021

     Moving image = Image (0x5582bc72a7c0)
  RTTI typeinfo:   itk::Image<double, 3u>
  Reference Count: 2
  Modified Time: 3145
  Debug: Off
  Object Name: 
  Observers: 
    none
  Source: (none)
  Source output name: (none)
  Release Data: Off
  Data Released: False
  Global Release Data: Off
  PipelineMTime: 0
  UpdateMTime: 3142
  RealTimeStamp: 0 seconds 
  LargestPossibleRegion: 
    Dimension: 3
    Index: [0, 0, 0]
    Size: [176, 256, 256]
  BufferedRegion: 
    Dimension: 3
    Index: [0, 0, 0]
    Size: [176, 256, 256]
  RequestedRegion: 
    Dimension: 3
    Index: [0, 0, 0]
    Size: [176, 256, 256]
  Spacing: [1, 1, 1]
  Origin: [-72.0947, 100.092, -120.373]
  Direction: 
1 0 0
0 -1 0
0 0 1

  IndexToPointMatrix: 
1 0 0
0 -1 0
0 0 1

  PointToIndexMatrix: 
1 0 0
0 -1 0
0 0 1

  Inverse Direction: 
1 0 0
0 -1 0
0 0 1

  PixelContainer: 
    ImportImageContainer (0x5582bc72d190)
      RTTI typeinfo:   itk::ImportImageContainer<unsigned long, double>
      Reference Count: 1
      Modified Time: 3139
      Debug: Off
      Object Name: 
      Observers: 
        none
      Pointer: 0x7f42bd69e010
      Container manages memory: true
      Size: 11534336
      Capacity: 11534336

     Weighting = 1
     Sampling strategy = regular
     Number of bins = 32
     Radius = 4
     Sampling percentage  = 0.25
   Transform = Affine
     Gradient step = 0.1
     Update field sigma (voxel space) = 0
     Total field sigma (voxel space) = 0
     Update field time sigma = 0
     Total field time sigma  = 0
     Number of time indices = 0
     Number of time point samples = 0
Stage 3 State
   Image metric = CC
     Fixed image = Image (0x5582bc714240)
  RTTI typeinfo:   itk::Image<double, 3u>
  Reference Count: 2
  Modified Time: 3920
  Debug: Off
  Object Name: 
  Observers: 
    none
  Source: (none)
  Source output name: (none)
  Release Data: Off
  Data Released: False
  Global Release Data: Off
  PipelineMTime: 0
  UpdateMTime: 3531
  RealTimeStamp: 0 seconds 
  LargestPossibleRegion: 
    Dimension: 3
    Index: [0, 0, 0]
    Size: [193, 229, 193]
  BufferedRegion: 
    Dimension: 3
    Index: [0, 0, 0]
    Size: [193, 229, 193]
  RequestedRegion: 
    Dimension: 3
    Index: [0, 0, 0]
    Size: [193, 229, 193]
  Spacing: [1, 1, 1]
  Origin: [96, 132, -78]
  Direction: 
-1 0 0
0 -1 0
0 0 1

  IndexToPointMatrix: 
-1 0 0
0 -1 0
0 0 1

  PointToIndexMatrix: 
-1 0 0
0 -1 0
0 0 1

  Inverse Direction: 
-1 0 0
0 -1 0
0 0 1

  PixelContainer: 
    ImportImageContainer (0x5582bc651600)
      RTTI typeinfo:   itk::ImportImageContainer<unsigned long, double>
      Reference Count: 1
      Modified Time: 3528
      Debug: Off
      Object Name: 
      Observers: 
        none
      Pointer: 0x7f42b9589010
      Container manages memory: true
      Size: 8530021
      Capacity: 8530021

     Moving image = Image (0x5582bc72ce70)
  RTTI typeinfo:   itk::Image<double, 3u>
  Reference Count: 2
  Modified Time: 3921
  Debug: Off
  Object Name: 
  Observers: 
    none
  Source: (none)
  Source output name: (none)
  Release Data: Off
  Data Released: False
  Global Release Data: Off
  PipelineMTime: 0
  UpdateMTime: 3918
  RealTimeStamp: 0 seconds 
  LargestPossibleRegion: 
    Dimension: 3
    Index: [0, 0, 0]
    Size: [176, 256, 256]
  BufferedRegion: 
    Dimension: 3
    Index: [0, 0, 0]
    Size: [176, 256, 256]
  RequestedRegion: 
    Dimension: 3
    Index: [0, 0, 0]
    Size: [176, 256, 256]
  Spacing: [1, 1, 1]
  Origin: [-72.0947, 100.092, -120.373]
  Direction: 
1 0 0
0 -1 0
0 0 1

  IndexToPointMatrix: 
1 0 0
0 -1 0
0 0 1

  PointToIndexMatrix: 
1 0 0
0 -1 0
0 0 1

  Inverse Direction: 
1 0 0
0 -1 0
0 0 1

  PixelContainer: 
    ImportImageContainer (0x5582bc7100d0)
      RTTI typeinfo:   itk::ImportImageContainer<unsigned long, double>
      Reference Count: 1
      Modified Time: 3915
      Debug: Off
      Object Name: 
      Observers: 
        none
      Pointer: 0x7f42b3d88010
      Container manages memory: true
      Size: 11534336
      Capacity: 11534336

     Weighting = 1
     Sampling strategy = none
     Number of bins = 32
     Radius = 4
     Sampling percentage  = 1
   Transform = SyN
     Gradient step = 0.1
     Update field sigma (voxel space) = 3
     Total field sigma (voxel space) = 0
     Update field time sigma = 0
     Total field time sigma  = 0
     Number of time indices = 0
     Number of time point samples = 0
Registration using 3 total stages.

Stage 0
  iterations = 1000x500x250x100
  convergence threshold = 1e-06
  convergence window size = 10
  number of levels = 4
  using the Mattes MI metric (number of bins = 32, weight = 1, use gradient filter = 0)
  preprocessing:  winsorizing the image intensities
  Shrink factors (level 1 out of 4): [8, 8, 8]
  Shrink factors (level 2 out of 4): [4, 4, 4]
  Shrink factors (level 3 out of 4): [2, 2, 2]
  Shrink factors (level 4 out of 4): [1, 1, 1]
  smoothing sigmas per level: [3, 2, 1, 0]
  regular sampling (percentage = 0.25)

*** Running Euler3DTransform registration ***

DIAGNOSTIC,Iteration,metricValue,convergenceValue,ITERATION_TIME_INDEX,SINCE_LAST
 2DIAGNOSTIC,     1, -4.845249160206e-01, 1.797693134862e+308, 3.5627e-01, 3.5627e-01, 
 2DIAGNOSTIC,     2, -4.855541845556e-01, 1.797693134862e+308, 3.5934e-01, 3.0751e-03, 
 2DIAGNOSTIC,     3, -4.878050757234e-01, 1.797693134862e+308, 3.6226e-01, 2.9180e-03, 
 2DIAGNOSTIC,     4, -4.910977657448e-01, 1.797693134862e+308, 3.6506e-01, 2.8059e-03, 
 2DIAGNOSTIC,     5, -4.944948610622e-01, 1.797693134862e+308, 3.6791e-01, 2.8460e-03, 
 2DIAGNOSTIC,     6, -4.979828702260e-01, 1.797693134862e+308, 3.7084e-01, 2.9302e-03, 
 2DIAGNOSTIC,     7, -5.075262626934e-01, 1.797693134862e+308, 3.7424e-01, 3.3958e-03, 
 2DIAGNOSTIC,     8, -5.082950866255e-01, 1.797693134862e+308, 3.7752e-01, 3.2880e-03, 
 2DIAGNOSTIC,     9, -5.084523819906e-01, 1.797693134862e+308, 3.7994e-01, 2.4121e-03, 
 2DIAGNOSTIC,    10, -5.085410062028e-01, 3.811416700279e-03, 3.8387e-01, 3.9330e-03, 
 2DIAGNOSTIC,    11, -5.088436363823e-01, 3.196331197241e-03, 3.8686e-01, 2.9898e-03, 
 2DIAGNOSTIC,    12, -5.090903533906e-01, 2.453116833622e-03, 3.9001e-01, 3.1469e-03, 
 2DIAGNOSTIC,    13, -5.094769365196e-01, 1.718478359357e-03, 3.9448e-01, 4.4758e-03, 
 2DIAGNOSTIC,    14, -5.095125637055e-01, 1.073567992019e-03, 3.9762e-01, 3.1378e-03, 
 2DIAGNOSTIC,    15, -5.094781196459e-01, 5.466421551660e-04, 4.0067e-01, 3.0482e-03, 
 2DIAGNOSTIC,    16, -5.095323814193e-01, 1.528478995383e-04, 4.0397e-01, 3.3059e-03, 
 2DIAGNOSTIC,    17, -5.096714564722e-01, 1.135186824310e-04, 4.0696e-01, 2.9891e-03, 
 2DIAGNOSTIC,    18, -5.097431977671e-01, 9.440100722646e-05, 4.0964e-01, 2.6760e-03, 
 2DIAGNOSTIC,    19, -5.099296117813e-01, 7.907412433088e-05, 4.1256e-01, 2.9211e-03, 
 2DIAGNOSTIC,    20, -5.102469777710e-01, 6.953231935256e-05, 4.1598e-01, 3.4208e-03, 
 2DIAGNOSTIC,    21, -5.104187209308e-01, 6.709277967669e-05, 4.1935e-01, 3.3679e-03, 
 2DIAGNOSTIC,    22, -5.104653020181e-01, 6.596621183593e-05, 4.2319e-01, 3.8400e-03, 
 2DIAGNOSTIC,    23, -5.104752319691e-01, 6.869254987394e-05, 4.2614e-01, 2.9469e-03, 
 2DIAGNOSTIC,    24, -5.104137888168e-01, 6.433460028232e-05, 4.2878e-01, 2.6460e-03, 
 2DIAGNOSTIC,    25, -5.103641999163e-01, 5.246213450435e-05, 4.3259e-01, 3.8128e-03, 
 2DIAGNOSTIC,    26, -5.102974943867e-01, 3.635625022371e-05, 4.3573e-01, 3.1400e-03, 
 2DIAGNOSTIC,    27, -5.101566595470e-01, 1.819976016794e-05, 4.3840e-01, 2.6698e-03, 
 2DIAGNOSTIC,    28, -5.101765668372e-01, 1.660868599179e-06, 4.4103e-01, 2.6238e-03, 
DIAGNOSTIC,Iteration,metricValue,convergenceValue,ITERATION_TIME_INDEX,SINCE_LAST
 2DIAGNOSTIC,     1, -4.049739312188e-01, 1.797693134862e+308, 8.1789e-01, 3.7686e-01, 
 2DIAGNOSTIC,     2, -4.054047501725e-01, 1.797693134862e+308, 8.3716e-01, 1.9273e-02, 
 2DIAGNOSTIC,     3, -4.059020027989e-01, 1.797693134862e+308, 8.5607e-01, 1.8907e-02, 
 2DIAGNOSTIC,     4, -4.064057572335e-01, 1.797693134862e+308, 8.7704e-01, 2.0973e-02, 
 2DIAGNOSTIC,     5, -4.068970989774e-01, 1.797693134862e+308, 8.9762e-01, 2.0579e-02, 
 2DIAGNOSTIC,     6, -4.075578459052e-01, 1.797693134862e+308, 9.1763e-01, 2.0006e-02, 
 2DIAGNOSTIC,     7, -4.108674195698e-01, 1.797693134862e+308, 9.4019e-01, 2.2561e-02, 
 2DIAGNOSTIC,     8, -4.116043302842e-01, 1.797693134862e+308, 9.6082e-01, 2.0635e-02, 
 2DIAGNOSTIC,     9, -4.121336636596e-01, 1.797693134862e+308, 9.8049e-01, 1.9673e-02, 
 2DIAGNOSTIC,    10, -4.134708687114e-01, 1.434308821354e-03, 1.0132e+00, 3.2732e-02, 
 2DIAGNOSTIC,    11, -4.138607016690e-01, 1.382175251011e-03, 1.0327e+00, 1.9438e-02, 
 2DIAGNOSTIC,    12, -4.150495135741e-01, 1.305896256814e-03, 1.0548e+00, 2.2180e-02, 
 2DIAGNOSTIC,    13, -4.162931070999e-01, 1.214794259668e-03, 1.0750e+00, 2.0179e-02, 
 2DIAGNOSTIC,    14, -4.168049666303e-01, 1.077832205063e-03, 1.0945e+00, 1.9454e-02, 
 2DIAGNOSTIC,    15, -4.181825679312e-01, 9.484917063601e-04, 1.1146e+00, 2.0106e-02, 
 2DIAGNOSTIC,    16, -4.196558258820e-01, 8.362345347298e-04, 1.1372e+00, 2.2619e-02, 
 2DIAGNOSTIC,    17, -4.215398674375e-01, 8.697327951084e-04, 1.1685e+00, 3.1250e-02, 
 2DIAGNOSTIC,    18, -4.243332772919e-01, 9.527800415169e-04, 1.1962e+00, 2.7780e-02, 
 2DIAGNOSTIC,    19, -4.247114565555e-01, 9.692617085654e-04, 1.2188e+00, 2.2555e-02, 
 2DIAGNOSTIC,    20, -4.247466960505e-01, 9.429569608379e-04, 1.2390e+00, 2.0209e-02, 
 2DIAGNOSTIC,    21, -4.248139837700e-01, 8.465924904226e-04, 1.2588e+00, 1.9775e-02, 
 2DIAGNOSTIC,    22, -4.249942091391e-01, 7.214236112134e-04, 1.2794e+00, 2.0655e-02, 
 2DIAGNOSTIC,    23, -4.251986867141e-01, 5.821645665520e-04, 1.2991e+00, 1.9634e-02, 
 2DIAGNOSTIC,    24, -4.259527609318e-01, 4.360980817884e-04, 1.3235e+00, 2.4432e-02, 
 2DIAGNOSTIC,    25, -4.259506883408e-01, 2.989755169070e-04, 1.3462e+00, 2.2690e-02, 
 2DIAGNOSTIC,    26, -4.260223388030e-01, 1.850971546906e-04, 1.3660e+00, 1.9793e-02, 
 2DIAGNOSTIC,    27, -4.262996105590e-01, 1.153496354940e-04, 1.3935e+00, 2.7503e-02, 
 2DIAGNOSTIC,    28, -4.265448760220e-01, 1.132642902635e-04, 1.4277e+00, 3.4256e-02, 
 2DIAGNOSTIC,    29, -4.265281644980e-01, 1.089173174612e-04, 1.4465e+00, 1.8770e-02, 
 2DIAGNOSTIC,    30, -4.265924482930e-01, 9.712742971296e-05, 1.4657e+00, 1.9232e-02, 
 2DIAGNOSTIC,    31, -4.267031155096e-01, 8.113173616827e-05, 1.4864e+00, 2.0681e-02, 
 2DIAGNOSTIC,    32, -4.268198406834e-01, 6.475908421197e-05, 1.5068e+00, 2.0340e-02, 
 2DIAGNOSTIC,    33, -4.269207052404e-01, 4.908802759576e-05, 1.5260e+00, 1.9247e-02, 
 2DIAGNOSTIC,    34, -4.270791449619e-01, 4.809256547231e-05, 1.5467e+00, 2.0690e-02, 
 2DIAGNOSTIC,    35, -4.271734195076e-01, 4.451095248326e-05, 1.5658e+00, 1.9135e-02, 
 2DIAGNOSTIC,    36, -4.278842850035e-01, 5.158258565065e-05, 1.5894e+00, 2.3577e-02, 
 2DIAGNOSTIC,    37, -4.278385281271e-01, 5.721297256156e-05, 1.6109e+00, 2.1498e-02, 
 2DIAGNOSTIC,    38, -4.278156216190e-01, 6.134787415459e-05, 1.6336e+00, 2.2704e-02, 
 2DIAGNOSTIC,    39, -4.278572230893e-01, 6.010341864569e-05, 1.6556e+00, 2.1997e-02, 
 2DIAGNOSTIC,    40, -4.278677691406e-01, 5.441527124633e-05, 1.6753e+00, 1.9661e-02, 
 2DIAGNOSTIC,    41, -4.278641582664e-01, 4.546486925913e-05, 1.6968e+00, 2.1559e-02, 
 2DIAGNOSTIC,    42, -4.278874869818e-01, 3.493090968205e-05, 1.7162e+00, 1.9336e-02, 
 2DIAGNOSTIC,    43, -4.279601611358e-01, 2.448436167492e-05, 1.7413e+00, 2.5105e-02, 
 2DIAGNOSTIC,    44, -4.279569622807e-01, 1.467450790250e-05, 1.7650e+00, 2.3737e-02, 
 2DIAGNOSTIC,    45, -4.279642739301e-01, 5.194066961405e-06, 1.7869e+00, 2.1894e-02, 
 2DIAGNOSTIC,    46, -4.279617850227e-01, 6.130080543999e-06, 1.8086e+00, 2.1742e-02, 
 2DIAGNOSTIC,    47, -4.279349292519e-01, 5.475660890056e-06, 1.8471e+00, 3.8461e-02, 
 2DIAGNOSTIC,    48, -4.279349305073e-01, 4.046718133813e-06, 1.9181e+00, 7.1010e-02, 
 2DIAGNOSTIC,    49, -4.279349305067e-01, 2.917996332980e-06, 1.9802e+00, 6.2063e-02, 
 2DIAGNOSTIC,    50, -4.279349305067e-01, 1.774558143944e-06, 2.0055e+00, 2.5372e-02, 
DIAGNOSTIC,Iteration,metricValue,convergenceValue,ITERATION_TIME_INDEX,SINCE_LAST
 2DIAGNOSTIC,     1, -3.740876036726e-01, 1.797693134862e+308, 2.5874e+00, 5.8186e-01, 
 2DIAGNOSTIC,     2, -3.743593899471e-01, 1.797693134862e+308, 2.7238e+00, 1.3644e-01, 
 2DIAGNOSTIC,     3, -3.746427463801e-01, 1.797693134862e+308, 2.8805e+00, 1.5670e-01, 
 2DIAGNOSTIC,     4, -3.747333444945e-01, 1.797693134862e+308, 3.0166e+00, 1.3604e-01, 
 2DIAGNOSTIC,     5, -3.747901197069e-01, 1.797693134862e+308, 3.1741e+00, 1.5750e-01, 
 2DIAGNOSTIC,     6, -3.748315739378e-01, 1.797693134862e+308, 3.3550e+00, 1.8086e-01, 
 2DIAGNOSTIC,     7, -3.748335334529e-01, 1.797693134862e+308, 3.4907e+00, 1.3575e-01, 
 2DIAGNOSTIC,     8, -3.748393175576e-01, 1.797693134862e+308, 3.6453e+00, 1.5455e-01, 
 2DIAGNOSTIC,     9, -3.748346257113e-01, 1.797693134862e+308, 3.8024e+00, 1.5717e-01, 
 2DIAGNOSTIC,    10, -3.748344676728e-01, 1.058622976302e-04, 3.9954e+00, 1.9295e-01, 
 2DIAGNOSTIC,    11, -3.748343877862e-01, 5.370523270505e-05, 4.2090e+00, 2.1367e-01, 
 2DIAGNOSTIC,    12, -3.748344840094e-01, 2.246897091686e-05, 4.3475e+00, 1.3846e-01, 
 2DIAGNOSTIC,    13, -3.748332217855e-01, 1.063140055149e-05, 4.4850e+00, 1.3752e-01, 
 2DIAGNOSTIC,    14, -3.748327887810e-01, 4.572524994043e-06, 4.6402e+00, 1.5519e-01, 
 2DIAGNOSTIC,    15, -3.748324853823e-01, 1.913969134709e-06, 4.7966e+00, 1.5639e-01, 
 2DIAGNOSTIC,    16, -3.748321919057e-01, 1.554193822056e-06, 4.9345e+00, 1.3786e-01, 
 2DIAGNOSTIC,    17, -3.748322003855e-01, 1.354556750106e-06, 5.0897e+00, 1.5522e-01, 
 2DIAGNOSTIC,    18, -3.748326503629e-01, 1.493654137014e-06, 5.2430e+00, 1.5334e-01, 
 2DIAGNOSTIC,    19, -3.748317360556e-01, 1.419753686248e-06, 5.3947e+00, 1.5172e-01, 
 2DIAGNOSTIC,    20, -3.748324602462e-01, 1.399239707059e-06, 5.5476e+00, 1.5284e-01, 
 2DIAGNOSTIC,    21, -3.748321990675e-01, 1.384643988744e-06, 5.6843e+00, 1.3674e-01, 
 2DIAGNOSTIC,    22, -3.748329829261e-01, 1.414804345908e-06, 5.8394e+00, 1.5514e-01, 
 2DIAGNOSTIC,    23, -3.748351019341e-01, 1.473063379984e-06, 6.0146e+00, 1.7514e-01, 
 2DIAGNOSTIC,    24, -3.748346584170e-01, 1.489119419280e-06, 6.1649e+00, 1.5031e-01, 
 2DIAGNOSTIC,    25, -3.748341795686e-01, 1.466603139488e-06, 6.3183e+00, 1.5339e-01, 
 2DIAGNOSTIC,    26, -3.748336691952e-01, 1.405058189338e-06, 6.4892e+00, 1.7097e-01, 
 2DIAGNOSTIC,    27, -3.748330351237e-01, 1.312552629515e-06, 6.6421e+00, 1.5285e-01, 
 2DIAGNOSTIC,    28, -3.748323720848e-01, 1.208167746722e-06, 6.7952e+00, 1.5314e-01, 
 2DIAGNOSTIC,    29, -3.748317312426e-01, 1.063345417669e-06, 6.9298e+00, 1.3456e-01, 
DIAGNOSTIC,Iteration,metricValue,convergenceValue,ITERATION_TIME_INDEX,SINCE_LAST
 2DIAGNOSTIC,     1, -3.468916927749e-01, 1.797693134862e+308, 8.5650e+00, 1.6352e+00, 
 2DIAGNOSTIC,     2, -3.469625750796e-01, 1.797693134862e+308, 9.4890e+00, 9.2405e-01, 
 2DIAGNOSTIC,     3, -3.470424942264e-01, 1.797693134862e+308, 1.0543e+01, 1.0536e+00, 
 2DIAGNOSTIC,     4, -3.470572058602e-01, 1.797693134862e+308, 1.1476e+01, 9.3385e-01, 
 2DIAGNOSTIC,     5, -3.470708575621e-01, 1.797693134862e+308, 1.2414e+01, 9.3796e-01, 
 2DIAGNOSTIC,     6, -3.471436123802e-01, 1.797693134862e+308, 1.3440e+01, 1.0255e+00, 
 2DIAGNOSTIC,     7, -3.472802427191e-01, 1.797693134862e+308, 1.5251e+01, 1.8106e+00, 
 2DIAGNOSTIC,     8, -3.472816472299e-01, 1.797693134862e+308, 1.6155e+01, 9.0445e-01, 
 2DIAGNOSTIC,     9, -3.472915028204e-01, 1.797693134862e+308, 1.7065e+01, 9.0950e-01, 
 2DIAGNOSTIC,    10, -3.473117939243e-01, 8.435869607991e-05, 1.7968e+01, 9.0299e-01, 
 2DIAGNOSTIC,    11, -3.473369308937e-01, 6.951141295536e-05, 1.8878e+01, 9.1014e-01, 
 2DIAGNOSTIC,    12, -3.473731905784e-01, 5.814894717164e-05, 1.9784e+01, 9.0644e-01, 
 2DIAGNOSTIC,    13, -3.474048771609e-01, 5.054917904990e-05, 2.0688e+01, 9.0381e-01, 
 2DIAGNOSTIC,    14, -3.474183958420e-01, 4.145815060712e-05, 2.1707e+01, 1.0186e+00, 
 2DIAGNOSTIC,    15, -3.474213083930e-01, 3.089002988017e-05, 2.2717e+01, 1.0109e+00, 
 2DIAGNOSTIC,    16, -3.474245695217e-01, 2.270086785384e-05, 2.3606e+01, 8.8914e-01, 
 2DIAGNOSTIC,    17, -3.474548468722e-01, 2.159244902965e-05, 2.4614e+01, 1.0073e+00, 
 2DIAGNOSTIC,    18, -3.474905519212e-01, 2.042137330655e-05, 2.6540e+01, 1.9258e+00, 
 2DIAGNOSTIC,    19, -3.474895656713e-01, 1.799927564770e-05, 2.8016e+01, 1.4760e+00, 
 2DIAGNOSTIC,    20, -3.474896755510e-01, 1.518135536711e-05, 2.9134e+01, 1.1181e+00, 
 2DIAGNOSTIC,    21, -3.474895607460e-01, 1.233913292484e-05, 3.0134e+01, 9.9995e-01, 
 2DIAGNOSTIC,    22, -3.474895136220e-01, 1.004103573515e-05, 3.1247e+01, 1.1135e+00, 
 2DIAGNOSTIC,    23, -3.474894517779e-01, 8.228039732806e-06, 3.2257e+01, 1.0095e+00, 
 2DIAGNOSTIC,    24, -3.474893105542e-01, 6.392036708762e-06, 3.3157e+01, 9.0010e-01, 
 2DIAGNOSTIC,    25, -3.474892605414e-01, 4.349090121904e-06, 3.4167e+01, 1.0105e+00, 
 2DIAGNOSTIC,    26, -3.474892159113e-01, 2.261012762746e-06, 3.5171e+01, 1.0039e+00, 
 2DIAGNOSTIC,    27, -3.474890123393e-01, 1.110068170114e-06, 3.6189e+01, 1.0176e+00, 
 2DIAGNOSTIC,    28, -3.474889022214e-01, 1.089024970084e-06, 3.7204e+01, 1.0150e+00, 
 2DIAGNOSTIC,    29, -3.474887915746e-01, 1.042901958334e-06, 3.8204e+01, 1.0002e+00, 
 2DIAGNOSTIC,    30, -3.474887536571e-01, 1.007014019658e-06, 3.9215e+01, 1.0114e+00, 
  Elapsed time (stage 0): 3.9845e+01


Stage 1
  iterations = 1000x500x250x100
  convergence threshold = 1.0000e-06
  convergence window size = 10
  number of levels = 4
  using the Mattes MI metric (number of bins = 32, weight = 1.0000e+00, use gradient filter = 0)
  preprocessing:  winsorizing the image intensities
  Shrink factors (level 1 out of 4): [8, 8, 8]
  Shrink factors (level 2 out of 4): [4, 4, 4]
  Shrink factors (level 3 out of 4): [2, 2, 2]
  Shrink factors (level 4 out of 4): [1, 1, 1]
  smoothing sigmas per level: [3, 2, 1, 0]
  regular sampling (percentage = 2.5000e-01)

*** Running AffineTransform registration ***

DIAGNOSTIC,Iteration,metricValue,convergenceValue,ITERATION_TIME_INDEX,SINCE_LAST
 2DIAGNOSTIC,     1, -5.270602693970e-01, 1.797693134862e+308, 3.3982e-01, 3.3982e-01, 
 2DIAGNOSTIC,     2, -5.286114145623e-01, 1.797693134862e+308, 3.4477e-01, 4.9510e-03, 
 2DIAGNOSTIC,     3, -5.312556091063e-01, 1.797693134862e+308, 3.4860e-01, 3.8290e-03, 
 2DIAGNOSTIC,     4, -5.351719931509e-01, 1.797693134862e+308, 3.5180e-01, 3.2022e-03, 
 2DIAGNOSTIC,     5, -5.428957455682e-01, 1.797693134862e+308, 3.5511e-01, 3.3031e-03, 
 2DIAGNOSTIC,     6, -5.766451530245e-01, 1.797693134862e+308, 3.5842e-01, 3.3102e-03, 
 2DIAGNOSTIC,     7, -6.109552258971e-01, 1.797693134862e+308, 3.6167e-01, 3.2580e-03, 
 2DIAGNOSTIC,     8, -6.902419637860e-01, 1.797693134862e+308, 3.6603e-01, 4.3530e-03, 
 2DIAGNOSTIC,     9, -7.341482454610e-01, 1.797693134862e+308, 3.6971e-01, 3.6869e-03, 
 2DIAGNOSTIC,    10, -7.616583709501e-01, 2.667692256728e-02, 3.7369e-01, 3.9730e-03, 
 2DIAGNOSTIC,    11, -7.976243593448e-01, 2.845822710230e-02, 3.7923e-01, 5.5411e-03, 
 2DIAGNOSTIC,    12, -8.164813090410e-01, 2.803224544286e-02, 3.8315e-01, 3.9201e-03, 
 2DIAGNOSTIC,    13, -8.485964988417e-01, 2.625247368952e-02, 3.8667e-01, 3.5210e-03, 
 2DIAGNOSTIC,    14, -8.570971299518e-01, 2.280263569900e-02, 3.9103e-01, 4.3659e-03, 
 2DIAGNOSTIC,    15, -8.609972714350e-01, 1.821690718523e-02, 3.9440e-01, 3.3619e-03, 
 2DIAGNOSTIC,    16, -8.619800546681e-01, 1.360112269303e-02, 3.9883e-01, 4.4310e-03, 
 2DIAGNOSTIC,    17, -8.628152642512e-01, 9.212375336528e-03, 4.0376e-01, 4.9331e-03, 
 2DIAGNOSTIC,    18, -8.627441618041e-01, 6.312018989031e-03, 4.0721e-01, 3.4461e-03, 
 2DIAGNOSTIC,    19, -8.634009053072e-01, 4.119634310115e-03, 4.1095e-01, 3.7470e-03, 
 2DIAGNOSTIC,    20, -8.638325521377e-01, 2.347646538080e-03, 4.1425e-01, 3.2961e-03, 
 2DIAGNOSTIC,    21, -8.640843959778e-01, 1.225357356953e-03, 4.1833e-01, 4.0781e-03, 
 2DIAGNOSTIC,    22, -8.643462501741e-01, 4.297823170780e-04, 4.2241e-01, 4.0820e-03, 
 2DIAGNOSTIC,    23, -8.643858833081e-01, 2.053036998450e-04, 4.2607e-01, 3.6621e-03, 
 2DIAGNOSTIC,    24, -8.643783724489e-01, 1.161290439760e-04, 4.2946e-01, 3.3839e-03, 
 2DIAGNOSTIC,    25, -8.644808458968e-01, 8.438763964436e-05, 4.3277e-01, 3.3119e-03, 
 2DIAGNOSTIC,    26, -8.648682377625e-01, 6.708215483150e-05, 4.3608e-01, 3.3119e-03, 
 2DIAGNOSTIC,    27, -8.651488429654e-01, 6.050072277115e-05, 4.3979e-01, 3.7100e-03, 
 2DIAGNOSTIC,    28, -8.656671746846e-01, 5.465016183796e-05, 4.4500e-01, 5.2059e-03, 
 2DIAGNOSTIC,    29, -8.657451506820e-01, 5.345716773172e-05, 4.4833e-01, 3.3300e-03, 
 2DIAGNOSTIC,    30, -8.657669178415e-01, 5.301891212938e-05, 4.5205e-01, 3.7279e-03, 
 2DIAGNOSTIC,    31, -8.659189252662e-01, 5.242194941479e-05, 4.5618e-01, 4.1251e-03, 
 2DIAGNOSTIC,    32, -8.664377596650e-01, 5.580932722904e-05, 4.6006e-01, 3.8788e-03, 
 2DIAGNOSTIC,    33, -8.669462699107e-01, 5.967409035584e-05, 4.6469e-01, 4.6299e-03, 
 2DIAGNOSTIC,    34, -8.671014193106e-01, 5.928511892778e-05, 4.6850e-01, 3.8121e-03, 
 2DIAGNOSTIC,    35, -8.669474677481e-01, 5.297063646256e-05, 4.7222e-01, 3.7179e-03, 
 2DIAGNOSTIC,    36, -8.666945286415e-01, 4.355511471910e-05, 4.7586e-01, 3.6390e-03, 
 2DIAGNOSTIC,    37, -8.665899783798e-01, 3.220227672240e-05, 4.7988e-01, 4.0231e-03, 
 2DIAGNOSTIC,    38, -8.666346574128e-01, 2.372193445777e-05, 4.8316e-01, 3.2790e-03, 
 2DIAGNOSTIC,    39, -8.666413961967e-01, 1.431607948125e-05, 4.8705e-01, 3.8910e-03, 
 2DIAGNOSTIC,    40, -8.665830696109e-01, 3.923608840703e-06, 4.9072e-01, 3.6750e-03, 
DIAGNOSTIC,Iteration,metricValue,convergenceValue,ITERATION_TIME_INDEX,SINCE_LAST
 2DIAGNOSTIC,     1, -7.261468470727e-01, 1.797693134862e+308, 8.7151e-01, 3.8078e-01, 
 2DIAGNOSTIC,     2, -7.269169012717e-01, 1.797693134862e+308, 8.9574e-01, 2.4231e-02, 
 2DIAGNOSTIC,     3, -7.276697944434e-01, 1.797693134862e+308, 9.1980e-01, 2.4060e-02, 
 2DIAGNOSTIC,     4, -7.285898584327e-01, 1.797693134862e+308, 9.4469e-01, 2.4887e-02, 
 2DIAGNOSTIC,     5, -7.297472517562e-01, 1.797693134862e+308, 9.6856e-01, 2.3872e-02, 
 2DIAGNOSTIC,     6, -7.311598199257e-01, 1.797693134862e+308, 9.9251e-01, 2.3949e-02, 
 2DIAGNOSTIC,     7, -7.329402436469e-01, 1.797693134862e+308, 1.0187e+00, 2.6180e-02, 
 2DIAGNOSTIC,     8, -7.333603887256e-01, 1.797693134862e+308, 1.0550e+00, 3.6359e-02, 
 2DIAGNOSTIC,     9, -7.337245337729e-01, 1.797693134862e+308, 1.0794e+00, 2.4404e-02, 
 2DIAGNOSTIC,    10, -7.338875061192e-01, 7.793592998876e-04, 1.1036e+00, 2.4115e-02, 
 2DIAGNOSTIC,    11, -7.340802960954e-01, 6.457390598433e-04, 1.1298e+00, 2.6240e-02, 
 2DIAGNOSTIC,    12, -7.344262482831e-01, 5.121536531368e-04, 1.1650e+00, 3.5210e-02, 
 2DIAGNOSTIC,    13, -7.343956990819e-01, 3.745337929209e-04, 1.1924e+00, 2.7385e-02, 
 2DIAGNOSTIC,    14, -7.344233892504e-01, 2.495195057054e-04, 1.2217e+00, 2.9321e-02, 
 2DIAGNOSTIC,    15, -7.344107654790e-01, 1.479875006821e-04, 1.2457e+00, 2.3941e-02, 
 2DIAGNOSTIC,    16, -7.344170229199e-01, 7.916038788879e-05, 1.2702e+00, 2.4573e-02, 
 2DIAGNOSTIC,    17, -7.344414580044e-01, 5.231468457748e-05, 1.2943e+00, 2.4033e-02, 
 2DIAGNOSTIC,    18, -7.344403415979e-01, 3.268674551722e-05, 1.3189e+00, 2.4610e-02, 
 2DIAGNOSTIC,    19, -7.344661712861e-01, 2.030237554608e-05, 1.3465e+00, 2.7654e-02, 
 2DIAGNOSTIC,    20, -7.344920583508e-01, 1.105271388546e-05, 1.3714e+00, 2.4903e-02, 
 2DIAGNOSTIC,    21, -7.345022082822e-01, 5.362119503083e-06, 1.3999e+00, 2.8472e-02, 
 2DIAGNOSTIC,    22, -7.345167234164e-01, 6.205785699050e-06, 1.4260e+00, 2.6067e-02, 
 2DIAGNOSTIC,    23, -7.345329510257e-01, 6.274467760255e-06, 1.4539e+00, 2.7975e-02, 
 2DIAGNOSTIC,    24, -7.345455781908e-01, 6.533781565649e-06, 1.4788e+00, 2.4857e-02, 
 2DIAGNOSTIC,    25, -7.346508109706e-01, 7.713832906306e-06, 1.5081e+00, 2.9313e-02, 
 2DIAGNOSTIC,    26, -7.347635092383e-01, 9.923616365641e-06, 1.5476e+00, 3.9503e-02, 
 2DIAGNOSTIC,    27, -7.347727737959e-01, 1.161505576715e-05, 1.5795e+00, 3.1832e-02, 
 2DIAGNOSTIC,    28, -7.347640243975e-01, 1.209474135355e-05, 1.6070e+00, 2.7522e-02, 
 2DIAGNOSTIC,    29, -7.347387260753e-01, 1.152907683865e-05, 1.6348e+00, 2.7817e-02, 
 2DIAGNOSTIC,    30, -7.347266325614e-01, 1.017617466451e-05, 1.6596e+00, 2.4793e-02, 
 2DIAGNOSTIC,    31, -7.347281464071e-01, 8.163352172949e-06, 1.6852e+00, 2.5593e-02, 
 2DIAGNOSTIC,    32, -7.347299198803e-01, 5.800901203827e-06, 1.7107e+00, 2.5547e-02, 
 2DIAGNOSTIC,    33, -7.347186493700e-01, 3.216405656668e-06, 1.7384e+00, 2.7655e-02, 
DIAGNOSTIC,Iteration,metricValue,convergenceValue,ITERATION_TIME_INDEX,SINCE_LAST
 2DIAGNOSTIC,     1, -6.209347966893e-01, 1.797693134862e+308, 2.3738e+00, 6.3545e-01, 
 2DIAGNOSTIC,     2, -6.215400602123e-01, 1.797693134862e+308, 2.5481e+00, 1.7427e-01, 
 2DIAGNOSTIC,     3, -6.221244956927e-01, 1.797693134862e+308, 2.7257e+00, 1.7764e-01, 
 2DIAGNOSTIC,     4, -6.228671333142e-01, 1.797693134862e+308, 2.9027e+00, 1.7699e-01, 
 2DIAGNOSTIC,     5, -6.243706595808e-01, 1.797693134862e+308, 3.1199e+00, 2.1715e-01, 
 2DIAGNOSTIC,     6, -6.251310567191e-01, 1.797693134862e+308, 3.3132e+00, 1.9334e-01, 
 2DIAGNOSTIC,     7, -6.251576016856e-01, 1.797693134862e+308, 3.4882e+00, 1.7502e-01, 
 2DIAGNOSTIC,     8, -6.251587030682e-01, 1.797693134862e+308, 3.8276e+00, 3.3934e-01, 
 2DIAGNOSTIC,     9, -6.251598690247e-01, 1.797693134862e+308, 4.0031e+00, 1.7557e-01, 
 2DIAGNOSTIC,    10, -6.251594089076e-01, 4.912721449634e-04, 4.1960e+00, 1.9289e-01, 
 2DIAGNOSTIC,    11, -6.251594224069e-01, 3.446707059743e-04, 4.4120e+00, 2.1600e-01, 
 2DIAGNOSTIC,    12, -6.251588097828e-01, 2.153683489417e-04, 4.6036e+00, 1.9157e-01, 
 2DIAGNOSTIC,    13, -6.251565876314e-01, 1.075048275714e-04, 4.7761e+00, 1.7251e-01, 
 2DIAGNOSTIC,    14, -6.251573765269e-01, 2.862507980948e-05, 4.9461e+00, 1.7000e-01, 
 2DIAGNOSTIC,    15, -6.251586949761e-01, 2.896737796340e-06, 5.1149e+00, 1.6877e-01, 
 2DIAGNOSTIC,    16, -6.251595511262e-01, 1.956015740018e-06, 5.3080e+00, 1.9310e-01, 
 2DIAGNOSTIC,    17, -6.251563384570e-01, 1.754056276899e-06, 5.5016e+00, 1.9361e-01, 
 2DIAGNOSTIC,    18, -6.251565571292e-01, 1.622069869506e-06, 5.6933e+00, 1.9174e-01, 
 2DIAGNOSTIC,    19, -6.251552390709e-01, 1.513104687413e-06, 5.8890e+00, 1.9571e-01, 
 2DIAGNOSTIC,    20, -6.251537432944e-01, 1.383770179858e-06, 6.0848e+00, 1.9580e-01, 
 2DIAGNOSTIC,    21, -6.251524557532e-01, 1.259160308104e-06, 6.2594e+00, 1.7459e-01, 
 2DIAGNOSTIC,    22, -6.251520784533e-01, 1.152368511857e-06, 6.4555e+00, 1.9610e-01, 
 2DIAGNOSTIC,    23, -6.251535322677e-01, 1.067100086613e-06, 6.6530e+00, 1.9744e-01, 
 2DIAGNOSTIC,    24, -6.251528793554e-01, 1.018988678873e-06, 6.8965e+00, 2.4350e-01, 
 2DIAGNOSTIC,    25, -6.251520249945e-01, 1.012162702187e-06, 7.0706e+00, 1.7416e-01, 
 2DIAGNOSTIC,    26, -6.251512605671e-01, 1.034539777352e-06, 7.2621e+00, 1.9148e-01, 
 2DIAGNOSTIC,    27, -6.251502873774e-01, 1.001939235454e-06, 7.4548e+00, 1.9273e-01, 
DIAGNOSTIC,Iteration,metricValue,convergenceValue,ITERATION_TIME_INDEX,SINCE_LAST
 2DIAGNOSTIC,     1, -5.523462894871e-01, 1.797693134862e+308, 9.4204e+00, 1.9656e+00, 
 2DIAGNOSTIC,     2, -5.526466876202e-01, 1.797693134862e+308, 1.0630e+01, 1.2096e+00, 
 2DIAGNOSTIC,     3, -5.529679710517e-01, 1.797693134862e+308, 1.1850e+01, 1.2199e+00, 
 2DIAGNOSTIC,     4, -5.534773090004e-01, 1.797693134862e+308, 1.3205e+01, 1.3549e+00, 
 2DIAGNOSTIC,     5, -5.541818870817e-01, 1.797693134862e+308, 1.4662e+01, 1.4576e+00, 
 2DIAGNOSTIC,     6, -5.541831597416e-01, 1.797693134862e+308, 1.5983e+01, 1.3206e+00, 
 2DIAGNOSTIC,     7, -5.541874912935e-01, 1.797693134862e+308, 1.7449e+01, 1.4656e+00, 
 2DIAGNOSTIC,     8, -5.541882253051e-01, 1.797693134862e+308, 1.8928e+01, 1.4792e+00, 
 2DIAGNOSTIC,     9, -5.541882228368e-01, 1.797693134862e+308, 2.0921e+01, 1.9935e+00, 
 2DIAGNOSTIC,    10, -5.541885881577e-01, 2.278938260089e-04, 2.2256e+01, 1.3348e+00, 
 2DIAGNOSTIC,    11, -5.541885297502e-01, 1.480623770079e-04, 2.3572e+01, 1.3162e+00, 
 2DIAGNOSTIC,    12, -5.541882906925e-01, 8.172648051978e-05, 2.4785e+01, 1.2128e+00, 
 2DIAGNOSTIC,    13, -5.541882544614e-01, 3.090569898716e-05, 2.5983e+01, 1.1977e+00, 
 2DIAGNOSTIC,    14, -5.541879211470e-01, 2.686021571302e-06, 2.7448e+01, 1.4650e+00, 
 2DIAGNOSTIC,    15, -5.541878540255e-01, 2.296918620415e-06, 2.8803e+01, 1.3558e+00, 
 2DIAGNOSTIC,    16, -5.541875505775e-01, 1.967758352456e-06, 3.0142e+01, 1.3387e+00, 
 2DIAGNOSTIC,    17, -5.541875790746e-01, 1.810683089215e-06, 3.1480e+01, 1.3377e+00, 
 2DIAGNOSTIC,    18, -5.541876385433e-01, 1.699395306420e-06, 3.2692e+01, 1.2124e+00, 
 2DIAGNOSTIC,    19, -5.541878363455e-01, 1.611059646744e-06, 3.4025e+01, 1.3332e+00, 
 2DIAGNOSTIC,    20, -5.541874278769e-01, 1.536331318032e-06, 3.5238e+01, 1.2130e+00, 
 2DIAGNOSTIC,    21, -5.541877901553e-01, 1.481783727102e-06, 3.6585e+01, 1.3465e+00, 
 2DIAGNOSTIC,    22, -5.541879518316e-01, 1.433169775487e-06, 3.7940e+01, 1.3547e+00, 
 2DIAGNOSTIC,    23, -5.541875313255e-01, 1.379736724615e-06, 3.9404e+01, 1.4643e+00, 
 2DIAGNOSTIC,    24, -5.541876454635e-01, 1.326791134702e-06, 4.0722e+01, 1.3182e+00, 
 2DIAGNOSTIC,    25, -5.541876181254e-01, 1.276251612628e-06, 4.1930e+01, 1.2075e+00, 
 2DIAGNOSTIC,    26, -5.541873866012e-01, 1.218595496705e-06, 4.3399e+01, 1.4689e+00, 
 2DIAGNOSTIC,    27, -5.541874914119e-01, 1.168238803313e-06, 4.4727e+01, 1.3286e+00, 
 2DIAGNOSTIC,    28, -5.541873010561e-01, 1.119966980191e-06, 4.6065e+01, 1.3373e+00, 
 2DIAGNOSTIC,    29, -5.541869870015e-01, 1.074905292116e-06, 4.7395e+01, 1.3308e+00, 
 2DIAGNOSTIC,    30, -5.541870840524e-01, 1.029534076033e-06, 4.8706e+01, 1.3108e+00, 
  Elapsed time (stage 1): 4.9564e+01


Stage 2
  iterations = 100x70x50x20
  convergence threshold = 1.0000e-06
  convergence window size = 10
  number of levels = 4
  using the CC metric (radius = 4, weight = 1.0000e+00, use gradient filter = 0)
  preprocessing:  winsorizing the image intensities
  Shrink factors (level 1 out of 4): [8, 8, 8]
  Shrink factors (level 2 out of 4): [4, 4, 4]
  Shrink factors (level 3 out of 4): [2, 2, 2]
  Shrink factors (level 4 out of 4): [1, 1, 1]
  smoothing sigmas per level: [3, 2, 1, 0]
  Using default NONE metricSamplingStrategy 

*** Running SyN registration (varianceForUpdateField = 3.0000e+00, varianceForTotalField = 0.0000e+00) ***

XXDIAGNOSTIC,Iteration,metricValue,convergenceValue,ITERATION_TIME_INDEX,SINCE_LAST
 1DIAGNOSTIC,     1, -9.378229509136e-01, 1.797693134862e+308, 4.5242e-01, 4.5242e-01, 
 1DIAGNOSTIC,     2, -9.440004895067e-01, 1.797693134862e+308, 6.0232e-01, 1.4990e-01, 
 1DIAGNOSTIC,     3, -9.476190769870e-01, 1.797693134862e+308, 7.4896e-01, 1.4664e-01, 
 1DIAGNOSTIC,     4, -9.495637169273e-01, 1.797693134862e+308, 8.9900e-01, 1.5004e-01, 
 1DIAGNOSTIC,     5, -9.528360015517e-01, 1.797693134862e+308, 1.0556e+00, 1.5655e-01, 
 1DIAGNOSTIC,     6, -9.576619718968e-01, 1.797693134862e+308, 1.2124e+00, 1.5688e-01, 
 1DIAGNOSTIC,     7, -9.611867260560e-01, 1.797693134862e+308, 1.3677e+00, 1.5523e-01, 
 1DIAGNOSTIC,     8, -9.651356362223e-01, 1.797693134862e+308, 1.5165e+00, 1.4885e-01, 
 1DIAGNOSTIC,     9, -9.677318100876e-01, 1.797693134862e+308, 1.6722e+00, 1.5566e-01, 
 1DIAGNOSTIC,    10, -9.692074312889e-01, 2.104787782118e-03, 1.8263e+00, 1.5413e-01, 
 1DIAGNOSTIC,    11, -9.697526756719e-01, 1.723213553012e-03, 1.9813e+00, 1.5501e-01, 
 1DIAGNOSTIC,    12, -9.710361468985e-01, 1.434465379486e-03, 2.1296e+00, 1.4831e-01, 
 1DIAGNOSTIC,    13, -9.714079457532e-01, 1.151758746644e-03, 2.2773e+00, 1.4769e-01, 
 1DIAGNOSTIC,    14, -9.722022953763e-01, 8.629182271505e-04, 2.4360e+00, 1.5872e-01, 
 1DIAGNOSTIC,    15, -9.724674213604e-01, 6.030203652242e-04, 2.5909e+00, 1.5487e-01, 
 1DIAGNOSTIC,    16, -9.728354822919e-01, 4.164649982386e-04, 2.7464e+00, 1.5545e-01, 
 1DIAGNOSTIC,    17, -9.730243293129e-01, 2.771587425804e-04, 2.9033e+00, 1.5692e-01, 
 1DIAGNOSTIC,    18, -9.732087338829e-01, 1.949136157642e-04, 3.0546e+00, 1.5128e-01, 
 1DIAGNOSTIC,    19, -9.734363992288e-01, 1.469497714238e-04, 3.2015e+00, 1.4691e-01, 
 1DIAGNOSTIC,    20, -9.735489600269e-01, 1.136945588120e-04, 3.3647e+00, 1.6317e-01, 
 1DIAGNOSTIC,    21, -9.737297514605e-01, 8.304226494552e-05, 3.5191e+00, 1.5443e-01, 
 1DIAGNOSTIC,    22, -9.737960003068e-01, 6.564135683552e-05, 3.6714e+00, 1.5236e-01, 
 1DIAGNOSTIC,    23, -9.739780370524e-01, 5.064877623698e-05, 3.8271e+00, 1.5565e-01, 
 1DIAGNOSTIC,    24, -9.739806815413e-01, 4.199729735795e-05, 3.9808e+00, 1.5367e-01, 
 1DIAGNOSTIC,    25, -9.741453229726e-01, 3.522060240307e-05, 4.1349e+00, 1.5418e-01, 
 1DIAGNOSTIC,    26, -9.741678024520e-01, 3.014177468529e-05, 4.2880e+00, 1.5303e-01, 
 1DIAGNOSTIC,    27, -9.743110808312e-01, 2.631765951106e-05, 4.4360e+00, 1.4799e-01, 
 1DIAGNOSTIC,    28, -9.743171485540e-01, 2.232883628785e-05, 4.5927e+00, 1.5670e-01, 
 1DIAGNOSTIC,    29, -9.744315930747e-01, 2.009032698594e-05, 4.7479e+00, 1.5525e-01, 
 1DIAGNOSTIC,    30, -9.744240727793e-01, 1.718586564488e-05, 4.8999e+00, 1.5198e-01, 
 1DIAGNOSTIC,    31, -9.745477359531e-01, 1.583448659831e-05, 5.0469e+00, 1.4697e-01, 
 1DIAGNOSTIC,    32, -9.745330292525e-01, 1.357673734248e-05, 5.1991e+00, 1.5224e-01, 
 1DIAGNOSTIC,    33, -9.746316910676e-01, 1.278841852575e-05, 5.3487e+00, 1.4957e-01, 
 1DIAGNOSTIC,    34, -9.746113082731e-01, 1.072854150896e-05, 5.4982e+00, 1.4955e-01, 
 1DIAGNOSTIC,    35, -9.747050242693e-01, 1.004028364096e-05, 5.6495e+00, 1.5123e-01, 
 1DIAGNOSTIC,    36, -9.746776748651e-01, 8.438430344131e-06, 5.8003e+00, 1.5079e-01, 
 1DIAGNOSTIC,    37, -9.747713526144e-01, 8.100840465174e-06, 5.9484e+00, 1.4812e-01, 
 1DIAGNOSTIC,    38, -9.747386021129e-01, 6.852402801651e-06, 6.1012e+00, 1.5285e-01, 
 1DIAGNOSTIC,    39, -9.748955272071e-01, 7.156886467345e-06, 6.2506e+00, 1.4940e-01, 
 1DIAGNOSTIC,    40, -9.748583881337e-01, 6.464063185985e-06, 6.4033e+00, 1.5271e-01, 
 1DIAGNOSTIC,    41, -9.749561753505e-01, 6.873241209304e-06, 6.5512e+00, 1.4789e-01, 
 1DIAGNOSTIC,    42, -9.749160019491e-01, 6.273001484414e-06, 6.6985e+00, 1.4728e-01, 
 1DIAGNOSTIC,    43, -9.750131732425e-01, 6.527105069060e-06, 6.8518e+00, 1.5332e-01, 
 1DIAGNOSTIC,    44, -9.749681686028e-01, 5.744355100437e-06, 6.9995e+00, 1.4762e-01, 
 1DIAGNOSTIC,    45, -9.750630847113e-01, 5.763810414991e-06, 7.1462e+00, 1.4676e-01, 
 1DIAGNOSTIC,    46, -9.750144031962e-01, 4.791985133219e-06, 7.2992e+00, 1.5299e-01, 
 1DIAGNOSTIC,    47, -9.750866958315e-01, 4.528993754846e-06, 7.4480e+00, 1.4883e-01, 
 1DIAGNOSTIC,    48, -9.750352295598e-01, 3.359163834326e-06, 7.5957e+00, 1.4762e-01, 
 1DIAGNOSTIC,    49, -9.751253129093e-01, 3.474977485311e-06, 7.7448e+00, 1.4917e-01, 
 1DIAGNOSTIC,    50, -9.750714501126e-01, 2.753387168940e-06, 7.8938e+00, 1.4897e-01, 
 1DIAGNOSTIC,    51, -9.751602306543e-01, 2.949416750057e-06, 8.0413e+00, 1.4747e-01, 
 1DIAGNOSTIC,    52, -9.751046137979e-01, 2.351147918630e-06, 8.1893e+00, 1.4802e-01, 
 1DIAGNOSTIC,    53, -9.751940376187e-01, 2.660193014908e-06, 8.3423e+00, 1.5297e-01, 
 1DIAGNOSTIC,    54, -9.751377328034e-01, 2.183653086529e-06, 8.4882e+00, 1.4595e-01, 
 1DIAGNOSTIC,    55, -9.751930703627e-01, 2.389821357172e-06, 8.6352e+00, 1.4700e-01, 
 1DIAGNOSTIC,    56, -9.751348168801e-01, 1.839544529987e-06, 8.7866e+00, 1.5141e-01, 
 1DIAGNOSTIC,    57, -9.752227321482e-01, 2.026762974814e-06, 8.9371e+00, 1.5045e-01, 
 1DIAGNOSTIC,    58, -9.751625153583e-01, 1.476770778781e-06, 9.0926e+00, 1.5552e-01, 
 1DIAGNOSTIC,    59, -9.752487080799e-01, 1.750497387550e-06, 9.2392e+00, 1.4665e-01, 
 1DIAGNOSTIC,    60, -9.751876189225e-01, 1.318483376075e-06, 9.3905e+00, 1.5130e-01, 
 1DIAGNOSTIC,    61, -9.752731137464e-01, 1.680334686449e-06, 9.5404e+00, 1.4983e-01, 
 1DIAGNOSTIC,    62, -9.752106246421e-01, 1.337409706790e-06, 9.6928e+00, 1.5242e-01, 
 1DIAGNOSTIC,    63, -9.752968281726e-01, 1.758284479916e-06, 9.8415e+00, 1.4869e-01, 
 1DIAGNOSTIC,    64, -9.752327878511e-01, 1.478497460523e-06, 9.9895e+00, 1.4798e-01, 
 1DIAGNOSTIC,    65, -9.753202586779e-01, 1.773733641831e-06, 1.0138e+01, 1.4888e-01, 
 1DIAGNOSTIC,    66, -9.752551920127e-01, 1.369065965130e-06, 1.0289e+01, 1.5045e-01, 
 1DIAGNOSTIC,    67, -9.753437260889e-01, 1.679308080552e-06, 1.0437e+01, 1.4798e-01, 
 1DIAGNOSTIC,    68, -9.752766250930e-01, 1.296668904773e-06, 1.0589e+01, 1.5184e-01, 
 1DIAGNOSTIC,    69, -9.753657514918e-01, 1.606073396311e-06, 1.0738e+01, 1.4912e-01, 
 1DIAGNOSTIC,    70, -9.752973785108e-01, 1.235794246024e-06, 1.0890e+01, 1.5194e-01, 
 1DIAGNOSTIC,    71, -9.753855855645e-01, 1.533441037378e-06, 1.1044e+01, 1.5434e-01, 
 1DIAGNOSTIC,    72, -9.753153005290e-01, 1.159838016197e-06, 1.1195e+01, 1.5062e-01, 
 1DIAGNOSTIC,    73, -9.754026706214e-01, 1.439754690323e-06, 1.1342e+01, 1.4777e-01, 
 1DIAGNOSTIC,    74, -9.753301223587e-01, 1.056837828504e-06, 1.1501e+01, 1.5809e-01, 
 1DIAGNOSTIC,    75, -9.754177491634e-01, 1.323263587349e-06, 1.1653e+01, 1.5299e-01, 
 1DIAGNOSTIC,    76, -9.753434121992e-01, 9.411570014942e-07, 1.1807e+01, 1.5304e-01, 
XXDIAGNOSTIC,Iteration,metricValue,convergenceValue,ITERATION_TIME_INDEX,SINCE_LAST
 1DIAGNOSTIC,     1, -9.204047015263e-01, 1.797693134862e+308, 1.3308e+01, 1.5016e+00, 
 1DIAGNOSTIC,     2, -9.223711114872e-01, 1.797693134862e+308, 1.4530e+01, 1.2221e+00, 
 1DIAGNOSTIC,     3, -9.249936432873e-01, 1.797693134862e+308, 1.5734e+01, 1.2038e+00, 
 1DIAGNOSTIC,     4, -9.280672290787e-01, 1.797693134862e+308, 1.6933e+01, 1.1993e+00, 
 1DIAGNOSTIC,     5, -9.307094052336e-01, 1.797693134862e+308, 1.8134e+01, 1.2002e+00, 
 1DIAGNOSTIC,     6, -9.331553302046e-01, 1.797693134862e+308, 1.9322e+01, 1.1887e+00, 
 1DIAGNOSTIC,     7, -9.351370372422e-01, 1.797693134862e+308, 2.0510e+01, 1.1877e+00, 
 1DIAGNOSTIC,     8, -9.369386108849e-01, 1.797693134862e+308, 2.1700e+01, 1.1900e+00, 
 1DIAGNOSTIC,     9, -9.384603898862e-01, 1.797693134862e+308, 2.2892e+01, 1.1916e+00, 
 1DIAGNOSTIC,    10, -9.397872166307e-01, 1.393078466112e-03, 2.4086e+01, 1.1948e+00, 
 1DIAGNOSTIC,    11, -9.408395369353e-01, 1.165281759313e-03, 2.5303e+01, 1.2169e+00, 
 1DIAGNOSTIC,    12, -9.418777374937e-01, 9.470004675856e-04, 2.6511e+01, 1.2082e+00, 
 1DIAGNOSTIC,    13, -9.428255700839e-01, 7.596711882992e-04, 2.7737e+01, 1.2255e+00, 
 1DIAGNOSTIC,    14, -9.436715573671e-01, 6.146999581309e-04, 2.8941e+01, 1.2036e+00, 
 1DIAGNOSTIC,    15, -9.443986492751e-01, 5.007213695588e-04, 3.0134e+01, 1.1933e+00, 
 1DIAGNOSTIC,    16, -9.449215343080e-01, 4.111808660004e-04, 3.1362e+01, 1.2281e+00, 
 1DIAGNOSTIC,    17, -9.454293885038e-01, 3.385585986106e-04, 3.2599e+01, 1.2374e+00, 
 1DIAGNOSTIC,    18, -9.457681727407e-01, 2.785674953902e-04, 3.3815e+01, 1.2152e+00, 
 1DIAGNOSTIC,    19, -9.460497948139e-01, 2.277118685018e-04, 3.5015e+01, 1.2005e+00, 
 1DIAGNOSTIC,    20, -9.462885516450e-01, 1.844886633342e-04, 3.6242e+01, 1.2267e+00, 
 1DIAGNOSTIC,    21, -9.465134303426e-01, 1.465847184123e-04, 3.7461e+01, 1.2191e+00, 
 1DIAGNOSTIC,    22, -9.467224826406e-01, 1.155682253493e-04, 3.8663e+01, 1.2025e+00, 
 1DIAGNOSTIC,    23, -9.469271056846e-01, 9.156998251358e-05, 3.9880e+01, 1.2172e+00, 
 1DIAGNOSTIC,    24, -9.471325654876e-01, 7.423369118196e-05, 4.1083e+01, 1.2023e+00, 
 1DIAGNOSTIC,    25, -9.473483390087e-01, 6.274929862166e-05, 4.2292e+01, 1.2090e+00, 
 1DIAGNOSTIC,    26, -9.475710010349e-01, 5.491118228647e-05, 4.3496e+01, 1.2049e+00, 
 1DIAGNOSTIC,    27, -9.478034667624e-01, 5.080341539903e-05, 4.4705e+01, 1.2085e+00, 
 1DIAGNOSTIC,    28, -9.480453723026e-01, 4.850496553779e-05, 4.5938e+01, 1.2326e+00, 
 1DIAGNOSTIC,    29, -9.482948720530e-01, 4.736270275923e-05, 4.7146e+01, 1.2087e+00, 
 1DIAGNOSTIC,    30, -9.485386609892e-01, 4.671953204764e-05, 4.8363e+01, 1.2165e+00, 
 1DIAGNOSTIC,    31, -9.487503876741e-01, 4.599575537412e-05, 4.9563e+01, 1.2002e+00, 
 1DIAGNOSTIC,    32, -9.489410893840e-01, 4.478594635537e-05, 5.0784e+01, 1.2212e+00, 
 1DIAGNOSTIC,    33, -9.491062946138e-01, 4.283934736215e-05, 5.2008e+01, 1.2238e+00, 
 1DIAGNOSTIC,    34, -9.492365005013e-01, 3.997115776420e-05, 5.3210e+01, 1.2018e+00, 
 1DIAGNOSTIC,    35, -9.487446042725e-01, 3.114557271270e-05, 5.4437e+01, 1.2272e+00, 
 1DIAGNOSTIC,    36, -9.489342042296e-01, 2.350607248489e-05, 5.5648e+01, 1.2104e+00, 
 1DIAGNOSTIC,    37, -9.489212324140e-01, 1.580682516457e-05, 5.6849e+01, 1.2012e+00, 
 1DIAGNOSTIC,    38, -9.490172290662e-01, 9.693576344831e-06, 5.8060e+01, 1.2107e+00, 
 1DIAGNOSTIC,    39, -9.485447630712e-01, 1.312919405964e-06, 5.9277e+01, 1.2170e+00, 
 1DIAGNOSTIC,    40, -9.487644569801e-01, -3.046307019007e-06, 6.0478e+01, 1.2015e+00, 
XXDIAGNOSTIC,Iteration,metricValue,convergenceValue,ITERATION_TIME_INDEX,SINCE_LAST
 1DIAGNOSTIC,     1, -9.012297444943e-01, 1.797693134862e+308, 7.0541e+01, 1.0063e+01, 
 1DIAGNOSTIC,     2, -9.032215038869e-01, 1.797693134862e+308, 8.0141e+01, 9.5998e+00, 
 1DIAGNOSTIC,     3, -9.060773621344e-01, 1.797693134862e+308, 8.9687e+01, 9.5460e+00, 
 1DIAGNOSTIC,     4, -9.085873848640e-01, 1.797693134862e+308, 9.9334e+01, 9.6477e+00, 
 1DIAGNOSTIC,     5, -9.108738772796e-01, 1.797693134862e+308, 1.0894e+02, 9.6104e+00, 
 1DIAGNOSTIC,     6, -9.128619817018e-01, 1.797693134862e+308, 1.1869e+02, 9.7484e+00, 
 1DIAGNOSTIC,     7, -9.146089596898e-01, 1.797693134862e+308, 1.2838e+02, 9.6883e+00, 
 1DIAGNOSTIC,     8, -9.161652568595e-01, 1.797693134862e+308, 1.3812e+02, 9.7365e+00, 
 1DIAGNOSTIC,     9, -9.175684858506e-01, 1.797693134862e+308, 1.4783e+02, 9.7132e+00, 
 1DIAGNOSTIC,    10, -9.186822881611e-01, 1.257609857604e-03, 1.5760e+02, 9.7724e+00, 
 1DIAGNOSTIC,    11, -9.197150797479e-01, 1.039184567185e-03, 1.6729e+02, 9.6829e+00, 
 1DIAGNOSTIC,    12, -9.205425797342e-01, 8.364118329650e-04, 1.7704e+02, 9.7550e+00, 
 1DIAGNOSTIC,    13, -9.213800329723e-01, 6.772038873745e-04, 1.8668e+02, 9.6397e+00, 
 1DIAGNOSTIC,    14, -9.220234224394e-01, 5.487349767964e-04, 1.9623e+02, 9.5526e+00, 
 1DIAGNOSTIC,    15, -9.226049159449e-01, 4.464004665689e-04, 2.0585e+02, 9.6181e+00, 
 1DIAGNOSTIC,    16, -9.232442196727e-01, 3.666913187823e-04, 2.1545e+02, 9.5990e+00, 
 1DIAGNOSTIC,    17, -9.237263858346e-01, 3.030113172443e-04, 2.2512e+02, 9.6686e+00, 
 1DIAGNOSTIC,    18, -9.241774166670e-01, 2.528067784526e-04, 2.3486e+02, 9.7448e+00, 
 1DIAGNOSTIC,    19, -9.246071027408e-01, 2.142867067485e-04, 2.4455e+02, 9.6863e+00, 
 1DIAGNOSTIC,    20, -9.250187606041e-01, 1.832403444978e-04, 2.5427e+02, 9.7197e+00, 
 1DIAGNOSTIC,    21, -9.254189455305e-01, 1.591489694914e-04, 2.6395e+02, 9.6834e+00, 
 1DIAGNOSTIC,    22, -9.258097370484e-01, 1.394435563683e-04, 2.7363e+02, 9.6736e+00, 
 1DIAGNOSTIC,    23, -9.261933779921e-01, 1.248379194399e-04, 2.8323e+02, 9.6073e+00, 
 1DIAGNOSTIC,    24, -9.265753062866e-01, 1.129655680513e-04, 2.9290e+02, 9.6700e+00, 
 1DIAGNOSTIC,    25, -9.269547687044e-01, 1.032744236491e-04, 3.0247e+02, 9.5705e+00, 
 1DIAGNOSTIC,    26, -9.273343196116e-01, 9.673004289741e-05, 3.1221e+02, 9.7369e+00, 
 1DIAGNOSTIC,    27, -9.276864697894e-01, 9.111201298924e-05, 3.2187e+02, 9.6585e+00, 
 1DIAGNOSTIC,    28, -9.280065061993e-01, 8.582370510433e-05, 3.3153e+02, 9.6569e+00, 
 1DIAGNOSTIC,    29, -9.283011232363e-01, 8.053151625459e-05, 3.4118e+02, 9.6546e+00, 
 1DIAGNOSTIC,    30, -9.285687108312e-01, 7.499066666815e-05, 3.5087e+02, 9.6840e+00, 
 1DIAGNOSTIC,    31, -9.288106334369e-01, 6.912592221595e-05, 3.6060e+02, 9.7384e+00, 
 1DIAGNOSTIC,    32, -9.290319140422e-01, 6.300974049950e-05, 3.7029e+02, 9.6861e+00, 
 1DIAGNOSTIC,    33, -9.292368005757e-01, 5.682413967113e-05, 3.8003e+02, 9.7420e+00, 
 1DIAGNOSTIC,    34, -9.294305423716e-01, 5.086377319874e-05, 3.8978e+02, 9.7524e+00, 
 1DIAGNOSTIC,    35, -9.296163060794e-01, 4.541959230118e-05, 3.9952e+02, 9.7329e+00, 
 1DIAGNOSTIC,    36, -9.297922024880e-01, 4.074643518225e-05, 4.0923e+02, 9.7166e+00, 
 1DIAGNOSTIC,    37, -9.299619643334e-01, 3.683122125816e-05, 4.1903e+02, 9.7937e+00, 
 1DIAGNOSTIC,    38, -9.301300640494e-01, 3.360928340422e-05, 4.2863e+02, 9.6000e+00, 
 1DIAGNOSTIC,    39, -9.302905450001e-01, 3.098150658086e-05, 4.3830e+02, 9.6770e+00, 
 1DIAGNOSTIC,    40, -9.304494977068e-01, 2.885485451726e-05, 4.4793e+02, 9.6253e+00, 
 1DIAGNOSTIC,    41, -9.306044807175e-01, 2.710084777015e-05, 4.5773e+02, 9.7971e+00, 
 1DIAGNOSTIC,    42, -9.307583450258e-01, 2.563521217462e-05, 4.6736e+02, 9.6287e+00, 
 1DIAGNOSTIC,    43, -9.309118785672e-01, 2.439652377535e-05, 4.7697e+02, 9.6135e+00, 
 1DIAGNOSTIC,    44, -9.310546376847e-01, 2.327738441553e-05, 4.8651e+02, 9.5423e+00, 
 1DIAGNOSTIC,    45, -9.311908265478e-01, 2.222752333631e-05, 4.9613e+02, 9.6197e+00, 
 1DIAGNOSTIC,    46, -9.313219067876e-01, 2.119386068423e-05, 5.0578e+02, 9.6504e+00, 
 1DIAGNOSTIC,    47, -9.314469641818e-01, 2.014717575599e-05, 5.1555e+02, 9.7727e+00, 
 1DIAGNOSTIC,    48, -9.315677792990e-01, 1.910838408867e-05, 5.2516e+02, 9.6096e+00, 
 1DIAGNOSTIC,    49, -9.316891153116e-01, 1.809239545018e-05, 5.3483e+02, 9.6613e+00, 
 1DIAGNOSTIC,    50, -9.318086057939e-01, 1.713742110046e-05, 5.4460e+02, 9.7754e+00, 
XXDIAGNOSTIC,Iteration,metricValue,convergenceValue,ITERATION_TIME_INDEX,SINCE_LAST
 1DIAGNOSTIC,     1, -8.889399834522e-01, 1.797693134862e+308, 6.3154e+02, 8.6942e+01, 
 1DIAGNOSTIC,     2, -8.899232657432e-01, 1.797693134862e+308, 7.1496e+02, 8.3419e+01, 
 1DIAGNOSTIC,     3, -8.914945531739e-01, 1.797693134862e+308, 7.9851e+02, 8.3552e+01, 
 1DIAGNOSTIC,     4, -8.930178399106e-01, 1.797693134862e+308, 8.8399e+02, 8.5478e+01, 
 1DIAGNOSTIC,     5, -8.946090286838e-01, 1.797693134862e+308, 9.6776e+02, 8.3767e+01, 
 1DIAGNOSTIC,     6, -8.959661059650e-01, 1.797693134862e+308, 1.0508e+03, 8.3089e+01, 
 1DIAGNOSTIC,     7, -8.973145136714e-01, 1.797693134862e+308, 1.1336e+03, 8.2798e+01, 
 1DIAGNOSTIC,     8, -8.986013331254e-01, 1.797693134862e+308, 1.2172e+03, 8.3561e+01, 
 1DIAGNOSTIC,     9, -8.998187800203e-01, 1.797693134862e+308, 1.3006e+03, 8.3368e+01, 
 1DIAGNOSTIC,    10, -9.009094782277e-01, 8.870029699759e-04, 1.3835e+03, 8.2904e+01, 
 1DIAGNOSTIC,    11, -9.019685041261e-01, 7.855457211386e-04, 1.4681e+03, 8.4662e+01, 
 1DIAGNOSTIC,    12, -9.029903222838e-01, 6.830836749449e-04, 1.5545e+03, 8.6359e+01, 
 1DIAGNOSTIC,    13, -9.038650286130e-01, 5.938858903630e-04, 1.6382e+03, 8.3686e+01, 
 1DIAGNOSTIC,    14, -9.046755313153e-01, 5.158677352907e-04, 1.7219e+03, 8.3745e+01, 
 1DIAGNOSTIC,    15, -9.054399146262e-01, 4.506287438836e-04, 1.8058e+03, 8.3874e+01, 
 1DIAGNOSTIC,    16, -9.061721832122e-01, 3.932573887623e-04, 1.8897e+03, 8.3866e+01, 
 1DIAGNOSTIC,    17, -9.068511024651e-01, 3.438659427847e-04, 1.9737e+03, 8.4043e+01, 
 1DIAGNOSTIC,    18, -9.074849445733e-01, 3.017101193433e-04, 2.0603e+03, 8.6616e+01, 
 1DIAGNOSTIC,    19, -9.080822333119e-01, 2.660779010128e-04, 2.1439e+03, 8.3587e+01, 
 1DIAGNOSTIC,    20, -9.086540529003e-01, 2.353866032683e-04, 2.2277e+03, 8.3822e+01, 
  Elapsed time (stage 2): 2229


Total elapsed time: 2318
