All_Command_lines_OK
Using double precision for computations.
=============================================================================
The composite transform comprises the following transforms (in order): 
  1. Center of mass alignment using fixed image: /templateflow/tpl-MNI152NLin2009cAsym/tpl-MNI152NLin2009cAsym_res-01_desc-brain_T1w.nii.gz and moving image: /mnt/lustre/mathdugre/ants-amp/datasets/corr/RawDataBIDS/BMB_1/derivatives/antsBrainExtraction/sub-0003017/BrainExtractionBrain.nii.gz (type = Euler3DTransform)
=============================================================================
  number of levels = 4
  number of levels = 4
  number of levels = 4
  fixed image: /templateflow/tpl-MNI152NLin2009cAsym/tpl-MNI152NLin2009cAsym_res-01_desc-brain_T1w.nii.gz
  moving image: /mnt/lustre/mathdugre/ants-amp/datasets/corr/RawDataBIDS/BMB_1/derivatives/antsBrainExtraction/sub-0003017/BrainExtractionBrain.nii.gz
  fixed image: /templateflow/tpl-MNI152NLin2009cAsym/tpl-MNI152NLin2009cAsym_res-01_desc-brain_T1w.nii.gz
  moving image: /mnt/lustre/mathdugre/ants-amp/datasets/corr/RawDataBIDS/BMB_1/derivatives/antsBrainExtraction/sub-0003017/BrainExtractionBrain.nii.gz
  fixed image: /templateflow/tpl-MNI152NLin2009cAsym/tpl-MNI152NLin2009cAsym_res-01_desc-brain_T1w.nii.gz
  moving image: /mnt/lustre/mathdugre/ants-amp/datasets/corr/RawDataBIDS/BMB_1/derivatives/antsBrainExtraction/sub-0003017/BrainExtractionBrain.nii.gz
Dimension = 3
Number of stages = 3
Use histogram matching = false
Winsorize image intensities = true
  Lower quantile = 0.005
  Upper quantile = 0.995


Stage 1 State
   Image metric = MattesMI
     Fixed image = Image (0x5614172ec360)
  RTTI typeinfo:   itk::Image<double, 3u>
  Reference Count: 2
  Modified Time: 2372
  Debug: Off
  Object Name: 
  Observers: 
    none
  Source: (none)
  Source output name: (none)
  Release Data: Off
  Data Released: False
  Global Release Data: Off
  PipelineMTime: 0
  UpdateMTime: 1981
  RealTimeStamp: 0 seconds 
  LargestPossibleRegion: 
    Dimension: 3
    Index: [0, 0, 0]
    Size: [193, 229, 193]
  BufferedRegion: 
    Dimension: 3
    Index: [0, 0, 0]
    Size: [193, 229, 193]
  RequestedRegion: 
    Dimension: 3
    Index: [0, 0, 0]
    Size: [193, 229, 193]
  Spacing: [1, 1, 1]
  Origin: [96, 132, -78]
  Direction: 
-1 0 0
0 -1 0
0 0 1

  IndexToPointMatrix: 
-1 0 0
0 -1 0
0 0 1

  PointToIndexMatrix: 
-1 0 0
0 -1 0
0 0 1

  Inverse Direction: 
-1 0 0
0 -1 0
0 0 1

  PixelContainer: 
    ImportImageContainer (0x5614172efc80)
      RTTI typeinfo:   itk::ImportImageContainer<unsigned long, double>
      Reference Count: 1
      Modified Time: 1978
      Debug: Off
      Object Name: 
      Observers: 
        none
      Pointer: 0x7f9b95dc8010
      Container manages memory: true
      Size: 8530021
      Capacity: 8530021

     Moving image = Image (0x5614173f9340)
  RTTI typeinfo:   itk::Image<double, 3u>
  Reference Count: 2
  Modified Time: 2373
  Debug: Off
  Object Name: 
  Observers: 
    none
  Source: (none)
  Source output name: (none)
  Release Data: Off
  Data Released: False
  Global Release Data: Off
  PipelineMTime: 0
  UpdateMTime: 2370
  RealTimeStamp: 0 seconds 
  LargestPossibleRegion: 
    Dimension: 3
    Index: [0, 0, 0]
    Size: [176, 256, 256]
  BufferedRegion: 
    Dimension: 3
    Index: [0, 0, 0]
    Size: [176, 256, 256]
  RequestedRegion: 
    Dimension: 3
    Index: [0, 0, 0]
    Size: [176, 256, 256]
  Spacing: [1, 1, 1]
  Origin: [-73.5417, 105.951, -120.131]
  Direction: 
1 0 0
0 -1 0
0 0 1

  IndexToPointMatrix: 
1 0 0
0 -1 0
0 0 1

  PointToIndexMatrix: 
1 0 0
0 -1 0
0 0 1

  Inverse Direction: 
1 0 0
0 -1 0
0 0 1

  PixelContainer: 
    ImportImageContainer (0x5614173fe710)
      RTTI typeinfo:   itk::ImportImageContainer<unsigned long, double>
      Reference Count: 1
      Modified Time: 2367
      Debug: Off
      Object Name: 
      Observers: 
        none
      Pointer: 0x7f9b905c7010
      Container manages memory: true
      Size: 11534336
      Capacity: 11534336

     Weighting = 1
     Sampling strategy = regular
     Number of bins = 32
     Radius = 4
     Sampling percentage  = 0.25
   Transform = Rigid
     Gradient step = 0.1
     Update field sigma (voxel space) = 0
     Total field sigma (voxel space) = 0
     Update field time sigma = 0
     Total field time sigma  = 0
     Number of time indices = 0
     Number of time point samples = 0
Stage 2 State
   Image metric = MattesMI
     Fixed image = Image (0x561417440bd0)
  RTTI typeinfo:   itk::Image<double, 3u>
  Reference Count: 2
  Modified Time: 3150
  Debug: Off
  Object Name: 
  Observers: 
    none
  Source: (none)
  Source output name: (none)
  Release Data: Off
  Data Released: False
  Global Release Data: Off
  PipelineMTime: 0
  UpdateMTime: 2759
  RealTimeStamp: 0 seconds 
  LargestPossibleRegion: 
    Dimension: 3
    Index: [0, 0, 0]
    Size: [193, 229, 193]
  BufferedRegion: 
    Dimension: 3
    Index: [0, 0, 0]
    Size: [193, 229, 193]
  RequestedRegion: 
    Dimension: 3
    Index: [0, 0, 0]
    Size: [193, 229, 193]
  Spacing: [1, 1, 1]
  Origin: [96, 132, -78]
  Direction: 
-1 0 0
0 -1 0
0 0 1

  IndexToPointMatrix: 
-1 0 0
0 -1 0
0 0 1

  PointToIndexMatrix: 
-1 0 0
0 -1 0
0 0 1

  Inverse Direction: 
-1 0 0
0 -1 0
0 0 1

  PixelContainer: 
    ImportImageContainer (0x5614173fbd80)
      RTTI typeinfo:   itk::ImportImageContainer<unsigned long, double>
      Reference Count: 1
      Modified Time: 2756
      Debug: Off
      Object Name: 
      Observers: 
        none
      Pointer: 0x7f9b8c4b2010
      Container manages memory: true
      Size: 8530021
      Capacity: 8530021

     Moving image = Image (0x5614173fc010)
  RTTI typeinfo:   itk::Image<double, 3u>
  Reference Count: 2
  Modified Time: 3151
  Debug: Off
  Object Name: 
  Observers: 
    none
  Source: (none)
  Source output name: (none)
  Release Data: Off
  Data Released: False
  Global Release Data: Off
  PipelineMTime: 0
  UpdateMTime: 3148
  RealTimeStamp: 0 seconds 
  LargestPossibleRegion: 
    Dimension: 3
    Index: [0, 0, 0]
    Size: [176, 256, 256]
  BufferedRegion: 
    Dimension: 3
    Index: [0, 0, 0]
    Size: [176, 256, 256]
  RequestedRegion: 
    Dimension: 3
    Index: [0, 0, 0]
    Size: [176, 256, 256]
  Spacing: [1, 1, 1]
  Origin: [-73.5417, 105.951, -120.131]
  Direction: 
1 0 0
0 -1 0
0 0 1

  IndexToPointMatrix: 
1 0 0
0 -1 0
0 0 1

  PointToIndexMatrix: 
1 0 0
0 -1 0
0 0 1

  Inverse Direction: 
1 0 0
0 -1 0
0 0 1

  PixelContainer: 
    ImportImageContainer (0x561417461150)
      RTTI typeinfo:   itk::ImportImageContainer<unsigned long, double>
      Reference Count: 1
      Modified Time: 3145
      Debug: Off
      Object Name: 
      Observers: 
        none
      Pointer: 0x7f9b86cb1010
      Container manages memory: true
      Size: 11534336
      Capacity: 11534336

     Weighting = 1
     Sampling strategy = regular
     Number of bins = 32
     Radius = 4
     Sampling percentage  = 0.25
   Transform = Affine
     Gradient step = 0.1
     Update field sigma (voxel space) = 0
     Total field sigma (voxel space) = 0
     Update field time sigma = 0
     Total field time sigma  = 0
     Number of time indices = 0
     Number of time point samples = 0
Stage 3 State
   Image metric = CC
     Fixed image = Image (0x5614174812a0)
  RTTI typeinfo:   itk::Image<double, 3u>
  Reference Count: 2
  Modified Time: 3928
  Debug: Off
  Object Name: 
  Observers: 
    none
  Source: (none)
  Source output name: (none)
  Release Data: Off
  Data Released: False
  Global Release Data: Off
  PipelineMTime: 0
  UpdateMTime: 3537
  RealTimeStamp: 0 seconds 
  LargestPossibleRegion: 
    Dimension: 3
    Index: [0, 0, 0]
    Size: [193, 229, 193]
  BufferedRegion: 
    Dimension: 3
    Index: [0, 0, 0]
    Size: [193, 229, 193]
  RequestedRegion: 
    Dimension: 3
    Index: [0, 0, 0]
    Size: [193, 229, 193]
  Spacing: [1, 1, 1]
  Origin: [96, 132, -78]
  Direction: 
-1 0 0
0 -1 0
0 0 1

  IndexToPointMatrix: 
-1 0 0
0 -1 0
0 0 1

  PointToIndexMatrix: 
-1 0 0
0 -1 0
0 0 1

  Inverse Direction: 
-1 0 0
0 -1 0
0 0 1

  PixelContainer: 
    ImportImageContainer (0x5614173e7b50)
      RTTI typeinfo:   itk::ImportImageContainer<unsigned long, double>
      Reference Count: 1
      Modified Time: 3534
      Debug: Off
      Object Name: 
      Observers: 
        none
      Pointer: 0x7f9b82b9c010
      Container manages memory: true
      Size: 8530021
      Capacity: 8530021

     Moving image = Image (0x5614173fae30)
  RTTI typeinfo:   itk::Image<double, 3u>
  Reference Count: 2
  Modified Time: 3929
  Debug: Off
  Object Name: 
  Observers: 
    none
  Source: (none)
  Source output name: (none)
  Release Data: Off
  Data Released: False
  Global Release Data: Off
  PipelineMTime: 0
  UpdateMTime: 3926
  RealTimeStamp: 0 seconds 
  LargestPossibleRegion: 
    Dimension: 3
    Index: [0, 0, 0]
    Size: [176, 256, 256]
  BufferedRegion: 
    Dimension: 3
    Index: [0, 0, 0]
    Size: [176, 256, 256]
  RequestedRegion: 
    Dimension: 3
    Index: [0, 0, 0]
    Size: [176, 256, 256]
  Spacing: [1, 1, 1]
  Origin: [-73.5417, 105.951, -120.131]
  Direction: 
1 0 0
0 -1 0
0 0 1

  IndexToPointMatrix: 
1 0 0
0 -1 0
0 0 1

  PointToIndexMatrix: 
1 0 0
0 -1 0
0 0 1

  Inverse Direction: 
1 0 0
0 -1 0
0 0 1

  PixelContainer: 
    ImportImageContainer (0x56141741e790)
      RTTI typeinfo:   itk::ImportImageContainer<unsigned long, double>
      Reference Count: 1
      Modified Time: 3923
      Debug: Off
      Object Name: 
      Observers: 
        none
      Pointer: 0x7f9b7d39b010
      Container manages memory: true
      Size: 11534336
      Capacity: 11534336

     Weighting = 1
     Sampling strategy = none
     Number of bins = 32
     Radius = 4
     Sampling percentage  = 1
   Transform = SyN
     Gradient step = 0.1
     Update field sigma (voxel space) = 3
     Total field sigma (voxel space) = 0
     Update field time sigma = 0
     Total field time sigma  = 0
     Number of time indices = 0
     Number of time point samples = 0
Registration using 3 total stages.

Stage 0
  iterations = 1000x500x250x100
  convergence threshold = 1e-06
  convergence window size = 10
  number of levels = 4
  using the Mattes MI metric (number of bins = 32, weight = 1, use gradient filter = 0)
  preprocessing:  winsorizing the image intensities
  Shrink factors (level 1 out of 4): [8, 8, 8]
  Shrink factors (level 2 out of 4): [4, 4, 4]
  Shrink factors (level 3 out of 4): [2, 2, 2]
  Shrink factors (level 4 out of 4): [1, 1, 1]
  smoothing sigmas per level: [3, 2, 1, 0]
  regular sampling (percentage = 0.25)

*** Running Euler3DTransform registration ***

DIAGNOSTIC,Iteration,metricValue,convergenceValue,ITERATION_TIME_INDEX,SINCE_LAST
 2DIAGNOSTIC,     1, -5.758216045139e-01, 1.797693134862e+308, 3.5406e-01, 3.5406e-01, 
 2DIAGNOSTIC,     2, -5.762894098337e-01, 1.797693134862e+308, 3.5765e-01, 3.5942e-03, 
 2DIAGNOSTIC,     3, -5.765425693242e-01, 1.797693134862e+308, 3.6156e-01, 3.9072e-03, 
 2DIAGNOSTIC,     4, -5.767579859871e-01, 1.797693134862e+308, 3.6451e-01, 2.9490e-03, 
 2DIAGNOSTIC,     5, -5.767144917075e-01, 1.797693134862e+308, 3.6731e-01, 2.8012e-03, 
 2DIAGNOSTIC,     6, -5.768841458114e-01, 1.797693134862e+308, 3.6977e-01, 2.4600e-03, 
 2DIAGNOSTIC,     7, -5.775407098730e-01, 1.797693134862e+308, 3.7227e-01, 2.5001e-03, 
 2DIAGNOSTIC,     8, -5.810573841390e-01, 1.797693134862e+308, 3.7502e-01, 2.7478e-03, 
 2DIAGNOSTIC,     9, -5.931593963804e-01, 1.797693134862e+308, 3.8176e-01, 6.7389e-03, 
 2DIAGNOSTIC,    10, -5.932492712303e-01, 1.752689979965e-03, 3.8559e-01, 3.8340e-03, 
 2DIAGNOSTIC,    11, -5.934615382490e-01, 2.020689527209e-03, 3.8866e-01, 3.0751e-03, 
 2DIAGNOSTIC,    12, -5.936576540976e-01, 2.096090880414e-03, 3.9134e-01, 2.6741e-03, 
 2DIAGNOSTIC,    13, -5.939503606574e-01, 1.987096728822e-03, 3.9399e-01, 2.6469e-03, 
 2DIAGNOSTIC,    14, -5.944502366120e-01, 1.731488752835e-03, 3.9665e-01, 2.6629e-03, 
 2DIAGNOSTIC,    15, -5.950268624066e-01, 1.370176710883e-03, 3.9931e-01, 2.6641e-03, 
 2DIAGNOSTIC,    16, -5.959603322635e-01, 9.691926229929e-04, 4.0236e-01, 3.0520e-03, 
 2DIAGNOSTIC,    17, -5.964246546357e-01, 5.600010785949e-04, 4.0506e-01, 2.6960e-03, 
 2DIAGNOSTIC,    18, -5.974479409570e-01, 2.584094895663e-04, 4.0824e-01, 3.1788e-03, 
 2DIAGNOSTIC,    19, -5.989031958208e-01, 3.100767616883e-04, 4.1089e-01, 2.6522e-03, 
 2DIAGNOSTIC,    20, -6.032161241516e-01, 4.332115522734e-04, 4.1403e-01, 3.1381e-03, 
 2DIAGNOSTIC,    21, -6.138758435199e-01, 7.509593588266e-04, 4.1779e-01, 3.7570e-03, 
 2DIAGNOSTIC,    22, -6.154704973256e-01, 1.002697419394e-03, 4.2153e-01, 3.7458e-03, 
 2DIAGNOSTIC,    23, -6.163465561686e-01, 1.165342148453e-03, 4.2417e-01, 2.6360e-03, 
 2DIAGNOSTIC,    24, -6.189181159854e-01, 1.268606855152e-03, 4.2724e-01, 3.0739e-03, 
 2DIAGNOSTIC,    25, -6.233525049366e-01, 1.336917768539e-03, 4.2984e-01, 2.6002e-03, 
 2DIAGNOSTIC,    26, -6.265551308741e-01, 1.345225818088e-03, 4.3279e-01, 2.9509e-03, 
 2DIAGNOSTIC,    27, -6.271770824847e-01, 1.245519692973e-03, 4.3538e-01, 2.5909e-03, 
 2DIAGNOSTIC,    28, -6.274602931088e-01, 1.062497707138e-03, 4.3838e-01, 2.9931e-03, 
 2DIAGNOSTIC,    29, -6.286050826634e-01, 8.354585594838e-04, 4.4103e-01, 2.6541e-03, 
 2DIAGNOSTIC,    30, -6.315212761421e-01, 6.534800621709e-04, 4.4400e-01, 2.9709e-03, 
 2DIAGNOSTIC,    31, -6.359076109281e-01, 6.496029096534e-04, 4.4806e-01, 4.0572e-03, 
 2DIAGNOSTIC,    32, -6.360464212786e-01, 6.099537546403e-04, 4.5182e-01, 3.7580e-03, 
 2DIAGNOSTIC,    33, -6.361150813990e-01, 5.303390059069e-04, 4.5477e-01, 2.9531e-03, 
 2DIAGNOSTIC,    34, -6.359114637828e-01, 4.377188307621e-04, 4.5846e-01, 3.6922e-03, 
 2DIAGNOSTIC,    35, -6.358794463192e-01, 3.664220853785e-04, 4.6141e-01, 2.9500e-03, 
 2DIAGNOSTIC,    36, -6.358277676085e-01, 3.045712348714e-04, 4.6448e-01, 3.0720e-03, 
 2DIAGNOSTIC,    37, -6.357076340500e-01, 2.241236852887e-04, 4.6752e-01, 3.0401e-03, 
 2DIAGNOSTIC,    38, -6.357780265581e-01, 1.321538845065e-04, 4.7125e-01, 3.7301e-03, 
 2DIAGNOSTIC,    39, -6.357204094770e-01, 4.529166740325e-05, 4.7445e-01, 3.1941e-03, 
DIAGNOSTIC,Iteration,metricValue,convergenceValue,ITERATION_TIME_INDEX,SINCE_LAST
 2DIAGNOSTIC,     1, -5.243991243478e-01, 1.797693134862e+308, 8.5575e-01, 3.8130e-01, 
 2DIAGNOSTIC,     2, -5.245840337383e-01, 1.797693134862e+308, 8.7520e-01, 1.9449e-02, 
 2DIAGNOSTIC,     3, -5.248342822879e-01, 1.797693134862e+308, 8.9471e-01, 1.9510e-02, 
 2DIAGNOSTIC,     4, -5.251364374261e-01, 1.797693134862e+308, 9.1403e-01, 1.9324e-02, 
 2DIAGNOSTIC,     5, -5.259627440160e-01, 1.797693134862e+308, 9.3590e-01, 2.1870e-02, 
 2DIAGNOSTIC,     6, -5.272821252048e-01, 1.797693134862e+308, 9.6053e-01, 2.4629e-02, 
 2DIAGNOSTIC,     7, -5.277514333618e-01, 1.797693134862e+308, 9.8036e-01, 1.9824e-02, 
 2DIAGNOSTIC,     8, -5.280337543894e-01, 1.797693134862e+308, 1.0031e+00, 2.2745e-02, 
 2DIAGNOSTIC,     9, -5.287155861958e-01, 1.797693134862e+308, 1.0256e+00, 2.2457e-02, 
 2DIAGNOSTIC,    10, -5.293850801918e-01, 6.659546550945e-04, 1.0457e+00, 2.0124e-02, 
 2DIAGNOSTIC,    11, -5.320430606323e-01, 7.377585035244e-04, 1.0684e+00, 2.2750e-02, 
 2DIAGNOSTIC,    12, -5.333973546637e-01, 7.978565886338e-04, 1.0909e+00, 2.2440e-02, 
 2DIAGNOSTIC,    13, -5.335978469625e-01, 7.962568722166e-04, 1.1132e+00, 2.2375e-02, 
 2DIAGNOSTIC,    14, -5.335858525067e-01, 7.354761872918e-04, 1.1346e+00, 2.1357e-02, 
 2DIAGNOSTIC,    15, -5.336260618401e-01, 6.460701898444e-04, 1.1594e+00, 2.4810e-02, 
 2DIAGNOSTIC,    16, -5.336656997261e-01, 5.528813315244e-04, 1.1813e+00, 2.1866e-02, 
 2DIAGNOSTIC,    17, -5.336856663103e-01, 4.347672193837e-04, 1.2002e+00, 1.8961e-02, 
 2DIAGNOSTIC,    18, -5.336918681943e-01, 2.992222731036e-04, 1.2250e+00, 2.4795e-02, 
 2DIAGNOSTIC,    19, -5.336863567068e-01, 1.705771925366e-04, 1.2447e+00, 1.9690e-02, 
 2DIAGNOSTIC,    20, -5.336722393125e-01, 5.524343873325e-05, 1.2696e+00, 2.4886e-02, 
 2DIAGNOSTIC,    21, -5.336651374034e-01, 1.268848987596e-05, 1.2890e+00, 1.9432e-02, 
 2DIAGNOSTIC,    22, -5.336397568921e-01, 5.212474066818e-06, 1.3104e+00, 2.1372e-02, 
 2DIAGNOSTIC,    23, -5.336343076571e-01, 2.622221182642e-06, 1.3289e+00, 1.8512e-02, 
DIAGNOSTIC,Iteration,metricValue,convergenceValue,ITERATION_TIME_INDEX,SINCE_LAST
 2DIAGNOSTIC,     1, -4.629943174508e-01, 1.797693134862e+308, 1.8914e+00, 5.6244e-01, 
 2DIAGNOSTIC,     2, -4.632618457009e-01, 1.797693134862e+308, 2.0275e+00, 1.3612e-01, 
 2DIAGNOSTIC,     3, -4.634346440682e-01, 1.797693134862e+308, 2.1621e+00, 1.3464e-01, 
 2DIAGNOSTIC,     4, -4.635152133170e-01, 1.797693134862e+308, 2.2981e+00, 1.3599e-01, 
 2DIAGNOSTIC,     5, -4.635748331602e-01, 1.797693134862e+308, 2.4344e+00, 1.3625e-01, 
 2DIAGNOSTIC,     6, -4.636017044468e-01, 1.797693134862e+308, 2.5701e+00, 1.3573e-01, 
 2DIAGNOSTIC,     7, -4.637254422632e-01, 1.797693134862e+308, 2.9125e+00, 3.4239e-01, 
 2DIAGNOSTIC,     8, -4.637252591477e-01, 1.797693134862e+308, 3.0850e+00, 1.7249e-01, 
 2DIAGNOSTIC,     9, -4.637246108473e-01, 1.797693134862e+308, 3.2380e+00, 1.5303e-01, 
 2DIAGNOSTIC,    10, -4.637240898710e-01, 9.151490947298e-05, 3.3913e+00, 1.5328e-01, 
 2DIAGNOSTIC,    11, -4.637236125624e-01, 5.597331299052e-05, 3.5455e+00, 1.5425e-01, 
 2DIAGNOSTIC,    12, -4.637230652983e-01, 3.497293645208e-05, 3.6992e+00, 1.5365e-01, 
 2DIAGNOSTIC,    13, -4.637235323603e-01, 2.238146086181e-05, 3.8566e+00, 1.5738e-01, 
 2DIAGNOSTIC,    14, -4.637230165689e-01, 1.331148611290e-05, 3.9945e+00, 1.3795e-01, 
 2DIAGNOSTIC,    15, -4.637227363699e-01, 6.899047597805e-06, 4.1684e+00, 1.7387e-01, 
 2DIAGNOSTIC,    16, -4.637230102108e-01, 1.754686841923e-06, 4.3249e+00, 1.5656e-01, 
 2DIAGNOSTIC,    17, -4.637212872111e-01, 1.636461152123e-06, 4.4797e+00, 1.5478e-01, 
 2DIAGNOSTIC,    18, -4.637204661276e-01, 1.520557734440e-06, 4.6159e+00, 1.3617e-01, 
 2DIAGNOSTIC,    19, -4.637197304821e-01, 1.395599440498e-06, 4.7520e+00, 1.3608e-01, 
 2DIAGNOSTIC,    20, -4.637191346528e-01, 1.274936593743e-06, 4.9268e+00, 1.7484e-01, 
 2DIAGNOSTIC,    21, -4.637192798575e-01, 1.185810306219e-06, 5.0809e+00, 1.5410e-01, 
 2DIAGNOSTIC,    22, -4.637184442527e-01, 1.096541054964e-06, 5.2190e+00, 1.3811e-01, 
 2DIAGNOSTIC,    23, -4.637176838590e-01, 1.041394279991e-06, 5.3751e+00, 1.5613e-01, 
DIAGNOSTIC,Iteration,metricValue,convergenceValue,ITERATION_TIME_INDEX,SINCE_LAST
 2DIAGNOSTIC,     1, -4.233385342051e-01, 1.797693134862e+308, 7.0908e+00, 1.7156e+00, 
 2DIAGNOSTIC,     2, -4.233945619493e-01, 1.797693134862e+308, 7.9176e+00, 8.2685e-01, 
 2DIAGNOSTIC,     3, -4.234091732502e-01, 1.797693134862e+308, 9.0254e+00, 1.1078e+00, 
 2DIAGNOSTIC,     4, -4.234091806585e-01, 1.797693134862e+308, 1.0360e+01, 1.3349e+00, 
 2DIAGNOSTIC,     5, -4.234090734489e-01, 1.797693134862e+308, 1.1581e+01, 1.2208e+00, 
 2DIAGNOSTIC,     6, -4.234091401339e-01, 1.797693134862e+308, 1.2572e+01, 9.9132e-01, 
 2DIAGNOSTIC,     7, -4.234087539105e-01, 1.797693134862e+308, 1.3576e+01, 1.0034e+00, 
 2DIAGNOSTIC,     8, -4.234090150097e-01, 1.797693134862e+308, 1.4468e+01, 8.9233e-01, 
 2DIAGNOSTIC,     9, -4.234084476796e-01, 1.797693134862e+308, 1.5588e+01, 1.1196e+00, 
 2DIAGNOSTIC,    10, -4.234089562565e-01, 8.702279778464e-06, 1.6691e+01, 1.1032e+00, 
 2DIAGNOSTIC,    11, -4.234087867442e-01, 3.711366057799e-06, 1.7688e+01, 9.9697e-01, 
 2DIAGNOSTIC,    12, -4.234085144907e-01, 2.574508506173e-06, 1.8687e+01, 9.9929e-01, 
 2DIAGNOSTIC,    13, -4.234086615302e-01, 2.382155840461e-06, 1.9681e+01, 9.9368e-01, 
 2DIAGNOSTIC,    14, -4.234085163346e-01, 2.216274283262e-06, 2.0797e+01, 1.1164e+00, 
 2DIAGNOSTIC,    15, -4.234084458687e-01, 2.069365829943e-06, 2.1804e+01, 1.0066e+00, 
 2DIAGNOSTIC,    16, -4.234083812177e-01, 1.946016006199e-06, 2.2804e+01, 1.0002e+00, 
 2DIAGNOSTIC,    17, -4.234084353157e-01, 1.827834546296e-06, 2.3810e+01, 1.0063e+00, 
 2DIAGNOSTIC,    18, -4.234080694994e-01, 1.723454460742e-06, 2.4816e+01, 1.0055e+00, 
 2DIAGNOSTIC,    19, -4.234078255544e-01, 1.605145109204e-06, 2.5814e+01, 9.9771e-01, 
 2DIAGNOSTIC,    20, -4.234077869016e-01, 1.521173322958e-06, 2.7251e+01, 1.4377e+00, 
 2DIAGNOSTIC,    21, -4.234077931088e-01, 1.446456332682e-06, 2.8256e+01, 1.0049e+00, 
 2DIAGNOSTIC,    22, -4.234076973042e-01, 1.373343957813e-06, 2.9250e+01, 9.9410e-01, 
 2DIAGNOSTIC,    23, -4.234074982721e-01, 1.312192763905e-06, 3.0258e+01, 1.0075e+00, 
 2DIAGNOSTIC,    24, -4.234072966402e-01, 1.253426288005e-06, 3.1273e+01, 1.0155e+00, 
 2DIAGNOSTIC,    25, -4.234071976098e-01, 1.201567968734e-06, 3.2167e+01, 8.9324e-01, 
 2DIAGNOSTIC,    26, -4.234072045707e-01, 1.158552069558e-06, 3.3061e+01, 8.9460e-01, 
 2DIAGNOSTIC,    27, -4.234072162777e-01, 1.126586770754e-06, 3.4072e+01, 1.0109e+00, 
 2DIAGNOSTIC,    28, -4.234072237793e-01, 1.093399977836e-06, 3.5060e+01, 9.8800e-01, 
 2DIAGNOSTIC,    29, -4.234071280833e-01, 1.058767572955e-06, 3.5956e+01, 8.9549e-01, 
 2DIAGNOSTIC,    30, -4.234070374826e-01, 1.027176330722e-06, 3.6836e+01, 8.8006e-01, 
 2DIAGNOSTIC,    31, -4.234070585756e-01, 1.001327837424e-06, 3.7836e+01, 1.0004e+00, 
  Elapsed time (stage 0): 3.8477e+01


Stage 1
  iterations = 1000x500x250x100
  convergence threshold = 1.0000e-06
  convergence window size = 10
  number of levels = 4
  using the Mattes MI metric (number of bins = 32, weight = 1.0000e+00, use gradient filter = 0)
  preprocessing:  winsorizing the image intensities
  Shrink factors (level 1 out of 4): [8, 8, 8]
  Shrink factors (level 2 out of 4): [4, 4, 4]
  Shrink factors (level 3 out of 4): [2, 2, 2]
  Shrink factors (level 4 out of 4): [1, 1, 1]
  smoothing sigmas per level: [3, 2, 1, 0]
  regular sampling (percentage = 2.5000e-01)

*** Running AffineTransform registration ***

DIAGNOSTIC,Iteration,metricValue,convergenceValue,ITERATION_TIME_INDEX,SINCE_LAST
 2DIAGNOSTIC,     1, -6.421578417022e-01, 1.797693134862e+308, 3.4171e-01, 3.4171e-01, 
 2DIAGNOSTIC,     2, -6.441059216368e-01, 1.797693134862e+308, 3.4704e-01, 5.3341e-03, 
 2DIAGNOSTIC,     3, -6.475432607899e-01, 1.797693134862e+308, 3.5201e-01, 4.9660e-03, 
 2DIAGNOSTIC,     4, -6.532445911296e-01, 1.797693134862e+308, 3.5529e-01, 3.2802e-03, 
 2DIAGNOSTIC,     5, -6.633874766208e-01, 1.797693134862e+308, 3.5859e-01, 3.3040e-03, 
 2DIAGNOSTIC,     6, -6.850562447587e-01, 1.797693134862e+308, 3.6180e-01, 3.2091e-03, 
 2DIAGNOSTIC,     7, -7.082467045366e-01, 1.797693134862e+308, 3.6506e-01, 3.2558e-03, 
 2DIAGNOSTIC,     8, -7.832872074841e-01, 1.797693134862e+308, 3.6934e-01, 4.2841e-03, 
 2DIAGNOSTIC,     9, -8.092448152700e-01, 1.797693134862e+308, 3.7339e-01, 4.0500e-03, 
 2DIAGNOSTIC,    10, -8.165018426956e-01, 1.786229554505e-02, 3.7728e-01, 3.8869e-03, 
 2DIAGNOSTIC,    11, -8.253508280229e-01, 1.797529748392e-02, 3.8106e-01, 3.7858e-03, 
 2DIAGNOSTIC,    12, -8.357084138569e-01, 1.684558147231e-02, 3.8441e-01, 3.3450e-03, 
 2DIAGNOSTIC,    13, -8.369622703154e-01, 1.451202010947e-02, 3.8804e-01, 3.6311e-03, 
 2DIAGNOSTIC,    14, -8.374459138476e-01, 1.141378252871e-02, 3.9211e-01, 4.0700e-03, 
 2DIAGNOSTIC,    15, -8.384978187838e-01, 8.047783397037e-03, 3.9578e-01, 3.6678e-03, 
 2DIAGNOSTIC,    16, -8.384356005856e-01, 4.936811726215e-03, 3.9905e-01, 3.2761e-03, 
 2DIAGNOSTIC,    17, -8.386370337307e-01, 2.251897401178e-03, 4.0345e-01, 4.3941e-03, 
 2DIAGNOSTIC,    18, -8.386882065089e-01, 1.229360032964e-03, 4.0674e-01, 3.2899e-03, 
 2DIAGNOSTIC,    19, -8.388123852021e-01, 7.206535877487e-04, 4.1007e-01, 3.3281e-03, 
 2DIAGNOSTIC,    20, -8.389982147960e-01, 3.356320493666e-04, 4.1405e-01, 3.9890e-03, 
 2DIAGNOSTIC,    21, -8.389016160622e-01, 1.074548025482e-04, 4.1773e-01, 3.6740e-03, 
 2DIAGNOSTIC,    22, -8.389325042617e-01, 6.435163124393e-05, 4.2214e-01, 4.4088e-03, 
 2DIAGNOSTIC,    23, -8.390831569919e-01, 4.162714348026e-05, 4.2566e-01, 3.5200e-03, 
 2DIAGNOSTIC,    24, -8.391739616221e-01, 2.533105524822e-05, 4.2936e-01, 3.6981e-03, 
 2DIAGNOSTIC,    25, -8.390935928075e-01, 2.228958074006e-05, 4.3384e-01, 4.4870e-03, 
 2DIAGNOSTIC,    26, -8.391271422327e-01, 1.718506637764e-05, 4.3750e-01, 3.6600e-03, 
 2DIAGNOSTIC,    27, -8.391596063505e-01, 1.413777436783e-05, 4.4111e-01, 3.6080e-03, 
 2DIAGNOSTIC,    28, -8.392168120448e-01, 1.140144411051e-05, 4.4438e-01, 3.2651e-03, 
 2DIAGNOSTIC,    29, -8.392432673169e-01, 9.662855007177e-06, 4.4836e-01, 3.9840e-03, 
 2DIAGNOSTIC,    30, -8.392523173576e-01, 9.653611098767e-06, 4.5204e-01, 3.6800e-03, 
 2DIAGNOSTIC,    31, -8.392554546916e-01, 7.796038159424e-06, 4.5542e-01, 3.3810e-03, 
 2DIAGNOSTIC,    32, -8.392839477815e-01, 6.032364163959e-06, 4.5946e-01, 4.0381e-03, 
 2DIAGNOSTIC,    33, -8.392906266026e-01, 5.555096128866e-06, 4.6264e-01, 3.1860e-03, 
 2DIAGNOSTIC,    34, -8.392939405790e-01, 5.690154596297e-06, 4.6622e-01, 3.5739e-03, 
 2DIAGNOSTIC,    35, -8.393038952132e-01, 4.661483789713e-06, 4.7060e-01, 4.3828e-03, 
 2DIAGNOSTIC,    36, -8.393229467766e-01, 3.857349267302e-06, 4.7568e-01, 5.0790e-03, 
 2DIAGNOSTIC,    37, -8.394490434743e-01, 4.318213374283e-06, 4.7960e-01, 3.9179e-03, 
 2DIAGNOSTIC,    38, -8.393276295935e-01, 3.793114907356e-06, 4.8322e-01, 3.6240e-03, 
 2DIAGNOSTIC,    39, -8.393424246860e-01, 3.441226406206e-06, 4.8694e-01, 3.7181e-03, 
 2DIAGNOSTIC,    40, -8.393519008983e-01, 3.026909478853e-06, 4.9206e-01, 5.1181e-03, 
 2DIAGNOSTIC,    41, -8.393521062402e-01, 2.422006902328e-06, 4.9581e-01, 3.7551e-03, 
 2DIAGNOSTIC,    42, -8.393521997744e-01, 1.921312855268e-06, 4.9921e-01, 3.4001e-03, 
 2DIAGNOSTIC,    43, -8.393523994182e-01, 1.409381133719e-06, 5.0258e-01, 3.3638e-03, 
DIAGNOSTIC,Iteration,metricValue,convergenceValue,ITERATION_TIME_INDEX,SINCE_LAST
 2DIAGNOSTIC,     1, -7.152245400576e-01, 1.797693134862e+308, 8.8670e-01, 3.8412e-01, 
 2DIAGNOSTIC,     2, -7.161912526039e-01, 1.797693134862e+308, 9.1184e-01, 2.5139e-02, 
 2DIAGNOSTIC,     3, -7.173704836345e-01, 1.797693134862e+308, 9.3564e-01, 2.3804e-02, 
 2DIAGNOSTIC,     4, -7.186107515145e-01, 1.797693134862e+308, 9.5991e-01, 2.4271e-02, 
 2DIAGNOSTIC,     5, -7.198533235056e-01, 1.797693134862e+308, 9.8539e-01, 2.5475e-02, 
 2DIAGNOSTIC,     6, -7.235699002581e-01, 1.797693134862e+308, 1.0160e+00, 3.0565e-02, 
 2DIAGNOSTIC,     7, -7.237387914587e-01, 1.797693134862e+308, 1.0403e+00, 2.4386e-02, 
 2DIAGNOSTIC,     8, -7.238960962433e-01, 1.797693134862e+308, 1.0698e+00, 2.9483e-02, 
 2DIAGNOSTIC,     9, -7.240232432929e-01, 1.797693134862e+308, 1.0965e+00, 2.6649e-02, 
 2DIAGNOSTIC,    10, -7.241085633189e-01, 9.227097198455e-04, 1.1212e+00, 2.4768e-02, 
 2DIAGNOSTIC,    11, -7.241676785321e-01, 7.045076478886e-04, 1.1453e+00, 2.4095e-02, 
 2DIAGNOSTIC,    12, -7.242428805322e-01, 4.936650386239e-04, 1.1718e+00, 2.6491e-02, 
 2DIAGNOSTIC,    13, -7.242953094756e-01, 3.094824616335e-04, 1.2144e+00, 4.2569e-02, 
 2DIAGNOSTIC,    14, -7.242838413449e-01, 1.586538855787e-04, 1.2384e+00, 2.3969e-02, 
 2DIAGNOSTIC,    15, -7.243120879583e-01, 4.441131891830e-05, 1.2659e+00, 2.7512e-02, 
 2DIAGNOSTIC,    16, -7.243203539236e-01, 3.219439066096e-05, 1.2903e+00, 2.4444e-02, 
 2DIAGNOSTIC,    17, -7.243147000620e-01, 2.234068195405e-05, 1.3146e+00, 2.4279e-02, 
 2DIAGNOSTIC,    18, -7.243208343987e-01, 1.522274806749e-05, 1.3395e+00, 2.4929e-02, 
 2DIAGNOSTIC,    19, -7.243284319370e-01, 1.038498509123e-05, 1.3645e+00, 2.4959e-02, 
 2DIAGNOSTIC,    20, -7.243376600374e-01, 7.070541156062e-06, 1.3962e+00, 3.1730e-02, 
 2DIAGNOSTIC,    21, -7.243570393176e-01, 4.995053621240e-06, 1.4231e+00, 2.6904e-02, 
 2DIAGNOSTIC,    22, -7.243455642045e-01, 3.897286729011e-06, 1.4499e+00, 2.6771e-02, 
 2DIAGNOSTIC,    23, -7.243357413592e-01, 3.418690719084e-06, 1.4750e+00, 2.5156e-02, 
 2DIAGNOSTIC,    24, -7.243380307887e-01, 2.630480612067e-06, 1.5013e+00, 2.6256e-02, 
 2DIAGNOSTIC,    25, -7.243389207351e-01, 2.228318904320e-06, 1.5257e+00, 2.4401e-02, 
 2DIAGNOSTIC,    26, -7.243264011796e-01, 1.701433556031e-06, 1.5498e+00, 2.4085e-02, 
DIAGNOSTIC,Iteration,metricValue,convergenceValue,ITERATION_TIME_INDEX,SINCE_LAST
 2DIAGNOSTIC,     1, -6.143694469300e-01, 1.797693134862e+308, 2.1744e+00, 6.2461e-01, 
 2DIAGNOSTIC,     2, -6.148840380034e-01, 1.797693134862e+308, 2.3481e+00, 1.7371e-01, 
 2DIAGNOSTIC,     3, -6.151452408858e-01, 1.797693134862e+308, 2.5150e+00, 1.6691e-01, 
 2DIAGNOSTIC,     4, -6.152877800263e-01, 1.797693134862e+308, 2.7109e+00, 1.9594e-01, 
 2DIAGNOSTIC,     5, -6.153962287628e-01, 1.797693134862e+308, 3.0003e+00, 2.8937e-01, 
 2DIAGNOSTIC,     6, -6.153971381135e-01, 1.797693134862e+308, 3.1714e+00, 1.7111e-01, 
 2DIAGNOSTIC,     7, -6.154014177103e-01, 1.797693134862e+308, 3.3665e+00, 1.9509e-01, 
 2DIAGNOSTIC,     8, -6.154046266292e-01, 1.797693134862e+308, 3.5807e+00, 2.1416e-01, 
 2DIAGNOSTIC,     9, -6.154080491999e-01, 1.797693134862e+308, 3.7538e+00, 1.7311e-01, 
 2DIAGNOSTIC,    10, -6.154092930727e-01, 8.323823763695e-05, 3.9456e+00, 1.9179e-01, 
 2DIAGNOSTIC,    11, -6.154039576312e-01, 3.815540141104e-05, 4.1424e+00, 1.9682e-01, 
 2DIAGNOSTIC,    12, -6.154067335752e-01, 1.719412137774e-05, 4.3354e+00, 1.9301e-01, 
 2DIAGNOSTIC,    13, -6.154051950766e-01, 7.266660743868e-06, 4.5269e+00, 1.9152e-01, 
 2DIAGNOSTIC,    14, -6.154072253605e-01, 2.987364302015e-06, 4.6980e+00, 1.7109e-01, 
 2DIAGNOSTIC,    15, -6.154092044815e-01, 2.615139466103e-06, 4.8928e+00, 1.9478e-01, 
 2DIAGNOSTIC,    16, -6.154088937161e-01, 2.261125330499e-06, 5.0874e+00, 1.9463e-01, 
 2DIAGNOSTIC,    17, -6.154150592718e-01, 2.207862686607e-06, 5.2561e+00, 1.6865e-01, 
 2DIAGNOSTIC,    18, -6.154187863916e-01, 2.299474981080e-06, 5.4462e+00, 1.9010e-01, 
 2DIAGNOSTIC,    19, -6.154231964379e-01, 2.519448304560e-06, 5.6352e+00, 1.8906e-01, 
 2DIAGNOSTIC,    20, -6.154229620373e-01, 2.665472368109e-06, 5.8062e+00, 1.7092e-01, 
 2DIAGNOSTIC,    21, -6.154233834565e-01, 2.590049806635e-06, 5.9758e+00, 1.6968e-01, 
 2DIAGNOSTIC,    22, -6.154255024093e-01, 2.524738729331e-06, 6.1949e+00, 2.1908e-01, 
 2DIAGNOSTIC,    23, -6.154258644417e-01, 2.336521519868e-06, 6.4296e+00, 2.3472e-01, 
 2DIAGNOSTIC,    24, -6.154246228664e-01, 2.089324945463e-06, 6.6212e+00, 1.9156e-01, 
 2DIAGNOSTIC,    25, -6.154252425482e-01, 1.841979403512e-06, 6.7964e+00, 1.7524e-01, 
 2DIAGNOSTIC,    26, -6.154243819433e-01, 1.537508953403e-06, 6.9740e+00, 1.7760e-01, 
 2DIAGNOSTIC,    27, -6.154289976377e-01, 1.409012220455e-06, 7.1673e+00, 1.9326e-01, 
 2DIAGNOSTIC,    28, -6.154297027845e-01, 1.336690327730e-06, 7.4235e+00, 2.5619e-01, 
 2DIAGNOSTIC,    29, -6.154295077007e-01, 1.318908230838e-06, 7.5946e+00, 1.7111e-01, 
 2DIAGNOSTIC,    30, -6.154260823891e-01, 1.226626120274e-06, 7.8112e+00, 2.1664e-01, 
 2DIAGNOSTIC,    31, -6.154255855582e-01, 1.123822362233e-06, 8.0042e+00, 1.9298e-01, 
 2DIAGNOSTIC,    32, -6.154249749550e-01, 1.038198392207e-06, 8.1993e+00, 1.9512e-01, 
DIAGNOSTIC,Iteration,metricValue,convergenceValue,ITERATION_TIME_INDEX,SINCE_LAST
 2DIAGNOSTIC,     1, -5.456643369725e-01, 1.797693134862e+308, 1.0100e+01, 1.9009e+00, 
 2DIAGNOSTIC,     2, -5.460521147872e-01, 1.797693134862e+308, 1.1292e+01, 1.1920e+00, 
 2DIAGNOSTIC,     3, -5.466603126241e-01, 1.797693134862e+308, 1.2477e+01, 1.1846e+00, 
 2DIAGNOSTIC,     4, -5.467547184645e-01, 1.797693134862e+308, 1.4308e+01, 1.8307e+00, 
 2DIAGNOSTIC,     5, -5.467655334169e-01, 1.797693134862e+308, 1.5498e+01, 1.1906e+00, 
 2DIAGNOSTIC,     6, -5.467763253997e-01, 1.797693134862e+308, 1.6698e+01, 1.1994e+00, 
 2DIAGNOSTIC,     7, -5.467967270719e-01, 1.797693134862e+308, 1.7875e+01, 1.1774e+00, 
 2DIAGNOSTIC,     8, -5.468196624471e-01, 1.797693134862e+308, 1.9079e+01, 1.2038e+00, 
 2DIAGNOSTIC,     9, -5.468528213130e-01, 1.797693134862e+308, 2.0405e+01, 1.3263e+00, 
 2DIAGNOSTIC,    10, -5.469086608369e-01, 1.111791578366e-04, 2.2641e+01, 2.2356e+00, 
 2DIAGNOSTIC,    11, -5.469090317570e-01, 5.825972443178e-05, 2.3963e+01, 1.3221e+00, 
 2DIAGNOSTIC,    12, -5.469084749037e-01, 2.530960123003e-05, 2.5394e+01, 1.4316e+00, 
 2DIAGNOSTIC,    13, -5.469087576706e-01, 1.963687815809e-05, 2.6990e+01, 1.5953e+00, 
 2DIAGNOSTIC,    14, -5.469085813954e-01, 1.668633870294e-05, 2.8322e+01, 1.3322e+00, 
 2DIAGNOSTIC,    15, -5.469085618247e-01, 1.316140933147e-05, 2.9651e+01, 1.3289e+00, 
 2DIAGNOSTIC,    16, -5.469083714054e-01, 9.410026227452e-06, 3.1000e+01, 1.3491e+00, 
 2DIAGNOSTIC,    17, -5.469082885143e-01, 6.058499753311e-06, 3.2323e+01, 1.3226e+00, 
 2DIAGNOSTIC,    18, -5.469080665962e-01, 3.340753002498e-06, 3.3523e+01, 1.2000e+00, 
 2DIAGNOSTIC,    19, -5.469081605197e-01, 1.629339831832e-06, 3.4842e+01, 1.3191e+00, 
 2DIAGNOSTIC,    20, -5.469085715012e-01, 1.554851606175e-06, 3.6304e+01, 1.4624e+00, 
 2DIAGNOSTIC,    21, -5.469083665014e-01, 1.495073296491e-06, 3.7641e+01, 1.3366e+00, 
 2DIAGNOSTIC,    22, -5.469082807398e-01, 1.427534881117e-06, 3.8970e+01, 1.3294e+00, 
 2DIAGNOSTIC,    23, -5.469083149173e-01, 1.375059831270e-06, 4.0309e+01, 1.3387e+00, 
 2DIAGNOSTIC,    24, -5.469081981425e-01, 1.321158788627e-06, 4.1514e+01, 1.2055e+00, 
 2DIAGNOSTIC,    25, -5.469080964910e-01, 1.269409820599e-06, 4.2717e+01, 1.2028e+00, 
 2DIAGNOSTIC,    26, -5.469081591703e-01, 1.219506531494e-06, 4.3935e+01, 1.2178e+00, 
 2DIAGNOSTIC,    27, -5.469082649318e-01, 1.174356373812e-06, 4.5378e+01, 1.4428e+00, 
 2DIAGNOSTIC,    28, -5.469083225405e-01, 1.129672357464e-06, 4.6712e+01, 1.3341e+00, 
 2DIAGNOSTIC,    29, -5.469082262232e-01, 1.088423899384e-06, 4.7896e+01, 1.1842e+00, 
 2DIAGNOSTIC,    30, -5.469082976944e-01, 1.059321613373e-06, 4.9095e+01, 1.1986e+00, 
 2DIAGNOSTIC,    31, -5.469081405375e-01, 1.026099571068e-06, 5.0424e+01, 1.3291e+00, 
  Elapsed time (stage 1): 5.1290e+01


Stage 2
  iterations = 100x70x50x20
  convergence threshold = 1.0000e-06
  convergence window size = 10
  number of levels = 4
  using the CC metric (radius = 4, weight = 1.0000e+00, use gradient filter = 0)
  preprocessing:  winsorizing the image intensities
  Shrink factors (level 1 out of 4): [8, 8, 8]
  Shrink factors (level 2 out of 4): [4, 4, 4]
  Shrink factors (level 3 out of 4): [2, 2, 2]
  Shrink factors (level 4 out of 4): [1, 1, 1]
  smoothing sigmas per level: [3, 2, 1, 0]
  Using default NONE metricSamplingStrategy 

*** Running SyN registration (varianceForUpdateField = 3.0000e+00, varianceForTotalField = 0.0000e+00) ***

XXDIAGNOSTIC,Iteration,metricValue,convergenceValue,ITERATION_TIME_INDEX,SINCE_LAST
 1DIAGNOSTIC,     1, -9.334011668949e-01, 1.797693134862e+308, 4.5719e-01, 4.5719e-01, 
 1DIAGNOSTIC,     2, -9.410248212373e-01, 1.797693134862e+308, 6.1188e-01, 1.5470e-01, 
 1DIAGNOSTIC,     3, -9.468740362917e-01, 1.797693134862e+308, 7.7147e-01, 1.5959e-01, 
 1DIAGNOSTIC,     4, -9.511136739688e-01, 1.797693134862e+308, 9.2677e-01, 1.5530e-01, 
 1DIAGNOSTIC,     5, -9.544489726280e-01, 1.797693134862e+308, 1.0862e+00, 1.5941e-01, 
 1DIAGNOSTIC,     6, -9.581021547390e-01, 1.797693134862e+308, 1.2382e+00, 1.5206e-01, 
 1DIAGNOSTIC,     7, -9.622304165370e-01, 1.797693134862e+308, 1.3947e+00, 1.5650e-01, 
 1DIAGNOSTIC,     8, -9.658352901069e-01, 1.797693134862e+308, 1.5536e+00, 1.5886e-01, 
 1DIAGNOSTIC,     9, -9.687458291843e-01, 1.797693134862e+308, 1.7101e+00, 1.5651e-01, 
 1DIAGNOSTIC,    10, -9.696678081334e-01, 2.371445931826e-03, 1.8611e+00, 1.5102e-01, 
 1DIAGNOSTIC,    11, -9.698845203772e-01, 1.816811171974e-03, 2.0214e+00, 1.6025e-01, 
 1DIAGNOSTIC,    12, -9.707098092806e-01, 1.399573991349e-03, 2.1821e+00, 1.6069e-01, 
 1DIAGNOSTIC,    13, -9.708131301660e-01, 1.054452705958e-03, 2.3337e+00, 1.5164e-01, 
 1DIAGNOSTIC,    14, -9.713851782777e-01, 7.646725854509e-04, 2.4851e+00, 1.5136e-01, 
 1DIAGNOSTIC,    15, -9.714902569040e-01, 5.118047409718e-04, 2.6397e+00, 1.5463e-01, 
 1DIAGNOSTIC,    16, -9.718913380967e-01, 3.185157884688e-04, 2.7940e+00, 1.5429e-01, 
 1DIAGNOSTIC,    17, -9.719070260442e-01, 1.899200007528e-04, 2.9500e+00, 1.5602e-01, 
 1DIAGNOSTIC,    18, -9.722659135467e-01, 1.222856627006e-04, 3.1032e+00, 1.5322e-01, 
 1DIAGNOSTIC,    19, -9.723045552360e-01, 9.611921119347e-05, 3.2570e+00, 1.5374e-01, 
 1DIAGNOSTIC,    20, -9.725733156331e-01, 8.143842323519e-05, 3.4138e+00, 1.5689e-01, 
 1DIAGNOSTIC,    21, -9.725800380614e-01, 6.356802779399e-05, 3.5669e+00, 1.5303e-01, 
 1DIAGNOSTIC,    22, -9.728809261548e-01, 5.671754835396e-05, 3.7207e+00, 1.5388e-01, 
 1DIAGNOSTIC,    23, -9.728619106374e-01, 4.613647332182e-05, 3.8776e+00, 1.5680e-01, 
 1DIAGNOSTIC,    24, -9.731140864472e-01, 4.240776368244e-05, 4.0356e+00, 1.5807e-01, 
 1DIAGNOSTIC,    25, -9.730731090300e-01, 3.572986007652e-05, 4.1901e+00, 1.5450e-01, 
 1DIAGNOSTIC,    26, -9.733220339100e-01, 3.375879749456e-05, 4.3480e+00, 1.5783e-01, 
 1DIAGNOSTIC,    27, -9.732753804698e-01, 2.838241563171e-05, 4.5067e+00, 1.5877e-01, 
 1DIAGNOSTIC,    28, -9.735156209247e-01, 2.716641484321e-05, 4.6606e+00, 1.5388e-01, 
 1DIAGNOSTIC,    29, -9.734605285575e-01, 2.330858171683e-05, 4.8144e+00, 1.5376e-01, 
 1DIAGNOSTIC,    30, -9.736716631641e-01, 2.236925289608e-05, 4.9701e+00, 1.5571e-01, 
 1DIAGNOSTIC,    31, -9.736102771246e-01, 1.884867012247e-05, 5.1219e+00, 1.5179e-01, 
 1DIAGNOSTIC,    32, -9.737945960496e-01, 1.836621367056e-05, 5.2748e+00, 1.5288e-01, 
 1DIAGNOSTIC,    33, -9.737294217279e-01, 1.542867261284e-05, 5.4281e+00, 1.5336e-01, 
 1DIAGNOSTIC,    34, -9.738922201529e-01, 1.492757302504e-05, 5.5845e+00, 1.5643e-01, 
 1DIAGNOSTIC,    35, -9.738254387239e-01, 1.214395868023e-05, 5.7473e+00, 1.6279e-01, 
 1DIAGNOSTIC,    36, -9.739702134976e-01, 1.170611878482e-05, 5.9082e+00, 1.6084e-01, 
 1DIAGNOSTIC,    37, -9.739040506069e-01, 9.295906284418e-06, 6.0604e+00, 1.5225e-01, 
 1DIAGNOSTIC,    38, -9.740334794216e-01, 9.108447701658e-06, 6.2119e+00, 1.5142e-01, 
 1DIAGNOSTIC,    39, -9.739691202989e-01, 7.182435570231e-06, 6.3711e+00, 1.5923e-01, 
 1DIAGNOSTIC,    40, -9.740828596384e-01, 7.168352081217e-06, 6.5252e+00, 1.5413e-01, 
 1DIAGNOSTIC,    41, -9.740221159318e-01, 5.621183883753e-06, 6.6772e+00, 1.5203e-01, 
 1DIAGNOSTIC,    42, -9.741214763907e-01, 5.701655806462e-06, 6.8363e+00, 1.5902e-01, 
 1DIAGNOSTIC,    43, -9.740657156983e-01, 4.436920678891e-06, 6.9911e+00, 1.5488e-01, 
 1DIAGNOSTIC,    44, -9.741508321382e-01, 4.559994000158e-06, 7.1471e+00, 1.5600e-01, 
 1DIAGNOSTIC,    45, -9.741006276594e-01, 3.510950907358e-06, 7.3005e+00, 1.5333e-01, 
 1DIAGNOSTIC,    46, -9.741762039050e-01, 3.671198465713e-06, 7.4517e+00, 1.5119e-01, 
 1DIAGNOSTIC,    47, -9.741338232660e-01, 2.829805974484e-06, 7.6080e+00, 1.5629e-01, 
 1DIAGNOSTIC,    48, -9.741940771757e-01, 2.999428046584e-06, 7.7639e+00, 1.5592e-01, 
 1DIAGNOSTIC,    49, -9.741590289617e-01, 2.317404285204e-06, 7.9213e+00, 1.5741e-01, 
 1DIAGNOSTIC,    50, -9.742085355110e-01, 2.479627631082e-06, 8.0724e+00, 1.5114e-01, 
 1DIAGNOSTIC,    51, -9.741803817573e-01, 1.925588268826e-06, 8.2299e+00, 1.5743e-01, 
 1DIAGNOSTIC,    52, -9.742206892292e-01, 2.071529202341e-06, 8.3911e+00, 1.6127e-01, 
 1DIAGNOSTIC,    53, -9.741986366256e-01, 1.624056641066e-06, 8.5439e+00, 1.5275e-01, 
 1DIAGNOSTIC,    54, -9.742317045020e-01, 1.750050038253e-06, 8.7027e+00, 1.5879e-01, 
 1DIAGNOSTIC,    55, -9.742155387872e-01, 1.391467056661e-06, 8.8611e+00, 1.5847e-01, 
 1DIAGNOSTIC,    56, -9.742421110069e-01, 1.512797879476e-06, 9.0177e+00, 1.5654e-01, 
 1DIAGNOSTIC,    57, -9.742317814086e-01, 1.256833972951e-06, 9.1638e+00, 1.4614e-01, 
 1DIAGNOSTIC,    58, -9.742531100351e-01, 1.362863701261e-06, 9.3124e+00, 1.4855e-01, 
 1DIAGNOSTIC,    59, -9.742508497369e-01, 1.192952346560e-06, 9.4661e+00, 1.5375e-01, 
 1DIAGNOSTIC,    60, -9.742672765391e-01, 1.293454802320e-06, 9.6216e+00, 1.5552e-01, 
 1DIAGNOSTIC,    61, -9.742671547905e-01, 1.175036999309e-06, 9.7789e+00, 1.5724e-01, 
 1DIAGNOSTIC,    62, -9.742786402984e-01, 1.246775300667e-06, 9.9306e+00, 1.5175e-01, 
 1DIAGNOSTIC,    63, -9.742826347180e-01, 1.156815678749e-06, 1.0081e+01, 1.4993e-01, 
 1DIAGNOSTIC,    64, -9.742899349942e-01, 1.194238165681e-06, 1.0229e+01, 1.4888e-01, 
 1DIAGNOSTIC,    65, -9.743231253363e-01, 1.236710840149e-06, 1.0377e+01, 1.4729e-01, 
 1DIAGNOSTIC,    66, -9.743263224668e-01, 1.336444925788e-06, 1.0532e+01, 1.5487e-01, 
 1DIAGNOSTIC,    67, -9.743373057190e-01, 1.353224344480e-06, 1.0686e+01, 1.5470e-01, 
 1DIAGNOSTIC,    68, -9.743363412360e-01, 1.374362733130e-06, 1.0837e+01, 1.5043e-01, 
 1DIAGNOSTIC,    69, -9.743498180778e-01, 1.353820063854e-06, 1.0992e+01, 1.5496e-01, 
 1DIAGNOSTIC,    70, -9.743460063126e-01, 1.298150354977e-06, 1.1141e+01, 1.4960e-01, 
 1DIAGNOSTIC,    71, -9.743610878636e-01, 1.223995649233e-06, 1.1295e+01, 1.5396e-01, 
 1DIAGNOSTIC,    72, -9.743541918064e-01, 1.096132388589e-06, 1.1449e+01, 1.5397e-01, 
 1DIAGNOSTIC,    73, -9.743710445618e-01, 9.943277116883e-07, 1.1603e+01, 1.5396e-01, 
XXDIAGNOSTIC,Iteration,metricValue,convergenceValue,ITERATION_TIME_INDEX,SINCE_LAST
 1DIAGNOSTIC,     1, -9.193312836621e-01, 1.797693134862e+308, 1.3159e+01, 1.5560e+00, 
 1DIAGNOSTIC,     2, -9.212773792578e-01, 1.797693134862e+308, 1.4404e+01, 1.2450e+00, 
 1DIAGNOSTIC,     3, -9.244687505169e-01, 1.797693134862e+308, 1.5616e+01, 1.2118e+00, 
 1DIAGNOSTIC,     4, -9.271899105935e-01, 1.797693134862e+308, 1.6857e+01, 1.2409e+00, 
 1DIAGNOSTIC,     5, -9.298900189863e-01, 1.797693134862e+308, 1.8089e+01, 1.2320e+00, 
 1DIAGNOSTIC,     6, -9.322498567490e-01, 1.797693134862e+308, 1.9317e+01, 1.2282e+00, 
 1DIAGNOSTIC,     7, -9.342685649594e-01, 1.797693134862e+308, 2.0546e+01, 1.2287e+00, 
 1DIAGNOSTIC,     8, -9.362298605086e-01, 1.797693134862e+308, 2.1758e+01, 1.2121e+00, 
 1DIAGNOSTIC,     9, -9.378784850009e-01, 1.797693134862e+308, 2.2990e+01, 1.2320e+00, 
 1DIAGNOSTIC,    10, -9.393660939774e-01, 1.423590515162e-03, 2.4207e+01, 1.2171e+00, 
 1DIAGNOSTIC,    11, -9.406602014073e-01, 1.201441810603e-03, 2.5462e+01, 1.2548e+00, 
 1DIAGNOSTIC,    12, -9.415524155918e-01, 9.798887066211e-04, 2.6691e+01, 1.2293e+00, 
 1DIAGNOSTIC,    13, -9.421956296303e-01, 7.934837360768e-04, 2.7952e+01, 1.2605e+00, 
 1DIAGNOSTIC,    14, -9.427411282927e-01, 6.322320068871e-04, 2.9190e+01, 1.2382e+00, 
 1DIAGNOSTIC,    15, -9.432044639397e-01, 4.985267991063e-04, 3.0429e+01, 1.2397e+00, 
 1DIAGNOSTIC,    16, -9.436134404398e-01, 3.881478761190e-04, 3.1663e+01, 1.2331e+00, 
 1DIAGNOSTIC,    17, -9.439721717926e-01, 2.972655707344e-04, 3.2908e+01, 1.2450e+00, 
 1DIAGNOSTIC,    18, -9.442971846510e-01, 2.274928907328e-04, 3.4144e+01, 1.2368e+00, 
 1DIAGNOSTIC,    19, -9.445841556962e-01, 1.747576810690e-04, 3.5398e+01, 1.2542e+00, 
 1DIAGNOSTIC,    20, -9.448392235597e-01, 1.373115907581e-04, 3.6626e+01, 1.2277e+00, 
 1DIAGNOSTIC,    21, -9.450680488346e-01, 1.125657442049e-04, 3.7871e+01, 1.2446e+00, 
 1DIAGNOSTIC,    22, -9.452777303301e-01, 9.474369147257e-05, 3.9100e+01, 1.2291e+00, 
 1DIAGNOSTIC,    23, -9.454665549868e-01, 8.058461119654e-05, 4.0325e+01, 1.2247e+00, 
 1DIAGNOSTIC,    24, -9.456400564981e-01, 6.915981758961e-05, 4.1558e+01, 1.2333e+00, 
 1DIAGNOSTIC,    25, -9.457963161385e-01, 5.970237946881e-05, 4.2790e+01, 1.2325e+00, 
 1DIAGNOSTIC,    26, -9.459410991004e-01, 5.185611306815e-05, 4.4020e+01, 1.2299e+00, 
 1DIAGNOSTIC,    27, -9.460714199299e-01, 4.524046941970e-05, 4.5249e+01, 1.2284e+00, 
 1DIAGNOSTIC,    28, -9.461955534844e-01, 3.974102502004e-05, 4.6484e+01, 1.2351e+00, 
 1DIAGNOSTIC,    29, -9.463119644866e-01, 3.513502533727e-05, 4.7706e+01, 1.2227e+00, 
 1DIAGNOSTIC,    30, -9.464203079304e-01, 3.123943595403e-05, 4.8937e+01, 1.2308e+00, 
 1DIAGNOSTIC,    31, -9.465256493498e-01, 2.796076962185e-05, 5.0167e+01, 1.2299e+00, 
 1DIAGNOSTIC,    32, -9.466265271291e-01, 2.523519401688e-05, 5.1414e+01, 1.2467e+00, 
 1DIAGNOSTIC,    33, -9.467229086852e-01, 2.295673402265e-05, 5.2634e+01, 1.2202e+00, 
 1DIAGNOSTIC,    34, -9.468153599103e-01, 2.106072505469e-05, 5.3862e+01, 1.2275e+00, 
 1DIAGNOSTIC,    35, -9.469030798209e-01, 1.944194753930e-05, 5.5101e+01, 1.2395e+00, 
 1DIAGNOSTIC,    36, -9.469890033787e-01, 1.806487252331e-05, 5.6345e+01, 1.2435e+00, 
 1DIAGNOSTIC,    37, -9.470735755698e-01, 1.685992778787e-05, 5.7588e+01, 1.2431e+00, 
 1DIAGNOSTIC,    38, -9.471535244517e-01, 1.579648186625e-05, 5.8816e+01, 1.2280e+00, 
 1DIAGNOSTIC,    39, -9.472339472935e-01, 1.486867687883e-05, 6.0044e+01, 1.2287e+00, 
 1DIAGNOSTIC,    40, -9.473129979666e-01, 1.404442976951e-05, 6.1298e+01, 1.2533e+00, 
 1DIAGNOSTIC,    41, -9.473905340498e-01, 1.332608166203e-05, 6.2532e+01, 1.2343e+00, 
 1DIAGNOSTIC,    42, -9.474670623270e-01, 1.270301952373e-05, 6.3739e+01, 1.2071e+00, 
 1DIAGNOSTIC,    43, -9.475389473992e-01, 1.213413881232e-05, 6.4975e+01, 1.2359e+00, 
 1DIAGNOSTIC,    44, -9.476141045498e-01, 1.163857549178e-05, 6.6210e+01, 1.2347e+00, 
 1DIAGNOSTIC,    45, -9.476901338974e-01, 1.120521565738e-05, 6.7450e+01, 1.2402e+00, 
 1DIAGNOSTIC,    46, -9.477643404119e-01, 1.082259535669e-05, 6.8675e+01, 1.2257e+00, 
 1DIAGNOSTIC,    47, -9.478348499854e-01, 1.046999414107e-05, 6.9911e+01, 1.2352e+00, 
 1DIAGNOSTIC,    48, -9.479039675883e-01, 1.012004342920e-05, 7.1169e+01, 1.2583e+00, 
 1DIAGNOSTIC,    49, -9.479695615373e-01, 9.765899118538e-06, 7.2410e+01, 1.2410e+00, 
 1DIAGNOSTIC,    50, -9.480291104463e-01, 9.376893427934e-06, 7.3649e+01, 1.2395e+00, 
 1DIAGNOSTIC,    51, -9.480877630406e-01, 8.960349295008e-06, 7.4897e+01, 1.2470e+00, 
 1DIAGNOSTIC,    52, -9.481450844194e-01, 8.527443469561e-06, 7.6151e+01, 1.2540e+00, 
 1DIAGNOSTIC,    53, -9.481988328480e-01, 8.056551084459e-06, 7.7377e+01, 1.2264e+00, 
 1DIAGNOSTIC,    54, -9.482500596770e-01, 7.583949904581e-06, 7.8589e+01, 1.2116e+00, 
 1DIAGNOSTIC,    55, -9.482995135976e-01, 7.136391022441e-06, 7.9844e+01, 1.2553e+00, 
 1DIAGNOSTIC,    56, -9.483479886841e-01, 6.727331220365e-06, 8.1091e+01, 1.2477e+00, 
 1DIAGNOSTIC,    57, -9.483921975889e-01, 6.339140986102e-06, 8.2329e+01, 1.2376e+00, 
 1DIAGNOSTIC,    58, -9.484397914010e-01, 6.007877891512e-06, 8.3553e+01, 1.2242e+00, 
 1DIAGNOSTIC,    59, -9.484876327816e-01, 5.735399780160e-06, 8.4803e+01, 1.2502e+00, 
 1DIAGNOSTIC,    60, -9.485305509373e-01, 5.479856662001e-06, 8.6045e+01, 1.2419e+00, 
 1DIAGNOSTIC,    61, -9.485766684624e-01, 5.268072705504e-06, 8.7275e+01, 1.2300e+00, 
 1DIAGNOSTIC,    62, -9.486172942593e-01, 5.076280756085e-06, 8.8495e+01, 1.2196e+00, 
 1DIAGNOSTIC,    63, -9.486598715473e-01, 4.906535564952e-06, 8.9740e+01, 1.2448e+00, 
 1DIAGNOSTIC,    64, -9.486972742614e-01, 4.729680269652e-06, 9.0976e+01, 1.2365e+00, 
 1DIAGNOSTIC,    65, -9.487348153991e-01, 4.548940334199e-06, 9.2191e+01, 1.2144e+00, 
 1DIAGNOSTIC,    66, -9.487668843719e-01, 4.345978647322e-06, 9.3406e+01, 1.2158e+00, 
 1DIAGNOSTIC,    67, -9.486843060766e-01, 3.600359820805e-06, 9.4665e+01, 1.2582e+00, 
 1DIAGNOSTIC,    68, -9.485889606340e-01, 2.374381165474e-06, 9.5895e+01, 1.2306e+00, 
 1DIAGNOSTIC,    69, -9.483799787190e-01, 3.034280882646e-07, 9.7112e+01, 1.2164e+00, 
XXDIAGNOSTIC,Iteration,metricValue,convergenceValue,ITERATION_TIME_INDEX,SINCE_LAST
 1DIAGNOSTIC,     1, -8.998468095708e-01, 1.797693134862e+308, 1.0743e+02, 1.0317e+01, 
 1DIAGNOSTIC,     2, -9.011383175237e-01, 1.797693134862e+308, 1.1750e+02, 1.0069e+01, 
 1DIAGNOSTIC,     3, -9.030782933781e-01, 1.797693134862e+308, 1.2728e+02, 9.7825e+00, 
 1DIAGNOSTIC,     4, -9.047575931090e-01, 1.797693134862e+308, 1.3722e+02, 9.9411e+00, 
 1DIAGNOSTIC,     5, -9.063906539149e-01, 1.797693134862e+308, 1.4726e+02, 1.0036e+01, 
 1DIAGNOSTIC,     6, -9.081257952531e-01, 1.797693134862e+308, 1.5712e+02, 9.8628e+00, 
 1DIAGNOSTIC,     7, -9.097846032855e-01, 1.797693134862e+308, 1.6715e+02, 1.0031e+01, 
 1DIAGNOSTIC,     8, -9.117257948379e-01, 1.797693134862e+308, 1.7703e+02, 9.8820e+00, 
 1DIAGNOSTIC,     9, -9.134478568610e-01, 1.797693134862e+308, 1.8696e+02, 9.9237e+00, 
 1DIAGNOSTIC,    10, -9.149661560029e-01, 1.086300200897e-03, 1.9673e+02, 9.7698e+00, 
 1DIAGNOSTIC,    11, -9.161672890856e-01, 9.782132865728e-04, 2.0658e+02, 9.8510e+00, 
 1DIAGNOSTIC,    12, -9.173296005869e-01, 8.637526206132e-04, 2.1658e+02, 1.0000e+01, 
 1DIAGNOSTIC,    13, -9.182472246811e-01, 7.570335266697e-04, 2.2644e+02, 9.8587e+00, 
 1DIAGNOSTIC,    14, -9.191828141690e-01, 6.547259922335e-04, 2.3641e+02, 9.9769e+00, 
 1DIAGNOSTIC,    15, -9.199101112390e-01, 5.550717553679e-04, 2.4637e+02, 9.9586e+00, 
 1DIAGNOSTIC,    16, -9.205713260267e-01, 4.635844831986e-04, 2.5635e+02, 9.9722e+00, 
 1DIAGNOSTIC,    17, -9.213021809106e-01, 3.836777392015e-04, 2.6628e+02, 9.9307e+00, 
 1DIAGNOSTIC,    18, -9.216996585207e-01, 3.173153412394e-04, 2.7621e+02, 9.9372e+00, 
 1DIAGNOSTIC,    19, -9.222487242749e-01, 2.655849642136e-04, 2.8610e+02, 9.8892e+00, 
 1DIAGNOSTIC,    20, -9.226174855750e-01, 2.235597902575e-04, 2.9625e+02, 1.0151e+01, 
 1DIAGNOSTIC,    21, -9.229877194821e-01, 1.878573938251e-04, 3.0615e+02, 9.8945e+00, 
 1DIAGNOSTIC,    22, -9.233659091133e-01, 1.595647635712e-04, 3.1613e+02, 9.9805e+00, 
 1DIAGNOSTIC,    23, -9.237527366436e-01, 1.363261574618e-04, 3.2612e+02, 9.9878e+00, 
 1DIAGNOSTIC,    24, -9.241474900036e-01, 1.194332830581e-04, 3.3630e+02, 1.0180e+01, 
 1DIAGNOSTIC,    25, -9.245491703499e-01, 1.066628392149e-04, 3.4631e+02, 1.0012e+01, 
 1DIAGNOSTIC,    26, -9.249617885245e-01, 9.759002327935e-05, 3.5628e+02, 9.9730e+00, 
 1DIAGNOSTIC,    27, -9.253884929271e-01, 9.332049005342e-05, 3.6632e+02, 1.0034e+01, 
 1DIAGNOSTIC,    28, -9.257960417124e-01, 8.941397732573e-05, 3.7628e+02, 9.9697e+00, 
 1DIAGNOSTIC,    29, -9.261230230367e-01, 8.670750079458e-05, 3.8633e+02, 1.0040e+01, 
 1DIAGNOSTIC,    30, -9.263758367705e-01, 8.243761498402e-05, 3.9633e+02, 1.0006e+01, 
 1DIAGNOSTIC,    31, -9.265794736449e-01, 7.641440075418e-05, 4.0633e+02, 9.9996e+00, 
 1DIAGNOSTIC,    32, -9.267425391642e-01, 6.879455427320e-05, 4.1633e+02, 1.0003e+01, 
 1DIAGNOSTIC,    33, -9.268790829900e-01, 6.005065866818e-05, 4.2624e+02, 9.9107e+00, 
 1DIAGNOSTIC,    34, -9.270049893028e-01, 5.090065068417e-05, 4.3617e+02, 9.9274e+00, 
 1DIAGNOSTIC,    35, -9.271270967412e-01, 4.211265189815e-05, 4.4597e+02, 9.7970e+00, 
 1DIAGNOSTIC,    36, -9.272497234347e-01, 3.444094460890e-05, 4.5599e+02, 1.0017e+01, 
 1DIAGNOSTIC,    37, -9.273801289403e-01, 2.858717406111e-05, 4.6601e+02, 1.0028e+01, 
 1DIAGNOSTIC,    38, -9.275212866209e-01, 2.481417470862e-05, 4.7605e+02, 1.0035e+01, 
 1DIAGNOSTIC,    39, -9.276732332091e-01, 2.270238815227e-05, 4.8609e+02, 1.0045e+01, 
 1DIAGNOSTIC,    40, -9.278429194167e-01, 2.183459957982e-05, 4.9606e+02, 9.9656e+00, 
 1DIAGNOSTIC,    41, -9.280298246184e-01, 2.190974269454e-05, 5.0600e+02, 9.9381e+00, 
 1DIAGNOSTIC,    42, -9.282317318228e-01, 2.261556266353e-05, 5.1614e+02, 1.0143e+01, 
 1DIAGNOSTIC,    43, -9.284368759929e-01, 2.362338949622e-05, 5.2606e+02, 9.9206e+00, 
 1DIAGNOSTIC,    44, -9.286465720744e-01, 2.472498178438e-05, 5.3600e+02, 9.9398e+00, 
 1DIAGNOSTIC,    45, -9.288612725301e-01, 2.576519208410e-05, 5.4602e+02, 1.0017e+01, 
 1DIAGNOSTIC,    46, -9.290848122455e-01, 2.665583027528e-05, 5.5596e+02, 9.9383e+00, 
 1DIAGNOSTIC,    47, -9.293159807831e-01, 2.736612293070e-05, 5.6599e+02, 1.0035e+01, 
 1DIAGNOSTIC,    48, -9.295598126415e-01, 2.793528557200e-05, 5.7605e+02, 1.0063e+01, 
 1DIAGNOSTIC,    49, -9.298128804759e-01, 2.838661731860e-05, 5.8598e+02, 9.9218e+00, 
 1DIAGNOSTIC,    50, -9.300755133320e-01, 2.879490416336e-05, 5.9578e+02, 9.8034e+00, 
XXDIAGNOSTIC,Iteration,metricValue,convergenceValue,ITERATION_TIME_INDEX,SINCE_LAST
 1DIAGNOSTIC,     1, -8.849166680271e-01, 1.797693134862e+308, 6.8246e+02, 8.6685e+01, 
 1DIAGNOSTIC,     2, -8.857905967837e-01, 1.797693134862e+308, 7.6695e+02, 8.4486e+01, 
 1DIAGNOSTIC,     3, -8.870160690289e-01, 1.797693134862e+308, 8.5370e+02, 8.6753e+01, 
 1DIAGNOSTIC,     4, -8.883279328030e-01, 1.797693134862e+308, 9.3831e+02, 8.4603e+01, 
 1DIAGNOSTIC,     5, -8.895271124669e-01, 1.797693134862e+308, 1.0230e+03, 8.4670e+01, 
 1DIAGNOSTIC,     6, -8.906535691682e-01, 1.797693134862e+308, 1.1077e+03, 8.4683e+01, 
 1DIAGNOSTIC,     7, -8.917208063365e-01, 1.797693134862e+308, 1.1923e+03, 8.4599e+01, 
 1DIAGNOSTIC,     8, -8.927466376828e-01, 1.797693134862e+308, 1.2773e+03, 8.5037e+01, 
 1DIAGNOSTIC,     9, -8.937054746705e-01, 1.797693134862e+308, 1.3624e+03, 8.5151e+01, 
 1DIAGNOSTIC,    10, -8.945230787205e-01, 7.158505126166e-04, 1.4502e+03, 8.7705e+01, 
 1DIAGNOSTIC,    11, -8.952894928484e-01, 6.271335436029e-04, 1.5356e+03, 8.5438e+01, 
 1DIAGNOSTIC,    12, -8.960465465101e-01, 5.400642009673e-04, 1.6208e+03, 8.5214e+01, 
 1DIAGNOSTIC,    13, -8.967138661015e-01, 4.636572760498e-04, 1.7069e+03, 8.6059e+01, 
 1DIAGNOSTIC,    14, -8.974758784262e-01, 4.029989838016e-04, 1.7921e+03, 8.5220e+01, 
 1DIAGNOSTIC,    15, -8.981650840099e-01, 3.534788377337e-04, 1.8801e+03, 8.7973e+01, 
 1DIAGNOSTIC,    16, -8.988573911768e-01, 3.137425962747e-04, 1.9653e+03, 8.5232e+01, 
 1DIAGNOSTIC,    17, -8.994987554895e-01, 2.815935247407e-04, 2.0507e+03, 8.5398e+01, 
 1DIAGNOSTIC,    18, -9.001259589029e-01, 2.560482704671e-04, 2.1382e+03, 8.7487e+01, 
 1DIAGNOSTIC,    19, -9.007251638265e-01, 2.354122423951e-04, 2.2234e+03, 8.5180e+01, 
 1DIAGNOSTIC,    20, -9.014279593827e-01, 2.190103334248e-04, 2.3081e+03, 8.4773e+01, 
  Elapsed time (stage 2): 2309


Total elapsed time: 2399
