All_Command_lines_OK
Using double precision for computations.
=============================================================================
The composite transform comprises the following transforms (in order): 
  1. Center of mass alignment using fixed image: /templateflow/tpl-MNI152NLin2009cAsym/tpl-MNI152NLin2009cAsym_res-01_desc-brain_T1w.nii.gz and moving image: /mnt/lustre/mathdugre/ants-amp/datasets/corr/RawDataBIDS/BMB_1/derivatives/antsBrainExtraction/sub-0003059/BrainExtractionBrain.nii.gz (type = Euler3DTransform)
=============================================================================
  number of levels = 4
  number of levels = 4
  number of levels = 4
  fixed image: /templateflow/tpl-MNI152NLin2009cAsym/tpl-MNI152NLin2009cAsym_res-01_desc-brain_T1w.nii.gz
  moving image: /mnt/lustre/mathdugre/ants-amp/datasets/corr/RawDataBIDS/BMB_1/derivatives/antsBrainExtraction/sub-0003059/BrainExtractionBrain.nii.gz
  fixed image: /templateflow/tpl-MNI152NLin2009cAsym/tpl-MNI152NLin2009cAsym_res-01_desc-brain_T1w.nii.gz
  moving image: /mnt/lustre/mathdugre/ants-amp/datasets/corr/RawDataBIDS/BMB_1/derivatives/antsBrainExtraction/sub-0003059/BrainExtractionBrain.nii.gz
  fixed image: /templateflow/tpl-MNI152NLin2009cAsym/tpl-MNI152NLin2009cAsym_res-01_desc-brain_T1w.nii.gz
  moving image: /mnt/lustre/mathdugre/ants-amp/datasets/corr/RawDataBIDS/BMB_1/derivatives/antsBrainExtraction/sub-0003059/BrainExtractionBrain.nii.gz
Dimension = 3
Number of stages = 3
Use histogram matching = false
Winsorize image intensities = true
  Lower quantile = 0.005
  Upper quantile = 0.995


Stage 1 State
   Image metric = MattesMI
     Fixed image = Image (0x557cfe18b360)
  RTTI typeinfo:   itk::Image<double, 3u>
  Reference Count: 2
  Modified Time: 2368
  Debug: Off
  Object Name: 
  Observers: 
    none
  Source: (none)
  Source output name: (none)
  Release Data: Off
  Data Released: False
  Global Release Data: Off
  PipelineMTime: 0
  UpdateMTime: 1979
  RealTimeStamp: 0 seconds 
  LargestPossibleRegion: 
    Dimension: 3
    Index: [0, 0, 0]
    Size: [193, 229, 193]
  BufferedRegion: 
    Dimension: 3
    Index: [0, 0, 0]
    Size: [193, 229, 193]
  RequestedRegion: 
    Dimension: 3
    Index: [0, 0, 0]
    Size: [193, 229, 193]
  Spacing: [1, 1, 1]
  Origin: [96, 132, -78]
  Direction: 
-1 0 0
0 -1 0
0 0 1

  IndexToPointMatrix: 
-1 0 0
0 -1 0
0 0 1

  PointToIndexMatrix: 
-1 0 0
0 -1 0
0 0 1

  Inverse Direction: 
-1 0 0
0 -1 0
0 0 1

  PixelContainer: 
    ImportImageContainer (0x557cfe182a00)
      RTTI typeinfo:   itk::ImportImageContainer<unsigned long, double>
      Reference Count: 1
      Modified Time: 1976
      Debug: Off
      Object Name: 
      Observers: 
        none
      Pointer: 0x7fecb322b010
      Container manages memory: true
      Size: 8530021
      Capacity: 8530021

     Moving image = Image (0x557cfe18ea20)
  RTTI typeinfo:   itk::Image<double, 3u>
  Reference Count: 2
  Modified Time: 2369
  Debug: Off
  Object Name: 
  Observers: 
    none
  Source: (none)
  Source output name: (none)
  Release Data: Off
  Data Released: False
  Global Release Data: Off
  PipelineMTime: 0
  UpdateMTime: 2366
  RealTimeStamp: 0 seconds 
  LargestPossibleRegion: 
    Dimension: 3
    Index: [0, 0, 0]
    Size: [176, 256, 256]
  BufferedRegion: 
    Dimension: 3
    Index: [0, 0, 0]
    Size: [176, 256, 256]
  RequestedRegion: 
    Dimension: 3
    Index: [0, 0, 0]
    Size: [176, 256, 256]
  Spacing: [1, 1, 1]
  Origin: [-86.8362, 96.2771, -119.914]
  Direction: 
1 0 0
0 -1 0
0 0 1

  IndexToPointMatrix: 
1 0 0
0 -1 0
0 0 1

  PointToIndexMatrix: 
1 0 0
0 -1 0
0 0 1

  Inverse Direction: 
1 0 0
0 -1 0
0 0 1

  PixelContainer: 
    ImportImageContainer (0x557d00360c90)
      RTTI typeinfo:   itk::ImportImageContainer<unsigned long, double>
      Reference Count: 1
      Modified Time: 2363
      Debug: Off
      Object Name: 
      Observers: 
        none
      Pointer: 0x7fecada2a010
      Container manages memory: true
      Size: 11534336
      Capacity: 11534336

     Weighting = 1
     Sampling strategy = regular
     Number of bins = 32
     Radius = 4
     Sampling percentage  = 0.25
   Transform = Rigid
     Gradient step = 0.1
     Update field sigma (voxel space) = 0
     Total field sigma (voxel space) = 0
     Update field time sigma = 0
     Total field time sigma  = 0
     Number of time indices = 0
     Number of time point samples = 0
Stage 2 State
   Image metric = MattesMI
     Fixed image = Image (0x557cfe2b19c0)
  RTTI typeinfo:   itk::Image<double, 3u>
  Reference Count: 2
  Modified Time: 3144
  Debug: Off
  Object Name: 
  Observers: 
    none
  Source: (none)
  Source output name: (none)
  Release Data: Off
  Data Released: False
  Global Release Data: Off
  PipelineMTime: 0
  UpdateMTime: 2755
  RealTimeStamp: 0 seconds 
  LargestPossibleRegion: 
    Dimension: 3
    Index: [0, 0, 0]
    Size: [193, 229, 193]
  BufferedRegion: 
    Dimension: 3
    Index: [0, 0, 0]
    Size: [193, 229, 193]
  RequestedRegion: 
    Dimension: 3
    Index: [0, 0, 0]
    Size: [193, 229, 193]
  Spacing: [1, 1, 1]
  Origin: [96, 132, -78]
  Direction: 
-1 0 0
0 -1 0
0 0 1

  IndexToPointMatrix: 
-1 0 0
0 -1 0
0 0 1

  PointToIndexMatrix: 
-1 0 0
0 -1 0
0 0 1

  Inverse Direction: 
-1 0 0
0 -1 0
0 0 1

  PixelContainer: 
    ImportImageContainer (0x557cfe2a0f30)
      RTTI typeinfo:   itk::ImportImageContainer<unsigned long, double>
      Reference Count: 1
      Modified Time: 2752
      Debug: Off
      Object Name: 
      Observers: 
        none
      Pointer: 0x7feca9915010
      Container manages memory: true
      Size: 8530021
      Capacity: 8530021

     Moving image = Image (0x557cfe2b37c0)
  RTTI typeinfo:   itk::Image<double, 3u>
  Reference Count: 2
  Modified Time: 3145
  Debug: Off
  Object Name: 
  Observers: 
    none
  Source: (none)
  Source output name: (none)
  Release Data: Off
  Data Released: False
  Global Release Data: Off
  PipelineMTime: 0
  UpdateMTime: 3142
  RealTimeStamp: 0 seconds 
  LargestPossibleRegion: 
    Dimension: 3
    Index: [0, 0, 0]
    Size: [176, 256, 256]
  BufferedRegion: 
    Dimension: 3
    Index: [0, 0, 0]
    Size: [176, 256, 256]
  RequestedRegion: 
    Dimension: 3
    Index: [0, 0, 0]
    Size: [176, 256, 256]
  Spacing: [1, 1, 1]
  Origin: [-86.8362, 96.2771, -119.914]
  Direction: 
1 0 0
0 -1 0
0 0 1

  IndexToPointMatrix: 
1 0 0
0 -1 0
0 0 1

  PointToIndexMatrix: 
1 0 0
0 -1 0
0 0 1

  Inverse Direction: 
1 0 0
0 -1 0
0 0 1

  PixelContainer: 
    ImportImageContainer (0x557cfe2b6190)
      RTTI typeinfo:   itk::ImportImageContainer<unsigned long, double>
      Reference Count: 1
      Modified Time: 3139
      Debug: Off
      Object Name: 
      Observers: 
        none
      Pointer: 0x7feca4114010
      Container manages memory: true
      Size: 11534336
      Capacity: 11534336

     Weighting = 1
     Sampling strategy = regular
     Number of bins = 32
     Radius = 4
     Sampling percentage  = 0.25
   Transform = Affine
     Gradient step = 0.1
     Update field sigma (voxel space) = 0
     Total field sigma (voxel space) = 0
     Update field time sigma = 0
     Total field time sigma  = 0
     Number of time indices = 0
     Number of time point samples = 0
Stage 3 State
   Image metric = CC
     Fixed image = Image (0x557cfe29d240)
  RTTI typeinfo:   itk::Image<double, 3u>
  Reference Count: 2
  Modified Time: 3920
  Debug: Off
  Object Name: 
  Observers: 
    none
  Source: (none)
  Source output name: (none)
  Release Data: Off
  Data Released: False
  Global Release Data: Off
  PipelineMTime: 0
  UpdateMTime: 3531
  RealTimeStamp: 0 seconds 
  LargestPossibleRegion: 
    Dimension: 3
    Index: [0, 0, 0]
    Size: [193, 229, 193]
  BufferedRegion: 
    Dimension: 3
    Index: [0, 0, 0]
    Size: [193, 229, 193]
  RequestedRegion: 
    Dimension: 3
    Index: [0, 0, 0]
    Size: [193, 229, 193]
  Spacing: [1, 1, 1]
  Origin: [96, 132, -78]
  Direction: 
-1 0 0
0 -1 0
0 0 1

  IndexToPointMatrix: 
-1 0 0
0 -1 0
0 0 1

  PointToIndexMatrix: 
-1 0 0
0 -1 0
0 0 1

  Inverse Direction: 
-1 0 0
0 -1 0
0 0 1

  PixelContainer: 
    ImportImageContainer (0x557cfe1da600)
      RTTI typeinfo:   itk::ImportImageContainer<unsigned long, double>
      Reference Count: 1
      Modified Time: 3528
      Debug: Off
      Object Name: 
      Observers: 
        none
      Pointer: 0x7fec9ffff010
      Container manages memory: true
      Size: 8530021
      Capacity: 8530021

     Moving image = Image (0x557cfe2b5e70)
  RTTI typeinfo:   itk::Image<double, 3u>
  Reference Count: 2
  Modified Time: 3921
  Debug: Off
  Object Name: 
  Observers: 
    none
  Source: (none)
  Source output name: (none)
  Release Data: Off
  Data Released: False
  Global Release Data: Off
  PipelineMTime: 0
  UpdateMTime: 3918
  RealTimeStamp: 0 seconds 
  LargestPossibleRegion: 
    Dimension: 3
    Index: [0, 0, 0]
    Size: [176, 256, 256]
  BufferedRegion: 
    Dimension: 3
    Index: [0, 0, 0]
    Size: [176, 256, 256]
  RequestedRegion: 
    Dimension: 3
    Index: [0, 0, 0]
    Size: [176, 256, 256]
  Spacing: [1, 1, 1]
  Origin: [-86.8362, 96.2771, -119.914]
  Direction: 
1 0 0
0 -1 0
0 0 1

  IndexToPointMatrix: 
1 0 0
0 -1 0
0 0 1

  PointToIndexMatrix: 
1 0 0
0 -1 0
0 0 1

  Inverse Direction: 
1 0 0
0 -1 0
0 0 1

  PixelContainer: 
    ImportImageContainer (0x557cfe2990d0)
      RTTI typeinfo:   itk::ImportImageContainer<unsigned long, double>
      Reference Count: 1
      Modified Time: 3915
      Debug: Off
      Object Name: 
      Observers: 
        none
      Pointer: 0x7fec9a7fe010
      Container manages memory: true
      Size: 11534336
      Capacity: 11534336

     Weighting = 1
     Sampling strategy = none
     Number of bins = 32
     Radius = 4
     Sampling percentage  = 1
   Transform = SyN
     Gradient step = 0.1
     Update field sigma (voxel space) = 3
     Total field sigma (voxel space) = 0
     Update field time sigma = 0
     Total field time sigma  = 0
     Number of time indices = 0
     Number of time point samples = 0
Registration using 3 total stages.

Stage 0
  iterations = 1000x500x250x100
  convergence threshold = 1e-06
  convergence window size = 10
  number of levels = 4
  using the Mattes MI metric (number of bins = 32, weight = 1, use gradient filter = 0)
  preprocessing:  winsorizing the image intensities
  Shrink factors (level 1 out of 4): [8, 8, 8]
  Shrink factors (level 2 out of 4): [4, 4, 4]
  Shrink factors (level 3 out of 4): [2, 2, 2]
  Shrink factors (level 4 out of 4): [1, 1, 1]
  smoothing sigmas per level: [3, 2, 1, 0]
  regular sampling (percentage = 0.25)

*** Running Euler3DTransform registration ***

DIAGNOSTIC,Iteration,metricValue,convergenceValue,ITERATION_TIME_INDEX,SINCE_LAST
 2DIAGNOSTIC,     1, -5.678138637845e-01, 1.797693134862e+308, 3.6691e-01, 3.6691e-01, 
 2DIAGNOSTIC,     2, -5.686579172856e-01, 1.797693134862e+308, 3.6967e-01, 2.7590e-03, 
 2DIAGNOSTIC,     3, -5.703406072136e-01, 1.797693134862e+308, 3.7225e-01, 2.5790e-03, 
 2DIAGNOSTIC,     4, -5.722709000719e-01, 1.797693134862e+308, 3.7471e-01, 2.4660e-03, 
 2DIAGNOSTIC,     5, -5.752795240740e-01, 1.797693134862e+308, 3.7719e-01, 2.4800e-03, 
 2DIAGNOSTIC,     6, -5.840922692843e-01, 1.797693134862e+308, 3.8006e-01, 2.8651e-03, 
 2DIAGNOSTIC,     7, -5.872644939868e-01, 1.797693134862e+308, 3.8405e-01, 3.9930e-03, 
 2DIAGNOSTIC,     8, -5.898444348457e-01, 1.797693134862e+308, 3.8651e-01, 2.4621e-03, 
 2DIAGNOSTIC,     9, -5.961058862712e-01, 1.797693134862e+308, 3.8932e-01, 2.8031e-03, 
 2DIAGNOSTIC,    10, -5.989825980400e-01, 3.783913329830e-03, 3.9320e-01, 3.8841e-03, 
 2DIAGNOSTIC,    11, -6.001899180065e-01, 3.576673051195e-03, 3.9632e-01, 3.1180e-03, 
 2DIAGNOSTIC,    12, -6.010330217130e-01, 3.154501510989e-03, 3.9942e-01, 3.1018e-03, 
 2DIAGNOSTIC,    13, -6.021328368832e-01, 2.621631882372e-03, 4.0216e-01, 2.7361e-03, 
 2DIAGNOSTIC,    14, -6.038586978284e-01, 2.053552396476e-03, 4.0493e-01, 2.7771e-03, 
 2DIAGNOSTIC,    15, -6.085216315935e-01, 1.613890204862e-03, 4.0848e-01, 3.5450e-03, 
 2DIAGNOSTIC,    16, -6.113203358883e-01, 1.430194400436e-03, 4.1153e-01, 3.0551e-03, 
 2DIAGNOSTIC,    17, -6.153183113103e-01, 1.340746546817e-03, 4.1467e-01, 3.1362e-03, 
 2DIAGNOSTIC,    18, -6.237524662401e-01, 1.426287646727e-03, 4.2003e-01, 5.3568e-03, 
 2DIAGNOSTIC,    19, -6.238062269880e-01, 1.523216274083e-03, 4.2428e-01, 4.2489e-03, 
 2DIAGNOSTIC,    20, -6.236924220450e-01, 1.536334793216e-03, 4.2732e-01, 3.0470e-03, 
 2DIAGNOSTIC,    21, -6.237505651273e-01, 1.435936822808e-03, 4.3044e-01, 3.1159e-03, 
 2DIAGNOSTIC,    22, -6.235898960769e-01, 1.225125135882e-03, 4.3349e-01, 3.0479e-03, 
 2DIAGNOSTIC,    23, -6.235509110326e-01, 9.388578047190e-04, 4.3704e-01, 3.5570e-03, 
 2DIAGNOSTIC,    24, -6.236182900501e-01, 6.236480594552e-04, 4.4035e-01, 3.3040e-03, 
 2DIAGNOSTIC,    25, -6.235945276897e-01, 3.658094634952e-04, 4.4333e-01, 2.9831e-03, 
 2DIAGNOSTIC,    26, -6.235832406774e-01, 1.446305382265e-04, 4.4596e-01, 2.6309e-03, 
DIAGNOSTIC,Iteration,metricValue,convergenceValue,ITERATION_TIME_INDEX,SINCE_LAST
 2DIAGNOSTIC,     1, -4.997487873320e-01, 1.797693134862e+308, 8.1844e-01, 3.7248e-01, 
 2DIAGNOSTIC,     2, -5.006306189140e-01, 1.797693134862e+308, 8.4027e-01, 2.1831e-02, 
 2DIAGNOSTIC,     3, -5.017969341067e-01, 1.797693134862e+308, 8.5937e-01, 1.9104e-02, 
 2DIAGNOSTIC,     4, -5.032599412323e-01, 1.797693134862e+308, 8.7808e-01, 1.8709e-02, 
 2DIAGNOSTIC,     5, -5.048277742379e-01, 1.797693134862e+308, 8.9665e-01, 1.8569e-02, 
 2DIAGNOSTIC,     6, -5.055089488891e-01, 1.797693134862e+308, 9.1553e-01, 1.8878e-02, 
 2DIAGNOSTIC,     7, -5.059962067985e-01, 1.797693134862e+308, 9.3743e-01, 2.1902e-02, 
 2DIAGNOSTIC,     8, -5.065223023052e-01, 1.797693134862e+308, 9.6703e-01, 2.9596e-02, 
 2DIAGNOSTIC,     9, -5.067005258738e-01, 1.797693134862e+308, 9.8581e-01, 1.8779e-02, 
 2DIAGNOSTIC,    10, -5.076194508552e-01, 1.010990565604e-03, 1.0049e+00, 1.9112e-02, 
 2DIAGNOSTIC,    11, -5.083369663069e-01, 8.262026619477e-04, 1.0235e+00, 1.8631e-02, 
 2DIAGNOSTIC,    12, -5.084659432395e-01, 6.455955107946e-04, 1.0451e+00, 2.1518e-02, 
 2DIAGNOSTIC,    13, -5.086850855850e-01, 4.947219489697e-04, 1.0670e+00, 2.1887e-02, 
 2DIAGNOSTIC,    14, -5.090241941727e-01, 3.919884559018e-04, 1.0887e+00, 2.1721e-02, 
 2DIAGNOSTIC,    15, -5.091885662352e-01, 3.312862133994e-04, 1.1105e+00, 2.1781e-02, 
 2DIAGNOSTIC,    16, -5.096351798539e-01, 2.870007248043e-04, 1.1294e+00, 1.8896e-02, 
 2DIAGNOSTIC,    17, -5.096883626831e-01, 2.392869213705e-04, 1.1506e+00, 2.1215e-02, 
 2DIAGNOSTIC,    18, -5.096372461105e-01, 1.903811112068e-04, 1.1749e+00, 2.4355e-02, 
 2DIAGNOSTIC,    19, -5.095935039711e-01, 1.327596233883e-04, 1.2046e+00, 2.9715e-02, 
 2DIAGNOSTIC,    20, -5.095952123225e-01, 9.402281781629e-05, 1.2261e+00, 2.1448e-02, 
 2DIAGNOSTIC,    21, -5.095937779736e-01, 6.936679023991e-05, 1.2449e+00, 1.8845e-02, 
 2DIAGNOSTIC,    22, -5.095958882894e-01, 4.390608602136e-05, 1.2667e+00, 2.1798e-02, 
 2DIAGNOSTIC,    23, -5.095904406686e-01, 2.191426011394e-05, 1.2881e+00, 2.1391e-02, 
 2DIAGNOSTIC,    24, -5.095831673174e-01, 7.649010712880e-06, 1.3100e+00, 2.1831e-02, 
DIAGNOSTIC,Iteration,metricValue,convergenceValue,ITERATION_TIME_INDEX,SINCE_LAST
 2DIAGNOSTIC,     1, -4.500916026704e-01, 1.797693134862e+308, 1.8707e+00, 5.6075e-01, 
 2DIAGNOSTIC,     2, -4.501827214003e-01, 1.797693134862e+308, 2.0075e+00, 1.3683e-01, 
 2DIAGNOSTIC,     3, -4.502513129510e-01, 1.797693134862e+308, 2.1427e+00, 1.3522e-01, 
 2DIAGNOSTIC,     4, -4.503450693867e-01, 1.797693134862e+308, 2.2759e+00, 1.3312e-01, 
 2DIAGNOSTIC,     5, -4.505469627425e-01, 1.797693134862e+308, 2.4285e+00, 1.5268e-01, 
 2DIAGNOSTIC,     6, -4.508633257593e-01, 1.797693134862e+308, 2.6941e+00, 2.6555e-01, 
 2DIAGNOSTIC,     7, -4.508497907947e-01, 1.797693134862e+308, 2.9021e+00, 2.0800e-01, 
 2DIAGNOSTIC,     8, -4.508505329707e-01, 1.797693134862e+308, 3.0920e+00, 1.8989e-01, 
 2DIAGNOSTIC,     9, -4.508498203936e-01, 1.797693134862e+308, 3.2463e+00, 1.5430e-01, 
 2DIAGNOSTIC,    10, -4.508490852787e-01, 1.324216759763e-04, 3.3798e+00, 1.3347e-01, 
 2DIAGNOSTIC,    11, -4.508475630489e-01, 9.927822844731e-05, 3.5523e+00, 1.7254e-01, 
 2DIAGNOSTIC,    12, -4.508476679624e-01, 6.789403766445e-05, 3.7068e+00, 1.5446e-01, 
 2DIAGNOSTIC,    13, -4.508460064289e-01, 3.893545880056e-05, 3.8419e+00, 1.3510e-01, 
 2DIAGNOSTIC,    14, -4.508453214834e-01, 1.489702092336e-05, 3.9936e+00, 1.5178e-01, 
 2DIAGNOSTIC,    15, -4.508454735883e-01, 1.020365031565e-06, 4.1270e+00, 1.3334e-01, 
 2DIAGNOSTIC,    16, -4.508448355855e-01, 1.438907788753e-06, 4.2608e+00, 1.3381e-01, 
 2DIAGNOSTIC,    17, -4.508452588502e-01, 1.371594232476e-06, 4.4312e+00, 1.7045e-01, 
 2DIAGNOSTIC,    18, -4.508436649565e-01, 1.328126651705e-06, 4.5658e+00, 1.3455e-01, 
 2DIAGNOSTIC,    19, -4.508413062056e-01, 1.230104313826e-06, 4.7170e+00, 1.5123e-01, 
 2DIAGNOSTIC,    20, -4.508399662783e-01, 1.120158203104e-06, 4.8699e+00, 1.5286e-01, 
 2DIAGNOSTIC,    21, -4.508402577744e-01, 1.026337050104e-06, 5.0211e+00, 1.5127e-01, 
DIAGNOSTIC,Iteration,metricValue,convergenceValue,ITERATION_TIME_INDEX,SINCE_LAST
 2DIAGNOSTIC,     1, -4.165964941703e-01, 1.797693134862e+308, 6.5524e+00, 1.5313e+00, 
 2DIAGNOSTIC,     2, -4.166477977304e-01, 1.797693134862e+308, 7.5278e+00, 9.7536e-01, 
 2DIAGNOSTIC,     3, -4.166512023025e-01, 1.797693134862e+308, 8.3979e+00, 8.7013e-01, 
 2DIAGNOSTIC,     4, -4.166642646627e-01, 1.797693134862e+308, 9.2787e+00, 8.8075e-01, 
 2DIAGNOSTIC,     5, -4.167052969867e-01, 1.797693134862e+308, 1.0142e+01, 8.6335e-01, 
 2DIAGNOSTIC,     6, -4.167590473724e-01, 1.797693134862e+308, 1.1017e+01, 8.7490e-01, 
 2DIAGNOSTIC,     7, -4.169364445261e-01, 1.797693134862e+308, 1.2307e+01, 1.2902e+00, 
 2DIAGNOSTIC,     8, -4.169366174177e-01, 1.797693134862e+308, 1.3173e+01, 8.6556e-01, 
 2DIAGNOSTIC,     9, -4.169462784086e-01, 1.797693134862e+308, 1.4042e+01, 8.6954e-01, 
 2DIAGNOSTIC,    10, -4.169824974356e-01, 7.021927239534e-05, 1.4915e+01, 8.7330e-01, 
 2DIAGNOSTIC,    11, -4.170582251038e-01, 6.705988663890e-05, 1.7186e+01, 2.2704e+00, 
 2DIAGNOSTIC,    12, -4.170582217081e-01, 6.135968920920e-05, 1.8169e+01, 9.8271e-01, 
 2DIAGNOSTIC,    13, -4.170581207823e-01, 5.150364633892e-05, 1.9465e+01, 1.2961e+00, 
 2DIAGNOSTIC,    14, -4.170580392274e-01, 3.939374879613e-05, 2.0435e+01, 9.7000e-01, 
 2DIAGNOSTIC,    15, -4.170579575393e-01, 2.735663007651e-05, 2.1417e+01, 9.8256e-01, 
 2DIAGNOSTIC,    16, -4.170578756293e-01, 1.652729163067e-05, 2.2405e+01, 9.8733e-01, 
 2DIAGNOSTIC,    17, -4.170576986935e-01, 1.275770519096e-05, 2.3255e+01, 8.5022e-01, 
 2DIAGNOSTIC,    18, -4.170576328750e-01, 8.458557374282e-06, 2.4246e+01, 9.9099e-01, 
 2DIAGNOSTIC,    19, -4.170574821176e-01, 4.328839607839e-06, 2.5231e+01, 9.8567e-01, 
 2DIAGNOSTIC,    20, -4.170575151173e-01, 1.527243757189e-06, 2.6102e+01, 8.7088e-01, 
 2DIAGNOSTIC,    21, -4.170573580167e-01, 1.451455791855e-06, 2.7087e+01, 9.8504e-01, 
 2DIAGNOSTIC,    22, -4.170573160679e-01, 1.387312503688e-06, 2.8063e+01, 9.7608e-01, 
 2DIAGNOSTIC,    23, -4.170571996327e-01, 1.327894529446e-06, 2.9152e+01, 1.0885e+00, 
 2DIAGNOSTIC,    24, -4.170572359736e-01, 1.277391232013e-06, 3.0139e+01, 9.8675e-01, 
 2DIAGNOSTIC,    25, -4.170570754514e-01, 1.228776678186e-06, 3.1117e+01, 9.7817e-01, 
 2DIAGNOSTIC,    26, -4.170569295806e-01, 1.182265324438e-06, 3.2087e+01, 9.7046e-01, 
 2DIAGNOSTIC,    27, -4.170569666054e-01, 1.139707706231e-06, 3.3174e+01, 1.0865e+00, 
 2DIAGNOSTIC,    28, -4.170567851117e-01, 1.097791421295e-06, 3.4038e+01, 8.6402e-01, 
 2DIAGNOSTIC,    29, -4.170568025708e-01, 1.059277389442e-06, 3.4908e+01, 8.7055e-01, 
 2DIAGNOSTIC,    30, -4.170566357073e-01, 1.023941772718e-06, 3.5885e+01, 9.7692e-01, 
  Elapsed time (stage 0): 3.6504e+01


Stage 1
  iterations = 1000x500x250x100
  convergence threshold = 1.0000e-06
  convergence window size = 10
  number of levels = 4
  using the Mattes MI metric (number of bins = 32, weight = 1.0000e+00, use gradient filter = 0)
  preprocessing:  winsorizing the image intensities
  Shrink factors (level 1 out of 4): [8, 8, 8]
  Shrink factors (level 2 out of 4): [4, 4, 4]
  Shrink factors (level 3 out of 4): [2, 2, 2]
  Shrink factors (level 4 out of 4): [1, 1, 1]
  smoothing sigmas per level: [3, 2, 1, 0]
  regular sampling (percentage = 2.5000e-01)

*** Running AffineTransform registration ***

DIAGNOSTIC,Iteration,metricValue,convergenceValue,ITERATION_TIME_INDEX,SINCE_LAST
 2DIAGNOSTIC,     1, -6.133964308925e-01, 1.797693134862e+308, 3.4723e-01, 3.4723e-01, 
 2DIAGNOSTIC,     2, -6.159217904375e-01, 1.797693134862e+308, 3.5083e-01, 3.6030e-03, 
 2DIAGNOSTIC,     3, -6.199832017332e-01, 1.797693134862e+308, 3.5400e-01, 3.1700e-03, 
 2DIAGNOSTIC,     4, -6.276595009800e-01, 1.797693134862e+308, 3.5687e-01, 2.8710e-03, 
 2DIAGNOSTIC,     5, -6.403550872756e-01, 1.797693134862e+308, 3.5970e-01, 2.8260e-03, 
 2DIAGNOSTIC,     6, -6.617258818414e-01, 1.797693134862e+308, 3.6261e-01, 2.9092e-03, 
 2DIAGNOSTIC,     7, -6.919984088980e-01, 1.797693134862e+308, 3.6561e-01, 3.0000e-03, 
 2DIAGNOSTIC,     8, -7.471162626662e-01, 1.797693134862e+308, 3.6945e-01, 3.8390e-03, 
 2DIAGNOSTIC,     9, -7.831847534074e-01, 1.797693134862e+308, 3.7439e-01, 4.9460e-03, 
 2DIAGNOSTIC,    10, -7.876939713400e-01, 1.855899546576e-02, 3.7851e-01, 4.1189e-03, 
 2DIAGNOSTIC,    11, -8.016057700386e-01, 1.858314054101e-02, 3.8224e-01, 3.7248e-03, 
 2DIAGNOSTIC,    12, -8.176689926625e-01, 1.754222425342e-02, 3.8629e-01, 4.0519e-03, 
 2DIAGNOSTIC,    13, -8.193587653785e-01, 1.526225171228e-02, 3.9002e-01, 3.7339e-03, 
 2DIAGNOSTIC,    14, -8.208032642044e-01, 1.223744665765e-02, 3.9371e-01, 3.6900e-03, 
 2DIAGNOSTIC,    15, -8.216569285181e-01, 8.933103533563e-03, 3.9847e-01, 4.7622e-03, 
 2DIAGNOSTIC,    16, -8.214872274367e-01, 5.798743411053e-03, 4.0206e-01, 3.5801e-03, 
 2DIAGNOSTIC,    17, -8.214655968027e-01, 3.202293616319e-03, 4.0607e-01, 4.0138e-03, 
 2DIAGNOSTIC,    18, -8.215095847323e-01, 1.789911234174e-03, 4.1007e-01, 3.9980e-03, 
 2DIAGNOSTIC,    19, -8.214142946695e-01, 1.104218548592e-03, 4.1404e-01, 3.9780e-03, 
 2DIAGNOSTIC,    20, -8.213077838484e-01, 4.716893718432e-04, 4.1727e-01, 3.2251e-03, 
 2DIAGNOSTIC,    21, -8.212135532768e-01, 1.024651963169e-04, 4.2099e-01, 3.7239e-03, 
 2DIAGNOSTIC,    22, -8.212637096550e-01, 3.562585016865e-05, 4.2469e-01, 3.6988e-03, 
DIAGNOSTIC,Iteration,metricValue,convergenceValue,ITERATION_TIME_INDEX,SINCE_LAST
 2DIAGNOSTIC,     1, -7.048640918234e-01, 1.797693134862e+308, 8.1275e-01, 3.8806e-01, 
 2DIAGNOSTIC,     2, -7.052502605916e-01, 1.797693134862e+308, 8.3810e-01, 2.5352e-02, 
 2DIAGNOSTIC,     3, -7.056083252378e-01, 1.797693134862e+308, 8.6189e-01, 2.3783e-02, 
 2DIAGNOSTIC,     4, -7.061513552903e-01, 1.797693134862e+308, 8.8596e-01, 2.4078e-02, 
 2DIAGNOSTIC,     5, -7.067388748332e-01, 1.797693134862e+308, 9.0979e-01, 2.3830e-02, 
 2DIAGNOSTIC,     6, -7.076956479199e-01, 1.797693134862e+308, 9.4000e-01, 3.0208e-02, 
 2DIAGNOSTIC,     7, -7.081386884288e-01, 1.797693134862e+308, 9.7619e-01, 3.6189e-02, 
 2DIAGNOSTIC,     8, -7.081976835039e-01, 1.797693134862e+308, 1.0063e+00, 3.0061e-02, 
 2DIAGNOSTIC,     9, -7.081978349608e-01, 1.797693134862e+308, 1.0324e+00, 2.6110e-02, 
 2DIAGNOSTIC,    10, -7.081819700873e-01, 3.568574822616e-04, 1.0554e+00, 2.3064e-02, 
 2DIAGNOSTIC,    11, -7.081709653241e-01, 2.718630825792e-04, 1.0806e+00, 2.5208e-02, 
 2DIAGNOSTIC,    12, -7.081667061949e-01, 1.895564632311e-04, 1.1076e+00, 2.6976e-02, 
 2DIAGNOSTIC,    13, -7.081655876964e-01, 1.142202991572e-04, 1.1317e+00, 2.4088e-02, 
 2DIAGNOSTIC,    14, -7.081840020702e-01, 5.566888860165e-05, 1.1588e+00, 2.7086e-02, 
 2DIAGNOSTIC,    15, -7.082158882882e-01, 1.607755226533e-05, 1.1865e+00, 2.7701e-02, 
 2DIAGNOSTIC,    16, -7.082165282603e-01, 3.890693547975e-06, 1.2109e+00, 2.4450e-02, 
 2DIAGNOSTIC,    17, -7.082346652021e-01, 3.835351853318e-06, 1.2346e+00, 2.3705e-02, 
 2DIAGNOSTIC,    18, -7.082854106244e-01, 6.045079220793e-06, 1.2604e+00, 2.5770e-02, 
 2DIAGNOSTIC,    19, -7.083409768053e-01, 8.774119422593e-06, 1.2848e+00, 2.4379e-02, 
 2DIAGNOSTIC,    20, -7.084062420969e-01, 1.154143838032e-05, 1.3145e+00, 2.9680e-02, 
 2DIAGNOSTIC,    21, -7.084176869672e-01, 1.312345309464e-05, 1.3405e+00, 2.6061e-02, 
 2DIAGNOSTIC,    22, -7.084276683523e-01, 1.361217969942e-05, 1.3657e+00, 2.5178e-02, 
 2DIAGNOSTIC,    23, -7.084247487927e-01, 1.284363384939e-05, 1.3914e+00, 2.5677e-02, 
 2DIAGNOSTIC,    24, -7.084371676765e-01, 1.155429995287e-05, 1.4172e+00, 2.5781e-02, 
 2DIAGNOSTIC,    25, -7.084500349819e-01, 1.011784565694e-05, 1.4444e+00, 2.7233e-02, 
 2DIAGNOSTIC,    26, -7.084439970500e-01, 7.880793469327e-06, 1.4711e+00, 2.6653e-02, 
 2DIAGNOSTIC,    27, -7.084397347736e-01, 5.398064259747e-06, 1.4945e+00, 2.3432e-02, 
 2DIAGNOSTIC,    28, -7.084386964316e-01, 3.402050315383e-06, 1.5187e+00, 2.4209e-02, 
 2DIAGNOSTIC,    29, -7.084620123034e-01, 2.395215210650e-06, 1.5428e+00, 2.4135e-02, 
 2DIAGNOSTIC,    30, -7.084575078306e-01, 2.129423498351e-06, 1.5723e+00, 2.9479e-02, 
 2DIAGNOSTIC,    31, -7.084727308601e-01, 2.129504581644e-06, 1.5962e+00, 2.3866e-02, 
 2DIAGNOSTIC,    32, -7.085425533137e-01, 3.031736388173e-06, 1.6380e+00, 4.1835e-02, 
 2DIAGNOSTIC,    33, -7.085290634603e-01, 3.459164583143e-06, 1.6685e+00, 3.0480e-02, 
 2DIAGNOSTIC,    34, -7.085352062952e-01, 3.850765911133e-06, 1.6953e+00, 2.6811e-02, 
 2DIAGNOSTIC,    35, -7.085139493928e-01, 3.856419589887e-06, 1.7197e+00, 2.4398e-02, 
 2DIAGNOSTIC,    36, -7.085046825955e-01, 3.415874002127e-06, 1.7441e+00, 2.4445e-02, 
 2DIAGNOSTIC,    37, -7.085192832333e-01, 2.861303843905e-06, 1.7684e+00, 2.4300e-02, 
 2DIAGNOSTIC,    38, -7.085200079483e-01, 2.127182524118e-06, 1.7933e+00, 2.4888e-02, 
 2DIAGNOSTIC,    39, -7.085206451545e-01, 1.569650902287e-06, 1.8181e+00, 2.4743e-02, 
DIAGNOSTIC,Iteration,metricValue,convergenceValue,ITERATION_TIME_INDEX,SINCE_LAST
 2DIAGNOSTIC,     1, -6.050843604665e-01, 1.797693134862e+308, 2.4326e+00, 6.1448e-01, 
 2DIAGNOSTIC,     2, -6.056012314683e-01, 1.797693134862e+308, 2.5995e+00, 1.6694e-01, 
 2DIAGNOSTIC,     3, -6.059630104982e-01, 1.797693134862e+308, 2.7638e+00, 1.6429e-01, 
 2DIAGNOSTIC,     4, -6.061778959637e-01, 1.797693134862e+308, 2.9322e+00, 1.6844e-01, 
 2DIAGNOSTIC,     5, -6.064289369794e-01, 1.797693134862e+308, 3.1016e+00, 1.6934e-01, 
 2DIAGNOSTIC,     6, -6.069530981157e-01, 1.797693134862e+308, 3.3075e+00, 2.0592e-01, 
 2DIAGNOSTIC,     7, -6.071888705436e-01, 1.797693134862e+308, 3.5758e+00, 2.6837e-01, 
 2DIAGNOSTIC,     8, -6.072035872776e-01, 1.797693134862e+308, 3.7431e+00, 1.6725e-01, 
 2DIAGNOSTIC,     9, -6.072227188523e-01, 1.797693134862e+308, 3.9316e+00, 1.8852e-01, 
 2DIAGNOSTIC,    10, -6.072395177186e-01, 2.375430731172e-04, 4.1164e+00, 1.8482e-01, 
 2DIAGNOSTIC,    11, -6.072432189894e-01, 1.686460521256e-04, 4.2826e+00, 1.6621e-01, 
 2DIAGNOSTIC,    12, -6.072514641620e-01, 1.165220772211e-04, 4.4498e+00, 1.6715e-01, 
 2DIAGNOSTIC,    13, -6.072634335347e-01, 7.576716766131e-05, 4.6364e+00, 1.8662e-01, 
 2DIAGNOSTIC,    14, -6.072699332809e-01, 4.166654282814e-05, 4.8229e+00, 1.8652e-01, 
 2DIAGNOSTIC,    15, -6.072666554191e-01, 1.587559553551e-05, 5.1338e+00, 3.1083e-01, 
 2DIAGNOSTIC,    16, -6.072679074134e-01, 7.253423043627e-06, 5.3206e+00, 1.8688e-01, 
 2DIAGNOSTIC,    17, -6.072663757252e-01, 5.612985305478e-06, 5.5063e+00, 1.8570e-01, 
 2DIAGNOSTIC,    18, -6.072648084393e-01, 4.137564936897e-06, 5.6941e+00, 1.8777e-01, 
 2DIAGNOSTIC,    19, -6.072642564051e-01, 3.046172549898e-06, 5.8823e+00, 1.8815e-01, 
 2DIAGNOSTIC,    20, -6.072638359689e-01, 2.324484307897e-06, 6.0727e+00, 1.9046e-01, 
 2DIAGNOSTIC,    21, -6.072635784526e-01, 1.679875513305e-06, 6.2397e+00, 1.6693e-01, 
 2DIAGNOSTIC,    22, -6.072622095478e-01, 1.218591754157e-06, 6.4077e+00, 1.6799e-01, 
 2DIAGNOSTIC,    23, -6.072623489609e-01, 1.062424352674e-06, 6.5974e+00, 1.8974e-01, 
 2DIAGNOSTIC,    24, -6.072619814896e-01, 1.070535947688e-06, 6.7660e+00, 1.6859e-01, 
 2DIAGNOSTIC,    25, -6.072622390041e-01, 1.043927346227e-06, 6.9534e+00, 1.8746e-01, 
 2DIAGNOSTIC,    26, -6.072624648435e-01, 1.067845490740e-06, 7.1426e+00, 1.8911e-01, 
 2DIAGNOSTIC,    27, -6.072613828391e-01, 1.060168834124e-06, 7.3291e+00, 1.8656e-01, 
DIAGNOSTIC,Iteration,metricValue,convergenceValue,ITERATION_TIME_INDEX,SINCE_LAST
 2DIAGNOSTIC,     1, -5.410973983626e-01, 1.797693134862e+308, 9.2378e+00, 1.9087e+00, 
 2DIAGNOSTIC,     2, -5.413751753895e-01, 1.797693134862e+308, 1.0410e+01, 1.1719e+00, 
 2DIAGNOSTIC,     3, -5.415290025684e-01, 1.797693134862e+308, 1.1567e+01, 1.1572e+00, 
 2DIAGNOSTIC,     4, -5.417468293487e-01, 1.797693134862e+308, 1.2666e+01, 1.0989e+00, 
 2DIAGNOSTIC,     5, -5.419458236561e-01, 1.797693134862e+308, 1.3950e+01, 1.2838e+00, 
 2DIAGNOSTIC,     6, -5.419674423786e-01, 1.797693134862e+308, 1.5371e+01, 1.4217e+00, 
 2DIAGNOSTIC,     7, -5.420220979574e-01, 1.797693134862e+308, 1.6537e+01, 1.1658e+00, 
 2DIAGNOSTIC,     8, -5.420965777822e-01, 1.797693134862e+308, 1.7696e+01, 1.1593e+00, 
 2DIAGNOSTIC,     9, -5.424132828909e-01, 1.797693134862e+308, 1.9231e+01, 1.5346e+00, 
 2DIAGNOSTIC,    10, -5.424803441628e-01, 1.511114232005e-04, 2.1494e+01, 2.2629e+00, 
 2DIAGNOSTIC,    11, -5.424802953174e-01, 1.213023474421e-04, 2.2915e+01, 1.4215e+00, 
 2DIAGNOSTIC,    12, -5.424795979087e-01, 9.822724314422e-05, 2.4345e+01, 1.4294e+00, 
 2DIAGNOSTIC,    13, -5.424792749439e-01, 7.606490095947e-05, 2.5631e+01, 1.2866e+00, 
 2DIAGNOSTIC,    14, -5.424789511692e-01, 5.814058100399e-05, 2.6800e+01, 1.1687e+00, 
 2DIAGNOSTIC,    15, -5.424787365894e-01, 4.441848169319e-05, 2.8100e+01, 1.3000e+00, 
 2DIAGNOSTIC,    16, -5.424785155478e-01, 2.937462819884e-05, 2.9395e+01, 1.2950e+00, 
 2DIAGNOSTIC,    17, -5.424775809262e-01, 1.532348027249e-05, 3.0813e+01, 1.4182e+00, 
 2DIAGNOSTIC,    18, -5.424774783320e-01, 3.518011636713e-06, 3.2117e+01, 1.3040e+00, 
 2DIAGNOSTIC,    19, -5.424774513805e-01, 1.477654524025e-06, 3.3420e+01, 1.3026e+00, 
 2DIAGNOSTIC,    20, -5.424774242667e-01, 1.416205781701e-06, 3.4595e+01, 1.1749e+00, 
 2DIAGNOSTIC,    21, -5.424771990769e-01, 1.370532440502e-06, 3.5893e+01, 1.2985e+00, 
 2DIAGNOSTIC,    22, -5.424771815828e-01, 1.326105381012e-06, 3.7571e+01, 1.6780e+00, 
 2DIAGNOSTIC,    23, -5.424771997587e-01, 1.290006729410e-06, 3.8871e+01, 1.2996e+00, 
 2DIAGNOSTIC,    24, -5.424770789043e-01, 1.255658907059e-06, 4.0054e+01, 1.1826e+00, 
 2DIAGNOSTIC,    25, -5.424768321820e-01, 1.220959088895e-06, 4.1341e+01, 1.2876e+00, 
 2DIAGNOSTIC,    26, -5.424768707753e-01, 1.190848452022e-06, 4.2504e+01, 1.1623e+00, 
 2DIAGNOSTIC,    27, -5.424769360051e-01, 1.149159252527e-06, 4.3792e+01, 1.2885e+00, 
 2DIAGNOSTIC,    28, -5.424769839753e-01, 1.112048751792e-06, 4.5090e+01, 1.2978e+00, 
 2DIAGNOSTIC,    29, -5.424769157447e-01, 1.078102841022e-06, 4.6262e+01, 1.1725e+00, 
 2DIAGNOSTIC,    30, -5.424770316918e-01, 1.050044701016e-06, 4.7560e+01, 1.2976e+00, 
 2DIAGNOSTIC,    31, -5.424768324622e-01, 1.017555956197e-06, 4.8849e+01, 1.2890e+00, 
  Elapsed time (stage 1): 4.9698e+01


Stage 2
  iterations = 100x70x50x20
  convergence threshold = 1.0000e-06
  convergence window size = 10
  number of levels = 4
  using the CC metric (radius = 4, weight = 1.0000e+00, use gradient filter = 0)
  preprocessing:  winsorizing the image intensities
  Shrink factors (level 1 out of 4): [8, 8, 8]
  Shrink factors (level 2 out of 4): [4, 4, 4]
  Shrink factors (level 3 out of 4): [2, 2, 2]
  Shrink factors (level 4 out of 4): [1, 1, 1]
  smoothing sigmas per level: [3, 2, 1, 0]
  Using default NONE metricSamplingStrategy 

*** Running SyN registration (varianceForUpdateField = 3.0000e+00, varianceForTotalField = 0.0000e+00) ***

XXDIAGNOSTIC,Iteration,metricValue,convergenceValue,ITERATION_TIME_INDEX,SINCE_LAST
 1DIAGNOSTIC,     1, -9.188210398948e-01, 1.797693134862e+308, 4.6198e-01, 4.6198e-01, 
 1DIAGNOSTIC,     2, -9.272938100906e-01, 1.797693134862e+308, 6.1745e-01, 1.5547e-01, 
 1DIAGNOSTIC,     3, -9.347282799518e-01, 1.797693134862e+308, 7.7236e-01, 1.5491e-01, 
 1DIAGNOSTIC,     4, -9.402839520457e-01, 1.797693134862e+308, 9.2659e-01, 1.5423e-01, 
 1DIAGNOSTIC,     5, -9.441632548504e-01, 1.797693134862e+308, 1.0853e+00, 1.5870e-01, 
 1DIAGNOSTIC,     6, -9.468471908366e-01, 1.797693134862e+308, 1.2370e+00, 1.5175e-01, 
 1DIAGNOSTIC,     7, -9.498610718481e-01, 1.797693134862e+308, 1.3861e+00, 1.4901e-01, 
 1DIAGNOSTIC,     8, -9.529830523703e-01, 1.797693134862e+308, 1.5440e+00, 1.5791e-01, 
 1DIAGNOSTIC,     9, -9.558032236631e-01, 1.797693134862e+308, 1.7006e+00, 1.5663e-01, 
 1DIAGNOSTIC,    10, -9.572731385356e-01, 2.447634750511e-03, 1.8524e+00, 1.5180e-01, 
 1DIAGNOSTIC,    11, -9.578121346253e-01, 1.801483380762e-03, 2.0062e+00, 1.5383e-01, 
 1DIAGNOSTIC,    12, -9.588666401990e-01, 1.339262193979e-03, 2.1589e+00, 1.5272e-01, 
 1DIAGNOSTIC,    13, -9.593550105067e-01, 1.008207401475e-03, 2.3171e+00, 1.5820e-01, 
 1DIAGNOSTIC,    14, -9.601527340274e-01, 7.680122714886e-04, 2.4736e+00, 1.5646e-01, 
 1DIAGNOSTIC,    15, -9.605475677704e-01, 5.752470683946e-04, 2.6335e+00, 1.5991e-01, 
 1DIAGNOSTIC,    16, -9.613010987373e-01, 4.183884171971e-04, 2.7906e+00, 1.5710e-01, 
 1DIAGNOSTIC,    17, -9.615906737553e-01, 2.990383223843e-04, 2.9393e+00, 1.4866e-01, 
 1DIAGNOSTIC,    18, -9.621218702111e-01, 2.253137875055e-04, 3.0894e+00, 1.5011e-01, 
 1DIAGNOSTIC,    19, -9.623486941941e-01, 1.861104285324e-04, 3.2389e+00, 1.4950e-01, 
 1DIAGNOSTIC,    20, -9.627550083134e-01, 1.617157647020e-04, 3.3985e+00, 1.5963e-01, 
 1DIAGNOSTIC,    21, -9.629030999846e-01, 1.341452484550e-04, 3.5513e+00, 1.5280e-01, 
 1DIAGNOSTIC,    22, -9.631977850681e-01, 1.149793184268e-04, 3.7046e+00, 1.5328e-01, 
 1DIAGNOSTIC,    23, -9.633137058053e-01, 9.449737395066e-05, 3.8548e+00, 1.5020e-01, 
 1DIAGNOSTIC,    24, -9.635115895886e-01, 7.935096919242e-05, 4.0068e+00, 1.5207e-01, 
 1DIAGNOSTIC,    25, -9.635856968312e-01, 6.348869794948e-05, 4.1622e+00, 1.5531e-01, 
 1DIAGNOSTIC,    26, -9.637788308833e-01, 5.383836018300e-05, 4.3197e+00, 1.5750e-01, 
 1DIAGNOSTIC,    27, -9.638305445460e-01, 4.357316023881e-05, 4.4747e+00, 1.5508e-01, 
 1DIAGNOSTIC,    28, -9.639959247302e-01, 3.744405397187e-05, 4.6282e+00, 1.5350e-01, 
 1DIAGNOSTIC,    29, -9.640323980342e-01, 3.091196910288e-05, 4.7878e+00, 1.5956e-01, 
 1DIAGNOSTIC,    30, -9.641670554876e-01, 2.736676409235e-05, 4.9465e+00, 1.5873e-01, 
 1DIAGNOSTIC,    31, -9.641895444404e-01, 2.312020773362e-05, 5.1036e+00, 1.5704e-01, 
 1DIAGNOSTIC,    32, -9.643207081392e-01, 2.100070219369e-05, 5.2573e+00, 1.5374e-01, 
 1DIAGNOSTIC,    33, -9.643516682017e-01, 1.838247884210e-05, 5.4055e+00, 1.4821e-01, 
 1DIAGNOSTIC,    34, -9.644725784694e-01, 1.705541853087e-05, 5.5571e+00, 1.5158e-01, 
 1DIAGNOSTIC,    35, -9.644752984184e-01, 1.487805464917e-05, 5.7062e+00, 1.4908e-01, 
 1DIAGNOSTIC,    36, -9.645870688417e-01, 1.402318403283e-05, 5.8604e+00, 1.5422e-01, 
 1DIAGNOSTIC,    37, -9.645807803060e-01, 1.228390078479e-05, 6.0077e+00, 1.4729e-01, 
 1DIAGNOSTIC,    38, -9.646878393978e-01, 1.168566575058e-05, 6.1602e+00, 1.5257e-01, 
 1DIAGNOSTIC,    39, -9.646770353111e-01, 1.024296474435e-05, 6.3091e+00, 1.4886e-01, 
 1DIAGNOSTIC,    40, -9.647815046284e-01, 9.763162785403e-06, 6.4651e+00, 1.5603e-01, 
 1DIAGNOSTIC,    41, -9.647650468215e-01, 8.461740931942e-06, 6.6154e+00, 1.5027e-01, 
 1DIAGNOSTIC,    42, -9.648644095071e-01, 8.127582327443e-06, 6.7652e+00, 1.4982e-01, 
 1DIAGNOSTIC,    43, -9.648426675159e-01, 7.136765989062e-06, 6.9150e+00, 1.4982e-01, 
 1DIAGNOSTIC,    44, -9.649399086316e-01, 7.064540335364e-06, 7.0730e+00, 1.5800e-01, 
 1DIAGNOSTIC,    45, -9.649141886967e-01, 6.207641116179e-06, 7.2241e+00, 1.5104e-01, 
 1DIAGNOSTIC,    46, -9.650087552436e-01, 6.207147527772e-06, 7.3759e+00, 1.5183e-01, 
 1DIAGNOSTIC,    47, -9.649789541919e-01, 5.423462567818e-06, 7.5280e+00, 1.5212e-01, 
 1DIAGNOSTIC,    48, -9.650725998105e-01, 5.472963338769e-06, 7.6773e+00, 1.4928e-01, 
 1DIAGNOSTIC,    49, -9.650392657412e-01, 4.765684353394e-06, 7.8269e+00, 1.4958e-01, 
 1DIAGNOSTIC,    50, -9.651275118453e-01, 4.850087149202e-06, 7.9808e+00, 1.5394e-01, 
 1DIAGNOSTIC,    51, -9.650905249770e-01, 4.192023286352e-06, 8.1301e+00, 1.4923e-01, 
 1DIAGNOSTIC,    52, -9.651838368276e-01, 4.330589725540e-06, 8.2818e+00, 1.5175e-01, 
 1DIAGNOSTIC,    53, -9.651440196755e-01, 3.737846828708e-06, 8.4369e+00, 1.5508e-01, 
 1DIAGNOSTIC,    54, -9.652363194095e-01, 3.921768669916e-06, 8.5889e+00, 1.5197e-01, 
 1DIAGNOSTIC,    55, -9.651936415018e-01, 3.387539268689e-06, 8.7388e+00, 1.4992e-01, 
 1DIAGNOSTIC,    56, -9.652950727376e-01, 3.655354209795e-06, 8.8877e+00, 1.4892e-01, 
 1DIAGNOSTIC,    57, -9.652462772574e-01, 3.184016859951e-06, 9.0367e+00, 1.4901e-01, 
 1DIAGNOSTIC,    58, -9.653376314963e-01, 3.437953729382e-06, 9.1858e+00, 1.4903e-01, 
 1DIAGNOSTIC,    59, -9.652880959664e-01, 2.968670429145e-06, 9.3404e+00, 1.5465e-01, 
 1DIAGNOSTIC,    60, -9.653802752847e-01, 3.187696217488e-06, 9.4937e+00, 1.5325e-01, 
 1DIAGNOSTIC,    61, -9.653277388099e-01, 2.686715064360e-06, 9.6483e+00, 1.5462e-01, 
 1DIAGNOSTIC,    62, -9.654204942977e-01, 2.898417391799e-06, 9.8009e+00, 1.5258e-01, 
 1DIAGNOSTIC,    63, -9.653643876936e-01, 2.402566854767e-06, 9.9506e+00, 1.4971e-01, 
 1DIAGNOSTIC,    64, -9.654585608300e-01, 2.618761360550e-06, 1.0104e+01, 1.5296e-01, 
 1DIAGNOSTIC,    65, -9.653990773682e-01, 2.136307911536e-06, 1.0256e+01, 1.5200e-01, 
 1DIAGNOSTIC,    66, -9.654953419299e-01, 2.413244474267e-06, 1.0407e+01, 1.5159e-01, 
 1DIAGNOSTIC,    67, -9.654326808834e-01, 1.982770996480e-06, 1.0556e+01, 1.4933e-01, 
 1DIAGNOSTIC,    68, -9.655313618039e-01, 2.263429769049e-06, 1.0705e+01, 1.4820e-01, 
 1DIAGNOSTIC,    69, -9.654663567843e-01, 1.850999957051e-06, 1.0853e+01, 1.4834e-01, 
 1DIAGNOSTIC,    70, -9.655680909504e-01, 2.152814536551e-06, 1.1002e+01, 1.4867e-01, 
 1DIAGNOSTIC,    71, -9.654993172051e-01, 1.756250425911e-06, 1.1148e+01, 1.4585e-01, 
 1DIAGNOSTIC,    72, -9.656043404261e-01, 2.074370714785e-06, 1.1299e+01, 1.5119e-01, 
 1DIAGNOSTIC,    73, -9.655330464503e-01, 1.689353960256e-06, 1.1448e+01, 1.4942e-01, 
 1DIAGNOSTIC,    74, -9.656401714161e-01, 2.015716853952e-06, 1.1596e+01, 1.4832e-01, 
 1DIAGNOSTIC,    75, -9.655664344554e-01, 1.634352113752e-06, 1.1745e+01, 1.4905e-01, 
 1DIAGNOSTIC,    76, -9.656775578563e-01, 1.970782233117e-06, 1.1901e+01, 1.5533e-01, 
 1DIAGNOSTIC,    77, -9.656017171448e-01, 1.595879692798e-06, 1.2048e+01, 1.4743e-01, 
 1DIAGNOSTIC,    78, -9.657106414507e-01, 1.921049920075e-06, 1.2198e+01, 1.4991e-01, 
 1DIAGNOSTIC,    79, -9.656328996221e-01, 1.537304264125e-06, 1.2352e+01, 1.5410e-01, 
 1DIAGNOSTIC,    80, -9.657424002691e-01, 1.851864640818e-06, 1.2500e+01, 1.4777e-01, 
 1DIAGNOSTIC,    81, -9.656631160449e-01, 1.457208998322e-06, 1.2647e+01, 1.4669e-01, 
 1DIAGNOSTIC,    82, -9.657732001746e-01, 1.762421676781e-06, 1.2802e+01, 1.5529e-01, 
 1DIAGNOSTIC,    83, -9.656929373201e-01, 1.367615021522e-06, 1.2954e+01, 1.5205e-01, 
 1DIAGNOSTIC,    84, -9.658044513029e-01, 1.674088982643e-06, 1.3103e+01, 1.4908e-01, 
 1DIAGNOSTIC,    85, -9.657235233144e-01, 1.289963371049e-06, 1.3256e+01, 1.5253e-01, 
 1DIAGNOSTIC,    86, -9.658357691451e-01, 1.611284538461e-06, 1.3407e+01, 1.5141e-01, 
 1DIAGNOSTIC,    87, -9.657536837474e-01, 1.248969794363e-06, 1.3558e+01, 1.5106e-01, 
 1DIAGNOSTIC,    88, -9.658662042702e-01, 1.570389474298e-06, 1.3721e+01, 1.6307e-01, 
 1DIAGNOSTIC,    89, -9.657826620312e-01, 1.212670942628e-06, 1.3869e+01, 1.4761e-01, 
 1DIAGNOSTIC,    90, -9.658956993220e-01, 1.527917278770e-06, 1.4019e+01, 1.4996e-01, 
 1DIAGNOSTIC,    91, -9.658108219466e-01, 1.170400189545e-06, 1.4174e+01, 1.5493e-01, 
 1DIAGNOSTIC,    92, -9.659238935420e-01, 1.474870883807e-06, 1.4325e+01, 1.5129e-01, 
 1DIAGNOSTIC,    93, -9.658381447465e-01, 1.117236878652e-06, 1.4473e+01, 1.4819e-01, 
 1DIAGNOSTIC,    94, -9.659514975158e-01, 1.415639336011e-06, 1.4627e+01, 1.5433e-01, 
 1DIAGNOSTIC,    95, -9.658647749747e-01, 1.063501549306e-06, 1.4777e+01, 1.4977e-01, 
 1DIAGNOSTIC,    96, -9.659781068437e-01, 1.358825460974e-06, 1.4933e+01, 1.5528e-01, 
 1DIAGNOSTIC,    97, -9.658903728995e-01, 1.013119450430e-06, 1.5085e+01, 1.5196e-01, 
 1DIAGNOSTIC,    98, -9.660043187485e-01, 1.307065205959e-06, 1.5238e+01, 1.5302e-01, 
 1DIAGNOSTIC,    99, -9.659156531853e-01, 9.680258563072e-07, 1.5389e+01, 1.5186e-01, 
XXDIAGNOSTIC,Iteration,metricValue,convergenceValue,ITERATION_TIME_INDEX,SINCE_LAST
 1DIAGNOSTIC,     1, -9.042617127933e-01, 1.797693134862e+308, 1.6910e+01, 1.5205e+00, 
 1DIAGNOSTIC,     2, -9.072062839952e-01, 1.797693134862e+308, 1.8137e+01, 1.2269e+00, 
 1DIAGNOSTIC,     3, -9.110772390304e-01, 1.797693134862e+308, 1.9348e+01, 1.2114e+00, 
 1DIAGNOSTIC,     4, -9.146383084187e-01, 1.797693134862e+308, 2.0571e+01, 1.2224e+00, 
 1DIAGNOSTIC,     5, -9.178240231726e-01, 1.797693134862e+308, 2.1797e+01, 1.2264e+00, 
 1DIAGNOSTIC,     6, -9.204617834492e-01, 1.797693134862e+308, 2.3018e+01, 1.2207e+00, 
 1DIAGNOSTIC,     7, -9.226421093426e-01, 1.797693134862e+308, 2.4244e+01, 1.2259e+00, 
 1DIAGNOSTIC,     8, -9.246104050196e-01, 1.797693134862e+308, 2.5452e+01, 1.2080e+00, 
 1DIAGNOSTIC,     9, -9.263839554909e-01, 1.797693134862e+308, 2.6645e+01, 1.1930e+00, 
 1DIAGNOSTIC,    10, -9.280133065307e-01, 1.681088728517e-03, 2.7851e+01, 1.2068e+00, 
 1DIAGNOSTIC,    11, -9.295483197681e-01, 1.378372613083e-03, 2.9073e+01, 1.2215e+00, 
 1DIAGNOSTIC,    12, -9.310240901196e-01, 1.115437100778e-03, 3.0307e+01, 1.2346e+00, 
 1DIAGNOSTIC,    13, -9.322640063416e-01, 9.127321568842e-04, 3.1522e+01, 1.2144e+00, 
 1DIAGNOSTIC,    14, -9.334828921703e-01, 7.606126779409e-04, 3.2736e+01, 1.2142e+00, 
 1DIAGNOSTIC,    15, -9.345544764960e-01, 6.461516341081e-04, 3.3944e+01, 1.2077e+00, 
 1DIAGNOSTIC,    16, -9.355940377836e-01, 5.570415812726e-04, 3.5159e+01, 1.2152e+00, 
 1DIAGNOSTIC,    17, -9.365113782566e-01, 4.827651665296e-04, 3.6365e+01, 1.2060e+00, 
 1DIAGNOSTIC,    18, -9.373347953221e-01, 4.195261867040e-04, 3.7564e+01, 1.1993e+00, 
 1DIAGNOSTIC,    19, -9.380741725541e-01, 3.644767756806e-04, 3.8773e+01, 1.2087e+00, 
 1DIAGNOSTIC,    20, -9.389225991278e-01, 3.188736244292e-04, 3.9976e+01, 1.2028e+00, 
 1DIAGNOSTIC,    21, -9.394457447847e-01, 2.776773600577e-04, 4.1175e+01, 1.1991e+00, 
 1DIAGNOSTIC,    22, -9.399086996114e-01, 2.412488757526e-04, 4.2375e+01, 1.2000e+00, 
 1DIAGNOSTIC,    23, -9.403255502073e-01, 2.074202790832e-04, 4.3569e+01, 1.1945e+00, 
 1DIAGNOSTIC,    24, -9.406930853319e-01, 1.771220503118e-04, 4.4774e+01, 1.2046e+00, 
 1DIAGNOSTIC,    25, -9.410341204726e-01, 1.497912232188e-04, 4.5977e+01, 1.2035e+00, 
 1DIAGNOSTIC,    26, -9.413345463956e-01, 1.261902775984e-04, 4.7188e+01, 1.2109e+00, 
 1DIAGNOSTIC,    27, -9.416070696561e-01, 1.059410072447e-04, 4.8427e+01, 1.2390e+00, 
 1DIAGNOSTIC,    28, -9.418389145865e-01, 8.866962313926e-05, 4.9639e+01, 1.2122e+00, 
 1DIAGNOSTIC,    29, -9.420620236074e-01, 7.428573441585e-05, 5.0840e+01, 1.2004e+00, 
 1DIAGNOSTIC,    30, -9.421952380164e-01, 6.384052494648e-05, 5.2040e+01, 1.2002e+00, 
 1DIAGNOSTIC,    31, -9.423914878015e-01, 5.514882927838e-05, 5.3246e+01, 1.2065e+00, 
 1DIAGNOSTIC,    32, -9.424247595359e-01, 4.652522957178e-05, 5.4459e+01, 1.2125e+00, 
 1DIAGNOSTIC,    33, -9.424538324376e-01, 3.819932389984e-05, 5.5671e+01, 1.2123e+00, 
 1DIAGNOSTIC,    34, -9.422815681308e-01, 2.854959707436e-05, 5.6878e+01, 1.2063e+00, 
 1DIAGNOSTIC,    35, -9.421335953122e-01, 1.851948515998e-05, 5.8080e+01, 1.2026e+00, 
 1DIAGNOSTIC,    36, -9.419786298132e-01, 8.586831808061e-06, 5.9297e+01, 1.2171e+00, 
 1DIAGNOSTIC,    37, -9.419157714568e-01, 1.620932243152e-07, 6.0508e+01, 1.2103e+00, 
XXDIAGNOSTIC,Iteration,metricValue,convergenceValue,ITERATION_TIME_INDEX,SINCE_LAST
 1DIAGNOSTIC,     1, -8.947992821956e-01, 1.797693134862e+308, 7.0703e+01, 1.0195e+01, 
 1DIAGNOSTIC,     2, -8.965882342144e-01, 1.797693134862e+308, 8.0550e+01, 9.8477e+00, 
 1DIAGNOSTIC,     3, -8.989721898871e-01, 1.797693134862e+308, 9.0211e+01, 9.6612e+00, 
 1DIAGNOSTIC,     4, -9.012557497309e-01, 1.797693134862e+308, 9.9949e+01, 9.7371e+00, 
 1DIAGNOSTIC,     5, -9.034006269511e-01, 1.797693134862e+308, 1.0960e+02, 9.6500e+00, 
 1DIAGNOSTIC,     6, -9.053956291935e-01, 1.797693134862e+308, 1.1931e+02, 9.7140e+00, 
 1DIAGNOSTIC,     7, -9.072607442210e-01, 1.797693134862e+308, 1.2904e+02, 9.7256e+00, 
 1DIAGNOSTIC,     8, -9.088850763567e-01, 1.797693134862e+308, 1.3879e+02, 9.7482e+00, 
 1DIAGNOSTIC,     9, -9.103824032780e-01, 1.797693134862e+308, 1.4856e+02, 9.7760e+00, 
 1DIAGNOSTIC,    10, -9.117834723006e-01, 1.233501055277e-03, 1.5833e+02, 9.7720e+00, 
 1DIAGNOSTIC,    11, -9.131095638154e-01, 1.059271268919e-03, 1.6812e+02, 9.7863e+00, 
 1DIAGNOSTIC,    12, -9.143597352725e-01, 8.978324324064e-04, 1.7794e+02, 9.8211e+00, 
 1DIAGNOSTIC,    13, -9.153422157382e-01, 7.607785206231e-04, 1.8777e+02, 9.8258e+00, 
 1DIAGNOSTIC,    14, -9.162612157436e-01, 6.455122888439e-04, 1.9768e+02, 9.9124e+00, 
 1DIAGNOSTIC,    15, -9.171098819349e-01, 5.487750265397e-04, 2.0730e+02, 9.6163e+00, 
 1DIAGNOSTIC,    16, -9.178934827740e-01, 4.677068546559e-04, 2.1697e+02, 9.6747e+00, 
 1DIAGNOSTIC,    17, -9.186333820060e-01, 4.007223827989e-04, 2.2676e+02, 9.7877e+00, 
 1DIAGNOSTIC,    18, -9.192965843054e-01, 3.436644315096e-04, 2.3643e+02, 9.6735e+00, 
 1DIAGNOSTIC,    19, -9.199011026424e-01, 2.951640795151e-04, 2.4616e+02, 9.7288e+00, 
 1DIAGNOSTIC,    20, -9.204572499937e-01, 2.544571291962e-04, 2.5598e+02, 9.8157e+00, 
 1DIAGNOSTIC,    21, -9.209707095278e-01, 2.210591969758e-04, 2.6569e+02, 9.7135e+00, 
 1DIAGNOSTIC,    22, -9.214464110600e-01, 1.944240349573e-04, 2.7562e+02, 9.9296e+00, 
 1DIAGNOSTIC,    23, -9.218957055053e-01, 1.712370140420e-04, 2.8536e+02, 9.7391e+00, 
 1DIAGNOSTIC,    24, -9.223225516916e-01, 1.513414690702e-04, 2.9518e+02, 9.8225e+00, 
 1DIAGNOSTIC,    25, -9.227275231582e-01, 1.343940635638e-04, 3.0496e+02, 9.7779e+00, 
 1DIAGNOSTIC,    26, -9.231150199292e-01, 1.200861409490e-04, 3.1466e+02, 9.7005e+00, 
 1DIAGNOSTIC,    27, -9.234800388259e-01, 1.082318163582e-04, 3.2433e+02, 9.6743e+00, 
 1DIAGNOSTIC,    28, -9.238219778032e-01, 9.816458667073e-05, 3.3428e+02, 9.9417e+00, 
 1DIAGNOSTIC,    29, -9.241432417619e-01, 8.943895894156e-05, 3.4404e+02, 9.7635e+00, 
 1DIAGNOSTIC,    30, -9.244452350146e-01, 8.172886461983e-05, 3.5368e+02, 9.6428e+00, 
 1DIAGNOSTIC,    31, -9.247343341114e-01, 7.483071777558e-05, 3.6353e+02, 9.8451e+00, 
 1DIAGNOSTIC,    32, -9.250111192248e-01, 6.858751452170e-05, 3.7336e+02, 9.8285e+00, 
 1DIAGNOSTIC,    33, -9.252773218622e-01, 6.296426142690e-05, 3.8316e+02, 9.8075e+00, 
 1DIAGNOSTIC,    34, -9.255310556534e-01, 5.792614366443e-05, 3.9286e+02, 9.7002e+00, 
 1DIAGNOSTIC,    35, -9.257676646901e-01, 5.338077391581e-05, 4.0256e+02, 9.6937e+00, 
 1DIAGNOSTIC,    36, -9.259880444464e-01, 4.927419993510e-05, 4.1237e+02, 9.8125e+00, 
 1DIAGNOSTIC,    37, -9.261959580162e-01, 4.552972670236e-05, 4.2227e+02, 9.9051e+00, 
 1DIAGNOSTIC,    38, -9.263887487414e-01, 4.203788022885e-05, 4.3204e+02, 9.7646e+00, 
 1DIAGNOSTIC,    39, -9.265769039609e-01, 3.879958845621e-05, 4.4187e+02, 9.8296e+00, 
 1DIAGNOSTIC,    40, -9.267552895669e-01, 3.577724385977e-05, 4.5164e+02, 9.7718e+00, 
 1DIAGNOSTIC,    41, -9.269250783775e-01, 3.299038804921e-05, 4.6133e+02, 9.6884e+00, 
 1DIAGNOSTIC,    42, -9.270915748721e-01, 3.049081425383e-05, 4.7110e+02, 9.7693e+00, 
 1DIAGNOSTIC,    43, -9.272518259095e-01, 2.830043229269e-05, 4.8102e+02, 9.9175e+00, 
 1DIAGNOSTIC,    44, -9.274091021576e-01, 2.643211177710e-05, 4.9077e+02, 9.7561e+00, 
 1DIAGNOSTIC,    45, -9.275586409954e-01, 2.481144738224e-05, 5.0043e+02, 9.6586e+00, 
 1DIAGNOSTIC,    46, -9.277062376831e-01, 2.340079702482e-05, 5.1021e+02, 9.7778e+00, 
 1DIAGNOSTIC,    47, -9.278475895118e-01, 2.214802114560e-05, 5.2005e+02, 9.8442e+00, 
 1DIAGNOSTIC,    48, -9.279821114385e-01, 2.097379921168e-05, 5.2991e+02, 9.8607e+00, 
 1DIAGNOSTIC,    49, -9.281078879257e-01, 1.985871893798e-05, 5.3988e+02, 9.9642e+00, 
 1DIAGNOSTIC,    50, -9.282287109561e-01, 1.877563359397e-05, 5.4977e+02, 9.8971e+00, 
XXDIAGNOSTIC,Iteration,metricValue,convergenceValue,ITERATION_TIME_INDEX,SINCE_LAST
 1DIAGNOSTIC,     1, -8.857462019897e-01, 1.797693134862e+308, 6.3665e+02, 8.6872e+01, 
 1DIAGNOSTIC,     2, -8.866480633048e-01, 1.797693134862e+308, 7.2246e+02, 8.5813e+01, 
 1DIAGNOSTIC,     3, -8.881740919123e-01, 1.797693134862e+308, 8.0703e+02, 8.4568e+01, 
 1DIAGNOSTIC,     4, -8.898522871073e-01, 1.797693134862e+308, 8.9159e+02, 8.4564e+01, 
 1DIAGNOSTIC,     5, -8.914631346442e-01, 1.797693134862e+308, 9.7844e+02, 8.6847e+01, 
 1DIAGNOSTIC,     6, -8.929828500976e-01, 1.797693134862e+308, 1.0630e+03, 8.4554e+01, 
 1DIAGNOSTIC,     7, -8.944295937682e-01, 1.797693134862e+308, 1.1504e+03, 8.7435e+01, 
 1DIAGNOSTIC,     8, -8.957709101075e-01, 1.797693134862e+308, 1.2351e+03, 8.4696e+01, 
 1DIAGNOSTIC,     9, -8.970224104882e-01, 1.797693134862e+308, 1.3190e+03, 8.3878e+01, 
 1DIAGNOSTIC,    10, -8.982678897127e-01, 9.369129533982e-04, 1.4034e+03, 8.4416e+01, 
 1DIAGNOSTIC,    11, -8.994409473696e-01, 8.391948122722e-04, 1.4881e+03, 8.4665e+01, 
 1DIAGNOSTIC,    12, -9.005226202718e-01, 7.346435605919e-04, 1.5747e+03, 8.6617e+01, 
 1DIAGNOSTIC,    13, -9.015094717344e-01, 6.408360292020e-04, 1.6586e+03, 8.3873e+01, 
 1DIAGNOSTIC,    14, -9.023264922183e-01, 5.584691867284e-04, 1.7434e+03, 8.4870e+01, 
 1DIAGNOSTIC,    15, -9.030266850362e-01, 4.847226813741e-04, 1.8277e+03, 8.4223e+01, 
 1DIAGNOSTIC,    16, -9.037161359204e-01, 4.192881433202e-04, 1.9127e+03, 8.4989e+01, 
 1DIAGNOSTIC,    17, -9.043733720761e-01, 3.619448818815e-04, 1.9977e+03, 8.5085e+01, 
 1DIAGNOSTIC,    18, -9.049063776591e-01, 3.103440974112e-04, 2.0827e+03, 8.4920e+01, 
 1DIAGNOSTIC,    19, -9.054349317753e-01, 2.649785835645e-04, 2.1685e+03, 8.5861e+01, 
 1DIAGNOSTIC,    20, -9.059470630012e-01, 2.272391559860e-04, 2.2536e+03, 8.5115e+01, 
  Elapsed time (stage 2): 2255


Total elapsed time: 2341
