All_Command_lines_OK
Using double precision for computations.
=============================================================================
The composite transform comprises the following transforms (in order): 
  1. Center of mass alignment using fixed image: /templateflow/tpl-MNI152NLin2009cAsym/tpl-MNI152NLin2009cAsym_res-01_desc-brain_T1w.nii.gz and moving image: /mnt/lustre/mathdugre/ants-amp/datasets/corr/RawDataBIDS/BMB_1/derivatives/antsBrainExtraction/sub-0003039/BrainExtractionBrain.nii.gz (type = Euler3DTransform)
=============================================================================
  number of levels = 4
  number of levels = 4
  number of levels = 4
  fixed image: /templateflow/tpl-MNI152NLin2009cAsym/tpl-MNI152NLin2009cAsym_res-01_desc-brain_T1w.nii.gz
  moving image: /mnt/lustre/mathdugre/ants-amp/datasets/corr/RawDataBIDS/BMB_1/derivatives/antsBrainExtraction/sub-0003039/BrainExtractionBrain.nii.gz
  fixed image: /templateflow/tpl-MNI152NLin2009cAsym/tpl-MNI152NLin2009cAsym_res-01_desc-brain_T1w.nii.gz
  moving image: /mnt/lustre/mathdugre/ants-amp/datasets/corr/RawDataBIDS/BMB_1/derivatives/antsBrainExtraction/sub-0003039/BrainExtractionBrain.nii.gz
  fixed image: /templateflow/tpl-MNI152NLin2009cAsym/tpl-MNI152NLin2009cAsym_res-01_desc-brain_T1w.nii.gz
  moving image: /mnt/lustre/mathdugre/ants-amp/datasets/corr/RawDataBIDS/BMB_1/derivatives/antsBrainExtraction/sub-0003039/BrainExtractionBrain.nii.gz
Dimension = 3
Number of stages = 3
Use histogram matching = false
Winsorize image intensities = true
  Lower quantile = 0.005
  Upper quantile = 0.995


Stage 1 State
   Image metric = MattesMI
     Fixed image = Image (0x55db1adc4360)
  RTTI typeinfo:   itk::Image<double, 3u>
  Reference Count: 2
  Modified Time: 2368
  Debug: Off
  Object Name: 
  Observers: 
    none
  Source: (none)
  Source output name: (none)
  Release Data: Off
  Data Released: False
  Global Release Data: Off
  PipelineMTime: 0
  UpdateMTime: 1979
  RealTimeStamp: 0 seconds 
  LargestPossibleRegion: 
    Dimension: 3
    Index: [0, 0, 0]
    Size: [193, 229, 193]
  BufferedRegion: 
    Dimension: 3
    Index: [0, 0, 0]
    Size: [193, 229, 193]
  RequestedRegion: 
    Dimension: 3
    Index: [0, 0, 0]
    Size: [193, 229, 193]
  Spacing: [1, 1, 1]
  Origin: [96, 132, -78]
  Direction: 
-1 0 0
0 -1 0
0 0 1

  IndexToPointMatrix: 
-1 0 0
0 -1 0
0 0 1

  PointToIndexMatrix: 
-1 0 0
0 -1 0
0 0 1

  Inverse Direction: 
-1 0 0
0 -1 0
0 0 1

  PixelContainer: 
    ImportImageContainer (0x55db1adbba00)
      RTTI typeinfo:   itk::ImportImageContainer<unsigned long, double>
      Reference Count: 1
      Modified Time: 1976
      Debug: Off
      Object Name: 
      Observers: 
        none
      Pointer: 0x7f1c2b4e7010
      Container manages memory: true
      Size: 8530021
      Capacity: 8530021

     Moving image = Image (0x55db1adc7a20)
  RTTI typeinfo:   itk::Image<double, 3u>
  Reference Count: 2
  Modified Time: 2369
  Debug: Off
  Object Name: 
  Observers: 
    none
  Source: (none)
  Source output name: (none)
  Release Data: Off
  Data Released: False
  Global Release Data: Off
  PipelineMTime: 0
  UpdateMTime: 2366
  RealTimeStamp: 0 seconds 
  LargestPossibleRegion: 
    Dimension: 3
    Index: [0, 0, 0]
    Size: [176, 256, 256]
  BufferedRegion: 
    Dimension: 3
    Index: [0, 0, 0]
    Size: [176, 256, 256]
  RequestedRegion: 
    Dimension: 3
    Index: [0, 0, 0]
    Size: [176, 256, 256]
  Spacing: [1, 1, 1]
  Origin: [-81.2288, 98.0845, -123.386]
  Direction: 
1 0 0
0 -1 0
0 0 1

  IndexToPointMatrix: 
1 0 0
0 -1 0
0 0 1

  PointToIndexMatrix: 
1 0 0
0 -1 0
0 0 1

  Inverse Direction: 
1 0 0
0 -1 0
0 0 1

  PixelContainer: 
    ImportImageContainer (0x55db1cf99c90)
      RTTI typeinfo:   itk::ImportImageContainer<unsigned long, double>
      Reference Count: 1
      Modified Time: 2363
      Debug: Off
      Object Name: 
      Observers: 
        none
      Pointer: 0x7f1c25ce6010
      Container manages memory: true
      Size: 11534336
      Capacity: 11534336

     Weighting = 1
     Sampling strategy = regular
     Number of bins = 32
     Radius = 4
     Sampling percentage  = 0.25
   Transform = Rigid
     Gradient step = 0.1
     Update field sigma (voxel space) = 0
     Total field sigma (voxel space) = 0
     Update field time sigma = 0
     Total field time sigma  = 0
     Number of time indices = 0
     Number of time point samples = 0
Stage 2 State
   Image metric = MattesMI
     Fixed image = Image (0x55db1aeea9c0)
  RTTI typeinfo:   itk::Image<double, 3u>
  Reference Count: 2
  Modified Time: 3144
  Debug: Off
  Object Name: 
  Observers: 
    none
  Source: (none)
  Source output name: (none)
  Release Data: Off
  Data Released: False
  Global Release Data: Off
  PipelineMTime: 0
  UpdateMTime: 2755
  RealTimeStamp: 0 seconds 
  LargestPossibleRegion: 
    Dimension: 3
    Index: [0, 0, 0]
    Size: [193, 229, 193]
  BufferedRegion: 
    Dimension: 3
    Index: [0, 0, 0]
    Size: [193, 229, 193]
  RequestedRegion: 
    Dimension: 3
    Index: [0, 0, 0]
    Size: [193, 229, 193]
  Spacing: [1, 1, 1]
  Origin: [96, 132, -78]
  Direction: 
-1 0 0
0 -1 0
0 0 1

  IndexToPointMatrix: 
-1 0 0
0 -1 0
0 0 1

  PointToIndexMatrix: 
-1 0 0
0 -1 0
0 0 1

  Inverse Direction: 
-1 0 0
0 -1 0
0 0 1

  PixelContainer: 
    ImportImageContainer (0x55db1aed9f30)
      RTTI typeinfo:   itk::ImportImageContainer<unsigned long, double>
      Reference Count: 1
      Modified Time: 2752
      Debug: Off
      Object Name: 
      Observers: 
        none
      Pointer: 0x7f1c21bd1010
      Container manages memory: true
      Size: 8530021
      Capacity: 8530021

     Moving image = Image (0x55db1aeec7c0)
  RTTI typeinfo:   itk::Image<double, 3u>
  Reference Count: 2
  Modified Time: 3145
  Debug: Off
  Object Name: 
  Observers: 
    none
  Source: (none)
  Source output name: (none)
  Release Data: Off
  Data Released: False
  Global Release Data: Off
  PipelineMTime: 0
  UpdateMTime: 3142
  RealTimeStamp: 0 seconds 
  LargestPossibleRegion: 
    Dimension: 3
    Index: [0, 0, 0]
    Size: [176, 256, 256]
  BufferedRegion: 
    Dimension: 3
    Index: [0, 0, 0]
    Size: [176, 256, 256]
  RequestedRegion: 
    Dimension: 3
    Index: [0, 0, 0]
    Size: [176, 256, 256]
  Spacing: [1, 1, 1]
  Origin: [-81.2288, 98.0845, -123.386]
  Direction: 
1 0 0
0 -1 0
0 0 1

  IndexToPointMatrix: 
1 0 0
0 -1 0
0 0 1

  PointToIndexMatrix: 
1 0 0
0 -1 0
0 0 1

  Inverse Direction: 
1 0 0
0 -1 0
0 0 1

  PixelContainer: 
    ImportImageContainer (0x55db1aeef190)
      RTTI typeinfo:   itk::ImportImageContainer<unsigned long, double>
      Reference Count: 1
      Modified Time: 3139
      Debug: Off
      Object Name: 
      Observers: 
        none
      Pointer: 0x7f1c1c3d0010
      Container manages memory: true
      Size: 11534336
      Capacity: 11534336

     Weighting = 1
     Sampling strategy = regular
     Number of bins = 32
     Radius = 4
     Sampling percentage  = 0.25
   Transform = Affine
     Gradient step = 0.1
     Update field sigma (voxel space) = 0
     Total field sigma (voxel space) = 0
     Update field time sigma = 0
     Total field time sigma  = 0
     Number of time indices = 0
     Number of time point samples = 0
Stage 3 State
   Image metric = CC
     Fixed image = Image (0x55db1aed6240)
  RTTI typeinfo:   itk::Image<double, 3u>
  Reference Count: 2
  Modified Time: 3920
  Debug: Off
  Object Name: 
  Observers: 
    none
  Source: (none)
  Source output name: (none)
  Release Data: Off
  Data Released: False
  Global Release Data: Off
  PipelineMTime: 0
  UpdateMTime: 3531
  RealTimeStamp: 0 seconds 
  LargestPossibleRegion: 
    Dimension: 3
    Index: [0, 0, 0]
    Size: [193, 229, 193]
  BufferedRegion: 
    Dimension: 3
    Index: [0, 0, 0]
    Size: [193, 229, 193]
  RequestedRegion: 
    Dimension: 3
    Index: [0, 0, 0]
    Size: [193, 229, 193]
  Spacing: [1, 1, 1]
  Origin: [96, 132, -78]
  Direction: 
-1 0 0
0 -1 0
0 0 1

  IndexToPointMatrix: 
-1 0 0
0 -1 0
0 0 1

  PointToIndexMatrix: 
-1 0 0
0 -1 0
0 0 1

  Inverse Direction: 
-1 0 0
0 -1 0
0 0 1

  PixelContainer: 
    ImportImageContainer (0x55db1ae13600)
      RTTI typeinfo:   itk::ImportImageContainer<unsigned long, double>
      Reference Count: 1
      Modified Time: 3528
      Debug: Off
      Object Name: 
      Observers: 
        none
      Pointer: 0x7f1c182bb010
      Container manages memory: true
      Size: 8530021
      Capacity: 8530021

     Moving image = Image (0x55db1aeeee70)
  RTTI typeinfo:   itk::Image<double, 3u>
  Reference Count: 2
  Modified Time: 3921
  Debug: Off
  Object Name: 
  Observers: 
    none
  Source: (none)
  Source output name: (none)
  Release Data: Off
  Data Released: False
  Global Release Data: Off
  PipelineMTime: 0
  UpdateMTime: 3918
  RealTimeStamp: 0 seconds 
  LargestPossibleRegion: 
    Dimension: 3
    Index: [0, 0, 0]
    Size: [176, 256, 256]
  BufferedRegion: 
    Dimension: 3
    Index: [0, 0, 0]
    Size: [176, 256, 256]
  RequestedRegion: 
    Dimension: 3
    Index: [0, 0, 0]
    Size: [176, 256, 256]
  Spacing: [1, 1, 1]
  Origin: [-81.2288, 98.0845, -123.386]
  Direction: 
1 0 0
0 -1 0
0 0 1

  IndexToPointMatrix: 
1 0 0
0 -1 0
0 0 1

  PointToIndexMatrix: 
1 0 0
0 -1 0
0 0 1

  Inverse Direction: 
1 0 0
0 -1 0
0 0 1

  PixelContainer: 
    ImportImageContainer (0x55db1aed20d0)
      RTTI typeinfo:   itk::ImportImageContainer<unsigned long, double>
      Reference Count: 1
      Modified Time: 3915
      Debug: Off
      Object Name: 
      Observers: 
        none
      Pointer: 0x7f1c12aba010
      Container manages memory: true
      Size: 11534336
      Capacity: 11534336

     Weighting = 1
     Sampling strategy = none
     Number of bins = 32
     Radius = 4
     Sampling percentage  = 1
   Transform = SyN
     Gradient step = 0.1
     Update field sigma (voxel space) = 3
     Total field sigma (voxel space) = 0
     Update field time sigma = 0
     Total field time sigma  = 0
     Number of time indices = 0
     Number of time point samples = 0
Registration using 3 total stages.

Stage 0
  iterations = 1000x500x250x100
  convergence threshold = 1e-06
  convergence window size = 10
  number of levels = 4
  using the Mattes MI metric (number of bins = 32, weight = 1, use gradient filter = 0)
  preprocessing:  winsorizing the image intensities
  Shrink factors (level 1 out of 4): [8, 8, 8]
  Shrink factors (level 2 out of 4): [4, 4, 4]
  Shrink factors (level 3 out of 4): [2, 2, 2]
  Shrink factors (level 4 out of 4): [1, 1, 1]
  smoothing sigmas per level: [3, 2, 1, 0]
  regular sampling (percentage = 0.25)

*** Running Euler3DTransform registration ***

DIAGNOSTIC,Iteration,metricValue,convergenceValue,ITERATION_TIME_INDEX,SINCE_LAST
 2DIAGNOSTIC,     1, -6.079604440008e-01, 1.797693134862e+308, 3.5413e-01, 3.5413e-01, 
 2DIAGNOSTIC,     2, -6.098178362062e-01, 1.797693134862e+308, 3.5765e-01, 3.5241e-03, 
 2DIAGNOSTIC,     3, -6.119628572182e-01, 1.797693134862e+308, 3.6111e-01, 3.4549e-03, 
 2DIAGNOSTIC,     4, -6.136740152125e-01, 1.797693134862e+308, 3.6371e-01, 2.6000e-03, 
 2DIAGNOSTIC,     5, -6.144455541299e-01, 1.797693134862e+308, 3.6590e-01, 2.1970e-03, 
 2DIAGNOSTIC,     6, -6.163744099259e-01, 1.797693134862e+308, 3.6838e-01, 2.4741e-03, 
 2DIAGNOSTIC,     7, -6.165829717867e-01, 1.797693134862e+308, 3.7087e-01, 2.4970e-03, 
 2DIAGNOSTIC,     8, -6.173770969736e-01, 1.797693134862e+308, 3.7362e-01, 2.7490e-03, 
 2DIAGNOSTIC,     9, -6.276214582480e-01, 1.797693134862e+308, 3.7662e-01, 3.0000e-03, 
 2DIAGNOSTIC,    10, -6.297681532950e-01, 1.977855922918e-03, 3.8120e-01, 4.5750e-03, 
 2DIAGNOSTIC,    11, -6.306118372818e-01, 1.991190638636e-03, 3.8415e-01, 2.9471e-03, 
 2DIAGNOSTIC,    12, -6.313102431655e-01, 1.926762399452e-03, 3.8674e-01, 2.5949e-03, 
 2DIAGNOSTIC,    13, -6.325789011021e-01, 1.817804660760e-03, 3.8969e-01, 2.9511e-03, 
 2DIAGNOSTIC,    14, -6.335628629099e-01, 1.641668468995e-03, 3.9359e-01, 3.8979e-03, 
 2DIAGNOSTIC,    15, -6.336775315053e-01, 1.363352822784e-03, 3.9621e-01, 2.6190e-03, 
 2DIAGNOSTIC,    16, -6.338961982851e-01, 1.062015941696e-03, 3.9880e-01, 2.5909e-03, 
 2DIAGNOSTIC,    17, -6.341631370238e-01, 7.154052795301e-04, 4.0139e-01, 2.5880e-03, 
 2DIAGNOSTIC,    18, -6.345541550379e-01, 3.648606880325e-04, 4.0402e-01, 2.6350e-03, 
 2DIAGNOSTIC,    19, -6.354344797114e-01, 2.830797926078e-04, 4.0751e-01, 3.4871e-03, 
 2DIAGNOSTIC,    20, -6.370152319110e-01, 2.677970475016e-04, 4.1050e-01, 2.9950e-03, 
 2DIAGNOSTIC,    21, -6.380195359589e-01, 2.686966004792e-04, 4.1381e-01, 3.3090e-03, 
 2DIAGNOSTIC,    22, -6.381015903483e-01, 2.601769814081e-04, 4.1644e-01, 2.6259e-03, 
 2DIAGNOSTIC,    23, -6.380978012282e-01, 2.531882545715e-04, 4.1898e-01, 2.5439e-03, 
 2DIAGNOSTIC,    24, -6.380468481501e-01, 2.408016413986e-04, 4.2191e-01, 2.9311e-03, 
 2DIAGNOSTIC,    25, -6.382840509698e-01, 2.128204511620e-04, 4.2529e-01, 3.3710e-03, 
 2DIAGNOSTIC,    26, -6.382119345496e-01, 1.693611155657e-04, 4.2967e-01, 4.3879e-03, 
 2DIAGNOSTIC,    27, -6.382330169553e-01, 1.185725496670e-04, 4.3230e-01, 2.6231e-03, 
 2DIAGNOSTIC,    28, -6.382960117011e-01, 6.793132779435e-05, 4.3491e-01, 2.6171e-03, 
 2DIAGNOSTIC,    29, -6.383365012507e-01, 2.833346176487e-05, 4.3749e-01, 2.5811e-03, 
 2DIAGNOSTIC,    30, -6.384626327802e-01, 1.405491856395e-05, 4.4011e-01, 2.6190e-03, 
 2DIAGNOSTIC,    31, -6.384876176063e-01, 1.439239195457e-05, 4.4271e-01, 2.5971e-03, 
 2DIAGNOSTIC,    32, -6.386255909269e-01, 1.660880001490e-05, 4.4528e-01, 2.5690e-03, 
 2DIAGNOSTIC,    33, -6.386425765977e-01, 1.739378477175e-05, 4.4820e-01, 2.9249e-03, 
 2DIAGNOSTIC,    34, -6.392296878559e-01, 2.358607389281e-05, 4.5265e-01, 4.4501e-03, 
 2DIAGNOSTIC,    35, -6.395038074868e-01, 3.367906933224e-05, 4.5583e-01, 3.1762e-03, 
 2DIAGNOSTIC,    36, -6.394123120961e-01, 3.802953922689e-05, 4.5871e-01, 2.8789e-03, 
 2DIAGNOSTIC,    37, -6.394149650473e-01, 3.906494211751e-05, 4.6138e-01, 2.6672e-03, 
 2DIAGNOSTIC,    38, -6.395241494871e-01, 3.846002052016e-05, 4.6435e-01, 2.9709e-03, 
 2DIAGNOSTIC,    39, -6.395285535794e-01, 3.462880910268e-05, 4.6734e-01, 2.9948e-03, 
 2DIAGNOSTIC,    40, -6.394315893004e-01, 2.805147297539e-05, 4.7094e-01, 3.5949e-03, 
 2DIAGNOSTIC,    41, -6.395324943338e-01, 2.069967834450e-05, 4.7388e-01, 2.9399e-03, 
 2DIAGNOSTIC,    42, -6.395330991789e-01, 1.335867728462e-05, 4.7649e-01, 2.6109e-03, 
 2DIAGNOSTIC,    43, -6.394333101470e-01, 4.114307604143e-06, 4.7906e-01, 2.5680e-03, 
DIAGNOSTIC,Iteration,metricValue,convergenceValue,ITERATION_TIME_INDEX,SINCE_LAST
 2DIAGNOSTIC,     1, -5.099956943110e-01, 1.797693134862e+308, 8.4770e-01, 3.6865e-01, 
 2DIAGNOSTIC,     2, -5.106654567531e-01, 1.797693134862e+308, 8.6765e-01, 1.9945e-02, 
 2DIAGNOSTIC,     3, -5.113244144153e-01, 1.797693134862e+308, 8.8764e-01, 1.9995e-02, 
 2DIAGNOSTIC,     4, -5.121371906799e-01, 1.797693134862e+308, 9.0750e-01, 1.9854e-02, 
 2DIAGNOSTIC,     5, -5.127527021256e-01, 1.797693134862e+308, 9.2747e-01, 1.9977e-02, 
 2DIAGNOSTIC,     6, -5.129424785461e-01, 1.797693134862e+308, 9.4888e-01, 2.1409e-02, 
 2DIAGNOSTIC,     7, -5.132522375256e-01, 1.797693134862e+308, 9.7351e-01, 2.4622e-02, 
 2DIAGNOSTIC,     8, -5.131798820802e-01, 1.797693134862e+308, 1.0032e+00, 2.9685e-02, 
 2DIAGNOSTIC,     9, -5.131766822343e-01, 1.797693134862e+308, 1.0255e+00, 2.2295e-02, 
 2DIAGNOSTIC,    10, -5.131726086423e-01, 4.040587514341e-04, 1.0478e+00, 2.2286e-02, 
 2DIAGNOSTIC,    11, -5.131667118303e-01, 2.598996726070e-04, 1.0702e+00, 2.2397e-02, 
 2DIAGNOSTIC,    12, -5.131444975793e-01, 1.464774573179e-04, 1.0903e+00, 2.0139e-02, 
 2DIAGNOSTIC,    13, -5.131525475930e-01, 6.547696742823e-05, 1.1124e+00, 2.2135e-02, 
 2DIAGNOSTIC,    14, -5.131496032271e-01, 2.199729746033e-05, 1.1321e+00, 1.9639e-02, 
 2DIAGNOSTIC,    15, -5.131410764414e-01, 4.849602867521e-06, 1.1546e+00, 2.2471e-02, 
DIAGNOSTIC,Iteration,metricValue,convergenceValue,ITERATION_TIME_INDEX,SINCE_LAST
 2DIAGNOSTIC,     1, -4.505998741176e-01, 1.797693134862e+308, 1.7277e+00, 5.7313e-01, 
 2DIAGNOSTIC,     2, -4.507293151103e-01, 1.797693134862e+308, 1.8631e+00, 1.3539e-01, 
 2DIAGNOSTIC,     3, -4.508890166790e-01, 1.797693134862e+308, 1.9984e+00, 1.3531e-01, 
 2DIAGNOSTIC,     4, -4.510653132865e-01, 1.797693134862e+308, 2.1337e+00, 1.3533e-01, 
 2DIAGNOSTIC,     5, -4.513431698534e-01, 1.797693134862e+308, 2.2688e+00, 1.3508e-01, 
 2DIAGNOSTIC,     6, -4.517746293145e-01, 1.797693134862e+308, 2.4051e+00, 1.3630e-01, 
 2DIAGNOSTIC,     7, -4.523220173232e-01, 1.797693134862e+308, 2.5643e+00, 1.5920e-01, 
 2DIAGNOSTIC,     8, -4.525977109723e-01, 1.797693134862e+308, 2.7664e+00, 2.0210e-01, 
 2DIAGNOSTIC,     9, -4.528392934695e-01, 1.797693134862e+308, 2.9086e+00, 1.4219e-01, 
 2DIAGNOSTIC,    10, -4.530512168504e-01, 3.902653932786e-04, 3.0706e+00, 1.6198e-01, 
 2DIAGNOSTIC,    11, -4.533960701790e-01, 3.732537516210e-04, 3.2733e+00, 2.0277e-01, 
 2DIAGNOSTIC,    12, -4.534164205357e-01, 3.330446416101e-04, 3.4147e+00, 1.4132e-01, 
 2DIAGNOSTIC,    13, -4.535787819079e-01, 2.850103454261e-04, 3.5573e+00, 1.4268e-01, 
 2DIAGNOSTIC,    14, -4.536985396550e-01, 2.315520215607e-04, 3.7247e+00, 1.6733e-01, 
 2DIAGNOSTIC,    15, -4.537731647475e-01, 1.787355158848e-04, 4.0046e+00, 2.7992e-01, 
 2DIAGNOSTIC,    16, -4.537713971855e-01, 1.327020746808e-04, 4.1674e+00, 1.6283e-01, 
 2DIAGNOSTIC,    17, -4.537796623052e-01, 1.005645471587e-04, 4.3694e+00, 2.0200e-01, 
 2DIAGNOSTIC,    18, -4.537778923836e-01, 7.241164096104e-05, 4.6112e+00, 2.4176e-01, 
 2DIAGNOSTIC,    19, -4.537774140169e-01, 4.850768197144e-05, 4.7748e+00, 1.6358e-01, 
 2DIAGNOSTIC,    20, -4.537771063008e-01, 2.902247259577e-05, 4.9400e+00, 1.6523e-01, 
 2DIAGNOSTIC,    21, -4.537767215021e-01, 1.922967674919e-05, 5.1030e+00, 1.6299e-01, 
 2DIAGNOSTIC,    22, -4.537753443562e-01, 9.156314581579e-06, 5.2600e+00, 1.5698e-01, 
 2DIAGNOSTIC,    23, -4.537738407209e-01, 3.559995188807e-06, 5.3963e+00, 1.3633e-01, 
 2DIAGNOSTIC,    24, -4.537734804582e-01, 1.297198197255e-06, 5.5508e+00, 1.5446e-01, 
 2DIAGNOSTIC,    25, -4.537749481560e-01, 1.131144005122e-06, 5.7243e+00, 1.7357e-01, 
DIAGNOSTIC,Iteration,metricValue,convergenceValue,ITERATION_TIME_INDEX,SINCE_LAST
 2DIAGNOSTIC,     1, -4.163440084818e-01, 1.797693134862e+308, 7.3398e+00, 1.6154e+00, 
 2DIAGNOSTIC,     2, -4.165405752791e-01, 1.797693134862e+308, 8.2272e+00, 8.8747e-01, 
 2DIAGNOSTIC,     3, -4.166740495560e-01, 1.797693134862e+308, 9.1618e+00, 9.3462e-01, 
 2DIAGNOSTIC,     4, -4.168304154327e-01, 1.797693134862e+308, 1.0208e+01, 1.0464e+00, 
 2DIAGNOSTIC,     5, -4.168572298019e-01, 1.797693134862e+308, 1.1140e+01, 9.3129e-01, 
 2DIAGNOSTIC,     6, -4.169120605579e-01, 1.797693134862e+308, 1.2184e+01, 1.0443e+00, 
 2DIAGNOSTIC,     7, -4.170320656482e-01, 1.797693134862e+308, 1.3467e+01, 1.2828e+00, 
 2DIAGNOSTIC,     8, -4.170489171866e-01, 1.797693134862e+308, 1.4519e+01, 1.0528e+00, 
 2DIAGNOSTIC,     9, -4.170492301674e-01, 1.797693134862e+308, 1.5455e+01, 9.3557e-01, 
 2DIAGNOSTIC,    10, -4.170641646802e-01, 1.075639446413e-04, 1.6382e+01, 9.2761e-01, 
 2DIAGNOSTIC,    11, -4.170830755693e-01, 7.393786738925e-05, 1.7320e+01, 9.3707e-01, 
 2DIAGNOSTIC,    12, -4.170921741833e-01, 5.099748009461e-05, 1.8366e+01, 1.0462e+00, 
 2DIAGNOSTIC,    13, -4.170944405432e-01, 3.414255287629e-05, 1.9308e+01, 9.4226e-01, 
 2DIAGNOSTIC,    14, -4.171580840332e-01, 2.763165294457e-05, 2.0802e+01, 1.4943e+00, 
 2DIAGNOSTIC,    15, -4.171574624378e-01, 2.078202084030e-05, 2.2647e+01, 1.8446e+00, 
 2DIAGNOSTIC,    16, -4.171577409672e-01, 1.530553044497e-05, 2.3801e+01, 1.1542e+00, 
 2DIAGNOSTIC,    17, -4.171578916867e-01, 1.408768371271e-05, 2.5080e+01, 1.2793e+00, 
 2DIAGNOSTIC,    18, -4.171577413701e-01, 1.251510161748e-05, 2.6348e+01, 1.2679e+00, 
 2DIAGNOSTIC,    19, -4.171576534289e-01, 1.008012042513e-05, 2.7407e+01, 1.0584e+00, 
 2DIAGNOSTIC,    20, -4.171575679508e-01, 7.592536145233e-06, 2.8340e+01, 9.3334e-01, 
 2DIAGNOSTIC,    21, -4.171572920500e-01, 5.413686197518e-06, 2.9502e+01, 1.1615e+00, 
 2DIAGNOSTIC,    22, -4.171574025143e-01, 3.375827117694e-06, 3.0542e+01, 1.0406e+00, 
 2DIAGNOSTIC,    23, -4.171572106622e-01, 1.341852952176e-06, 3.1466e+01, 9.2336e-01, 
 2DIAGNOSTIC,    24, -4.171571253295e-01, 1.287027974924e-06, 3.2515e+01, 1.0495e+00, 
 2DIAGNOSTIC,    25, -4.171571432061e-01, 1.223673552861e-06, 3.3445e+01, 9.3007e-01, 
 2DIAGNOSTIC,    26, -4.171571733545e-01, 1.177705677494e-06, 3.4380e+01, 9.3442e-01, 
 2DIAGNOSTIC,    27, -4.171573245609e-01, 1.147103312775e-06, 3.5312e+01, 9.3269e-01, 
 2DIAGNOSTIC,    28, -4.171573098252e-01, 1.117545774067e-06, 3.6482e+01, 1.1698e+00, 
 2DIAGNOSTIC,    29, -4.171573440845e-01, 1.090681652015e-06, 3.7526e+01, 1.0438e+00, 
 2DIAGNOSTIC,    30, -4.171572844612e-01, 1.063096063930e-06, 3.8684e+01, 1.1578e+00, 
 2DIAGNOSTIC,    31, -4.171572002923e-01, 1.029005880983e-06, 3.9704e+01, 1.0209e+00, 
  Elapsed time (stage 0): 4.0356e+01


Stage 1
  iterations = 1000x500x250x100
  convergence threshold = 1.0000e-06
  convergence window size = 10
  number of levels = 4
  using the Mattes MI metric (number of bins = 32, weight = 1.0000e+00, use gradient filter = 0)
  preprocessing:  winsorizing the image intensities
  Shrink factors (level 1 out of 4): [8, 8, 8]
  Shrink factors (level 2 out of 4): [4, 4, 4]
  Shrink factors (level 3 out of 4): [2, 2, 2]
  Shrink factors (level 4 out of 4): [1, 1, 1]
  smoothing sigmas per level: [3, 2, 1, 0]
  regular sampling (percentage = 2.5000e-01)

*** Running AffineTransform registration ***

DIAGNOSTIC,Iteration,metricValue,convergenceValue,ITERATION_TIME_INDEX,SINCE_LAST
 2DIAGNOSTIC,     1, -6.327259093302e-01, 1.797693134862e+308, 3.5394e-01, 3.5394e-01, 
 2DIAGNOSTIC,     2, -6.345457575326e-01, 1.797693134862e+308, 3.5909e-01, 5.1551e-03, 
 2DIAGNOSTIC,     3, -6.373830640166e-01, 1.797693134862e+308, 3.6335e-01, 4.2598e-03, 
 2DIAGNOSTIC,     4, -6.429834300874e-01, 1.797693134862e+308, 3.6664e-01, 3.2890e-03, 
 2DIAGNOSTIC,     5, -6.519405220770e-01, 1.797693134862e+308, 3.6995e-01, 3.3150e-03, 
 2DIAGNOSTIC,     6, -6.644309972391e-01, 1.797693134862e+308, 3.7315e-01, 3.1960e-03, 
 2DIAGNOSTIC,     7, -6.945863996095e-01, 1.797693134862e+308, 3.7691e-01, 3.7558e-03, 
 2DIAGNOSTIC,     8, -7.374889955900e-01, 1.797693134862e+308, 3.8066e-01, 3.7520e-03, 
 2DIAGNOSTIC,     9, -7.748945768218e-01, 1.797693134862e+308, 3.8436e-01, 3.7050e-03, 
 2DIAGNOSTIC,    10, -7.863011499812e-01, 1.544712475898e-02, 3.8831e-01, 3.9451e-03, 
 2DIAGNOSTIC,    11, -7.994819790684e-01, 1.605942537354e-02, 3.9213e-01, 3.8249e-03, 
 2DIAGNOSTIC,    12, -8.119292650442e-01, 1.558322938018e-02, 3.9586e-01, 3.7289e-03, 
 2DIAGNOSTIC,    13, -8.147582488181e-01, 1.394330552876e-02, 4.0013e-01, 4.2691e-03, 
 2DIAGNOSTIC,    14, -8.153571028855e-01, 1.148356300203e-02, 4.0599e-01, 5.8610e-03, 
 2DIAGNOSTIC,    15, -8.152067039703e-01, 8.595787354257e-03, 4.1000e-01, 4.0100e-03, 
 2DIAGNOSTIC,    16, -8.149690830580e-01, 5.624489281917e-03, 4.1436e-01, 4.3571e-03, 
 2DIAGNOSTIC,    17, -8.147899095387e-01, 3.185052802761e-03, 4.1842e-01, 4.0631e-03, 
 2DIAGNOSTIC,    18, -8.144959009711e-01, 1.640012473977e-03, 4.2197e-01, 3.5489e-03, 
 2DIAGNOSTIC,    19, -8.142482149551e-01, 8.670307323913e-04, 4.2594e-01, 3.9699e-03, 
 2DIAGNOSTIC,    20, -8.141052393663e-01, 3.082046097516e-04, 4.3001e-01, 4.0700e-03, 
 2DIAGNOSTIC,    21, -8.140704968664e-01, 9.387226284997e-06, 4.3390e-01, 3.8919e-03, 
DIAGNOSTIC,Iteration,metricValue,convergenceValue,ITERATION_TIME_INDEX,SINCE_LAST
 2DIAGNOSTIC,     1, -6.968970909978e-01, 1.797693134862e+308, 8.2543e-01, 3.9152e-01, 
 2DIAGNOSTIC,     2, -6.973744785943e-01, 1.797693134862e+308, 8.5120e-01, 2.5769e-02, 
 2DIAGNOSTIC,     3, -6.978316515239e-01, 1.797693134862e+308, 8.7715e-01, 2.5949e-02, 
 2DIAGNOSTIC,     4, -6.980889197199e-01, 1.797693134862e+308, 9.0209e-01, 2.4941e-02, 
 2DIAGNOSTIC,     5, -6.983154936084e-01, 1.797693134862e+308, 9.3995e-01, 3.7863e-02, 
 2DIAGNOSTIC,     6, -6.983854050444e-01, 1.797693134862e+308, 9.6956e-01, 2.9611e-02, 
 2DIAGNOSTIC,     7, -6.983816647821e-01, 1.797693134862e+308, 1.0026e+00, 3.3065e-02, 
 2DIAGNOSTIC,     8, -6.983915237251e-01, 1.797693134862e+308, 1.0297e+00, 2.7092e-02, 
 2DIAGNOSTIC,     9, -6.983901431219e-01, 1.797693134862e+308, 1.0554e+00, 2.5713e-02, 
 2DIAGNOSTIC,    10, -6.984056334589e-01, 1.227669958906e-04, 1.0813e+00, 2.5828e-02, 
 2DIAGNOSTIC,    11, -6.984306787682e-01, 6.966212649924e-05, 1.1095e+00, 2.8276e-02, 
 2DIAGNOSTIC,    12, -6.985018521492e-01, 3.779477445359e-05, 1.1347e+00, 2.5206e-02, 
 2DIAGNOSTIC,    13, -6.985401501792e-01, 2.301433794730e-05, 1.1599e+00, 2.5203e-02, 
 2DIAGNOSTIC,    14, -6.986160506699e-01, 1.800245501690e-05, 1.1855e+00, 2.5588e-02, 
 2DIAGNOSTIC,    15, -6.986867515339e-01, 2.021453819664e-05, 1.2142e+00, 2.8691e-02, 
 2DIAGNOSTIC,    16, -6.987142537347e-01, 2.294279548068e-05, 1.2417e+00, 2.7456e-02, 
 2DIAGNOSTIC,    17, -6.987211134313e-01, 2.349122223997e-05, 1.2690e+00, 2.7279e-02, 
 2DIAGNOSTIC,    18, -6.987294712237e-01, 2.240979167771e-05, 1.2942e+00, 2.5211e-02, 
 2DIAGNOSTIC,    19, -6.988523388104e-01, 2.212339501701e-05, 1.3195e+00, 2.5311e-02, 
 2DIAGNOSTIC,    20, -6.988979216451e-01, 2.112444851054e-05, 1.3601e+00, 4.0647e-02, 
 2DIAGNOSTIC,    21, -6.988969349921e-01, 1.885217245908e-05, 1.3884e+00, 2.8282e-02, 
 2DIAGNOSTIC,    22, -6.988926082719e-01, 1.646550438085e-05, 1.4174e+00, 2.8989e-02, 
 2DIAGNOSTIC,    23, -6.988852516542e-01, 1.341730832032e-05, 1.4468e+00, 2.9405e-02, 
 2DIAGNOSTIC,    24, -6.988772677998e-01, 1.058382404437e-05, 1.4745e+00, 2.7684e-02, 
 2DIAGNOSTIC,    25, -6.988575763046e-01, 7.910012706447e-06, 1.4999e+00, 2.5437e-02, 
 2DIAGNOSTIC,    26, -6.988538525837e-01, 5.223049483888e-06, 1.5285e+00, 2.8609e-02, 
 2DIAGNOSTIC,    27, -6.988612510159e-01, 2.600991625641e-06, 1.5540e+00, 2.5499e-02, 
DIAGNOSTIC,Iteration,metricValue,convergenceValue,ITERATION_TIME_INDEX,SINCE_LAST
 2DIAGNOSTIC,     1, -5.948308203968e-01, 1.797693134862e+308, 2.2333e+00, 6.7927e-01, 
 2DIAGNOSTIC,     2, -5.949547532401e-01, 1.797693134862e+308, 2.4316e+00, 1.9834e-01, 
 2DIAGNOSTIC,     3, -5.949532874236e-01, 1.797693134862e+308, 2.6324e+00, 2.0074e-01, 
 2DIAGNOSTIC,     4, -5.949873596312e-01, 1.797693134862e+308, 2.8119e+00, 1.7947e-01, 
 2DIAGNOSTIC,     5, -5.950843335935e-01, 1.797693134862e+308, 2.9900e+00, 1.7817e-01, 
 2DIAGNOSTIC,     6, -5.953247838116e-01, 1.797693134862e+308, 3.1671e+00, 1.7707e-01, 
 2DIAGNOSTIC,     7, -5.956195434591e-01, 1.797693134862e+308, 3.3449e+00, 1.7782e-01, 
 2DIAGNOSTIC,     8, -5.958775476454e-01, 1.797693134862e+308, 3.5679e+00, 2.2296e-01, 
 2DIAGNOSTIC,     9, -5.959212759022e-01, 1.797693134862e+308, 3.7944e+00, 2.2652e-01, 
 2DIAGNOSTIC,    10, -5.959596811893e-01, 1.443445997357e-04, 4.0435e+00, 2.4909e-01, 
 2DIAGNOSTIC,    11, -5.959709198344e-01, 1.317766718242e-04, 4.2259e+00, 1.8244e-01, 
 2DIAGNOSTIC,    12, -5.960329897855e-01, 1.169897078710e-04, 4.4077e+00, 1.8181e-01, 
 2DIAGNOSTIC,    13, -5.960676343557e-01, 9.528182375357e-05, 4.6085e+00, 2.0076e-01, 
 2DIAGNOSTIC,    14, -5.960677548217e-01, 6.951475933234e-05, 4.8068e+00, 1.9826e-01, 
 2DIAGNOSTIC,    15, -5.960660245063e-01, 4.412352465040e-05, 5.0319e+00, 2.2510e-01, 
 2DIAGNOSTIC,    16, -5.960612987285e-01, 2.495070728019e-05, 5.2349e+00, 2.0301e-01, 
 2DIAGNOSTIC,    17, -5.960692075726e-01, 1.421033738670e-05, 5.4400e+00, 2.0516e-01, 
 2DIAGNOSTIC,    18, -5.960702332757e-01, 1.034459059009e-05, 5.6391e+00, 1.9905e-01, 
 2DIAGNOSTIC,    19, -5.960687578499e-01, 7.150087520828e-06, 5.8710e+00, 2.3190e-01, 
 2DIAGNOSTIC,    20, -5.960641132053e-01, 4.601004937856e-06, 6.0650e+00, 1.9405e-01, 
 2DIAGNOSTIC,    21, -5.960621046678e-01, 2.197542930654e-06, 6.2362e+00, 1.7116e-01, 
 2DIAGNOSTIC,    22, -5.960604414224e-01, 1.233758212434e-06, 6.4432e+00, 2.0696e-01, 
 2DIAGNOSTIC,    23, -5.960585521130e-01, 1.049107009626e-06, 6.6331e+00, 1.8993e-01, 
DIAGNOSTIC,Iteration,metricValue,convergenceValue,ITERATION_TIME_INDEX,SINCE_LAST
 2DIAGNOSTIC,     1, -5.308352550981e-01, 1.797693134862e+308, 8.6473e+00, 2.0142e+00, 
 2DIAGNOSTIC,     2, -5.312743803201e-01, 1.797693134862e+308, 9.8642e+00, 1.2169e+00, 
 2DIAGNOSTIC,     3, -5.317778380116e-01, 1.797693134862e+308, 1.1145e+01, 1.2803e+00, 
 2DIAGNOSTIC,     4, -5.323493216238e-01, 1.797693134862e+308, 1.2410e+01, 1.2660e+00, 
 2DIAGNOSTIC,     5, -5.328555208027e-01, 1.797693134862e+308, 1.3649e+01, 1.2388e+00, 
 2DIAGNOSTIC,     6, -5.340382719357e-01, 1.797693134862e+308, 1.6812e+01, 3.1629e+00, 
 2DIAGNOSTIC,     7, -5.340387439754e-01, 1.797693134862e+308, 1.8461e+01, 1.6484e+00, 
 2DIAGNOSTIC,     8, -5.340387176747e-01, 1.797693134862e+308, 2.0388e+01, 1.9275e+00, 
 2DIAGNOSTIC,     9, -5.340386532847e-01, 1.797693134862e+308, 2.1881e+01, 1.4932e+00, 
 2DIAGNOSTIC,    10, -5.340385473330e-01, 4.399399487191e-04, 2.3116e+01, 1.2348e+00, 
 2DIAGNOSTIC,    11, -5.340383268874e-01, 3.168709842474e-04, 2.4363e+01, 1.2474e+00, 
 2DIAGNOSTIC,    12, -5.340382722225e-01, 2.055413333509e-04, 2.5732e+01, 1.3686e+00, 
 2DIAGNOSTIC,    13, -5.340381967250e-01, 1.140598525505e-04, 2.7102e+01, 1.3696e+00, 
 2DIAGNOSTIC,    14, -5.340381322989e-01, 4.727501735859e-05, 2.8326e+01, 1.2248e+00, 
 2DIAGNOSTIC,    15, -5.340381156162e-01, 2.078455298135e-06, 2.9732e+01, 1.4057e+00, 
 2DIAGNOSTIC,    16, -5.340379877059e-01, 1.930066417785e-06, 3.1118e+01, 1.3858e+00, 
 2DIAGNOSTIC,    17, -5.340380198731e-01, 1.820626491136e-06, 3.2493e+01, 1.3750e+00, 
 2DIAGNOSTIC,    18, -5.340378990010e-01, 1.723765518047e-06, 3.4006e+01, 1.5128e+00, 
 2DIAGNOSTIC,    19, -5.340378319965e-01, 1.637718033444e-06, 3.5396e+01, 1.3900e+00, 
 2DIAGNOSTIC,    20, -5.340374978698e-01, 1.552293999785e-06, 3.6786e+01, 1.3900e+00, 
 2DIAGNOSTIC,    21, -5.340373099886e-01, 1.468583426596e-06, 3.8047e+01, 1.2611e+00, 
 2DIAGNOSTIC,    22, -5.340371768430e-01, 1.392436535880e-06, 3.9304e+01, 1.2577e+00, 
 2DIAGNOSTIC,    23, -5.340371361437e-01, 1.325305984498e-06, 4.0687e+01, 1.3830e+00, 
 2DIAGNOSTIC,    24, -5.340366145531e-01, 1.256271298961e-06, 4.2073e+01, 1.3854e+00, 
 2DIAGNOSTIC,    25, -5.340366099215e-01, 1.199355909504e-06, 4.3450e+01, 1.3770e+00, 
 2DIAGNOSTIC,    26, -5.340361589331e-01, 1.141822686491e-06, 4.4831e+01, 1.3813e+00, 
 2DIAGNOSTIC,    27, -5.340362421068e-01, 1.098702528637e-06, 4.6090e+01, 1.2589e+00, 
 2DIAGNOSTIC,    28, -5.340362492061e-01, 1.063890463761e-06, 4.7472e+01, 1.3824e+00, 
 2DIAGNOSTIC,    29, -5.340362064661e-01, 1.036500307937e-06, 4.8739e+01, 1.2662e+00, 
 2DIAGNOSTIC,    30, -5.340360928540e-01, 1.008942726623e-06, 4.9967e+01, 1.2283e+00, 
  Elapsed time (stage 1): 5.0851e+01


Stage 2
  iterations = 100x70x50x20
  convergence threshold = 1.0000e-06
  convergence window size = 10
  number of levels = 4
  using the CC metric (radius = 4, weight = 1.0000e+00, use gradient filter = 0)
  preprocessing:  winsorizing the image intensities
  Shrink factors (level 1 out of 4): [8, 8, 8]
  Shrink factors (level 2 out of 4): [4, 4, 4]
  Shrink factors (level 3 out of 4): [2, 2, 2]
  Shrink factors (level 4 out of 4): [1, 1, 1]
  smoothing sigmas per level: [3, 2, 1, 0]
  Using default NONE metricSamplingStrategy 

*** Running SyN registration (varianceForUpdateField = 3.0000e+00, varianceForTotalField = 0.0000e+00) ***

XXDIAGNOSTIC,Iteration,metricValue,convergenceValue,ITERATION_TIME_INDEX,SINCE_LAST
 1DIAGNOSTIC,     1, -9.250797571718e-01, 1.797693134862e+308, 4.7622e-01, 4.7622e-01, 
 1DIAGNOSTIC,     2, -9.373364450977e-01, 1.797693134862e+308, 6.2993e-01, 1.5372e-01, 
 1DIAGNOSTIC,     3, -9.458402232842e-01, 1.797693134862e+308, 7.8489e-01, 1.5495e-01, 
 1DIAGNOSTIC,     4, -9.503903879714e-01, 1.797693134862e+308, 9.3958e-01, 1.5469e-01, 
 1DIAGNOSTIC,     5, -9.528278784109e-01, 1.797693134862e+308, 1.0933e+00, 1.5376e-01, 
 1DIAGNOSTIC,     6, -9.547980066159e-01, 1.797693134862e+308, 1.2538e+00, 1.6048e-01, 
 1DIAGNOSTIC,     7, -9.572544908801e-01, 1.797693134862e+308, 1.4145e+00, 1.6069e-01, 
 1DIAGNOSTIC,     8, -9.601384091262e-01, 1.797693134862e+308, 1.5717e+00, 1.5722e-01, 
 1DIAGNOSTIC,     9, -9.627928073433e-01, 1.797693134862e+308, 1.7227e+00, 1.5094e-01, 
 1DIAGNOSTIC,    10, -9.650363918073e-01, 2.267069302130e-03, 1.8744e+00, 1.5178e-01, 
 1DIAGNOSTIC,    11, -9.671523893027e-01, 1.606192266892e-03, 2.0240e+00, 1.4960e-01, 
 1DIAGNOSTIC,    12, -9.689432012919e-01, 1.257097623969e-03, 2.1781e+00, 1.5409e-01, 
 1DIAGNOSTIC,    13, -9.697025776570e-01, 1.058442761742e-03, 2.3316e+00, 1.5347e-01, 
 1DIAGNOSTIC,    14, -9.699680882631e-01, 8.942204297372e-04, 2.4855e+00, 1.5388e-01, 
 1DIAGNOSTIC,    15, -9.702935719619e-01, 7.254198954268e-04, 2.6376e+00, 1.5211e-01, 
 1DIAGNOSTIC,    16, -9.706732373291e-01, 5.545922277948e-04, 2.7924e+00, 1.5483e-01, 
 1DIAGNOSTIC,    17, -9.707062488932e-01, 3.956827350012e-04, 2.9469e+00, 1.5450e-01, 
 1DIAGNOSTIC,    18, -9.711671701881e-01, 2.728925461834e-04, 3.1025e+00, 1.5556e-01, 
 1DIAGNOSTIC,    19, -9.710441750542e-01, 1.771268741839e-04, 3.2637e+00, 1.6119e-01, 
 1DIAGNOSTIC,    20, -9.713901975500e-01, 1.126853404274e-04, 3.4161e+00, 1.5244e-01, 
 1DIAGNOSTIC,    21, -9.713277853442e-01, 7.232440146788e-05, 3.5714e+00, 1.5530e-01, 
 1DIAGNOSTIC,    22, -9.716638993006e-01, 5.746096592945e-05, 3.7320e+00, 1.6065e-01, 
 1DIAGNOSTIC,    23, -9.714738643975e-01, 4.585511776817e-05, 3.8868e+00, 1.5473e-01, 
 1DIAGNOSTIC,    24, -9.717140252712e-01, 3.732149904030e-05, 4.0382e+00, 1.5147e-01, 
 1DIAGNOSTIC,    25, -9.716048306952e-01, 2.851405130978e-05, 4.1959e+00, 1.5766e-01, 
 1DIAGNOSTIC,    26, -9.718639177302e-01, 2.512441688967e-05, 4.3479e+00, 1.5197e-01, 
 1DIAGNOSTIC,    27, -9.716518449089e-01, 1.757943524421e-05, 4.5077e+00, 1.5983e-01, 
 1DIAGNOSTIC,    28, -9.718519595852e-01, 1.615328375761e-05, 4.6688e+00, 1.6113e-01, 
 1DIAGNOSTIC,    29, -9.717311158440e-01, 1.080686852892e-05, 4.8253e+00, 1.5642e-01, 
 1DIAGNOSTIC,    30, -9.720133489022e-01, 1.112480486277e-05, 4.9795e+00, 1.5429e-01, 
 1DIAGNOSTIC,    31, -9.717812405807e-01, 7.505414648834e-06, 5.1366e+00, 1.5708e-01, 
 1DIAGNOSTIC,    32, -9.719592917596e-01, 8.385679315201e-06, 5.2946e+00, 1.5800e-01, 
 1DIAGNOSTIC,    33, -9.718384796315e-01, 5.654007965677e-06, 5.4536e+00, 1.5895e-01, 
 1DIAGNOSTIC,    34, -9.720425231790e-01, 6.528393469568e-06, 5.6113e+00, 1.5770e-01, 
 1DIAGNOSTIC,    35, -9.718290403612e-01, 3.985411653463e-06, 5.7633e+00, 1.5199e-01, 
 1DIAGNOSTIC,    36, -9.720175303588e-01, 5.077158260300e-06, 5.9154e+00, 1.5217e-01, 
 1DIAGNOSTIC,    37, -9.718926122923e-01, 2.959929655898e-06, 6.0758e+00, 1.6036e-01, 
 1DIAGNOSTIC,    38, -9.720828235407e-01, 3.824436913071e-06, 6.2320e+00, 1.5616e-01, 
 1DIAGNOSTIC,    39, -9.718642559407e-01, 1.694019689531e-06, 6.3880e+00, 1.5599e-01, 
 1DIAGNOSTIC,    40, -9.720158786658e-01, 2.891544362647e-06, 6.5413e+00, 1.5331e-01, 
 1DIAGNOSTIC,    41, -9.718876909159e-01, 1.181667663930e-06, 6.6956e+00, 1.5430e-01, 
 1DIAGNOSTIC,    42, -9.720703835326e-01, 2.076434780628e-06, 6.8501e+00, 1.5453e-01, 
 1DIAGNOSTIC,    43, -9.718515946205e-01, 4.026425061074e-07, 7.0040e+00, 1.5396e-01, 
XXDIAGNOSTIC,Iteration,metricValue,convergenceValue,ITERATION_TIME_INDEX,SINCE_LAST
 1DIAGNOSTIC,     1, -9.155716483990e-01, 1.797693134862e+308, 8.5659e+00, 1.5618e+00, 
 1DIAGNOSTIC,     2, -9.190343555962e-01, 1.797693134862e+308, 9.8234e+00, 1.2575e+00, 
 1DIAGNOSTIC,     3, -9.224882339485e-01, 1.797693134862e+308, 1.1087e+01, 1.2640e+00, 
 1DIAGNOSTIC,     4, -9.254483475240e-01, 1.797693134862e+308, 1.2350e+01, 1.2629e+00, 
 1DIAGNOSTIC,     5, -9.278999937300e-01, 1.797693134862e+308, 1.3600e+01, 1.2497e+00, 
 1DIAGNOSTIC,     6, -9.299878359403e-01, 1.797693134862e+308, 1.4871e+01, 1.2715e+00, 
 1DIAGNOSTIC,     7, -9.320261217646e-01, 1.797693134862e+308, 1.6109e+01, 1.2373e+00, 
 1DIAGNOSTIC,     8, -9.337375746688e-01, 1.797693134862e+308, 1.7357e+01, 1.2480e+00, 
 1DIAGNOSTIC,     9, -9.353805481318e-01, 1.797693134862e+308, 1.8597e+01, 1.2407e+00, 
 1DIAGNOSTIC,    10, -9.369101779032e-01, 1.440780781121e-03, 1.9839e+01, 1.2412e+00, 
 1DIAGNOSTIC,    11, -9.384317071165e-01, 1.172124521039e-03, 2.1074e+01, 1.2349e+00, 
 1DIAGNOSTIC,    12, -9.396768776464e-01, 9.619673518490e-04, 2.2330e+01, 1.2566e+00, 
 1DIAGNOSTIC,    13, -9.407441564296e-01, 8.027493296957e-04, 2.3575e+01, 1.2450e+00, 
 1DIAGNOSTIC,    14, -9.414905642458e-01, 6.737066010397e-04, 2.4836e+01, 1.2611e+00, 
 1DIAGNOSTIC,    15, -9.421453575243e-01, 5.632409175209e-04, 2.6075e+01, 1.2389e+00, 
 1DIAGNOSTIC,    16, -9.426787092318e-01, 4.644562196628e-04, 2.7320e+01, 1.2445e+00, 
 1DIAGNOSTIC,    17, -9.431235302525e-01, 3.787892148212e-04, 2.8559e+01, 1.2390e+00, 
 1DIAGNOSTIC,    18, -9.435056966308e-01, 3.029048819819e-04, 2.9821e+01, 1.2625e+00, 
 1DIAGNOSTIC,    19, -9.438452485771e-01, 2.385908820519e-04, 3.1074e+01, 1.2529e+00, 
 1DIAGNOSTIC,    20, -9.441455860442e-01, 1.862005404267e-04, 3.2333e+01, 1.2587e+00, 
 1DIAGNOSTIC,    21, -9.444137071657e-01, 1.472316775987e-04, 3.3582e+01, 1.2495e+00, 
 1DIAGNOSTIC,    22, -9.446751238458e-01, 1.187556352599e-04, 3.4823e+01, 1.2405e+00, 
 1DIAGNOSTIC,    23, -9.449159269372e-01, 9.889393701347e-05, 3.6064e+01, 1.2416e+00, 
 1DIAGNOSTIC,    24, -9.451306817923e-01, 8.355736941895e-05, 3.7306e+01, 1.2421e+00, 
 1DIAGNOSTIC,    25, -9.448774806455e-01, 6.649270448165e-05, 3.8554e+01, 1.2479e+00, 
 1DIAGNOSTIC,    26, -9.451090692966e-01, 5.359424946380e-05, 3.9806e+01, 1.2519e+00, 
 1DIAGNOSTIC,    27, -9.448869284857e-01, 3.906687832596e-05, 4.1075e+01, 1.2689e+00, 
 1DIAGNOSTIC,    28, -9.451285521403e-01, 2.873687075246e-05, 4.2329e+01, 1.2539e+00, 
 1DIAGNOSTIC,    29, -9.449329834493e-01, 1.791437262429e-05, 4.3573e+01, 1.2442e+00, 
 1DIAGNOSTIC,    30, -9.451924111786e-01, 1.195066774728e-05, 4.4834e+01, 1.2607e+00, 
 1DIAGNOSTIC,    31, -9.449773345538e-01, 5.774559355201e-06, 4.6082e+01, 1.2480e+00, 
 1DIAGNOSTIC,    32, -9.452450780616e-01, 4.540828662740e-06, 4.7329e+01, 1.2477e+00, 
 1DIAGNOSTIC,    33, -9.450195692990e-01, 3.059071247931e-06, 4.8579e+01, 1.2491e+00, 
 1DIAGNOSTIC,    34, -9.452998913803e-01, 5.998332099279e-06, 4.9821e+01, 1.2425e+00, 
 1DIAGNOSTIC,    35, -9.450337193674e-01, 3.671961104561e-06, 5.1075e+01, 1.2537e+00, 
 1DIAGNOSTIC,    36, -9.453298409191e-01, 5.774667789272e-06, 5.2317e+01, 1.2420e+00, 
 1DIAGNOSTIC,    37, -9.450694995187e-01, 3.230940542786e-06, 5.3558e+01, 1.2415e+00, 
 1DIAGNOSTIC,    38, -9.453701087043e-01, 5.020696782643e-06, 5.4815e+01, 1.2564e+00, 
 1DIAGNOSTIC,    39, -9.450715738319e-01, 2.369081924622e-06, 5.6054e+01, 1.2392e+00, 
 1DIAGNOSTIC,    40, -9.453671443183e-01, 4.018749769095e-06, 5.7305e+01, 1.2515e+00, 
 1DIAGNOSTIC,    41, -9.451127409418e-01, 1.700842821473e-06, 5.8550e+01, 1.2445e+00, 
 1DIAGNOSTIC,    42, -9.454032738762e-01, 3.521853091163e-06, 5.9802e+01, 1.2524e+00, 
 1DIAGNOSTIC,    43, -9.450911190221e-01, 1.102961903598e-06, 6.1050e+01, 1.2476e+00, 
 1DIAGNOSTIC,    44, -9.453868971313e-01, 2.840753582686e-06, 6.2315e+01, 1.2654e+00, 
 1DIAGNOSTIC,    45, -9.451419277512e-01, 7.516631179774e-07, 6.3595e+01, 1.2799e+00, 
XXDIAGNOSTIC,Iteration,metricValue,convergenceValue,ITERATION_TIME_INDEX,SINCE_LAST
 1DIAGNOSTIC,     1, -8.968306035476e-01, 1.797693134862e+308, 7.4015e+01, 1.0420e+01, 
 1DIAGNOSTIC,     2, -8.992976055460e-01, 1.797693134862e+308, 8.4057e+01, 1.0042e+01, 
 1DIAGNOSTIC,     3, -9.026158412538e-01, 1.797693134862e+308, 9.4250e+01, 1.0193e+01, 
 1DIAGNOSTIC,     4, -9.053499197411e-01, 1.797693134862e+308, 1.0444e+02, 1.0190e+01, 
 1DIAGNOSTIC,     5, -9.076926424418e-01, 1.797693134862e+308, 1.1454e+02, 1.0099e+01, 
 1DIAGNOSTIC,     6, -9.096416333770e-01, 1.797693134862e+308, 1.2457e+02, 1.0029e+01, 
 1DIAGNOSTIC,     7, -9.113183508274e-01, 1.797693134862e+308, 1.3475e+02, 1.0182e+01, 
 1DIAGNOSTIC,     8, -9.130576533269e-01, 1.797693134862e+308, 1.4485e+02, 1.0098e+01, 
 1DIAGNOSTIC,     9, -9.144830334155e-01, 1.797693134862e+308, 1.5500e+02, 1.0156e+01, 
 1DIAGNOSTIC,    10, -9.156864311850e-01, 1.335978411414e-03, 1.6518e+02, 1.0176e+01, 
 1DIAGNOSTIC,    11, -9.168958366494e-01, 1.089663181863e-03, 1.7529e+02, 1.0108e+01, 
 1DIAGNOSTIC,    12, -9.177326006134e-01, 8.717409359475e-04, 1.8539e+02, 1.0104e+01, 
 1DIAGNOSTIC,    13, -9.187916973564e-01, 7.131550455472e-04, 1.9557e+02, 1.0181e+01, 
 1DIAGNOSTIC,    14, -9.195238137148e-01, 5.890059086203e-04, 2.0569e+02, 1.0120e+01, 
 1DIAGNOSTIC,    15, -9.203941528995e-01, 4.941427480385e-04, 2.1589e+02, 1.0200e+01, 
 1DIAGNOSTIC,    16, -9.211819886137e-01, 4.188507669421e-04, 2.2586e+02, 9.9650e+00, 
 1DIAGNOSTIC,    17, -9.218022504122e-01, 3.555639253391e-04, 2.3613e+02, 1.0277e+01, 
 1DIAGNOSTIC,    18, -9.223938642143e-01, 3.065983822492e-04, 2.4626e+02, 1.0129e+01, 
 1DIAGNOSTIC,    19, -9.229723460650e-01, 2.670402645121e-04, 2.5638e+02, 1.0116e+01, 
 1DIAGNOSTIC,    20, -9.235408922916e-01, 2.339525203762e-04, 2.6646e+02, 1.0080e+01, 
 1DIAGNOSTIC,    21, -9.240967965568e-01, 2.082674906839e-04, 2.7667e+02, 1.0208e+01, 
 1DIAGNOSTIC,    22, -9.246219686807e-01, 1.845518266963e-04, 2.8679e+02, 1.0118e+01, 
 1DIAGNOSTIC,    23, -9.251198828460e-01, 1.666588203246e-04, 2.9708e+02, 1.0293e+01, 
 1DIAGNOSTIC,    24, -9.255973324807e-01, 1.501868926711e-04, 3.0724e+02, 1.0158e+01, 
 1DIAGNOSTIC,    25, -9.260561036916e-01, 1.373343256888e-04, 3.1747e+02, 1.0235e+01, 
 1DIAGNOSTIC,    26, -9.265020093955e-01, 1.272334607743e-04, 3.2749e+02, 1.0012e+01, 
 1DIAGNOSTIC,    27, -9.269314244565e-01, 1.179229001445e-04, 3.3765e+02, 1.0166e+01, 
 1DIAGNOSTIC,    28, -9.273423706777e-01, 1.092330484639e-04, 3.4775e+02, 1.0104e+01, 
 1DIAGNOSTIC,    29, -9.277385721474e-01, 1.012232061573e-04, 3.5797e+02, 1.0212e+01, 
 1DIAGNOSTIC,    30, -9.281058413711e-01, 9.382044877410e-05, 3.6813e+02, 1.0162e+01, 
 1DIAGNOSTIC,    31, -9.284428189541e-01, 8.692416311626e-05, 3.7826e+02, 1.0132e+01, 
 1DIAGNOSTIC,    32, -9.287572274409e-01, 8.034364550739e-05, 3.8849e+02, 1.0226e+01, 
 1DIAGNOSTIC,    33, -9.290330219371e-01, 7.380021430568e-05, 3.9852e+02, 1.0031e+01, 
 1DIAGNOSTIC,    34, -9.292538386676e-01, 6.700040014098e-05, 4.0868e+02, 1.0165e+01, 
 1DIAGNOSTIC,    35, -9.294082484615e-01, 5.966414317771e-05, 4.1888e+02, 1.0202e+01, 
 1DIAGNOSTIC,    36, -9.295177702186e-01, 5.186606752376e-05, 4.2898e+02, 1.0095e+01, 
 1DIAGNOSTIC,    37, -9.296034470522e-01, 4.389094065046e-05, 4.3916e+02, 1.0182e+01, 
 1DIAGNOSTIC,    38, -9.296745710708e-01, 3.610576988069e-05, 4.4933e+02, 1.0171e+01, 
 1DIAGNOSTIC,    39, -9.297437878762e-01, 2.900114819534e-05, 4.5954e+02, 1.0208e+01, 
 1DIAGNOSTIC,    40, -9.298207725687e-01, 2.295790636518e-05, 4.6967e+02, 1.0134e+01, 
 1DIAGNOSTIC,    41, -9.299089506583e-01, 1.825992710892e-05, 4.7988e+02, 1.0205e+01, 
 1DIAGNOSTIC,    42, -9.300208033406e-01, 1.521090709485e-05, 4.9012e+02, 1.0239e+01, 
 1DIAGNOSTIC,    43, -9.301631560773e-01, 1.388567331420e-05, 5.0026e+02, 1.0142e+01, 
 1DIAGNOSTIC,    44, -9.303443479119e-01, 1.414945224958e-05, 5.1038e+02, 1.0115e+01, 
 1DIAGNOSTIC,    45, -9.305204562650e-01, 1.535156685489e-05, 5.2052e+02, 1.0148e+01, 
 1DIAGNOSTIC,    46, -9.306933765194e-01, 1.697135640651e-05, 5.3082e+02, 1.0292e+01, 
 1DIAGNOSTIC,    47, -9.308684462664e-01, 1.865650672604e-05, 5.4110e+02, 1.0285e+01, 
 1DIAGNOSTIC,    48, -9.310248832135e-01, 1.998977430566e-05, 5.5130e+02, 1.0197e+01, 
 1DIAGNOSTIC,    49, -9.311646069154e-01, 2.071089016386e-05, 5.6146e+02, 1.0158e+01, 
 1DIAGNOSTIC,    50, -9.312903355661e-01, 2.071432671560e-05, 5.7165e+02, 1.0191e+01, 
XXDIAGNOSTIC,Iteration,metricValue,convergenceValue,ITERATION_TIME_INDEX,SINCE_LAST
 1DIAGNOSTIC,     1, -8.857277665958e-01, 1.797693134862e+308, 6.6083e+02, 8.9185e+01, 
 1DIAGNOSTIC,     2, -8.867828544115e-01, 1.797693134862e+308, 7.4896e+02, 8.8124e+01, 
 1DIAGNOSTIC,     3, -8.882706185672e-01, 1.797693134862e+308, 8.3637e+02, 8.7419e+01, 
 1DIAGNOSTIC,     4, -8.897149582689e-01, 1.797693134862e+308, 9.2293e+02, 8.6560e+01, 
 1DIAGNOSTIC,     5, -8.910623489861e-01, 1.797693134862e+308, 1.0093e+03, 8.6330e+01, 
 1DIAGNOSTIC,     6, -8.923597711984e-01, 1.797693134862e+308, 1.0961e+03, 8.6795e+01, 
 1DIAGNOSTIC,     7, -8.936166908067e-01, 1.797693134862e+308, 1.1829e+03, 8.6867e+01, 
 1DIAGNOSTIC,     8, -8.947920462130e-01, 1.797693134862e+308, 1.2714e+03, 8.8445e+01, 
 1DIAGNOSTIC,     9, -8.958810753877e-01, 1.797693134862e+308, 1.3591e+03, 8.7684e+01, 
 1DIAGNOSTIC,    10, -8.968056911677e-01, 8.206085995007e-04, 1.4467e+03, 8.7639e+01, 
 1DIAGNOSTIC,    11, -8.976850627356e-01, 7.164579544255e-04, 1.5337e+03, 8.7017e+01, 
 1DIAGNOSTIC,    12, -8.984607756720e-01, 6.135592762321e-04, 1.6211e+03, 8.7398e+01, 
 1DIAGNOSTIC,    13, -8.993185130661e-01, 5.281216009458e-04, 1.7083e+03, 8.7158e+01, 
 1DIAGNOSTIC,    14, -9.000621280319e-01, 4.562542224531e-04, 1.7952e+03, 8.6893e+01, 
 1DIAGNOSTIC,    15, -9.007586402166e-01, 3.953918368725e-04, 1.8845e+03, 8.9350e+01, 
 1DIAGNOSTIC,    16, -9.014284980419e-01, 3.447513053138e-04, 1.9731e+03, 8.8617e+01, 
 1DIAGNOSTIC,    17, -9.020731052631e-01, 3.036363424542e-04, 2.0606e+03, 8.7438e+01, 
 1DIAGNOSTIC,    18, -9.027025850590e-01, 2.706362013044e-04, 2.1483e+03, 8.7691e+01, 
 1DIAGNOSTIC,    19, -9.033121751454e-01, 2.442379590251e-04, 2.2369e+03, 8.8673e+01, 
 1DIAGNOSTIC,    20, -9.039060095578e-01, 2.217502371400e-04, 2.3237e+03, 8.6781e+01, 
  Elapsed time (stage 2): 2325


Total elapsed time: 2416
