All_Command_lines_OK
Using double precision for computations.
=============================================================================
The composite transform comprises the following transforms (in order): 
  1. Center of mass alignment using fixed image: /templateflow/tpl-MNI152NLin2009cAsym/tpl-MNI152NLin2009cAsym_res-01_desc-brain_T1w.nii.gz and moving image: /mnt/lustre/mathdugre/ants-amp/datasets/corr/RawDataBIDS/BMB_1/derivatives/antsBrainExtraction/sub-0003014/BrainExtractionBrain.nii.gz (type = Euler3DTransform)
=============================================================================
  number of levels = 4
  number of levels = 4
  number of levels = 4
  fixed image: /templateflow/tpl-MNI152NLin2009cAsym/tpl-MNI152NLin2009cAsym_res-01_desc-brain_T1w.nii.gz
  moving image: /mnt/lustre/mathdugre/ants-amp/datasets/corr/RawDataBIDS/BMB_1/derivatives/antsBrainExtraction/sub-0003014/BrainExtractionBrain.nii.gz
  fixed image: /templateflow/tpl-MNI152NLin2009cAsym/tpl-MNI152NLin2009cAsym_res-01_desc-brain_T1w.nii.gz
  moving image: /mnt/lustre/mathdugre/ants-amp/datasets/corr/RawDataBIDS/BMB_1/derivatives/antsBrainExtraction/sub-0003014/BrainExtractionBrain.nii.gz
  fixed image: /templateflow/tpl-MNI152NLin2009cAsym/tpl-MNI152NLin2009cAsym_res-01_desc-brain_T1w.nii.gz
  moving image: /mnt/lustre/mathdugre/ants-amp/datasets/corr/RawDataBIDS/BMB_1/derivatives/antsBrainExtraction/sub-0003014/BrainExtractionBrain.nii.gz
Dimension = 3
Number of stages = 3
Use histogram matching = false
Winsorize image intensities = true
  Lower quantile = 0.005
  Upper quantile = 0.995


Stage 1 State
   Image metric = MattesMI
     Fixed image = Image (0x55df7b92e360)
  RTTI typeinfo:   itk::Image<double, 3u>
  Reference Count: 2
  Modified Time: 2372
  Debug: Off
  Object Name: 
  Observers: 
    none
  Source: (none)
  Source output name: (none)
  Release Data: Off
  Data Released: False
  Global Release Data: Off
  PipelineMTime: 0
  UpdateMTime: 1981
  RealTimeStamp: 0 seconds 
  LargestPossibleRegion: 
    Dimension: 3
    Index: [0, 0, 0]
    Size: [193, 229, 193]
  BufferedRegion: 
    Dimension: 3
    Index: [0, 0, 0]
    Size: [193, 229, 193]
  RequestedRegion: 
    Dimension: 3
    Index: [0, 0, 0]
    Size: [193, 229, 193]
  Spacing: [1, 1, 1]
  Origin: [96, 132, -78]
  Direction: 
-1 0 0
0 -1 0
0 0 1

  IndexToPointMatrix: 
-1 0 0
0 -1 0
0 0 1

  PointToIndexMatrix: 
-1 0 0
0 -1 0
0 0 1

  Inverse Direction: 
-1 0 0
0 -1 0
0 0 1

  PixelContainer: 
    ImportImageContainer (0x55df7b931c80)
      RTTI typeinfo:   itk::ImportImageContainer<unsigned long, double>
      Reference Count: 1
      Modified Time: 1978
      Debug: Off
      Object Name: 
      Observers: 
        none
      Pointer: 0x7fe72c068010
      Container manages memory: true
      Size: 8530021
      Capacity: 8530021

     Moving image = Image (0x55df7ba3b340)
  RTTI typeinfo:   itk::Image<double, 3u>
  Reference Count: 2
  Modified Time: 2373
  Debug: Off
  Object Name: 
  Observers: 
    none
  Source: (none)
  Source output name: (none)
  Release Data: Off
  Data Released: False
  Global Release Data: Off
  PipelineMTime: 0
  UpdateMTime: 2370
  RealTimeStamp: 0 seconds 
  LargestPossibleRegion: 
    Dimension: 3
    Index: [0, 0, 0]
    Size: [176, 256, 256]
  BufferedRegion: 
    Dimension: 3
    Index: [0, 0, 0]
    Size: [176, 256, 256]
  RequestedRegion: 
    Dimension: 3
    Index: [0, 0, 0]
    Size: [176, 256, 256]
  Spacing: [1, 1, 1]
  Origin: [-96.6479, 111.19, -120.947]
  Direction: 
1 0 0
0 -1 0
0 0 1

  IndexToPointMatrix: 
1 0 0
0 -1 0
0 0 1

  PointToIndexMatrix: 
1 0 0
0 -1 0
0 0 1

  Inverse Direction: 
1 0 0
0 -1 0
0 0 1

  PixelContainer: 
    ImportImageContainer (0x55df7babe3d0)
      RTTI typeinfo:   itk::ImportImageContainer<unsigned long, double>
      Reference Count: 1
      Modified Time: 2367
      Debug: Off
      Object Name: 
      Observers: 
        none
      Pointer: 0x7fe726867010
      Container manages memory: true
      Size: 11534336
      Capacity: 11534336

     Weighting = 1
     Sampling strategy = regular
     Number of bins = 32
     Radius = 4
     Sampling percentage  = 0.25
   Transform = Rigid
     Gradient step = 0.1
     Update field sigma (voxel space) = 0
     Total field sigma (voxel space) = 0
     Update field time sigma = 0
     Total field time sigma  = 0
     Number of time indices = 0
     Number of time point samples = 0
Stage 2 State
   Image metric = MattesMI
     Fixed image = Image (0x55df7ba39d00)
  RTTI typeinfo:   itk::Image<double, 3u>
  Reference Count: 2
  Modified Time: 3150
  Debug: Off
  Object Name: 
  Observers: 
    none
  Source: (none)
  Source output name: (none)
  Release Data: Off
  Data Released: False
  Global Release Data: Off
  PipelineMTime: 0
  UpdateMTime: 2759
  RealTimeStamp: 0 seconds 
  LargestPossibleRegion: 
    Dimension: 3
    Index: [0, 0, 0]
    Size: [193, 229, 193]
  BufferedRegion: 
    Dimension: 3
    Index: [0, 0, 0]
    Size: [193, 229, 193]
  RequestedRegion: 
    Dimension: 3
    Index: [0, 0, 0]
    Size: [193, 229, 193]
  Spacing: [1, 1, 1]
  Origin: [96, 132, -78]
  Direction: 
-1 0 0
0 -1 0
0 0 1

  IndexToPointMatrix: 
-1 0 0
0 -1 0
0 0 1

  PointToIndexMatrix: 
-1 0 0
0 -1 0
0 0 1

  Inverse Direction: 
-1 0 0
0 -1 0
0 0 1

  PixelContainer: 
    ImportImageContainer (0x55df7ba29b50)
      RTTI typeinfo:   itk::ImportImageContainer<unsigned long, double>
      Reference Count: 1
      Modified Time: 2756
      Debug: Off
      Object Name: 
      Observers: 
        none
      Pointer: 0x7fe722752010
      Container manages memory: true
      Size: 8530021
      Capacity: 8530021

     Moving image = Image (0x55df7b981280)
  RTTI typeinfo:   itk::Image<double, 3u>
  Reference Count: 2
  Modified Time: 3151
  Debug: Off
  Object Name: 
  Observers: 
    none
  Source: (none)
  Source output name: (none)
  Release Data: Off
  Data Released: False
  Global Release Data: Off
  PipelineMTime: 0
  UpdateMTime: 3148
  RealTimeStamp: 0 seconds 
  LargestPossibleRegion: 
    Dimension: 3
    Index: [0, 0, 0]
    Size: [176, 256, 256]
  BufferedRegion: 
    Dimension: 3
    Index: [0, 0, 0]
    Size: [176, 256, 256]
  RequestedRegion: 
    Dimension: 3
    Index: [0, 0, 0]
    Size: [176, 256, 256]
  Spacing: [1, 1, 1]
  Origin: [-96.6479, 111.19, -120.947]
  Direction: 
1 0 0
0 -1 0
0 0 1

  IndexToPointMatrix: 
1 0 0
0 -1 0
0 0 1

  PointToIndexMatrix: 
1 0 0
0 -1 0
0 0 1

  Inverse Direction: 
1 0 0
0 -1 0
0 0 1

  PixelContainer: 
    ImportImageContainer (0x55df7bafe450)
      RTTI typeinfo:   itk::ImportImageContainer<unsigned long, double>
      Reference Count: 1
      Modified Time: 3145
      Debug: Off
      Object Name: 
      Observers: 
        none
      Pointer: 0x7fe71cf51010
      Container manages memory: true
      Size: 11534336
      Capacity: 11534336

     Weighting = 1
     Sampling strategy = regular
     Number of bins = 32
     Radius = 4
     Sampling percentage  = 0.25
   Transform = Affine
     Gradient step = 0.1
     Update field sigma (voxel space) = 0
     Total field sigma (voxel space) = 0
     Update field time sigma = 0
     Total field time sigma  = 0
     Number of time indices = 0
     Number of time point samples = 0
Stage 3 State
   Image metric = CC
     Fixed image = Image (0x55df7b980c80)
  RTTI typeinfo:   itk::Image<double, 3u>
  Reference Count: 2
  Modified Time: 3928
  Debug: Off
  Object Name: 
  Observers: 
    none
  Source: (none)
  Source output name: (none)
  Release Data: Off
  Data Released: False
  Global Release Data: Off
  PipelineMTime: 0
  UpdateMTime: 3537
  RealTimeStamp: 0 seconds 
  LargestPossibleRegion: 
    Dimension: 3
    Index: [0, 0, 0]
    Size: [193, 229, 193]
  BufferedRegion: 
    Dimension: 3
    Index: [0, 0, 0]
    Size: [193, 229, 193]
  RequestedRegion: 
    Dimension: 3
    Index: [0, 0, 0]
    Size: [193, 229, 193]
  Spacing: [1, 1, 1]
  Origin: [96, 132, -78]
  Direction: 
-1 0 0
0 -1 0
0 0 1

  IndexToPointMatrix: 
-1 0 0
0 -1 0
0 0 1

  PointToIndexMatrix: 
-1 0 0
0 -1 0
0 0 1

  Inverse Direction: 
-1 0 0
0 -1 0
0 0 1

  PixelContainer: 
    ImportImageContainer (0x55df7ba36470)
      RTTI typeinfo:   itk::ImportImageContainer<unsigned long, double>
      Reference Count: 1
      Modified Time: 3534
      Debug: Off
      Object Name: 
      Observers: 
        none
      Pointer: 0x7fe718e3c010
      Container manages memory: true
      Size: 8530021
      Capacity: 8530021

     Moving image = Image (0x55df7ba3a1d0)
  RTTI typeinfo:   itk::Image<double, 3u>
  Reference Count: 2
  Modified Time: 3929
  Debug: Off
  Object Name: 
  Observers: 
    none
  Source: (none)
  Source output name: (none)
  Release Data: Off
  Data Released: False
  Global Release Data: Off
  PipelineMTime: 0
  UpdateMTime: 3926
  RealTimeStamp: 0 seconds 
  LargestPossibleRegion: 
    Dimension: 3
    Index: [0, 0, 0]
    Size: [176, 256, 256]
  BufferedRegion: 
    Dimension: 3
    Index: [0, 0, 0]
    Size: [176, 256, 256]
  RequestedRegion: 
    Dimension: 3
    Index: [0, 0, 0]
    Size: [176, 256, 256]
  Spacing: [1, 1, 1]
  Origin: [-96.6479, 111.19, -120.947]
  Direction: 
1 0 0
0 -1 0
0 0 1

  IndexToPointMatrix: 
1 0 0
0 -1 0
0 0 1

  PointToIndexMatrix: 
1 0 0
0 -1 0
0 0 1

  Inverse Direction: 
1 0 0
0 -1 0
0 0 1

  PixelContainer: 
    ImportImageContainer (0x55df7bb3e550)
      RTTI typeinfo:   itk::ImportImageContainer<unsigned long, double>
      Reference Count: 1
      Modified Time: 3923
      Debug: Off
      Object Name: 
      Observers: 
        none
      Pointer: 0x7fe71363b010
      Container manages memory: true
      Size: 11534336
      Capacity: 11534336

     Weighting = 1
     Sampling strategy = none
     Number of bins = 32
     Radius = 4
     Sampling percentage  = 1
   Transform = SyN
     Gradient step = 0.1
     Update field sigma (voxel space) = 3
     Total field sigma (voxel space) = 0
     Update field time sigma = 0
     Total field time sigma  = 0
     Number of time indices = 0
     Number of time point samples = 0
Registration using 3 total stages.

Stage 0
  iterations = 1000x500x250x100
  convergence threshold = 1e-06
  convergence window size = 10
  number of levels = 4
  using the Mattes MI metric (number of bins = 32, weight = 1, use gradient filter = 0)
  preprocessing:  winsorizing the image intensities
  Shrink factors (level 1 out of 4): [8, 8, 8]
  Shrink factors (level 2 out of 4): [4, 4, 4]
  Shrink factors (level 3 out of 4): [2, 2, 2]
  Shrink factors (level 4 out of 4): [1, 1, 1]
  smoothing sigmas per level: [3, 2, 1, 0]
  regular sampling (percentage = 0.25)

*** Running Euler3DTransform registration ***

DIAGNOSTIC,Iteration,metricValue,convergenceValue,ITERATION_TIME_INDEX,SINCE_LAST
 2DIAGNOSTIC,     1, -6.677871831666e-01, 1.797693134862e+308, 3.5843e-01, 3.5843e-01, 
 2DIAGNOSTIC,     2, -6.702631480311e-01, 1.797693134862e+308, 3.6144e-01, 3.0019e-03, 
 2DIAGNOSTIC,     3, -6.735363091055e-01, 1.797693134862e+308, 3.6415e-01, 2.7132e-03, 
 2DIAGNOSTIC,     4, -6.784987295104e-01, 1.797693134862e+308, 3.6739e-01, 3.2399e-03, 
 2DIAGNOSTIC,     5, -6.783302552922e-01, 1.797693134862e+308, 3.7031e-01, 2.9230e-03, 
 2DIAGNOSTIC,     6, -6.783057961580e-01, 1.797693134862e+308, 3.7363e-01, 3.3190e-03, 
 2DIAGNOSTIC,     7, -6.782295035174e-01, 1.797693134862e+308, 3.7647e-01, 2.8369e-03, 
 2DIAGNOSTIC,     8, -6.781640377443e-01, 1.797693134862e+308, 3.7929e-01, 2.8181e-03, 
 2DIAGNOSTIC,     9, -6.781115690938e-01, 1.797693134862e+308, 3.8216e-01, 2.8720e-03, 
 2DIAGNOSTIC,    10, -6.781816521649e-01, 8.597028270718e-04, 3.8634e-01, 4.1840e-03, 
 2DIAGNOSTIC,    11, -6.781676750838e-01, 4.461753432180e-04, 3.8948e-01, 3.1400e-03, 
 2DIAGNOSTIC,    12, -6.781886333363e-01, 1.482456106918e-04, 3.9262e-01, 3.1340e-03, 
DIAGNOSTIC,Iteration,metricValue,convergenceValue,ITERATION_TIME_INDEX,SINCE_LAST
 2DIAGNOSTIC,     1, -5.700975946019e-01, 1.797693134862e+308, 7.6385e-01, 3.7124e-01, 
 2DIAGNOSTIC,     2, -5.710312796523e-01, 1.797693134862e+308, 7.8421e-01, 2.0353e-02, 
 2DIAGNOSTIC,     3, -5.721763711256e-01, 1.797693134862e+308, 8.0500e-01, 2.0795e-02, 
 2DIAGNOSTIC,     4, -5.730520783594e-01, 1.797693134862e+308, 8.2382e-01, 1.8815e-02, 
 2DIAGNOSTIC,     5, -5.736060337647e-01, 1.797693134862e+308, 8.4192e-01, 1.8102e-02, 
 2DIAGNOSTIC,     6, -5.739379165510e-01, 1.797693134862e+308, 8.5946e-01, 1.7542e-02, 
 2DIAGNOSTIC,     7, -5.742399482896e-01, 1.797693134862e+308, 8.7980e-01, 2.0340e-02, 
 2DIAGNOSTIC,     8, -5.748308769167e-01, 1.797693134862e+308, 9.1518e-01, 3.5379e-02, 
 2DIAGNOSTIC,     9, -5.748494712959e-01, 1.797693134862e+308, 9.4421e-01, 2.9026e-02, 
 2DIAGNOSTIC,    10, -5.748438855680e-01, 5.264749586086e-04, 9.6684e-01, 2.2637e-02, 
 2DIAGNOSTIC,    11, -5.748364622264e-01, 3.642319567180e-04, 9.8678e-01, 1.9933e-02, 
 2DIAGNOSTIC,    12, -5.748305008496e-01, 2.341280857482e-04, 1.0098e+00, 2.3057e-02, 
 2DIAGNOSTIC,    13, -5.748241341193e-01, 1.456632687364e-04, 1.0310e+00, 2.1182e-02, 
 2DIAGNOSTIC,    14, -5.748196708562e-01, 8.734832700108e-05, 1.0542e+00, 2.3177e-02, 
 2DIAGNOSTIC,    15, -5.748145924654e-01, 4.730643174264e-05, 1.0739e+00, 1.9739e-02, 
 2DIAGNOSTIC,    16, -5.748023510668e-01, 1.799636659743e-05, 1.0955e+00, 2.1535e-02, 
DIAGNOSTIC,Iteration,metricValue,convergenceValue,ITERATION_TIME_INDEX,SINCE_LAST
 2DIAGNOSTIC,     1, -5.006688010384e-01, 1.797693134862e+308, 1.6777e+00, 5.8222e-01, 
 2DIAGNOSTIC,     2, -5.009487752505e-01, 1.797693134862e+308, 1.8109e+00, 1.3321e-01, 
 2DIAGNOSTIC,     3, -5.011985431235e-01, 1.797693134862e+308, 1.9405e+00, 1.2961e-01, 
 2DIAGNOSTIC,     4, -5.014548379188e-01, 1.797693134862e+308, 2.0729e+00, 1.3236e-01, 
 2DIAGNOSTIC,     5, -5.017619865419e-01, 1.797693134862e+308, 2.2087e+00, 1.3588e-01, 
 2DIAGNOSTIC,     6, -5.019772345633e-01, 1.797693134862e+308, 2.4169e+00, 2.0819e-01, 
 2DIAGNOSTIC,     7, -5.019804085014e-01, 1.797693134862e+308, 2.5696e+00, 1.5264e-01, 
 2DIAGNOSTIC,     8, -5.019822451626e-01, 1.797693134862e+308, 2.7233e+00, 1.5378e-01, 
 2DIAGNOSTIC,     9, -5.019920708195e-01, 1.797693134862e+308, 2.8587e+00, 1.3537e-01, 
 2DIAGNOSTIC,    10, -5.020032240279e-01, 1.775291522389e-04, 2.9938e+00, 1.3509e-01, 
 2DIAGNOSTIC,    11, -5.020267425396e-01, 1.193734422682e-04, 3.1282e+00, 1.3439e-01, 
 2DIAGNOSTIC,    12, -5.020625567800e-01, 7.536737889695e-05, 3.2620e+00, 1.3383e-01, 
 2DIAGNOSTIC,    13, -5.020830080330e-01, 4.331249195988e-05, 3.4313e+00, 1.6923e-01, 
 2DIAGNOSTIC,    14, -5.020993898337e-01, 2.291280821262e-05, 3.6938e+00, 2.6259e-01, 
 2DIAGNOSTIC,    15, -5.020989262091e-01, 1.470314647652e-05, 3.8476e+00, 1.5371e-01, 
 2DIAGNOSTIC,    16, -5.020982896390e-01, 1.396622849557e-05, 3.9988e+00, 1.5129e-01, 
 2DIAGNOSTIC,    17, -5.020976046237e-01, 1.228835323334e-05, 4.1547e+00, 1.5582e-01, 
 2DIAGNOSTIC,    18, -5.020957595291e-01, 9.825079446961e-06, 4.2886e+00, 1.3393e-01, 
 2DIAGNOSTIC,    19, -5.020961062196e-01, 7.184742186736e-06, 4.4214e+00, 1.3280e-01, 
 2DIAGNOSTIC,    20, -5.020956571113e-01, 4.599605677912e-06, 4.5793e+00, 1.5790e-01, 
 2DIAGNOSTIC,    21, -5.020963338911e-01, 2.619253515142e-06, 4.7144e+00, 1.3511e-01, 
 2DIAGNOSTIC,    22, -5.020953999636e-01, 1.603666316921e-06, 4.8684e+00, 1.5405e-01, 
 2DIAGNOSTIC,    23, -5.020960883915e-01, 1.171739317851e-06, 5.0006e+00, 1.3213e-01, 
 2DIAGNOSTIC,    24, -5.020930580822e-01, 1.110186790929e-06, 5.1555e+00, 1.5492e-01, 
 2DIAGNOSTIC,    25, -5.020940786451e-01, 1.087871905350e-06, 5.2903e+00, 1.3480e-01, 
 2DIAGNOSTIC,    26, -5.020926916161e-01, 1.039350868530e-06, 5.4611e+00, 1.7081e-01, 
DIAGNOSTIC,Iteration,metricValue,convergenceValue,ITERATION_TIME_INDEX,SINCE_LAST
 2DIAGNOSTIC,     1, -4.577595550111e-01, 1.797693134862e+308, 7.0597e+00, 1.5986e+00, 
 2DIAGNOSTIC,     2, -4.579515109293e-01, 1.797693134862e+308, 7.8773e+00, 8.1758e-01, 
 2DIAGNOSTIC,     3, -4.580128766317e-01, 1.797693134862e+308, 8.7498e+00, 8.7248e-01, 
 2DIAGNOSTIC,     4, -4.580503552782e-01, 1.797693134862e+308, 9.6323e+00, 8.8253e-01, 
 2DIAGNOSTIC,     5, -4.581015310630e-01, 1.797693134862e+308, 1.0624e+01, 9.9151e-01, 
 2DIAGNOSTIC,     6, -4.581132071156e-01, 1.797693134862e+308, 1.1605e+01, 9.8081e-01, 
 2DIAGNOSTIC,     7, -4.581127265613e-01, 1.797693134862e+308, 1.2803e+01, 1.1983e+00, 
 2DIAGNOSTIC,     8, -4.581170974625e-01, 1.797693134862e+308, 1.3682e+01, 8.7936e-01, 
 2DIAGNOSTIC,     9, -4.581455743999e-01, 1.797693134862e+308, 1.4564e+01, 8.8216e-01, 
 2DIAGNOSTIC,    10, -4.581888283583e-01, 4.680171907387e-05, 1.5436e+01, 8.7152e-01, 
 2DIAGNOSTIC,    11, -4.582600671362e-01, 3.314207986696e-05, 1.6311e+01, 8.7547e-01, 
 2DIAGNOSTIC,    12, -4.583099481942e-01, 3.146922300469e-05, 1.7405e+01, 1.0936e+00, 
 2DIAGNOSTIC,    13, -4.583350748965e-01, 3.156466286355e-05, 1.9461e+01, 2.0556e+00, 
 2DIAGNOSTIC,    14, -4.583350995818e-01, 3.062163726875e-05, 2.0443e+01, 9.8198e-01, 
 2DIAGNOSTIC,    15, -4.583348476696e-01, 2.931174935621e-05, 2.1428e+01, 9.8574e-01, 
 2DIAGNOSTIC,    16, -4.583346770692e-01, 2.609499983861e-05, 2.2423e+01, 9.9511e-01, 
 2DIAGNOSTIC,    17, -4.583348405630e-01, 2.101592828205e-05, 2.3410e+01, 9.8608e-01, 
 2DIAGNOSTIC,    18, -4.583348732648e-01, 1.489306759291e-05, 2.4384e+01, 9.7474e-01, 
 2DIAGNOSTIC,    19, -4.583345665408e-01, 9.129344190395e-06, 2.5362e+01, 9.7779e-01, 
 2DIAGNOSTIC,    20, -4.583346004904e-01, 4.560538559559e-06, 2.6348e+01, 9.8581e-01, 
 2DIAGNOSTIC,    21, -4.583343050409e-01, 2.212499590939e-06, 2.7333e+01, 9.8492e-01, 
 2DIAGNOSTIC,    22, -4.583342223849e-01, 1.396520667274e-06, 2.8320e+01, 9.8687e-01, 
 2DIAGNOSTIC,    23, -4.583341292871e-01, 1.331087937907e-06, 2.9309e+01, 9.8952e-01, 
 2DIAGNOSTIC,    24, -4.583339220325e-01, 1.271544976228e-06, 3.0182e+01, 8.7234e-01, 
 2DIAGNOSTIC,    25, -4.583339493244e-01, 1.216596087872e-06, 3.1272e+01, 1.0906e+00, 
 2DIAGNOSTIC,    26, -4.583336288333e-01, 1.159225490210e-06, 3.2254e+01, 9.8228e-01, 
 2DIAGNOSTIC,    27, -4.583335348596e-01, 1.113892975045e-06, 3.3240e+01, 9.8519e-01, 
 2DIAGNOSTIC,    28, -4.583334387601e-01, 1.076621138116e-06, 3.4228e+01, 9.8818e-01, 
 2DIAGNOSTIC,    29, -4.583332252778e-01, 1.036310105854e-06, 3.5109e+01, 8.8136e-01, 
 2DIAGNOSTIC,    30, -4.583332421348e-01, 1.005713556754e-06, 3.6093e+01, 9.8393e-01, 
  Elapsed time (stage 0): 3.6731e+01


Stage 1
  iterations = 1000x500x250x100
  convergence threshold = 1.0000e-06
  convergence window size = 10
  number of levels = 4
  using the Mattes MI metric (number of bins = 32, weight = 1.0000e+00, use gradient filter = 0)
  preprocessing:  winsorizing the image intensities
  Shrink factors (level 1 out of 4): [8, 8, 8]
  Shrink factors (level 2 out of 4): [4, 4, 4]
  Shrink factors (level 3 out of 4): [2, 2, 2]
  Shrink factors (level 4 out of 4): [1, 1, 1]
  smoothing sigmas per level: [3, 2, 1, 0]
  regular sampling (percentage = 2.5000e-01)

*** Running AffineTransform registration ***

DIAGNOSTIC,Iteration,metricValue,convergenceValue,ITERATION_TIME_INDEX,SINCE_LAST
 2DIAGNOSTIC,     1, -6.731309205313e-01, 1.797693134862e+308, 3.4254e-01, 3.4254e-01, 
 2DIAGNOSTIC,     2, -6.753715459516e-01, 1.797693134862e+308, 3.4781e-01, 5.2731e-03, 
 2DIAGNOSTIC,     3, -6.787927285845e-01, 1.797693134862e+308, 3.5167e-01, 3.8562e-03, 
 2DIAGNOSTIC,     4, -6.844564199783e-01, 1.797693134862e+308, 3.5496e-01, 3.2899e-03, 
 2DIAGNOSTIC,     5, -6.919058334647e-01, 1.797693134862e+308, 3.5848e-01, 3.5250e-03, 
 2DIAGNOSTIC,     6, -6.998573402544e-01, 1.797693134862e+308, 3.6164e-01, 3.1610e-03, 
 2DIAGNOSTIC,     7, -7.183838301660e-01, 1.797693134862e+308, 3.6548e-01, 3.8400e-03, 
 2DIAGNOSTIC,     8, -7.884012012045e-01, 1.797693134862e+308, 3.6895e-01, 3.4709e-03, 
 2DIAGNOSTIC,     9, -8.157206244669e-01, 1.797693134862e+308, 3.7479e-01, 5.8379e-03, 
 2DIAGNOSTIC,    10, -8.169744422218e-01, 1.415160219921e-02, 3.7850e-01, 3.7100e-03, 
 2DIAGNOSTIC,    11, -8.218188691129e-01, 1.436125362057e-02, 3.8184e-01, 3.3410e-03, 
 2DIAGNOSTIC,    12, -8.281967812123e-01, 1.351733680658e-02, 3.8548e-01, 3.6340e-03, 
 2DIAGNOSTIC,    13, -8.323348852394e-01, 1.178297688613e-02, 3.8893e-01, 3.4540e-03, 
 2DIAGNOSTIC,    14, -8.352817058265e-01, 9.476132200908e-03, 3.9265e-01, 3.7251e-03, 
 2DIAGNOSTIC,    15, -8.369032774189e-01, 6.900510720487e-03, 3.9626e-01, 3.6030e-03, 
 2DIAGNOSTIC,    16, -8.374401010727e-01, 4.262041225065e-03, 4.0115e-01, 4.8890e-03, 
 2DIAGNOSTIC,    17, -8.377060929464e-01, 1.942175462324e-03, 4.0493e-01, 3.7830e-03, 
 2DIAGNOSTIC,    18, -8.387010528142e-01, 1.158471318265e-03, 4.0826e-01, 3.3331e-03, 
 2DIAGNOSTIC,    19, -8.395419745748e-01, 9.004921848322e-04, 4.1193e-01, 3.6650e-03, 
 2DIAGNOSTIC,    20, -8.398001086192e-01, 6.138993937964e-04, 4.1659e-01, 4.6630e-03, 
 2DIAGNOSTIC,    21, -8.398874190851e-01, 3.836675290592e-04, 4.2062e-01, 4.0329e-03, 
 2DIAGNOSTIC,    22, -8.400322286044e-01, 2.467487138896e-04, 4.2444e-01, 3.8180e-03, 
 2DIAGNOSTIC,    23, -8.400533879421e-01, 1.637371965448e-04, 4.2768e-01, 3.2370e-03, 
 2DIAGNOSTIC,    24, -8.400591871658e-01, 1.164181335550e-04, 4.3119e-01, 3.5110e-03, 
 2DIAGNOSTIC,    25, -8.400707988585e-01, 8.577831372115e-05, 4.3461e-01, 3.4201e-03, 
 2DIAGNOSTIC,    26, -8.400816614969e-01, 5.746563692571e-05, 4.4031e-01, 5.7049e-03, 
 2DIAGNOSTIC,    27, -8.400817316477e-01, 2.938450109559e-05, 4.4446e-01, 4.1430e-03, 
 2DIAGNOSTIC,    28, -8.400817341854e-01, 1.318640617918e-05, 4.4824e-01, 3.7780e-03, 
 2DIAGNOSTIC,    29, -8.400817386866e-01, 7.307712968863e-06, 4.5156e-01, 3.3240e-03, 
 2DIAGNOSTIC,    30, -8.400817540950e-01, 4.310104682340e-06, 4.5482e-01, 3.2592e-03, 
 2DIAGNOSTIC,    31, -8.400818318606e-01, 2.167338111592e-06, 4.5808e-01, 3.2630e-03, 
 2DIAGNOSTIC,    32, -8.400821377645e-01, 1.663826017358e-06, 4.6142e-01, 3.3391e-03, 
 2DIAGNOSTIC,    33, -8.400828073147e-01, 1.368773337319e-06, 4.6467e-01, 3.2461e-03, 
 2DIAGNOSTIC,    34, -8.400839988970e-01, 1.128042288009e-06, 4.6832e-01, 3.6571e-03, 
 2DIAGNOSTIC,    35, -8.400853901384e-01, 1.015063309469e-06, 4.7301e-01, 4.6849e-03, 
 2DIAGNOSTIC,    36, -8.400854014772e-01, 1.008510749811e-06, 4.7669e-01, 3.6850e-03, 
DIAGNOSTIC,Iteration,metricValue,convergenceValue,ITERATION_TIME_INDEX,SINCE_LAST
 2DIAGNOSTIC,     1, -7.129649768328e-01, 1.797693134862e+308, 8.5132e-01, 3.7462e-01, 
 2DIAGNOSTIC,     2, -7.139062089933e-01, 1.797693134862e+308, 8.7663e-01, 2.5310e-02, 
 2DIAGNOSTIC,     3, -7.148845724459e-01, 1.797693134862e+308, 9.0047e-01, 2.3846e-02, 
 2DIAGNOSTIC,     4, -7.158101898012e-01, 1.797693134862e+308, 9.2598e-01, 2.5506e-02, 
 2DIAGNOSTIC,     5, -7.167936642491e-01, 1.797693134862e+308, 9.5034e-01, 2.4359e-02, 
 2DIAGNOSTIC,     6, -7.179605444620e-01, 1.797693134862e+308, 9.7762e-01, 2.7281e-02, 
 2DIAGNOSTIC,     7, -7.191939866920e-01, 1.797693134862e+308, 1.0228e+00, 4.5222e-02, 
 2DIAGNOSTIC,     8, -7.191976639016e-01, 1.797693134862e+308, 1.0469e+00, 2.4044e-02, 
 2DIAGNOSTIC,     9, -7.192038704670e-01, 1.797693134862e+308, 1.0722e+00, 2.5304e-02, 
 2DIAGNOSTIC,    10, -7.192133962939e-01, 6.246847626901e-04, 1.0965e+00, 2.4270e-02, 
 2DIAGNOSTIC,    11, -7.192274610225e-01, 4.644924309714e-04, 1.1222e+00, 2.5734e-02, 
 2DIAGNOSTIC,    12, -7.192462935012e-01, 3.205252120422e-04, 1.1483e+00, 2.6075e-02, 
 2DIAGNOSTIC,    13, -7.192686302109e-01, 2.005427384349e-04, 1.1741e+00, 2.5834e-02, 
 2DIAGNOSTIC,    14, -7.192912130191e-01, 1.067365183206e-04, 1.1981e+00, 2.3963e-02, 
 2DIAGNOSTIC,    15, -7.193128933042e-01, 4.196940577390e-05, 1.2215e+00, 2.3387e-02, 
 2DIAGNOSTIC,    16, -7.193272997404e-01, 1.001496030799e-05, 1.2480e+00, 2.6563e-02, 
 2DIAGNOSTIC,    17, -7.193367866517e-01, 1.003167104236e-05, 1.2913e+00, 4.3246e-02, 
 2DIAGNOSTIC,    18, -7.193403537028e-01, 9.449947607536e-06, 1.3193e+00, 2.7992e-02, 
 2DIAGNOSTIC,    19, -7.193404913448e-01, 8.348180618817e-06, 1.3439e+00, 2.4688e-02, 
 2DIAGNOSTIC,    20, -7.193406109424e-01, 6.925375054069e-06, 1.3695e+00, 2.5514e-02, 
 2DIAGNOSTIC,    21, -7.193412156632e-01, 5.414164860898e-06, 1.3930e+00, 2.3550e-02, 
 2DIAGNOSTIC,    22, -7.193428914988e-01, 4.041005301041e-06, 1.4168e+00, 2.3828e-02, 
 2DIAGNOSTIC,    23, -7.193473394880e-01, 3.000722947365e-06, 1.4415e+00, 2.4642e-02, 
 2DIAGNOSTIC,    24, -7.193517686834e-01, 2.334428668802e-06, 1.4696e+00, 2.8128e-02, 
 2DIAGNOSTIC,    25, -7.193654528989e-01, 2.181992647191e-06, 1.5467e+00, 7.7103e-02, 
 2DIAGNOSTIC,    26, -7.193654528599e-01, 2.167379068677e-06, 1.6228e+00, 7.6055e-02, 
 2DIAGNOSTIC,    27, -7.193654528599e-01, 2.205432265465e-06, 1.6492e+00, 2.6480e-02, 
 2DIAGNOSTIC,    28, -7.193654528599e-01, 2.196282307250e-06, 1.6794e+00, 3.0195e-02, 
 2DIAGNOSTIC,    29, -7.193654528599e-01, 2.088126525350e-06, 1.7069e+00, 2.7443e-02, 
 2DIAGNOSTIC,    30, -7.193654528599e-01, 1.892902151732e-06, 1.7361e+00, 2.9244e-02, 
 2DIAGNOSTIC,    31, -7.193654528599e-01, 1.639648410864e-06, 1.7637e+00, 2.7535e-02, 
 2DIAGNOSTIC,    32, -7.193654528599e-01, 1.366771527248e-06, 1.7929e+00, 2.9231e-02, 
 2DIAGNOSTIC,    33, -7.193654528599e-01, 1.128967069247e-06, 1.8295e+00, 3.6647e-02, 
DIAGNOSTIC,Iteration,metricValue,convergenceValue,ITERATION_TIME_INDEX,SINCE_LAST
 2DIAGNOSTIC,     1, -6.133744898974e-01, 1.797693134862e+308, 2.4528e+00, 6.2327e-01, 
 2DIAGNOSTIC,     2, -6.138076690309e-01, 1.797693134862e+308, 2.6236e+00, 1.7083e-01, 
 2DIAGNOSTIC,     3, -6.141535695600e-01, 1.797693134862e+308, 2.7964e+00, 1.7274e-01, 
 2DIAGNOSTIC,     4, -6.144264794462e-01, 1.797693134862e+308, 2.9723e+00, 1.7590e-01, 
 2DIAGNOSTIC,     5, -6.146088457464e-01, 1.797693134862e+308, 3.1881e+00, 2.1585e-01, 
 2DIAGNOSTIC,     6, -6.146815019974e-01, 1.797693134862e+308, 3.3839e+00, 1.9574e-01, 
 2DIAGNOSTIC,     7, -6.146848399374e-01, 1.797693134862e+308, 3.5589e+00, 1.7501e-01, 
 2DIAGNOSTIC,     8, -6.147049507693e-01, 1.797693134862e+308, 3.7332e+00, 1.7433e-01, 
 2DIAGNOSTIC,     9, -6.147239593272e-01, 1.797693134862e+308, 3.9273e+00, 1.9407e-01, 
 2DIAGNOSTIC,    10, -6.147435071958e-01, 1.275827066149e-04, 4.1034e+00, 1.7608e-01, 
 2DIAGNOSTIC,    11, -6.147628864459e-01, 7.542529074755e-05, 4.3203e+00, 2.1695e-01, 
 2DIAGNOSTIC,    12, -6.147669586618e-01, 4.215900497720e-05, 4.5329e+00, 2.1262e-01, 
 2DIAGNOSTIC,    13, -6.147740280867e-01, 2.284660503708e-05, 4.7296e+00, 1.9664e-01, 
 2DIAGNOSTIC,    14, -6.147752723106e-01, 1.334647650114e-05, 4.9066e+00, 1.7698e-01, 
 2DIAGNOSTIC,    15, -6.147878706818e-01, 1.005001955122e-05, 5.1014e+00, 1.9488e-01, 
 2DIAGNOSTIC,    16, -6.147914621866e-01, 8.637230398081e-06, 5.2805e+00, 1.7903e-01, 
 2DIAGNOSTIC,    17, -6.147931729483e-01, 6.912549845077e-06, 5.4548e+00, 1.7433e-01, 
 2DIAGNOSTIC,    18, -6.147965420774e-01, 5.518890087618e-06, 5.6672e+00, 2.1243e-01, 
 2DIAGNOSTIC,    19, -6.147976634226e-01, 4.405270735759e-06, 5.8412e+00, 1.7392e-01, 
 2DIAGNOSTIC,    20, -6.147990726960e-01, 3.620357003603e-06, 6.0168e+00, 1.7563e-01, 
 2DIAGNOSTIC,    21, -6.148062211745e-01, 3.303179779465e-06, 6.2147e+00, 1.9794e-01, 
 2DIAGNOSTIC,    22, -6.148152373484e-01, 3.118671392001e-06, 6.4732e+00, 2.5846e-01, 
 2DIAGNOSTIC,    23, -6.148161557695e-01, 2.953513597678e-06, 6.6512e+00, 1.7803e-01, 
 2DIAGNOSTIC,    24, -6.148162214721e-01, 2.677719685359e-06, 7.1879e+00, 5.3664e-01, 
 2DIAGNOSTIC,    25, -6.148162214721e-01, 2.531438387507e-06, 7.6381e+00, 4.5023e-01, 
 2DIAGNOSTIC,    26, -6.148162214721e-01, 2.339519675196e-06, 7.8761e+00, 2.3796e-01, 
 2DIAGNOSTIC,    27, -6.148162214721e-01, 2.081894011727e-06, 8.1325e+00, 2.5641e-01, 
 2DIAGNOSTIC,    28, -6.148162214721e-01, 1.813956392087e-06, 8.3277e+00, 1.9521e-01, 
 2DIAGNOSTIC,    29, -6.148162214721e-01, 1.521391049544e-06, 8.5230e+00, 1.9537e-01, 
 2DIAGNOSTIC,    30, -6.148162214721e-01, 1.228687318978e-06, 8.6991e+00, 1.7608e-01, 
 2DIAGNOSTIC,    31, -6.148162214721e-01, 1.041907934839e-06, 8.8976e+00, 1.9845e-01, 
DIAGNOSTIC,Iteration,metricValue,convergenceValue,ITERATION_TIME_INDEX,SINCE_LAST
 2DIAGNOSTIC,     1, -5.524209183993e-01, 1.797693134862e+308, 1.0825e+01, 1.9273e+00, 
 2DIAGNOSTIC,     2, -5.527634897528e-01, 1.797693134862e+308, 1.2009e+01, 1.1841e+00, 
 2DIAGNOSTIC,     3, -5.530240447988e-01, 1.797693134862e+308, 1.3187e+01, 1.1779e+00, 
 2DIAGNOSTIC,     4, -5.532130758698e-01, 1.797693134862e+308, 1.4380e+01, 1.1927e+00, 
 2DIAGNOSTIC,     5, -5.535128123759e-01, 1.797693134862e+308, 1.6327e+01, 1.9478e+00, 
 2DIAGNOSTIC,     6, -5.535181660506e-01, 1.797693134862e+308, 1.7638e+01, 1.3109e+00, 
 2DIAGNOSTIC,     7, -5.535181870727e-01, 1.797693134862e+308, 1.9092e+01, 1.4542e+00, 
 2DIAGNOSTIC,     8, -5.535186412454e-01, 1.797693134862e+308, 2.0795e+01, 1.7026e+00, 
 2DIAGNOSTIC,     9, -5.535184268013e-01, 1.797693134862e+308, 2.2106e+01, 1.3105e+00, 
 2DIAGNOSTIC,    10, -5.535181988650e-01, 1.186306759398e-04, 2.3565e+01, 1.4590e+00, 
 2DIAGNOSTIC,    11, -5.535179596552e-01, 6.842487679996e-05, 2.4895e+01, 1.3301e+00, 
 2DIAGNOSTIC,    12, -5.535181206831e-01, 3.537133798577e-05, 2.6224e+01, 1.3292e+00, 
 2DIAGNOSTIC,    13, -5.535179171509e-01, 1.466890451693e-05, 2.7570e+01, 1.3458e+00, 
 2DIAGNOSTIC,    14, -5.535178288880e-01, 2.434225099199e-06, 2.8763e+01, 1.1929e+00, 
 2DIAGNOSTIC,    15, -5.535177331911e-01, 2.072145846674e-06, 3.0076e+01, 1.3130e+00, 
 2DIAGNOSTIC,    16, -5.535180613953e-01, 1.942373503469e-06, 3.1655e+01, 1.5789e+00, 
 2DIAGNOSTIC,    17, -5.535179089945e-01, 1.827192555030e-06, 3.2974e+01, 1.3194e+00, 
 2DIAGNOSTIC,    18, -5.535178638252e-01, 1.740863228031e-06, 3.4290e+01, 1.3156e+00, 
 2DIAGNOSTIC,    19, -5.535178186830e-01, 1.659462740694e-06, 3.5598e+01, 1.3088e+00, 
 2DIAGNOSTIC,    20, -5.535176499117e-01, 1.577540972283e-06, 3.6771e+01, 1.1724e+00, 
 2DIAGNOSTIC,    21, -5.535177026365e-01, 1.499870667845e-06, 3.8081e+01, 1.3099e+00, 
 2DIAGNOSTIC,    22, -5.535174199535e-01, 1.427855797133e-06, 3.9398e+01, 1.3178e+00, 
 2DIAGNOSTIC,    23, -5.535173704767e-01, 1.358490315080e-06, 4.0592e+01, 1.1935e+00, 
 2DIAGNOSTIC,    24, -5.535173847426e-01, 1.295750782351e-06, 4.1900e+01, 1.3078e+00, 
 2DIAGNOSTIC,    25, -5.535173803438e-01, 1.238481670843e-06, 4.3218e+01, 1.3179e+00, 
 2DIAGNOSTIC,    26, -5.535175441525e-01, 1.198616532944e-06, 4.4525e+01, 1.3075e+00, 
 2DIAGNOSTIC,    27, -5.535175079136e-01, 1.160444688217e-06, 4.5980e+01, 1.4551e+00, 
 2DIAGNOSTIC,    28, -5.535172815002e-01, 1.121798038753e-06, 4.7167e+01, 1.1867e+00, 
 2DIAGNOSTIC,    29, -5.535170660463e-01, 1.082737422636e-06, 4.8485e+01, 1.3183e+00, 
 2DIAGNOSTIC,    30, -5.535169844502e-01, 1.043291523381e-06, 4.9695e+01, 1.2097e+00, 
 2DIAGNOSTIC,    31, -5.535169445009e-01, 1.008251027626e-06, 5.0989e+01, 1.2945e+00, 
  Elapsed time (stage 1): 5.1845e+01


Stage 2
  iterations = 100x70x50x20
  convergence threshold = 1.0000e-06
  convergence window size = 10
  number of levels = 4
  using the CC metric (radius = 4, weight = 1.0000e+00, use gradient filter = 0)
  preprocessing:  winsorizing the image intensities
  Shrink factors (level 1 out of 4): [8, 8, 8]
  Shrink factors (level 2 out of 4): [4, 4, 4]
  Shrink factors (level 3 out of 4): [2, 2, 2]
  Shrink factors (level 4 out of 4): [1, 1, 1]
  smoothing sigmas per level: [3, 2, 1, 0]
  Using default NONE metricSamplingStrategy 

*** Running SyN registration (varianceForUpdateField = 3.0000e+00, varianceForTotalField = 0.0000e+00) ***

XXDIAGNOSTIC,Iteration,metricValue,convergenceValue,ITERATION_TIME_INDEX,SINCE_LAST
 1DIAGNOSTIC,     1, -9.390578651652e-01, 1.797693134862e+308, 4.5182e-01, 4.5182e-01, 
 1DIAGNOSTIC,     2, -9.461875504259e-01, 1.797693134862e+308, 6.0279e-01, 1.5097e-01, 
 1DIAGNOSTIC,     3, -9.498798106172e-01, 1.797693134862e+308, 7.5334e-01, 1.5054e-01, 
 1DIAGNOSTIC,     4, -9.514742573046e-01, 1.797693134862e+308, 9.0244e-01, 1.4911e-01, 
 1DIAGNOSTIC,     5, -9.536349608960e-01, 1.797693134862e+308, 1.0541e+00, 1.5168e-01, 
 1DIAGNOSTIC,     6, -9.566338306850e-01, 1.797693134862e+308, 1.2040e+00, 1.4988e-01, 
 1DIAGNOSTIC,     7, -9.595899851643e-01, 1.797693134862e+308, 1.3539e+00, 1.4995e-01, 
 1DIAGNOSTIC,     8, -9.621502057283e-01, 1.797693134862e+308, 1.5132e+00, 1.5925e-01, 
 1DIAGNOSTIC,     9, -9.642196156845e-01, 1.797693134862e+308, 1.6602e+00, 1.4700e-01, 
 1DIAGNOSTIC,    10, -9.650649015404e-01, 1.630214115896e-03, 1.8122e+00, 1.5196e-01, 
 1DIAGNOSTIC,    11, -9.659845298856e-01, 1.259213737814e-03, 1.9654e+00, 1.5326e-01, 
 1DIAGNOSTIC,    12, -9.666708554590e-01, 1.028956977714e-03, 2.1154e+00, 1.4996e-01, 
 1DIAGNOSTIC,    13, -9.671934265534e-01, 8.374465143325e-04, 2.2665e+00, 1.5114e-01, 
 1DIAGNOSTIC,    14, -9.678217473088e-01, 6.444673485117e-04, 2.4245e+00, 1.5800e-01, 
 1DIAGNOSTIC,    15, -9.681364640505e-01, 4.670899200896e-04, 2.5730e+00, 1.4848e-01, 
 1DIAGNOSTIC,    16, -9.687251988697e-01, 3.352419440957e-04, 2.7281e+00, 1.5511e-01, 
 1DIAGNOSTIC,    17, -9.688607985718e-01, 2.412721287152e-04, 2.8833e+00, 1.5518e-01, 
 1DIAGNOSTIC,    18, -9.693899776440e-01, 1.858562715107e-04, 3.0320e+00, 1.4866e-01, 
 1DIAGNOSTIC,    19, -9.695030810464e-01, 1.529385796420e-04, 3.1819e+00, 1.4990e-01, 
 1DIAGNOSTIC,    20, -9.700096968634e-01, 1.290599009666e-04, 3.3294e+00, 1.4754e-01, 
 1DIAGNOSTIC,    21, -9.700204504361e-01, 1.084252249093e-04, 3.4788e+00, 1.4942e-01, 
 1DIAGNOSTIC,    22, -9.704344385508e-01, 9.445875321829e-05, 3.6273e+00, 1.4849e-01, 
 1DIAGNOSTIC,    23, -9.704634118093e-01, 7.986783688253e-05, 3.7781e+00, 1.5079e-01, 
 1DIAGNOSTIC,    24, -9.707908821427e-01, 7.088652742501e-05, 3.9276e+00, 1.4955e-01, 
 1DIAGNOSTIC,    25, -9.707393139002e-01, 5.899490685311e-05, 4.0798e+00, 1.5213e-01, 
 1DIAGNOSTIC,    26, -9.709874555388e-01, 5.216606326443e-05, 4.2327e+00, 1.5293e-01, 
 1DIAGNOSTIC,    27, -9.709590238672e-01, 4.205655793718e-05, 4.3853e+00, 1.5254e-01, 
 1DIAGNOSTIC,    28, -9.711960760604e-01, 3.691552048589e-05, 4.5336e+00, 1.4836e-01, 
 1DIAGNOSTIC,    29, -9.711090202257e-01, 2.885466313401e-05, 4.6845e+00, 1.5086e-01, 
 1DIAGNOSTIC,    30, -9.712898883155e-01, 2.554915742749e-05, 4.8365e+00, 1.5200e-01, 
 1DIAGNOSTIC,    31, -9.712387158319e-01, 1.963936191089e-05, 4.9895e+00, 1.5304e-01, 
 1DIAGNOSTIC,    32, -9.714222658436e-01, 1.786684048633e-05, 5.1376e+00, 1.4807e-01, 
 1DIAGNOSTIC,    33, -9.713246416587e-01, 1.387943591890e-05, 5.2905e+00, 1.5291e-01, 
 1DIAGNOSTIC,    34, -9.714677393305e-01, 1.304696033205e-05, 5.4413e+00, 1.5082e-01, 
 1DIAGNOSTIC,    35, -9.714060337255e-01, 1.008906749337e-05, 5.5932e+00, 1.5184e-01, 
 1DIAGNOSTIC,    36, -9.715589020013e-01, 9.731985135646e-06, 5.7453e+00, 1.5216e-01, 
 1DIAGNOSTIC,    37, -9.714536100888e-01, 7.408209352286e-06, 5.8967e+00, 1.5142e-01, 
 1DIAGNOSTIC,    38, -9.715806713621e-01, 7.466017571501e-06, 6.0492e+00, 1.5250e-01, 
 1DIAGNOSTIC,    39, -9.715104623567e-01, 5.650415878172e-06, 6.1995e+00, 1.5026e-01, 
 1DIAGNOSTIC,    40, -9.716517988968e-01, 5.862779542849e-06, 6.3476e+00, 1.4813e-01, 
 1DIAGNOSTIC,    41, -9.715423639202e-01, 4.366044660923e-06, 6.4982e+00, 1.5061e-01, 
 1DIAGNOSTIC,    42, -9.716595235938e-01, 4.759285885284e-06, 6.6545e+00, 1.5627e-01, 
 1DIAGNOSTIC,    43, -9.715877630749e-01, 3.551713456871e-06, 6.8041e+00, 1.4964e-01, 
 1DIAGNOSTIC,    44, -9.717078586577e-01, 3.914325629496e-06, 6.9511e+00, 1.4699e-01, 
 1DIAGNOSTIC,    45, -9.715951924947e-01, 2.766801767490e-06, 7.0975e+00, 1.4638e-01, 
 1DIAGNOSTIC,    46, -9.717048572206e-01, 3.199697405115e-06, 7.2505e+00, 1.5302e-01, 
 1DIAGNOSTIC,    47, -9.716304506502e-01, 2.213130666975e-06, 7.4045e+00, 1.5393e-01, 
 1DIAGNOSTIC,    48, -9.717570980137e-01, 2.697792090368e-06, 7.5549e+00, 1.5044e-01, 
 1DIAGNOSTIC,    49, -9.716429870054e-01, 1.817579045920e-06, 7.7060e+00, 1.5106e-01, 
 1DIAGNOSTIC,    50, -9.717486931406e-01, 2.359531383656e-06, 7.8603e+00, 1.5433e-01, 
 1DIAGNOSTIC,    51, -9.716744221134e-01, 1.623923356231e-06, 8.0150e+00, 1.5466e-01, 
 1DIAGNOSTIC,    52, -9.717962569824e-01, 2.191231776017e-06, 8.1661e+00, 1.5114e-01, 
 1DIAGNOSTIC,    53, -9.716830006867e-01, 1.521098239570e-06, 8.3137e+00, 1.4758e-01, 
 1DIAGNOSTIC,    54, -9.717845404636e-01, 2.036012114934e-06, 8.4658e+00, 1.5207e-01, 
 1DIAGNOSTIC,    55, -9.717097149850e-01, 1.363851109305e-06, 8.6197e+00, 1.5397e-01, 
 1DIAGNOSTIC,    56, -9.718276958231e-01, 1.853718779806e-06, 8.7697e+00, 1.4998e-01, 
 1DIAGNOSTIC,    57, -9.717133218884e-01, 1.193191262679e-06, 8.9217e+00, 1.5201e-01, 
 1DIAGNOSTIC,    58, -9.718138624640e-01, 1.684620630802e-06, 9.0751e+00, 1.5339e-01, 
 1DIAGNOSTIC,    59, -9.717392209006e-01, 1.084811477953e-06, 9.2234e+00, 1.4825e-01, 
 1DIAGNOSTIC,    60, -9.718527664038e-01, 1.543477365838e-06, 9.3716e+00, 1.4822e-01, 
 1DIAGNOSTIC,    61, -9.717387427791e-01, 9.500157455468e-07, 9.5205e+00, 1.4889e-01, 
XXDIAGNOSTIC,Iteration,metricValue,convergenceValue,ITERATION_TIME_INDEX,SINCE_LAST
 1DIAGNOSTIC,     1, -9.182813670386e-01, 1.797693134862e+308, 1.1045e+01, 1.5241e+00, 
 1DIAGNOSTIC,     2, -9.217815340165e-01, 1.797693134862e+308, 1.2225e+01, 1.1806e+00, 
 1DIAGNOSTIC,     3, -9.248754828426e-01, 1.797693134862e+308, 1.3428e+01, 1.2030e+00, 
 1DIAGNOSTIC,     4, -9.278238232916e-01, 1.797693134862e+308, 1.4625e+01, 1.1972e+00, 
 1DIAGNOSTIC,     5, -9.301797768130e-01, 1.797693134862e+308, 1.5816e+01, 1.1907e+00, 
 1DIAGNOSTIC,     6, -9.322439664097e-01, 1.797693134862e+308, 1.7005e+01, 1.1885e+00, 
 1DIAGNOSTIC,     7, -9.340783481706e-01, 1.797693134862e+308, 1.8197e+01, 1.1925e+00, 
 1DIAGNOSTIC,     8, -9.357268135987e-01, 1.797693134862e+308, 1.9403e+01, 1.2056e+00, 
 1DIAGNOSTIC,     9, -9.371208256141e-01, 1.797693134862e+308, 2.0612e+01, 1.2095e+00, 
 1DIAGNOSTIC,    10, -9.383023607792e-01, 1.356979866544e-03, 2.1804e+01, 1.1914e+00, 
 1DIAGNOSTIC,    11, -9.391646576361e-01, 1.072423540614e-03, 2.3000e+01, 1.1965e+00, 
 1DIAGNOSTIC,    12, -9.399131700968e-01, 8.466122988187e-04, 2.4209e+01, 1.2084e+00, 
 1DIAGNOSTIC,    13, -9.405899549094e-01, 6.667963667238e-04, 2.5404e+01, 1.1955e+00, 
 1DIAGNOSTIC,    14, -9.411872783543e-01, 5.287697818608e-04, 2.6619e+01, 1.2147e+00, 
 1DIAGNOSTIC,    15, -9.417293967703e-01, 4.193507762139e-04, 2.7842e+01, 1.2237e+00, 
 1DIAGNOSTIC,    16, -9.422210800520e-01, 3.335252511655e-04, 2.9043e+01, 1.2002e+00, 
 1DIAGNOSTIC,    17, -9.426806944493e-01, 2.679139094765e-04, 3.0242e+01, 1.1997e+00, 
 1DIAGNOSTIC,    18, -9.431152048420e-01, 2.198084958615e-04, 3.1443e+01, 1.2006e+00, 
 1DIAGNOSTIC,    19, -9.435223778768e-01, 1.850131875713e-04, 3.2647e+01, 1.2039e+00, 
 1DIAGNOSTIC,    20, -9.439023756943e-01, 1.601485562443e-04, 3.3854e+01, 1.2076e+00, 
 1DIAGNOSTIC,    21, -9.442716243842e-01, 1.404964324825e-04, 3.5061e+01, 1.2065e+00, 
 1DIAGNOSTIC,    22, -9.446144534682e-01, 1.245319678746e-04, 3.6258e+01, 1.1968e+00, 
 1DIAGNOSTIC,    23, -9.449438092548e-01, 1.115597747076e-04, 3.7452e+01, 1.1939e+00, 
 1DIAGNOSTIC,    24, -9.452571124043e-01, 1.007134692696e-04, 3.8648e+01, 1.1959e+00, 
 1DIAGNOSTIC,    25, -9.455543139506e-01, 9.146366581721e-05, 3.9853e+01, 1.2051e+00, 
 1DIAGNOSTIC,    26, -9.458387494376e-01, 8.338336570280e-05, 4.1067e+01, 1.2142e+00, 
 1DIAGNOSTIC,    27, -9.461051252537e-01, 7.621088051215e-05, 4.2266e+01, 1.1987e+00, 
 1DIAGNOSTIC,    28, -9.463656572793e-01, 6.990477529619e-05, 4.3479e+01, 1.2131e+00, 
 1DIAGNOSTIC,    29, -9.466145042069e-01, 6.430749684798e-05, 4.4682e+01, 1.2039e+00, 
 1DIAGNOSTIC,    30, -9.468537580788e-01, 5.927747618140e-05, 4.5880e+01, 1.1976e+00, 
 1DIAGNOSTIC,    31, -9.470864776562e-01, 5.486935270027e-05, 4.7089e+01, 1.2085e+00, 
 1DIAGNOSTIC,    32, -9.473139559858e-01, 5.096197365694e-05, 4.8285e+01, 1.1964e+00, 
 1DIAGNOSTIC,    33, -9.475301606273e-01, 4.749111435510e-05, 4.9491e+01, 1.2060e+00, 
 1DIAGNOSTIC,    34, -9.477252849559e-01, 4.427333500244e-05, 5.0704e+01, 1.2131e+00, 
 1DIAGNOSTIC,    35, -9.479210125791e-01, 4.133067663215e-05, 5.1903e+01, 1.1987e+00, 
 1DIAGNOSTIC,    36, -9.481050990934e-01, 3.859353189065e-05, 5.3099e+01, 1.1966e+00, 
 1DIAGNOSTIC,    37, -9.482814834575e-01, 3.598534397986e-05, 5.4298e+01, 1.1983e+00, 
 1DIAGNOSTIC,    38, -9.484498478253e-01, 3.353787473425e-05, 5.5526e+01, 1.2284e+00, 
 1DIAGNOSTIC,    39, -9.486102870096e-01, 3.123265409809e-05, 5.6721e+01, 1.1950e+00, 
 1DIAGNOSTIC,    40, -9.487637942531e-01, 2.907185121070e-05, 5.7914e+01, 1.1933e+00, 
 1DIAGNOSTIC,    41, -9.489067218923e-01, 2.704896137077e-05, 5.9111e+01, 1.1967e+00, 
 1DIAGNOSTIC,    42, -9.490504732780e-01, 2.524992680033e-05, 6.0319e+01, 1.2084e+00, 
 1DIAGNOSTIC,    43, -9.491724815909e-01, 2.353969722316e-05, 6.1541e+01, 1.2214e+00, 
 1DIAGNOSTIC,    44, -9.492901862872e-01, 2.184756372477e-05, 6.2735e+01, 1.1944e+00, 
 1DIAGNOSTIC,    45, -9.493980456091e-01, 2.022180042891e-05, 6.3948e+01, 1.2126e+00, 
 1DIAGNOSTIC,    46, -9.495042341383e-01, 1.868000152298e-05, 6.5174e+01, 1.2266e+00, 
 1DIAGNOSTIC,    47, -9.496044152449e-01, 1.723394269640e-05, 6.6374e+01, 1.1994e+00, 
 1DIAGNOSTIC,    48, -9.496910209067e-01, 1.584426207784e-05, 6.7573e+01, 1.1989e+00, 
 1DIAGNOSTIC,    49, -9.497729440446e-01, 1.453189761582e-05, 6.8768e+01, 1.1954e+00, 
 1DIAGNOSTIC,    50, -9.498468992131e-01, 1.329706071116e-05, 6.9981e+01, 1.2123e+00, 
 1DIAGNOSTIC,    51, -9.499107611028e-01, 1.210147192048e-05, 7.1176e+01, 1.1956e+00, 
 1DIAGNOSTIC,    52, -9.499695756770e-01, 1.101185810523e-05, 7.2393e+01, 1.2165e+00, 
 1DIAGNOSTIC,    53, -9.500237007132e-01, 9.954795231991e-06, 7.3594e+01, 1.2015e+00, 
 1DIAGNOSTIC,    54, -9.500724705506e-01, 8.957275671677e-06, 7.4799e+01, 1.2054e+00, 
 1DIAGNOSTIC,    55, -9.501159942102e-01, 8.011126345926e-06, 7.5996e+01, 1.1961e+00, 
 1DIAGNOSTIC,    56, -9.501520637368e-01, 7.140508531775e-06, 7.7196e+01, 1.2004e+00, 
 1DIAGNOSTIC,    57, -9.501854536889e-01, 6.367496904802e-06, 7.8402e+01, 1.2056e+00, 
 1DIAGNOSTIC,    58, -9.502169158930e-01, 5.668158871548e-06, 7.9603e+01, 1.2013e+00, 
 1DIAGNOSTIC,    59, -9.502411660076e-01, 5.034923337137e-06, 8.0804e+01, 1.2009e+00, 
 1DIAGNOSTIC,    60, -9.502637311768e-01, 4.469787885191e-06, 8.2011e+01, 1.2069e+00, 
 1DIAGNOSTIC,    61, -9.502818158562e-01, 3.944143544762e-06, 8.3211e+01, 1.2007e+00, 
 1DIAGNOSTIC,    62, -9.502965436327e-01, 3.459028233638e-06, 8.4410e+01, 1.1989e+00, 
 1DIAGNOSTIC,    63, -9.503113133985e-01, 3.031087771964e-06, 8.5616e+01, 1.2056e+00, 
 1DIAGNOSTIC,    64, -9.503148091733e-01, 2.615506005325e-06, 8.6818e+01, 1.2019e+00, 
 1DIAGNOSTIC,    65, -9.503222514352e-01, 2.243396277364e-06, 8.8027e+01, 1.2096e+00, 
 1DIAGNOSTIC,    66, -9.503295791601e-01, 1.909225068417e-06, 8.9224e+01, 1.1969e+00, 
 1DIAGNOSTIC,    67, -9.503352991142e-01, 1.620404073713e-06, 9.0424e+01, 1.1998e+00, 
 1DIAGNOSTIC,    68, -9.503398411614e-01, 1.387479631985e-06, 9.1642e+01, 1.2175e+00, 
 1DIAGNOSTIC,    69, -9.503402976002e-01, 1.179458984446e-06, 9.2870e+01, 1.2281e+00, 
 1DIAGNOSTIC,    70, -9.503431564412e-01, 1.017064130292e-06, 9.4070e+01, 1.2003e+00, 
XXDIAGNOSTIC,Iteration,metricValue,convergenceValue,ITERATION_TIME_INDEX,SINCE_LAST
 1DIAGNOSTIC,     1, -9.034877905908e-01, 1.797693134862e+308, 1.0412e+02, 1.0051e+01, 
 1DIAGNOSTIC,     2, -9.057933518649e-01, 1.797693134862e+308, 1.1383e+02, 9.7108e+00, 
 1DIAGNOSTIC,     3, -9.084759996263e-01, 1.797693134862e+308, 1.2351e+02, 9.6735e+00, 
 1DIAGNOSTIC,     4, -9.108755964412e-01, 1.797693134862e+308, 1.3320e+02, 9.6981e+00, 
 1DIAGNOSTIC,     5, -9.129952710458e-01, 1.797693134862e+308, 1.4283e+02, 9.6294e+00, 
 1DIAGNOSTIC,     6, -9.148642411316e-01, 1.797693134862e+308, 1.5247e+02, 9.6395e+00, 
 1DIAGNOSTIC,     7, -9.165305380998e-01, 1.797693134862e+308, 1.6224e+02, 9.7651e+00, 
 1DIAGNOSTIC,     8, -9.180476328011e-01, 1.797693134862e+308, 1.7199e+02, 9.7567e+00, 
 1DIAGNOSTIC,     9, -9.192903739570e-01, 1.797693134862e+308, 1.8182e+02, 9.8235e+00, 
 1DIAGNOSTIC,    10, -9.204237838336e-01, 1.198324345530e-03, 1.9145e+02, 9.6345e+00, 
 1DIAGNOSTIC,    11, -9.214876401037e-01, 9.832420071924e-04, 2.0124e+02, 9.7929e+00, 
 1DIAGNOSTIC,    12, -9.225055266719e-01, 8.011257509936e-04, 2.1085e+02, 9.6002e+00, 
 1DIAGNOSTIC,    13, -9.234418267976e-01, 6.604796291611e-04, 2.2048e+02, 9.6334e+00, 
 1DIAGNOSTIC,    14, -9.242744559940e-01, 5.511062708592e-04, 2.3022e+02, 9.7376e+00, 
 1DIAGNOSTIC,    15, -9.250003692897e-01, 4.645018752582e-04, 2.3987e+02, 9.6587e+00, 
 1DIAGNOSTIC,    16, -9.256467949000e-01, 3.945527865973e-04, 2.4957e+02, 9.6922e+00, 
 1DIAGNOSTIC,    17, -9.262332982249e-01, 3.372566316352e-04, 2.5934e+02, 9.7744e+00, 
 1DIAGNOSTIC,    18, -9.267690332624e-01, 2.902908039510e-04, 2.6907e+02, 9.7299e+00, 
 1DIAGNOSTIC,    19, -9.272631006207e-01, 2.495228963805e-04, 2.7869e+02, 9.6204e+00, 
 1DIAGNOSTIC,    20, -9.277234799251e-01, 2.141954262856e-04, 2.8832e+02, 9.6267e+00, 
 1DIAGNOSTIC,    21, -9.281608381616e-01, 1.842849001890e-04, 2.9804e+02, 9.7224e+00, 
 1DIAGNOSTIC,    22, -9.285837111053e-01, 1.600356654543e-04, 3.0775e+02, 9.7110e+00, 
 1DIAGNOSTIC,    23, -9.289985364299e-01, 1.409940792641e-04, 3.1753e+02, 9.7765e+00, 
 1DIAGNOSTIC,    24, -9.293804411681e-01, 1.258973091153e-04, 3.2718e+02, 9.6468e+00, 
 1DIAGNOSTIC,    25, -9.297347706041e-01, 1.134980318905e-04, 3.3691e+02, 9.7320e+00, 
 1DIAGNOSTIC,    26, -9.300640793145e-01, 1.029457631628e-04, 3.4669e+02, 9.7865e+00, 
 1DIAGNOSTIC,    27, -9.303744864628e-01, 9.371944852047e-05, 3.5644e+02, 9.7425e+00, 
 1DIAGNOSTIC,    28, -9.306661048707e-01, 8.542320915972e-05, 3.6603e+02, 9.5940e+00, 
 1DIAGNOSTIC,    29, -9.309428343570e-01, 7.783476134646e-05, 3.7569e+02, 9.6639e+00, 
 1DIAGNOSTIC,    30, -9.312079489179e-01, 7.086361606273e-05, 3.8544e+02, 9.7474e+00, 
 1DIAGNOSTIC,    31, -9.314612487812e-01, 6.451782622211e-05, 3.9518e+02, 9.7416e+00, 
 1DIAGNOSTIC,    32, -9.317054471762e-01, 5.889242601976e-05, 4.0493e+02, 9.7473e+00, 
 1DIAGNOSTIC,    33, -9.319414862815e-01, 5.411622431664e-05, 4.1452e+02, 9.5869e+00, 
 1DIAGNOSTIC,    34, -9.321749727130e-01, 5.007945376812e-05, 4.2424e+02, 9.7239e+00, 
 1DIAGNOSTIC,    35, -9.324028327723e-01, 4.666007913621e-05, 4.3391e+02, 9.6721e+00, 
 1DIAGNOSTIC,    36, -9.326284712220e-01, 4.376436222553e-05, 4.4362e+02, 9.7057e+00, 
 1DIAGNOSTIC,    37, -9.328514093924e-01, 4.132406301772e-05, 4.5338e+02, 9.7624e+00, 
 1DIAGNOSTIC,    38, -9.330729606745e-01, 3.926039314815e-05, 4.6299e+02, 9.6037e+00, 
 1DIAGNOSTIC,    39, -9.332889181200e-01, 3.747572720818e-05, 4.7257e+02, 9.5821e+00, 
 1DIAGNOSTIC,    40, -9.335020032967e-01, 3.591341424621e-05, 4.8228e+02, 9.7117e+00, 
 1DIAGNOSTIC,    41, -9.337013368066e-01, 3.442579454989e-05, 4.9187e+02, 9.5903e+00, 
 1DIAGNOSTIC,    42, -9.338857514612e-01, 3.289275837598e-05, 5.0151e+02, 9.6376e+00, 
 1DIAGNOSTIC,    43, -9.340596062328e-01, 3.125303025031e-05, 5.1127e+02, 9.7642e+00, 
 1DIAGNOSTIC,    44, -9.342226574786e-01, 2.950445686880e-05, 5.2098e+02, 9.7077e+00, 
 1DIAGNOSTIC,    45, -9.343792964786e-01, 2.767143680560e-05, 5.3072e+02, 9.7451e+00, 
 1DIAGNOSTIC,    46, -9.345309862716e-01, 2.582480681330e-05, 5.4050e+02, 9.7763e+00, 
 1DIAGNOSTIC,    47, -9.346784492887e-01, 2.403994837116e-05, 5.5014e+02, 9.6422e+00, 
 1DIAGNOSTIC,    48, -9.348151290042e-01, 2.235392342886e-05, 5.5985e+02, 9.7112e+00, 
 1DIAGNOSTIC,    49, -9.349369226003e-01, 2.074621625068e-05, 5.6947e+02, 9.6149e+00, 
 1DIAGNOSTIC,    50, -9.350473620680e-01, 1.923753623462e-05, 5.7925e+02, 9.7769e+00, 
XXDIAGNOSTIC,Iteration,metricValue,convergenceValue,ITERATION_TIME_INDEX,SINCE_LAST
 1DIAGNOSTIC,     1, -8.946915464219e-01, 1.797693134862e+308, 6.6412e+02, 8.4871e+01, 
 1DIAGNOSTIC,     2, -8.958892826009e-01, 1.797693134862e+308, 7.4826e+02, 8.4146e+01, 
 1DIAGNOSTIC,     3, -8.973054536263e-01, 1.797693134862e+308, 8.3187e+02, 8.3604e+01, 
 1DIAGNOSTIC,     4, -8.986370145203e-01, 1.797693134862e+308, 9.1486e+02, 8.2990e+01, 
 1DIAGNOSTIC,     5, -8.999823570411e-01, 1.797693134862e+308, 9.9771e+02, 8.2857e+01, 
 1DIAGNOSTIC,     6, -9.012453216022e-01, 1.797693134862e+308, 1.0802e+03, 8.2467e+01, 
 1DIAGNOSTIC,     7, -9.024269099088e-01, 1.797693134862e+308, 1.1631e+03, 8.2905e+01, 
 1DIAGNOSTIC,     8, -9.035629477497e-01, 1.797693134862e+308, 1.2460e+03, 8.2924e+01, 
 1DIAGNOSTIC,     9, -9.046555741521e-01, 1.797693134862e+308, 1.3291e+03, 8.3124e+01, 
 1DIAGNOSTIC,    10, -9.057405225904e-01, 7.947735407282e-04, 1.4126e+03, 8.3473e+01, 
 1DIAGNOSTIC,    11, -9.067978257415e-01, 7.017369631470e-04, 1.4972e+03, 8.4569e+01, 
 1DIAGNOSTIC,    12, -9.078007970688e-01, 6.186189532538e-04, 1.5815e+03, 8.4342e+01, 
 1DIAGNOSTIC,    13, -9.088253159243e-01, 5.512262948679e-04, 1.6666e+03, 8.5103e+01, 
 1DIAGNOSTIC,    14, -9.096767697918e-01, 4.920818119719e-04, 1.7501e+03, 8.3503e+01, 
 1DIAGNOSTIC,    15, -9.104593078911e-01, 4.402694859515e-04, 1.8341e+03, 8.3942e+01, 
 1DIAGNOSTIC,    16, -9.113153932898e-01, 3.959945228064e-04, 1.9174e+03, 8.3347e+01, 
 1DIAGNOSTIC,    17, -9.119904542702e-01, 3.545201517040e-04, 2.0012e+03, 8.3804e+01, 
 1DIAGNOSTIC,    18, -9.127246029172e-01, 3.173833399749e-04, 2.0854e+03, 8.4181e+01, 
 1DIAGNOSTIC,    19, -9.132898491829e-01, 2.819820618603e-04, 2.1695e+03, 8.4136e+01, 
 1DIAGNOSTIC,    20, -9.138089951229e-01, 2.490088949611e-04, 2.2520e+03, 8.2490e+01, 
  Elapsed time (stage 2): 2253


Total elapsed time: 2342
