All_Command_lines_OK
Using double precision for computations.
=============================================================================
The composite transform comprises the following transforms (in order): 
  1. Center of mass alignment using fixed image: /templateflow/tpl-MNI152NLin2009cAsym/tpl-MNI152NLin2009cAsym_res-01_desc-brain_T1w.nii.gz and moving image: /mnt/lustre/mathdugre/ants-amp/datasets/corr/RawDataBIDS/BMB_1/derivatives/antsBrainExtraction/sub-0003012/BrainExtractionBrain.nii.gz (type = Euler3DTransform)
=============================================================================
  number of levels = 4
  number of levels = 4
  number of levels = 4
  fixed image: /templateflow/tpl-MNI152NLin2009cAsym/tpl-MNI152NLin2009cAsym_res-01_desc-brain_T1w.nii.gz
  moving image: /mnt/lustre/mathdugre/ants-amp/datasets/corr/RawDataBIDS/BMB_1/derivatives/antsBrainExtraction/sub-0003012/BrainExtractionBrain.nii.gz
  fixed image: /templateflow/tpl-MNI152NLin2009cAsym/tpl-MNI152NLin2009cAsym_res-01_desc-brain_T1w.nii.gz
  moving image: /mnt/lustre/mathdugre/ants-amp/datasets/corr/RawDataBIDS/BMB_1/derivatives/antsBrainExtraction/sub-0003012/BrainExtractionBrain.nii.gz
  fixed image: /templateflow/tpl-MNI152NLin2009cAsym/tpl-MNI152NLin2009cAsym_res-01_desc-brain_T1w.nii.gz
  moving image: /mnt/lustre/mathdugre/ants-amp/datasets/corr/RawDataBIDS/BMB_1/derivatives/antsBrainExtraction/sub-0003012/BrainExtractionBrain.nii.gz
Dimension = 3
Number of stages = 3
Use histogram matching = false
Winsorize image intensities = true
  Lower quantile = 0.005
  Upper quantile = 0.995


Stage 1 State
   Image metric = MattesMI
     Fixed image = Image (0x56274f71e360)
  RTTI typeinfo:   itk::Image<double, 3u>
  Reference Count: 2
  Modified Time: 2372
  Debug: Off
  Object Name: 
  Observers: 
    none
  Source: (none)
  Source output name: (none)
  Release Data: Off
  Data Released: False
  Global Release Data: Off
  PipelineMTime: 0
  UpdateMTime: 1981
  RealTimeStamp: 0 seconds 
  LargestPossibleRegion: 
    Dimension: 3
    Index: [0, 0, 0]
    Size: [193, 229, 193]
  BufferedRegion: 
    Dimension: 3
    Index: [0, 0, 0]
    Size: [193, 229, 193]
  RequestedRegion: 
    Dimension: 3
    Index: [0, 0, 0]
    Size: [193, 229, 193]
  Spacing: [1, 1, 1]
  Origin: [96, 132, -78]
  Direction: 
-1 0 0
0 -1 0
0 0 1

  IndexToPointMatrix: 
-1 0 0
0 -1 0
0 0 1

  PointToIndexMatrix: 
-1 0 0
0 -1 0
0 0 1

  Inverse Direction: 
-1 0 0
0 -1 0
0 0 1

  PixelContainer: 
    ImportImageContainer (0x56274f721c80)
      RTTI typeinfo:   itk::ImportImageContainer<unsigned long, double>
      Reference Count: 1
      Modified Time: 1978
      Debug: Off
      Object Name: 
      Observers: 
        none
      Pointer: 0x7f862a1e6010
      Container manages memory: true
      Size: 8530021
      Capacity: 8530021

     Moving image = Image (0x56274f82b340)
  RTTI typeinfo:   itk::Image<double, 3u>
  Reference Count: 2
  Modified Time: 2373
  Debug: Off
  Object Name: 
  Observers: 
    none
  Source: (none)
  Source output name: (none)
  Release Data: Off
  Data Released: False
  Global Release Data: Off
  PipelineMTime: 0
  UpdateMTime: 2370
  RealTimeStamp: 0 seconds 
  LargestPossibleRegion: 
    Dimension: 3
    Index: [0, 0, 0]
    Size: [176, 256, 256]
  BufferedRegion: 
    Dimension: 3
    Index: [0, 0, 0]
    Size: [176, 256, 256]
  RequestedRegion: 
    Dimension: 3
    Index: [0, 0, 0]
    Size: [176, 256, 256]
  Spacing: [1, 1, 1]
  Origin: [-93.615, 98.3097, -96.6582]
  Direction: 
1 0 0
0 -1 0
0 0 1

  IndexToPointMatrix: 
1 0 0
0 -1 0
0 0 1

  PointToIndexMatrix: 
1 0 0
0 -1 0
0 0 1

  Inverse Direction: 
1 0 0
0 -1 0
0 0 1

  PixelContainer: 
    ImportImageContainer (0x56274f830710)
      RTTI typeinfo:   itk::ImportImageContainer<unsigned long, double>
      Reference Count: 1
      Modified Time: 2367
      Debug: Off
      Object Name: 
      Observers: 
        none
      Pointer: 0x7f86249e5010
      Container manages memory: true
      Size: 11534336
      Capacity: 11534336

     Weighting = 1
     Sampling strategy = regular
     Number of bins = 32
     Radius = 4
     Sampling percentage  = 0.25
   Transform = Rigid
     Gradient step = 0.1
     Update field sigma (voxel space) = 0
     Total field sigma (voxel space) = 0
     Update field time sigma = 0
     Total field time sigma  = 0
     Number of time indices = 0
     Number of time point samples = 0
Stage 2 State
   Image metric = MattesMI
     Fixed image = Image (0x56274f872bd0)
  RTTI typeinfo:   itk::Image<double, 3u>
  Reference Count: 2
  Modified Time: 3150
  Debug: Off
  Object Name: 
  Observers: 
    none
  Source: (none)
  Source output name: (none)
  Release Data: Off
  Data Released: False
  Global Release Data: Off
  PipelineMTime: 0
  UpdateMTime: 2759
  RealTimeStamp: 0 seconds 
  LargestPossibleRegion: 
    Dimension: 3
    Index: [0, 0, 0]
    Size: [193, 229, 193]
  BufferedRegion: 
    Dimension: 3
    Index: [0, 0, 0]
    Size: [193, 229, 193]
  RequestedRegion: 
    Dimension: 3
    Index: [0, 0, 0]
    Size: [193, 229, 193]
  Spacing: [1, 1, 1]
  Origin: [96, 132, -78]
  Direction: 
-1 0 0
0 -1 0
0 0 1

  IndexToPointMatrix: 
-1 0 0
0 -1 0
0 0 1

  PointToIndexMatrix: 
-1 0 0
0 -1 0
0 0 1

  Inverse Direction: 
-1 0 0
0 -1 0
0 0 1

  PixelContainer: 
    ImportImageContainer (0x56274f82dd80)
      RTTI typeinfo:   itk::ImportImageContainer<unsigned long, double>
      Reference Count: 1
      Modified Time: 2756
      Debug: Off
      Object Name: 
      Observers: 
        none
      Pointer: 0x7f86208d0010
      Container manages memory: true
      Size: 8530021
      Capacity: 8530021

     Moving image = Image (0x56274f82e010)
  RTTI typeinfo:   itk::Image<double, 3u>
  Reference Count: 2
  Modified Time: 3151
  Debug: Off
  Object Name: 
  Observers: 
    none
  Source: (none)
  Source output name: (none)
  Release Data: Off
  Data Released: False
  Global Release Data: Off
  PipelineMTime: 0
  UpdateMTime: 3148
  RealTimeStamp: 0 seconds 
  LargestPossibleRegion: 
    Dimension: 3
    Index: [0, 0, 0]
    Size: [176, 256, 256]
  BufferedRegion: 
    Dimension: 3
    Index: [0, 0, 0]
    Size: [176, 256, 256]
  RequestedRegion: 
    Dimension: 3
    Index: [0, 0, 0]
    Size: [176, 256, 256]
  Spacing: [1, 1, 1]
  Origin: [-93.615, 98.3097, -96.6582]
  Direction: 
1 0 0
0 -1 0
0 0 1

  IndexToPointMatrix: 
1 0 0
0 -1 0
0 0 1

  PointToIndexMatrix: 
1 0 0
0 -1 0
0 0 1

  Inverse Direction: 
1 0 0
0 -1 0
0 0 1

  PixelContainer: 
    ImportImageContainer (0x56274f893150)
      RTTI typeinfo:   itk::ImportImageContainer<unsigned long, double>
      Reference Count: 1
      Modified Time: 3145
      Debug: Off
      Object Name: 
      Observers: 
        none
      Pointer: 0x7f861b0cf010
      Container manages memory: true
      Size: 11534336
      Capacity: 11534336

     Weighting = 1
     Sampling strategy = regular
     Number of bins = 32
     Radius = 4
     Sampling percentage  = 0.25
   Transform = Affine
     Gradient step = 0.1
     Update field sigma (voxel space) = 0
     Total field sigma (voxel space) = 0
     Update field time sigma = 0
     Total field time sigma  = 0
     Number of time indices = 0
     Number of time point samples = 0
Stage 3 State
   Image metric = CC
     Fixed image = Image (0x56274f8b32a0)
  RTTI typeinfo:   itk::Image<double, 3u>
  Reference Count: 2
  Modified Time: 3928
  Debug: Off
  Object Name: 
  Observers: 
    none
  Source: (none)
  Source output name: (none)
  Release Data: Off
  Data Released: False
  Global Release Data: Off
  PipelineMTime: 0
  UpdateMTime: 3537
  RealTimeStamp: 0 seconds 
  LargestPossibleRegion: 
    Dimension: 3
    Index: [0, 0, 0]
    Size: [193, 229, 193]
  BufferedRegion: 
    Dimension: 3
    Index: [0, 0, 0]
    Size: [193, 229, 193]
  RequestedRegion: 
    Dimension: 3
    Index: [0, 0, 0]
    Size: [193, 229, 193]
  Spacing: [1, 1, 1]
  Origin: [96, 132, -78]
  Direction: 
-1 0 0
0 -1 0
0 0 1

  IndexToPointMatrix: 
-1 0 0
0 -1 0
0 0 1

  PointToIndexMatrix: 
-1 0 0
0 -1 0
0 0 1

  Inverse Direction: 
-1 0 0
0 -1 0
0 0 1

  PixelContainer: 
    ImportImageContainer (0x56274f819b50)
      RTTI typeinfo:   itk::ImportImageContainer<unsigned long, double>
      Reference Count: 1
      Modified Time: 3534
      Debug: Off
      Object Name: 
      Observers: 
        none
      Pointer: 0x7f8616fba010
      Container manages memory: true
      Size: 8530021
      Capacity: 8530021

     Moving image = Image (0x56274f82ce30)
  RTTI typeinfo:   itk::Image<double, 3u>
  Reference Count: 2
  Modified Time: 3929
  Debug: Off
  Object Name: 
  Observers: 
    none
  Source: (none)
  Source output name: (none)
  Release Data: Off
  Data Released: False
  Global Release Data: Off
  PipelineMTime: 0
  UpdateMTime: 3926
  RealTimeStamp: 0 seconds 
  LargestPossibleRegion: 
    Dimension: 3
    Index: [0, 0, 0]
    Size: [176, 256, 256]
  BufferedRegion: 
    Dimension: 3
    Index: [0, 0, 0]
    Size: [176, 256, 256]
  RequestedRegion: 
    Dimension: 3
    Index: [0, 0, 0]
    Size: [176, 256, 256]
  Spacing: [1, 1, 1]
  Origin: [-93.615, 98.3097, -96.6582]
  Direction: 
1 0 0
0 -1 0
0 0 1

  IndexToPointMatrix: 
1 0 0
0 -1 0
0 0 1

  PointToIndexMatrix: 
1 0 0
0 -1 0
0 0 1

  Inverse Direction: 
1 0 0
0 -1 0
0 0 1

  PixelContainer: 
    ImportImageContainer (0x56274f850790)
      RTTI typeinfo:   itk::ImportImageContainer<unsigned long, double>
      Reference Count: 1
      Modified Time: 3923
      Debug: Off
      Object Name: 
      Observers: 
        none
      Pointer: 0x7f86117b9010
      Container manages memory: true
      Size: 11534336
      Capacity: 11534336

     Weighting = 1
     Sampling strategy = none
     Number of bins = 32
     Radius = 4
     Sampling percentage  = 1
   Transform = SyN
     Gradient step = 0.1
     Update field sigma (voxel space) = 3
     Total field sigma (voxel space) = 0
     Update field time sigma = 0
     Total field time sigma  = 0
     Number of time indices = 0
     Number of time point samples = 0
Registration using 3 total stages.

Stage 0
  iterations = 1000x500x250x100
  convergence threshold = 1e-06
  convergence window size = 10
  number of levels = 4
  using the Mattes MI metric (number of bins = 32, weight = 1, use gradient filter = 0)
  preprocessing:  winsorizing the image intensities
  Shrink factors (level 1 out of 4): [8, 8, 8]
  Shrink factors (level 2 out of 4): [4, 4, 4]
  Shrink factors (level 3 out of 4): [2, 2, 2]
  Shrink factors (level 4 out of 4): [1, 1, 1]
  smoothing sigmas per level: [3, 2, 1, 0]
  regular sampling (percentage = 0.25)

*** Running Euler3DTransform registration ***

DIAGNOSTIC,Iteration,metricValue,convergenceValue,ITERATION_TIME_INDEX,SINCE_LAST
 2DIAGNOSTIC,     1, -5.831791862848e-01, 1.797693134862e+308, 3.5529e-01, 3.5529e-01, 
 2DIAGNOSTIC,     2, -5.856686780386e-01, 1.797693134862e+308, 3.5821e-01, 2.9190e-03, 
 2DIAGNOSTIC,     3, -5.893248097289e-01, 1.797693134862e+308, 3.6090e-01, 2.6901e-03, 
 2DIAGNOSTIC,     4, -5.940718687189e-01, 1.797693134862e+308, 3.6380e-01, 2.9058e-03, 
 2DIAGNOSTIC,     5, -6.017765541005e-01, 1.797693134862e+308, 3.6652e-01, 2.7170e-03, 
 2DIAGNOSTIC,     6, -6.187299571187e-01, 1.797693134862e+308, 3.6924e-01, 2.7170e-03, 
 2DIAGNOSTIC,     7, -6.350180045854e-01, 1.797693134862e+308, 3.7262e-01, 3.3789e-03, 
 2DIAGNOSTIC,     8, -6.368497133964e-01, 1.797693134862e+308, 3.7513e-01, 2.5160e-03, 
 2DIAGNOSTIC,     9, -6.379365230891e-01, 1.797693134862e+308, 3.7794e-01, 2.8050e-03, 
 2DIAGNOSTIC,    10, -6.468401304871e-01, 7.635718500405e-03, 3.8223e-01, 4.2901e-03, 
 2DIAGNOSTIC,    11, -6.530930507745e-01, 7.023101233373e-03, 3.8719e-01, 4.9679e-03, 
 2DIAGNOSTIC,    12, -6.529894042836e-01, 5.970745694345e-03, 3.8984e-01, 2.6472e-03, 
 2DIAGNOSTIC,    13, -6.548989447889e-01, 4.758778305032e-03, 3.9298e-01, 3.1409e-03, 
 2DIAGNOSTIC,    14, -6.558721799014e-01, 3.491134827676e-03, 3.9637e-01, 3.3832e-03, 
 2DIAGNOSTIC,    15, -6.561248394923e-01, 2.309944746644e-03, 3.9927e-01, 2.9030e-03, 
 2DIAGNOSTIC,    16, -6.567766111783e-01, 1.554211801373e-03, 4.0235e-01, 3.0770e-03, 
 2DIAGNOSTIC,    17, -6.573853377297e-01, 1.198715369580e-03, 4.0538e-01, 3.0301e-03, 
 2DIAGNOSTIC,    18, -6.576434260392e-01, 8.296470674413e-04, 4.0806e-01, 2.6801e-03, 
 2DIAGNOSTIC,    19, -6.594125713323e-01, 4.871455959529e-04, 4.1087e-01, 2.8110e-03, 
 2DIAGNOSTIC,    20, -6.601345909815e-01, 3.463057728982e-04, 4.1370e-01, 2.8341e-03, 
 2DIAGNOSTIC,    21, -6.689509430317e-01, 5.084122980100e-04, 4.1683e-01, 3.1309e-03, 
 2DIAGNOSTIC,    22, -6.919156754478e-01, 1.063727925648e-03, 4.2062e-01, 3.7870e-03, 
 2DIAGNOSTIC,    23, -7.010215238970e-01, 1.668256066984e-03, 4.2439e-01, 3.7720e-03, 
 2DIAGNOSTIC,    24, -7.017371316364e-01, 2.095780246913e-03, 4.2741e-01, 3.0179e-03, 
 2DIAGNOSTIC,    25, -7.020083602383e-01, 2.306495800456e-03, 4.3043e-01, 3.0251e-03, 
 2DIAGNOSTIC,    26, -7.018487760532e-01, 2.290645384765e-03, 4.3353e-01, 3.0959e-03, 
 2DIAGNOSTIC,    27, -7.017891460982e-01, 2.063345248303e-03, 4.3664e-01, 3.1121e-03, 
 2DIAGNOSTIC,    28, -7.017344597638e-01, 1.660603763502e-03, 4.3941e-01, 2.7690e-03, 
 2DIAGNOSTIC,    29, -7.020532291209e-01, 1.168784116055e-03, 4.4241e-01, 2.9969e-03, 
 2DIAGNOSTIC,    30, -7.018719327974e-01, 6.120022887279e-04, 4.4535e-01, 2.9421e-03, 
 2DIAGNOSTIC,    31, -7.019261012264e-01, 1.523020179147e-04, 4.4880e-01, 3.4521e-03, 
 2DIAGNOSTIC,    32, -7.025588846465e-01, 2.389217669467e-05, 4.5287e-01, 4.0629e-03, 
 2DIAGNOSTIC,    33, -7.024485738022e-01, 1.848829873056e-05, 4.5594e-01, 3.0770e-03, 
 2DIAGNOSTIC,    34, -7.023393383202e-01, 1.939022773623e-05, 4.5892e-01, 2.9750e-03, 
 2DIAGNOSTIC,    35, -7.023444343299e-01, 2.208567436730e-05, 4.6158e-01, 2.6641e-03, 
 2DIAGNOSTIC,    36, -7.022386542774e-01, 1.946399098643e-05, 4.6430e-01, 2.7170e-03, 
 2DIAGNOSTIC,    37, -7.022527164637e-01, 1.462724203896e-05, 4.6694e-01, 2.6429e-03, 
 2DIAGNOSTIC,    38, -7.022826097587e-01, 8.339323259252e-06, 4.7001e-01, 3.0651e-03, 
 2DIAGNOSTIC,    39, -7.025704279597e-01, 8.489838077851e-06, 4.7346e-01, 3.4559e-03, 
 2DIAGNOSTIC,    40, -7.028557601290e-01, 8.985131044383e-06, 4.7652e-01, 3.0570e-03, 
 2DIAGNOSTIC,    41, -7.030112940446e-01, 1.060744225352e-05, 4.7987e-01, 3.3510e-03, 
 2DIAGNOSTIC,    42, -7.029014370705e-01, 1.656141863721e-05, 4.8293e-01, 3.0639e-03, 
 2DIAGNOSTIC,    43, -7.029107625865e-01, 1.981742972107e-05, 4.8564e-01, 2.7061e-03, 
 2DIAGNOSTIC,    44, -7.028097466815e-01, 1.901436663881e-05, 4.8823e-01, 2.5909e-03, 
 2DIAGNOSTIC,    45, -7.028121152373e-01, 1.655982692421e-05, 4.9083e-01, 2.6009e-03, 
 2DIAGNOSTIC,    46, -7.028140214204e-01, 1.175176265422e-05, 4.9390e-01, 3.0680e-03, 
 2DIAGNOSTIC,    47, -7.028148375806e-01, 6.297859510160e-06, 5.0360e-01, 9.7041e-03, 
DIAGNOSTIC,Iteration,metricValue,convergenceValue,ITERATION_TIME_INDEX,SINCE_LAST
 2DIAGNOSTIC,     1, -5.532292406302e-01, 1.797693134862e+308, 8.7437e-01, 3.7077e-01, 
 2DIAGNOSTIC,     2, -5.535499760142e-01, 1.797693134862e+308, 8.9597e-01, 2.1597e-02, 
 2DIAGNOSTIC,     3, -5.539290504197e-01, 1.797693134862e+308, 9.1651e-01, 2.0533e-02, 
 2DIAGNOSTIC,     4, -5.543687760648e-01, 1.797693134862e+308, 9.3710e-01, 2.0597e-02, 
 2DIAGNOSTIC,     5, -5.550236937212e-01, 1.797693134862e+308, 9.5804e-01, 2.0938e-02, 
 2DIAGNOSTIC,     6, -5.559401160737e-01, 1.797693134862e+308, 9.7759e-01, 1.9546e-02, 
 2DIAGNOSTIC,     7, -5.591534723002e-01, 1.797693134862e+308, 1.0059e+00, 2.8275e-02, 
 2DIAGNOSTIC,     8, -5.597235293301e-01, 1.797693134862e+308, 1.0323e+00, 2.6418e-02, 
 2DIAGNOSTIC,     9, -5.597382066630e-01, 1.797693134862e+308, 1.0545e+00, 2.2173e-02, 
 2DIAGNOSTIC,    10, -5.597509124619e-01, 9.420273047240e-04, 1.0761e+00, 2.1685e-02, 
 2DIAGNOSTIC,    11, -5.597590742555e-01, 8.285013779322e-04, 1.0963e+00, 2.0190e-02, 
 2DIAGNOSTIC,    12, -5.597936514408e-01, 6.727846886546e-04, 1.1195e+00, 2.3152e-02, 
 2DIAGNOSTIC,    13, -5.598156920519e-01, 4.959104264188e-04, 1.1395e+00, 2.0034e-02, 
 2DIAGNOSTIC,    14, -5.598417478013e-01, 3.181072700816e-04, 1.1596e+00, 2.0060e-02, 
 2DIAGNOSTIC,    15, -5.599212141491e-01, 1.609701187111e-04, 1.1849e+00, 2.5297e-02, 
 2DIAGNOSTIC,    16, -5.600507682501e-01, 3.953428558888e-05, 1.2105e+00, 2.5677e-02, 
 2DIAGNOSTIC,    17, -5.600578937047e-01, 2.493016167505e-05, 1.2366e+00, 2.6050e-02, 
 2DIAGNOSTIC,    18, -5.600483151408e-01, 2.574002472471e-05, 1.2569e+00, 2.0259e-02, 
 2DIAGNOSTIC,    19, -5.600389446861e-01, 2.443835561819e-05, 1.2776e+00, 2.0768e-02, 
 2DIAGNOSTIC,    20, -5.600410030678e-01, 2.150032454371e-05, 1.3463e+00, 6.8692e-02, 
 2DIAGNOSTIC,    21, -5.600410030049e-01, 1.711078462135e-05, 1.4174e+00, 7.1042e-02, 
 2DIAGNOSTIC,    22, -5.600410030049e-01, 1.247243112384e-05, 1.4428e+00, 2.5490e-02, 
 2DIAGNOSTIC,    23, -5.600410030049e-01, 7.751099530592e-06, 1.4673e+00, 2.4427e-02, 
 2DIAGNOSTIC,    24, -5.600410030049e-01, 3.371491699301e-06, 1.4907e+00, 2.3431e-02, 
DIAGNOSTIC,Iteration,metricValue,convergenceValue,ITERATION_TIME_INDEX,SINCE_LAST
 2DIAGNOSTIC,     1, -4.856367968080e-01, 1.797693134862e+308, 2.0649e+00, 5.7420e-01, 
 2DIAGNOSTIC,     2, -4.860192439678e-01, 1.797693134862e+308, 2.2030e+00, 1.3808e-01, 
 2DIAGNOSTIC,     3, -4.863522918950e-01, 1.797693134862e+308, 2.3429e+00, 1.3994e-01, 
 2DIAGNOSTIC,     4, -4.864668057593e-01, 1.797693134862e+308, 2.4812e+00, 1.3830e-01, 
 2DIAGNOSTIC,     5, -4.864936186603e-01, 1.797693134862e+308, 2.6624e+00, 1.8116e-01, 
 2DIAGNOSTIC,     6, -4.864939214991e-01, 1.797693134862e+308, 2.8402e+00, 1.7786e-01, 
 2DIAGNOSTIC,     7, -4.864914754564e-01, 1.797693134862e+308, 3.0568e+00, 2.1657e-01, 
 2DIAGNOSTIC,     8, -4.864891157981e-01, 1.797693134862e+308, 3.2341e+00, 1.7729e-01, 
 2DIAGNOSTIC,     9, -4.864893729459e-01, 1.797693134862e+308, 3.3953e+00, 1.6115e-01, 
 2DIAGNOSTIC,    10, -4.864885963009e-01, 8.324921741278e-05, 3.5329e+00, 1.3763e-01, 
 2DIAGNOSTIC,    11, -4.864869732667e-01, 3.477442051462e-05, 3.6912e+00, 1.5830e-01, 
 2DIAGNOSTIC,    12, -4.864875372042e-01, 9.801162731693e-06, 3.8688e+00, 1.7762e-01, 
 2DIAGNOSTIC,    13, -4.864867483757e-01, 2.827289106902e-06, 4.0268e+00, 1.5796e-01, 
 2DIAGNOSTIC,    14, -4.864849895895e-01, 1.488413026593e-06, 4.1654e+00, 1.3862e-01, 
 2DIAGNOSTIC,    15, -4.864854269537e-01, 1.460887773488e-06, 4.3661e+00, 2.0069e-01, 
 2DIAGNOSTIC,    16, -4.864855731860e-01, 1.514748369444e-06, 4.5434e+00, 1.7732e-01, 
 2DIAGNOSTIC,    17, -4.864836342759e-01, 1.456204747612e-06, 4.7009e+00, 1.5753e-01, 
 2DIAGNOSTIC,    18, -4.864827380076e-01, 1.338104245741e-06, 4.8611e+00, 1.6016e-01, 
 2DIAGNOSTIC,    19, -4.864818431267e-01, 1.254079187982e-06, 4.9999e+00, 1.3885e-01, 
 2DIAGNOSTIC,    20, -4.864820363358e-01, 1.201129114038e-06, 5.1397e+00, 1.3980e-01, 
 2DIAGNOSTIC,    21, -4.864833677373e-01, 1.179115759829e-06, 5.2967e+00, 1.5692e-01, 
 2DIAGNOSTIC,    22, -4.864848281798e-01, 1.244058292126e-06, 5.4515e+00, 1.5481e-01, 
 2DIAGNOSTIC,    23, -4.864842084355e-01, 1.288030787437e-06, 5.6083e+00, 1.5686e-01, 
 2DIAGNOSTIC,    24, -4.864825719158e-01, 1.255390766883e-06, 5.7647e+00, 1.5638e-01, 
 2DIAGNOSTIC,    25, -4.864821056665e-01, 1.231652642320e-06, 5.9247e+00, 1.5997e-01, 
 2DIAGNOSTIC,    26, -4.864814488292e-01, 1.201776673336e-06, 6.0804e+00, 1.5576e-01, 
 2DIAGNOSTIC,    27, -4.864799255123e-01, 1.100756034836e-06, 6.2356e+00, 1.5513e-01, 
DIAGNOSTIC,Iteration,metricValue,convergenceValue,ITERATION_TIME_INDEX,SINCE_LAST
 2DIAGNOSTIC,     1, -4.419727075406e-01, 1.797693134862e+308, 7.7974e+00, 1.5619e+00, 
 2DIAGNOSTIC,     2, -4.420632687406e-01, 1.797693134862e+308, 8.6934e+00, 8.9599e-01, 
 2DIAGNOSTIC,     3, -4.421382595051e-01, 1.797693134862e+308, 1.0052e+01, 1.3586e+00, 
 2DIAGNOSTIC,     4, -4.421383680614e-01, 1.797693134862e+308, 1.1189e+01, 1.1366e+00, 
 2DIAGNOSTIC,     5, -4.421380043209e-01, 1.797693134862e+308, 1.2324e+01, 1.1355e+00, 
 2DIAGNOSTIC,     6, -4.421377551910e-01, 1.797693134862e+308, 1.3567e+01, 1.2433e+00, 
 2DIAGNOSTIC,     7, -4.421376883799e-01, 1.797693134862e+308, 1.4591e+01, 1.0233e+00, 
 2DIAGNOSTIC,     8, -4.421377141357e-01, 1.797693134862e+308, 1.5606e+01, 1.0152e+00, 
 2DIAGNOSTIC,     9, -4.421375201593e-01, 1.797693134862e+308, 1.6736e+01, 1.1297e+00, 
 2DIAGNOSTIC,    10, -4.421375304550e-01, 1.789847806105e-05, 1.7747e+01, 1.0113e+00, 
 2DIAGNOSTIC,    11, -4.421374321167e-01, 7.145494688138e-06, 1.8652e+01, 9.0480e-01, 
 2DIAGNOSTIC,    12, -4.421373403998e-01, 2.534437615803e-06, 1.9548e+01, 8.9631e-01, 
 2DIAGNOSTIC,    13, -4.421373693713e-01, 2.352506485948e-06, 2.0456e+01, 9.0750e-01, 
 2DIAGNOSTIC,    14, -4.421376337454e-01, 2.222546540989e-06, 2.1586e+01, 1.1299e+00, 
 2DIAGNOSTIC,    15, -4.421377672257e-01, 2.104538544059e-06, 2.2601e+01, 1.0156e+00, 
 2DIAGNOSTIC,    16, -4.421377828089e-01, 1.993419129515e-06, 2.3624e+01, 1.0230e+00, 
 2DIAGNOSTIC,    17, -4.421376957182e-01, 1.889237140749e-06, 2.4533e+01, 9.0907e-01, 
 2DIAGNOSTIC,    18, -4.421377330204e-01, 1.797498269097e-06, 2.5560e+01, 1.0271e+00, 
 2DIAGNOSTIC,    19, -4.421375696326e-01, 1.700189635773e-06, 2.6794e+01, 1.2334e+00, 
 2DIAGNOSTIC,    20, -4.421374771588e-01, 1.607643995101e-06, 2.7816e+01, 1.0220e+00, 
 2DIAGNOSTIC,    21, -4.421373789146e-01, 1.516550746761e-06, 2.8724e+01, 9.0869e-01, 
 2DIAGNOSTIC,    22, -4.421371787953e-01, 1.425189447936e-06, 2.9626e+01, 9.0153e-01, 
 2DIAGNOSTIC,    23, -4.421369897237e-01, 1.339173600359e-06, 3.0650e+01, 1.0242e+00, 
 2DIAGNOSTIC,    24, -4.421372474823e-01, 1.278406694422e-06, 3.1658e+01, 1.0081e+00, 
 2DIAGNOSTIC,    25, -4.421372866783e-01, 1.231068576669e-06, 3.2669e+01, 1.0103e+00, 
 2DIAGNOSTIC,    26, -4.421371246077e-01, 1.187687944923e-06, 3.3693e+01, 1.0250e+00, 
 2DIAGNOSTIC,    27, -4.421371867914e-01, 1.150518728711e-06, 3.4821e+01, 1.1276e+00, 
 2DIAGNOSTIC,    28, -4.421371026474e-01, 1.117579526706e-06, 3.5845e+01, 1.0238e+00, 
 2DIAGNOSTIC,    29, -4.421370099935e-01, 1.082872467278e-06, 3.6869e+01, 1.0240e+00, 
 2DIAGNOSTIC,    30, -4.421369116123e-01, 1.047694963861e-06, 3.7890e+01, 1.0213e+00, 
 2DIAGNOSTIC,    31, -4.421367065498e-01, 1.009910030117e-06, 3.8903e+01, 1.0129e+00, 
  Elapsed time (stage 0): 3.9551e+01


Stage 1
  iterations = 1000x500x250x100
  convergence threshold = 1.0000e-06
  convergence window size = 10
  number of levels = 4
  using the Mattes MI metric (number of bins = 32, weight = 1.0000e+00, use gradient filter = 0)
  preprocessing:  winsorizing the image intensities
  Shrink factors (level 1 out of 4): [8, 8, 8]
  Shrink factors (level 2 out of 4): [4, 4, 4]
  Shrink factors (level 3 out of 4): [2, 2, 2]
  Shrink factors (level 4 out of 4): [1, 1, 1]
  smoothing sigmas per level: [3, 2, 1, 0]
  regular sampling (percentage = 2.5000e-01)

*** Running AffineTransform registration ***

DIAGNOSTIC,Iteration,metricValue,convergenceValue,ITERATION_TIME_INDEX,SINCE_LAST
 2DIAGNOSTIC,     1, -6.993948328400e-01, 1.797693134862e+308, 3.4482e-01, 3.4482e-01, 
 2DIAGNOSTIC,     2, -7.014793128905e-01, 1.797693134862e+308, 3.5023e-01, 5.4159e-03, 
 2DIAGNOSTIC,     3, -7.051318598138e-01, 1.797693134862e+308, 3.5361e-01, 3.3760e-03, 
 2DIAGNOSTIC,     4, -7.106211108193e-01, 1.797693134862e+308, 3.5676e-01, 3.1459e-03, 
 2DIAGNOSTIC,     5, -7.216257464293e-01, 1.797693134862e+308, 3.5991e-01, 3.1540e-03, 
 2DIAGNOSTIC,     6, -7.399837272111e-01, 1.797693134862e+308, 3.6346e-01, 3.5520e-03, 
 2DIAGNOSTIC,     7, -7.635940115305e-01, 1.797693134862e+308, 3.6693e-01, 3.4721e-03, 
 2DIAGNOSTIC,     8, -7.955631343007e-01, 1.797693134862e+308, 3.7118e-01, 4.2431e-03, 
 2DIAGNOSTIC,     9, -7.990272349891e-01, 1.797693134862e+308, 3.7442e-01, 3.2442e-03, 
 2DIAGNOSTIC,    10, -8.069266312242e-01, 1.084752150055e-02, 3.7869e-01, 4.2670e-03, 
 2DIAGNOSTIC,    11, -8.152190813412e-01, 1.043573113533e-02, 3.8283e-01, 4.1418e-03, 
 2DIAGNOSTIC,    12, -8.159771146823e-01, 9.240735280138e-03, 3.8665e-01, 3.8230e-03, 
 2DIAGNOSTIC,    13, -8.172168795601e-01, 7.548915644296e-03, 3.9072e-01, 4.0638e-03, 
 2DIAGNOSTIC,    14, -8.185678495661e-01, 5.619393826495e-03, 3.9449e-01, 3.7739e-03, 
 2DIAGNOSTIC,    15, -8.191008262356e-01, 3.739944637621e-03, 3.9862e-01, 4.1320e-03, 
 2DIAGNOSTIC,    16, -8.195950333317e-01, 2.193395507306e-03, 4.0232e-01, 3.6969e-03, 
 2DIAGNOSTIC,    17, -8.200892637174e-01, 1.141697984785e-03, 4.0573e-01, 3.4070e-03, 
 2DIAGNOSTIC,    18, -8.205334378451e-01, 7.689476086292e-04, 4.0926e-01, 3.5331e-03, 
 2DIAGNOSTIC,    19, -8.206995915230e-01, 4.335537285581e-04, 4.1350e-01, 4.2360e-03, 
 2DIAGNOSTIC,    20, -8.207536671500e-01, 2.340507956169e-04, 4.1750e-01, 4.0040e-03, 
 2DIAGNOSTIC,    21, -8.209540709357e-01, 1.797568011389e-04, 4.2091e-01, 3.4139e-03, 
 2DIAGNOSTIC,    22, -8.210397762567e-01, 1.274983255253e-04, 4.2500e-01, 4.0891e-03, 
 2DIAGNOSTIC,    23, -8.211258873890e-01, 8.851922127134e-05, 4.2825e-01, 3.2489e-03, 
 2DIAGNOSTIC,    24, -8.212060122395e-01, 6.621746883901e-05, 4.3154e-01, 3.2861e-03, 
 2DIAGNOSTIC,    25, -8.215438829196e-01, 5.218777840821e-05, 4.3613e-01, 4.5891e-03, 
 2DIAGNOSTIC,    26, -8.216897883426e-01, 4.311246070868e-05, 4.4003e-01, 3.8989e-03, 
 2DIAGNOSTIC,    27, -8.218532880884e-01, 3.939359072505e-05, 4.4383e-01, 3.8080e-03, 
 2DIAGNOSTIC,    28, -8.220536359928e-01, 4.060026902273e-05, 4.4711e-01, 3.2711e-03, 
 2DIAGNOSTIC,    29, -8.221627289169e-01, 4.137412401603e-05, 4.5036e-01, 3.2561e-03, 
 2DIAGNOSTIC,    30, -8.223311971066e-01, 4.085215412766e-05, 4.5401e-01, 3.6500e-03, 
 2DIAGNOSTIC,    31, -8.224940611645e-01, 4.073656759740e-05, 4.5817e-01, 4.1599e-03, 
 2DIAGNOSTIC,    32, -8.231543380906e-01, 4.517810007251e-05, 4.6188e-01, 3.7122e-03, 
 2DIAGNOSTIC,    33, -8.231630469477e-01, 4.602643361437e-05, 4.6664e-01, 4.7579e-03, 
 2DIAGNOSTIC,    34, -8.231938648490e-01, 4.373342683591e-05, 4.7039e-01, 3.7451e-03, 
 2DIAGNOSTIC,    35, -8.231159871527e-01, 4.023081993538e-05, 4.7411e-01, 3.7270e-03, 
 2DIAGNOSTIC,    36, -8.230038993636e-01, 3.349315363638e-05, 4.7782e-01, 3.7060e-03, 
 2DIAGNOSTIC,    37, -8.228921091755e-01, 2.442533437963e-05, 4.8202e-01, 4.2009e-03, 
 2DIAGNOSTIC,    38, -8.227749791183e-01, 1.437913657750e-05, 4.8621e-01, 4.1850e-03, 
 2DIAGNOSTIC,    39, -8.226558500240e-01, 3.554238301184e-06, 4.8997e-01, 3.7611e-03, 
DIAGNOSTIC,Iteration,metricValue,convergenceValue,ITERATION_TIME_INDEX,SINCE_LAST
 2DIAGNOSTIC,     1, -6.977381152392e-01, 1.797693134862e+308, 8.7522e-01, 3.8525e-01, 
 2DIAGNOSTIC,     2, -6.981959158735e-01, 1.797693134862e+308, 9.0065e-01, 2.5431e-02, 
 2DIAGNOSTIC,     3, -6.986582700499e-01, 1.797693134862e+308, 9.2534e-01, 2.4697e-02, 
 2DIAGNOSTIC,     4, -6.990967504386e-01, 1.797693134862e+308, 9.4957e-01, 2.4224e-02, 
 2DIAGNOSTIC,     5, -6.996088635535e-01, 1.797693134862e+308, 9.7406e-01, 2.4496e-02, 
 2DIAGNOSTIC,     6, -7.000124378427e-01, 1.797693134862e+308, 9.9845e-01, 2.4386e-02, 
 2DIAGNOSTIC,     7, -7.003694673898e-01, 1.797693134862e+308, 1.0282e+00, 2.9769e-02, 
 2DIAGNOSTIC,     8, -7.005436640343e-01, 1.797693134862e+308, 1.0722e+00, 4.3949e-02, 
 2DIAGNOSTIC,     9, -7.005863269773e-01, 1.797693134862e+308, 1.1002e+00, 2.8005e-02, 
 2DIAGNOSTIC,    10, -7.005852849450e-01, 2.843307228527e-04, 1.1302e+00, 3.0054e-02, 
 2DIAGNOSTIC,    11, -7.005840301172e-01, 2.101732965303e-04, 1.1544e+00, 2.4209e-02, 
 2DIAGNOSTIC,    12, -7.005594147282e-01, 1.442304808294e-04, 1.1791e+00, 2.4710e-02, 
 2DIAGNOSTIC,    13, -7.005493034716e-01, 8.967914400979e-05, 1.2068e+00, 2.7657e-02, 
 2DIAGNOSTIC,    14, -7.005574034076e-01, 4.780441022287e-05, 1.2348e+00, 2.7980e-02, 
 2DIAGNOSTIC,    15, -7.005520157458e-01, 2.093623675709e-05, 1.2590e+00, 2.4228e-02, 
 2DIAGNOSTIC,    16, -7.005391261834e-01, 5.435886970828e-06, 1.2868e+00, 2.7817e-02, 
DIAGNOSTIC,Iteration,metricValue,convergenceValue,ITERATION_TIME_INDEX,SINCE_LAST
 2DIAGNOSTIC,     1, -5.962285949950e-01, 1.797693134862e+308, 1.9055e+00, 6.1865e-01, 
 2DIAGNOSTIC,     2, -5.965334112347e-01, 1.797693134862e+308, 2.0803e+00, 1.7483e-01, 
 2DIAGNOSTIC,     3, -5.970446443867e-01, 1.797693134862e+308, 2.2578e+00, 1.7753e-01, 
 2DIAGNOSTIC,     4, -5.977478307701e-01, 1.797693134862e+308, 2.4343e+00, 1.7652e-01, 
 2DIAGNOSTIC,     5, -5.983376522690e-01, 1.797693134862e+308, 2.6354e+00, 2.0108e-01, 
 2DIAGNOSTIC,     6, -5.997010352546e-01, 1.797693134862e+308, 2.8949e+00, 2.5945e-01, 
 2DIAGNOSTIC,     7, -5.997406097550e-01, 1.797693134862e+308, 3.0920e+00, 1.9717e-01, 
 2DIAGNOSTIC,     8, -5.997242350843e-01, 1.797693134862e+308, 3.3688e+00, 2.7675e-01, 
 2DIAGNOSTIC,     9, -5.997261382400e-01, 1.797693134862e+308, 3.6065e+00, 2.3767e-01, 
 2DIAGNOSTIC,    10, -5.997255245686e-01, 4.459469176298e-04, 3.8680e+00, 2.6153e-01, 
 2DIAGNOSTIC,    11, -5.997246562769e-01, 3.299173628753e-04, 4.0715e+00, 2.0347e-01, 
 2DIAGNOSTIC,    12, -5.997223822174e-01, 2.158234605184e-04, 4.2472e+00, 1.7577e-01, 
 2DIAGNOSTIC,    13, -5.997228148303e-01, 1.190906871620e-04, 4.4454e+00, 1.9814e-01, 
 2DIAGNOSTIC,    14, -5.997218289249e-01, 4.941556500783e-05, 4.6193e+00, 1.7392e-01, 
 2DIAGNOSTIC,    15, -5.997210352359e-01, 2.145847059473e-06, 4.8147e+00, 1.9538e-01, 
 2DIAGNOSTIC,    16, -5.997202406803e-01, 1.165337923048e-06, 5.0137e+00, 1.9901e-01, 
 2DIAGNOSTIC,    17, -5.997170051553e-01, 1.405093161683e-06, 5.2081e+00, 1.9446e-01, 
 2DIAGNOSTIC,    18, -5.997174162054e-01, 1.240629871981e-06, 5.3828e+00, 1.7463e-01, 
 2DIAGNOSTIC,    19, -5.997168448523e-01, 1.173851458459e-06, 5.5551e+00, 1.7236e-01, 
 2DIAGNOSTIC,    20, -5.997180135294e-01, 1.173425141943e-06, 5.7516e+00, 1.9644e-01, 
 2DIAGNOSTIC,    21, -5.997184031996e-01, 1.202349118476e-06, 5.9295e+00, 1.7795e-01, 
 2DIAGNOSTIC,    22, -5.997186507644e-01, 1.214522891375e-06, 6.1231e+00, 1.9359e-01, 
 2DIAGNOSTIC,    23, -5.997166356101e-01, 1.215393614078e-06, 6.3586e+00, 2.3547e-01, 
 2DIAGNOSTIC,    24, -5.997170723728e-01, 1.221785445871e-06, 6.5333e+00, 1.7474e-01, 
 2DIAGNOSTIC,    25, -5.997125318315e-01, 1.135144463281e-06, 6.7062e+00, 1.7286e-01, 
 2DIAGNOSTIC,    26, -5.997108785833e-01, 1.026792803088e-06, 6.8793e+00, 1.7309e-01, 
DIAGNOSTIC,Iteration,metricValue,convergenceValue,ITERATION_TIME_INDEX,SINCE_LAST
 2DIAGNOSTIC,     1, -5.350957302219e-01, 1.797693134862e+308, 8.8024e+00, 1.9231e+00, 
 2DIAGNOSTIC,     2, -5.353496171385e-01, 1.797693134862e+308, 9.9886e+00, 1.1862e+00, 
 2DIAGNOSTIC,     3, -5.355496337346e-01, 1.797693134862e+308, 1.1176e+01, 1.1875e+00, 
 2DIAGNOSTIC,     4, -5.359156119677e-01, 1.797693134862e+308, 1.2736e+01, 1.5603e+00, 
 2DIAGNOSTIC,     5, -5.359277520390e-01, 1.797693134862e+308, 1.5194e+01, 2.4580e+00, 
 2DIAGNOSTIC,     6, -5.359278632198e-01, 1.797693134862e+308, 1.6655e+01, 1.4603e+00, 
 2DIAGNOSTIC,     7, -5.359275219746e-01, 1.797693134862e+308, 1.8108e+01, 1.4537e+00, 
 2DIAGNOSTIC,     8, -5.359274122105e-01, 1.797693134862e+308, 1.9426e+01, 1.3174e+00, 
 2DIAGNOSTIC,     9, -5.359272995666e-01, 1.797693134862e+308, 2.0628e+01, 1.2025e+00, 
 2DIAGNOSTIC,    10, -5.359272014371e-01, 8.843082673801e-05, 2.1957e+01, 1.3288e+00, 
 2DIAGNOSTIC,    11, -5.359270905898e-01, 4.703195152900e-05, 2.3282e+01, 1.3244e+00, 
 2DIAGNOSTIC,    12, -5.359269715781e-01, 1.974561242578e-05, 2.4476e+01, 1.1941e+00, 
 2DIAGNOSTIC,    13, -5.359265950665e-01, 2.838881673239e-06, 2.5671e+01, 1.1950e+00, 
 2DIAGNOSTIC,    14, -5.359265032864e-01, 2.162449965232e-06, 2.6998e+01, 1.3274e+00, 
 2DIAGNOSTIC,    15, -5.359262952843e-01, 2.007868539669e-06, 2.8318e+01, 1.3202e+00, 
 2DIAGNOSTIC,    16, -5.359262321285e-01, 1.884858325321e-06, 2.9634e+01, 1.3159e+00, 
 2DIAGNOSTIC,    17, -5.359261438261e-01, 1.772522239527e-06, 3.0965e+01, 1.3311e+00, 
 2DIAGNOSTIC,    18, -5.359260499169e-01, 1.675985407075e-06, 3.2286e+01, 1.3204e+00, 
 2DIAGNOSTIC,    19, -5.359259558761e-01, 1.592435056735e-06, 3.3615e+01, 1.3290e+00, 
 2DIAGNOSTIC,    20, -5.359257450460e-01, 1.516668469356e-06, 3.5314e+01, 1.6996e+00, 
 2DIAGNOSTIC,    21, -5.359256229806e-01, 1.449212256095e-06, 3.6635e+01, 1.3207e+00, 
 2DIAGNOSTIC,    22, -5.359252318745e-01, 1.381921659230e-06, 3.7832e+01, 1.1967e+00, 
 2DIAGNOSTIC,    23, -5.359252495790e-01, 1.318391948966e-06, 3.9032e+01, 1.2007e+00, 
 2DIAGNOSTIC,    24, -5.359250118851e-01, 1.258939114360e-06, 4.0253e+01, 1.2203e+00, 
 2DIAGNOSTIC,    25, -5.359249287352e-01, 1.204414962618e-06, 4.1573e+01, 1.3198e+00, 
 2DIAGNOSTIC,    26, -5.359244260275e-01, 1.149033822839e-06, 4.3136e+01, 1.5632e+00, 
 2DIAGNOSTIC,    27, -5.359244370019e-01, 1.103548153761e-06, 4.4587e+01, 1.4509e+00, 
 2DIAGNOSTIC,    28, -5.359243081609e-01, 1.064000235265e-06, 4.5911e+01, 1.3247e+00, 
 2DIAGNOSTIC,    29, -5.359241787299e-01, 1.029876663179e-06, 4.7104e+01, 1.1930e+00, 
  Elapsed time (stage 1): 4.7956e+01


Stage 2
  iterations = 100x70x50x20
  convergence threshold = 1.0000e-06
  convergence window size = 10
  number of levels = 4
  using the CC metric (radius = 4, weight = 1.0000e+00, use gradient filter = 0)
  preprocessing:  winsorizing the image intensities
  Shrink factors (level 1 out of 4): [8, 8, 8]
  Shrink factors (level 2 out of 4): [4, 4, 4]
  Shrink factors (level 3 out of 4): [2, 2, 2]
  Shrink factors (level 4 out of 4): [1, 1, 1]
  smoothing sigmas per level: [3, 2, 1, 0]
  Using default NONE metricSamplingStrategy 

*** Running SyN registration (varianceForUpdateField = 3.0000e+00, varianceForTotalField = 0.0000e+00) ***

XXDIAGNOSTIC,Iteration,metricValue,convergenceValue,ITERATION_TIME_INDEX,SINCE_LAST
 1DIAGNOSTIC,     1, -9.322644713169e-01, 1.797693134862e+308, 4.5373e-01, 4.5373e-01, 
 1DIAGNOSTIC,     2, -9.393647079544e-01, 1.797693134862e+308, 6.1163e-01, 1.5790e-01, 
 1DIAGNOSTIC,     3, -9.453480013576e-01, 1.797693134862e+308, 7.6094e-01, 1.4931e-01, 
 1DIAGNOSTIC,     4, -9.490670741749e-01, 1.797693134862e+308, 9.1261e-01, 1.5167e-01, 
 1DIAGNOSTIC,     5, -9.517368321555e-01, 1.797693134862e+308, 1.0626e+00, 1.5002e-01, 
 1DIAGNOSTIC,     6, -9.538507759990e-01, 1.797693134862e+308, 1.2195e+00, 1.5692e-01, 
 1DIAGNOSTIC,     7, -9.573708132873e-01, 1.797693134862e+308, 1.3745e+00, 1.5492e-01, 
 1DIAGNOSTIC,     8, -9.634306521572e-01, 1.797693134862e+308, 1.5316e+00, 1.5718e-01, 
 1DIAGNOSTIC,     9, -9.672076481143e-01, 1.797693134862e+308, 1.6855e+00, 1.5387e-01, 
 1DIAGNOSTIC,    10, -9.682388479680e-01, 2.306604297282e-03, 1.8361e+00, 1.5058e-01, 
 1DIAGNOSTIC,    11, -9.689347113288e-01, 1.853404545771e-03, 1.9872e+00, 1.5114e-01, 
 1DIAGNOSTIC,    12, -9.695766662607e-01, 1.499963942140e-03, 2.1375e+00, 1.5030e-01, 
 1DIAGNOSTIC,    13, -9.699662864429e-01, 1.208484389741e-03, 2.2952e+00, 1.5766e-01, 
 1DIAGNOSTIC,    14, -9.704600623322e-01, 9.374150210204e-04, 2.4476e+00, 1.5241e-01, 
 1DIAGNOSTIC,    15, -9.706915215808e-01, 6.759243049044e-04, 2.5998e+00, 1.5220e-01, 
 1DIAGNOSTIC,    16, -9.712248488316e-01, 4.351728422207e-04, 2.7541e+00, 1.5428e-01, 
 1DIAGNOSTIC,    17, -9.713504908945e-01, 2.444380413431e-04, 2.9057e+00, 1.5157e-01, 
 1DIAGNOSTIC,    18, -9.717463209761e-01, 1.573858573792e-04, 3.0562e+00, 1.5058e-01, 
 1DIAGNOSTIC,    19, -9.718294673941e-01, 1.249064435937e-04, 3.2041e+00, 1.4787e-01, 
 1DIAGNOSTIC,    20, -9.721570747374e-01, 1.042045915697e-04, 3.3537e+00, 1.4962e-01, 
 1DIAGNOSTIC,    21, -9.721833747272e-01, 8.584641686742e-05, 3.5061e+00, 1.5241e-01, 
 1DIAGNOSTIC,    22, -9.724234778819e-01, 7.310607550481e-05, 3.6608e+00, 1.5466e-01, 
 1DIAGNOSTIC,    23, -9.724089195036e-01, 5.945019357155e-05, 3.8131e+00, 1.5235e-01, 
 1DIAGNOSTIC,    24, -9.726239056962e-01, 5.023098435609e-05, 3.9625e+00, 1.4930e-01, 
 1DIAGNOSTIC,    25, -9.725813460322e-01, 3.920961788004e-05, 4.1126e+00, 1.5015e-01, 
 1DIAGNOSTIC,    26, -9.727625410008e-01, 3.361717382085e-05, 4.2615e+00, 1.4889e-01, 
 1DIAGNOSTIC,    27, -9.726992129141e-01, 2.595017066003e-05, 4.4109e+00, 1.4943e-01, 
 1DIAGNOSTIC,    28, -9.728561565298e-01, 2.235558649601e-05, 4.5616e+00, 1.5068e-01, 
 1DIAGNOSTIC,    29, -9.727783685486e-01, 1.695242644137e-05, 4.7133e+00, 1.5171e-01, 
 1DIAGNOSTIC,    30, -9.729221531639e-01, 1.508131919833e-05, 4.8689e+00, 1.5556e-01, 
 1DIAGNOSTIC,    31, -9.728329003309e-01, 1.132547368358e-05, 5.0239e+00, 1.5500e-01, 
 1DIAGNOSTIC,    32, -9.729765261419e-01, 1.040666405163e-05, 5.1737e+00, 1.4986e-01, 
 1DIAGNOSTIC,    33, -9.728779996706e-01, 7.566602791657e-06, 5.3221e+00, 1.4839e-01, 
 1DIAGNOSTIC,    34, -9.730185921977e-01, 7.393466582226e-06, 5.4709e+00, 1.4875e-01, 
 1DIAGNOSTIC,    35, -9.729139501780e-01, 5.312929261481e-06, 5.6206e+00, 1.4976e-01, 
 1DIAGNOSTIC,    36, -9.730445591004e-01, 5.525553365634e-06, 5.7688e+00, 1.4813e-01, 
 1DIAGNOSTIC,    37, -9.729358149379e-01, 3.858724871408e-06, 5.9226e+00, 1.5388e-01, 
 1DIAGNOSTIC,    38, -9.730581601089e-01, 4.202228841021e-06, 6.0704e+00, 1.4771e-01, 
 1DIAGNOSTIC,    39, -9.729455572001e-01, 2.719466250568e-06, 6.2238e+00, 1.5340e-01, 
 1DIAGNOSTIC,    40, -9.730585958450e-01, 3.063303787135e-06, 6.3788e+00, 1.5508e-01, 
 1DIAGNOSTIC,    41, -9.729430725295e-01, 1.656853790357e-06, 6.5275e+00, 1.4865e-01, 
 1DIAGNOSTIC,    42, -9.730479701430e-01, 2.017782877596e-06, 6.6770e+00, 1.4953e-01, 
 1DIAGNOSTIC,    43, -9.729329824992e-01, 7.361064962089e-07, 6.8316e+00, 1.5462e-01, 
XXDIAGNOSTIC,Iteration,metricValue,convergenceValue,ITERATION_TIME_INDEX,SINCE_LAST
 1DIAGNOSTIC,     1, -9.152493808485e-01, 1.797693134862e+308, 8.3419e+00, 1.5103e+00, 
 1DIAGNOSTIC,     2, -9.184873708880e-01, 1.797693134862e+308, 9.5668e+00, 1.2248e+00, 
 1DIAGNOSTIC,     3, -9.223402015952e-01, 1.797693134862e+308, 1.0774e+01, 1.2076e+00, 
 1DIAGNOSTIC,     4, -9.255378640606e-01, 1.797693134862e+308, 1.1978e+01, 1.2037e+00, 
 1DIAGNOSTIC,     5, -9.284604271316e-01, 1.797693134862e+308, 1.3169e+01, 1.1913e+00, 
 1DIAGNOSTIC,     6, -9.308901811788e-01, 1.797693134862e+308, 1.4366e+01, 1.1968e+00, 
 1DIAGNOSTIC,     7, -9.327903633138e-01, 1.797693134862e+308, 1.5559e+01, 1.1924e+00, 
 1DIAGNOSTIC,     8, -9.343594214684e-01, 1.797693134862e+308, 1.6747e+01, 1.1887e+00, 
 1DIAGNOSTIC,     9, -9.354838018160e-01, 1.797693134862e+308, 1.7943e+01, 1.1952e+00, 
 1DIAGNOSTIC,    10, -9.364046747328e-01, 1.480265018506e-03, 1.9130e+01, 1.1871e+00, 
 1DIAGNOSTIC,    11, -9.371815401237e-01, 1.144280133871e-03, 2.0323e+01, 1.1930e+00, 
 1DIAGNOSTIC,    12, -9.378448220288e-01, 8.602074954381e-04, 2.1510e+01, 1.1872e+00, 
 1DIAGNOSTIC,    13, -9.384284481800e-01, 6.458986292704e-04, 2.2716e+01, 1.2066e+00, 
 1DIAGNOSTIC,    14, -9.389451962955e-01, 4.839919966876e-04, 2.3913e+01, 1.1964e+00, 
 1DIAGNOSTIC,    15, -9.394165538939e-01, 3.680935924929e-04, 2.5103e+01, 1.1905e+00, 
 1DIAGNOSTIC,    16, -9.398459629371e-01, 2.870961897250e-04, 2.6296e+01, 1.1922e+00, 
 1DIAGNOSTIC,    17, -9.401419594967e-01, 2.282883968053e-04, 2.7493e+01, 1.1972e+00, 
 1DIAGNOSTIC,    18, -9.404175787421e-01, 1.860676769712e-04, 2.8702e+01, 1.2092e+00, 
 1DIAGNOSTIC,    19, -9.406777496344e-01, 1.531834831120e-04, 2.9904e+01, 1.2019e+00, 
 1DIAGNOSTIC,    20, -9.409215995129e-01, 1.270283735529e-04, 3.1103e+01, 1.1992e+00, 
 1DIAGNOSTIC,    21, -9.411527135426e-01, 1.061175375769e-04, 3.2318e+01, 1.2146e+00, 
 1DIAGNOSTIC,    22, -9.413720046019e-01, 8.942383945432e-05, 3.3515e+01, 1.1971e+00, 
 1DIAGNOSTIC,    23, -9.415797536783e-01, 7.631501288478e-05, 3.4709e+01, 1.1938e+00, 
 1DIAGNOSTIC,    24, -9.417757559477e-01, 6.619311843858e-05, 3.5905e+01, 1.1966e+00, 
 1DIAGNOSTIC,    25, -9.419615362090e-01, 5.866679370721e-05, 3.7127e+01, 1.2223e+00, 
 1DIAGNOSTIC,    26, -9.421389977507e-01, 5.334650662311e-05, 3.8337e+01, 1.2090e+00, 
 1DIAGNOSTIC,    27, -9.423102862222e-01, 4.870638133698e-05, 3.9532e+01, 1.1956e+00, 
 1DIAGNOSTIC,    28, -9.424692061314e-01, 4.457054321445e-05, 4.0731e+01, 1.1988e+00, 
 1DIAGNOSTIC,    29, -9.426255120910e-01, 4.092834219776e-05, 4.1928e+01, 1.1969e+00, 
 1DIAGNOSTIC,    30, -9.427744811282e-01, 3.768996491269e-05, 4.3123e+01, 1.1953e+00, 
 1DIAGNOSTIC,    31, -9.429192826767e-01, 3.482902574341e-05, 4.4324e+01, 1.2008e+00, 
 1DIAGNOSTIC,    32, -9.430550567697e-01, 3.226923723573e-05, 4.5526e+01, 1.2025e+00, 
 1DIAGNOSTIC,    33, -9.431714133197e-01, 2.984117921656e-05, 4.6734e+01, 1.2072e+00, 
 1DIAGNOSTIC,    34, -9.432727372662e-01, 2.743667418809e-05, 4.7934e+01, 1.2002e+00, 
 1DIAGNOSTIC,    35, -9.433654318735e-01, 2.503634374480e-05, 4.9148e+01, 1.2143e+00, 
 1DIAGNOSTIC,    36, -9.434439576785e-01, 2.260262556953e-05, 5.0363e+01, 1.2148e+00, 
 1DIAGNOSTIC,    37, -9.435129486197e-01, 2.017870345794e-05, 5.1560e+01, 1.1975e+00, 
 1DIAGNOSTIC,    38, -9.435743346275e-01, 1.777921625930e-05, 5.2758e+01, 1.1976e+00, 
 1DIAGNOSTIC,    39, -9.436295749275e-01, 1.551388235845e-05, 5.3963e+01, 1.2046e+00, 
 1DIAGNOSTIC,    40, -9.436786588834e-01, 1.344177216880e-05, 5.5160e+01, 1.1978e+00, 
 1DIAGNOSTIC,    41, -9.437257663124e-01, 1.166425972106e-05, 5.6358e+01, 1.1975e+00, 
 1DIAGNOSTIC,    42, -9.437660666399e-01, 1.018683864586e-05, 5.7565e+01, 1.2072e+00, 
 1DIAGNOSTIC,    43, -9.438019046655e-01, 8.937249054916e-06, 5.8794e+01, 1.2289e+00, 
 1DIAGNOSTIC,    44, -9.438335256588e-01, 7.864706866974e-06, 5.9992e+01, 1.1983e+00, 
 1DIAGNOSTIC,    45, -9.438630095786e-01, 6.969691474505e-06, 6.1189e+01, 1.1969e+00, 
 1DIAGNOSTIC,    46, -9.438908077227e-01, 6.205727202235e-06, 6.2390e+01, 1.2007e+00, 
 1DIAGNOSTIC,    47, -9.439211241371e-01, 5.578650936679e-06, 6.3584e+01, 1.1947e+00, 
 1DIAGNOSTIC,    48, -9.439451828230e-01, 5.040184793002e-06, 6.4785e+01, 1.2003e+00, 
 1DIAGNOSTIC,    49, -9.439682373395e-01, 4.583095965637e-06, 6.6003e+01, 1.2187e+00, 
 1DIAGNOSTIC,    50, -9.439877777595e-01, 4.177589070911e-06, 6.7200e+01, 1.1969e+00, 
 1DIAGNOSTIC,    51, -9.440160724182e-01, 3.891381045264e-06, 6.8403e+01, 1.2026e+00, 
 1DIAGNOSTIC,    52, -9.440336148422e-01, 3.633343963309e-06, 6.9618e+01, 1.2154e+00, 
 1DIAGNOSTIC,    53, -9.440516966525e-01, 3.400019672969e-06, 7.0844e+01, 1.2256e+00, 
 1DIAGNOSTIC,    54, -9.440669014816e-01, 3.166831180890e-06, 7.2051e+01, 1.2070e+00, 
 1DIAGNOSTIC,    55, -9.440827787247e-01, 2.941597860399e-06, 7.3277e+01, 1.2265e+00, 
 1DIAGNOSTIC,    56, -9.440967979510e-01, 2.719199598454e-06, 7.4480e+01, 1.2029e+00, 
 1DIAGNOSTIC,    57, -9.441091891758e-01, 2.521947318368e-06, 7.5690e+01, 1.2091e+00, 
 1DIAGNOSTIC,    58, -9.441245662874e-01, 2.346909308646e-06, 7.6895e+01, 1.2054e+00, 
 1DIAGNOSTIC,    59, -9.441396584372e-01, 2.198667681565e-06, 7.8092e+01, 1.1969e+00, 
 1DIAGNOSTIC,    60, -9.441541076452e-01, 2.063594900254e-06, 7.9315e+01, 1.2234e+00, 
 1DIAGNOSTIC,    61, -9.441645238887e-01, 1.975709708946e-06, 8.0524e+01, 1.2089e+00, 
 1DIAGNOSTIC,    62, -9.441736817181e-01, 1.879776281671e-06, 8.1722e+01, 1.1979e+00, 
 1DIAGNOSTIC,    63, -9.441821504927e-01, 1.781587920226e-06, 8.2915e+01, 1.1930e+00, 
 1DIAGNOSTIC,    64, -9.441944716217e-01, 1.691795408338e-06, 8.4124e+01, 1.2086e+00, 
 1DIAGNOSTIC,    65, -9.442122688573e-01, 1.644414630280e-06, 8.5323e+01, 1.1996e+00, 
 1DIAGNOSTIC,    66, -9.442185715042e-01, 1.578568244519e-06, 8.6530e+01, 1.2064e+00, 
 1DIAGNOSTIC,    67, -9.442255329156e-01, 1.496439435769e-06, 8.7717e+01, 1.1877e+00, 
 1DIAGNOSTIC,    68, -9.442291227816e-01, 1.402087709986e-06, 8.8918e+01, 1.2004e+00, 
 1DIAGNOSTIC,    69, -9.442335598928e-01, 1.304525170128e-06, 9.0120e+01, 1.2022e+00, 
 1DIAGNOSTIC,    70, -9.442381862492e-01, 1.209249260828e-06, 9.1336e+01, 1.2161e+00, 
XXDIAGNOSTIC,Iteration,metricValue,convergenceValue,ITERATION_TIME_INDEX,SINCE_LAST
 1DIAGNOSTIC,     1, -8.921610904119e-01, 1.797693134862e+308, 1.0140e+02, 1.0065e+01, 
 1DIAGNOSTIC,     2, -8.939583299666e-01, 1.797693134862e+308, 1.1104e+02, 9.6418e+00, 
 1DIAGNOSTIC,     3, -8.962786685995e-01, 1.797693134862e+308, 1.2068e+02, 9.6358e+00, 
 1DIAGNOSTIC,     4, -8.986557653859e-01, 1.797693134862e+308, 1.3027e+02, 9.5896e+00, 
 1DIAGNOSTIC,     5, -9.010818202355e-01, 1.797693134862e+308, 1.4005e+02, 9.7801e+00, 
 1DIAGNOSTIC,     6, -9.035102436311e-01, 1.797693134862e+308, 1.4964e+02, 9.5927e+00, 
 1DIAGNOSTIC,     7, -9.057956167147e-01, 1.797693134862e+308, 1.5933e+02, 9.6920e+00, 
 1DIAGNOSTIC,     8, -9.078667716598e-01, 1.797693134862e+308, 1.6897e+02, 9.6330e+00, 
 1DIAGNOSTIC,     9, -9.097265622456e-01, 1.797693134862e+308, 1.7879e+02, 9.8268e+00, 
 1DIAGNOSTIC,    10, -9.113530385636e-01, 1.415907237447e-03, 1.8848e+02, 9.6902e+00, 
 1DIAGNOSTIC,    11, -9.125048983120e-01, 1.234219956651e-03, 1.9826e+02, 9.7775e+00, 
 1DIAGNOSTIC,    12, -9.138324628881e-01, 1.053591363524e-03, 2.0806e+02, 9.7979e+00, 
 1DIAGNOSTIC,    13, -9.147594622387e-01, 8.834854082433e-04, 2.1769e+02, 9.6334e+00, 
 1DIAGNOSTIC,    14, -9.156048730874e-01, 7.292759640136e-04, 2.2756e+02, 9.8707e+00, 
 1DIAGNOSTIC,    15, -9.163784666191e-01, 5.955849827934e-04, 2.3726e+02, 9.6981e+00, 
 1DIAGNOSTIC,    16, -9.170923644104e-01, 4.851877697407e-04, 2.4704e+02, 9.7744e+00, 
 1DIAGNOSTIC,    17, -9.177614295003e-01, 3.971725325466e-04, 2.5674e+02, 9.7082e+00, 
 1DIAGNOSTIC,    18, -9.183757566231e-01, 3.285890554732e-04, 2.6655e+02, 9.8021e+00, 
 1DIAGNOSTIC,    19, -9.189120974198e-01, 2.759831912466e-04, 2.7614e+02, 9.5914e+00, 
 1DIAGNOSTIC,    20, -9.193920643304e-01, 2.358563677201e-04, 2.8591e+02, 9.7771e+00, 
 1DIAGNOSTIC,    21, -9.198232928710e-01, 2.009135830962e-04, 2.9556e+02, 9.6498e+00, 
 1DIAGNOSTIC,    22, -9.202125922264e-01, 1.746844145794e-04, 3.0526e+02, 9.6986e+00, 
 1DIAGNOSTIC,    23, -9.205712739060e-01, 1.517823497802e-04, 3.1505e+02, 9.7858e+00, 
 1DIAGNOSTIC,    24, -9.209104299627e-01, 1.319256717004e-04, 3.2464e+02, 9.5915e+00, 
 1DIAGNOSTIC,    25, -9.212360035163e-01, 1.149599636904e-04, 3.3437e+02, 9.7311e+00, 
 1DIAGNOSTIC,    26, -9.215597973020e-01, 1.009080573118e-04, 3.4408e+02, 9.7045e+00, 
 1DIAGNOSTIC,    27, -9.218820631642e-01, 8.981417835482e-05, 3.5380e+02, 9.7288e+00, 
 1DIAGNOSTIC,    28, -9.222091733824e-01, 8.150816688926e-05, 3.6365e+02, 9.8477e+00, 
 1DIAGNOSTIC,    29, -9.225375418125e-01, 7.536056256335e-05, 3.7344e+02, 9.7931e+00, 
 1DIAGNOSTIC,    30, -9.228705388549e-01, 7.093670832232e-05, 3.8326e+02, 9.8125e+00, 
 1DIAGNOSTIC,    31, -9.231827774796e-01, 6.755502488934e-05, 3.9292e+02, 9.6593e+00, 
 1DIAGNOSTIC,    32, -9.234826452392e-01, 6.470134493480e-05, 4.0273e+02, 9.8158e+00, 
 1DIAGNOSTIC,    33, -9.237723053625e-01, 6.201543315547e-05, 4.1254e+02, 9.8036e+00, 
 1DIAGNOSTIC,    34, -9.240535718988e-01, 5.929498365326e-05, 4.2245e+02, 9.9131e+00, 
 1DIAGNOSTIC,    35, -9.243328661514e-01, 5.648856439938e-05, 4.3217e+02, 9.7223e+00, 
 1DIAGNOSTIC,    36, -9.246091329805e-01, 5.366861635026e-05, 4.4206e+02, 9.8843e+00, 
 1DIAGNOSTIC,    37, -9.248857418553e-01, 5.094554313401e-05, 4.5167e+02, 9.6093e+00, 
 1DIAGNOSTIC,    38, -9.251652654171e-01, 4.849360986228e-05, 4.6133e+02, 9.6651e+00, 
 1DIAGNOSTIC,    39, -9.254477107236e-01, 4.642544437948e-05, 4.7106e+02, 9.7284e+00, 
 1DIAGNOSTIC,    40, -9.257318487053e-01, 4.484088592040e-05, 4.8084e+02, 9.7845e+00, 
 1DIAGNOSTIC,    41, -9.260193307149e-01, 4.361318861097e-05, 4.9054e+02, 9.6983e+00, 
 1DIAGNOSTIC,    42, -9.263102739410e-01, 4.266348859345e-05, 5.0024e+02, 9.6958e+00, 
 1DIAGNOSTIC,    43, -9.266038830719e-01, 4.190887169160e-05, 5.0999e+02, 9.7576e+00, 
 1DIAGNOSTIC,    44, -9.268765073285e-01, 4.110516502578e-05, 5.1974e+02, 9.7468e+00, 
 1DIAGNOSTIC,    45, -9.271310229778e-01, 4.010760131916e-05, 5.2945e+02, 9.7102e+00, 
 1DIAGNOSTIC,    46, -9.273677410254e-01, 3.879794036682e-05, 5.3920e+02, 9.7510e+00, 
 1DIAGNOSTIC,    47, -9.275871904153e-01, 3.712482752539e-05, 5.4902e+02, 9.8191e+00, 
 1DIAGNOSTIC,    48, -9.277910671832e-01, 3.510991499506e-05, 5.5882e+02, 9.7939e+00, 
 1DIAGNOSTIC,    49, -9.279800751431e-01, 3.281963811646e-05, 5.6859e+02, 9.7780e+00, 
 1DIAGNOSTIC,    50, -9.281581345491e-01, 3.036599502245e-05, 5.7835e+02, 9.7586e+00, 
XXDIAGNOSTIC,Iteration,metricValue,convergenceValue,ITERATION_TIME_INDEX,SINCE_LAST
 1DIAGNOSTIC,     1, -8.820989620141e-01, 1.797693134862e+308, 6.6375e+02, 8.5399e+01, 
 1DIAGNOSTIC,     2, -8.829100465383e-01, 1.797693134862e+308, 7.4733e+02, 8.3577e+01, 
 1DIAGNOSTIC,     3, -8.842479718042e-01, 1.797693134862e+308, 8.3075e+02, 8.3424e+01, 
 1DIAGNOSTIC,     4, -8.857016413427e-01, 1.797693134862e+308, 9.1496e+02, 8.4203e+01, 
 1DIAGNOSTIC,     5, -8.872173727675e-01, 1.797693134862e+308, 9.9782e+02, 8.2868e+01, 
 1DIAGNOSTIC,     6, -8.886862047935e-01, 1.797693134862e+308, 1.0822e+03, 8.4361e+01, 
 1DIAGNOSTIC,     7, -8.900113484814e-01, 1.797693134862e+308, 1.1665e+03, 8.4270e+01, 
 1DIAGNOSTIC,     8, -8.912328270860e-01, 1.797693134862e+308, 1.2494e+03, 8.2912e+01, 
 1DIAGNOSTIC,     9, -8.923836491263e-01, 1.797693134862e+308, 1.3325e+03, 8.3143e+01, 
 1DIAGNOSTIC,    10, -8.934714610425e-01, 8.613686486237e-04, 1.4161e+03, 8.3635e+01, 
 1DIAGNOSTIC,    11, -8.945283144501e-01, 7.724507735384e-04, 1.4997e+03, 8.3542e+01, 
 1DIAGNOSTIC,    12, -8.954727249422e-01, 6.754793901839e-04, 1.5836e+03, 8.3879e+01, 
 1DIAGNOSTIC,    13, -8.963880810187e-01, 5.875094104536e-04, 1.6672e+03, 8.3650e+01, 
 1DIAGNOSTIC,    14, -8.972543209121e-01, 5.112832631586e-04, 1.7512e+03, 8.3971e+01, 
 1DIAGNOSTIC,    15, -8.980949514306e-01, 4.482913998333e-04, 1.8359e+03, 8.4663e+01, 
 1DIAGNOSTIC,    16, -8.988573203008e-01, 3.962261888330e-04, 1.9199e+03, 8.4024e+01, 
 1DIAGNOSTIC,    17, -8.995808379493e-01, 3.520019896910e-04, 2.0035e+03, 8.3617e+01, 
 1DIAGNOSTIC,    18, -9.001404196099e-01, 3.115150055029e-04, 2.0899e+03, 8.6396e+01, 
 1DIAGNOSTIC,    19, -9.006717602275e-01, 2.744997258691e-04, 2.1738e+03, 8.3927e+01, 
 1DIAGNOSTIC,    20, -9.011752999925e-01, 2.408618607345e-04, 2.2565e+03, 8.2656e+01, 
  Elapsed time (stage 2): 2257


Total elapsed time: 2345
