All_Command_lines_OK
Using double precision for computations.
=============================================================================
The composite transform comprises the following transforms (in order): 
  1. Center of mass alignment using fixed image: /templateflow/tpl-MNI152NLin2009cAsym/tpl-MNI152NLin2009cAsym_res-01_desc-brain_T1w.nii.gz and moving image: /mnt/lustre/mathdugre/ants-amp/datasets/corr/RawDataBIDS/BMB_1/derivatives/antsBrainExtraction/sub-0003024/BrainExtractionBrain.nii.gz (type = Euler3DTransform)
=============================================================================
  number of levels = 4
  number of levels = 4
  number of levels = 4
  fixed image: /templateflow/tpl-MNI152NLin2009cAsym/tpl-MNI152NLin2009cAsym_res-01_desc-brain_T1w.nii.gz
  moving image: /mnt/lustre/mathdugre/ants-amp/datasets/corr/RawDataBIDS/BMB_1/derivatives/antsBrainExtraction/sub-0003024/BrainExtractionBrain.nii.gz
  fixed image: /templateflow/tpl-MNI152NLin2009cAsym/tpl-MNI152NLin2009cAsym_res-01_desc-brain_T1w.nii.gz
  moving image: /mnt/lustre/mathdugre/ants-amp/datasets/corr/RawDataBIDS/BMB_1/derivatives/antsBrainExtraction/sub-0003024/BrainExtractionBrain.nii.gz
  fixed image: /templateflow/tpl-MNI152NLin2009cAsym/tpl-MNI152NLin2009cAsym_res-01_desc-brain_T1w.nii.gz
  moving image: /mnt/lustre/mathdugre/ants-amp/datasets/corr/RawDataBIDS/BMB_1/derivatives/antsBrainExtraction/sub-0003024/BrainExtractionBrain.nii.gz
Dimension = 3
Number of stages = 3
Use histogram matching = false
Winsorize image intensities = true
  Lower quantile = 0.005
  Upper quantile = 0.995


Stage 1 State
   Image metric = MattesMI
     Fixed image = Image (0x5611a3bff360)
  RTTI typeinfo:   itk::Image<double, 3u>
  Reference Count: 2
  Modified Time: 2368
  Debug: Off
  Object Name: 
  Observers: 
    none
  Source: (none)
  Source output name: (none)
  Release Data: Off
  Data Released: False
  Global Release Data: Off
  PipelineMTime: 0
  UpdateMTime: 1979
  RealTimeStamp: 0 seconds 
  LargestPossibleRegion: 
    Dimension: 3
    Index: [0, 0, 0]
    Size: [193, 229, 193]
  BufferedRegion: 
    Dimension: 3
    Index: [0, 0, 0]
    Size: [193, 229, 193]
  RequestedRegion: 
    Dimension: 3
    Index: [0, 0, 0]
    Size: [193, 229, 193]
  Spacing: [1, 1, 1]
  Origin: [96, 132, -78]
  Direction: 
-1 0 0
0 -1 0
0 0 1

  IndexToPointMatrix: 
-1 0 0
0 -1 0
0 0 1

  PointToIndexMatrix: 
-1 0 0
0 -1 0
0 0 1

  Inverse Direction: 
-1 0 0
0 -1 0
0 0 1

  PixelContainer: 
    ImportImageContainer (0x5611a3bf6a00)
      RTTI typeinfo:   itk::ImportImageContainer<unsigned long, double>
      Reference Count: 1
      Modified Time: 1976
      Debug: Off
      Object Name: 
      Observers: 
        none
      Pointer: 0x7fdf7b287010
      Container manages memory: true
      Size: 8530021
      Capacity: 8530021

     Moving image = Image (0x5611a3c02a20)
  RTTI typeinfo:   itk::Image<double, 3u>
  Reference Count: 2
  Modified Time: 2369
  Debug: Off
  Object Name: 
  Observers: 
    none
  Source: (none)
  Source output name: (none)
  Release Data: Off
  Data Released: False
  Global Release Data: Off
  PipelineMTime: 0
  UpdateMTime: 2366
  RealTimeStamp: 0 seconds 
  LargestPossibleRegion: 
    Dimension: 3
    Index: [0, 0, 0]
    Size: [176, 256, 256]
  BufferedRegion: 
    Dimension: 3
    Index: [0, 0, 0]
    Size: [176, 256, 256]
  RequestedRegion: 
    Dimension: 3
    Index: [0, 0, 0]
    Size: [176, 256, 256]
  Spacing: [1, 1, 1]
  Origin: [-87.5, 96.8795, -140.855]
  Direction: 
1 0 0
0 -1 0
0 0 1

  IndexToPointMatrix: 
1 0 0
0 -1 0
0 0 1

  PointToIndexMatrix: 
1 0 0
0 -1 0
0 0 1

  Inverse Direction: 
1 0 0
0 -1 0
0 0 1

  PixelContainer: 
    ImportImageContainer (0x5611a5dd4c90)
      RTTI typeinfo:   itk::ImportImageContainer<unsigned long, double>
      Reference Count: 1
      Modified Time: 2363
      Debug: Off
      Object Name: 
      Observers: 
        none
      Pointer: 0x7fdf75a86010
      Container manages memory: true
      Size: 11534336
      Capacity: 11534336

     Weighting = 1
     Sampling strategy = regular
     Number of bins = 32
     Radius = 4
     Sampling percentage  = 0.25
   Transform = Rigid
     Gradient step = 0.1
     Update field sigma (voxel space) = 0
     Total field sigma (voxel space) = 0
     Update field time sigma = 0
     Total field time sigma  = 0
     Number of time indices = 0
     Number of time point samples = 0
Stage 2 State
   Image metric = MattesMI
     Fixed image = Image (0x5611a3d259c0)
  RTTI typeinfo:   itk::Image<double, 3u>
  Reference Count: 2
  Modified Time: 3144
  Debug: Off
  Object Name: 
  Observers: 
    none
  Source: (none)
  Source output name: (none)
  Release Data: Off
  Data Released: False
  Global Release Data: Off
  PipelineMTime: 0
  UpdateMTime: 2755
  RealTimeStamp: 0 seconds 
  LargestPossibleRegion: 
    Dimension: 3
    Index: [0, 0, 0]
    Size: [193, 229, 193]
  BufferedRegion: 
    Dimension: 3
    Index: [0, 0, 0]
    Size: [193, 229, 193]
  RequestedRegion: 
    Dimension: 3
    Index: [0, 0, 0]
    Size: [193, 229, 193]
  Spacing: [1, 1, 1]
  Origin: [96, 132, -78]
  Direction: 
-1 0 0
0 -1 0
0 0 1

  IndexToPointMatrix: 
-1 0 0
0 -1 0
0 0 1

  PointToIndexMatrix: 
-1 0 0
0 -1 0
0 0 1

  Inverse Direction: 
-1 0 0
0 -1 0
0 0 1

  PixelContainer: 
    ImportImageContainer (0x5611a3d14f30)
      RTTI typeinfo:   itk::ImportImageContainer<unsigned long, double>
      Reference Count: 1
      Modified Time: 2752
      Debug: Off
      Object Name: 
      Observers: 
        none
      Pointer: 0x7fdf71971010
      Container manages memory: true
      Size: 8530021
      Capacity: 8530021

     Moving image = Image (0x5611a3d277c0)
  RTTI typeinfo:   itk::Image<double, 3u>
  Reference Count: 2
  Modified Time: 3145
  Debug: Off
  Object Name: 
  Observers: 
    none
  Source: (none)
  Source output name: (none)
  Release Data: Off
  Data Released: False
  Global Release Data: Off
  PipelineMTime: 0
  UpdateMTime: 3142
  RealTimeStamp: 0 seconds 
  LargestPossibleRegion: 
    Dimension: 3
    Index: [0, 0, 0]
    Size: [176, 256, 256]
  BufferedRegion: 
    Dimension: 3
    Index: [0, 0, 0]
    Size: [176, 256, 256]
  RequestedRegion: 
    Dimension: 3
    Index: [0, 0, 0]
    Size: [176, 256, 256]
  Spacing: [1, 1, 1]
  Origin: [-87.5, 96.8795, -140.855]
  Direction: 
1 0 0
0 -1 0
0 0 1

  IndexToPointMatrix: 
1 0 0
0 -1 0
0 0 1

  PointToIndexMatrix: 
1 0 0
0 -1 0
0 0 1

  Inverse Direction: 
1 0 0
0 -1 0
0 0 1

  PixelContainer: 
    ImportImageContainer (0x5611a3d2a190)
      RTTI typeinfo:   itk::ImportImageContainer<unsigned long, double>
      Reference Count: 1
      Modified Time: 3139
      Debug: Off
      Object Name: 
      Observers: 
        none
      Pointer: 0x7fdf6c170010
      Container manages memory: true
      Size: 11534336
      Capacity: 11534336

     Weighting = 1
     Sampling strategy = regular
     Number of bins = 32
     Radius = 4
     Sampling percentage  = 0.25
   Transform = Affine
     Gradient step = 0.1
     Update field sigma (voxel space) = 0
     Total field sigma (voxel space) = 0
     Update field time sigma = 0
     Total field time sigma  = 0
     Number of time indices = 0
     Number of time point samples = 0
Stage 3 State
   Image metric = CC
     Fixed image = Image (0x5611a3d11240)
  RTTI typeinfo:   itk::Image<double, 3u>
  Reference Count: 2
  Modified Time: 3920
  Debug: Off
  Object Name: 
  Observers: 
    none
  Source: (none)
  Source output name: (none)
  Release Data: Off
  Data Released: False
  Global Release Data: Off
  PipelineMTime: 0
  UpdateMTime: 3531
  RealTimeStamp: 0 seconds 
  LargestPossibleRegion: 
    Dimension: 3
    Index: [0, 0, 0]
    Size: [193, 229, 193]
  BufferedRegion: 
    Dimension: 3
    Index: [0, 0, 0]
    Size: [193, 229, 193]
  RequestedRegion: 
    Dimension: 3
    Index: [0, 0, 0]
    Size: [193, 229, 193]
  Spacing: [1, 1, 1]
  Origin: [96, 132, -78]
  Direction: 
-1 0 0
0 -1 0
0 0 1

  IndexToPointMatrix: 
-1 0 0
0 -1 0
0 0 1

  PointToIndexMatrix: 
-1 0 0
0 -1 0
0 0 1

  Inverse Direction: 
-1 0 0
0 -1 0
0 0 1

  PixelContainer: 
    ImportImageContainer (0x5611a3c4e600)
      RTTI typeinfo:   itk::ImportImageContainer<unsigned long, double>
      Reference Count: 1
      Modified Time: 3528
      Debug: Off
      Object Name: 
      Observers: 
        none
      Pointer: 0x7fdf6805b010
      Container manages memory: true
      Size: 8530021
      Capacity: 8530021

     Moving image = Image (0x5611a3d29e70)
  RTTI typeinfo:   itk::Image<double, 3u>
  Reference Count: 2
  Modified Time: 3921
  Debug: Off
  Object Name: 
  Observers: 
    none
  Source: (none)
  Source output name: (none)
  Release Data: Off
  Data Released: False
  Global Release Data: Off
  PipelineMTime: 0
  UpdateMTime: 3918
  RealTimeStamp: 0 seconds 
  LargestPossibleRegion: 
    Dimension: 3
    Index: [0, 0, 0]
    Size: [176, 256, 256]
  BufferedRegion: 
    Dimension: 3
    Index: [0, 0, 0]
    Size: [176, 256, 256]
  RequestedRegion: 
    Dimension: 3
    Index: [0, 0, 0]
    Size: [176, 256, 256]
  Spacing: [1, 1, 1]
  Origin: [-87.5, 96.8795, -140.855]
  Direction: 
1 0 0
0 -1 0
0 0 1

  IndexToPointMatrix: 
1 0 0
0 -1 0
0 0 1

  PointToIndexMatrix: 
1 0 0
0 -1 0
0 0 1

  Inverse Direction: 
1 0 0
0 -1 0
0 0 1

  PixelContainer: 
    ImportImageContainer (0x5611a3d0d0d0)
      RTTI typeinfo:   itk::ImportImageContainer<unsigned long, double>
      Reference Count: 1
      Modified Time: 3915
      Debug: Off
      Object Name: 
      Observers: 
        none
      Pointer: 0x7fdf6285a010
      Container manages memory: true
      Size: 11534336
      Capacity: 11534336

     Weighting = 1
     Sampling strategy = none
     Number of bins = 32
     Radius = 4
     Sampling percentage  = 1
   Transform = SyN
     Gradient step = 0.1
     Update field sigma (voxel space) = 3
     Total field sigma (voxel space) = 0
     Update field time sigma = 0
     Total field time sigma  = 0
     Number of time indices = 0
     Number of time point samples = 0
Registration using 3 total stages.

Stage 0
  iterations = 1000x500x250x100
  convergence threshold = 1e-06
  convergence window size = 10
  number of levels = 4
  using the Mattes MI metric (number of bins = 32, weight = 1, use gradient filter = 0)
  preprocessing:  winsorizing the image intensities
  Shrink factors (level 1 out of 4): [8, 8, 8]
  Shrink factors (level 2 out of 4): [4, 4, 4]
  Shrink factors (level 3 out of 4): [2, 2, 2]
  Shrink factors (level 4 out of 4): [1, 1, 1]
  smoothing sigmas per level: [3, 2, 1, 0]
  regular sampling (percentage = 0.25)

*** Running Euler3DTransform registration ***

DIAGNOSTIC,Iteration,metricValue,convergenceValue,ITERATION_TIME_INDEX,SINCE_LAST
 2DIAGNOSTIC,     1, -5.385955636693e-01, 1.797693134862e+308, 3.5068e-01, 3.5068e-01, 
 2DIAGNOSTIC,     2, -5.400601591584e-01, 1.797693134862e+308, 3.5450e-01, 3.8240e-03, 
 2DIAGNOSTIC,     3, -5.424255886995e-01, 1.797693134862e+308, 3.5859e-01, 4.0870e-03, 
 2DIAGNOSTIC,     4, -5.449117276748e-01, 1.797693134862e+308, 3.6174e-01, 3.1500e-03, 
 2DIAGNOSTIC,     5, -5.483493844509e-01, 1.797693134862e+308, 3.6463e-01, 2.8958e-03, 
 2DIAGNOSTIC,     6, -5.515908720849e-01, 1.797693134862e+308, 3.6741e-01, 2.7800e-03, 
 2DIAGNOSTIC,     7, -5.684905981651e-01, 1.797693134862e+308, 3.7665e-01, 9.2371e-03, 
 2DIAGNOSTIC,     8, -5.684905413042e-01, 1.797693134862e+308, 3.7939e-01, 2.7380e-03, 
 2DIAGNOSTIC,     9, -5.684908676644e-01, 1.797693134862e+308, 3.8223e-01, 2.8389e-03, 
 2DIAGNOSTIC,    10, -5.684914193822e-01, 4.342145347303e-03, 3.8621e-01, 3.9871e-03, 
 2DIAGNOSTIC,    11, -5.684923518389e-01, 3.723017101829e-03, 3.8885e-01, 2.6340e-03, 
 2DIAGNOSTIC,    12, -5.684939272117e-01, 2.926955171896e-03, 3.9150e-01, 2.6541e-03, 
 2DIAGNOSTIC,    13, -5.684965858316e-01, 2.083523280347e-03, 3.9411e-01, 2.6031e-03, 
 2DIAGNOSTIC,    14, -5.685010692827e-01, 1.272521656814e-03, 3.9678e-01, 2.6770e-03, 
 2DIAGNOSTIC,    15, -5.685086197519e-01, 5.762726166820e-04, 3.9988e-01, 3.0959e-03, 
 2DIAGNOSTIC,    16, -5.685213146501e-01, 3.809369732322e-06, 4.0297e-01, 3.0961e-03, 
 2DIAGNOSTIC,    17, -5.685425417542e-01, 4.741444835948e-06, 4.0566e-01, 2.6832e-03, 
 2DIAGNOSTIC,    18, -5.685776852329e-01, 6.283720101419e-06, 4.0837e-01, 2.7151e-03, 
 2DIAGNOSTIC,    19, -5.686350555811e-01, 8.767281250169e-06, 4.1142e-01, 3.0420e-03, 
 2DIAGNOSTIC,    20, -5.687281918569e-01, 1.268853094076e-05, 4.1406e-01, 2.6400e-03, 
 2DIAGNOSTIC,    21, -5.688730383455e-01, 1.867283838191e-05, 4.1683e-01, 2.7781e-03, 
 2DIAGNOSTIC,    22, -5.691747099357e-01, 2.941932039642e-05, 4.1956e-01, 2.7242e-03, 
 2DIAGNOSTIC,    23, -5.694889499051e-01, 4.343495426144e-05, 4.2221e-01, 2.6522e-03, 
 2DIAGNOSTIC,    24, -5.698783143710e-01, 6.053046109610e-05, 4.2482e-01, 2.6059e-03, 
 2DIAGNOSTIC,    25, -5.703298624878e-01, 7.986837890987e-05, 4.2751e-01, 2.6970e-03, 
 2DIAGNOSTIC,    26, -5.708481994587e-01, 1.004937236968e-04, 4.3016e-01, 2.6491e-03, 
 2DIAGNOSTIC,    27, -5.727792997009e-01, 1.465143841509e-04, 4.3349e-01, 3.3290e-03, 
 2DIAGNOSTIC,    28, -5.740275285579e-01, 1.977230546417e-04, 4.3720e-01, 3.7110e-03, 
 2DIAGNOSTIC,    29, -5.751703336402e-01, 2.474476898959e-04, 4.3985e-01, 2.6460e-03, 
 2DIAGNOSTIC,    30, -5.752522513319e-01, 2.735785033100e-04, 4.4280e-01, 2.9571e-03, 
 2DIAGNOSTIC,    31, -5.751032085656e-01, 2.724001809704e-04, 4.4578e-01, 2.9790e-03, 
 2DIAGNOSTIC,    32, -5.750614817564e-01, 2.494888656200e-04, 4.4901e-01, 3.2220e-03, 
 2DIAGNOSTIC,    33, -5.750046885914e-01, 2.079096939510e-04, 4.5171e-01, 2.7089e-03, 
 2DIAGNOSTIC,    34, -5.749770821856e-01, 1.545116982112e-04, 4.5442e-01, 2.7061e-03, 
 2DIAGNOSTIC,    35, -5.751851502825e-01, 9.941795193728e-05, 4.5826e-01, 3.8350e-03, 
 2DIAGNOSTIC,    36, -5.753396317545e-01, 4.707679410181e-05, 4.6155e-01, 3.2899e-03, 
 2DIAGNOSTIC,    37, -5.757880695630e-01, 2.517646912968e-05, 4.6457e-01, 3.0270e-03, 
 2DIAGNOSTIC,    38, -5.760364519362e-01, 2.134137373155e-05, 4.6731e-01, 2.7370e-03, 
 2DIAGNOSTIC,    39, -5.763776786086e-01, 3.476815527015e-05, 4.7084e-01, 3.5300e-03, 
 2DIAGNOSTIC,    40, -5.775881638834e-01, 6.044985838180e-05, 4.7439e-01, 3.5491e-03, 
 2DIAGNOSTIC,    41, -5.790660971608e-01, 9.500360322017e-05, 4.7750e-01, 3.1080e-03, 
 2DIAGNOSTIC,    42, -5.822949217303e-01, 1.565193438351e-04, 4.8083e-01, 3.3369e-03, 
 2DIAGNOSTIC,    43, -5.875246071128e-01, 2.596732966284e-04, 4.8431e-01, 3.4719e-03, 
 2DIAGNOSTIC,    44, -5.888550740741e-01, 3.469520490433e-04, 4.8770e-01, 3.3989e-03, 
 2DIAGNOSTIC,    45, -5.907777945821e-01, 4.213478923966e-04, 4.9112e-01, 3.4142e-03, 
 2DIAGNOSTIC,    46, -5.908811021774e-01, 4.549715503208e-04, 4.9410e-01, 2.9790e-03, 
 2DIAGNOSTIC,    47, -5.910226449679e-01, 4.496879521945e-04, 4.9721e-01, 3.1078e-03, 
 2DIAGNOSTIC,    48, -5.913066301360e-01, 4.066829112763e-04, 5.0015e-01, 2.9471e-03, 
 2DIAGNOSTIC,    49, -5.916686319819e-01, 3.335710899751e-04, 5.0342e-01, 3.2718e-03, 
 2DIAGNOSTIC,    50, -5.920584501840e-01, 2.478983627872e-04, 5.0680e-01, 3.3801e-03, 
 2DIAGNOSTIC,    51, -5.922454034174e-01, 1.580371116889e-04, 5.1059e-01, 3.7820e-03, 
 2DIAGNOSTIC,    52, -5.926698671243e-01, 9.057529820547e-05, 5.1338e-01, 2.7931e-03, 
 2DIAGNOSTIC,    53, -5.927313961179e-01, 6.643283876256e-05, 5.1653e-01, 3.1488e-03, 
 2DIAGNOSTIC,    54, -5.928707216813e-01, 4.990169693650e-05, 5.1973e-01, 3.2020e-03, 
 2DIAGNOSTIC,    55, -5.933204834592e-01, 5.062003775049e-05, 5.2335e-01, 3.6218e-03, 
 2DIAGNOSTIC,    56, -5.942934833556e-01, 5.592636048227e-05, 5.2820e-01, 4.8468e-03, 
 2DIAGNOSTIC,    57, -5.944955293708e-01, 5.848519957138e-05, 5.3137e-01, 3.1731e-03, 
 2DIAGNOSTIC,    58, -5.945679160511e-01, 5.849194868798e-05, 5.3411e-01, 2.7421e-03, 
 2DIAGNOSTIC,    59, -5.947430721204e-01, 5.751489873029e-05, 5.3690e-01, 2.7840e-03, 
 2DIAGNOSTIC,    60, -5.954721256620e-01, 6.020899009066e-05, 5.3969e-01, 2.7962e-03, 
 2DIAGNOSTIC,    61, -5.966970371553e-01, 6.813012955304e-05, 5.4359e-01, 3.8991e-03, 
 2DIAGNOSTIC,    62, -5.969116658173e-01, 7.418416139615e-05, 5.4825e-01, 4.6549e-03, 
 2DIAGNOSTIC,    63, -5.969153286594e-01, 7.373860450056e-05, 5.5146e-01, 3.2148e-03, 
 2DIAGNOSTIC,    64, -5.969316593703e-01, 6.760348170008e-05, 5.5428e-01, 2.8169e-03, 
 2DIAGNOSTIC,    65, -5.970098543056e-01, 5.891255150307e-05, 5.5705e-01, 2.7719e-03, 
 2DIAGNOSTIC,    66, -5.971626038290e-01, 5.305665859395e-05, 5.5983e-01, 2.7821e-03, 
 2DIAGNOSTIC,    67, -5.972500231011e-01, 4.444942311297e-05, 5.6274e-01, 2.9101e-03, 
 2DIAGNOSTIC,    68, -5.975469892452e-01, 3.470977841430e-05, 5.6592e-01, 3.1729e-03, 
 2DIAGNOSTIC,    69, -5.982862894425e-01, 2.841985260568e-05, 5.7024e-01, 4.3199e-03, 
 2DIAGNOSTIC,    70, -5.985484438239e-01, 2.622460863046e-05, 5.7335e-01, 3.1180e-03, 
 2DIAGNOSTIC,    71, -5.985602927518e-01, 3.014535472620e-05, 5.7657e-01, 3.2160e-03, 
 2DIAGNOSTIC,    72, -5.984837099532e-01, 3.212207078165e-05, 5.8068e-01, 4.1091e-03, 
 2DIAGNOSTIC,    73, -5.984915868475e-01, 3.107659150236e-05, 5.8381e-01, 3.1350e-03, 
 2DIAGNOSTIC,    74, -5.985020280372e-01, 2.718767247130e-05, 5.8776e-01, 3.9470e-03, 
 2DIAGNOSTIC,    75, -5.984287849607e-01, 2.081134373095e-05, 5.9057e-01, 2.8050e-03, 
 2DIAGNOSTIC,    76, -5.983522235366e-01, 1.322757667002e-05, 5.9357e-01, 3.0072e-03, 
 2DIAGNOSTIC,    77, -5.983593976727e-01, 5.260591472878e-06, 5.9675e-01, 3.1791e-03, 
DIAGNOSTIC,Iteration,metricValue,convergenceValue,ITERATION_TIME_INDEX,SINCE_LAST
 2DIAGNOSTIC,     1, -4.769070264474e-01, 1.797693134862e+308, 9.6985e-01, 3.7310e-01, 
 2DIAGNOSTIC,     2, -4.770688434635e-01, 1.797693134862e+308, 9.8822e-01, 1.8362e-02, 
 2DIAGNOSTIC,     3, -4.775430900957e-01, 1.797693134862e+308, 1.0101e+00, 2.1839e-02, 
 2DIAGNOSTIC,     4, -4.778910347469e-01, 1.797693134862e+308, 1.0303e+00, 2.0278e-02, 
 2DIAGNOSTIC,     5, -4.782165439030e-01, 1.797693134862e+308, 1.0549e+00, 2.4611e-02, 
 2DIAGNOSTIC,     6, -4.783424278681e-01, 1.797693134862e+308, 1.0752e+00, 2.0250e-02, 
 2DIAGNOSTIC,     7, -4.788441653100e-01, 1.797693134862e+308, 1.1002e+00, 2.4964e-02, 
 2DIAGNOSTIC,     8, -4.807717856559e-01, 1.797693134862e+308, 1.1314e+00, 3.1214e-02, 
 2DIAGNOSTIC,     9, -4.828360402101e-01, 1.797693134862e+308, 1.1512e+00, 1.9818e-02, 
 2DIAGNOSTIC,    10, -4.882232873466e-01, 1.134112849754e-03, 1.1711e+00, 1.9925e-02, 
 2DIAGNOSTIC,    11, -4.911482161541e-01, 1.516275975212e-03, 1.1900e+00, 1.8909e-02, 
 2DIAGNOSTIC,    12, -4.915271054651e-01, 1.724244374591e-03, 1.2269e+00, 3.6868e-02, 
 2DIAGNOSTIC,    13, -4.915338106052e-01, 1.769204207382e-03, 1.2495e+00, 2.2615e-02, 
 2DIAGNOSTIC,    14, -4.915338136479e-01, 1.661582914063e-03, 1.2703e+00, 2.0841e-02, 
 2DIAGNOSTIC,    15, -4.915139066320e-01, 1.426497037473e-03, 1.2931e+00, 2.2768e-02, 
 2DIAGNOSTIC,    16, -4.915192950838e-01, 1.094562196339e-03, 1.3145e+00, 2.1366e-02, 
 2DIAGNOSTIC,    17, -4.914974040318e-01, 7.196793019135e-04, 1.3364e+00, 2.1882e-02, 
 2DIAGNOSTIC,    18, -4.915007318057e-01, 3.853365726669e-04, 1.3560e+00, 1.9661e-02, 
 2DIAGNOSTIC,    19, -4.914894285519e-01, 1.109157503733e-04, 1.3768e+00, 2.0741e-02, 
 2DIAGNOSTIC,    20, -4.914845713718e-01, 9.339374779822e-06, 1.3989e+00, 2.2160e-02, 
DIAGNOSTIC,Iteration,metricValue,convergenceValue,ITERATION_TIME_INDEX,SINCE_LAST
 2DIAGNOSTIC,     1, -4.261721060967e-01, 1.797693134862e+308, 1.9729e+00, 5.7398e-01, 
 2DIAGNOSTIC,     2, -4.263234578844e-01, 1.797693134862e+308, 2.1056e+00, 1.3268e-01, 
 2DIAGNOSTIC,     3, -4.265702035434e-01, 1.797693134862e+308, 2.2375e+00, 1.3187e-01, 
 2DIAGNOSTIC,     4, -4.269468407442e-01, 1.797693134862e+308, 2.3728e+00, 1.3536e-01, 
 2DIAGNOSTIC,     5, -4.274539522765e-01, 1.797693134862e+308, 2.5266e+00, 1.5380e-01, 
 2DIAGNOSTIC,     6, -4.278079658210e-01, 1.797693134862e+308, 2.6790e+00, 1.5236e-01, 
 2DIAGNOSTIC,     7, -4.280162272380e-01, 1.797693134862e+308, 2.8154e+00, 1.3639e-01, 
 2DIAGNOSTIC,     8, -4.282668817295e-01, 1.797693134862e+308, 3.0470e+00, 2.3159e-01, 
 2DIAGNOSTIC,     9, -4.283103052216e-01, 1.797693134862e+308, 3.2053e+00, 1.5838e-01, 
 2DIAGNOSTIC,    10, -4.283723932747e-01, 3.811999413654e-04, 3.3609e+00, 1.5554e-01, 
 2DIAGNOSTIC,    11, -4.283711821407e-01, 3.046756012588e-04, 3.5203e+00, 1.5941e-01, 
 2DIAGNOSTIC,    12, -4.283691441957e-01, 2.222251915096e-04, 3.7497e+00, 2.2943e-01, 
 2DIAGNOSTIC,    13, -4.283678787589e-01, 1.450534328609e-04, 3.9554e+00, 2.0567e-01, 
 2DIAGNOSTIC,    14, -4.283676627376e-01, 8.342237574228e-05, 4.1260e+00, 1.7057e-01, 
 2DIAGNOSTIC,    15, -4.283680071522e-01, 4.487928787748e-05, 4.2774e+00, 1.5144e-01, 
 2DIAGNOSTIC,    16, -4.283667284142e-01, 2.178436299155e-05, 4.4123e+00, 1.3487e-01, 
 2DIAGNOSTIC,    17, -4.283663819104e-01, 7.495198336142e-06, 4.5484e+00, 1.3612e-01, 
 2DIAGNOSTIC,    18, -4.283655369351e-01, 3.477578878627e-06, 4.7063e+00, 1.5793e-01, 
 2DIAGNOSTIC,    19, -4.283654507132e-01, 1.176442489197e-06, 4.8421e+00, 1.3578e-01, 
 2DIAGNOSTIC,    20, -4.283667062790e-01, 1.254962582568e-06, 5.0012e+00, 1.5909e-01, 
 2DIAGNOSTIC,    21, -4.283677820192e-01, 1.353464564945e-06, 5.1628e+00, 1.6161e-01, 
 2DIAGNOSTIC,    22, -4.283662149039e-01, 1.350472206681e-06, 5.3397e+00, 1.7691e-01, 
 2DIAGNOSTIC,    23, -4.283658001386e-01, 1.310704003298e-06, 5.4969e+00, 1.5723e-01, 
 2DIAGNOSTIC,    24, -4.283644824628e-01, 1.238153387061e-06, 5.6343e+00, 1.3732e-01, 
 2DIAGNOSTIC,    25, -4.283634188200e-01, 1.160641675595e-06, 5.7718e+00, 1.3757e-01, 
 2DIAGNOSTIC,    26, -4.283636087385e-01, 1.071627702930e-06, 5.9285e+00, 1.5666e-01, 
DIAGNOSTIC,Iteration,metricValue,convergenceValue,ITERATION_TIME_INDEX,SINCE_LAST
 2DIAGNOSTIC,     1, -3.911343982530e-01, 1.797693134862e+308, 7.5538e+00, 1.6253e+00, 
 2DIAGNOSTIC,     2, -3.912011919127e-01, 1.797693134862e+308, 8.4874e+00, 9.3361e-01, 
 2DIAGNOSTIC,     3, -3.912456248068e-01, 1.797693134862e+308, 9.4503e+00, 9.6294e-01, 
 2DIAGNOSTIC,     4, -3.913613269352e-01, 1.797693134862e+308, 1.0416e+01, 9.6555e-01, 
 2DIAGNOSTIC,     5, -3.916345866374e-01, 1.797693134862e+308, 1.2123e+01, 1.7073e+00, 
 2DIAGNOSTIC,     6, -3.916680674206e-01, 1.797693134862e+308, 1.3454e+01, 1.3305e+00, 
 2DIAGNOSTIC,     7, -3.916674444579e-01, 1.797693134862e+308, 1.4788e+01, 1.3342e+00, 
 2DIAGNOSTIC,     8, -3.916673172545e-01, 1.797693134862e+308, 1.6114e+01, 1.3260e+00, 
 2DIAGNOSTIC,     9, -3.916668446114e-01, 1.797693134862e+308, 1.7194e+01, 1.0804e+00, 
 2DIAGNOSTIC,    10, -3.916666640346e-01, 1.036245918308e-04, 1.8770e+01, 1.5754e+00, 
 2DIAGNOSTIC,    11, -3.916666869392e-01, 7.304594533852e-05, 1.9860e+01, 1.0897e+00, 
 2DIAGNOSTIC,    12, -3.916663388779e-01, 4.556449657717e-05, 2.0942e+01, 1.0822e+00, 
 2DIAGNOSTIC,    13, -3.916662707655e-01, 2.094508557607e-05, 2.2030e+01, 1.0881e+00, 
 2DIAGNOSTIC,    14, -3.916661945925e-01, 3.773256154305e-06, 2.3117e+01, 1.0871e+00, 
 2DIAGNOSTIC,    15, -3.916661182931e-01, 1.927340708696e-06, 2.4209e+01, 1.0923e+00, 
 2DIAGNOSTIC,    16, -3.916661284101e-01, 1.849815273444e-06, 2.5172e+01, 9.6323e-01, 
 2DIAGNOSTIC,    17, -3.916661454478e-01, 1.768265495333e-06, 2.6257e+01, 1.0845e+00, 
 2DIAGNOSTIC,    18, -3.916663420195e-01, 1.708647348803e-06, 2.7334e+01, 1.0768e+00, 
 2DIAGNOSTIC,    19, -3.916661703706e-01, 1.636023001177e-06, 2.8288e+01, 9.5440e-01, 
 2DIAGNOSTIC,    20, -3.916660992368e-01, 1.565226222251e-06, 2.9248e+01, 9.6010e-01, 
 2DIAGNOSTIC,    21, -3.916660420818e-01, 1.502761956179e-06, 3.0329e+01, 1.0806e+00, 
 2DIAGNOSTIC,    22, -3.916664451578e-01, 1.448833116473e-06, 3.1406e+01, 1.0775e+00, 
 2DIAGNOSTIC,    23, -3.916664703885e-01, 1.397531869736e-06, 3.2495e+01, 1.0892e+00, 
 2DIAGNOSTIC,    24, -3.916664864850e-01, 1.347604869258e-06, 3.3446e+01, 9.5041e-01, 
 2DIAGNOSTIC,    25, -3.916664215066e-01, 1.295847414685e-06, 3.4532e+01, 1.0864e+00, 
 2DIAGNOSTIC,    26, -3.916662611054e-01, 1.241728094188e-06, 3.5618e+01, 1.0853e+00, 
 2DIAGNOSTIC,    27, -3.916663771664e-01, 1.193186282222e-06, 3.6693e+01, 1.0750e+00, 
 2DIAGNOSTIC,    28, -3.916663093039e-01, 1.149914012635e-06, 3.7766e+01, 1.0733e+00, 
 2DIAGNOSTIC,    29, -3.916660673942e-01, 1.098200006357e-06, 3.8729e+01, 9.6283e-01, 
 2DIAGNOSTIC,    30, -3.916660322047e-01, 1.047654669212e-06, 3.9815e+01, 1.0867e+00, 
 2DIAGNOSTIC,    31, -3.916660977497e-01, 1.001512849236e-06, 4.0781e+01, 9.6515e-01, 
  Elapsed time (stage 0): 4.1414e+01


Stage 1
  iterations = 1000x500x250x100
  convergence threshold = 1.0000e-06
  convergence window size = 10
  number of levels = 4
  using the Mattes MI metric (number of bins = 32, weight = 1.0000e+00, use gradient filter = 0)
  preprocessing:  winsorizing the image intensities
  Shrink factors (level 1 out of 4): [8, 8, 8]
  Shrink factors (level 2 out of 4): [4, 4, 4]
  Shrink factors (level 3 out of 4): [2, 2, 2]
  Shrink factors (level 4 out of 4): [1, 1, 1]
  smoothing sigmas per level: [3, 2, 1, 0]
  regular sampling (percentage = 2.5000e-01)

*** Running AffineTransform registration ***

DIAGNOSTIC,Iteration,metricValue,convergenceValue,ITERATION_TIME_INDEX,SINCE_LAST
 2DIAGNOSTIC,     1, -6.031213291033e-01, 1.797693134862e+308, 3.3641e-01, 3.3641e-01, 
 2DIAGNOSTIC,     2, -6.049404282082e-01, 1.797693134862e+308, 3.4093e-01, 4.5190e-03, 
 2DIAGNOSTIC,     3, -6.076137810457e-01, 1.797693134862e+308, 3.4432e-01, 3.3970e-03, 
 2DIAGNOSTIC,     4, -6.116233992560e-01, 1.797693134862e+308, 3.4749e-01, 3.1629e-03, 
 2DIAGNOSTIC,     5, -6.183149419951e-01, 1.797693134862e+308, 3.5069e-01, 3.2001e-03, 
 2DIAGNOSTIC,     6, -6.468922891821e-01, 1.797693134862e+308, 3.5458e-01, 3.8922e-03, 
 2DIAGNOSTIC,     7, -7.585517043127e-01, 1.797693134862e+308, 3.5829e-01, 3.7160e-03, 
 2DIAGNOSTIC,     8, -8.107970086583e-01, 1.797693134862e+308, 3.6197e-01, 3.6709e-03, 
 2DIAGNOSTIC,     9, -8.510853683666e-01, 1.797693134862e+308, 3.6750e-01, 5.5342e-03, 
 2DIAGNOSTIC,    10, -8.554680184277e-01, 2.787392521921e-02, 3.7075e-01, 3.2499e-03, 
 2DIAGNOSTIC,    11, -8.703410736610e-01, 2.749921945915e-02, 3.7405e-01, 3.2978e-03, 
 2DIAGNOSTIC,    12, -8.835814704248e-01, 2.517236510010e-02, 3.7731e-01, 3.2640e-03, 
 2DIAGNOSTIC,    13, -8.881359270935e-01, 2.120788973355e-02, 3.8108e-01, 3.7689e-03, 
 2DIAGNOSTIC,    14, -8.896672383741e-01, 1.619973198090e-02, 3.8470e-01, 3.6240e-03, 
 2DIAGNOSTIC,    15, -8.905981414820e-01, 1.073576348748e-02, 3.8865e-01, 3.9430e-03, 
 2DIAGNOSTIC,    16, -8.946576342156e-01, 5.793721137386e-03, 3.9228e-01, 3.6371e-03, 
 2DIAGNOSTIC,    17, -8.956487524509e-01, 3.395069137098e-03, 3.9589e-01, 3.6030e-03, 
 2DIAGNOSTIC,    18, -8.962519849603e-01, 2.038506384763e-03, 3.9907e-01, 3.1841e-03, 
 2DIAGNOSTIC,    19, -8.975426586389e-01, 1.451533434647e-03, 4.0230e-01, 3.2310e-03, 
 2DIAGNOSTIC,    20, -9.003211271799e-01, 9.208812374500e-04, 4.0597e-01, 3.6681e-03, 
 2DIAGNOSTIC,    21, -9.046193615558e-01, 6.794573786892e-04, 4.1182e-01, 5.8501e-03, 
 2DIAGNOSTIC,    22, -9.054019243608e-01, 6.219599358502e-04, 4.2188e-01, 1.0055e-02, 
 2DIAGNOSTIC,    23, -9.054018982722e-01, 5.833346754226e-04, 4.2533e-01, 3.4549e-03, 
 2DIAGNOSTIC,    24, -9.054019728055e-01, 5.175722504187e-04, 4.2874e-01, 3.4091e-03, 
 2DIAGNOSTIC,    25, -9.054020988355e-01, 4.202885588854e-04, 4.3208e-01, 3.3441e-03, 
 2DIAGNOSTIC,    26, -9.054023119371e-01, 3.450466012992e-04, 4.3529e-01, 3.2029e-03, 
 2DIAGNOSTIC,    27, -9.054026722511e-01, 2.565584677351e-04, 4.3850e-01, 3.2141e-03, 
 2DIAGNOSTIC,    28, -9.054032814295e-01, 1.592171959710e-04, 4.4183e-01, 3.3329e-03, 
 2DIAGNOSTIC,    29, -9.054043112358e-01, 6.944681860566e-05, 4.4517e-01, 3.3321e-03, 
 2DIAGNOSTIC,    30, -9.054060517514e-01, 1.016342152588e-05, 4.4848e-01, 3.3090e-03, 
 2DIAGNOSTIC,    31, -9.054089897688e-01, 1.257287281876e-06, 4.5168e-01, 3.2032e-03, 
 2DIAGNOSTIC,    32, -9.054139512722e-01, 1.310853921598e-06, 4.5485e-01, 3.1760e-03, 
 2DIAGNOSTIC,    33, -9.054223221988e-01, 1.423651259554e-06, 4.5817e-01, 3.3190e-03, 
 2DIAGNOSTIC,    34, -9.054364150230e-01, 1.632633492329e-06, 4.6147e-01, 3.2990e-03, 
 2DIAGNOSTIC,    35, -9.054600837851e-01, 1.996719477752e-06, 4.6485e-01, 3.3760e-03, 
 2DIAGNOSTIC,    36, -9.054997537332e-01, 2.611683345921e-06, 4.6807e-01, 3.2229e-03, 
 2DIAGNOSTIC,    37, -9.055659702839e-01, 3.631648049132e-06, 4.7177e-01, 3.6941e-03, 
 2DIAGNOSTIC,    38, -9.056744070363e-01, 5.289163046696e-06, 4.7565e-01, 3.8879e-03, 
 2DIAGNOSTIC,    39, -9.058209327175e-01, 7.688886881286e-06, 4.7898e-01, 3.3240e-03, 
 2DIAGNOSTIC,    40, -9.058994352944e-01, 9.963403736567e-06, 4.8252e-01, 3.5410e-03, 
 2DIAGNOSTIC,    41, -9.059533153509e-01, 1.171792969698e-05, 4.8682e-01, 4.3030e-03, 
 2DIAGNOSTIC,    42, -9.058499741029e-01, 1.156761015892e-05, 4.9070e-01, 3.8772e-03, 
 2DIAGNOSTIC,    43, -9.057647097328e-01, 9.824094290407e-06, 4.9433e-01, 3.6311e-03, 
 2DIAGNOSTIC,    44, -9.055697858670e-01, 5.933516898659e-06, 4.9816e-01, 3.8321e-03, 
 2DIAGNOSTIC,    45, -9.055187823650e-01, 1.546973857996e-06, 5.0164e-01, 3.4790e-03, 
DIAGNOSTIC,Iteration,metricValue,convergenceValue,ITERATION_TIME_INDEX,SINCE_LAST
 2DIAGNOSTIC,     1, -7.324432866261e-01, 1.797693134862e+308, 8.8355e-01, 3.8191e-01, 
 2DIAGNOSTIC,     2, -7.331700844729e-01, 1.797693134862e+308, 9.0785e-01, 2.4300e-02, 
 2DIAGNOSTIC,     3, -7.340608975513e-01, 1.797693134862e+308, 9.3090e-01, 2.3054e-02, 
 2DIAGNOSTIC,     4, -7.351520729216e-01, 1.797693134862e+308, 9.5382e-01, 2.2921e-02, 
 2DIAGNOSTIC,     5, -7.374661161560e-01, 1.797693134862e+308, 9.8431e-01, 3.0483e-02, 
 2DIAGNOSTIC,     6, -7.390325985906e-01, 1.797693134862e+308, 1.0081e+00, 2.3824e-02, 
 2DIAGNOSTIC,     7, -7.397310849186e-01, 1.797693134862e+308, 1.0335e+00, 2.5332e-02, 
 2DIAGNOSTIC,     8, -7.416679616061e-01, 1.797693134862e+308, 1.0686e+00, 3.5167e-02, 
 2DIAGNOSTIC,     9, -7.419446344434e-01, 1.797693134862e+308, 1.0947e+00, 2.6059e-02, 
 2DIAGNOSTIC,    10, -7.419952132641e-01, 9.646598491423e-04, 1.1220e+00, 2.7354e-02, 
 2DIAGNOSTIC,    11, -7.420529304602e-01, 7.961682309676e-04, 1.1493e+00, 2.7254e-02, 
 2DIAGNOSTIC,    12, -7.419941690922e-01, 6.063576379067e-04, 1.1762e+00, 2.6943e-02, 
 2DIAGNOSTIC,    13, -7.420597683008e-01, 4.193715512715e-04, 1.2036e+00, 2.7317e-02, 
 2DIAGNOSTIC,    14, -7.420627051914e-01, 2.500453015896e-04, 1.2268e+00, 2.3265e-02, 
 2DIAGNOSTIC,    15, -7.420970993497e-01, 1.407873936563e-04, 1.2492e+00, 2.2417e-02, 
 2DIAGNOSTIC,    16, -7.421376093439e-01, 7.130480536406e-05, 1.2738e+00, 2.4551e-02, 
 2DIAGNOSTIC,    17, -7.422916475917e-01, 2.175456991044e-05, 1.2977e+00, 2.3902e-02, 
 2DIAGNOSTIC,    18, -7.425920108460e-01, 2.342493265949e-05, 1.3360e+00, 3.8286e-02, 
 2DIAGNOSTIC,    19, -7.426015339718e-01, 2.853340508470e-05, 1.3622e+00, 2.6264e-02, 
 2DIAGNOSTIC,    20, -7.426013157926e-01, 3.167483257758e-05, 1.3847e+00, 2.2491e-02, 
 2DIAGNOSTIC,    21, -7.425970449331e-01, 3.280427999680e-05, 1.4085e+00, 2.3724e-02, 
 2DIAGNOSTIC,    22, -7.425913727322e-01, 2.970024618856e-05, 1.4300e+00, 2.1506e-02, 
 2DIAGNOSTIC,    23, -7.425909748475e-01, 2.523607795335e-05, 1.4541e+00, 2.4123e-02, 
 2DIAGNOSTIC,    24, -7.425897820018e-01, 1.894721290287e-05, 1.4793e+00, 2.5206e-02, 
 2DIAGNOSTIC,    25, -7.425788254513e-01, 1.195324310403e-05, 1.5063e+00, 2.7016e-02, 
 2DIAGNOSTIC,    26, -7.425751222276e-01, 5.034159822170e-06, 1.5314e+00, 2.5141e-02, 
DIAGNOSTIC,Iteration,metricValue,convergenceValue,ITERATION_TIME_INDEX,SINCE_LAST
 2DIAGNOSTIC,     1, -6.294168980239e-01, 1.797693134862e+308, 2.1418e+00, 6.1031e-01, 
 2DIAGNOSTIC,     2, -6.299163347634e-01, 1.797693134862e+308, 2.3174e+00, 1.7567e-01, 
 2DIAGNOSTIC,     3, -6.303507776668e-01, 1.797693134862e+308, 2.4934e+00, 1.7593e-01, 
 2DIAGNOSTIC,     4, -6.308900971719e-01, 1.797693134862e+308, 2.6639e+00, 1.7059e-01, 
 2DIAGNOSTIC,     5, -6.320211552130e-01, 1.797693134862e+308, 2.8337e+00, 1.6980e-01, 
 2DIAGNOSTIC,     6, -6.322471136949e-01, 1.797693134862e+308, 3.0473e+00, 2.1354e-01, 
 2DIAGNOSTIC,     7, -6.323898394410e-01, 1.797693134862e+308, 3.2633e+00, 2.1602e-01, 
 2DIAGNOSTIC,     8, -6.324156612799e-01, 1.797693134862e+308, 3.4591e+00, 1.9582e-01, 
 2DIAGNOSTIC,     9, -6.324928798658e-01, 1.797693134862e+308, 3.6319e+00, 1.7281e-01, 
 2DIAGNOSTIC,    10, -6.329105599452e-01, 3.601522438926e-04, 3.8652e+00, 2.3322e-01, 
 2DIAGNOSTIC,    11, -6.329106378709e-01, 2.713844424454e-04, 4.1863e+00, 3.2113e-01, 
 2DIAGNOSTIC,    12, -6.329104492779e-01, 1.926644410303e-04, 4.3794e+00, 1.9315e-01, 
 2DIAGNOSTIC,    13, -6.329098205344e-01, 1.241892747977e-04, 4.5508e+00, 1.7139e-01, 
 2DIAGNOSTIC,    14, -6.329110759675e-01, 7.084766011697e-05, 4.7463e+00, 1.9544e-01, 
 2DIAGNOSTIC,    15, -6.329086446262e-01, 5.185556873641e-05, 4.9403e+00, 1.9406e-01, 
 2DIAGNOSTIC,    16, -6.329059587421e-01, 3.684279691972e-05, 5.1373e+00, 1.9700e-01, 
 2DIAGNOSTIC,    17, -6.329072352091e-01, 2.438622627307e-05, 5.3703e+00, 2.3300e-01, 
 2DIAGNOSTIC,    18, -6.329048785265e-01, 1.188992884309e-05, 5.5598e+00, 1.8949e-01, 
 2DIAGNOSTIC,    19, -6.329040830632e-01, 1.298300137183e-06, 5.7539e+00, 1.9412e-01, 
 2DIAGNOSTIC,    20, -6.329030734541e-01, 1.168947229672e-06, 5.9489e+00, 1.9493e-01, 
 2DIAGNOSTIC,    21, -6.329022211066e-01, 1.075826765853e-06, 6.1200e+00, 1.7111e-01, 
 2DIAGNOSTIC,    22, -6.329017247781e-01, 1.018115598772e-06, 6.3111e+00, 1.9111e-01, 
DIAGNOSTIC,Iteration,metricValue,convergenceValue,ITERATION_TIME_INDEX,SINCE_LAST
 2DIAGNOSTIC,     1, -5.569593749123e-01, 1.797693134862e+308, 8.2702e+00, 1.9591e+00, 
 2DIAGNOSTIC,     2, -5.571811731932e-01, 1.797693134862e+308, 9.4005e+00, 1.1303e+00, 
 2DIAGNOSTIC,     3, -5.573899514324e-01, 1.797693134862e+308, 1.0614e+01, 1.2137e+00, 
 2DIAGNOSTIC,     4, -5.576150280594e-01, 1.797693134862e+308, 1.1830e+01, 1.2154e+00, 
 2DIAGNOSTIC,     5, -5.579548231447e-01, 1.797693134862e+308, 1.3299e+01, 1.4693e+00, 
 2DIAGNOSTIC,     6, -5.579670924322e-01, 1.797693134862e+308, 1.4522e+01, 1.2233e+00, 
 2DIAGNOSTIC,     7, -5.579984854334e-01, 1.797693134862e+308, 1.5763e+01, 1.2413e+00, 
 2DIAGNOSTIC,     8, -5.581062559484e-01, 1.797693134862e+308, 1.7570e+01, 1.8061e+00, 
 2DIAGNOSTIC,     9, -5.581164044092e-01, 1.797693134862e+308, 1.9478e+01, 1.9086e+00, 
 2DIAGNOSTIC,    10, -5.581172137629e-01, 1.386686831654e-04, 2.0817e+01, 1.3392e+00, 
 2DIAGNOSTIC,    11, -5.581168761136e-01, 9.548887110035e-05, 2.2460e+01, 1.6430e+00, 
 2DIAGNOSTIC,    12, -5.581171242088e-01, 6.069822857468e-05, 2.3824e+01, 1.3637e+00, 
 2DIAGNOSTIC,    13, -5.581166461037e-01, 3.402382373230e-05, 2.5567e+01, 1.7432e+00, 
 2DIAGNOSTIC,    14, -5.581165437003e-01, 1.612978684129e-05, 2.6907e+01, 1.3399e+00, 
 2DIAGNOSTIC,    15, -5.581164364492e-01, 1.095380700651e-05, 2.8253e+01, 1.3454e+00, 
 2DIAGNOSTIC,    16, -5.581162007847e-01, 6.016192168085e-06, 2.9471e+01, 1.2181e+00, 
 2DIAGNOSTIC,    17, -5.581160002334e-01, 2.135211475816e-06, 3.0681e+01, 1.2106e+00, 
 2DIAGNOSTIC,    18, -5.581158582534e-01, 1.699437076653e-06, 3.1893e+01, 1.2116e+00, 
 2DIAGNOSTIC,    19, -5.581159560960e-01, 1.590030652997e-06, 3.3242e+01, 1.3495e+00, 
 2DIAGNOSTIC,    20, -5.581160010903e-01, 1.521210409548e-06, 3.4607e+01, 1.3651e+00, 
 2DIAGNOSTIC,    21, -5.581161731150e-01, 1.461145794648e-06, 3.6103e+01, 1.4953e+00, 
 2DIAGNOSTIC,    22, -5.581161973307e-01, 1.418194463039e-06, 3.7470e+01, 1.3677e+00, 
 2DIAGNOSTIC,    23, -5.581160018632e-01, 1.366755395159e-06, 3.9094e+01, 1.6241e+00, 
 2DIAGNOSTIC,    24, -5.581159362767e-01, 1.317695777242e-06, 4.0447e+01, 1.3528e+00, 
 2DIAGNOSTIC,    25, -5.581154388210e-01, 1.261004659012e-06, 4.1913e+01, 1.4659e+00, 
 2DIAGNOSTIC,    26, -5.581151863761e-01, 1.200466118470e-06, 4.3275e+01, 1.3620e+00, 
 2DIAGNOSTIC,    27, -5.581150778194e-01, 1.140887056467e-06, 4.4631e+01, 1.3560e+00, 
 2DIAGNOSTIC,    28, -5.581149690989e-01, 1.084472313562e-06, 4.5975e+01, 1.3439e+00, 
 2DIAGNOSTIC,    29, -5.581148601854e-01, 1.036698570579e-06, 4.7165e+01, 1.1903e+00, 
  Elapsed time (stage 1): 4.8015e+01


Stage 2
  iterations = 100x70x50x20
  convergence threshold = 1.0000e-06
  convergence window size = 10
  number of levels = 4
  using the CC metric (radius = 4, weight = 1.0000e+00, use gradient filter = 0)
  preprocessing:  winsorizing the image intensities
  Shrink factors (level 1 out of 4): [8, 8, 8]
  Shrink factors (level 2 out of 4): [4, 4, 4]
  Shrink factors (level 3 out of 4): [2, 2, 2]
  Shrink factors (level 4 out of 4): [1, 1, 1]
  smoothing sigmas per level: [3, 2, 1, 0]
  Using default NONE metricSamplingStrategy 

*** Running SyN registration (varianceForUpdateField = 3.0000e+00, varianceForTotalField = 0.0000e+00) ***

XXDIAGNOSTIC,Iteration,metricValue,convergenceValue,ITERATION_TIME_INDEX,SINCE_LAST
 1DIAGNOSTIC,     1, -9.294741721853e-01, 1.797693134862e+308, 4.7191e-01, 4.7191e-01, 
 1DIAGNOSTIC,     2, -9.369389711405e-01, 1.797693134862e+308, 6.2992e-01, 1.5801e-01, 
 1DIAGNOSTIC,     3, -9.425636482861e-01, 1.797693134862e+308, 7.8321e-01, 1.5329e-01, 
 1DIAGNOSTIC,     4, -9.459774735242e-01, 1.797693134862e+308, 9.3778e-01, 1.5457e-01, 
 1DIAGNOSTIC,     5, -9.486328395377e-01, 1.797693134862e+308, 1.0898e+00, 1.5204e-01, 
 1DIAGNOSTIC,     6, -9.507541566773e-01, 1.797693134862e+308, 1.2473e+00, 1.5745e-01, 
 1DIAGNOSTIC,     7, -9.525050484278e-01, 1.797693134862e+308, 1.4005e+00, 1.5328e-01, 
 1DIAGNOSTIC,     8, -9.540182386963e-01, 1.797693134862e+308, 1.5604e+00, 1.5983e-01, 
 1DIAGNOSTIC,     9, -9.552937787344e-01, 1.797693134862e+308, 1.7184e+00, 1.5803e-01, 
 1DIAGNOSTIC,    10, -9.565365861073e-01, 1.639474818789e-03, 1.8796e+00, 1.6118e-01, 
 1DIAGNOSTIC,    11, -9.576154507285e-01, 1.153542617598e-03, 2.0362e+00, 1.5658e-01, 
 1DIAGNOSTIC,    12, -9.586185503063e-01, 8.546352902516e-04, 2.1986e+00, 1.6240e-01, 
 1DIAGNOSTIC,    13, -9.595338837858e-01, 6.742946695177e-04, 2.3596e+00, 1.6108e-01, 
 1DIAGNOSTIC,    14, -9.603834299298e-01, 5.489209604620e-04, 2.5165e+00, 1.5688e-01, 
 1DIAGNOSTIC,    15, -9.612146970272e-01, 4.591398249386e-04, 2.6784e+00, 1.6192e-01, 
 1DIAGNOSTIC,    16, -9.619104790419e-01, 3.906779231231e-04, 2.8406e+00, 1.6214e-01, 
 1DIAGNOSTIC,    17, -9.625317194543e-01, 3.357132197797e-04, 3.0002e+00, 1.5961e-01, 
 1DIAGNOSTIC,    18, -9.630914484891e-01, 2.900545425273e-04, 3.1531e+00, 1.5295e-01, 
 1DIAGNOSTIC,    19, -9.636003846187e-01, 2.501495564635e-04, 3.3134e+00, 1.6026e-01, 
 1DIAGNOSTIC,    20, -9.640625704726e-01, 2.162641351535e-04, 3.4735e+00, 1.6006e-01, 
 1DIAGNOSTIC,    21, -9.644813828138e-01, 1.866065855424e-04, 3.6359e+00, 1.6250e-01, 
 1DIAGNOSTIC,    22, -9.649121624207e-01, 1.615748603297e-04, 3.7998e+00, 1.6389e-01, 
 1DIAGNOSTIC,    23, -9.652570718030e-01, 1.398477877516e-04, 3.9577e+00, 1.5788e-01, 
 1DIAGNOSTIC,    24, -9.655703898053e-01, 1.211846171591e-04, 4.1100e+00, 1.5230e-01, 
 1DIAGNOSTIC,    25, -9.658573304889e-01, 1.059216425858e-04, 4.2646e+00, 1.5460e-01, 
 1DIAGNOSTIC,    26, -9.661191885691e-01, 9.280848701901e-05, 4.4250e+00, 1.6039e-01, 
 1DIAGNOSTIC,    27, -9.663533465976e-01, 8.133374287914e-05, 4.5831e+00, 1.5810e-01, 
 1DIAGNOSTIC,    28, -9.665717136916e-01, 7.127463196677e-05, 4.7417e+00, 1.5860e-01, 
 1DIAGNOSTIC,    29, -9.667721073292e-01, 6.247009514765e-05, 4.8954e+00, 1.5371e-01, 
 1DIAGNOSTIC,    30, -9.669754219384e-01, 5.496326190749e-05, 5.0486e+00, 1.5317e-01, 
 1DIAGNOSTIC,    31, -9.671420918790e-01, 4.835629963194e-05, 5.2028e+00, 1.5425e-01, 
 1DIAGNOSTIC,    32, -9.672923876673e-01, 4.300820562938e-05, 5.3576e+00, 1.5479e-01, 
 1DIAGNOSTIC,    33, -9.674309244472e-01, 3.829562188512e-05, 5.5128e+00, 1.5518e-01, 
 1DIAGNOSTIC,    34, -9.675582592929e-01, 3.411074951935e-05, 5.6700e+00, 1.5723e-01, 
 1DIAGNOSTIC,    35, -9.676726878882e-01, 3.036685953274e-05, 5.8230e+00, 1.5295e-01, 
 1DIAGNOSTIC,    36, -9.677801188909e-01, 2.703395984851e-05, 5.9767e+00, 1.5372e-01, 
 1DIAGNOSTIC,    37, -9.678779367318e-01, 2.402094085257e-05, 6.1373e+00, 1.6063e-01, 
 1DIAGNOSTIC,    38, -9.679667348237e-01, 2.132769992947e-05, 6.2978e+00, 1.6042e-01, 
 1DIAGNOSTIC,    39, -9.680485585486e-01, 1.893240142761e-05, 6.4529e+00, 1.5516e-01, 
 1DIAGNOSTIC,    40, -9.681124043300e-01, 1.688353510777e-05, 6.6193e+00, 1.6634e-01, 
 1DIAGNOSTIC,    41, -9.681826774934e-01, 1.509205891427e-05, 6.7753e+00, 1.5604e-01, 
 1DIAGNOSTIC,    42, -9.682473342111e-01, 1.351390030411e-05, 6.9278e+00, 1.5250e-01, 
 1DIAGNOSTIC,    43, -9.683065270917e-01, 1.213324896460e-05, 7.0802e+00, 1.5239e-01, 
 1DIAGNOSTIC,    44, -9.683603498315e-01, 1.093052349440e-05, 7.2322e+00, 1.5199e-01, 
 1DIAGNOSTIC,    45, -9.684107326528e-01, 9.876418495994e-06, 7.3877e+00, 1.5548e-01, 
 1DIAGNOSTIC,    46, -9.684576412757e-01, 8.971194804686e-06, 7.5442e+00, 1.5651e-01, 
 1DIAGNOSTIC,    47, -9.685010872113e-01, 8.188659601817e-06, 7.6976e+00, 1.5345e-01, 
 1DIAGNOSTIC,    48, -9.685415994897e-01, 7.505413732501e-06, 7.8545e+00, 1.5687e-01, 
 1DIAGNOSTIC,    49, -9.685795808342e-01, 6.910715535682e-06, 8.0079e+00, 1.5337e-01, 
 1DIAGNOSTIC,    50, -9.686155063097e-01, 6.321486049794e-06, 8.1600e+00, 1.5214e-01, 
 1DIAGNOSTIC,    51, -9.686491416932e-01, 5.804943641718e-06, 8.3164e+00, 1.5641e-01, 
 1DIAGNOSTIC,    52, -9.686804858958e-01, 5.350209147940e-06, 8.4762e+00, 1.5978e-01, 
 1DIAGNOSTIC,    53, -9.687093170841e-01, 4.942912064303e-06, 8.6354e+00, 1.5921e-01, 
 1DIAGNOSTIC,    54, -9.686925190136e-01, 4.331288432628e-06, 8.7863e+00, 1.5089e-01, 
 1DIAGNOSTIC,    55, -9.687069171250e-01, 3.732394211021e-06, 8.9427e+00, 1.5641e-01, 
 1DIAGNOSTIC,    56, -9.687349088180e-01, 3.241392905161e-06, 9.1005e+00, 1.5774e-01, 
 1DIAGNOSTIC,    57, -9.687614321636e-01, 2.864255216610e-06, 9.2564e+00, 1.5590e-01, 
 1DIAGNOSTIC,    58, -9.687867621678e-01, 2.609631131044e-06, 9.4105e+00, 1.5411e-01, 
 1DIAGNOSTIC,    59, -9.688104589793e-01, 2.474602221334e-06, 9.5707e+00, 1.6023e-01, 
 1DIAGNOSTIC,    60, -9.688327973420e-01, 2.443104037877e-06, 9.7286e+00, 1.5789e-01, 
 1DIAGNOSTIC,    61, -9.688540683528e-01, 2.487738445051e-06, 9.8876e+00, 1.5896e-01, 
 1DIAGNOSTIC,    62, -9.688746105034e-01, 2.582243415657e-06, 1.0042e+01, 1.5403e-01, 
 1DIAGNOSTIC,    63, -9.688945547307e-01, 2.705694848781e-06, 1.0197e+01, 1.5524e-01, 
 1DIAGNOSTIC,    64, -9.689135830203e-01, 2.623012920842e-06, 1.0349e+01, 1.5248e-01, 
 1DIAGNOSTIC,    65, -9.689316722690e-01, 2.483167282918e-06, 1.0502e+01, 1.5253e-01, 
 1DIAGNOSTIC,    66, -9.689492615540e-01, 2.356987418666e-06, 1.0657e+01, 1.5503e-01, 
 1DIAGNOSTIC,    67, -9.689661605592e-01, 2.242866729164e-06, 1.0814e+01, 1.5760e-01, 
 1DIAGNOSTIC,    68, -9.689821927434e-01, 2.139047943571e-06, 1.0973e+01, 1.5898e-01, 
 1DIAGNOSTIC,    69, -9.689977379850e-01, 2.043020437711e-06, 1.1126e+01, 1.5216e-01, 
 1DIAGNOSTIC,    70, -9.690129611912e-01, 1.953732758542e-06, 1.1276e+01, 1.5072e-01, 
 1DIAGNOSTIC,    71, -9.690275354931e-01, 1.869565240240e-06, 1.1433e+01, 1.5683e-01, 
 1DIAGNOSTIC,    72, -9.690416795211e-01, 1.791067648431e-06, 1.1591e+01, 1.5739e-01, 
 1DIAGNOSTIC,    73, -9.690554311637e-01, 1.719164242230e-06, 1.1748e+01, 1.5758e-01, 
 1DIAGNOSTIC,    74, -9.690562414784e-01, 1.603027240843e-06, 1.1901e+01, 1.5277e-01, 
 1DIAGNOSTIC,    75, -9.690697539598e-01, 1.501024914924e-06, 1.2054e+01, 1.5283e-01, 
 1DIAGNOSTIC,    76, -9.690838250444e-01, 1.418618002335e-06, 1.2206e+01, 1.5257e-01, 
 1DIAGNOSTIC,    77, -9.690970616252e-01, 1.355056822317e-06, 1.2362e+01, 1.5595e-01, 
 1DIAGNOSTIC,    78, -9.691114329803e-01, 1.316086546839e-06, 1.2522e+01, 1.5975e-01, 
 1DIAGNOSTIC,    79, -9.691253530788e-01, 1.299843742995e-06, 1.2678e+01, 1.5628e-01, 
 1DIAGNOSTIC,    80, -9.691400051552e-01, 1.306390821978e-06, 1.2830e+01, 1.5134e-01, 
 1DIAGNOSTIC,    81, -9.691544432308e-01, 1.328567356259e-06, 1.2989e+01, 1.5930e-01, 
 1DIAGNOSTIC,    82, -9.691682794759e-01, 1.358662654371e-06, 1.3144e+01, 1.5478e-01, 
 1DIAGNOSTIC,    83, -9.691816564024e-01, 1.390822902498e-06, 1.3299e+01, 1.5518e-01, 
 1DIAGNOSTIC,    84, -9.691948579454e-01, 1.372990643247e-06, 1.3453e+01, 1.5440e-01, 
 1DIAGNOSTIC,    85, -9.692077681029e-01, 1.349964383515e-06, 1.3613e+01, 1.5944e-01, 
 1DIAGNOSTIC,    86, -9.692204582194e-01, 1.323853657195e-06, 1.3765e+01, 1.5207e-01, 
 1DIAGNOSTIC,    87, -9.692326020342e-01, 1.291046250417e-06, 1.3921e+01, 1.5613e-01, 
 1DIAGNOSTIC,    88, -9.692445941675e-01, 1.256880894090e-06, 1.4081e+01, 1.5973e-01, 
 1DIAGNOSTIC,    89, -9.692566538463e-01, 1.221902951449e-06, 1.4235e+01, 1.5437e-01, 
 1DIAGNOSTIC,    90, -9.692683954277e-01, 1.189457014510e-06, 1.4390e+01, 1.5480e-01, 
 1DIAGNOSTIC,    91, -9.692798529624e-01, 1.159742878631e-06, 1.4550e+01, 1.5993e-01, 
 1DIAGNOSTIC,    92, -9.692910893913e-01, 1.131714044450e-06, 1.4703e+01, 1.5356e-01, 
 1DIAGNOSTIC,    93, -9.693020395152e-01, 1.104443030708e-06, 1.4856e+01, 1.5230e-01, 
 1DIAGNOSTIC,    94, -9.693126304934e-01, 1.077683096078e-06, 1.5008e+01, 1.5280e-01, 
 1DIAGNOSTIC,    95, -9.693229106076e-01, 1.051020776166e-06, 1.5162e+01, 1.5394e-01, 
 1DIAGNOSTIC,    96, -9.693329628195e-01, 1.024624390365e-06, 1.5315e+01, 1.5259e-01, 
 1DIAGNOSTIC,    97, -9.693428000142e-01, 9.976751570301e-07, 1.5472e+01, 1.5667e-01, 
XXDIAGNOSTIC,Iteration,metricValue,convergenceValue,ITERATION_TIME_INDEX,SINCE_LAST
 1DIAGNOSTIC,     1, -9.037938280486e-01, 1.797693134862e+308, 1.7006e+01, 1.5348e+00, 
 1DIAGNOSTIC,     2, -9.068940259837e-01, 1.797693134862e+308, 1.8211e+01, 1.2043e+00, 
 1DIAGNOSTIC,     3, -9.099219732195e-01, 1.797693134862e+308, 1.9455e+01, 1.2444e+00, 
 1DIAGNOSTIC,     4, -9.127509480643e-01, 1.797693134862e+308, 2.0683e+01, 1.2276e+00, 
 1DIAGNOSTIC,     5, -9.154148673975e-01, 1.797693134862e+308, 2.1897e+01, 1.2143e+00, 
 1DIAGNOSTIC,     6, -9.176702004768e-01, 1.797693134862e+308, 2.3132e+01, 1.2354e+00, 
 1DIAGNOSTIC,     7, -9.197466847208e-01, 1.797693134862e+308, 2.4370e+01, 1.2377e+00, 
 1DIAGNOSTIC,     8, -9.214242655514e-01, 1.797693134862e+308, 2.5586e+01, 1.2160e+00, 
 1DIAGNOSTIC,     9, -9.229824084336e-01, 1.797693134862e+308, 2.6819e+01, 1.2333e+00, 
 1DIAGNOSTIC,    10, -9.244251255083e-01, 1.443650865990e-03, 2.8048e+01, 1.2290e+00, 
 1DIAGNOSTIC,    11, -9.257520188601e-01, 1.183072884180e-03, 2.9276e+01, 1.2275e+00, 
 1DIAGNOSTIC,    12, -9.269712229240e-01, 9.706263223116e-04, 3.0499e+01, 1.2229e+00, 
 1DIAGNOSTIC,    13, -9.281095280458e-01, 8.018107657882e-04, 3.1726e+01, 1.2275e+00, 
 1DIAGNOSTIC,    14, -9.291747047447e-01, 6.696912631017e-04, 3.2952e+01, 1.2260e+00, 
 1DIAGNOSTIC,    15, -9.300759182026e-01, 5.669895998407e-04, 3.4205e+01, 1.2525e+00, 
 1DIAGNOSTIC,    16, -9.310373632092e-01, 4.867696421852e-04, 3.5446e+01, 1.2414e+00, 
 1DIAGNOSTIC,    17, -9.318759308303e-01, 4.237498711322e-04, 3.6666e+01, 1.2201e+00, 
 1DIAGNOSTIC,    18, -9.326674732515e-01, 3.706114306078e-04, 3.7896e+01, 1.2298e+00, 
 1DIAGNOSTIC,    19, -9.334110379035e-01, 3.258358205600e-04, 3.9137e+01, 1.2413e+00, 
 1DIAGNOSTIC,    20, -9.341054012361e-01, 2.879864619346e-04, 4.0365e+01, 1.2276e+00, 
 1DIAGNOSTIC,    21, -9.347539115447e-01, 2.557018576173e-04, 4.1606e+01, 1.2410e+00, 
 1DIAGNOSTIC,    22, -9.353504428711e-01, 2.277132725487e-04, 4.2844e+01, 1.2379e+00, 
 1DIAGNOSTIC,    23, -9.359231506413e-01, 2.036095341664e-04, 4.4083e+01, 1.2388e+00, 
 1DIAGNOSTIC,    24, -9.364717142017e-01, 1.830254405318e-04, 4.5316e+01, 1.2332e+00, 
 1DIAGNOSTIC,    25, -9.369857457031e-01, 1.641832916312e-04, 4.6563e+01, 1.2469e+00, 
 1DIAGNOSTIC,    26, -9.374589518535e-01, 1.482278051222e-04, 4.7790e+01, 1.2272e+00, 
 1DIAGNOSTIC,    27, -9.378855853778e-01, 1.338271980613e-04, 4.9014e+01, 1.2243e+00, 
 1DIAGNOSTIC,    28, -9.382667969715e-01, 1.206460693940e-04, 5.0239e+01, 1.2254e+00, 
 1DIAGNOSTIC,    29, -9.386086399579e-01, 1.084294073132e-04, 5.1460e+01, 1.2210e+00, 
 1DIAGNOSTIC,    30, -9.389262778071e-01, 9.709682566410e-05, 5.2683e+01, 1.2230e+00, 
 1DIAGNOSTIC,    31, -9.392189742908e-01, 8.660166450232e-05, 5.3927e+01, 1.2435e+00, 
 1DIAGNOSTIC,    32, -9.394933519817e-01, 7.689309165379e-05, 5.5144e+01, 1.2175e+00, 
 1DIAGNOSTIC,    33, -9.397496588437e-01, 6.817634703890e-05, 5.6366e+01, 1.2212e+00, 
 1DIAGNOSTIC,    34, -9.399883063344e-01, 6.059553125300e-05, 5.7597e+01, 1.2309e+00, 
 1DIAGNOSTIC,    35, -9.402114232335e-01, 5.414676969434e-05, 5.8845e+01, 1.2487e+00, 
 1DIAGNOSTIC,    36, -9.404165593862e-01, 4.868764056904e-05, 6.0065e+01, 1.2194e+00, 
 1DIAGNOSTIC,    37, -9.406087550884e-01, 4.402799460665e-05, 6.1278e+01, 1.2129e+00, 
 1DIAGNOSTIC,    38, -9.407853960273e-01, 3.993700316179e-05, 6.2504e+01, 1.2266e+00, 
 1DIAGNOSTIC,    39, -9.409478042276e-01, 3.623292616916e-05, 6.3736e+01, 1.2319e+00, 
 1DIAGNOSTIC,    40, -9.411073338052e-01, 3.293879147648e-05, 6.4964e+01, 1.2279e+00, 
 1DIAGNOSTIC,    41, -9.412507844344e-01, 2.994648284262e-05, 6.6174e+01, 1.2103e+00, 
 1DIAGNOSTIC,    42, -9.413830774652e-01, 2.723248577346e-05, 6.7397e+01, 1.2233e+00, 
 1DIAGNOSTIC,    43, -9.415036423789e-01, 2.475950660484e-05, 6.8620e+01, 1.2229e+00, 
 1DIAGNOSTIC,    44, -9.416155568088e-01, 2.250559656992e-05, 6.9852e+01, 1.2312e+00, 
 1DIAGNOSTIC,    45, -9.417164194668e-01, 2.043834028942e-05, 7.1078e+01, 1.2268e+00, 
 1DIAGNOSTIC,    46, -9.418159739821e-01, 1.856900357814e-05, 7.2308e+01, 1.2294e+00, 
 1DIAGNOSTIC,    47, -9.418996112495e-01, 1.683549402617e-05, 7.3531e+01, 1.2227e+00, 
 1DIAGNOSTIC,    48, -9.419774208846e-01, 1.522535978747e-05, 7.4757e+01, 1.2268e+00, 
 1DIAGNOSTIC,    49, -9.420492364069e-01, 1.372485575765e-05, 7.5976e+01, 1.2188e+00, 
 1DIAGNOSTIC,    50, -9.421152270683e-01, 1.238928587843e-05, 7.7207e+01, 1.2306e+00, 
 1DIAGNOSTIC,    51, -9.421846414017e-01, 1.123572173815e-05, 7.8436e+01, 1.2289e+00, 
 1DIAGNOSTIC,    52, -9.422427808820e-01, 1.020980908429e-05, 7.9668e+01, 1.2326e+00, 
 1DIAGNOSTIC,    53, -9.422964755442e-01, 9.291986177825e-06, 8.0875e+01, 1.2072e+00, 
 1DIAGNOSTIC,    54, -9.423479520519e-01, 8.485683410872e-06, 8.2110e+01, 1.2348e+00, 
 1DIAGNOSTIC,    55, -9.423963967220e-01, 7.765834703417e-06, 8.3338e+01, 1.2273e+00, 
 1DIAGNOSTIC,    56, -9.424409062150e-01, 7.155005215566e-06, 8.4585e+01, 1.2478e+00, 
 1DIAGNOSTIC,    57, -9.424841094224e-01, 6.601968545513e-06, 8.5816e+01, 1.2306e+00, 
 1DIAGNOSTIC,    58, -9.425214902105e-01, 6.084766695700e-06, 8.7062e+01, 1.2463e+00, 
 1DIAGNOSTIC,    59, -9.425602360141e-01, 5.617295953324e-06, 8.8277e+01, 1.2149e+00, 
 1DIAGNOSTIC,    60, -9.425969631768e-01, 5.190410125089e-06, 8.9504e+01, 1.2268e+00, 
 1DIAGNOSTIC,    61, -9.426342776742e-01, 4.855548164460e-06, 9.0732e+01, 1.2282e+00, 
 1DIAGNOSTIC,    62, -9.426687886675e-01, 4.563598829419e-06, 9.1955e+01, 1.2225e+00, 
 1DIAGNOSTIC,    63, -9.427032415100e-01, 4.311830828167e-06, 9.3191e+01, 1.2358e+00, 
 1DIAGNOSTIC,    64, -9.427301852250e-01, 4.069369615532e-06, 9.4464e+01, 1.2729e+00, 
 1DIAGNOSTIC,    65, -9.427538408828e-01, 3.823965265128e-06, 9.5684e+01, 1.2205e+00, 
 1DIAGNOSTIC,    66, -9.427848876165e-01, 3.609224383205e-06, 9.6934e+01, 1.2501e+00, 
 1DIAGNOSTIC,    67, -9.428008044970e-01, 3.363489482679e-06, 9.8162e+01, 1.2280e+00, 
 1DIAGNOSTIC,    68, -9.428149188589e-01, 3.074550983598e-06, 9.9408e+01, 1.2456e+00, 
 1DIAGNOSTIC,    69, -9.428306499356e-01, 2.781127215993e-06, 1.0063e+02, 1.2186e+00, 
 1DIAGNOSTIC,    70, -9.428411120249e-01, 2.474405399508e-06, 1.0185e+02, 1.2200e+00, 
XXDIAGNOSTIC,Iteration,metricValue,convergenceValue,ITERATION_TIME_INDEX,SINCE_LAST
 1DIAGNOSTIC,     1, -8.994902199805e-01, 1.797693134862e+308, 1.1226e+02, 1.0413e+01, 
 1DIAGNOSTIC,     2, -9.009587298341e-01, 1.797693134862e+308, 1.2200e+02, 9.7379e+00, 
 1DIAGNOSTIC,     3, -9.027915946022e-01, 1.797693134862e+308, 1.3175e+02, 9.7486e+00, 
 1DIAGNOSTIC,     4, -9.047076175970e-01, 1.797693134862e+308, 1.4157e+02, 9.8228e+00, 
 1DIAGNOSTIC,     5, -9.065867318532e-01, 1.797693134862e+308, 1.5144e+02, 9.8713e+00, 
 1DIAGNOSTIC,     6, -9.084422048047e-01, 1.797693134862e+308, 1.6127e+02, 9.8263e+00, 
 1DIAGNOSTIC,     7, -9.103032813152e-01, 1.797693134862e+308, 1.7111e+02, 9.8489e+00, 
 1DIAGNOSTIC,     8, -9.122070352180e-01, 1.797693134862e+308, 1.8101e+02, 9.8993e+00, 
 1DIAGNOSTIC,     9, -9.141360951950e-01, 1.797693134862e+308, 1.9085e+02, 9.8351e+00, 
 1DIAGNOSTIC,    10, -9.157113075919e-01, 1.170119801801e-03, 2.0074e+02, 9.8877e+00, 
 1DIAGNOSTIC,    11, -9.170699573909e-01, 1.053824106087e-03, 2.1072e+02, 9.9840e+00, 
 1DIAGNOSTIC,    12, -9.183590186824e-01, 9.338000168722e-04, 2.2055e+02, 9.8243e+00, 
 1DIAGNOSTIC,    13, -9.193526995948e-01, 8.152081219915e-04, 2.3053e+02, 9.9833e+00, 
 1DIAGNOSTIC,    14, -9.202277397700e-01, 7.012860708907e-04, 2.4027e+02, 9.7379e+00, 
 1DIAGNOSTIC,    15, -9.208491301431e-01, 5.902511075842e-04, 2.5029e+02, 1.0022e+01, 
 1DIAGNOSTIC,    16, -9.215564273093e-01, 4.887639574208e-04, 2.6014e+02, 9.8513e+00, 
 1DIAGNOSTIC,    17, -9.220457776759e-01, 3.969586558761e-04, 2.7008e+02, 9.9421e+00, 
 1DIAGNOSTIC,    18, -9.226482523558e-01, 3.217051336391e-04, 2.7996e+02, 9.8777e+00, 
 1DIAGNOSTIC,    19, -9.230561620828e-01, 2.626088101382e-04, 2.9003e+02, 1.0067e+01, 
 1DIAGNOSTIC,    20, -9.235894082540e-01, 2.177024440170e-04, 2.9990e+02, 9.8765e+00, 
 1DIAGNOSTIC,    21, -9.239405247303e-01, 1.818843265043e-04, 3.0986e+02, 9.9555e+00, 
 1DIAGNOSTIC,    22, -9.242821264858e-01, 1.552862888142e-04, 3.1979e+02, 9.9287e+00, 
 1DIAGNOSTIC,    23, -9.246197317514e-01, 1.343817492219e-04, 3.2974e+02, 9.9560e+00, 
 1DIAGNOSTIC,    24, -9.249532938316e-01, 1.182408294669e-04, 3.3963e+02, 9.8866e+00, 
 1DIAGNOSTIC,    25, -9.252838391833e-01, 1.040370788208e-04, 3.4955e+02, 9.9198e+00, 
 1DIAGNOSTIC,    26, -9.256168937798e-01, 9.357029738557e-05, 3.5948e+02, 9.9301e+00, 
 1DIAGNOSTIC,    27, -9.259476454663e-01, 8.446578614845e-05, 3.6948e+02, 1.0004e+01, 
 1DIAGNOSTIC,    28, -9.262695795075e-01, 7.830673427793e-05, 3.7935e+02, 9.8641e+00, 
 1DIAGNOSTIC,    29, -9.265865127898e-01, 7.288873512756e-05, 3.8920e+02, 9.8526e+00, 
 1DIAGNOSTIC,    30, -9.268997441784e-01, 6.969958112409e-05, 3.9904e+02, 9.8391e+00, 
 1DIAGNOSTIC,    31, -9.272039672576e-01, 6.668334352559e-05, 4.0891e+02, 9.8679e+00, 
 1DIAGNOSTIC,    32, -9.275031637070e-01, 6.375589377769e-05, 4.1884e+02, 9.9313e+00, 
 1DIAGNOSTIC,    33, -9.277995316746e-01, 6.092584461804e-05, 4.2863e+02, 9.7913e+00, 
 1DIAGNOSTIC,    34, -9.280936157773e-01, 5.821129904246e-05, 4.3852e+02, 9.8850e+00, 
 1DIAGNOSTIC,    35, -9.283838747011e-01, 5.562633463942e-05, 4.4859e+02, 1.0071e+01, 
 1DIAGNOSTIC,    36, -9.286361396316e-01, 5.294252015701e-05, 4.5859e+02, 9.9997e+00, 
 1DIAGNOSTIC,    37, -9.288527628524e-01, 4.996869422521e-05, 4.6845e+02, 9.8597e+00, 
 1DIAGNOSTIC,    38, -9.290329934346e-01, 4.651047065938e-05, 4.7823e+02, 9.7799e+00, 
 1DIAGNOSTIC,    39, -9.291845368214e-01, 4.254160194361e-05, 4.8820e+02, 9.9702e+00, 
 1DIAGNOSTIC,    40, -9.293137897595e-01, 3.816514293316e-05, 4.9819e+02, 9.9954e+00, 
 1DIAGNOSTIC,    41, -9.294253152045e-01, 3.352933083161e-05, 5.0821e+02, 1.0019e+01, 
 1DIAGNOSTIC,    42, -9.295238229949e-01, 2.887792931067e-05, 5.1817e+02, 9.9587e+00, 
 1DIAGNOSTIC,    43, -9.296105757829e-01, 2.447515767760e-05, 5.2804e+02, 9.8691e+00, 
 1DIAGNOSTIC,    44, -9.296847282617e-01, 2.055327777460e-05, 5.3797e+02, 9.9319e+00, 
 1DIAGNOSTIC,    45, -9.297551318610e-01, 1.735369285879e-05, 5.4800e+02, 1.0027e+01, 
 1DIAGNOSTIC,    46, -9.298198716693e-01, 1.480037945013e-05, 5.5790e+02, 9.8985e+00, 
 1DIAGNOSTIC,    47, -9.298848195924e-01, 1.283108078435e-05, 5.6793e+02, 1.0037e+01, 
 1DIAGNOSTIC,    48, -9.299481530133e-01, 1.132583256489e-05, 5.7799e+02, 1.0054e+01, 
 1DIAGNOSTIC,    49, -9.300112566532e-01, 1.019528042696e-05, 5.8800e+02, 1.0013e+01, 
 1DIAGNOSTIC,    50, -9.302219944687e-01, 1.027686468967e-05, 5.9779e+02, 9.7932e+00, 
XXDIAGNOSTIC,Iteration,metricValue,convergenceValue,ITERATION_TIME_INDEX,SINCE_LAST
 1DIAGNOSTIC,     1, -8.824840588399e-01, 1.797693134862e+308, 6.8531e+02, 8.7517e+01, 
 1DIAGNOSTIC,     2, -8.840597958928e-01, 1.797693134862e+308, 7.7218e+02, 8.6873e+01, 
 1DIAGNOSTIC,     3, -8.858227723493e-01, 1.797693134862e+308, 8.5768e+02, 8.5497e+01, 
 1DIAGNOSTIC,     4, -8.876049552732e-01, 1.797693134862e+308, 9.4254e+02, 8.4855e+01, 
 1DIAGNOSTIC,     5, -8.891354601757e-01, 1.797693134862e+308, 1.0276e+03, 8.5078e+01, 
 1DIAGNOSTIC,     6, -8.906674396203e-01, 1.797693134862e+308, 1.1124e+03, 8.4831e+01, 
 1DIAGNOSTIC,     7, -8.920943170791e-01, 1.797693134862e+308, 1.1991e+03, 8.6676e+01, 
 1DIAGNOSTIC,     8, -8.934209037221e-01, 1.797693134862e+308, 1.2842e+03, 8.5038e+01, 
 1DIAGNOSTIC,     9, -8.946288238996e-01, 1.797693134862e+308, 1.3706e+03, 8.6476e+01, 
 1DIAGNOSTIC,    10, -8.957105921534e-01, 9.662448663221e-04, 1.4565e+03, 8.5857e+01, 
 1DIAGNOSTIC,    11, -8.966625759450e-01, 8.274260785096e-04, 1.5416e+03, 8.5092e+01, 
 1DIAGNOSTIC,    12, -8.975384765681e-01, 7.022519677228e-04, 1.6270e+03, 8.5373e+01, 
 1DIAGNOSTIC,    13, -8.983613748497e-01, 5.958412528533e-04, 1.7119e+03, 8.4928e+01, 
 1DIAGNOSTIC,    14, -8.991078833458e-01, 5.077407696209e-04, 1.7973e+03, 8.5463e+01, 
 1DIAGNOSTIC,    15, -8.997868257774e-01, 4.316337960297e-04, 1.8826e+03, 8.5275e+01, 
 1DIAGNOSTIC,    16, -9.002975247764e-01, 3.658589907302e-04, 1.9674e+03, 8.4827e+01, 
 1DIAGNOSTIC,    17, -9.007802668070e-01, 3.097229411868e-04, 2.0525e+03, 8.5045e+01, 
 1DIAGNOSTIC,    18, -9.012418111296e-01, 2.626267422480e-04, 2.1379e+03, 8.5420e+01, 
 1DIAGNOSTIC,    19, -9.016777766034e-01, 2.234800890489e-04, 2.2229e+03, 8.4965e+01, 
 1DIAGNOSTIC,    20, -9.020999259798e-01, 1.912665269745e-04, 2.3049e+03, 8.2052e+01, 
  Elapsed time (stage 2): 2306


Total elapsed time: 2395
