All_Command_lines_OK
Using double precision for computations.
=============================================================================
The composite transform comprises the following transforms (in order): 
  1. Center of mass alignment using fixed image: /templateflow/tpl-MNI152NLin2009cAsym/tpl-MNI152NLin2009cAsym_res-01_desc-brain_T1w.nii.gz and moving image: /mnt/lustre/mathdugre/ants-amp/datasets/corr/RawDataBIDS/BMB_1/derivatives/antsBrainExtraction/sub-0003007/BrainExtractionBrain.nii.gz (type = Euler3DTransform)
=============================================================================
  number of levels = 4
  number of levels = 4
  number of levels = 4
  fixed image: /templateflow/tpl-MNI152NLin2009cAsym/tpl-MNI152NLin2009cAsym_res-01_desc-brain_T1w.nii.gz
  moving image: /mnt/lustre/mathdugre/ants-amp/datasets/corr/RawDataBIDS/BMB_1/derivatives/antsBrainExtraction/sub-0003007/BrainExtractionBrain.nii.gz
  fixed image: /templateflow/tpl-MNI152NLin2009cAsym/tpl-MNI152NLin2009cAsym_res-01_desc-brain_T1w.nii.gz
  moving image: /mnt/lustre/mathdugre/ants-amp/datasets/corr/RawDataBIDS/BMB_1/derivatives/antsBrainExtraction/sub-0003007/BrainExtractionBrain.nii.gz
  fixed image: /templateflow/tpl-MNI152NLin2009cAsym/tpl-MNI152NLin2009cAsym_res-01_desc-brain_T1w.nii.gz
  moving image: /mnt/lustre/mathdugre/ants-amp/datasets/corr/RawDataBIDS/BMB_1/derivatives/antsBrainExtraction/sub-0003007/BrainExtractionBrain.nii.gz
Dimension = 3
Number of stages = 3
Use histogram matching = false
Winsorize image intensities = true
  Lower quantile = 0.005
  Upper quantile = 0.995


Stage 1 State
   Image metric = MattesMI
     Fixed image = Image (0x55f09246a360)
  RTTI typeinfo:   itk::Image<double, 3u>
  Reference Count: 2
  Modified Time: 2368
  Debug: Off
  Object Name: 
  Observers: 
    none
  Source: (none)
  Source output name: (none)
  Release Data: Off
  Data Released: False
  Global Release Data: Off
  PipelineMTime: 0
  UpdateMTime: 1979
  RealTimeStamp: 0 seconds 
  LargestPossibleRegion: 
    Dimension: 3
    Index: [0, 0, 0]
    Size: [193, 229, 193]
  BufferedRegion: 
    Dimension: 3
    Index: [0, 0, 0]
    Size: [193, 229, 193]
  RequestedRegion: 
    Dimension: 3
    Index: [0, 0, 0]
    Size: [193, 229, 193]
  Spacing: [1, 1, 1]
  Origin: [96, 132, -78]
  Direction: 
-1 0 0
0 -1 0
0 0 1

  IndexToPointMatrix: 
-1 0 0
0 -1 0
0 0 1

  PointToIndexMatrix: 
-1 0 0
0 -1 0
0 0 1

  Inverse Direction: 
-1 0 0
0 -1 0
0 0 1

  PixelContainer: 
    ImportImageContainer (0x55f092461a00)
      RTTI typeinfo:   itk::ImportImageContainer<unsigned long, double>
      Reference Count: 1
      Modified Time: 1976
      Debug: Off
      Object Name: 
      Observers: 
        none
      Pointer: 0x7efe1817e010
      Container manages memory: true
      Size: 8530021
      Capacity: 8530021

     Moving image = Image (0x55f09246da20)
  RTTI typeinfo:   itk::Image<double, 3u>
  Reference Count: 2
  Modified Time: 2369
  Debug: Off
  Object Name: 
  Observers: 
    none
  Source: (none)
  Source output name: (none)
  Release Data: Off
  Data Released: False
  Global Release Data: Off
  PipelineMTime: 0
  UpdateMTime: 2366
  RealTimeStamp: 0 seconds 
  LargestPossibleRegion: 
    Dimension: 3
    Index: [0, 0, 0]
    Size: [176, 256, 256]
  BufferedRegion: 
    Dimension: 3
    Index: [0, 0, 0]
    Size: [176, 256, 256]
  RequestedRegion: 
    Dimension: 3
    Index: [0, 0, 0]
    Size: [176, 256, 256]
  Spacing: [1, 1, 1]
  Origin: [-80.7843, 114.116, -114.349]
  Direction: 
1 0 0
0 -1 0
0 0 1

  IndexToPointMatrix: 
1 0 0
0 -1 0
0 0 1

  PointToIndexMatrix: 
1 0 0
0 -1 0
0 0 1

  Inverse Direction: 
1 0 0
0 -1 0
0 0 1

  PixelContainer: 
    ImportImageContainer (0x55f09463fc90)
      RTTI typeinfo:   itk::ImportImageContainer<unsigned long, double>
      Reference Count: 1
      Modified Time: 2363
      Debug: Off
      Object Name: 
      Observers: 
        none
      Pointer: 0x7efe1297d010
      Container manages memory: true
      Size: 11534336
      Capacity: 11534336

     Weighting = 1
     Sampling strategy = regular
     Number of bins = 32
     Radius = 4
     Sampling percentage  = 0.25
   Transform = Rigid
     Gradient step = 0.1
     Update field sigma (voxel space) = 0
     Total field sigma (voxel space) = 0
     Update field time sigma = 0
     Total field time sigma  = 0
     Number of time indices = 0
     Number of time point samples = 0
Stage 2 State
   Image metric = MattesMI
     Fixed image = Image (0x55f0925909c0)
  RTTI typeinfo:   itk::Image<double, 3u>
  Reference Count: 2
  Modified Time: 3144
  Debug: Off
  Object Name: 
  Observers: 
    none
  Source: (none)
  Source output name: (none)
  Release Data: Off
  Data Released: False
  Global Release Data: Off
  PipelineMTime: 0
  UpdateMTime: 2755
  RealTimeStamp: 0 seconds 
  LargestPossibleRegion: 
    Dimension: 3
    Index: [0, 0, 0]
    Size: [193, 229, 193]
  BufferedRegion: 
    Dimension: 3
    Index: [0, 0, 0]
    Size: [193, 229, 193]
  RequestedRegion: 
    Dimension: 3
    Index: [0, 0, 0]
    Size: [193, 229, 193]
  Spacing: [1, 1, 1]
  Origin: [96, 132, -78]
  Direction: 
-1 0 0
0 -1 0
0 0 1

  IndexToPointMatrix: 
-1 0 0
0 -1 0
0 0 1

  PointToIndexMatrix: 
-1 0 0
0 -1 0
0 0 1

  Inverse Direction: 
-1 0 0
0 -1 0
0 0 1

  PixelContainer: 
    ImportImageContainer (0x55f09257ff30)
      RTTI typeinfo:   itk::ImportImageContainer<unsigned long, double>
      Reference Count: 1
      Modified Time: 2752
      Debug: Off
      Object Name: 
      Observers: 
        none
      Pointer: 0x7efe0e868010
      Container manages memory: true
      Size: 8530021
      Capacity: 8530021

     Moving image = Image (0x55f0925927c0)
  RTTI typeinfo:   itk::Image<double, 3u>
  Reference Count: 2
  Modified Time: 3145
  Debug: Off
  Object Name: 
  Observers: 
    none
  Source: (none)
  Source output name: (none)
  Release Data: Off
  Data Released: False
  Global Release Data: Off
  PipelineMTime: 0
  UpdateMTime: 3142
  RealTimeStamp: 0 seconds 
  LargestPossibleRegion: 
    Dimension: 3
    Index: [0, 0, 0]
    Size: [176, 256, 256]
  BufferedRegion: 
    Dimension: 3
    Index: [0, 0, 0]
    Size: [176, 256, 256]
  RequestedRegion: 
    Dimension: 3
    Index: [0, 0, 0]
    Size: [176, 256, 256]
  Spacing: [1, 1, 1]
  Origin: [-80.7843, 114.116, -114.349]
  Direction: 
1 0 0
0 -1 0
0 0 1

  IndexToPointMatrix: 
1 0 0
0 -1 0
0 0 1

  PointToIndexMatrix: 
1 0 0
0 -1 0
0 0 1

  Inverse Direction: 
1 0 0
0 -1 0
0 0 1

  PixelContainer: 
    ImportImageContainer (0x55f092595190)
      RTTI typeinfo:   itk::ImportImageContainer<unsigned long, double>
      Reference Count: 1
      Modified Time: 3139
      Debug: Off
      Object Name: 
      Observers: 
        none
      Pointer: 0x7efe09067010
      Container manages memory: true
      Size: 11534336
      Capacity: 11534336

     Weighting = 1
     Sampling strategy = regular
     Number of bins = 32
     Radius = 4
     Sampling percentage  = 0.25
   Transform = Affine
     Gradient step = 0.1
     Update field sigma (voxel space) = 0
     Total field sigma (voxel space) = 0
     Update field time sigma = 0
     Total field time sigma  = 0
     Number of time indices = 0
     Number of time point samples = 0
Stage 3 State
   Image metric = CC
     Fixed image = Image (0x55f09257c240)
  RTTI typeinfo:   itk::Image<double, 3u>
  Reference Count: 2
  Modified Time: 3920
  Debug: Off
  Object Name: 
  Observers: 
    none
  Source: (none)
  Source output name: (none)
  Release Data: Off
  Data Released: False
  Global Release Data: Off
  PipelineMTime: 0
  UpdateMTime: 3531
  RealTimeStamp: 0 seconds 
  LargestPossibleRegion: 
    Dimension: 3
    Index: [0, 0, 0]
    Size: [193, 229, 193]
  BufferedRegion: 
    Dimension: 3
    Index: [0, 0, 0]
    Size: [193, 229, 193]
  RequestedRegion: 
    Dimension: 3
    Index: [0, 0, 0]
    Size: [193, 229, 193]
  Spacing: [1, 1, 1]
  Origin: [96, 132, -78]
  Direction: 
-1 0 0
0 -1 0
0 0 1

  IndexToPointMatrix: 
-1 0 0
0 -1 0
0 0 1

  PointToIndexMatrix: 
-1 0 0
0 -1 0
0 0 1

  Inverse Direction: 
-1 0 0
0 -1 0
0 0 1

  PixelContainer: 
    ImportImageContainer (0x55f0924b9600)
      RTTI typeinfo:   itk::ImportImageContainer<unsigned long, double>
      Reference Count: 1
      Modified Time: 3528
      Debug: Off
      Object Name: 
      Observers: 
        none
      Pointer: 0x7efe04f52010
      Container manages memory: true
      Size: 8530021
      Capacity: 8530021

     Moving image = Image (0x55f092594e70)
  RTTI typeinfo:   itk::Image<double, 3u>
  Reference Count: 2
  Modified Time: 3921
  Debug: Off
  Object Name: 
  Observers: 
    none
  Source: (none)
  Source output name: (none)
  Release Data: Off
  Data Released: False
  Global Release Data: Off
  PipelineMTime: 0
  UpdateMTime: 3918
  RealTimeStamp: 0 seconds 
  LargestPossibleRegion: 
    Dimension: 3
    Index: [0, 0, 0]
    Size: [176, 256, 256]
  BufferedRegion: 
    Dimension: 3
    Index: [0, 0, 0]
    Size: [176, 256, 256]
  RequestedRegion: 
    Dimension: 3
    Index: [0, 0, 0]
    Size: [176, 256, 256]
  Spacing: [1, 1, 1]
  Origin: [-80.7843, 114.116, -114.349]
  Direction: 
1 0 0
0 -1 0
0 0 1

  IndexToPointMatrix: 
1 0 0
0 -1 0
0 0 1

  PointToIndexMatrix: 
1 0 0
0 -1 0
0 0 1

  Inverse Direction: 
1 0 0
0 -1 0
0 0 1

  PixelContainer: 
    ImportImageContainer (0x55f0925780d0)
      RTTI typeinfo:   itk::ImportImageContainer<unsigned long, double>
      Reference Count: 1
      Modified Time: 3915
      Debug: Off
      Object Name: 
      Observers: 
        none
      Pointer: 0x7efdff751010
      Container manages memory: true
      Size: 11534336
      Capacity: 11534336

     Weighting = 1
     Sampling strategy = none
     Number of bins = 32
     Radius = 4
     Sampling percentage  = 1
   Transform = SyN
     Gradient step = 0.1
     Update field sigma (voxel space) = 3
     Total field sigma (voxel space) = 0
     Update field time sigma = 0
     Total field time sigma  = 0
     Number of time indices = 0
     Number of time point samples = 0
Registration using 3 total stages.

Stage 0
  iterations = 1000x500x250x100
  convergence threshold = 1e-06
  convergence window size = 10
  number of levels = 4
  using the Mattes MI metric (number of bins = 32, weight = 1, use gradient filter = 0)
  preprocessing:  winsorizing the image intensities
  Shrink factors (level 1 out of 4): [8, 8, 8]
  Shrink factors (level 2 out of 4): [4, 4, 4]
  Shrink factors (level 3 out of 4): [2, 2, 2]
  Shrink factors (level 4 out of 4): [1, 1, 1]
  smoothing sigmas per level: [3, 2, 1, 0]
  regular sampling (percentage = 0.25)

*** Running Euler3DTransform registration ***

DIAGNOSTIC,Iteration,metricValue,convergenceValue,ITERATION_TIME_INDEX,SINCE_LAST
 2DIAGNOSTIC,     1, -5.537365902946e-01, 1.797693134862e+308, 3.5002e-01, 3.5002e-01, 
 2DIAGNOSTIC,     2, -5.552046048702e-01, 1.797693134862e+308, 3.5353e-01, 3.5179e-03, 
 2DIAGNOSTIC,     3, -5.575357633706e-01, 1.797693134862e+308, 3.5654e-01, 3.0081e-03, 
 2DIAGNOSTIC,     4, -5.623297667757e-01, 1.797693134862e+308, 3.5920e-01, 2.6579e-03, 
 2DIAGNOSTIC,     5, -5.682595703957e-01, 1.797693134862e+308, 3.6198e-01, 2.7840e-03, 
 2DIAGNOSTIC,     6, -5.764141299128e-01, 1.797693134862e+308, 3.6516e-01, 3.1719e-03, 
 2DIAGNOSTIC,     7, -5.946828943860e-01, 1.797693134862e+308, 3.6813e-01, 2.9712e-03, 
 2DIAGNOSTIC,     8, -5.990623924523e-01, 1.797693134862e+308, 3.7090e-01, 2.7721e-03, 
 2DIAGNOSTIC,     9, -6.054493876436e-01, 1.797693134862e+308, 3.7435e-01, 3.4511e-03, 
 2DIAGNOSTIC,    10, -6.128741196970e-01, 7.304909998455e-03, 3.7837e-01, 4.0169e-03, 
 2DIAGNOSTIC,    11, -6.156905760230e-01, 6.951550583855e-03, 3.8132e-01, 2.9562e-03, 
 2DIAGNOSTIC,    12, -6.303423161790e-01, 6.672853554336e-03, 3.8421e-01, 2.8901e-03, 
 2DIAGNOSTIC,    13, -6.551856578799e-01, 6.813641193954e-03, 3.8865e-01, 4.4360e-03, 
 2DIAGNOSTIC,    14, -6.756432119014e-01, 7.147077866393e-03, 3.9204e-01, 3.3941e-03, 
 2DIAGNOSTIC,    15, -6.769028337228e-01, 7.004470191636e-03, 3.9520e-01, 3.1521e-03, 
 2DIAGNOSTIC,    16, -6.783878952729e-01, 6.528946349591e-03, 3.9890e-01, 3.7050e-03, 
 2DIAGNOSTIC,    17, -6.831748875819e-01, 6.146941710511e-03, 4.0208e-01, 3.1829e-03, 
 2DIAGNOSTIC,    18, -6.875467608629e-01, 5.452374297376e-03, 4.0486e-01, 2.7719e-03, 
 2DIAGNOSTIC,    19, -7.093358196833e-01, 4.997370431566e-03, 4.0809e-01, 3.2332e-03, 
 2DIAGNOSTIC,    20, -7.127800927619e-01, 4.376671998442e-03, 4.1349e-01, 5.4011e-03, 
 2DIAGNOSTIC,    21, -7.127683200172e-01, 3.486915533351e-03, 4.1716e-01, 3.6659e-03, 
 2DIAGNOSTIC,    22, -7.127546664492e-01, 2.660150137074e-03, 4.2040e-01, 3.2480e-03, 
 2DIAGNOSTIC,    23, -7.125078639123e-01, 2.130798233396e-03, 4.2311e-01, 2.7030e-03, 
 2DIAGNOSTIC,    24, -7.126529078505e-01, 1.827001051040e-03, 4.2581e-01, 2.7001e-03, 
 2DIAGNOSTIC,    25, -7.128899187757e-01, 1.404860186142e-03, 4.2887e-01, 3.0601e-03, 
 2DIAGNOSTIC,    26, -7.131456414403e-01, 9.207990217927e-04, 4.3200e-01, 3.1340e-03, 
 2DIAGNOSTIC,    27, -7.132621835703e-01, 4.726777551134e-04, 4.3459e-01, 2.5909e-03, 
 2DIAGNOSTIC,    28, -7.134763142181e-01, 7.791803412136e-05, 4.3766e-01, 3.0661e-03, 
 2DIAGNOSTIC,    29, -7.135943870738e-01, 3.312127222282e-05, 4.4071e-01, 3.0520e-03, 
 2DIAGNOSTIC,    30, -7.136822360485e-01, 3.956110231174e-05, 4.4379e-01, 3.0839e-03, 
 2DIAGNOSTIC,    31, -7.144164569274e-01, 5.196111266816e-05, 4.4725e-01, 3.4549e-03, 
 2DIAGNOSTIC,    32, -7.145749047524e-01, 6.054583470836e-05, 4.5024e-01, 2.9912e-03, 
 2DIAGNOSTIC,    33, -7.146013620663e-01, 6.012030082515e-05, 4.5303e-01, 2.7928e-03, 
 2DIAGNOSTIC,    34, -7.145272101523e-01, 5.512571537139e-05, 4.5674e-01, 3.7110e-03, 
 2DIAGNOSTIC,    35, -7.145854076721e-01, 4.889652283051e-05, 4.5986e-01, 3.1190e-03, 
 2DIAGNOSTIC,    36, -7.142138928195e-01, 3.694826006627e-05, 4.6264e-01, 2.7761e-03, 
 2DIAGNOSTIC,    37, -7.142215328466e-01, 2.372065307058e-05, 4.6528e-01, 2.6422e-03, 
 2DIAGNOSTIC,    38, -7.142253894818e-01, 1.157192486820e-05, 4.6831e-01, 3.0260e-03, 
DIAGNOSTIC,Iteration,metricValue,convergenceValue,ITERATION_TIME_INDEX,SINCE_LAST
 2DIAGNOSTIC,     1, -5.854740979383e-01, 1.797693134862e+308, 8.4105e-01, 3.7274e-01, 
 2DIAGNOSTIC,     2, -5.858271540874e-01, 1.797693134862e+308, 8.6085e-01, 1.9803e-02, 
 2DIAGNOSTIC,     3, -5.863164719612e-01, 1.797693134862e+308, 8.8114e-01, 2.0292e-02, 
 2DIAGNOSTIC,     4, -5.869069671403e-01, 1.797693134862e+308, 9.0082e-01, 1.9674e-02, 
 2DIAGNOSTIC,     5, -5.878109585860e-01, 1.797693134862e+308, 9.2071e-01, 1.9890e-02, 
 2DIAGNOSTIC,     6, -5.902352453479e-01, 1.797693134862e+308, 9.4948e-01, 2.8769e-02, 
 2DIAGNOSTIC,     7, -5.905298714058e-01, 1.797693134862e+308, 9.7234e-01, 2.2860e-02, 
 2DIAGNOSTIC,     8, -5.905661433845e-01, 1.797693134862e+308, 9.9531e-01, 2.2971e-02, 
 2DIAGNOSTIC,     9, -5.905859868099e-01, 1.797693134862e+308, 1.0153e+00, 1.9998e-02, 
 2DIAGNOSTIC,    10, -5.906154699041e-01, 6.973962206660e-04, 1.0350e+00, 1.9699e-02, 
 2DIAGNOSTIC,    11, -5.907681969303e-01, 5.565399657194e-04, 1.0581e+00, 2.3067e-02, 
 2DIAGNOSTIC,    12, -5.907688550941e-01, 4.034296186227e-04, 1.0799e+00, 2.1818e-02, 
 2DIAGNOSTIC,    13, -5.908321412302e-01, 2.595391254632e-04, 1.1011e+00, 2.1178e-02, 
 2DIAGNOSTIC,    14, -5.908836381442e-01, 1.353215545949e-04, 1.1253e+00, 2.4252e-02, 
 2DIAGNOSTIC,    15, -5.909113746930e-01, 4.336501429653e-05, 1.1475e+00, 2.2181e-02, 
 2DIAGNOSTIC,    16, -5.909715489683e-01, 3.374443415650e-05, 1.1813e+00, 3.3844e-02, 
 2DIAGNOSTIC,    17, -5.909187063230e-01, 2.914558696640e-05, 1.2028e+00, 2.1428e-02, 
 2DIAGNOSTIC,    18, -5.909803015462e-01, 2.526008395649e-05, 1.2271e+00, 2.4334e-02, 
 2DIAGNOSTIC,    19, -5.910576297018e-01, 2.203199256705e-05, 1.2506e+00, 2.3478e-02, 
 2DIAGNOSTIC,    20, -5.910872866263e-01, 1.850331830626e-05, 1.2747e+00, 2.4112e-02, 
 2DIAGNOSTIC,    21, -5.910771798404e-01, 1.704944088565e-05, 1.2975e+00, 2.2803e-02, 
 2DIAGNOSTIC,    22, -5.910635591152e-01, 1.402911714061e-05, 1.3219e+00, 2.4441e-02, 
 2DIAGNOSTIC,    23, -5.910442168666e-01, 1.100427703328e-05, 1.3412e+00, 1.9245e-02, 
 2DIAGNOSTIC,    24, -5.910459559075e-01, 8.351800312049e-06, 1.3620e+00, 2.0793e-02, 
 2DIAGNOSTIC,    25, -5.910545432403e-01, 5.901920999800e-06, 1.3810e+00, 1.8996e-02, 
 2DIAGNOSTIC,    26, -5.911241614456e-01, 5.667478367527e-06, 1.4028e+00, 2.1872e-02, 
 2DIAGNOSTIC,    27, -5.912085262054e-01, 5.560979726218e-06, 1.4249e+00, 2.2098e-02, 
 2DIAGNOSTIC,    28, -5.913601869193e-01, 8.663844573195e-06, 1.4458e+00, 2.0880e-02, 
 2DIAGNOSTIC,    29, -5.913218932530e-01, 1.143391695297e-05, 1.4867e+00, 4.0911e-02, 
 2DIAGNOSTIC,    30, -5.913213466906e-01, 1.356837203224e-05, 1.5064e+00, 1.9621e-02, 
 2DIAGNOSTIC,    31, -5.913193456000e-01, 1.420373229592e-05, 1.5301e+00, 2.3705e-02, 
 2DIAGNOSTIC,    32, -5.913459230087e-01, 1.371398977484e-05, 1.5497e+00, 1.9682e-02, 
 2DIAGNOSTIC,    33, -5.913441304260e-01, 1.170530478141e-05, 1.5700e+00, 2.0246e-02, 
 2DIAGNOSTIC,    34, -5.913770597370e-01, 9.320085142320e-06, 1.5992e+00, 2.9249e-02, 
 2DIAGNOSTIC,    35, -5.913685498459e-01, 6.291443521992e-06, 1.6225e+00, 2.3226e-02, 
 2DIAGNOSTIC,    36, -5.913596546669e-01, 3.722699616578e-06, 1.6448e+00, 2.2352e-02, 
 2DIAGNOSTIC,    37, -5.913512352997e-01, 1.951653309622e-06, 1.6681e+00, 2.3246e-02, 
 2DIAGNOSTIC,    38, -5.913427076782e-01, 1.994121278510e-06, 1.6891e+00, 2.0993e-02, 
 2DIAGNOSTIC,    39, -5.913347848809e-01, 1.352703441853e-06, 1.7107e+00, 2.1669e-02, 
DIAGNOSTIC,Iteration,metricValue,convergenceValue,ITERATION_TIME_INDEX,SINCE_LAST
 2DIAGNOSTIC,     1, -5.194311886143e-01, 1.797693134862e+308, 2.3048e+00, 5.9406e-01, 
 2DIAGNOSTIC,     2, -5.197561012825e-01, 1.797693134862e+308, 2.4492e+00, 1.4442e-01, 
 2DIAGNOSTIC,     3, -5.200231345662e-01, 1.797693134862e+308, 2.5917e+00, 1.4245e-01, 
 2DIAGNOSTIC,     4, -5.200896566736e-01, 1.797693134862e+308, 2.7300e+00, 1.3833e-01, 
 2DIAGNOSTIC,     5, -5.200962396967e-01, 1.797693134862e+308, 2.8913e+00, 1.6133e-01, 
 2DIAGNOSTIC,     6, -5.200849838036e-01, 1.797693134862e+308, 3.0506e+00, 1.5928e-01, 
 2DIAGNOSTIC,     7, -5.200901233484e-01, 1.797693134862e+308, 3.2092e+00, 1.5856e-01, 
 2DIAGNOSTIC,     8, -5.200907495252e-01, 1.797693134862e+308, 3.4116e+00, 2.0241e-01, 
 2DIAGNOSTIC,     9, -5.200897872918e-01, 1.797693134862e+308, 3.5723e+00, 1.6073e-01, 
 2DIAGNOSTIC,    10, -5.200888390653e-01, 5.756425782263e-05, 3.7138e+00, 1.4152e-01, 
 2DIAGNOSTIC,    11, -5.200868873964e-01, 2.209958935392e-05, 3.8559e+00, 1.4204e-01, 
 2DIAGNOSTIC,    12, -5.200872395996e-01, 5.330941179299e-06, 4.0152e+00, 1.5930e-01, 
 2DIAGNOSTIC,    13, -5.200864493804e-01, 2.006256213771e-06, 4.1750e+00, 1.5987e-01, 
 2DIAGNOSTIC,    14, -5.200877992495e-01, 1.837386012893e-06, 4.3361e+00, 1.6105e-01, 
 2DIAGNOSTIC,    15, -5.200881499365e-01, 1.997220935551e-06, 4.4955e+00, 1.5937e-01, 
 2DIAGNOSTIC,    16, -5.200883752994e-01, 1.767293808699e-06, 4.6397e+00, 1.4421e-01, 
 2DIAGNOSTIC,    17, -5.200876605180e-01, 1.726353774281e-06, 4.7786e+00, 1.3896e-01, 
 2DIAGNOSTIC,    18, -5.200893908956e-01, 1.775521153380e-06, 4.9401e+00, 1.6143e-01, 
 2DIAGNOSTIC,    19, -5.200932753049e-01, 1.900908482455e-06, 5.0764e+00, 1.3635e-01, 
 2DIAGNOSTIC,    20, -5.200930720084e-01, 1.959426106528e-06, 5.2338e+00, 1.5741e-01, 
 2DIAGNOSTIC,    21, -5.200951591977e-01, 1.983643331115e-06, 5.3909e+00, 1.5710e-01, 
 2DIAGNOSTIC,    22, -5.200950889654e-01, 1.970154095782e-06, 5.5297e+00, 1.3880e-01, 
 2DIAGNOSTIC,    23, -5.200993680467e-01, 1.990553932872e-06, 5.6696e+00, 1.3984e-01, 
 2DIAGNOSTIC,    24, -5.201019323525e-01, 2.037360418240e-06, 5.8473e+00, 1.7769e-01, 
 2DIAGNOSTIC,    25, -5.201033817236e-01, 2.052298794020e-06, 5.9892e+00, 1.4199e-01, 
 2DIAGNOSTIC,    26, -5.201151982681e-01, 2.248576304598e-06, 6.2464e+00, 2.5710e-01, 
 2DIAGNOSTIC,    27, -5.201092055154e-01, 2.191782515926e-06, 6.4419e+00, 1.9559e-01, 
 2DIAGNOSTIC,    28, -5.201113875602e-01, 2.123243614274e-06, 6.6013e+00, 1.5938e-01, 
 2DIAGNOSTIC,    29, -5.201092106137e-01, 1.998826252590e-06, 6.8720e+00, 2.7065e-01, 
 2DIAGNOSTIC,    30, -5.201092106236e-01, 1.792296720857e-06, 7.3560e+00, 4.8406e-01, 
 2DIAGNOSTIC,    31, -5.201092106236e-01, 1.565246183208e-06, 7.5127e+00, 1.5662e-01, 
 2DIAGNOSTIC,    32, -5.201092106236e-01, 1.299167686708e-06, 7.6716e+00, 1.5895e-01, 
 2DIAGNOSTIC,    33, -5.201092106236e-01, 1.093311457458e-06, 7.8292e+00, 1.5759e-01, 
DIAGNOSTIC,Iteration,metricValue,convergenceValue,ITERATION_TIME_INDEX,SINCE_LAST
 2DIAGNOSTIC,     1, -4.706664306025e-01, 1.797693134862e+308, 9.5230e+00, 1.6938e+00, 
 2DIAGNOSTIC,     2, -4.708587927767e-01, 1.797693134862e+308, 1.0603e+01, 1.0800e+00, 
 2DIAGNOSTIC,     3, -4.708845609337e-01, 1.797693134862e+308, 1.1567e+01, 9.6426e-01, 
 2DIAGNOSTIC,     4, -4.708955915792e-01, 1.797693134862e+308, 1.2533e+01, 9.6564e-01, 
 2DIAGNOSTIC,     5, -4.709410399065e-01, 1.797693134862e+308, 1.3880e+01, 1.3474e+00, 
 2DIAGNOSTIC,     6, -4.709419017498e-01, 1.797693134862e+308, 1.4970e+01, 1.0897e+00, 
 2DIAGNOSTIC,     7, -4.709420690234e-01, 1.797693134862e+308, 1.6057e+01, 1.0865e+00, 
 2DIAGNOSTIC,     8, -4.709436016152e-01, 1.797693134862e+308, 1.7013e+01, 9.5672e-01, 
 2DIAGNOSTIC,     9, -4.709470422352e-01, 1.797693134862e+308, 1.7978e+01, 9.6433e-01, 
 2DIAGNOSTIC,    10, -4.709531099765e-01, 2.895664558977e-05, 1.8950e+01, 9.7219e-01, 
 2DIAGNOSTIC,    11, -4.709643573742e-01, 1.401915910802e-05, 1.9912e+01, 9.6228e-01, 
 2DIAGNOSTIC,    12, -4.710099568385e-01, 1.253840497542e-05, 2.1383e+01, 1.4714e+00, 
 2DIAGNOSTIC,    13, -4.710125560262e-01, 1.166964844942e-05, 2.2476e+01, 1.0929e+00, 
 2DIAGNOSTIC,    14, -4.710137612853e-01, 1.058385754492e-05, 2.3712e+01, 1.2361e+00, 
 2DIAGNOSTIC,    15, -4.710136823508e-01, 1.073299999638e-05, 2.4684e+01, 9.7142e-01, 
 2DIAGNOSTIC,    16, -4.710138131678e-01, 1.010157940320e-05, 2.5772e+01, 1.0877e+00, 
 2DIAGNOSTIC,    17, -4.710140561453e-01, 8.786927223774e-06, 2.6738e+01, 9.6649e-01, 
 2DIAGNOSTIC,    18, -4.710143996493e-01, 7.040115629277e-06, 2.7822e+01, 1.0841e+00, 
 2DIAGNOSTIC,    19, -4.710153570592e-01, 5.149603489178e-06, 2.8798e+01, 9.7587e-01, 
 2DIAGNOSTIC,    20, -4.710160214746e-01, 3.335820204425e-06, 2.9762e+01, 9.6409e-01, 
 2DIAGNOSTIC,    21, -4.710163801110e-01, 1.829500253590e-06, 3.0738e+01, 9.7544e-01, 
 2DIAGNOSTIC,    22, -4.710175031271e-01, 1.710911269055e-06, 3.1694e+01, 9.5634e-01, 
 2DIAGNOSTIC,    23, -4.710234231534e-01, 1.799783514111e-06, 3.3406e+01, 1.7122e+00, 
 2DIAGNOSTIC,    24, -4.710235686975e-01, 1.872089678431e-06, 3.5000e+01, 1.5934e+00, 
 2DIAGNOSTIC,    25, -4.710235862472e-01, 1.887597699340e-06, 3.6096e+01, 1.0964e+00, 
 2DIAGNOSTIC,    26, -4.710234941436e-01, 1.847233047393e-06, 3.7193e+01, 1.0973e+00, 
 2DIAGNOSTIC,    27, -4.710232820435e-01, 1.751252420419e-06, 3.8278e+01, 1.0850e+00, 
 2DIAGNOSTIC,    28, -4.710232968932e-01, 1.613373065923e-06, 3.9247e+01, 9.6862e-01, 
 2DIAGNOSTIC,    29, -4.710233214141e-01, 1.459835934144e-06, 4.0332e+01, 1.0848e+00, 
 2DIAGNOSTIC,    30, -4.710229955591e-01, 1.290956876308e-06, 4.1286e+01, 9.5388e-01, 
 2DIAGNOSTIC,    31, -4.710226846541e-01, 1.113127962069e-06, 4.2364e+01, 1.0788e+00, 
  Elapsed time (stage 0): 4.3023e+01


Stage 1
  iterations = 1000x500x250x100
  convergence threshold = 1.0000e-06
  convergence window size = 10
  number of levels = 4
  using the Mattes MI metric (number of bins = 32, weight = 1.0000e+00, use gradient filter = 0)
  preprocessing:  winsorizing the image intensities
  Shrink factors (level 1 out of 4): [8, 8, 8]
  Shrink factors (level 2 out of 4): [4, 4, 4]
  Shrink factors (level 3 out of 4): [2, 2, 2]
  Shrink factors (level 4 out of 4): [1, 1, 1]
  smoothing sigmas per level: [3, 2, 1, 0]
  regular sampling (percentage = 2.5000e-01)

*** Running AffineTransform registration ***

DIAGNOSTIC,Iteration,metricValue,convergenceValue,ITERATION_TIME_INDEX,SINCE_LAST
 2DIAGNOSTIC,     1, -7.182051992678e-01, 1.797693134862e+308, 3.5031e-01, 3.5031e-01, 
 2DIAGNOSTIC,     2, -7.201822167973e-01, 1.797693134862e+308, 3.5549e-01, 5.1808e-03, 
 2DIAGNOSTIC,     3, -7.232484020108e-01, 1.797693134862e+308, 3.6047e-01, 4.9760e-03, 
 2DIAGNOSTIC,     4, -7.281218596700e-01, 1.797693134862e+308, 3.6395e-01, 3.4850e-03, 
 2DIAGNOSTIC,     5, -7.376527868468e-01, 1.797693134862e+308, 3.6705e-01, 3.0971e-03, 
 2DIAGNOSTIC,     6, -7.568888029869e-01, 1.797693134862e+308, 3.7064e-01, 3.5889e-03, 
 2DIAGNOSTIC,     7, -8.128346162170e-01, 1.797693134862e+308, 3.7399e-01, 3.3500e-03, 
 2DIAGNOSTIC,     8, -8.210248064860e-01, 1.797693134862e+308, 3.7771e-01, 3.7191e-03, 
 2DIAGNOSTIC,     9, -8.235539605785e-01, 1.797693134862e+308, 3.8189e-01, 4.1821e-03, 
 2DIAGNOSTIC,    10, -8.237993309599e-01, 1.139585676823e-02, 3.8696e-01, 5.0631e-03, 
 2DIAGNOSTIC,    11, -8.236955916970e-01, 1.026513744700e-02, 3.9027e-01, 3.3140e-03, 
 2DIAGNOSTIC,    12, -8.241016107773e-01, 8.465137805846e-03, 3.9364e-01, 3.3741e-03, 
 2DIAGNOSTIC,    13, -8.245051178873e-01, 6.292176950609e-03, 3.9698e-01, 3.3400e-03, 
 2DIAGNOSTIC,    14, -8.250649329627e-01, 4.038236143039e-03, 4.0082e-01, 3.8369e-03, 
 2DIAGNOSTIC,    15, -8.252808818797e-01, 1.973394641708e-03, 4.0461e-01, 3.7940e-03, 
 2DIAGNOSTIC,    16, -8.250419466642e-01, 3.937599816215e-04, 4.0871e-01, 4.0920e-03, 
 2DIAGNOSTIC,    17, -8.249669171974e-01, 1.497476475617e-04, 4.1280e-01, 4.0929e-03, 
 2DIAGNOSTIC,    18, -8.249014493660e-01, 8.066465513554e-05, 4.1651e-01, 3.7072e-03, 
 2DIAGNOSTIC,    19, -8.246718892952e-01, 5.485685912323e-05, 4.1982e-01, 3.3121e-03, 
 2DIAGNOSTIC,    20, -8.247061800402e-01, 3.204543028714e-05, 4.2330e-01, 3.4828e-03, 
 2DIAGNOSTIC,    21, -8.246293207006e-01, 5.606289895557e-06, 4.2679e-01, 3.4881e-03, 
DIAGNOSTIC,Iteration,metricValue,convergenceValue,ITERATION_TIME_INDEX,SINCE_LAST
 2DIAGNOSTIC,     1, -7.075691944732e-01, 1.797693134862e+308, 8.1166e-01, 3.8488e-01, 
 2DIAGNOSTIC,     2, -7.078851506200e-01, 1.797693134862e+308, 8.3560e-01, 2.3937e-02, 
 2DIAGNOSTIC,     3, -7.082678284396e-01, 1.797693134862e+308, 8.5960e-01, 2.3998e-02, 
 2DIAGNOSTIC,     4, -7.087845118669e-01, 1.797693134862e+308, 8.8534e-01, 2.5738e-02, 
 2DIAGNOSTIC,     5, -7.095917922661e-01, 1.797693134862e+308, 9.1003e-01, 2.4697e-02, 
 2DIAGNOSTIC,     6, -7.106364299261e-01, 1.797693134862e+308, 9.5658e-01, 4.6548e-02, 
 2DIAGNOSTIC,     7, -7.106483533938e-01, 1.797693134862e+308, 9.8356e-01, 2.6980e-02, 
 2DIAGNOSTIC,     8, -7.106805568531e-01, 1.797693134862e+308, 1.0095e+00, 2.5901e-02, 
 2DIAGNOSTIC,     9, -7.107142326627e-01, 1.797693134862e+308, 1.0337e+00, 2.4282e-02, 
 2DIAGNOSTIC,    10, -7.107789067617e-01, 3.403610442099e-04, 1.0597e+00, 2.5983e-02, 
 2DIAGNOSTIC,    11, -7.108540364374e-01, 2.587531485520e-04, 1.0890e+00, 2.9238e-02, 
 2DIAGNOSTIC,    12, -7.108535207131e-01, 1.784670183195e-04, 1.1171e+00, 2.8111e-02, 
 2DIAGNOSTIC,    13, -7.108746614657e-01, 1.075211807873e-04, 1.1444e+00, 2.7354e-02, 
 2DIAGNOSTIC,    14, -7.108789341294e-01, 5.177302262696e-05, 1.1720e+00, 2.7531e-02, 
 2DIAGNOSTIC,    15, -7.108815810078e-01, 1.974459861279e-05, 1.1995e+00, 2.7498e-02, 
 2DIAGNOSTIC,    16, -7.108787598313e-01, 1.615676208126e-05, 1.2260e+00, 2.6580e-02, 
 2DIAGNOSTIC,    17, -7.109042525287e-01, 1.257688419595e-05, 1.2492e+00, 2.3189e-02, 
 2DIAGNOSTIC,    18, -7.109345551505e-01, 9.795031273400e-06, 1.2722e+00, 2.2976e-02, 
 2DIAGNOSTIC,    19, -7.109574435568e-01, 7.717659068540e-06, 1.2983e+00, 2.6066e-02, 
 2DIAGNOSTIC,    20, -7.110017228434e-01, 7.431951385951e-06, 1.3236e+00, 2.5341e-02, 
 2DIAGNOSTIC,    21, -7.110346416002e-01, 8.684153157683e-06, 1.3497e+00, 2.6064e-02, 
 2DIAGNOSTIC,    22, -7.111425183948e-01, 1.108600861979e-05, 1.3743e+00, 2.4619e-02, 
 2DIAGNOSTIC,    23, -7.111909790760e-01, 1.353905842706e-05, 1.4037e+00, 2.9426e-02, 
 2DIAGNOSTIC,    24, -7.112814939480e-01, 1.622960106734e-05, 1.4386e+00, 3.4907e-02, 
 2DIAGNOSTIC,    25, -7.112466032943e-01, 1.678425664528e-05, 1.4647e+00, 2.6084e-02, 
 2DIAGNOSTIC,    26, -7.112341763633e-01, 1.562990442364e-05, 1.4882e+00, 2.3527e-02, 
 2DIAGNOSTIC,    27, -7.112344221810e-01, 1.357700899419e-05, 1.5125e+00, 2.4309e-02, 
 2DIAGNOSTIC,    28, -7.112611266348e-01, 1.128917113555e-05, 1.5368e+00, 2.4282e-02, 
 2DIAGNOSTIC,    29, -7.112745335226e-01, 8.678336258269e-06, 1.5731e+00, 3.6266e-02, 
 2DIAGNOSTIC,    30, -7.112618955750e-01, 5.965332911397e-06, 1.5971e+00, 2.3957e-02, 
 2DIAGNOSTIC,    31, -7.112619993672e-01, 3.392817376914e-06, 1.6212e+00, 2.4121e-02, 
 2DIAGNOSTIC,    32, -7.112622795173e-01, 2.098110451737e-06, 1.6448e+00, 2.3634e-02, 
 2DIAGNOSTIC,    33, -7.112762228458e-01, 1.485935877073e-06, 1.6689e+00, 2.4109e-02, 
 2DIAGNOSTIC,    34, -7.113156561065e-01, 2.391004395665e-06, 1.6964e+00, 2.7519e-02, 
 2DIAGNOSTIC,    35, -7.114092559392e-01, 3.776894641101e-06, 1.7230e+00, 2.6595e-02, 
 2DIAGNOSTIC,    36, -7.114139077258e-01, 4.711174602056e-06, 1.7532e+00, 3.0193e-02, 
 2DIAGNOSTIC,    37, -7.114098147800e-01, 5.197452019306e-06, 1.7806e+00, 2.7385e-02, 
 2DIAGNOSTIC,    38, -7.114024600354e-01, 5.456894879619e-06, 1.8235e+00, 4.2859e-02, 
 2DIAGNOSTIC,    39, -7.113809955938e-01, 5.175437485582e-06, 1.8473e+00, 2.3841e-02, 
 2DIAGNOSTIC,    40, -7.113824090516e-01, 4.369567988317e-06, 1.8745e+00, 2.7153e-02, 
 2DIAGNOSTIC,    41, -7.113835062267e-01, 3.273436678036e-06, 1.8985e+00, 2.4063e-02, 
 2DIAGNOSTIC,    42, -7.113718228257e-01, 1.895114118949e-06, 1.9227e+00, 2.4155e-02, 
DIAGNOSTIC,Iteration,metricValue,convergenceValue,ITERATION_TIME_INDEX,SINCE_LAST
 2DIAGNOSTIC,     1, -6.030714796504e-01, 1.797693134862e+308, 2.5447e+00, 6.2202e-01, 
 2DIAGNOSTIC,     2, -6.033618704674e-01, 1.797693134862e+308, 2.7220e+00, 1.7733e-01, 
 2DIAGNOSTIC,     3, -6.036676247868e-01, 1.797693134862e+308, 2.8971e+00, 1.7510e-01, 
 2DIAGNOSTIC,     4, -6.043361712896e-01, 1.797693134862e+308, 3.1526e+00, 2.5550e-01, 
 2DIAGNOSTIC,     5, -6.043568415601e-01, 1.797693134862e+308, 3.3508e+00, 1.9815e-01, 
 2DIAGNOSTIC,     6, -6.043481532795e-01, 1.797693134862e+308, 3.5496e+00, 1.9884e-01, 
 2DIAGNOSTIC,     7, -6.043499538351e-01, 1.797693134862e+308, 3.7451e+00, 1.9552e-01, 
 2DIAGNOSTIC,     8, -6.043485515181e-01, 1.797693134862e+308, 4.0236e+00, 2.7849e-01, 
 2DIAGNOSTIC,     9, -6.043480605155e-01, 1.797693134862e+308, 4.2168e+00, 1.9314e-01, 
 2DIAGNOSTIC,    10, -6.043462793762e-01, 1.264293598433e-04, 4.4089e+00, 1.9213e-01, 
 2DIAGNOSTIC,    11, -6.043454978695e-01, 7.052375565818e-05, 4.5977e+00, 1.8880e-01, 
 2DIAGNOSTIC,    12, -6.043449179829e-01, 2.922341115966e-05, 4.7873e+00, 1.8956e-01, 
 2DIAGNOSTIC,    13, -6.043416936496e-01, 2.138287974476e-06, 4.9848e+00, 1.9756e-01, 
 2DIAGNOSTIC,    14, -6.043408047798e-01, 1.367814451148e-06, 5.1567e+00, 1.7187e-01, 
 2DIAGNOSTIC,    15, -6.043401799231e-01, 1.419551124954e-06, 5.3477e+00, 1.9099e-01, 
 2DIAGNOSTIC,    16, -6.043393756195e-01, 1.247142009470e-06, 5.5455e+00, 1.9785e-01, 
 2DIAGNOSTIC,    17, -6.043384021226e-01, 1.187038095055e-06, 5.7381e+00, 1.9260e-01, 
 2DIAGNOSTIC,    18, -6.043374264769e-01, 1.135965683595e-06, 5.9140e+00, 1.7592e-01, 
 2DIAGNOSTIC,    19, -6.043353836246e-01, 1.087681029716e-06, 6.0856e+00, 1.7154e-01, 
 2DIAGNOSTIC,    20, -6.043349661049e-01, 1.047302477394e-06, 6.3018e+00, 2.1626e-01, 
 2DIAGNOSTIC,    21, -6.043353105906e-01, 1.050592722637e-06, 6.4960e+00, 1.9418e-01, 
 2DIAGNOSTIC,    22, -6.043343362898e-01, 1.064718173939e-06, 6.6706e+00, 1.7456e-01, 
 2DIAGNOSTIC,    23, -6.043335682457e-01, 1.032842366480e-06, 6.8473e+00, 1.7667e-01, 
DIAGNOSTIC,Iteration,metricValue,convergenceValue,ITERATION_TIME_INDEX,SINCE_LAST
 2DIAGNOSTIC,     1, -5.403251386558e-01, 1.797693134862e+308, 8.8567e+00, 2.0094e+00, 
 2DIAGNOSTIC,     2, -5.405998488169e-01, 1.797693134862e+308, 1.0118e+01, 1.2609e+00, 
 2DIAGNOSTIC,     3, -5.408258969755e-01, 1.797693134862e+308, 1.1380e+01, 1.2622e+00, 
 2DIAGNOSTIC,     4, -5.410612401787e-01, 1.797693134862e+308, 1.2634e+01, 1.2541e+00, 
 2DIAGNOSTIC,     5, -5.415092840909e-01, 1.797693134862e+308, 1.4437e+01, 1.8031e+00, 
 2DIAGNOSTIC,     6, -5.416750561283e-01, 1.797693134862e+308, 1.5851e+01, 1.4144e+00, 
 2DIAGNOSTIC,     7, -5.417046825007e-01, 1.797693134862e+308, 1.7390e+01, 1.5385e+00, 
 2DIAGNOSTIC,     8, -5.417007861008e-01, 1.797693134862e+308, 1.9928e+01, 2.5383e+00, 
 2DIAGNOSTIC,     9, -5.417007942922e-01, 1.797693134862e+308, 2.1448e+01, 1.5200e+00, 
 2DIAGNOSTIC,    10, -5.417006002584e-01, 1.753675184012e-04, 2.2846e+01, 1.3978e+00, 
 2DIAGNOSTIC,    11, -5.417005216890e-01, 1.178359879055e-04, 2.4101e+01, 1.2545e+00, 
 2DIAGNOSTIC,    12, -5.417004828459e-01, 7.172237774937e-05, 2.5493e+01, 1.3927e+00, 
 2DIAGNOSTIC,    13, -5.417004622199e-01, 3.565178460135e-05, 2.6746e+01, 1.2531e+00, 
 2DIAGNOSTIC,    14, -5.417003847029e-01, 1.015476455314e-05, 2.8132e+01, 1.3862e+00, 
 2DIAGNOSTIC,    15, -5.417001702995e-01, 2.855766503274e-06, 2.9525e+01, 1.3928e+00, 
 2DIAGNOSTIC,    16, -5.417002051475e-01, 1.812785513422e-06, 3.0907e+01, 1.3817e+00, 
 2DIAGNOSTIC,    17, -5.417001945029e-01, 1.826466647821e-06, 3.2458e+01, 1.5507e+00, 
 2DIAGNOSTIC,    18, -5.417001082645e-01, 1.726529551209e-06, 3.3854e+01, 1.3963e+00, 
 2DIAGNOSTIC,    19, -5.417000088318e-01, 1.638687836973e-06, 3.5104e+01, 1.2502e+00, 
 2DIAGNOSTIC,    20, -5.416999348575e-01, 1.556144204350e-06, 3.6368e+01, 1.2644e+00, 
 2DIAGNOSTIC,    21, -5.416999038546e-01, 1.481968013549e-06, 3.7770e+01, 1.4016e+00, 
 2DIAGNOSTIC,    22, -5.416997237815e-01, 1.412307282400e-06, 3.9022e+01, 1.2516e+00, 
 2DIAGNOSTIC,    23, -5.416994707555e-01, 1.345781725268e-06, 4.0566e+01, 1.5446e+00, 
 2DIAGNOSTIC,    24, -5.416995327907e-01, 1.288288730472e-06, 4.1948e+01, 1.3818e+00, 
 2DIAGNOSTIC,    25, -5.416994583898e-01, 1.232680392337e-06, 4.3330e+01, 1.3823e+00, 
 2DIAGNOSTIC,    26, -5.416994103007e-01, 1.184813145171e-06, 4.4720e+01, 1.3894e+00, 
 2DIAGNOSTIC,    27, -5.416993516014e-01, 1.142929222056e-06, 4.5975e+01, 1.2552e+00, 
 2DIAGNOSTIC,    28, -5.416992098959e-01, 1.103232371576e-06, 4.7220e+01, 1.2453e+00, 
 2DIAGNOSTIC,    29, -5.416992941661e-01, 1.069158370247e-06, 4.8746e+01, 1.5255e+00, 
 2DIAGNOSTIC,    30, -5.416993818050e-01, 1.040083280709e-06, 5.0104e+01, 1.3579e+00, 
 2DIAGNOSTIC,    31, -5.416990372261e-01, 1.008479766973e-06, 5.1456e+01, 1.3522e+00, 
  Elapsed time (stage 1): 5.2308e+01


Stage 2
  iterations = 100x70x50x20
  convergence threshold = 1.0000e-06
  convergence window size = 10
  number of levels = 4
  using the CC metric (radius = 4, weight = 1.0000e+00, use gradient filter = 0)
  preprocessing:  winsorizing the image intensities
  Shrink factors (level 1 out of 4): [8, 8, 8]
  Shrink factors (level 2 out of 4): [4, 4, 4]
  Shrink factors (level 3 out of 4): [2, 2, 2]
  Shrink factors (level 4 out of 4): [1, 1, 1]
  smoothing sigmas per level: [3, 2, 1, 0]
  Using default NONE metricSamplingStrategy 

*** Running SyN registration (varianceForUpdateField = 3.0000e+00, varianceForTotalField = 0.0000e+00) ***

XXDIAGNOSTIC,Iteration,metricValue,convergenceValue,ITERATION_TIME_INDEX,SINCE_LAST
 1DIAGNOSTIC,     1, -9.298301473327e-01, 1.797693134862e+308, 4.4346e-01, 4.4346e-01, 
 1DIAGNOSTIC,     2, -9.381507434370e-01, 1.797693134862e+308, 6.0304e-01, 1.5958e-01, 
 1DIAGNOSTIC,     3, -9.445873672091e-01, 1.797693134862e+308, 7.5633e-01, 1.5328e-01, 
 1DIAGNOSTIC,     4, -9.494311876485e-01, 1.797693134862e+308, 9.0331e-01, 1.4698e-01, 
 1DIAGNOSTIC,     5, -9.526780364750e-01, 1.797693134862e+308, 1.0523e+00, 1.4895e-01, 
 1DIAGNOSTIC,     6, -9.551290987860e-01, 1.797693134862e+308, 1.2031e+00, 1.5082e-01, 
 1DIAGNOSTIC,     7, -9.576102936761e-01, 1.797693134862e+308, 1.3531e+00, 1.5004e-01, 
 1DIAGNOSTIC,     8, -9.603273164472e-01, 1.797693134862e+308, 1.5036e+00, 1.5049e-01, 
 1DIAGNOSTIC,     9, -9.631130613082e-01, 1.797693134862e+308, 1.6516e+00, 1.4796e-01, 
 1DIAGNOSTIC,    10, -9.659077116524e-01, 2.188020851810e-03, 1.8062e+00, 1.5464e-01, 
 1DIAGNOSTIC,    11, -9.680710941312e-01, 1.687124411395e-03, 1.9542e+00, 1.4798e-01, 
 1DIAGNOSTIC,    12, -9.700047050955e-01, 1.371409230591e-03, 2.1029e+00, 1.4874e-01, 
 1DIAGNOSTIC,    13, -9.704961433049e-01, 1.137493208797e-03, 2.2568e+00, 1.5384e-01, 
 1DIAGNOSTIC,    14, -9.711100781152e-01, 9.492588799307e-04, 2.4101e+00, 1.5335e-01, 
 1DIAGNOSTIC,    15, -9.714685347620e-01, 7.705731380001e-04, 2.5598e+00, 1.4968e-01, 
 1DIAGNOSTIC,    16, -9.719893277098e-01, 5.983794926596e-04, 2.7128e+00, 1.5296e-01, 
 1DIAGNOSTIC,    17, -9.722044586940e-01, 4.380927104939e-04, 2.8679e+00, 1.5511e-01, 
 1DIAGNOSTIC,    18, -9.725847215282e-01, 3.061178477675e-04, 3.0189e+00, 1.5100e-01, 
 1DIAGNOSTIC,    19, -9.727441517140e-01, 2.053087742782e-04, 3.1753e+00, 1.5644e-01, 
 1DIAGNOSTIC,    20, -9.729771944248e-01, 1.399806167749e-04, 3.3300e+00, 1.5464e-01, 
 1DIAGNOSTIC,    21, -9.731029415464e-01, 9.957390914530e-05, 3.4875e+00, 1.5754e-01, 
 1DIAGNOSTIC,    22, -9.733685911916e-01, 8.316510868315e-05, 3.6365e+00, 1.4903e-01, 
 1DIAGNOSTIC,    23, -9.734716075938e-01, 6.799374231752e-05, 3.7877e+00, 1.5118e-01, 
 1DIAGNOSTIC,    24, -9.736387604918e-01, 5.742041825276e-05, 3.9360e+00, 1.4829e-01, 
 1DIAGNOSTIC,    25, -9.737226307467e-01, 4.753208220450e-05, 4.0830e+00, 1.4700e-01, 
 1DIAGNOSTIC,    26, -9.738508138672e-01, 4.140126230940e-05, 4.2349e+00, 1.5191e-01, 
 1DIAGNOSTIC,    27, -9.739203639030e-01, 3.493924409301e-05, 4.3857e+00, 1.5079e-01, 
 1DIAGNOSTIC,    28, -9.740183175428e-01, 3.076822580873e-05, 4.5376e+00, 1.5188e-01, 
 1DIAGNOSTIC,    29, -9.740755085822e-01, 2.624709107506e-05, 4.6922e+00, 1.5459e-01, 
 1DIAGNOSTIC,    30, -9.741490946349e-01, 2.265633558712e-05, 4.8469e+00, 1.5477e-01, 
 1DIAGNOSTIC,    31, -9.741964640889e-01, 1.884067229604e-05, 5.0027e+00, 1.5579e-01, 
 1DIAGNOSTIC,    32, -9.742499956314e-01, 1.650245447115e-05, 5.1541e+00, 1.5136e-01, 
 1DIAGNOSTIC,    33, -9.742897821422e-01, 1.407799222037e-05, 5.3100e+00, 1.5586e-01, 
 1DIAGNOSTIC,    34, -9.743269790991e-01, 1.231132537285e-05, 5.4625e+00, 1.5254e-01, 
 1DIAGNOSTIC,    35, -9.743617067890e-01, 1.054075840797e-05, 5.6145e+00, 1.5205e-01, 
 1DIAGNOSTIC,    36, -9.743852800799e-01, 9.184476032677e-06, 5.7633e+00, 1.4875e-01, 
 1DIAGNOSTIC,    37, -9.744165004398e-01, 7.898797250289e-06, 5.9127e+00, 1.4943e-01, 
 1DIAGNOSTIC,    38, -9.744303147528e-01, 6.867666935220e-06, 6.0665e+00, 1.5375e-01, 
 1DIAGNOSTIC,    39, -9.744597864035e-01, 5.959286094464e-06, 6.2221e+00, 1.5566e-01, 
 1DIAGNOSTIC,    40, -9.744656069274e-01, 5.182028233488e-06, 6.3784e+00, 1.5625e-01, 
 1DIAGNOSTIC,    41, -9.744943483123e-01, 4.565086038664e-06, 6.5302e+00, 1.5183e-01, 
 1DIAGNOSTIC,    42, -9.744944821825e-01, 3.984125513182e-06, 6.6862e+00, 1.5602e-01, 
 1DIAGNOSTIC,    43, -9.745226452629e-01, 3.584467026377e-06, 6.8394e+00, 1.5312e-01, 
 1DIAGNOSTIC,    44, -9.745168800365e-01, 3.133916082601e-06, 6.9912e+00, 1.5180e-01, 
 1DIAGNOSTIC,    45, -9.745444857296e-01, 2.880608197500e-06, 7.1476e+00, 1.5641e-01, 
 1DIAGNOSTIC,    46, -9.745334017375e-01, 2.503124363108e-06, 7.2959e+00, 1.4830e-01, 
 1DIAGNOSTIC,    47, -9.745617448513e-01, 2.343021887563e-06, 7.4472e+00, 1.5129e-01, 
 1DIAGNOSTIC,    48, -9.745479959437e-01, 2.023188898991e-06, 7.5959e+00, 1.4869e-01, 
 1DIAGNOSTIC,    49, -9.745738783777e-01, 1.921560410345e-06, 7.7450e+00, 1.4917e-01, 
 1DIAGNOSTIC,    50, -9.745551111670e-01, 1.619398184268e-06, 7.8941e+00, 1.4910e-01, 
 1DIAGNOSTIC,    51, -9.745813233081e-01, 1.556013434999e-06, 8.0428e+00, 1.4862e-01, 
 1DIAGNOSTIC,    52, -9.745608500494e-01, 1.283605122599e-06, 8.1955e+00, 1.5277e-01, 
 1DIAGNOSTIC,    53, -9.745886710562e-01, 1.272244539201e-06, 8.3460e+00, 1.5046e-01, 
 1DIAGNOSTIC,    54, -9.745671434155e-01, 1.041386806705e-06, 8.4919e+00, 1.4596e-01, 
 1DIAGNOSTIC,    55, -9.745949150536e-01, 1.077192849835e-06, 8.6443e+00, 1.5238e-01, 
 1DIAGNOSTIC,    56, -9.745711566144e-01, 8.741385440457e-07, 8.7951e+00, 1.5073e-01, 
XXDIAGNOSTIC,Iteration,metricValue,convergenceValue,ITERATION_TIME_INDEX,SINCE_LAST
 1DIAGNOSTIC,     1, -9.184202941032e-01, 1.797693134862e+308, 1.0313e+01, 1.5176e+00, 
 1DIAGNOSTIC,     2, -9.214839871977e-01, 1.797693134862e+308, 1.1521e+01, 1.2080e+00, 
 1DIAGNOSTIC,     3, -9.250171307856e-01, 1.797693134862e+308, 1.2711e+01, 1.1908e+00, 
 1DIAGNOSTIC,     4, -9.279444162292e-01, 1.797693134862e+308, 1.3902e+01, 1.1909e+00, 
 1DIAGNOSTIC,     5, -9.306819190415e-01, 1.797693134862e+308, 1.5088e+01, 1.1856e+00, 
 1DIAGNOSTIC,     6, -9.330314258120e-01, 1.797693134862e+308, 1.6284e+01, 1.1957e+00, 
 1DIAGNOSTIC,     7, -9.350905208003e-01, 1.797693134862e+308, 1.7475e+01, 1.1914e+00, 
 1DIAGNOSTIC,     8, -9.368616097938e-01, 1.797693134862e+308, 1.8683e+01, 1.2082e+00, 
 1DIAGNOSTIC,     9, -9.384168207298e-01, 1.797693134862e+308, 1.9896e+01, 1.2131e+00, 
 1DIAGNOSTIC,    10, -9.397793879229e-01, 1.474880225140e-03, 2.1108e+01, 1.2116e+00, 
 1DIAGNOSTIC,    11, -9.408044417258e-01, 1.189789960649e-03, 2.2309e+01, 1.2006e+00, 
 1DIAGNOSTIC,    12, -9.418547306267e-01, 9.492244482696e-04, 2.3510e+01, 1.2014e+00, 
 1DIAGNOSTIC,    13, -9.426163940853e-01, 7.599765184741e-04, 2.4713e+01, 1.2031e+00, 
 1DIAGNOSTIC,    14, -9.433526582268e-01, 6.078416322883e-04, 2.5909e+01, 1.1958e+00, 
 1DIAGNOSTIC,    15, -9.438487223100e-01, 4.856407149745e-04, 2.7111e+01, 1.2025e+00, 
 1DIAGNOSTIC,    16, -9.444708314914e-01, 3.903720950594e-04, 2.8328e+01, 1.2168e+00, 
 1DIAGNOSTIC,    17, -9.448519687653e-01, 3.136630118332e-04, 2.9546e+01, 1.2179e+00, 
 1DIAGNOSTIC,    18, -9.452077511440e-01, 2.521855045126e-04, 3.0775e+01, 1.2291e+00, 
 1DIAGNOSTIC,    19, -9.455396561213e-01, 2.038199529734e-04, 3.1987e+01, 1.2122e+00, 
 1DIAGNOSTIC,    20, -9.458446385008e-01, 1.665857782137e-04, 3.3199e+01, 1.2116e+00, 
 1DIAGNOSTIC,    21, -9.461185232584e-01, 1.359999124536e-04, 3.4400e+01, 1.2011e+00, 
 1DIAGNOSTIC,    22, -9.463785232076e-01, 1.135222033073e-04, 3.5610e+01, 1.2099e+00, 
 1DIAGNOSTIC,    23, -9.466108662238e-01, 9.545322137579e-05, 3.6819e+01, 1.2092e+00, 
 1DIAGNOSTIC,    24, -9.468290143879e-01, 8.203064250294e-05, 3.8036e+01, 1.2167e+00, 
 1DIAGNOSTIC,    25, -9.470233106891e-01, 7.030201261168e-05, 3.9238e+01, 1.2018e+00, 
 1DIAGNOSTIC,    26, -9.472055426168e-01, 6.226947720594e-05, 4.0446e+01, 1.2083e+00, 
 1DIAGNOSTIC,    27, -9.473758206525e-01, 5.518899561341e-05, 4.1664e+01, 1.2183e+00, 
 1DIAGNOSTIC,    28, -9.475361568155e-01, 4.902772622605e-05, 4.2888e+01, 1.2237e+00, 
 1DIAGNOSTIC,    29, -9.476843399119e-01, 4.371429631503e-05, 4.4095e+01, 1.2072e+00, 
 1DIAGNOSTIC,    30, -9.478145934225e-01, 3.906096028474e-05, 4.5296e+01, 1.2011e+00, 
 1DIAGNOSTIC,    31, -9.479431251948e-01, 3.498866983016e-05, 4.6516e+01, 1.2195e+00, 
 1DIAGNOSTIC,    32, -9.480604528324e-01, 3.147277964005e-05, 4.7720e+01, 1.2046e+00, 
 1DIAGNOSTIC,    33, -9.481709939894e-01, 2.837789944754e-05, 4.8922e+01, 1.2012e+00, 
 1DIAGNOSTIC,    34, -9.482765572225e-01, 2.570506542098e-05, 5.0122e+01, 1.2004e+00, 
 1DIAGNOSTIC,    35, -9.483691207615e-01, 2.327649504460e-05, 5.1338e+01, 1.2163e+00, 
 1DIAGNOSTIC,    36, -9.484607907809e-01, 2.112673347554e-05, 5.2550e+01, 1.2118e+00, 
 1DIAGNOSTIC,    37, -9.485567609735e-01, 1.931204555654e-05, 5.3756e+01, 1.2056e+00, 
 1DIAGNOSTIC,    38, -9.486399008142e-01, 1.774258402933e-05, 5.4957e+01, 1.2017e+00, 
 1DIAGNOSTIC,    39, -9.487151399163e-01, 1.635184603871e-05, 5.6170e+01, 1.2122e+00, 
 1DIAGNOSTIC,    40, -9.487851005978e-01, 1.504174027818e-05, 5.7376e+01, 1.2067e+00, 
 1DIAGNOSTIC,    41, -9.488495388755e-01, 1.383919880674e-05, 5.8581e+01, 1.2052e+00, 
 1DIAGNOSTIC,    42, -9.489011577521e-01, 1.264267956805e-05, 5.9772e+01, 1.1910e+00, 
 1DIAGNOSTIC,    43, -9.489525535928e-01, 1.148816658076e-05, 6.0985e+01, 1.2129e+00, 
 1DIAGNOSTIC,    44, -9.490027722763e-01, 1.041540451950e-05, 6.2206e+01, 1.2206e+00, 
 1DIAGNOSTIC,    45, -9.490459581385e-01, 9.361103663057e-06, 6.3415e+01, 1.2094e+00, 
 1DIAGNOSTIC,    46, -9.490860168224e-01, 8.375908227748e-06, 6.4597e+01, 1.1818e+00, 
 1DIAGNOSTIC,    47, -9.491225577566e-01, 7.537736867416e-06, 6.5808e+01, 1.2109e+00, 
 1DIAGNOSTIC,    48, -9.491567186358e-01, 6.805491401814e-06, 6.7010e+01, 1.2017e+00, 
 1DIAGNOSTIC,    49, -9.491864061916e-01, 6.150991453634e-06, 6.8206e+01, 1.1964e+00, 
 1DIAGNOSTIC,    50, -9.492165034795e-01, 5.590634719863e-06, 6.9401e+01, 1.1951e+00, 
 1DIAGNOSTIC,    51, -9.492414950044e-01, 5.099947493460e-06, 7.0613e+01, 1.2122e+00, 
 1DIAGNOSTIC,    52, -9.492681406294e-01, 4.646945910632e-06, 7.1825e+01, 1.2116e+00, 
 1DIAGNOSTIC,    53, -9.492928144260e-01, 4.250267006282e-06, 7.3032e+01, 1.2070e+00, 
 1DIAGNOSTIC,    54, -9.493095877731e-01, 3.886803320374e-06, 7.4228e+01, 1.1963e+00, 
 1DIAGNOSTIC,    55, -9.493311647362e-01, 3.571298035437e-06, 7.5435e+01, 1.2067e+00, 
 1DIAGNOSTIC,    56, -9.493522412993e-01, 3.304152812179e-06, 7.6641e+01, 1.2061e+00, 
 1DIAGNOSTIC,    57, -9.493697490251e-01, 3.064715192978e-06, 7.7854e+01, 1.2131e+00, 
 1DIAGNOSTIC,    58, -9.493885466793e-01, 2.864762662317e-06, 7.9050e+01, 1.1955e+00, 
 1DIAGNOSTIC,    59, -9.494053866137e-01, 2.683543300706e-06, 8.0270e+01, 1.2205e+00, 
 1DIAGNOSTIC,    60, -9.494209880380e-01, 2.529189680116e-06, 8.1482e+01, 1.2114e+00, 
 1DIAGNOSTIC,    61, -9.494387077128e-01, 2.395361478141e-06, 8.2692e+01, 1.2107e+00, 
 1DIAGNOSTIC,    62, -9.494530284361e-01, 2.281415131568e-06, 8.3880e+01, 1.1876e+00, 
 1DIAGNOSTIC,    63, -9.494654233328e-01, 2.176828353531e-06, 8.5118e+01, 1.2383e+00, 
 1DIAGNOSTIC,    64, -9.494802503592e-01, 2.061464180639e-06, 8.6324e+01, 1.2053e+00, 
 1DIAGNOSTIC,    65, -9.494927194397e-01, 1.954330579004e-06, 8.7525e+01, 1.2013e+00, 
 1DIAGNOSTIC,    66, -9.495055774577e-01, 1.862401325974e-06, 8.8712e+01, 1.1872e+00, 
 1DIAGNOSTIC,    67, -9.495173032228e-01, 1.769779169963e-06, 8.9936e+01, 1.2233e+00, 
 1DIAGNOSTIC,    68, -9.495287377767e-01, 1.687634923888e-06, 9.1154e+01, 1.2188e+00, 
 1DIAGNOSTIC,    69, -9.495378344504e-01, 1.602114277533e-06, 9.2376e+01, 1.2220e+00, 
 1DIAGNOSTIC,    70, -9.495480044674e-01, 1.518276379694e-06, 9.3550e+01, 1.1738e+00, 
XXDIAGNOSTIC,Iteration,metricValue,convergenceValue,ITERATION_TIME_INDEX,SINCE_LAST
 1DIAGNOSTIC,     1, -8.971872978780e-01, 1.797693134862e+308, 1.0371e+02, 1.0156e+01, 
 1DIAGNOSTIC,     2, -8.997263648814e-01, 1.797693134862e+308, 1.1325e+02, 9.5412e+00, 
 1DIAGNOSTIC,     3, -9.024727030520e-01, 1.797693134862e+308, 1.2287e+02, 9.6266e+00, 
 1DIAGNOSTIC,     4, -9.049935995514e-01, 1.797693134862e+308, 1.3246e+02, 9.5839e+00, 
 1DIAGNOSTIC,     5, -9.072495991272e-01, 1.797693134862e+308, 1.4214e+02, 9.6865e+00, 
 1DIAGNOSTIC,     6, -9.092270095164e-01, 1.797693134862e+308, 1.5188e+02, 9.7338e+00, 
 1DIAGNOSTIC,     7, -9.109745981959e-01, 1.797693134862e+308, 1.6149e+02, 9.6170e+00, 
 1DIAGNOSTIC,     8, -9.125375078487e-01, 1.797693134862e+308, 1.7117e+02, 9.6797e+00, 
 1DIAGNOSTIC,     9, -9.139643638830e-01, 1.797693134862e+308, 1.8081e+02, 9.6379e+00, 
 1DIAGNOSTIC,    10, -9.152809918048e-01, 1.278567249814e-03, 1.9042e+02, 9.6031e+00, 
 1DIAGNOSTIC,    11, -9.163620313921e-01, 1.052140382492e-03, 2.0003e+02, 9.6136e+00, 
 1DIAGNOSTIC,    12, -9.173644834345e-01, 8.607613167190e-04, 2.0970e+02, 9.6728e+00, 
 1DIAGNOSTIC,    13, -9.182964978406e-01, 7.089180194556e-04, 2.1936e+02, 9.6571e+00, 
 1DIAGNOSTIC,    14, -9.191711479305e-01, 5.895341369293e-04, 2.2895e+02, 9.5946e+00, 
 1DIAGNOSTIC,    15, -9.198300116499e-01, 4.924234696843e-04, 2.3852e+02, 9.5687e+00, 
 1DIAGNOSTIC,    16, -9.206385270202e-01, 4.163485173043e-04, 2.4830e+02, 9.7797e+00, 
 1DIAGNOSTIC,    17, -9.212507693613e-01, 3.538454283873e-04, 2.5810e+02, 9.7969e+00, 
 1DIAGNOSTIC,    18, -9.218466728346e-01, 3.027226580948e-04, 2.6790e+02, 9.8046e+00, 
 1DIAGNOSTIC,    19, -9.223992200075e-01, 2.611560697678e-04, 2.7755e+02, 9.6440e+00, 
 1DIAGNOSTIC,    20, -9.229098931904e-01, 2.277933118960e-04, 2.8722e+02, 9.6723e+00, 
 1DIAGNOSTIC,    21, -9.233657525413e-01, 1.990320860918e-04, 2.9692e+02, 9.6993e+00, 
 1DIAGNOSTIC,    22, -9.237695032328e-01, 1.740706465679e-04, 3.0667e+02, 9.7522e+00, 
 1DIAGNOSTIC,    23, -9.241346084616e-01, 1.524550248762e-04, 3.1622e+02, 9.5519e+00, 
 1DIAGNOSTIC,    24, -9.244660529338e-01, 1.339648520405e-04, 3.2581e+02, 9.5853e+00, 
 1DIAGNOSTIC,    25, -9.247742093189e-01, 1.163110202878e-04, 3.3540e+02, 9.5927e+00, 
 1DIAGNOSTIC,    26, -9.250552196629e-01, 1.020769311260e-04, 3.4501e+02, 9.6070e+00, 
 1DIAGNOSTIC,    27, -9.253158320010e-01, 8.931101180371e-05, 3.5463e+02, 9.6237e+00, 
 1DIAGNOSTIC,    28, -9.255607235457e-01, 7.835149141366e-05, 3.6421e+02, 9.5747e+00, 
 1DIAGNOSTIC,    29, -9.257993386525e-01, 6.921311066518e-05, 3.7394e+02, 9.7334e+00, 
 1DIAGNOSTIC,    30, -9.260295957845e-01, 6.180575932908e-05, 3.8351e+02, 9.5688e+00, 
 1DIAGNOSTIC,    31, -9.262541974136e-01, 5.584716248001e-05, 3.9310e+02, 9.5888e+00, 
 1DIAGNOSTIC,    32, -9.264761393333e-01, 5.105197559359e-05, 4.0280e+02, 9.6986e+00, 
 1DIAGNOSTIC,    33, -9.266936421988e-01, 4.720167798432e-05, 4.1258e+02, 9.7804e+00, 
 1DIAGNOSTIC,    34, -9.269076134321e-01, 4.409290782603e-05, 4.2229e+02, 9.7086e+00, 
 1DIAGNOSTIC,    35, -9.271206802284e-01, 4.161414292905e-05, 4.3204e+02, 9.7586e+00, 
 1DIAGNOSTIC,    36, -9.273291277172e-01, 3.955732491633e-05, 4.4184e+02, 9.7933e+00, 
 1DIAGNOSTIC,    37, -9.275278088722e-01, 3.772387402438e-05, 4.5168e+02, 9.8416e+00, 
 1DIAGNOSTIC,    38, -9.277191874097e-01, 3.598301906322e-05, 4.6136e+02, 9.6858e+00, 
 1DIAGNOSTIC,    39, -9.279003587024e-01, 3.426921557724e-05, 4.7124e+02, 9.8740e+00, 
 1DIAGNOSTIC,    40, -9.280708703496e-01, 3.250936392201e-05, 4.8093e+02, 9.6888e+00, 
 1DIAGNOSTIC,    41, -9.282371079846e-01, 3.071863010894e-05, 4.9063e+02, 9.7017e+00, 
 1DIAGNOSTIC,    42, -9.283943128069e-01, 2.890867851812e-05, 5.0028e+02, 9.6484e+00, 
 1DIAGNOSTIC,    43, -9.285495837734e-01, 2.713931115828e-05, 5.1002e+02, 9.7448e+00, 
 1DIAGNOSTIC,    44, -9.286938258115e-01, 2.540939658104e-05, 5.1977e+02, 9.7452e+00, 
 1DIAGNOSTIC,    45, -9.288346538371e-01, 2.379450134743e-05, 5.2954e+02, 9.7678e+00, 
 1DIAGNOSTIC,    46, -9.289716082182e-01, 2.233082652069e-05, 5.3932e+02, 9.7869e+00, 
 1DIAGNOSTIC,    47, -9.291033663084e-01, 2.100045625127e-05, 5.4911e+02, 9.7830e+00, 
 1DIAGNOSTIC,    48, -9.292309879181e-01, 1.980460463956e-05, 5.5887e+02, 9.7650e+00, 
 1DIAGNOSTIC,    49, -9.293524271156e-01, 1.870604270072e-05, 5.6864e+02, 9.7726e+00, 
 1DIAGNOSTIC,    50, -9.294662913434e-01, 1.765351930019e-05, 5.7823e+02, 9.5848e+00, 
XXDIAGNOSTIC,Iteration,metricValue,convergenceValue,ITERATION_TIME_INDEX,SINCE_LAST
 1DIAGNOSTIC,     1, -8.834478172602e-01, 1.797693134862e+308, 6.6386e+02, 8.5629e+01, 
 1DIAGNOSTIC,     2, -8.848510441422e-01, 1.797693134862e+308, 7.4863e+02, 8.4777e+01, 
 1DIAGNOSTIC,     3, -8.867471215998e-01, 1.797693134862e+308, 8.3361e+02, 8.4972e+01, 
 1DIAGNOSTIC,     4, -8.881837260119e-01, 1.797693134862e+308, 9.1740e+02, 8.3792e+01, 
 1DIAGNOSTIC,     5, -8.895151113909e-01, 1.797693134862e+308, 1.0015e+03, 8.4132e+01, 
 1DIAGNOSTIC,     6, -8.907900295827e-01, 1.797693134862e+308, 1.0846e+03, 8.3117e+01, 
 1DIAGNOSTIC,     7, -8.919616401775e-01, 1.797693134862e+308, 1.1682e+03, 8.3535e+01, 
 1DIAGNOSTIC,     8, -8.931254914724e-01, 1.797693134862e+308, 1.2524e+03, 8.4205e+01, 
 1DIAGNOSTIC,     9, -8.941132476203e-01, 1.797693134862e+308, 1.3367e+03, 8.4307e+01, 
 1DIAGNOSTIC,    10, -8.950371097877e-01, 8.379284961030e-04, 1.4198e+03, 8.3099e+01, 
 1DIAGNOSTIC,    11, -8.959242441389e-01, 7.097449757833e-04, 1.5034e+03, 8.3576e+01, 
 1DIAGNOSTIC,    12, -8.967446428425e-01, 5.976494091523e-04, 1.5869e+03, 8.3574e+01, 
 1DIAGNOSTIC,    13, -8.974368481513e-01, 5.119322861849e-04, 1.6712e+03, 8.4219e+01, 
 1DIAGNOSTIC,    14, -8.980705811770e-01, 4.388523107659e-04, 1.7571e+03, 8.5950e+01, 
 1DIAGNOSTIC,    15, -8.986579394455e-01, 3.759919301201e-04, 1.8406e+03, 8.3480e+01, 
 1DIAGNOSTIC,    16, -8.992118030042e-01, 3.226947263360e-04, 1.9246e+03, 8.4032e+01, 
 1DIAGNOSTIC,    17, -8.997453957894e-01, 2.776483088364e-04, 2.0081e+03, 8.3487e+01, 
 1DIAGNOSTIC,    18, -9.002529945312e-01, 2.413717475398e-04, 2.0920e+03, 8.3927e+01, 
 1DIAGNOSTIC,    19, -9.007294404118e-01, 2.109587768415e-04, 2.1768e+03, 8.4753e+01, 
 1DIAGNOSTIC,    20, -9.011909175392e-01, 1.859015992251e-04, 2.2574e+03, 8.0602e+01, 
  Elapsed time (stage 2): 2258


Total elapsed time: 2354
