All_Command_lines_OK
Using double precision for computations.
=============================================================================
The composite transform comprises the following transforms (in order): 
  1. Center of mass alignment using fixed image: /templateflow/tpl-MNI152NLin2009cAsym/tpl-MNI152NLin2009cAsym_res-01_desc-brain_T1w.nii.gz and moving image: /mnt/lustre/mathdugre/ants-amp/datasets/corr/RawDataBIDS/BMB_1/derivatives/antsBrainExtraction/sub-0003054/BrainExtractionBrain.nii.gz (type = Euler3DTransform)
=============================================================================
  number of levels = 4
  number of levels = 4
  number of levels = 4
  fixed image: /templateflow/tpl-MNI152NLin2009cAsym/tpl-MNI152NLin2009cAsym_res-01_desc-brain_T1w.nii.gz
  moving image: /mnt/lustre/mathdugre/ants-amp/datasets/corr/RawDataBIDS/BMB_1/derivatives/antsBrainExtraction/sub-0003054/BrainExtractionBrain.nii.gz
  fixed image: /templateflow/tpl-MNI152NLin2009cAsym/tpl-MNI152NLin2009cAsym_res-01_desc-brain_T1w.nii.gz
  moving image: /mnt/lustre/mathdugre/ants-amp/datasets/corr/RawDataBIDS/BMB_1/derivatives/antsBrainExtraction/sub-0003054/BrainExtractionBrain.nii.gz
  fixed image: /templateflow/tpl-MNI152NLin2009cAsym/tpl-MNI152NLin2009cAsym_res-01_desc-brain_T1w.nii.gz
  moving image: /mnt/lustre/mathdugre/ants-amp/datasets/corr/RawDataBIDS/BMB_1/derivatives/antsBrainExtraction/sub-0003054/BrainExtractionBrain.nii.gz
Dimension = 3
Number of stages = 3
Use histogram matching = false
Winsorize image intensities = true
  Lower quantile = 0.005
  Upper quantile = 0.995


Stage 1 State
   Image metric = MattesMI
     Fixed image = Image (0x562382b6c360)
  RTTI typeinfo:   itk::Image<double, 3u>
  Reference Count: 2
  Modified Time: 2368
  Debug: Off
  Object Name: 
  Observers: 
    none
  Source: (none)
  Source output name: (none)
  Release Data: Off
  Data Released: False
  Global Release Data: Off
  PipelineMTime: 0
  UpdateMTime: 1979
  RealTimeStamp: 0 seconds 
  LargestPossibleRegion: 
    Dimension: 3
    Index: [0, 0, 0]
    Size: [193, 229, 193]
  BufferedRegion: 
    Dimension: 3
    Index: [0, 0, 0]
    Size: [193, 229, 193]
  RequestedRegion: 
    Dimension: 3
    Index: [0, 0, 0]
    Size: [193, 229, 193]
  Spacing: [1, 1, 1]
  Origin: [96, 132, -78]
  Direction: 
-1 0 0
0 -1 0
0 0 1

  IndexToPointMatrix: 
-1 0 0
0 -1 0
0 0 1

  PointToIndexMatrix: 
-1 0 0
0 -1 0
0 0 1

  Inverse Direction: 
-1 0 0
0 -1 0
0 0 1

  PixelContainer: 
    ImportImageContainer (0x562382b63a00)
      RTTI typeinfo:   itk::ImportImageContainer<unsigned long, double>
      Reference Count: 1
      Modified Time: 1976
      Debug: Off
      Object Name: 
      Observers: 
        none
      Pointer: 0x7f3a9360c010
      Container manages memory: true
      Size: 8530021
      Capacity: 8530021

     Moving image = Image (0x562382b6fa20)
  RTTI typeinfo:   itk::Image<double, 3u>
  Reference Count: 2
  Modified Time: 2369
  Debug: Off
  Object Name: 
  Observers: 
    none
  Source: (none)
  Source output name: (none)
  Release Data: Off
  Data Released: False
  Global Release Data: Off
  PipelineMTime: 0
  UpdateMTime: 2366
  RealTimeStamp: 0 seconds 
  LargestPossibleRegion: 
    Dimension: 3
    Index: [0, 0, 0]
    Size: [176, 256, 256]
  BufferedRegion: 
    Dimension: 3
    Index: [0, 0, 0]
    Size: [176, 256, 256]
  RequestedRegion: 
    Dimension: 3
    Index: [0, 0, 0]
    Size: [176, 256, 256]
  Spacing: [1, 1, 1]
  Origin: [-92.285, 99.2892, -131.201]
  Direction: 
1 0 0
0 -1 0
0 0 1

  IndexToPointMatrix: 
1 0 0
0 -1 0
0 0 1

  PointToIndexMatrix: 
1 0 0
0 -1 0
0 0 1

  Inverse Direction: 
1 0 0
0 -1 0
0 0 1

  PixelContainer: 
    ImportImageContainer (0x562384d41c90)
      RTTI typeinfo:   itk::ImportImageContainer<unsigned long, double>
      Reference Count: 1
      Modified Time: 2363
      Debug: Off
      Object Name: 
      Observers: 
        none
      Pointer: 0x7f3a8de0b010
      Container manages memory: true
      Size: 11534336
      Capacity: 11534336

     Weighting = 1
     Sampling strategy = regular
     Number of bins = 32
     Radius = 4
     Sampling percentage  = 0.25
   Transform = Rigid
     Gradient step = 0.1
     Update field sigma (voxel space) = 0
     Total field sigma (voxel space) = 0
     Update field time sigma = 0
     Total field time sigma  = 0
     Number of time indices = 0
     Number of time point samples = 0
Stage 2 State
   Image metric = MattesMI
     Fixed image = Image (0x562382c929c0)
  RTTI typeinfo:   itk::Image<double, 3u>
  Reference Count: 2
  Modified Time: 3144
  Debug: Off
  Object Name: 
  Observers: 
    none
  Source: (none)
  Source output name: (none)
  Release Data: Off
  Data Released: False
  Global Release Data: Off
  PipelineMTime: 0
  UpdateMTime: 2755
  RealTimeStamp: 0 seconds 
  LargestPossibleRegion: 
    Dimension: 3
    Index: [0, 0, 0]
    Size: [193, 229, 193]
  BufferedRegion: 
    Dimension: 3
    Index: [0, 0, 0]
    Size: [193, 229, 193]
  RequestedRegion: 
    Dimension: 3
    Index: [0, 0, 0]
    Size: [193, 229, 193]
  Spacing: [1, 1, 1]
  Origin: [96, 132, -78]
  Direction: 
-1 0 0
0 -1 0
0 0 1

  IndexToPointMatrix: 
-1 0 0
0 -1 0
0 0 1

  PointToIndexMatrix: 
-1 0 0
0 -1 0
0 0 1

  Inverse Direction: 
-1 0 0
0 -1 0
0 0 1

  PixelContainer: 
    ImportImageContainer (0x562382c81f30)
      RTTI typeinfo:   itk::ImportImageContainer<unsigned long, double>
      Reference Count: 1
      Modified Time: 2752
      Debug: Off
      Object Name: 
      Observers: 
        none
      Pointer: 0x7f3a89cf6010
      Container manages memory: true
      Size: 8530021
      Capacity: 8530021

     Moving image = Image (0x562382c947c0)
  RTTI typeinfo:   itk::Image<double, 3u>
  Reference Count: 2
  Modified Time: 3145
  Debug: Off
  Object Name: 
  Observers: 
    none
  Source: (none)
  Source output name: (none)
  Release Data: Off
  Data Released: False
  Global Release Data: Off
  PipelineMTime: 0
  UpdateMTime: 3142
  RealTimeStamp: 0 seconds 
  LargestPossibleRegion: 
    Dimension: 3
    Index: [0, 0, 0]
    Size: [176, 256, 256]
  BufferedRegion: 
    Dimension: 3
    Index: [0, 0, 0]
    Size: [176, 256, 256]
  RequestedRegion: 
    Dimension: 3
    Index: [0, 0, 0]
    Size: [176, 256, 256]
  Spacing: [1, 1, 1]
  Origin: [-92.285, 99.2892, -131.201]
  Direction: 
1 0 0
0 -1 0
0 0 1

  IndexToPointMatrix: 
1 0 0
0 -1 0
0 0 1

  PointToIndexMatrix: 
1 0 0
0 -1 0
0 0 1

  Inverse Direction: 
1 0 0
0 -1 0
0 0 1

  PixelContainer: 
    ImportImageContainer (0x562382c97190)
      RTTI typeinfo:   itk::ImportImageContainer<unsigned long, double>
      Reference Count: 1
      Modified Time: 3139
      Debug: Off
      Object Name: 
      Observers: 
        none
      Pointer: 0x7f3a844f5010
      Container manages memory: true
      Size: 11534336
      Capacity: 11534336

     Weighting = 1
     Sampling strategy = regular
     Number of bins = 32
     Radius = 4
     Sampling percentage  = 0.25
   Transform = Affine
     Gradient step = 0.1
     Update field sigma (voxel space) = 0
     Total field sigma (voxel space) = 0
     Update field time sigma = 0
     Total field time sigma  = 0
     Number of time indices = 0
     Number of time point samples = 0
Stage 3 State
   Image metric = CC
     Fixed image = Image (0x562382c7e240)
  RTTI typeinfo:   itk::Image<double, 3u>
  Reference Count: 2
  Modified Time: 3920
  Debug: Off
  Object Name: 
  Observers: 
    none
  Source: (none)
  Source output name: (none)
  Release Data: Off
  Data Released: False
  Global Release Data: Off
  PipelineMTime: 0
  UpdateMTime: 3531
  RealTimeStamp: 0 seconds 
  LargestPossibleRegion: 
    Dimension: 3
    Index: [0, 0, 0]
    Size: [193, 229, 193]
  BufferedRegion: 
    Dimension: 3
    Index: [0, 0, 0]
    Size: [193, 229, 193]
  RequestedRegion: 
    Dimension: 3
    Index: [0, 0, 0]
    Size: [193, 229, 193]
  Spacing: [1, 1, 1]
  Origin: [96, 132, -78]
  Direction: 
-1 0 0
0 -1 0
0 0 1

  IndexToPointMatrix: 
-1 0 0
0 -1 0
0 0 1

  PointToIndexMatrix: 
-1 0 0
0 -1 0
0 0 1

  Inverse Direction: 
-1 0 0
0 -1 0
0 0 1

  PixelContainer: 
    ImportImageContainer (0x562382bbb600)
      RTTI typeinfo:   itk::ImportImageContainer<unsigned long, double>
      Reference Count: 1
      Modified Time: 3528
      Debug: Off
      Object Name: 
      Observers: 
        none
      Pointer: 0x7f3a803e0010
      Container manages memory: true
      Size: 8530021
      Capacity: 8530021

     Moving image = Image (0x562382c96e70)
  RTTI typeinfo:   itk::Image<double, 3u>
  Reference Count: 2
  Modified Time: 3921
  Debug: Off
  Object Name: 
  Observers: 
    none
  Source: (none)
  Source output name: (none)
  Release Data: Off
  Data Released: False
  Global Release Data: Off
  PipelineMTime: 0
  UpdateMTime: 3918
  RealTimeStamp: 0 seconds 
  LargestPossibleRegion: 
    Dimension: 3
    Index: [0, 0, 0]
    Size: [176, 256, 256]
  BufferedRegion: 
    Dimension: 3
    Index: [0, 0, 0]
    Size: [176, 256, 256]
  RequestedRegion: 
    Dimension: 3
    Index: [0, 0, 0]
    Size: [176, 256, 256]
  Spacing: [1, 1, 1]
  Origin: [-92.285, 99.2892, -131.201]
  Direction: 
1 0 0
0 -1 0
0 0 1

  IndexToPointMatrix: 
1 0 0
0 -1 0
0 0 1

  PointToIndexMatrix: 
1 0 0
0 -1 0
0 0 1

  Inverse Direction: 
1 0 0
0 -1 0
0 0 1

  PixelContainer: 
    ImportImageContainer (0x562382c7a0d0)
      RTTI typeinfo:   itk::ImportImageContainer<unsigned long, double>
      Reference Count: 1
      Modified Time: 3915
      Debug: Off
      Object Name: 
      Observers: 
        none
      Pointer: 0x7f3a7abdf010
      Container manages memory: true
      Size: 11534336
      Capacity: 11534336

     Weighting = 1
     Sampling strategy = none
     Number of bins = 32
     Radius = 4
     Sampling percentage  = 1
   Transform = SyN
     Gradient step = 0.1
     Update field sigma (voxel space) = 3
     Total field sigma (voxel space) = 0
     Update field time sigma = 0
     Total field time sigma  = 0
     Number of time indices = 0
     Number of time point samples = 0
Registration using 3 total stages.

Stage 0
  iterations = 1000x500x250x100
  convergence threshold = 1e-06
  convergence window size = 10
  number of levels = 4
  using the Mattes MI metric (number of bins = 32, weight = 1, use gradient filter = 0)
  preprocessing:  winsorizing the image intensities
  Shrink factors (level 1 out of 4): [8, 8, 8]
  Shrink factors (level 2 out of 4): [4, 4, 4]
  Shrink factors (level 3 out of 4): [2, 2, 2]
  Shrink factors (level 4 out of 4): [1, 1, 1]
  smoothing sigmas per level: [3, 2, 1, 0]
  regular sampling (percentage = 0.25)

*** Running Euler3DTransform registration ***

DIAGNOSTIC,Iteration,metricValue,convergenceValue,ITERATION_TIME_INDEX,SINCE_LAST
 2DIAGNOSTIC,     1, -5.509947122071e-01, 1.797693134862e+308, 3.6758e-01, 3.6758e-01, 
 2DIAGNOSTIC,     2, -5.523440423140e-01, 1.797693134862e+308, 3.7126e-01, 3.6771e-03, 
 2DIAGNOSTIC,     3, -5.542741389230e-01, 1.797693134862e+308, 3.7425e-01, 2.9879e-03, 
 2DIAGNOSTIC,     4, -5.571981122161e-01, 1.797693134862e+308, 3.7721e-01, 2.9628e-03, 
 2DIAGNOSTIC,     5, -5.614604117686e-01, 1.797693134862e+308, 3.8028e-01, 3.0689e-03, 
 2DIAGNOSTIC,     6, -5.703499852843e-01, 1.797693134862e+308, 3.8346e-01, 3.1779e-03, 
 2DIAGNOSTIC,     7, -5.712144614336e-01, 1.797693134862e+308, 3.8689e-01, 3.4308e-03, 
 2DIAGNOSTIC,     8, -5.713950868527e-01, 1.797693134862e+308, 3.8975e-01, 2.8648e-03, 
 2DIAGNOSTIC,     9, -5.714284699398e-01, 1.797693134862e+308, 3.9250e-01, 2.7511e-03, 
 2DIAGNOSTIC,    10, -5.714345164433e-01, 2.886896518117e-03, 3.9650e-01, 3.9978e-03, 
 2DIAGNOSTIC,    11, -5.714118928043e-01, 2.240079879207e-03, 3.9951e-01, 3.0072e-03, 
 2DIAGNOSTIC,    12, -5.714092330468e-01, 1.558578023240e-03, 4.0209e-01, 2.5790e-03, 
 2DIAGNOSTIC,    13, -5.714286582772e-01, 9.222610732170e-04, 4.0464e-01, 2.5551e-03, 
 2DIAGNOSTIC,    14, -5.715500704279e-01, 4.035091827894e-04, 4.0756e-01, 2.9209e-03, 
 2DIAGNOSTIC,    15, -5.716935917701e-01, 5.729925280212e-05, 4.1140e-01, 3.8409e-03, 
 2DIAGNOSTIC,    16, -5.714896908193e-01, 2.139711149980e-05, 4.1500e-01, 3.5930e-03, 
 2DIAGNOSTIC,    17, -5.714729870292e-01, 1.312961867975e-05, 4.1839e-01, 3.3898e-03, 
 2DIAGNOSTIC,    18, -5.713837817817e-01, 7.250119429009e-06, 4.2146e-01, 3.0730e-03, 
DIAGNOSTIC,Iteration,metricValue,convergenceValue,ITERATION_TIME_INDEX,SINCE_LAST
 2DIAGNOSTIC,     1, -4.545695466415e-01, 1.797693134862e+308, 7.9817e-01, 3.7671e-01, 
 2DIAGNOSTIC,     2, -4.548208730069e-01, 1.797693134862e+308, 8.1561e-01, 1.7435e-02, 
 2DIAGNOSTIC,     3, -4.549393606985e-01, 1.797693134862e+308, 8.3277e-01, 1.7165e-02, 
 2DIAGNOSTIC,     4, -4.550753054434e-01, 1.797693134862e+308, 8.5165e-01, 1.8874e-02, 
 2DIAGNOSTIC,     5, -4.554489392371e-01, 1.797693134862e+308, 8.7039e-01, 1.8749e-02, 
 2DIAGNOSTIC,     6, -4.564842567370e-01, 1.797693134862e+308, 8.9201e-01, 2.1613e-02, 
 2DIAGNOSTIC,     7, -4.574336893874e-01, 1.797693134862e+308, 9.2999e-01, 3.7980e-02, 
 2DIAGNOSTIC,     8, -4.574902172358e-01, 1.797693134862e+308, 9.5432e-01, 2.4329e-02, 
 2DIAGNOSTIC,     9, -4.574972046919e-01, 1.797693134862e+308, 9.7592e-01, 2.1603e-02, 
 2DIAGNOSTIC,    10, -4.574951481495e-01, 5.220153950648e-04, 9.9779e-01, 2.1867e-02, 
 2DIAGNOSTIC,    11, -4.575123254440e-01, 4.408944546594e-04, 1.0198e+00, 2.1975e-02, 
 2DIAGNOSTIC,    12, -4.575121530140e-01, 3.462591829678e-04, 1.0413e+00, 2.1545e-02, 
 2DIAGNOSTIC,    13, -4.575215891881e-01, 2.419543553098e-04, 1.0656e+00, 2.4314e-02, 
 2DIAGNOSTIC,    14, -4.575221278199e-01, 1.376553364062e-04, 1.0871e+00, 2.1471e-02, 
 2DIAGNOSTIC,    15, -4.575199112092e-01, 4.962950376559e-05, 1.1085e+00, 2.1447e-02, 
 2DIAGNOSTIC,    16, -4.575173087361e-01, 7.413334182430e-06, 1.1276e+00, 1.9045e-02, 
 2DIAGNOSTIC,    17, -4.575179255495e-01, 4.392892649183e-06, 1.1519e+00, 2.4325e-02, 
 2DIAGNOSTIC,    18, -4.575215829139e-01, 3.549981002868e-06, 1.1709e+00, 1.9040e-02, 
 2DIAGNOSTIC,    19, -4.575119932948e-01, 2.548697570402e-06, 1.1897e+00, 1.8769e-02, 
 2DIAGNOSTIC,    20, -4.575216336894e-01, 1.803603358337e-06, 1.2113e+00, 2.1550e-02, 
 2DIAGNOSTIC,    21, -4.575172368630e-01, 1.483996384152e-06, 1.2328e+00, 2.1485e-02, 
 2DIAGNOSTIC,    22, -4.575198241338e-01, 1.258360080900e-06, 1.2542e+00, 2.1480e-02, 
 2DIAGNOSTIC,    23, -4.575127586354e-01, 1.132001252784e-06, 1.2793e+00, 2.5048e-02, 
DIAGNOSTIC,Iteration,metricValue,convergenceValue,ITERATION_TIME_INDEX,SINCE_LAST
 2DIAGNOSTIC,     1, -3.957800732160e-01, 1.797693134862e+308, 1.8564e+00, 5.7708e-01, 
 2DIAGNOSTIC,     2, -3.960690180829e-01, 1.797693134862e+308, 1.9898e+00, 1.3344e-01, 
 2DIAGNOSTIC,     3, -3.964115276100e-01, 1.797693134862e+308, 2.1240e+00, 1.3419e-01, 
 2DIAGNOSTIC,     4, -3.967917879405e-01, 1.797693134862e+308, 2.2578e+00, 1.3385e-01, 
 2DIAGNOSTIC,     5, -3.971792252580e-01, 1.797693134862e+308, 2.4101e+00, 1.5224e-01, 
 2DIAGNOSTIC,     6, -3.973632034608e-01, 1.797693134862e+308, 2.5438e+00, 1.3370e-01, 
 2DIAGNOSTIC,     7, -3.974286074156e-01, 1.797693134862e+308, 2.7145e+00, 1.7073e-01, 
 2DIAGNOSTIC,     8, -3.974315549329e-01, 1.797693134862e+308, 2.9212e+00, 2.0669e-01, 
 2DIAGNOSTIC,     9, -3.974270100054e-01, 1.797693134862e+308, 3.1865e+00, 2.6528e-01, 
 2DIAGNOSTIC,    10, -3.974263683816e-01, 2.807479112471e-04, 3.3412e+00, 1.5468e-01, 
 2DIAGNOSTIC,    11, -3.974256919499e-01, 1.862943501517e-04, 3.4974e+00, 1.5628e-01, 
 2DIAGNOSTIC,    12, -3.974249837144e-01, 1.083047492481e-04, 3.6347e+00, 1.3728e-01, 
 2DIAGNOSTIC,    13, -3.974243152041e-01, 5.141584284828e-05, 3.7711e+00, 1.3643e-01, 
 2DIAGNOSTIC,    14, -3.974237123806e-01, 1.722760704337e-05, 3.9072e+00, 1.3601e-01, 
 2DIAGNOSTIC,    15, -3.974239892966e-01, 4.525728982768e-06, 4.0626e+00, 1.5546e-01, 
 2DIAGNOSTIC,    16, -3.974234738586e-01, 1.312744960458e-06, 4.2175e+00, 1.5488e-01, 
 2DIAGNOSTIC,    17, -3.974236522256e-01, 1.295944300914e-06, 4.3731e+00, 1.5562e-01, 
 2DIAGNOSTIC,    18, -3.974231351055e-01, 1.435712277766e-06, 4.5095e+00, 1.3641e-01, 
 2DIAGNOSTIC,    19, -3.974227766540e-01, 1.407624158879e-06, 4.6647e+00, 1.5516e-01, 
 2DIAGNOSTIC,    20, -3.974232228714e-01, 1.400456872004e-06, 4.8200e+00, 1.5534e-01, 
 2DIAGNOSTIC,    21, -3.974221086023e-01, 1.350203852377e-06, 4.9753e+00, 1.5526e-01, 
 2DIAGNOSTIC,    22, -3.974194061907e-01, 1.210627815995e-06, 5.1320e+00, 1.5669e-01, 
DIAGNOSTIC,Iteration,metricValue,convergenceValue,ITERATION_TIME_INDEX,SINCE_LAST
 2DIAGNOSTIC,     1, -3.658828273193e-01, 1.797693134862e+308, 6.6775e+00, 1.5455e+00, 
 2DIAGNOSTIC,     2, -3.660298613982e-01, 1.797693134862e+308, 7.5208e+00, 8.4333e-01, 
 2DIAGNOSTIC,     3, -3.661519363685e-01, 1.797693134862e+308, 8.4158e+00, 8.9499e-01, 
 2DIAGNOSTIC,     4, -3.663530207062e-01, 1.797693134862e+308, 9.2949e+00, 8.7914e-01, 
 2DIAGNOSTIC,     5, -3.664868670473e-01, 1.797693134862e+308, 1.0410e+01, 1.1155e+00, 
 2DIAGNOSTIC,     6, -3.665393398696e-01, 1.797693134862e+308, 1.1313e+01, 9.0253e-01, 
 2DIAGNOSTIC,     7, -3.665522806362e-01, 1.797693134862e+308, 1.2434e+01, 1.1209e+00, 
 2DIAGNOSTIC,     8, -3.666121492627e-01, 1.797693134862e+308, 1.4427e+01, 1.9933e+00, 
 2DIAGNOSTIC,     9, -3.666125408770e-01, 1.797693134862e+308, 1.5416e+01, 9.8852e-01, 
 2DIAGNOSTIC,    10, -3.666127256385e-01, 1.322423022089e-04, 1.6423e+01, 1.0072e+00, 
 2DIAGNOSTIC,    11, -3.666125834377e-01, 8.949316211083e-05, 1.7653e+01, 1.2304e+00, 
 2DIAGNOSTIC,    12, -3.666125637526e-01, 5.564149399279e-05, 1.8779e+01, 1.1263e+00, 
 2DIAGNOSTIC,    13, -3.666125088845e-01, 2.923614703146e-05, 1.9881e+01, 1.1013e+00, 
 2DIAGNOSTIC,    14, -3.666124407448e-01, 1.512881028069e-05, 2.0777e+01, 8.9571e-01, 
 2DIAGNOSTIC,    15, -3.666122155945e-01, 8.618936517116e-06, 2.1769e+01, 9.9232e-01, 
 2DIAGNOSTIC,    16, -3.666122389909e-01, 4.889482144915e-06, 2.2778e+01, 1.0090e+00, 
 2DIAGNOSTIC,    17, -3.666122668679e-01, 1.845402561165e-06, 2.3796e+01, 1.0181e+00, 
 2DIAGNOSTIC,    18, -3.666122008827e-01, 1.718010436448e-06, 2.4701e+01, 9.0551e-01, 
 2DIAGNOSTIC,    19, -3.666121471575e-01, 1.622337024491e-06, 2.5689e+01, 9.8758e-01, 
 2DIAGNOSTIC,    20, -3.666120991189e-01, 1.546720596726e-06, 2.6699e+01, 1.0104e+00, 
 2DIAGNOSTIC,    21, -3.666119670574e-01, 1.472259927193e-06, 2.7713e+01, 1.0138e+00, 
 2DIAGNOSTIC,    22, -3.666119145380e-01, 1.406003320520e-06, 2.8620e+01, 9.0648e-01, 
 2DIAGNOSTIC,    23, -3.666118838632e-01, 1.346395945769e-06, 2.9633e+01, 1.0130e+00, 
 2DIAGNOSTIC,    24, -3.666117790100e-01, 1.289851939076e-06, 3.0642e+01, 1.0093e+00, 
 2DIAGNOSTIC,    25, -3.666116015121e-01, 1.228773449144e-06, 3.1637e+01, 9.9524e-01, 
 2DIAGNOSTIC,    26, -3.666116494635e-01, 1.178757664623e-06, 3.2655e+01, 1.0176e+00, 
 2DIAGNOSTIC,    27, -3.666115302683e-01, 1.133969581311e-06, 3.3862e+01, 1.2068e+00, 
 2DIAGNOSTIC,    28, -3.666114627634e-01, 1.092904909544e-06, 3.4960e+01, 1.0984e+00, 
 2DIAGNOSTIC,    29, -3.666113877766e-01, 1.055405424444e-06, 3.5860e+01, 9.0045e-01, 
 2DIAGNOSTIC,    30, -3.666112305704e-01, 1.019182481285e-06, 3.6770e+01, 9.0997e-01, 
  Elapsed time (stage 0): 3.7428e+01


Stage 1
  iterations = 1000x500x250x100
  convergence threshold = 1.0000e-06
  convergence window size = 10
  number of levels = 4
  using the Mattes MI metric (number of bins = 32, weight = 1.0000e+00, use gradient filter = 0)
  preprocessing:  winsorizing the image intensities
  Shrink factors (level 1 out of 4): [8, 8, 8]
  Shrink factors (level 2 out of 4): [4, 4, 4]
  Shrink factors (level 3 out of 4): [2, 2, 2]
  Shrink factors (level 4 out of 4): [1, 1, 1]
  smoothing sigmas per level: [3, 2, 1, 0]
  regular sampling (percentage = 2.5000e-01)

*** Running AffineTransform registration ***

DIAGNOSTIC,Iteration,metricValue,convergenceValue,ITERATION_TIME_INDEX,SINCE_LAST
 2DIAGNOSTIC,     1, -5.633527462845e-01, 1.797693134862e+308, 3.5866e-01, 3.5866e-01, 
 2DIAGNOSTIC,     2, -5.651645957651e-01, 1.797693134862e+308, 3.6314e-01, 4.4780e-03, 
 2DIAGNOSTIC,     3, -5.675492408542e-01, 1.797693134862e+308, 3.6694e-01, 3.7990e-03, 
 2DIAGNOSTIC,     4, -5.706117367395e-01, 1.797693134862e+308, 3.7069e-01, 3.7560e-03, 
 2DIAGNOSTIC,     5, -5.763697399850e-01, 1.797693134862e+308, 3.7409e-01, 3.4020e-03, 
 2DIAGNOSTIC,     6, -5.838641343770e-01, 1.797693134862e+308, 3.7721e-01, 3.1109e-03, 
 2DIAGNOSTIC,     7, -6.023017792964e-01, 1.797693134862e+308, 3.8027e-01, 3.0649e-03, 
 2DIAGNOSTIC,     8, -6.300130830649e-01, 1.797693134862e+308, 3.8349e-01, 3.2151e-03, 
 2DIAGNOSTIC,     9, -6.635536166041e-01, 1.797693134862e+308, 3.8767e-01, 4.1840e-03, 
 2DIAGNOSTIC,    10, -7.245254986456e-01, 1.443200685092e-02, 3.9204e-01, 4.3740e-03, 
 2DIAGNOSTIC,    11, -7.541878276847e-01, 1.753226410787e-02, 3.9772e-01, 5.6720e-03, 
 2DIAGNOSTIC,    12, -7.665497753954e-01, 1.897418557955e-02, 4.0135e-01, 3.6299e-03, 
 2DIAGNOSTIC,    13, -7.969610070649e-01, 1.952787330437e-02, 4.0534e-01, 3.9978e-03, 
 2DIAGNOSTIC,    14, -8.027535770066e-01, 1.847626921128e-02, 4.1009e-01, 4.7488e-03, 
 2DIAGNOSTIC,    15, -8.033610943242e-01, 1.610142610925e-02, 4.1399e-01, 3.8970e-03, 
 2DIAGNOSTIC,    16, -8.080110838628e-01, 1.294145988547e-02, 4.1757e-01, 3.5789e-03, 
 2DIAGNOSTIC,    17, -8.089601664725e-01, 9.522952472835e-03, 4.2111e-01, 3.5410e-03, 
 2DIAGNOSTIC,    18, -8.109447173387e-01, 6.353322225342e-03, 4.2540e-01, 4.2880e-03, 
 2DIAGNOSTIC,    19, -8.119596190269e-01, 3.703363762169e-03, 4.2960e-01, 4.1990e-03, 
 2DIAGNOSTIC,    20, -8.132633729088e-01, 2.276189008746e-03, 4.3353e-01, 3.9380e-03, 
 2DIAGNOSTIC,    21, -8.142158965175e-01, 1.382093967152e-03, 4.3747e-01, 3.9399e-03, 
 2DIAGNOSTIC,    22, -8.146744340829e-01, 6.707438280356e-04, 4.4138e-01, 3.9079e-03, 
 2DIAGNOSTIC,    23, -8.148471055440e-01, 4.935956919799e-04, 4.4564e-01, 4.2610e-03, 
 2DIAGNOSTIC,    24, -8.151150322839e-01, 3.876202925321e-04, 4.4934e-01, 3.6969e-03, 
 2DIAGNOSTIC,    25, -8.154482102322e-01, 2.680525330110e-04, 4.5307e-01, 3.7270e-03, 
 2DIAGNOSTIC,    26, -8.158479949709e-01, 2.095210639289e-04, 4.5683e-01, 3.7680e-03, 
 2DIAGNOSTIC,    27, -8.160225940793e-01, 1.519431952762e-04, 4.6067e-01, 3.8321e-03, 
 2DIAGNOSTIC,    28, -8.161407565575e-01, 1.138998195787e-04, 4.6399e-01, 3.3190e-03, 
 2DIAGNOSTIC,    29, -8.166091441093e-01, 8.763725983135e-05, 4.6788e-01, 3.8960e-03, 
 2DIAGNOSTIC,    30, -8.171370498620e-01, 7.817077677080e-05, 4.7263e-01, 4.7460e-03, 
 2DIAGNOSTIC,    31, -8.174581175439e-01, 7.756835617122e-05, 4.7724e-01, 4.6098e-03, 
 2DIAGNOSTIC,    32, -8.177030210805e-01, 7.822435335524e-05, 4.8082e-01, 3.5789e-03, 
 2DIAGNOSTIC,    33, -8.179833699225e-01, 7.681338951007e-05, 4.8425e-01, 3.4330e-03, 
 2DIAGNOSTIC,    34, -8.180836140547e-01, 7.229738217596e-05, 4.8856e-01, 4.3092e-03, 
 2DIAGNOSTIC,    35, -8.180970310185e-01, 6.489754493040e-05, 4.9266e-01, 4.1020e-03, 
 2DIAGNOSTIC,    36, -8.180379764155e-01, 5.546938985962e-05, 4.9604e-01, 3.3801e-03, 
 2DIAGNOSTIC,    37, -8.180939003506e-01, 4.384726614858e-05, 4.9991e-01, 3.8691e-03, 
 2DIAGNOSTIC,    38, -8.181085676150e-01, 3.002483884603e-05, 5.0332e-01, 3.4089e-03, 
 2DIAGNOSTIC,    39, -8.179959213501e-01, 1.751744326013e-05, 5.0675e-01, 3.4361e-03, 
 2DIAGNOSTIC,    40, -8.180098849252e-01, 9.194228559301e-06, 5.1184e-01, 5.0859e-03, 
 2DIAGNOSTIC,    41, -8.178925725864e-01, 2.345665366547e-06, 5.1580e-01, 3.9608e-03, 
DIAGNOSTIC,Iteration,metricValue,convergenceValue,ITERATION_TIME_INDEX,SINCE_LAST
 2DIAGNOSTIC,     1, -6.947065323564e-01, 1.797693134862e+308, 9.0291e-01, 3.8710e-01, 
 2DIAGNOSTIC,     2, -6.953254441553e-01, 1.797693134862e+308, 9.2959e-01, 2.6685e-02, 
 2DIAGNOSTIC,     3, -6.960234698817e-01, 1.797693134862e+308, 9.5418e-01, 2.4588e-02, 
 2DIAGNOSTIC,     4, -6.966407327454e-01, 1.797693134862e+308, 9.7836e-01, 2.4185e-02, 
 2DIAGNOSTIC,     5, -6.975561146139e-01, 1.797693134862e+308, 1.0026e+00, 2.4197e-02, 
 2DIAGNOSTIC,     6, -6.983363129486e-01, 1.797693134862e+308, 1.0319e+00, 2.9301e-02, 
 2DIAGNOSTIC,     7, -6.992554128078e-01, 1.797693134862e+308, 1.0601e+00, 2.8196e-02, 
 2DIAGNOSTIC,     8, -6.993867414197e-01, 1.797693134862e+308, 1.0886e+00, 2.8521e-02, 
 2DIAGNOSTIC,     9, -6.994217882930e-01, 1.797693134862e+308, 1.1166e+00, 2.8024e-02, 
 2DIAGNOSTIC,    10, -6.994402168266e-01, 4.930142095618e-04, 1.1403e+00, 2.3658e-02, 
 2DIAGNOSTIC,    11, -6.994165601604e-01, 3.744776032272e-04, 1.1686e+00, 2.8388e-02, 
 2DIAGNOSTIC,    12, -6.994052565840e-01, 2.625365246330e-04, 1.1955e+00, 2.6880e-02, 
 2DIAGNOSTIC,    13, -6.994037844106e-01, 1.662252225422e-04, 1.2233e+00, 2.7743e-02, 
 2DIAGNOSTIC,    14, -6.994053974996e-01, 8.671960080704e-05, 1.2489e+00, 2.5634e-02, 
 2DIAGNOSTIC,    15, -6.993893399141e-01, 3.426512510699e-05, 1.2758e+00, 2.6881e-02, 
 2DIAGNOSTIC,    16, -6.993777054099e-01, 4.387144537918e-06, 1.3096e+00, 3.3802e-02, 
DIAGNOSTIC,Iteration,metricValue,convergenceValue,ITERATION_TIME_INDEX,SINCE_LAST
 2DIAGNOSTIC,     1, -5.977684638522e-01, 1.797693134862e+308, 1.9326e+00, 6.2303e-01, 
 2DIAGNOSTIC,     2, -5.983492336060e-01, 1.797693134862e+308, 2.0990e+00, 1.6635e-01, 
 2DIAGNOSTIC,     3, -5.987402567304e-01, 1.797693134862e+308, 2.2682e+00, 1.6926e-01, 
 2DIAGNOSTIC,     4, -5.990005706677e-01, 1.797693134862e+308, 2.4357e+00, 1.6750e-01, 
 2DIAGNOSTIC,     5, -5.992126719501e-01, 1.797693134862e+308, 2.6081e+00, 1.7233e-01, 
 2DIAGNOSTIC,     6, -5.995564886639e-01, 1.797693134862e+308, 2.8048e+00, 1.9672e-01, 
 2DIAGNOSTIC,     7, -5.996126913085e-01, 1.797693134862e+308, 3.1332e+00, 3.2843e-01, 
 2DIAGNOSTIC,     8, -5.996155772914e-01, 1.797693134862e+308, 3.3242e+00, 1.9099e-01, 
 2DIAGNOSTIC,     9, -5.996140432444e-01, 1.797693134862e+308, 3.5189e+00, 1.9466e-01, 
 2DIAGNOSTIC,    10, -5.996127068788e-01, 1.884937668806e-04, 3.7553e+00, 2.3645e-01, 
 2DIAGNOSTIC,    11, -5.996130430883e-01, 1.173448123230e-04, 3.9666e+00, 2.1125e-01, 
 2DIAGNOSTIC,    12, -5.996111507111e-01, 7.040865586358e-05, 4.1631e+00, 1.9658e-01, 
 2DIAGNOSTIC,    13, -5.996117766095e-01, 3.888733534058e-05, 4.3601e+00, 1.9699e-01, 
 2DIAGNOSTIC,    14, -5.996086166628e-01, 1.723871206731e-05, 4.5335e+00, 1.7342e-01, 
 2DIAGNOSTIC,    15, -5.996083965885e-01, 3.525182967909e-06, 4.7079e+00, 1.7438e-01, 
 2DIAGNOSTIC,    16, -5.996088787965e-01, 1.555143323825e-06, 4.8809e+00, 1.7298e-01, 
 2DIAGNOSTIC,    17, -5.996109054546e-01, 1.476742544353e-06, 5.0753e+00, 1.9435e-01, 
 2DIAGNOSTIC,    18, -5.996084111163e-01, 1.453533789157e-06, 5.2497e+00, 1.7444e-01, 
 2DIAGNOSTIC,    19, -5.996067632621e-01, 1.386665622861e-06, 5.4626e+00, 2.1288e-01, 
 2DIAGNOSTIC,    20, -5.996077154765e-01, 1.345152269135e-06, 5.6771e+00, 2.1453e-01, 
 2DIAGNOSTIC,    21, -5.996068312522e-01, 1.316051366294e-06, 5.8931e+00, 2.1598e-01, 
 2DIAGNOSTIC,    22, -5.996057203156e-01, 1.241829965686e-06, 6.0856e+00, 1.9248e-01, 
 2DIAGNOSTIC,    23, -5.996046089142e-01, 1.186770501045e-06, 6.2572e+00, 1.7159e-01, 
 2DIAGNOSTIC,    24, -5.996035997836e-01, 1.074014379092e-06, 6.4307e+00, 1.7350e-01, 
DIAGNOSTIC,Iteration,metricValue,convergenceValue,ITERATION_TIME_INDEX,SINCE_LAST
 2DIAGNOSTIC,     1, -5.360588733240e-01, 1.797693134862e+308, 8.3461e+00, 1.9155e+00, 
 2DIAGNOSTIC,     2, -5.364172893178e-01, 1.797693134862e+308, 9.5323e+00, 1.1862e+00, 
 2DIAGNOSTIC,     3, -5.366430580254e-01, 1.797693134862e+308, 1.0770e+01, 1.2376e+00, 
 2DIAGNOSTIC,     4, -5.368846977457e-01, 1.797693134862e+308, 1.2121e+01, 1.3509e+00, 
 2DIAGNOSTIC,     5, -5.372088647620e-01, 1.797693134862e+308, 1.3595e+01, 1.4743e+00, 
 2DIAGNOSTIC,     6, -5.372764520571e-01, 1.797693134862e+308, 1.5072e+01, 1.4766e+00, 
 2DIAGNOSTIC,     7, -5.372802409727e-01, 1.797693134862e+308, 1.6779e+01, 1.7074e+00, 
 2DIAGNOSTIC,     8, -5.372798526578e-01, 1.797693134862e+308, 1.8114e+01, 1.3344e+00, 
 2DIAGNOSTIC,     9, -5.372794617966e-01, 1.797693134862e+308, 1.9957e+01, 1.8432e+00, 
 2DIAGNOSTIC,    10, -5.372792153229e-01, 1.416694116168e-04, 2.1308e+01, 1.3512e+00, 
 2DIAGNOSTIC,    11, -5.372791335777e-01, 8.606173319015e-05, 2.2657e+01, 1.3495e+00, 
 2DIAGNOSTIC,    12, -5.372789849832e-01, 4.813242293894e-05, 2.4001e+01, 1.3439e+00, 
 2DIAGNOSTIC,    13, -5.372788220468e-01, 2.104061791391e-05, 2.5342e+01, 1.3404e+00, 
 2DIAGNOSTIC,    14, -5.372786213242e-01, 4.940609838799e-06, 2.6562e+01, 1.2208e+00, 
 2DIAGNOSTIC,    15, -5.372787372186e-01, 2.118343703783e-06, 2.8176e+01, 1.6131e+00, 
 2DIAGNOSTIC,    16, -5.372787764114e-01, 1.881787934796e-06, 2.9537e+01, 1.3610e+00, 
 2DIAGNOSTIC,    17, -5.372786670154e-01, 1.797550794394e-06, 3.0872e+01, 1.3356e+00, 
 2DIAGNOSTIC,    18, -5.372785624255e-01, 1.715531410970e-06, 3.2091e+01, 1.2186e+00, 
 2DIAGNOSTIC,    19, -5.372784786444e-01, 1.634038612648e-06, 3.3316e+01, 1.2248e+00, 
 2DIAGNOSTIC,    20, -5.372785648220e-01, 1.560128944506e-06, 3.4782e+01, 1.4660e+00, 
 2DIAGNOSTIC,    21, -5.372785991992e-01, 1.494767073736e-06, 3.6124e+01, 1.3427e+00, 
 2DIAGNOSTIC,    22, -5.372783707656e-01, 1.428305897520e-06, 3.7346e+01, 1.2221e+00, 
 2DIAGNOSTIC,    23, -5.372784399896e-01, 1.367581195622e-06, 3.8691e+01, 1.3442e+00, 
 2DIAGNOSTIC,    24, -5.372784846421e-01, 1.309798235045e-06, 3.9901e+01, 1.2109e+00, 
 2DIAGNOSTIC,    25, -5.372782909688e-01, 1.256287183275e-06, 4.1110e+01, 1.2082e+00, 
 2DIAGNOSTIC,    26, -5.372783810175e-01, 1.211222822019e-06, 4.2453e+01, 1.3436e+00, 
 2DIAGNOSTIC,    27, -5.372782185312e-01, 1.165400726422e-06, 4.3792e+01, 1.3390e+00, 
 2DIAGNOSTIC,    28, -5.372783454229e-01, 1.124615282191e-06, 4.5018e+01, 1.2252e+00, 
 2DIAGNOSTIC,    29, -5.372783613540e-01, 1.086323782977e-06, 4.6239e+01, 1.2219e+00, 
 2DIAGNOSTIC,    30, -5.372780015042e-01, 1.046754681627e-06, 4.7593e+01, 1.3541e+00, 
 2DIAGNOSTIC,    31, -5.372781166341e-01, 1.013944969867e-06, 4.8919e+01, 1.3257e+00, 
  Elapsed time (stage 1): 4.9810e+01


Stage 2
  iterations = 100x70x50x20
  convergence threshold = 1.0000e-06
  convergence window size = 10
  number of levels = 4
  using the CC metric (radius = 4, weight = 1.0000e+00, use gradient filter = 0)
  preprocessing:  winsorizing the image intensities
  Shrink factors (level 1 out of 4): [8, 8, 8]
  Shrink factors (level 2 out of 4): [4, 4, 4]
  Shrink factors (level 3 out of 4): [2, 2, 2]
  Shrink factors (level 4 out of 4): [1, 1, 1]
  smoothing sigmas per level: [3, 2, 1, 0]
  Using default NONE metricSamplingStrategy 

*** Running SyN registration (varianceForUpdateField = 3.0000e+00, varianceForTotalField = 0.0000e+00) ***

XXDIAGNOSTIC,Iteration,metricValue,convergenceValue,ITERATION_TIME_INDEX,SINCE_LAST
 1DIAGNOSTIC,     1, -9.221918150350e-01, 1.797693134862e+308, 4.7243e-01, 4.7243e-01, 
 1DIAGNOSTIC,     2, -9.301435359988e-01, 1.797693134862e+308, 6.2809e-01, 1.5566e-01, 
 1DIAGNOSTIC,     3, -9.356180163064e-01, 1.797693134862e+308, 7.8154e-01, 1.5345e-01, 
 1DIAGNOSTIC,     4, -9.393318683696e-01, 1.797693134862e+308, 9.4846e-01, 1.6692e-01, 
 1DIAGNOSTIC,     5, -9.422085785939e-01, 1.797693134862e+308, 1.1015e+00, 1.5299e-01, 
 1DIAGNOSTIC,     6, -9.447020166081e-01, 1.797693134862e+308, 1.2557e+00, 1.5425e-01, 
 1DIAGNOSTIC,     7, -9.474332390014e-01, 1.797693134862e+308, 1.4060e+00, 1.5026e-01, 
 1DIAGNOSTIC,     8, -9.501657644619e-01, 1.797693134862e+308, 1.5619e+00, 1.5593e-01, 
 1DIAGNOSTIC,     9, -9.527195397886e-01, 1.797693134862e+308, 1.7106e+00, 1.4869e-01, 
 1DIAGNOSTIC,    10, -9.549796876736e-01, 2.022283340888e-03, 1.8672e+00, 1.5663e-01, 
 1DIAGNOSTIC,    11, -9.569973494303e-01, 1.573263683927e-03, 2.0262e+00, 1.5901e-01, 
 1DIAGNOSTIC,    12, -9.588386162607e-01, 1.301800796193e-03, 2.1823e+00, 1.5607e-01, 
 1DIAGNOSTIC,    13, -9.603587093802e-01, 1.115027075455e-03, 2.3461e+00, 1.6383e-01, 
 1DIAGNOSTIC,    14, -9.616903661325e-01, 9.612068987740e-04, 2.4972e+00, 1.5106e-01, 
 1DIAGNOSTIC,    15, -9.629132160199e-01, 8.218308115907e-04, 2.6481e+00, 1.5089e-01, 
 1DIAGNOSTIC,    16, -9.640197430956e-01, 6.914899310946e-04, 2.8012e+00, 1.5313e-01, 
 1DIAGNOSTIC,    17, -9.649095679798e-01, 5.761091858167e-04, 2.9578e+00, 1.5654e-01, 
 1DIAGNOSTIC,    18, -9.657428619003e-01, 4.792204369110e-04, 3.1114e+00, 1.5364e-01, 
 1DIAGNOSTIC,    19, -9.663406684366e-01, 3.974004179292e-04, 3.2687e+00, 1.5729e-01, 
 1DIAGNOSTIC,    20, -9.667818424461e-01, 3.269431801793e-04, 3.4302e+00, 1.6154e-01, 
 1DIAGNOSTIC,    21, -9.670990377911e-01, 2.657148575996e-04, 3.5884e+00, 1.5820e-01, 
 1DIAGNOSTIC,    22, -9.673006702937e-01, 2.128265591999e-04, 3.7494e+00, 1.6100e-01, 
 1DIAGNOSTIC,    23, -9.674551408602e-01, 1.662614201680e-04, 3.9052e+00, 1.5575e-01, 
 1DIAGNOSTIC,    24, -9.675699721133e-01, 1.258861423310e-04, 4.0657e+00, 1.6057e-01, 
 1DIAGNOSTIC,    25, -9.676458193931e-01, 9.235069115972e-05, 4.2229e+00, 1.5715e-01, 
 1DIAGNOSTIC,    26, -9.677285964788e-01, 6.633205471935e-05, 4.3807e+00, 1.5776e-01, 
 1DIAGNOSTIC,    27, -9.678368044661e-01, 4.696355217361e-05, 4.5381e+00, 1.5749e-01, 
 1DIAGNOSTIC,    28, -9.679500824128e-01, 3.460156494156e-05, 4.6957e+00, 1.5757e-01, 
 1DIAGNOSTIC,    29, -9.680449531650e-01, 2.694474880342e-05, 4.8543e+00, 1.5854e-01, 
 1DIAGNOSTIC,    30, -9.681193754884e-01, 2.240649952684e-05, 5.0059e+00, 1.5168e-01, 
 1DIAGNOSTIC,    31, -9.681978414600e-01, 1.990107708505e-05, 5.1721e+00, 1.6619e-01, 
 1DIAGNOSTIC,    32, -9.682605725558e-01, 1.817871277643e-05, 5.3290e+00, 1.5692e-01, 
 1DIAGNOSTIC,    33, -9.683221251700e-01, 1.684435797440e-05, 5.4828e+00, 1.5380e-01, 
 1DIAGNOSTIC,    34, -9.684293981214e-01, 1.600677222981e-05, 5.6376e+00, 1.5477e-01, 
 1DIAGNOSTIC,    35, -9.684685291636e-01, 1.473964483752e-05, 5.7896e+00, 1.5200e-01, 
 1DIAGNOSTIC,    36, -9.685380494917e-01, 1.347578313486e-05, 5.9455e+00, 1.5590e-01, 
 1DIAGNOSTIC,    37, -9.685604383564e-01, 1.211103759501e-05, 6.1034e+00, 1.5786e-01, 
 1DIAGNOSTIC,    38, -9.686080569211e-01, 1.099116994752e-05, 6.2610e+00, 1.5764e-01, 
 1DIAGNOSTIC,    39, -9.686266648316e-01, 9.806292636444e-06, 6.4185e+00, 1.5750e-01, 
 1DIAGNOSTIC,    40, -9.686680494862e-01, 8.671089806355e-06, 6.5818e+00, 1.6329e-01, 
 1DIAGNOSTIC,    41, -9.686810845016e-01, 7.494916730820e-06, 6.7340e+00, 1.5222e-01, 
 1DIAGNOSTIC,    42, -9.687056869108e-01, 6.348016185303e-06, 6.8866e+00, 1.5254e-01, 
 1DIAGNOSTIC,    43, -9.687194681992e-01, 5.223868493585e-06, 7.0414e+00, 1.5482e-01, 
 1DIAGNOSTIC,    44, -9.687534698358e-01, 4.669749065957e-06, 7.2004e+00, 1.5899e-01, 
 1DIAGNOSTIC,    45, -9.687661638366e-01, 4.089870836090e-06, 7.3548e+00, 1.5440e-01, 
 1DIAGNOSTIC,    46, -9.687969000828e-01, 3.856850431961e-06, 7.5103e+00, 1.5552e-01, 
 1DIAGNOSTIC,    47, -9.688084754525e-01, 3.537695679828e-06, 7.6666e+00, 1.5629e-01, 
 1DIAGNOSTIC,    48, -9.688352510652e-01, 3.416330596910e-06, 7.8199e+00, 1.5331e-01, 
 1DIAGNOSTIC,    49, -9.688441014229e-01, 3.193599411994e-06, 7.9732e+00, 1.5334e-01, 
 1DIAGNOSTIC,    50, -9.688661620449e-01, 3.111014316534e-06, 8.1265e+00, 1.5331e-01, 
 1DIAGNOSTIC,    51, -9.688710831650e-01, 2.894888521541e-06, 8.2881e+00, 1.6154e-01, 
 1DIAGNOSTIC,    52, -9.688881598144e-01, 2.706893559273e-06, 8.4504e+00, 1.6230e-01, 
 1DIAGNOSTIC,    53, -9.688961627556e-01, 2.441668652396e-06, 8.6063e+00, 1.5596e-01, 
 1DIAGNOSTIC,    54, -9.689110034303e-01, 2.276603386080e-06, 8.7570e+00, 1.5073e-01, 
 1DIAGNOSTIC,    55, -9.689185615855e-01, 2.060451257547e-06, 8.9080e+00, 1.5101e-01, 
 1DIAGNOSTIC,    56, -9.689315148682e-01, 1.940380413970e-06, 9.0605e+00, 1.5245e-01, 
 1DIAGNOSTIC,    57, -9.689388534679e-01, 1.787487440438e-06, 9.2136e+00, 1.5313e-01, 
 1DIAGNOSTIC,    58, -9.689495109349e-01, 1.712088956211e-06, 9.3680e+00, 1.5435e-01, 
 1DIAGNOSTIC,    59, -9.689575974788e-01, 1.609384721931e-06, 9.5217e+00, 1.5374e-01, 
 1DIAGNOSTIC,    60, -9.689671304311e-01, 1.562799990865e-06, 9.6798e+00, 1.5812e-01, 
 1DIAGNOSTIC,    61, -9.689761394386e-01, 1.484033585238e-06, 9.8352e+00, 1.5539e-01, 
 1DIAGNOSTIC,    62, -9.689846617793e-01, 1.436595266375e-06, 9.9928e+00, 1.5762e-01, 
 1DIAGNOSTIC,    63, -9.689943281303e-01, 1.383211512822e-06, 1.0154e+01, 1.6100e-01, 
 1DIAGNOSTIC,    64, -9.690009816500e-01, 1.345465174857e-06, 1.0314e+01, 1.6028e-01, 
 1DIAGNOSTIC,    65, -9.690100810574e-01, 1.301820228814e-06, 1.0467e+01, 1.5247e-01, 
 1DIAGNOSTIC,    66, -9.690148835922e-01, 1.259997375706e-06, 1.0623e+01, 1.5606e-01, 
 1DIAGNOSTIC,    67, -9.690245228720e-01, 1.218636843263e-06, 1.0783e+01, 1.6032e-01, 
 1DIAGNOSTIC,    68, -9.690277283772e-01, 1.166056023339e-06, 1.0938e+01, 1.5508e-01, 
 1DIAGNOSTIC,    69, -9.690370456861e-01, 1.121864359448e-06, 1.1092e+01, 1.5360e-01, 
 1DIAGNOSTIC,    70, -9.690375618879e-01, 1.056676076056e-06, 1.1249e+01, 1.5728e-01, 
 1DIAGNOSTIC,    71, -9.690476347342e-01, 1.014634259151e-06, 1.1406e+01, 1.5716e-01, 
 1DIAGNOSTIC,    72, -9.689980683883e-01, 7.497813829596e-07, 1.1560e+01, 1.5436e-01, 
XXDIAGNOSTIC,Iteration,metricValue,convergenceValue,ITERATION_TIME_INDEX,SINCE_LAST
 1DIAGNOSTIC,     1, -9.068421920248e-01, 1.797693134862e+308, 1.3107e+01, 1.5466e+00, 
 1DIAGNOSTIC,     2, -9.090264934546e-01, 1.797693134862e+308, 1.4357e+01, 1.2504e+00, 
 1DIAGNOSTIC,     3, -9.114401386043e-01, 1.797693134862e+308, 1.5606e+01, 1.2485e+00, 
 1DIAGNOSTIC,     4, -9.143313330534e-01, 1.797693134862e+308, 1.6834e+01, 1.2276e+00, 
 1DIAGNOSTIC,     5, -9.168163921101e-01, 1.797693134862e+308, 1.8086e+01, 1.2523e+00, 
 1DIAGNOSTIC,     6, -9.196745919352e-01, 1.797693134862e+308, 1.9334e+01, 1.2484e+00, 
 1DIAGNOSTIC,     7, -9.218654113670e-01, 1.797693134862e+308, 2.0568e+01, 1.2341e+00, 
 1DIAGNOSTIC,     8, -9.238435919936e-01, 1.797693134862e+308, 2.1798e+01, 1.2301e+00, 
 1DIAGNOSTIC,     9, -9.256427149934e-01, 1.797693134862e+308, 2.3021e+01, 1.2231e+00, 
 1DIAGNOSTIC,    10, -9.271847535746e-01, 1.476059263536e-03, 2.4268e+01, 1.2462e+00, 
 1DIAGNOSTIC,    11, -9.286595364651e-01, 1.267724346407e-03, 2.5505e+01, 1.2377e+00, 
 1DIAGNOSTIC,    12, -9.300858461739e-01, 1.072899736388e-03, 2.6757e+01, 1.2519e+00, 
 1DIAGNOSTIC,    13, -9.313061044653e-01, 8.967878854775e-04, 2.7983e+01, 1.2254e+00, 
 1DIAGNOSTIC,    14, -9.325422879204e-01, 7.549762149600e-04, 2.9230e+01, 1.2472e+00, 
 1DIAGNOSTIC,    15, -9.336290006178e-01, 6.357542348576e-04, 3.0460e+01, 1.2299e+00, 
 1DIAGNOSTIC,    16, -9.343822167848e-01, 5.422224587248e-04, 3.1694e+01, 1.2342e+00, 
 1DIAGNOSTIC,    17, -9.352823523644e-01, 4.654607978133e-04, 3.2935e+01, 1.2407e+00, 
 1DIAGNOSTIC,    18, -9.358827710700e-01, 3.979097738485e-04, 3.4168e+01, 1.2331e+00, 
 1DIAGNOSTIC,    19, -9.364123167654e-01, 3.380856225435e-04, 3.5403e+01, 1.2350e+00, 
 1DIAGNOSTIC,    20, -9.368701352309e-01, 2.833992029779e-04, 3.6648e+01, 1.2450e+00, 
 1DIAGNOSTIC,    21, -9.372599392070e-01, 2.346507537423e-04, 3.7884e+01, 1.2358e+00, 
 1DIAGNOSTIC,    22, -9.375083002854e-01, 1.917012743120e-04, 3.9128e+01, 1.2439e+00, 
 1DIAGNOSTIC,    23, -9.377290391777e-01, 1.536689110131e-04, 4.0386e+01, 1.2588e+00, 
 1DIAGNOSTIC,    24, -9.379332606720e-01, 1.227408481910e-04, 4.1623e+01, 1.2368e+00, 
 1DIAGNOSTIC,    25, -9.381158074547e-01, 9.832873596047e-05, 4.2874e+01, 1.2505e+00, 
 1DIAGNOSTIC,    26, -9.382796078442e-01, 7.727146406699e-05, 4.4112e+01, 1.2380e+00, 
 1DIAGNOSTIC,    27, -9.384240514372e-01, 6.236711515578e-05, 4.5336e+01, 1.2242e+00, 
 1DIAGNOSTIC,    28, -9.385580303570e-01, 5.070609465336e-05, 4.6563e+01, 1.2276e+00, 
 1DIAGNOSTIC,    29, -9.386744443220e-01, 4.189688825243e-05, 4.7797e+01, 1.2333e+00, 
 1DIAGNOSTIC,    30, -9.387732992983e-01, 3.541133701239e-05, 4.9027e+01, 1.2303e+00, 
 1DIAGNOSTIC,    31, -9.388572322149e-01, 3.072517935424e-05, 5.0256e+01, 1.2285e+00, 
 1DIAGNOSTIC,    32, -9.389521264825e-01, 2.676301494670e-05, 5.1481e+01, 1.2258e+00, 
 1DIAGNOSTIC,    33, -9.390412951170e-01, 2.342852624651e-05, 5.2709e+01, 1.2277e+00, 
 1DIAGNOSTIC,    34, -9.391250201775e-01, 2.071228376059e-05, 5.3977e+01, 1.2677e+00, 
 1DIAGNOSTIC,    35, -9.392026767745e-01, 1.851803612666e-05, 5.5211e+01, 1.2342e+00, 
 1DIAGNOSTIC,    36, -9.392712533531e-01, 1.672160217180e-05, 5.6441e+01, 1.2300e+00, 
 1DIAGNOSTIC,    37, -9.393248122393e-01, 1.512689649996e-05, 5.7714e+01, 1.2730e+00, 
 1DIAGNOSTIC,    38, -9.393794619014e-01, 1.375385966614e-05, 5.8938e+01, 1.2243e+00, 
 1DIAGNOSTIC,    39, -9.394276560615e-01, 1.249225629911e-05, 6.0189e+01, 1.2507e+00, 
 1DIAGNOSTIC,    40, -9.394700570214e-01, 1.124646515901e-05, 6.1412e+01, 1.2230e+00, 
 1DIAGNOSTIC,    41, -9.395068714056e-01, 9.950677868350e-06, 6.2643e+01, 1.2311e+00, 
 1DIAGNOSTIC,    42, -9.395458454635e-01, 8.802976288386e-06, 6.3898e+01, 1.2548e+00, 
 1DIAGNOSTIC,    43, -9.395749455284e-01, 7.767637232554e-06, 6.5136e+01, 1.2386e+00, 
 1DIAGNOSTIC,    44, -9.396000495798e-01, 6.851958817757e-06, 6.6373e+01, 1.2371e+00, 
 1DIAGNOSTIC,    45, -9.396210571724e-01, 6.051489942361e-06, 6.7610e+01, 1.2367e+00, 
 1DIAGNOSTIC,    46, -9.396357485969e-01, 5.320983969898e-06, 6.8847e+01, 1.2365e+00, 
 1DIAGNOSTIC,    47, -9.396520632565e-01, 4.625648849056e-06, 7.0088e+01, 1.2411e+00, 
 1DIAGNOSTIC,    48, -9.396658005447e-01, 4.009568751382e-06, 7.1342e+01, 1.2539e+00, 
 1DIAGNOSTIC,    49, -9.396774974653e-01, 3.466320334433e-06, 7.2574e+01, 1.2326e+00, 
 1DIAGNOSTIC,    50, -9.396877030005e-01, 2.992467559311e-06, 7.3811e+01, 1.2362e+00, 
 1DIAGNOSTIC,    51, -9.396953439129e-01, 2.573080221811e-06, 7.5056e+01, 1.2458e+00, 
 1DIAGNOSTIC,    52, -9.397023989209e-01, 2.249922180488e-06, 7.6304e+01, 1.2481e+00, 
 1DIAGNOSTIC,    53, -9.397062309930e-01, 1.968370021935e-06, 7.7559e+01, 1.2546e+00, 
 1DIAGNOSTIC,    54, -9.397126687938e-01, 1.742097541339e-06, 7.8812e+01, 1.2525e+00, 
 1DIAGNOSTIC,    55, -9.397166343676e-01, 1.550377370835e-06, 8.0071e+01, 1.2594e+00, 
 1DIAGNOSTIC,    56, -9.397209109575e-01, 1.374026426051e-06, 8.1296e+01, 1.2254e+00, 
 1DIAGNOSTIC,    57, -9.397266829585e-01, 1.243465682890e-06, 8.2571e+01, 1.2743e+00, 
 1DIAGNOSTIC,    58, -9.397322598690e-01, 1.151816842921e-06, 8.3809e+01, 1.2386e+00, 
 1DIAGNOSTIC,    59, -9.397361534762e-01, 1.084679998858e-06, 8.5079e+01, 1.2699e+00, 
 1DIAGNOSTIC,    60, -9.397402616418e-01, 1.039502796334e-06, 8.6296e+01, 1.2166e+00, 
 1DIAGNOSTIC,    61, -9.397430263425e-01, 9.982639720719e-07, 8.7553e+01, 1.2570e+00, 
XXDIAGNOSTIC,Iteration,metricValue,convergenceValue,ITERATION_TIME_INDEX,SINCE_LAST
 1DIAGNOSTIC,     1, -8.940994525315e-01, 1.797693134862e+308, 9.7954e+01, 1.0402e+01, 
 1DIAGNOSTIC,     2, -8.961374103885e-01, 1.797693134862e+308, 1.0789e+02, 9.9330e+00, 
 1DIAGNOSTIC,     3, -8.987720836773e-01, 1.797693134862e+308, 1.1785e+02, 9.9632e+00, 
 1DIAGNOSTIC,     4, -9.014803037059e-01, 1.797693134862e+308, 1.2776e+02, 9.9142e+00, 
 1DIAGNOSTIC,     5, -9.040250674394e-01, 1.797693134862e+308, 1.3775e+02, 9.9826e+00, 
 1DIAGNOSTIC,     6, -9.062418346897e-01, 1.797693134862e+308, 1.4764e+02, 9.8895e+00, 
 1DIAGNOSTIC,     7, -9.080881273333e-01, 1.797693134862e+308, 1.5765e+02, 1.0010e+01, 
 1DIAGNOSTIC,     8, -9.097222200514e-01, 1.797693134862e+308, 1.6773e+02, 1.0086e+01, 
 1DIAGNOSTIC,     9, -9.111850549360e-01, 1.797693134862e+308, 1.7780e+02, 1.0067e+01, 
 1DIAGNOSTIC,    10, -9.125123543554e-01, 1.345233217602e-03, 1.8776e+02, 9.9560e+00, 
 1DIAGNOSTIC,    11, -9.137309616456e-01, 1.126939196917e-03, 1.9776e+02, 1.0002e+01, 
 1DIAGNOSTIC,    12, -9.148532487474e-01, 9.260757937336e-04, 2.0775e+02, 9.9938e+00, 
 1DIAGNOSTIC,    13, -9.158830532668e-01, 7.602608804789e-04, 2.1768e+02, 9.9260e+00, 
 1DIAGNOSTIC,    14, -9.167082631895e-01, 6.275194084719e-04, 2.2768e+02, 1.0002e+01, 
 1DIAGNOSTIC,    15, -9.176070476129e-01, 5.265909773212e-04, 2.3748e+02, 9.7997e+00, 
 1DIAGNOSTIC,    16, -9.183289042087e-01, 4.470189304671e-04, 2.4750e+02, 1.0017e+01, 
 1DIAGNOSTIC,    17, -9.190167409283e-01, 3.819582573983e-04, 2.5762e+02, 1.0125e+01, 
 1DIAGNOSTIC,    18, -9.196776180473e-01, 3.284514727829e-04, 2.6777e+02, 1.0152e+01, 
 1DIAGNOSTIC,    19, -9.203117170035e-01, 2.844107011162e-04, 2.7786e+02, 1.0082e+01, 
 1DIAGNOSTIC,    20, -9.209176398329e-01, 2.483282950435e-04, 2.8800e+02, 1.0141e+01, 
 1DIAGNOSTIC,    21, -9.215037785425e-01, 2.191903238973e-04, 2.9801e+02, 1.0012e+01, 
 1DIAGNOSTIC,    22, -9.220728796910e-01, 1.960760173689e-04, 3.0798e+02, 9.9719e+00, 
 1DIAGNOSTIC,    23, -9.226294884793e-01, 1.780500389252e-04, 3.1792e+02, 9.9364e+00, 
 1DIAGNOSTIC,    24, -9.231747122765e-01, 1.624946166395e-04, 3.2795e+02, 1.0036e+01, 
 1DIAGNOSTIC,    25, -9.237092862981e-01, 1.507098393895e-04, 3.3805e+02, 1.0098e+01, 
 1DIAGNOSTIC,    26, -9.242230439781e-01, 1.403892057075e-04, 3.4812e+02, 1.0070e+01, 
 1DIAGNOSTIC,    27, -9.247091189735e-01, 1.310861028098e-04, 3.5821e+02, 1.0084e+01, 
 1DIAGNOSTIC,    28, -9.251621776200e-01, 1.224153581038e-04, 3.6830e+02, 1.0092e+01, 
 1DIAGNOSTIC,    29, -9.255900833322e-01, 1.141356184327e-04, 3.7839e+02, 1.0094e+01, 
 1DIAGNOSTIC,    30, -9.259819219725e-01, 1.059253199385e-04, 3.8838e+02, 9.9906e+00, 
 1DIAGNOSTIC,    31, -9.263403776730e-01, 9.766689087731e-05, 3.9841e+02, 1.0030e+01, 
 1DIAGNOSTIC,    32, -9.266700276937e-01, 8.938365837975e-05, 4.0837e+02, 9.9593e+00, 
 1DIAGNOSTIC,    33, -9.269764262854e-01, 8.123915379633e-05, 4.1848e+02, 1.0109e+01, 
 1DIAGNOSTIC,    34, -9.272652370433e-01, 7.347056109579e-05, 4.2867e+02, 1.0191e+01, 
 1DIAGNOSTIC,    35, -9.275315754050e-01, 6.626330843747e-05, 4.3874e+02, 1.0074e+01, 
 1DIAGNOSTIC,    36, -9.277791424412e-01, 5.972017600775e-05, 4.4888e+02, 1.0139e+01, 
 1DIAGNOSTIC,    37, -9.280108947346e-01, 5.387429389397e-05, 4.5893e+02, 1.0050e+01, 
 1DIAGNOSTIC,    38, -9.282310105791e-01, 4.870882785599e-05, 4.6891e+02, 9.9739e+00, 
 1DIAGNOSTIC,    39, -9.284404262737e-01, 4.424565547636e-05, 4.7905e+02, 1.0146e+01, 
 1DIAGNOSTIC,    40, -9.286345396350e-01, 4.034437307733e-05, 4.8919e+02, 1.0136e+01, 
 1DIAGNOSTIC,    41, -9.288184763801e-01, 3.690661105045e-05, 4.9915e+02, 9.9560e+00, 
 1DIAGNOSTIC,    42, -9.289902146403e-01, 3.383315490048e-05, 5.0908e+02, 9.9345e+00, 
 1DIAGNOSTIC,    43, -9.291552547826e-01, 3.109314091090e-05, 5.1907e+02, 9.9928e+00, 
 1DIAGNOSTIC,    44, -9.293161299059e-01, 2.869889697972e-05, 5.2917e+02, 1.0096e+01, 
 1DIAGNOSTIC,    45, -9.294678509320e-01, 2.657287775653e-05, 5.3916e+02, 9.9942e+00, 
 1DIAGNOSTIC,    46, -9.296111645418e-01, 2.466006263571e-05, 5.4914e+02, 9.9815e+00, 
 1DIAGNOSTIC,    47, -9.297505928618e-01, 2.294632657122e-05, 5.5924e+02, 1.0094e+01, 
 1DIAGNOSTIC,    48, -9.298836061400e-01, 2.141624561719e-05, 5.6929e+02, 1.0052e+01, 
 1DIAGNOSTIC,    49, -9.300137162348e-01, 2.007461258888e-05, 5.7931e+02, 1.0018e+01, 
 1DIAGNOSTIC,    50, -9.301365787911e-01, 1.885815776215e-05, 5.8956e+02, 1.0247e+01, 
XXDIAGNOSTIC,Iteration,metricValue,convergenceValue,ITERATION_TIME_INDEX,SINCE_LAST
 1DIAGNOSTIC,     1, -8.860062683485e-01, 1.797693134862e+308, 6.7758e+02, 8.8022e+01, 
 1DIAGNOSTIC,     2, -8.871479275263e-01, 1.797693134862e+308, 7.6279e+02, 8.5211e+01, 
 1DIAGNOSTIC,     3, -8.887948015914e-01, 1.797693134862e+308, 8.4864e+02, 8.5849e+01, 
 1DIAGNOSTIC,     4, -8.904351250406e-01, 1.797693134862e+308, 9.3426e+02, 8.5623e+01, 
 1DIAGNOSTIC,     5, -8.919542778282e-01, 1.797693134862e+308, 1.0204e+03, 8.6117e+01, 
 1DIAGNOSTIC,     6, -8.933066582348e-01, 1.797693134862e+308, 1.1067e+03, 8.6309e+01, 
 1DIAGNOSTIC,     7, -8.945151714423e-01, 1.797693134862e+308, 1.1928e+03, 8.6119e+01, 
 1DIAGNOSTIC,     8, -8.955477128485e-01, 1.797693134862e+308, 1.2805e+03, 8.7656e+01, 
 1DIAGNOSTIC,     9, -8.964823570473e-01, 1.797693134862e+308, 1.3665e+03, 8.6041e+01, 
 1DIAGNOSTIC,    10, -8.973572462624e-01, 8.434014819184e-04, 1.4518e+03, 8.5279e+01, 
 1DIAGNOSTIC,    11, -8.982770782286e-01, 7.187121226660e-04, 1.5375e+03, 8.5716e+01, 
 1DIAGNOSTIC,    12, -8.991668571067e-01, 6.037271095454e-04, 1.6227e+03, 8.5180e+01, 
 1DIAGNOSTIC,    13, -9.000186253448e-01, 5.125932259309e-04, 1.7080e+03, 8.5296e+01, 
 1DIAGNOSTIC,    14, -9.008417379732e-01, 4.434856755387e-04, 1.7937e+03, 8.5696e+01, 
 1DIAGNOSTIC,    15, -9.016570193359e-01, 3.922176572961e-04, 1.8800e+03, 8.6307e+01, 
 1DIAGNOSTIC,    16, -9.023169900447e-01, 3.509958124045e-04, 1.9660e+03, 8.6003e+01, 
 1DIAGNOSTIC,    17, -9.029488378116e-01, 3.164850232091e-04, 2.0530e+03, 8.7011e+01, 
 1DIAGNOSTIC,    18, -9.035466565140e-01, 2.851714977555e-04, 2.1397e+03, 8.6690e+01, 
 1DIAGNOSTIC,    19, -9.041048257032e-01, 2.555226963539e-04, 2.2262e+03, 8.6495e+01, 
 1DIAGNOSTIC,    20, -9.046352608984e-01, 2.272333906213e-04, 2.3119e+03, 8.5709e+01, 
  Elapsed time (stage 2): 2313


Total elapsed time: 2400
