All_Command_lines_OK
Using double precision for computations.
=============================================================================
The composite transform comprises the following transforms (in order): 
  1. Center of mass alignment using fixed image: /templateflow/tpl-MNI152NLin2009cAsym/tpl-MNI152NLin2009cAsym_res-01_desc-brain_T1w.nii.gz and moving image: /mnt/lustre/mathdugre/ants-amp/datasets/corr/RawDataBIDS/BMB_1/derivatives/antsBrainExtraction/sub-0003021/BrainExtractionBrain.nii.gz (type = Euler3DTransform)
=============================================================================
  number of levels = 4
  number of levels = 4
  number of levels = 4
  fixed image: /templateflow/tpl-MNI152NLin2009cAsym/tpl-MNI152NLin2009cAsym_res-01_desc-brain_T1w.nii.gz
  moving image: /mnt/lustre/mathdugre/ants-amp/datasets/corr/RawDataBIDS/BMB_1/derivatives/antsBrainExtraction/sub-0003021/BrainExtractionBrain.nii.gz
  fixed image: /templateflow/tpl-MNI152NLin2009cAsym/tpl-MNI152NLin2009cAsym_res-01_desc-brain_T1w.nii.gz
  moving image: /mnt/lustre/mathdugre/ants-amp/datasets/corr/RawDataBIDS/BMB_1/derivatives/antsBrainExtraction/sub-0003021/BrainExtractionBrain.nii.gz
  fixed image: /templateflow/tpl-MNI152NLin2009cAsym/tpl-MNI152NLin2009cAsym_res-01_desc-brain_T1w.nii.gz
  moving image: /mnt/lustre/mathdugre/ants-amp/datasets/corr/RawDataBIDS/BMB_1/derivatives/antsBrainExtraction/sub-0003021/BrainExtractionBrain.nii.gz
Dimension = 3
Number of stages = 3
Use histogram matching = false
Winsorize image intensities = true
  Lower quantile = 0.005
  Upper quantile = 0.995


Stage 1 State
   Image metric = MattesMI
     Fixed image = Image (0x55bd0ecbb360)
  RTTI typeinfo:   itk::Image<double, 3u>
  Reference Count: 2
  Modified Time: 2368
  Debug: Off
  Object Name: 
  Observers: 
    none
  Source: (none)
  Source output name: (none)
  Release Data: Off
  Data Released: False
  Global Release Data: Off
  PipelineMTime: 0
  UpdateMTime: 1979
  RealTimeStamp: 0 seconds 
  LargestPossibleRegion: 
    Dimension: 3
    Index: [0, 0, 0]
    Size: [193, 229, 193]
  BufferedRegion: 
    Dimension: 3
    Index: [0, 0, 0]
    Size: [193, 229, 193]
  RequestedRegion: 
    Dimension: 3
    Index: [0, 0, 0]
    Size: [193, 229, 193]
  Spacing: [1, 1, 1]
  Origin: [96, 132, -78]
  Direction: 
-1 0 0
0 -1 0
0 0 1

  IndexToPointMatrix: 
-1 0 0
0 -1 0
0 0 1

  PointToIndexMatrix: 
-1 0 0
0 -1 0
0 0 1

  Inverse Direction: 
-1 0 0
0 -1 0
0 0 1

  PixelContainer: 
    ImportImageContainer (0x55bd0ecb2a00)
      RTTI typeinfo:   itk::ImportImageContainer<unsigned long, double>
      Reference Count: 1
      Modified Time: 1976
      Debug: Off
      Object Name: 
      Observers: 
        none
      Pointer: 0x7f062e649010
      Container manages memory: true
      Size: 8530021
      Capacity: 8530021

     Moving image = Image (0x55bd0ecbea20)
  RTTI typeinfo:   itk::Image<double, 3u>
  Reference Count: 2
  Modified Time: 2369
  Debug: Off
  Object Name: 
  Observers: 
    none
  Source: (none)
  Source output name: (none)
  Release Data: Off
  Data Released: False
  Global Release Data: Off
  PipelineMTime: 0
  UpdateMTime: 2366
  RealTimeStamp: 0 seconds 
  LargestPossibleRegion: 
    Dimension: 3
    Index: [0, 0, 0]
    Size: [176, 256, 256]
  BufferedRegion: 
    Dimension: 3
    Index: [0, 0, 0]
    Size: [176, 256, 256]
  RequestedRegion: 
    Dimension: 3
    Index: [0, 0, 0]
    Size: [176, 256, 256]
  Spacing: [1, 1, 1]
  Origin: [-92.1464, 106.518, -129.634]
  Direction: 
1 0 0
0 -1 0
0 0 1

  IndexToPointMatrix: 
1 0 0
0 -1 0
0 0 1

  PointToIndexMatrix: 
1 0 0
0 -1 0
0 0 1

  Inverse Direction: 
1 0 0
0 -1 0
0 0 1

  PixelContainer: 
    ImportImageContainer (0x55bd10e90c90)
      RTTI typeinfo:   itk::ImportImageContainer<unsigned long, double>
      Reference Count: 1
      Modified Time: 2363
      Debug: Off
      Object Name: 
      Observers: 
        none
      Pointer: 0x7f0628e48010
      Container manages memory: true
      Size: 11534336
      Capacity: 11534336

     Weighting = 1
     Sampling strategy = regular
     Number of bins = 32
     Radius = 4
     Sampling percentage  = 0.25
   Transform = Rigid
     Gradient step = 0.1
     Update field sigma (voxel space) = 0
     Total field sigma (voxel space) = 0
     Update field time sigma = 0
     Total field time sigma  = 0
     Number of time indices = 0
     Number of time point samples = 0
Stage 2 State
   Image metric = MattesMI
     Fixed image = Image (0x55bd0ede19c0)
  RTTI typeinfo:   itk::Image<double, 3u>
  Reference Count: 2
  Modified Time: 3144
  Debug: Off
  Object Name: 
  Observers: 
    none
  Source: (none)
  Source output name: (none)
  Release Data: Off
  Data Released: False
  Global Release Data: Off
  PipelineMTime: 0
  UpdateMTime: 2755
  RealTimeStamp: 0 seconds 
  LargestPossibleRegion: 
    Dimension: 3
    Index: [0, 0, 0]
    Size: [193, 229, 193]
  BufferedRegion: 
    Dimension: 3
    Index: [0, 0, 0]
    Size: [193, 229, 193]
  RequestedRegion: 
    Dimension: 3
    Index: [0, 0, 0]
    Size: [193, 229, 193]
  Spacing: [1, 1, 1]
  Origin: [96, 132, -78]
  Direction: 
-1 0 0
0 -1 0
0 0 1

  IndexToPointMatrix: 
-1 0 0
0 -1 0
0 0 1

  PointToIndexMatrix: 
-1 0 0
0 -1 0
0 0 1

  Inverse Direction: 
-1 0 0
0 -1 0
0 0 1

  PixelContainer: 
    ImportImageContainer (0x55bd0edd0f30)
      RTTI typeinfo:   itk::ImportImageContainer<unsigned long, double>
      Reference Count: 1
      Modified Time: 2752
      Debug: Off
      Object Name: 
      Observers: 
        none
      Pointer: 0x7f0624d33010
      Container manages memory: true
      Size: 8530021
      Capacity: 8530021

     Moving image = Image (0x55bd0ede37c0)
  RTTI typeinfo:   itk::Image<double, 3u>
  Reference Count: 2
  Modified Time: 3145
  Debug: Off
  Object Name: 
  Observers: 
    none
  Source: (none)
  Source output name: (none)
  Release Data: Off
  Data Released: False
  Global Release Data: Off
  PipelineMTime: 0
  UpdateMTime: 3142
  RealTimeStamp: 0 seconds 
  LargestPossibleRegion: 
    Dimension: 3
    Index: [0, 0, 0]
    Size: [176, 256, 256]
  BufferedRegion: 
    Dimension: 3
    Index: [0, 0, 0]
    Size: [176, 256, 256]
  RequestedRegion: 
    Dimension: 3
    Index: [0, 0, 0]
    Size: [176, 256, 256]
  Spacing: [1, 1, 1]
  Origin: [-92.1464, 106.518, -129.634]
  Direction: 
1 0 0
0 -1 0
0 0 1

  IndexToPointMatrix: 
1 0 0
0 -1 0
0 0 1

  PointToIndexMatrix: 
1 0 0
0 -1 0
0 0 1

  Inverse Direction: 
1 0 0
0 -1 0
0 0 1

  PixelContainer: 
    ImportImageContainer (0x55bd0ede6190)
      RTTI typeinfo:   itk::ImportImageContainer<unsigned long, double>
      Reference Count: 1
      Modified Time: 3139
      Debug: Off
      Object Name: 
      Observers: 
        none
      Pointer: 0x7f061f532010
      Container manages memory: true
      Size: 11534336
      Capacity: 11534336

     Weighting = 1
     Sampling strategy = regular
     Number of bins = 32
     Radius = 4
     Sampling percentage  = 0.25
   Transform = Affine
     Gradient step = 0.1
     Update field sigma (voxel space) = 0
     Total field sigma (voxel space) = 0
     Update field time sigma = 0
     Total field time sigma  = 0
     Number of time indices = 0
     Number of time point samples = 0
Stage 3 State
   Image metric = CC
     Fixed image = Image (0x55bd0edcd240)
  RTTI typeinfo:   itk::Image<double, 3u>
  Reference Count: 2
  Modified Time: 3920
  Debug: Off
  Object Name: 
  Observers: 
    none
  Source: (none)
  Source output name: (none)
  Release Data: Off
  Data Released: False
  Global Release Data: Off
  PipelineMTime: 0
  UpdateMTime: 3531
  RealTimeStamp: 0 seconds 
  LargestPossibleRegion: 
    Dimension: 3
    Index: [0, 0, 0]
    Size: [193, 229, 193]
  BufferedRegion: 
    Dimension: 3
    Index: [0, 0, 0]
    Size: [193, 229, 193]
  RequestedRegion: 
    Dimension: 3
    Index: [0, 0, 0]
    Size: [193, 229, 193]
  Spacing: [1, 1, 1]
  Origin: [96, 132, -78]
  Direction: 
-1 0 0
0 -1 0
0 0 1

  IndexToPointMatrix: 
-1 0 0
0 -1 0
0 0 1

  PointToIndexMatrix: 
-1 0 0
0 -1 0
0 0 1

  Inverse Direction: 
-1 0 0
0 -1 0
0 0 1

  PixelContainer: 
    ImportImageContainer (0x55bd0ed0a600)
      RTTI typeinfo:   itk::ImportImageContainer<unsigned long, double>
      Reference Count: 1
      Modified Time: 3528
      Debug: Off
      Object Name: 
      Observers: 
        none
      Pointer: 0x7f061b41d010
      Container manages memory: true
      Size: 8530021
      Capacity: 8530021

     Moving image = Image (0x55bd0ede5e70)
  RTTI typeinfo:   itk::Image<double, 3u>
  Reference Count: 2
  Modified Time: 3921
  Debug: Off
  Object Name: 
  Observers: 
    none
  Source: (none)
  Source output name: (none)
  Release Data: Off
  Data Released: False
  Global Release Data: Off
  PipelineMTime: 0
  UpdateMTime: 3918
  RealTimeStamp: 0 seconds 
  LargestPossibleRegion: 
    Dimension: 3
    Index: [0, 0, 0]
    Size: [176, 256, 256]
  BufferedRegion: 
    Dimension: 3
    Index: [0, 0, 0]
    Size: [176, 256, 256]
  RequestedRegion: 
    Dimension: 3
    Index: [0, 0, 0]
    Size: [176, 256, 256]
  Spacing: [1, 1, 1]
  Origin: [-92.1464, 106.518, -129.634]
  Direction: 
1 0 0
0 -1 0
0 0 1

  IndexToPointMatrix: 
1 0 0
0 -1 0
0 0 1

  PointToIndexMatrix: 
1 0 0
0 -1 0
0 0 1

  Inverse Direction: 
1 0 0
0 -1 0
0 0 1

  PixelContainer: 
    ImportImageContainer (0x55bd0edc90d0)
      RTTI typeinfo:   itk::ImportImageContainer<unsigned long, double>
      Reference Count: 1
      Modified Time: 3915
      Debug: Off
      Object Name: 
      Observers: 
        none
      Pointer: 0x7f0615c1c010
      Container manages memory: true
      Size: 11534336
      Capacity: 11534336

     Weighting = 1
     Sampling strategy = none
     Number of bins = 32
     Radius = 4
     Sampling percentage  = 1
   Transform = SyN
     Gradient step = 0.1
     Update field sigma (voxel space) = 3
     Total field sigma (voxel space) = 0
     Update field time sigma = 0
     Total field time sigma  = 0
     Number of time indices = 0
     Number of time point samples = 0
Registration using 3 total stages.

Stage 0
  iterations = 1000x500x250x100
  convergence threshold = 1e-06
  convergence window size = 10
  number of levels = 4
  using the Mattes MI metric (number of bins = 32, weight = 1, use gradient filter = 0)
  preprocessing:  winsorizing the image intensities
  Shrink factors (level 1 out of 4): [8, 8, 8]
  Shrink factors (level 2 out of 4): [4, 4, 4]
  Shrink factors (level 3 out of 4): [2, 2, 2]
  Shrink factors (level 4 out of 4): [1, 1, 1]
  smoothing sigmas per level: [3, 2, 1, 0]
  regular sampling (percentage = 0.25)

*** Running Euler3DTransform registration ***

DIAGNOSTIC,Iteration,metricValue,convergenceValue,ITERATION_TIME_INDEX,SINCE_LAST
 2DIAGNOSTIC,     1, -5.491132668882e-01, 1.797693134862e+308, 3.7076e-01, 3.7076e-01, 
 2DIAGNOSTIC,     2, -5.517216281946e-01, 1.797693134862e+308, 3.7428e-01, 3.5141e-03, 
 2DIAGNOSTIC,     3, -5.555080191096e-01, 1.797693134862e+308, 3.7741e-01, 3.1290e-03, 
 2DIAGNOSTIC,     4, -5.609398176010e-01, 1.797693134862e+308, 3.8050e-01, 3.0870e-03, 
 2DIAGNOSTIC,     5, -5.685944745312e-01, 1.797693134862e+308, 3.8361e-01, 3.1118e-03, 
 2DIAGNOSTIC,     6, -5.816274192518e-01, 1.797693134862e+308, 3.8632e-01, 2.7130e-03, 
 2DIAGNOSTIC,     7, -5.853510160546e-01, 1.797693134862e+308, 3.8895e-01, 2.6281e-03, 
 2DIAGNOSTIC,     8, -5.876329484101e-01, 1.797693134862e+308, 3.9227e-01, 3.3269e-03, 
 2DIAGNOSTIC,     9, -5.897216459570e-01, 1.797693134862e+308, 3.9522e-01, 2.9440e-03, 
 2DIAGNOSTIC,    10, -5.905790702527e-01, 5.506174234554e-03, 3.9932e-01, 4.1051e-03, 
 2DIAGNOSTIC,    11, -5.908101060861e-01, 4.480593267451e-03, 4.0247e-01, 3.1419e-03, 
 2DIAGNOSTIC,    12, -5.911094202406e-01, 3.349633193449e-03, 4.0589e-01, 3.4270e-03, 
 2DIAGNOSTIC,    13, -5.913558938072e-01, 2.252089437301e-03, 4.0863e-01, 2.7330e-03, 
 2DIAGNOSTIC,    14, -5.915532744121e-01, 1.307280543476e-03, 4.1161e-01, 2.9800e-03, 
 2DIAGNOSTIC,    15, -5.926589828839e-01, 6.489616721043e-04, 4.1467e-01, 3.0649e-03, 
 2DIAGNOSTIC,    16, -5.932572090857e-01, 4.310266792569e-04, 4.1860e-01, 3.9299e-03, 
 2DIAGNOSTIC,    17, -5.936643241044e-01, 3.178897266266e-04, 4.2204e-01, 3.4349e-03, 
 2DIAGNOSTIC,    18, -5.937678592214e-01, 2.522247337106e-04, 4.2477e-01, 2.7380e-03, 
 2DIAGNOSTIC,    19, -5.941848318513e-01, 2.345065299710e-04, 4.2794e-01, 3.1629e-03, 
 2DIAGNOSTIC,    20, -5.950864487631e-01, 2.392878402754e-04, 4.3138e-01, 3.4459e-03, 
 2DIAGNOSTIC,    21, -5.952845049734e-01, 2.305792311030e-04, 4.3442e-01, 3.0410e-03, 
 2DIAGNOSTIC,    22, -5.960375285123e-01, 2.249459078765e-04, 4.3778e-01, 3.3569e-03, 
 2DIAGNOSTIC,    23, -5.974257276008e-01, 2.336489168467e-04, 4.4121e-01, 3.4258e-03, 
 2DIAGNOSTIC,    24, -5.979108675770e-01, 2.325392631084e-04, 4.4434e-01, 3.1321e-03, 
 2DIAGNOSTIC,    25, -5.981236576951e-01, 2.351844480245e-04, 4.4761e-01, 3.2752e-03, 
 2DIAGNOSTIC,    26, -5.983557264103e-01, 2.313036385664e-04, 4.5061e-01, 2.9922e-03, 
 2DIAGNOSTIC,    27, -5.988223224667e-01, 2.217783980608e-04, 4.5452e-01, 3.9189e-03, 
 2DIAGNOSTIC,    28, -5.991494775179e-01, 1.990336982784e-04, 4.5754e-01, 3.0200e-03, 
 2DIAGNOSTIC,    29, -5.993138358492e-01, 1.684932434386e-04, 4.6071e-01, 3.1681e-03, 
 2DIAGNOSTIC,    30, -5.993185668142e-01, 1.392558653568e-04, 4.6435e-01, 3.6368e-03, 
 2DIAGNOSTIC,    31, -5.992293953805e-01, 1.006269350169e-04, 4.6739e-01, 3.0429e-03, 
 2DIAGNOSTIC,    32, -5.992394748658e-01, 6.601544758528e-05, 4.7045e-01, 3.0611e-03, 
 2DIAGNOSTIC,    33, -5.991799351494e-01, 4.657162982565e-05, 4.7355e-01, 3.0951e-03, 
 2DIAGNOSTIC,    34, -5.991960475682e-01, 3.108892619894e-05, 4.7691e-01, 3.3569e-03, 
 2DIAGNOSTIC,    35, -5.991145064984e-01, 1.549284048514e-05, 4.8075e-01, 3.8462e-03, 
DIAGNOSTIC,Iteration,metricValue,convergenceValue,ITERATION_TIME_INDEX,SINCE_LAST
 2DIAGNOSTIC,     1, -4.723044616097e-01, 1.797693134862e+308, 8.5035e-01, 3.6959e-01, 
 2DIAGNOSTIC,     2, -4.724052238310e-01, 1.797693134862e+308, 8.7226e-01, 2.1912e-02, 
 2DIAGNOSTIC,     3, -4.725985446384e-01, 1.797693134862e+308, 8.9252e-01, 2.0259e-02, 
 2DIAGNOSTIC,     4, -4.728965284995e-01, 1.797693134862e+308, 9.1328e-01, 2.0766e-02, 
 2DIAGNOSTIC,     5, -4.732803953367e-01, 1.797693134862e+308, 9.3378e-01, 2.0494e-02, 
 2DIAGNOSTIC,     6, -4.739200621647e-01, 1.797693134862e+308, 9.6552e-01, 3.1746e-02, 
 2DIAGNOSTIC,     7, -4.740049231483e-01, 1.797693134862e+308, 9.8566e-01, 2.0140e-02, 
 2DIAGNOSTIC,     8, -4.741176214176e-01, 1.797693134862e+308, 1.0072e+00, 2.1513e-02, 
 2DIAGNOSTIC,     9, -4.744179868858e-01, 1.797693134862e+308, 1.0278e+00, 2.0598e-02, 
 2DIAGNOSTIC,    10, -4.750168650659e-01, 3.729539177451e-04, 1.0484e+00, 2.0644e-02, 
 2DIAGNOSTIC,    11, -4.758828600788e-01, 3.881407940942e-04, 1.0842e+00, 3.5755e-02, 
 2DIAGNOSTIC,    12, -4.762009204150e-01, 3.865363557742e-04, 1.1041e+00, 1.9930e-02, 
 2DIAGNOSTIC,    13, -4.763952337095e-01, 3.690529519184e-04, 1.1246e+00, 2.0455e-02, 
 2DIAGNOSTIC,    14, -4.767517168243e-01, 3.489036427301e-04, 1.1448e+00, 2.0209e-02, 
 2DIAGNOSTIC,    15, -4.772380210062e-01, 3.332426130505e-04, 1.1676e+00, 2.2864e-02, 
 2DIAGNOSTIC,    16, -4.777959276563e-01, 3.332141481113e-04, 1.1934e+00, 2.5751e-02, 
 2DIAGNOSTIC,    17, -4.785296488446e-01, 3.313729421867e-04, 1.2229e+00, 2.9546e-02, 
 2DIAGNOSTIC,    18, -4.785398472844e-01, 3.034149296247e-04, 1.2462e+00, 2.3226e-02, 
 2DIAGNOSTIC,    19, -4.785458965227e-01, 2.603583009054e-04, 1.2691e+00, 2.2980e-02, 
 2DIAGNOSTIC,    20, -4.785376882935e-01, 2.147350178298e-04, 1.2895e+00, 2.0330e-02, 
 2DIAGNOSTIC,    21, -4.785333718467e-01, 1.777416930733e-04, 1.3098e+00, 2.0291e-02, 
 2DIAGNOSTIC,    22, -4.785516156126e-01, 1.366044126045e-04, 1.3343e+00, 2.4572e-02, 
 2DIAGNOSTIC,    23, -4.785666482543e-01, 9.188668754617e-05, 1.3546e+00, 2.0320e-02, 
 2DIAGNOSTIC,    24, -4.786222778787e-01, 5.279577435211e-05, 1.3745e+00, 1.9858e-02, 
 2DIAGNOSTIC,    25, -4.786943498710e-01, 2.516010162516e-05, 1.3948e+00, 2.0314e-02, 
 2DIAGNOSTIC,    26, -4.793676915294e-01, 2.517396577872e-05, 1.4296e+00, 3.4781e-02, 
 2DIAGNOSTIC,    27, -4.793636068346e-01, 3.865413809883e-05, 1.4604e+00, 3.0835e-02, 
 2DIAGNOSTIC,    28, -4.793672185056e-01, 4.810803935435e-05, 1.4802e+00, 1.9734e-02, 
 2DIAGNOSTIC,    29, -4.793642509188e-01, 5.274132130006e-05, 1.5030e+00, 2.2834e-02, 
 2DIAGNOSTIC,    30, -4.793514446371e-01, 5.169885648022e-05, 1.5234e+00, 2.0367e-02, 
 2DIAGNOSTIC,    31, -4.793482707812e-01, 4.558306858847e-05, 1.5441e+00, 2.0724e-02, 
 2DIAGNOSTIC,    32, -4.793641290563e-01, 3.624397815748e-05, 1.5637e+00, 1.9567e-02, 
 2DIAGNOSTIC,    33, -4.793833102853e-01, 2.492119298649e-05, 1.5840e+00, 2.0335e-02, 
 2DIAGNOSTIC,    34, -4.794314297198e-01, 1.391163191321e-05, 1.6043e+00, 2.0276e-02, 
 2DIAGNOSTIC,    35, -4.794796341144e-01, 4.009767997450e-06, 1.6242e+00, 1.9975e-02, 
 2DIAGNOSTIC,    36, -4.795547741345e-01, 6.746103976357e-06, 1.6443e+00, 2.0043e-02, 
 2DIAGNOSTIC,    37, -4.798541393199e-01, 1.350576277701e-05, 1.6712e+00, 2.6902e-02, 
 2DIAGNOSTIC,    38, -4.800466231086e-01, 2.165823889505e-05, 1.7077e+00, 3.6469e-02, 
 2DIAGNOSTIC,    39, -4.800810307785e-01, 2.786892500366e-05, 1.7308e+00, 2.3160e-02, 
 2DIAGNOSTIC,    40, -4.800665160314e-01, 3.086379374436e-05, 1.7563e+00, 2.5470e-02, 
 2DIAGNOSTIC,    41, -4.800746122500e-01, 3.094293722948e-05, 1.7768e+00, 2.0459e-02, 
 2DIAGNOSTIC,    42, -4.800489460040e-01, 2.792752542987e-05, 1.7968e+00, 2.0051e-02, 
 2DIAGNOSTIC,    43, -4.800447826109e-01, 2.261763581616e-05, 1.8223e+00, 2.5466e-02, 
 2DIAGNOSTIC,    44, -4.800430216195e-01, 1.612842202446e-05, 1.8446e+00, 2.2290e-02, 
 2DIAGNOSTIC,    45, -4.800476404800e-01, 9.210888287439e-06, 1.8635e+00, 1.8974e-02, 
 2DIAGNOSTIC,    46, -4.800474876354e-01, 2.675607187471e-06, 1.8854e+00, 2.1843e-02, 
DIAGNOSTIC,Iteration,metricValue,convergenceValue,ITERATION_TIME_INDEX,SINCE_LAST
 2DIAGNOSTIC,     1, -4.176154450422e-01, 1.797693134862e+308, 2.4788e+00, 5.9341e-01, 
 2DIAGNOSTIC,     2, -4.177500824640e-01, 1.797693134862e+308, 2.6276e+00, 1.4887e-01, 
 2DIAGNOSTIC,     3, -4.178990073637e-01, 1.797693134862e+308, 2.7754e+00, 1.4776e-01, 
 2DIAGNOSTIC,     4, -4.179946026098e-01, 1.797693134862e+308, 2.9625e+00, 1.8709e-01, 
 2DIAGNOSTIC,     5, -4.180182562758e-01, 1.797693134862e+308, 3.1099e+00, 1.4738e-01, 
 2DIAGNOSTIC,     6, -4.180279933312e-01, 1.797693134862e+308, 3.2776e+00, 1.6767e-01, 
 2DIAGNOSTIC,     7, -4.180326002598e-01, 1.797693134862e+308, 3.4435e+00, 1.6599e-01, 
 2DIAGNOSTIC,     8, -4.180358067760e-01, 1.797693134862e+308, 3.5920e+00, 1.4846e-01, 
 2DIAGNOSTIC,     9, -4.180419527993e-01, 1.797693134862e+308, 3.7395e+00, 1.4747e-01, 
 2DIAGNOSTIC,    10, -4.180628008657e-01, 5.878787318123e-05, 3.9068e+00, 1.6735e-01, 
 2DIAGNOSTIC,    11, -4.180736088555e-01, 3.434563982659e-05, 4.0512e+00, 1.4434e-01, 
 2DIAGNOSTIC,    12, -4.180927429160e-01, 1.971170556918e-05, 4.1996e+00, 1.4845e-01, 
 2DIAGNOSTIC,    13, -4.181100916729e-01, 1.435706569587e-05, 4.3870e+00, 1.8735e-01, 
 2DIAGNOSTIC,    14, -4.181223005942e-01, 1.388424278700e-05, 4.6484e+00, 2.6138e-01, 
 2DIAGNOSTIC,    15, -4.181207216203e-01, 1.339624621288e-05, 4.8042e+00, 1.5580e-01, 
 2DIAGNOSTIC,    16, -4.181215566288e-01, 1.239093191209e-05, 4.9636e+00, 1.5943e-01, 
 2DIAGNOSTIC,    17, -4.181210185366e-01, 1.071100368387e-05, 5.1041e+00, 1.4053e-01, 
 2DIAGNOSTIC,    18, -4.181236231992e-01, 8.614673475030e-06, 5.2783e+00, 1.7418e-01, 
 2DIAGNOSTIC,    19, -4.181245428761e-01, 6.339945511420e-06, 5.4306e+00, 1.5227e-01, 
 2DIAGNOSTIC,    20, -4.181235524393e-01, 4.540300171996e-06, 5.5742e+00, 1.4364e-01, 
 2DIAGNOSTIC,    21, -4.181218206173e-01, 2.929073824098e-06, 5.7202e+00, 1.4604e-01, 
 2DIAGNOSTIC,    22, -4.181206456253e-01, 1.877202585036e-06, 5.8591e+00, 1.3886e-01, 
 2DIAGNOSTIC,    23, -4.181214419810e-01, 1.400890544845e-06, 6.0002e+00, 1.4110e-01, 
 2DIAGNOSTIC,    24, -4.181194416683e-01, 1.250677428309e-06, 6.1671e+00, 1.6688e-01, 
 2DIAGNOSTIC,    25, -4.181223850285e-01, 1.158783735730e-06, 6.3361e+00, 1.6897e-01, 
 2DIAGNOSTIC,    26, -4.181223766478e-01, 1.106383404725e-06, 6.5003e+00, 1.6421e-01, 
 2DIAGNOSTIC,    27, -4.181232594084e-01, 1.076246066198e-06, 6.6872e+00, 1.8695e-01, 
 2DIAGNOSTIC,    28, -4.181228465821e-01, 1.110006584461e-06, 6.8399e+00, 1.5271e-01, 
 2DIAGNOSTIC,    29, -4.181218789734e-01, 1.143504574912e-06, 7.0074e+00, 1.6742e-01, 
 2DIAGNOSTIC,    30, -4.181223776896e-01, 1.160219790755e-06, 7.1721e+00, 1.6474e-01, 
 2DIAGNOSTIC,    31, -4.181221243318e-01, 1.122086849367e-06, 7.3624e+00, 1.9034e-01, 
 2DIAGNOSTIC,    32, -4.181206897713e-01, 1.021507312259e-06, 7.5273e+00, 1.6482e-01, 
DIAGNOSTIC,Iteration,metricValue,convergenceValue,ITERATION_TIME_INDEX,SINCE_LAST
 2DIAGNOSTIC,     1, -3.856935519628e-01, 1.797693134862e+308, 9.2142e+00, 1.6870e+00, 
 2DIAGNOSTIC,     2, -3.857898489888e-01, 1.797693134862e+308, 1.0177e+01, 9.6299e-01, 
 2DIAGNOSTIC,     3, -3.858123569614e-01, 1.797693134862e+308, 1.1941e+01, 1.7641e+00, 
 2DIAGNOSTIC,     4, -3.858127287906e-01, 1.797693134862e+308, 1.3009e+01, 1.0677e+00, 
 2DIAGNOSTIC,     5, -3.858120962452e-01, 1.797693134862e+308, 1.4081e+01, 1.0725e+00, 
 2DIAGNOSTIC,     6, -3.858120454744e-01, 1.797693134862e+308, 1.5386e+01, 1.3047e+00, 
 2DIAGNOSTIC,     7, -3.858122127290e-01, 1.797693134862e+308, 1.6456e+01, 1.0700e+00, 
 2DIAGNOSTIC,     8, -3.858120138324e-01, 1.797693134862e+308, 1.7516e+01, 1.0598e+00, 
 2DIAGNOSTIC,     9, -3.858117876764e-01, 1.797693134862e+308, 1.8589e+01, 1.0734e+00, 
 2DIAGNOSTIC,    10, -3.858116353174e-01, 1.325573016576e-05, 1.9787e+01, 1.1978e+00, 
 2DIAGNOSTIC,    11, -3.858115560705e-01, 4.258445132160e-06, 2.0847e+01, 1.0599e+00, 
 2DIAGNOSTIC,    12, -3.858115639273e-01, 2.510058900229e-06, 2.1803e+01, 9.5566e-01, 
 2DIAGNOSTIC,    13, -3.858114863724e-01, 2.313364929951e-06, 2.2765e+01, 9.6207e-01, 
 2DIAGNOSTIC,    14, -3.858115091565e-01, 2.179061360047e-06, 2.3840e+01, 1.0749e+00, 
 2DIAGNOSTIC,    15, -3.858115317300e-01, 2.041333355365e-06, 2.4799e+01, 9.5917e-01, 
 2DIAGNOSTIC,    16, -3.858113871350e-01, 1.918616216137e-06, 2.5866e+01, 1.0669e+00, 
 2DIAGNOSTIC,    17, -3.858111579479e-01, 1.814304236999e-06, 2.6822e+01, 9.5626e-01, 
 2DIAGNOSTIC,    18, -3.858110500630e-01, 1.714682686657e-06, 2.7906e+01, 1.0842e+00, 
 2DIAGNOSTIC,    19, -3.858111037731e-01, 1.623784637084e-06, 2.9104e+01, 1.1974e+00, 
 2DIAGNOSTIC,    20, -3.858110341087e-01, 1.538288414975e-06, 3.0172e+01, 1.0683e+00, 
 2DIAGNOSTIC,    21, -3.858109567905e-01, 1.460424788838e-06, 3.1120e+01, 9.4747e-01, 
 2DIAGNOSTIC,    22, -3.858108889340e-01, 1.393038585408e-06, 3.2078e+01, 9.5827e-01, 
 2DIAGNOSTIC,    23, -3.858106550043e-01, 1.326471904414e-06, 3.3035e+01, 9.5764e-01, 
 2DIAGNOSTIC,    24, -3.858107243212e-01, 1.273530024264e-06, 3.4102e+01, 1.0669e+00, 
 2DIAGNOSTIC,    25, -3.858106126597e-01, 1.226924345427e-06, 3.5178e+01, 1.0753e+00, 
 2DIAGNOSTIC,    26, -3.858105664158e-01, 1.183006952947e-06, 3.6115e+01, 9.3751e-01, 
 2DIAGNOSTIC,    27, -3.858104608838e-01, 1.137186521637e-06, 3.7073e+01, 9.5827e-01, 
 2DIAGNOSTIC,    28, -3.858107716231e-01, 1.103864857882e-06, 3.8265e+01, 1.1911e+00, 
 2DIAGNOSTIC,    29, -3.858107303622e-01, 1.075925273826e-06, 3.9326e+01, 1.0618e+00, 
 2DIAGNOSTIC,    30, -3.858106709962e-01, 1.048727211198e-06, 4.0373e+01, 1.0466e+00, 
 2DIAGNOSTIC,    31, -3.858105163338e-01, 1.019063761085e-06, 4.1428e+01, 1.0554e+00, 
  Elapsed time (stage 0): 4.2082e+01


Stage 1
  iterations = 1000x500x250x100
  convergence threshold = 1.0000e-06
  convergence window size = 10
  number of levels = 4
  using the Mattes MI metric (number of bins = 32, weight = 1.0000e+00, use gradient filter = 0)
  preprocessing:  winsorizing the image intensities
  Shrink factors (level 1 out of 4): [8, 8, 8]
  Shrink factors (level 2 out of 4): [4, 4, 4]
  Shrink factors (level 3 out of 4): [2, 2, 2]
  Shrink factors (level 4 out of 4): [1, 1, 1]
  smoothing sigmas per level: [3, 2, 1, 0]
  regular sampling (percentage = 2.5000e-01)

*** Running AffineTransform registration ***

DIAGNOSTIC,Iteration,metricValue,convergenceValue,ITERATION_TIME_INDEX,SINCE_LAST
 2DIAGNOSTIC,     1, -5.957107381897e-01, 1.797693134862e+308, 3.5859e-01, 3.5859e-01, 
 2DIAGNOSTIC,     2, -5.978490187979e-01, 1.797693134862e+308, 3.6328e-01, 4.6899e-03, 
 2DIAGNOSTIC,     3, -6.016874118806e-01, 1.797693134862e+308, 3.6739e-01, 4.1180e-03, 
 2DIAGNOSTIC,     4, -6.080966434219e-01, 1.797693134862e+308, 3.7155e-01, 4.1530e-03, 
 2DIAGNOSTIC,     5, -6.187642516858e-01, 1.797693134862e+308, 3.7466e-01, 3.1118e-03, 
 2DIAGNOSTIC,     6, -6.698708219890e-01, 1.797693134862e+308, 3.7797e-01, 3.3090e-03, 
 2DIAGNOSTIC,     7, -7.831916309627e-01, 1.797693134862e+308, 3.8155e-01, 3.5820e-03, 
 2DIAGNOSTIC,     8, -8.152057936067e-01, 1.797693134862e+308, 3.8594e-01, 4.3941e-03, 
 2DIAGNOSTIC,     9, -8.365807016954e-01, 1.797693134862e+308, 3.8935e-01, 3.4032e-03, 
 2DIAGNOSTIC,    10, -8.520296581449e-01, 2.871231587256e-02, 3.9445e-01, 5.1000e-03, 
 2DIAGNOSTIC,    11, -8.574951704239e-01, 2.717467359933e-02, 3.9874e-01, 4.2880e-03, 
 2DIAGNOSTIC,    12, -8.674462057795e-01, 2.385689004389e-02, 4.0261e-01, 3.8750e-03, 
 2DIAGNOSTIC,    13, -8.682248222821e-01, 1.914723951925e-02, 4.0726e-01, 4.6451e-03, 
 2DIAGNOSTIC,    14, -8.681409354077e-01, 1.372548746123e-02, 4.1209e-01, 4.8370e-03, 
 2DIAGNOSTIC,    15, -8.681399272322e-01, 8.170922715944e-03, 4.1606e-01, 3.9721e-03, 
 2DIAGNOSTIC,    16, -8.678255947379e-01, 3.789163544352e-03, 4.1984e-01, 3.7761e-03, 
 2DIAGNOSTIC,    17, -8.676622674746e-01, 2.097322620854e-03, 4.2463e-01, 4.7920e-03, 
 2DIAGNOSTIC,    18, -8.674312566375e-01, 1.065794984351e-03, 4.2896e-01, 4.3290e-03, 
 2DIAGNOSTIC,    19, -8.672174080408e-01, 4.601919826415e-04, 4.3256e-01, 3.6030e-03, 
 2DIAGNOSTIC,    20, -8.673148048866e-01, 1.613835244390e-04, 4.3689e-01, 4.3271e-03, 
DIAGNOSTIC,Iteration,metricValue,convergenceValue,ITERATION_TIME_INDEX,SINCE_LAST
 2DIAGNOSTIC,     1, -7.267722257813e-01, 1.797693134862e+308, 8.3437e-01, 3.9748e-01, 
 2DIAGNOSTIC,     2, -7.270789214623e-01, 1.797693134862e+308, 8.6347e-01, 2.9101e-02, 
 2DIAGNOSTIC,     3, -7.273183251804e-01, 1.797693134862e+308, 8.8972e-01, 2.6253e-02, 
 2DIAGNOSTIC,     4, -7.275553562919e-01, 1.797693134862e+308, 9.1705e-01, 2.7322e-02, 
 2DIAGNOSTIC,     5, -7.279802474052e-01, 1.797693134862e+308, 9.4154e-01, 2.4490e-02, 
 2DIAGNOSTIC,     6, -7.281180158260e-01, 1.797693134862e+308, 9.8061e-01, 3.9077e-02, 
 2DIAGNOSTIC,     7, -7.281412226686e-01, 1.797693134862e+308, 1.0073e+00, 2.6736e-02, 
 2DIAGNOSTIC,     8, -7.280548700492e-01, 1.797693134862e+308, 1.0390e+00, 3.1611e-02, 
 2DIAGNOSTIC,     9, -7.280465841569e-01, 1.797693134862e+308, 1.0682e+00, 2.9282e-02, 
 2DIAGNOSTIC,    10, -7.280449902659e-01, 1.176726982226e-04, 1.0968e+00, 2.8606e-02, 
 2DIAGNOSTIC,    11, -7.280151561015e-01, 7.228957169420e-05, 1.1255e+00, 2.8650e-02, 
 2DIAGNOSTIC,    12, -7.280120508416e-01, 3.822963606831e-05, 1.1547e+00, 2.9180e-02, 
 2DIAGNOSTIC,    13, -7.279918784997e-01, 1.283513860889e-05, 1.1829e+00, 2.8227e-02, 
DIAGNOSTIC,Iteration,metricValue,convergenceValue,ITERATION_TIME_INDEX,SINCE_LAST
 2DIAGNOSTIC,     1, -6.133758118475e-01, 1.797693134862e+308, 1.8319e+00, 6.4896e-01, 
 2DIAGNOSTIC,     2, -6.139435979420e-01, 1.797693134862e+308, 2.0169e+00, 1.8504e-01, 
 2DIAGNOSTIC,     3, -6.146773367127e-01, 1.797693134862e+308, 2.1984e+00, 1.8146e-01, 
 2DIAGNOSTIC,     4, -6.155932905525e-01, 1.797693134862e+308, 2.3830e+00, 1.8464e-01, 
 2DIAGNOSTIC,     5, -6.166463576184e-01, 1.797693134862e+308, 2.5622e+00, 1.7918e-01, 
 2DIAGNOSTIC,     6, -6.176096316605e-01, 1.797693134862e+308, 2.7639e+00, 2.0173e-01, 
 2DIAGNOSTIC,     7, -6.183749618635e-01, 1.797693134862e+308, 3.2910e+00, 5.2706e-01, 
 2DIAGNOSTIC,     8, -6.183753569035e-01, 1.797693134862e+308, 3.4752e+00, 1.8420e-01, 
 2DIAGNOSTIC,     9, -6.183755740665e-01, 1.797693134862e+308, 3.6567e+00, 1.8156e-01, 
 2DIAGNOSTIC,    10, -6.183759406893e-01, 5.990506222833e-04, 3.8407e+00, 1.8394e-01, 
 2DIAGNOSTIC,    11, -6.183765576064e-01, 4.449474378542e-04, 4.0413e+00, 2.0061e-01, 
 2DIAGNOSTIC,    12, -6.183770986689e-01, 2.984271640431e-04, 4.2385e+00, 1.9717e-01, 
 2DIAGNOSTIC,    13, -6.183763086645e-01, 1.737460262204e-04, 4.3949e+00, 1.5640e-01, 
 2DIAGNOSTIC,    14, -6.183758866136e-01, 8.127911597737e-05, 4.5524e+00, 1.5754e-01, 
 2DIAGNOSTIC,    15, -6.183760747033e-01, 2.572610199726e-05, 4.7118e+00, 1.5942e-01, 
 2DIAGNOSTIC,    16, -6.183785950385e-01, 2.128260694081e-06, 4.8862e+00, 1.7434e-01, 
 2DIAGNOSTIC,    17, -6.183827251304e-01, 2.136003486031e-06, 5.0723e+00, 1.8611e-01, 
 2DIAGNOSTIC,    18, -6.183880827848e-01, 2.264224270819e-06, 5.3033e+00, 2.3102e-01, 
 2DIAGNOSTIC,    19, -6.183906659751e-01, 2.399845654928e-06, 5.5267e+00, 2.2338e-01, 
 2DIAGNOSTIC,    20, -6.183903497892e-01, 2.456393162667e-06, 5.7092e+00, 1.8251e-01, 
 2DIAGNOSTIC,    21, -6.183888848606e-01, 2.409333620751e-06, 5.9130e+00, 2.0387e-01, 
 2DIAGNOSTIC,    22, -6.183883179060e-01, 2.282731443690e-06, 6.1007e+00, 1.8763e-01, 
 2DIAGNOSTIC,    23, -6.183882664410e-01, 2.070875589406e-06, 6.2877e+00, 1.8700e-01, 
 2DIAGNOSTIC,    24, -6.183903937326e-01, 1.845098464022e-06, 6.4807e+00, 1.9302e-01, 
 2DIAGNOSTIC,    25, -6.183938047805e-01, 1.654921813400e-06, 6.6495e+00, 1.6878e-01, 
 2DIAGNOSTIC,    26, -6.183959097435e-01, 1.524414611272e-06, 6.8410e+00, 1.9154e-01, 
 2DIAGNOSTIC,    27, -6.183970275998e-01, 1.463153018390e-06, 7.0339e+00, 1.9283e-01, 
 2DIAGNOSTIC,    28, -6.183978092479e-01, 1.479445007814e-06, 7.2370e+00, 2.0319e-01, 
 2DIAGNOSTIC,    29, -6.183980114007e-01, 1.505839386143e-06, 7.4203e+00, 1.8326e-01, 
 2DIAGNOSTIC,    30, -6.183979170908e-01, 1.485355216650e-06, 7.6085e+00, 1.8821e-01, 
 2DIAGNOSTIC,    31, -6.184021196488e-01, 1.466920770569e-06, 7.8166e+00, 2.0810e-01, 
 2DIAGNOSTIC,    32, -6.184016979126e-01, 1.392820770017e-06, 8.0225e+00, 2.0590e-01, 
 2DIAGNOSTIC,    33, -6.183968167109e-01, 1.217527451719e-06, 8.2054e+00, 1.8291e-01, 
 2DIAGNOSTIC,    34, -6.183991982825e-01, 1.091497840170e-06, 8.3887e+00, 1.8329e-01, 
 2DIAGNOSTIC,    35, -6.184005375750e-01, 1.017968807339e-06, 8.5900e+00, 2.0131e-01, 
 2DIAGNOSTIC,    36, -6.184069479832e-01, 1.044759366544e-06, 8.7785e+00, 1.8848e-01, 
 2DIAGNOSTIC,    37, -6.184041303420e-01, 1.031963621650e-06, 9.0106e+00, 2.3214e-01, 
DIAGNOSTIC,Iteration,metricValue,convergenceValue,ITERATION_TIME_INDEX,SINCE_LAST
 2DIAGNOSTIC,     1, -5.436524447888e-01, 1.797693134862e+308, 1.1073e+01, 2.0619e+00, 
 2DIAGNOSTIC,     2, -5.439744584707e-01, 1.797693134862e+308, 1.2376e+01, 1.3037e+00, 
 2DIAGNOSTIC,     3, -5.442716776472e-01, 1.797693134862e+308, 1.3680e+01, 1.3039e+00, 
 2DIAGNOSTIC,     4, -5.446652015004e-01, 1.797693134862e+308, 1.4977e+01, 1.2973e+00, 
 2DIAGNOSTIC,     5, -5.462549550673e-01, 1.797693134862e+308, 1.7557e+01, 2.5794e+00, 
 2DIAGNOSTIC,     6, -5.462540995915e-01, 1.797693134862e+308, 1.8999e+01, 1.4421e+00, 
 2DIAGNOSTIC,     7, -5.462546047589e-01, 1.797693134862e+308, 2.0722e+01, 1.7236e+00, 
 2DIAGNOSTIC,     8, -5.462541371940e-01, 1.797693134862e+308, 2.2862e+01, 2.1399e+00, 
 2DIAGNOSTIC,     9, -5.462542800475e-01, 1.797693134862e+308, 2.4161e+01, 1.2987e+00, 
 2DIAGNOSTIC,    10, -5.462542441592e-01, 3.537324370391e-04, 2.5594e+01, 1.4329e+00, 
 2DIAGNOSTIC,    11, -5.462541226719e-01, 2.457476358075e-04, 2.7163e+01, 1.5689e+00, 
 2DIAGNOSTIC,    12, -5.462540462095e-01, 1.489491915641e-04, 2.8586e+01, 1.4234e+00, 
 2DIAGNOSTIC,    13, -5.462539477104e-01, 6.607392282799e-05, 2.9870e+01, 1.2836e+00, 
 2DIAGNOSTIC,    14, -5.462537382740e-01, 2.209377987297e-06, 3.1153e+01, 1.2833e+00, 
 2DIAGNOSTIC,    15, -5.462536803518e-01, 2.072907161546e-06, 3.2583e+01, 1.4303e+00, 
 2DIAGNOSTIC,    16, -5.462535181768e-01, 1.924388131652e-06, 3.4164e+01, 1.5806e+00, 
 2DIAGNOSTIC,    17, -5.462534422159e-01, 1.813076472991e-06, 3.5471e+01, 1.3074e+00, 
 2DIAGNOSTIC,    18, -5.462532708438e-01, 1.701053099948e-06, 3.6754e+01, 1.2823e+00, 
 2DIAGNOSTIC,    19, -5.462533111081e-01, 1.612225071612e-06, 3.8171e+01, 1.4169e+00, 
 2DIAGNOSTIC,    20, -5.462533301697e-01, 1.537705371847e-06, 3.9455e+01, 1.2840e+00, 
 2DIAGNOSTIC,    21, -5.462534580548e-01, 1.475428492208e-06, 4.1017e+01, 1.5620e+00, 
 2DIAGNOSTIC,    22, -5.462533258879e-01, 1.417635198293e-06, 4.2582e+01, 1.5653e+00, 
 2DIAGNOSTIC,    23, -5.462532451271e-01, 1.363809278593e-06, 4.4021e+01, 1.4393e+00, 
 2DIAGNOSTIC,    24, -5.462531491088e-01, 1.309760691987e-06, 4.5440e+01, 1.4190e+00, 
 2DIAGNOSTIC,    25, -5.462530480684e-01, 1.258270162507e-06, 4.6732e+01, 1.2914e+00, 
 2DIAGNOSTIC,    26, -5.462528343429e-01, 1.204608012749e-06, 4.8028e+01, 1.2960e+00, 
 2DIAGNOSTIC,    27, -5.462528030817e-01, 1.154913681876e-06, 4.9295e+01, 1.2677e+00, 
 2DIAGNOSTIC,    28, -5.462529845539e-01, 1.111214302282e-06, 5.0708e+01, 1.4129e+00, 
 2DIAGNOSTIC,    29, -5.462529630987e-01, 1.073132441888e-06, 5.2119e+01, 1.4108e+00, 
 2DIAGNOSTIC,    30, -5.462529107026e-01, 1.039289627164e-06, 5.3512e+01, 1.3931e+00, 
 2DIAGNOSTIC,    31, -5.462526891514e-01, 1.008262393021e-06, 5.4758e+01, 1.2464e+00, 
  Elapsed time (stage 1): 5.5624e+01


Stage 2
  iterations = 100x70x50x20
  convergence threshold = 1.0000e-06
  convergence window size = 10
  number of levels = 4
  using the CC metric (radius = 4, weight = 1.0000e+00, use gradient filter = 0)
  preprocessing:  winsorizing the image intensities
  Shrink factors (level 1 out of 4): [8, 8, 8]
  Shrink factors (level 2 out of 4): [4, 4, 4]
  Shrink factors (level 3 out of 4): [2, 2, 2]
  Shrink factors (level 4 out of 4): [1, 1, 1]
  smoothing sigmas per level: [3, 2, 1, 0]
  Using default NONE metricSamplingStrategy 

*** Running SyN registration (varianceForUpdateField = 3.0000e+00, varianceForTotalField = 0.0000e+00) ***

XXDIAGNOSTIC,Iteration,metricValue,convergenceValue,ITERATION_TIME_INDEX,SINCE_LAST
 1DIAGNOSTIC,     1, -9.274959105623e-01, 1.797693134862e+308, 4.6077e-01, 4.6077e-01, 
 1DIAGNOSTIC,     2, -9.345622203534e-01, 1.797693134862e+308, 6.2137e-01, 1.6059e-01, 
 1DIAGNOSTIC,     3, -9.390143007902e-01, 1.797693134862e+308, 7.8177e-01, 1.6041e-01, 
 1DIAGNOSTIC,     4, -9.418894873747e-01, 1.797693134862e+308, 9.3725e-01, 1.5548e-01, 
 1DIAGNOSTIC,     5, -9.452081375322e-01, 1.797693134862e+308, 1.0931e+00, 1.5584e-01, 
 1DIAGNOSTIC,     6, -9.505248499750e-01, 1.797693134862e+308, 1.2558e+00, 1.6273e-01, 
 1DIAGNOSTIC,     7, -9.561510281865e-01, 1.797693134862e+308, 1.4127e+00, 1.5690e-01, 
 1DIAGNOSTIC,     8, -9.604029711389e-01, 1.797693134862e+308, 1.5685e+00, 1.5575e-01, 
 1DIAGNOSTIC,     9, -9.643218177815e-01, 1.797693134862e+308, 1.7289e+00, 1.6046e-01, 
 1DIAGNOSTIC,    10, -9.671357231521e-01, 2.645288194189e-03, 1.8868e+00, 1.5791e-01, 
 1DIAGNOSTIC,    11, -9.679305429286e-01, 2.224157668378e-03, 2.0447e+00, 1.5785e-01, 
 1DIAGNOSTIC,    12, -9.683452251142e-01, 1.859253767393e-03, 2.1990e+00, 1.5428e-01, 
 1DIAGNOSTIC,    13, -9.683016009397e-01, 1.484638891266e-03, 2.3529e+00, 1.5391e-01, 
 1DIAGNOSTIC,    14, -9.693583937019e-01, 1.113146329710e-03, 2.5085e+00, 1.5565e-01, 
 1DIAGNOSTIC,    15, -9.692456984149e-01, 7.521250163925e-04, 2.6637e+00, 1.5517e-01, 
 1DIAGNOSTIC,    16, -9.700648784080e-01, 4.810461053587e-04, 2.8188e+00, 1.5510e-01, 
 1DIAGNOSTIC,    17, -9.697801021589e-01, 2.907337103654e-04, 2.9795e+00, 1.6067e-01, 
 1DIAGNOSTIC,    18, -9.703089919557e-01, 1.730879536386e-04, 3.1377e+00, 1.5824e-01, 
 1DIAGNOSTIC,    19, -9.699252585960e-01, 1.059372900565e-04, 3.2951e+00, 1.5737e-01, 
 1DIAGNOSTIC,    20, -9.706060367255e-01, 8.751603056197e-05, 3.4457e+00, 1.5067e-01, 
 1DIAGNOSTIC,    21, -9.702418981456e-01, 6.862288080996e-05, 3.6008e+00, 1.5506e-01, 
 1DIAGNOSTIC,    22, -9.706372454906e-01, 5.642934490312e-05, 3.7566e+00, 1.5575e-01, 
 1DIAGNOSTIC,    23, -9.702220401162e-01, 3.388794252264e-05, 3.9086e+00, 1.5200e-01, 
 1DIAGNOSTIC,    24, -9.708796678855e-01, 3.158556073018e-05, 4.0645e+00, 1.5590e-01, 
 1DIAGNOSTIC,    25, -9.705423673650e-01, 2.078487015156e-05, 4.2200e+00, 1.5556e-01, 
 1DIAGNOSTIC,    26, -9.707059267837e-01, 2.040032582022e-05, 4.3764e+00, 1.5641e-01, 
 1DIAGNOSTIC,    27, -9.702812510543e-01, 1.036322672097e-05, 4.5292e+00, 1.5283e-01, 
 1DIAGNOSTIC,    28, -9.709018190391e-01, 1.257081909006e-05, 4.6855e+00, 1.5625e-01, 
 1DIAGNOSTIC,    29, -9.706028798274e-01, 6.128619561965e-06, 4.8404e+00, 1.5486e-01, 
 1DIAGNOSTIC,    30, -9.707066323117e-01, 7.561612192009e-06, 4.9934e+00, 1.5300e-01, 
 1DIAGNOSTIC,    31, -9.702918140289e-01, 8.535688500386e-07, 5.1508e+00, 1.5747e-01, 
XXDIAGNOSTIC,Iteration,metricValue,convergenceValue,ITERATION_TIME_INDEX,SINCE_LAST
 1DIAGNOSTIC,     1, -9.133022408385e-01, 1.797693134862e+308, 6.7090e+00, 1.5582e+00, 
 1DIAGNOSTIC,     2, -9.159951159956e-01, 1.797693134862e+308, 7.9559e+00, 1.2469e+00, 
 1DIAGNOSTIC,     3, -9.191885225329e-01, 1.797693134862e+308, 9.2032e+00, 1.2473e+00, 
 1DIAGNOSTIC,     4, -9.222434949083e-01, 1.797693134862e+308, 1.0453e+01, 1.2500e+00, 
 1DIAGNOSTIC,     5, -9.251005958513e-01, 1.797693134862e+308, 1.1715e+01, 1.2616e+00, 
 1DIAGNOSTIC,     6, -9.277674342691e-01, 1.797693134862e+308, 1.2966e+01, 1.2515e+00, 
 1DIAGNOSTIC,     7, -9.302545411013e-01, 1.797693134862e+308, 1.4210e+01, 1.2434e+00, 
 1DIAGNOSTIC,     8, -9.321926625497e-01, 1.797693134862e+308, 1.5475e+01, 1.2657e+00, 
 1DIAGNOSTIC,     9, -9.338353464700e-01, 1.797693134862e+308, 1.6732e+01, 1.2566e+00, 
 1DIAGNOSTIC,    10, -9.352229672001e-01, 1.563693240761e-03, 1.7982e+01, 1.2497e+00, 
 1DIAGNOSTIC,    11, -9.364397617059e-01, 1.294422315593e-03, 1.9241e+01, 1.2596e+00, 
 1DIAGNOSTIC,    12, -9.375294760919e-01, 1.049776567457e-03, 2.0495e+01, 1.2534e+00, 
 1DIAGNOSTIC,    13, -9.383120628069e-01, 8.410557811852e-04, 2.1745e+01, 1.2507e+00, 
 1DIAGNOSTIC,    14, -9.392603337494e-01, 6.729261157969e-04, 2.2998e+01, 1.2522e+00, 
 1DIAGNOSTIC,    15, -9.399348575951e-01, 5.372116825864e-04, 2.4251e+01, 1.2535e+00, 
 1DIAGNOSTIC,    16, -9.408118283563e-01, 4.363526124700e-04, 2.5499e+01, 1.2478e+00, 
 1DIAGNOSTIC,    17, -9.413643176903e-01, 3.613610404914e-04, 2.6754e+01, 1.2554e+00, 
 1DIAGNOSTIC,    18, -9.417494103875e-01, 3.005312745957e-04, 2.8009e+01, 1.2545e+00, 
 1DIAGNOSTIC,    19, -9.421103257703e-01, 2.503430922906e-04, 2.9261e+01, 1.2521e+00, 
 1DIAGNOSTIC,    20, -9.424109750970e-01, 2.074839208079e-04, 3.0519e+01, 1.2582e+00, 
 1DIAGNOSTIC,    21, -9.426590477821e-01, 1.704749127335e-04, 3.1772e+01, 1.2532e+00, 
 1DIAGNOSTIC,    22, -9.428232852956e-01, 1.382837317932e-04, 3.3024e+01, 1.2521e+00, 
 1DIAGNOSTIC,    23, -9.429248488041e-01, 1.076659637001e-04, 3.4284e+01, 1.2597e+00, 
 1DIAGNOSTIC,    24, -9.429928689639e-01, 8.247702779963e-05, 3.5558e+01, 1.2744e+00, 
 1DIAGNOSTIC,    25, -9.430410663297e-01, 6.027957297651e-05, 3.6810e+01, 1.2515e+00, 
 1DIAGNOSTIC,    26, -9.430909150129e-01, 4.497287118611e-05, 3.8064e+01, 1.2539e+00, 
 1DIAGNOSTIC,    27, -9.431507968495e-01, 3.351872439135e-05, 3.9314e+01, 1.2503e+00, 
 1DIAGNOSTIC,    28, -9.432263370056e-01, 2.477692198867e-05, 4.0561e+01, 1.2472e+00, 
 1DIAGNOSTIC,    29, -9.433249653133e-01, 1.916794158302e-05, 4.1809e+01, 1.2482e+00, 
 1DIAGNOSTIC,    30, -9.434550363713e-01, 1.652945016970e-05, 4.3061e+01, 1.2517e+00, 
 1DIAGNOSTIC,    31, -9.436224089442e-01, 1.661833347370e-05, 4.4318e+01, 1.2564e+00, 
 1DIAGNOSTIC,    32, -9.438368706785e-01, 1.877417380798e-05, 4.5568e+01, 1.2508e+00, 
 1DIAGNOSTIC,    33, -9.440474776708e-01, 2.194179754578e-05, 4.6813e+01, 1.2447e+00, 
 1DIAGNOSTIC,    34, -9.442562520869e-01, 2.537371343595e-05, 4.8075e+01, 1.2615e+00, 
 1DIAGNOSTIC,    35, -9.444401000925e-01, 2.827458797418e-05, 4.9333e+01, 1.2582e+00, 
 1DIAGNOSTIC,    36, -9.446001823041e-01, 3.015735650244e-05, 5.0601e+01, 1.2682e+00, 
 1DIAGNOSTIC,    37, -9.447449788870e-01, 3.080584279925e-05, 5.1856e+01, 1.2549e+00, 
 1DIAGNOSTIC,    38, -9.448756922547e-01, 3.019056048368e-05, 5.3125e+01, 1.2689e+00, 
 1DIAGNOSTIC,    39, -9.450032807306e-01, 2.854756652782e-05, 5.4393e+01, 1.2678e+00, 
 1DIAGNOSTIC,    40, -9.451060011314e-01, 2.608378181092e-05, 5.5658e+01, 1.2657e+00, 
 1DIAGNOSTIC,    41, -9.451991204785e-01, 2.322764882562e-05, 5.6921e+01, 1.2624e+00, 
 1DIAGNOSTIC,    42, -9.452698901135e-01, 2.039734410221e-05, 5.8213e+01, 1.2922e+00, 
 1DIAGNOSTIC,    43, -9.453640391780e-01, 1.794420236293e-05, 5.9466e+01, 1.2527e+00, 
 1DIAGNOSTIC,    44, -9.454143549565e-01, 1.571209840684e-05, 6.0747e+01, 1.2811e+00, 
 1DIAGNOSTIC,    45, -9.450972167638e-01, 1.123435078038e-05, 6.2002e+01, 1.2549e+00, 
 1DIAGNOSTIC,    46, -9.449637063522e-01, 6.176466968957e-06, 6.3281e+01, 1.2799e+00, 
 1DIAGNOSTIC,    47, -9.447875456033e-01, 5.982422883119e-07, 6.4540e+01, 1.2590e+00, 
XXDIAGNOSTIC,Iteration,metricValue,convergenceValue,ITERATION_TIME_INDEX,SINCE_LAST
 1DIAGNOSTIC,     1, -8.959624187091e-01, 1.797693134862e+308, 7.5205e+01, 1.0665e+01, 
 1DIAGNOSTIC,     2, -8.983757371528e-01, 1.797693134862e+308, 8.5210e+01, 1.0004e+01, 
 1DIAGNOSTIC,     3, -9.011675795243e-01, 1.797693134862e+308, 9.5193e+01, 9.9837e+00, 
 1DIAGNOSTIC,     4, -9.037305767434e-01, 1.797693134862e+308, 1.0533e+02, 1.0141e+01, 
 1DIAGNOSTIC,     5, -9.060535082648e-01, 1.797693134862e+308, 1.1547e+02, 1.0132e+01, 
 1DIAGNOSTIC,     6, -9.081147823792e-01, 1.797693134862e+308, 1.2584e+02, 1.0375e+01, 
 1DIAGNOSTIC,     7, -9.099673479346e-01, 1.797693134862e+308, 1.3594e+02, 1.0095e+01, 
 1DIAGNOSTIC,     8, -9.115001714745e-01, 1.797693134862e+308, 1.4616e+02, 1.0221e+01, 
 1DIAGNOSTIC,     9, -9.131202625126e-01, 1.797693134862e+308, 1.5623e+02, 1.0069e+01, 
 1DIAGNOSTIC,    10, -9.144504988695e-01, 1.316460192593e-03, 1.6642e+02, 1.0192e+01, 
 1DIAGNOSTIC,    11, -9.158085430599e-01, 1.098871477496e-03, 1.7660e+02, 1.0177e+01, 
 1DIAGNOSTIC,    12, -9.169026220722e-01, 9.097184619891e-04, 1.8680e+02, 1.0204e+01, 
 1DIAGNOSTIC,    13, -9.177133081679e-01, 7.536636225304e-04, 1.9698e+02, 1.0176e+01, 
 1DIAGNOSTIC,    14, -9.184360103950e-01, 6.244059819566e-04, 2.0719e+02, 1.0212e+01, 
 1DIAGNOSTIC,    15, -9.191913521376e-01, 5.190490748578e-04, 2.1740e+02, 1.0212e+01, 
 1DIAGNOSTIC,    16, -9.197193545638e-01, 4.293282293320e-04, 2.2743e+02, 1.0027e+01, 
 1DIAGNOSTIC,    17, -9.201776153849e-01, 3.529010671520e-04, 2.3766e+02, 1.0231e+01, 
 1DIAGNOSTIC,    18, -9.206353726342e-01, 2.866995481027e-04, 2.4772e+02, 1.0066e+01, 
 1DIAGNOSTIC,    19, -9.208981963331e-01, 2.316713107949e-04, 2.5787e+02, 1.0147e+01, 
 1DIAGNOSTIC,    20, -9.213727099584e-01, 1.885493595360e-04, 2.6818e+02, 1.0313e+01, 
 1DIAGNOSTIC,    21, -9.218611326983e-01, 1.591397381142e-04, 2.7838e+02, 1.0191e+01, 
 1DIAGNOSTIC,    22, -9.221831511665e-01, 1.374932955672e-04, 2.8874e+02, 1.0368e+01, 
 1DIAGNOSTIC,    23, -9.226231012891e-01, 1.218090186389e-04, 2.9902e+02, 1.0274e+01, 
 1DIAGNOSTIC,    24, -9.228979434230e-01, 1.088660137844e-04, 3.0919e+02, 1.0176e+01, 
 1DIAGNOSTIC,    25, -9.231436040873e-01, 9.918721885663e-05, 3.1935e+02, 1.0156e+01, 
 1DIAGNOSTIC,    26, -9.233719429534e-01, 8.995705070581e-05, 3.2969e+02, 1.0344e+01, 
 1DIAGNOSTIC,    27, -9.235820612680e-01, 8.063068853445e-05, 3.3987e+02, 1.0173e+01, 
 1DIAGNOSTIC,    28, -9.237855391808e-01, 7.178477392654e-05, 3.5000e+02, 1.0133e+01, 
 1DIAGNOSTIC,    29, -9.239843441114e-01, 6.172507778471e-05, 3.6025e+02, 1.0254e+01, 
 1DIAGNOSTIC,    30, -9.241806885438e-01, 5.345735739271e-05, 3.7045e+02, 1.0196e+01, 
 1DIAGNOSTIC,    31, -9.243737230685e-01, 4.753774533044e-05, 3.8064e+02, 1.0194e+01, 
 1DIAGNOSTIC,    32, -9.245654520490e-01, 4.246256171176e-05, 3.9078e+02, 1.0133e+01, 
 1DIAGNOSTIC,    33, -9.247473655469e-01, 3.954919661837e-05, 4.0087e+02, 1.0094e+01, 
 1DIAGNOSTIC,    34, -9.249227600297e-01, 3.720049088187e-05, 4.1115e+02, 1.0282e+01, 
 1DIAGNOSTIC,    35, -9.250957781995e-01, 3.520259860351e-05, 4.2127e+02, 1.0121e+01, 
 1DIAGNOSTIC,    36, -9.252654721936e-01, 3.343880463043e-05, 4.3145e+02, 1.0173e+01, 
 1DIAGNOSTIC,    37, -9.254356523058e-01, 3.181665075355e-05, 4.4172e+02, 1.0276e+01, 
 1DIAGNOSTIC,    38, -9.256072775394e-01, 3.035151161983e-05, 4.5196e+02, 1.0238e+01, 
 1DIAGNOSTIC,    39, -9.257841382842e-01, 2.909547322886e-05, 4.6206e+02, 1.0100e+01, 
 1DIAGNOSTIC,    40, -9.259588579503e-01, 2.804111751991e-05, 4.7228e+02, 1.0219e+01, 
 1DIAGNOSTIC,    41, -9.261367703490e-01, 2.720351596290e-05, 4.8249e+02, 1.0212e+01, 
 1DIAGNOSTIC,    42, -9.263148877204e-01, 2.657408403945e-05, 4.9268e+02, 1.0184e+01, 
 1DIAGNOSTIC,    43, -9.264958106812e-01, 2.608593391735e-05, 5.0295e+02, 1.0274e+01, 
 1DIAGNOSTIC,    44, -9.266803531427e-01, 2.569557205509e-05, 5.1325e+02, 1.0301e+01, 
 1DIAGNOSTIC,    45, -9.268650310400e-01, 2.536165329098e-05, 5.2353e+02, 1.0281e+01, 
 1DIAGNOSTIC,    46, -9.270510947329e-01, 2.504518536951e-05, 5.3367e+02, 1.0135e+01, 
 1DIAGNOSTIC,    47, -9.272361158742e-01, 2.471836913352e-05, 5.4388e+02, 1.0218e+01, 
 1DIAGNOSTIC,    48, -9.274190357247e-01, 2.435661672543e-05, 5.5399e+02, 1.0109e+01, 
 1DIAGNOSTIC,    49, -9.275970128424e-01, 2.394950353267e-05, 5.6426e+02, 1.0267e+01, 
 1DIAGNOSTIC,    50, -9.277705245933e-01, 2.345017804706e-05, 5.7446e+02, 1.0195e+01, 
XXDIAGNOSTIC,Iteration,metricValue,convergenceValue,ITERATION_TIME_INDEX,SINCE_LAST
 1DIAGNOSTIC,     1, -8.850175647329e-01, 1.797693134862e+308, 6.6386e+02, 8.9407e+01, 
 1DIAGNOSTIC,     2, -8.860689196165e-01, 1.797693134862e+308, 7.5194e+02, 8.8075e+01, 
 1DIAGNOSTIC,     3, -8.874094573495e-01, 1.797693134862e+308, 8.3872e+02, 8.6785e+01, 
 1DIAGNOSTIC,     4, -8.886936217905e-01, 1.797693134862e+308, 9.2634e+02, 8.7614e+01, 
 1DIAGNOSTIC,     5, -8.900877569979e-01, 1.797693134862e+308, 1.0143e+03, 8.7938e+01, 
 1DIAGNOSTIC,     6, -8.912965350743e-01, 1.797693134862e+308, 1.1000e+03, 8.5703e+01, 
 1DIAGNOSTIC,     7, -8.923965480596e-01, 1.797693134862e+308, 1.1876e+03, 8.7590e+01, 
 1DIAGNOSTIC,     8, -8.934771366820e-01, 1.797693134862e+308, 1.2751e+03, 8.7530e+01, 
 1DIAGNOSTIC,     9, -8.943950403064e-01, 1.797693134862e+308, 1.3624e+03, 8.7260e+01, 
 1DIAGNOSTIC,    10, -8.952275222028e-01, 7.587800831936e-04, 1.4495e+03, 8.7120e+01, 
 1DIAGNOSTIC,    11, -8.960349071495e-01, 6.572371333977e-04, 1.5375e+03, 8.8037e+01, 
 1DIAGNOSTIC,    12, -8.968117631050e-01, 5.619240381242e-04, 1.6247e+03, 8.7183e+01, 
 1DIAGNOSTIC,    13, -8.975442172370e-01, 4.810564327406e-04, 1.7120e+03, 8.7332e+01, 
 1DIAGNOSTIC,    14, -8.982827697946e-01, 4.137032630937e-04, 1.8001e+03, 8.8023e+01, 
 1DIAGNOSTIC,    15, -8.989489740624e-01, 3.610445941660e-04, 1.8907e+03, 9.0685e+01, 
 1DIAGNOSTIC,    16, -8.996247194575e-01, 3.191494313992e-04, 1.9789e+03, 8.8187e+01, 
 1DIAGNOSTIC,    17, -9.003211070793e-01, 2.861686940360e-04, 2.0667e+03, 8.7819e+01, 
 1DIAGNOSTIC,    18, -9.010310313403e-01, 2.618478994928e-04, 2.1540e+03, 8.7223e+01, 
 1DIAGNOSTIC,    19, -9.017582089620e-01, 2.431824864870e-04, 2.2409e+03, 8.6929e+01, 
 1DIAGNOSTIC,    20, -9.024215869676e-01, 2.274069356890e-04, 2.3300e+03, 8.9081e+01, 
  Elapsed time (stage 2): 2331


Total elapsed time: 2429
