All_Command_lines_OK
Using double precision for computations.
=============================================================================
The composite transform comprises the following transforms (in order): 
  1. Center of mass alignment using fixed image: /templateflow/tpl-MNI152NLin2009cAsym/tpl-MNI152NLin2009cAsym_res-01_desc-brain_T1w.nii.gz and moving image: /mnt/lustre/mathdugre/ants-amp/datasets/corr/RawDataBIDS/BMB_1/derivatives/antsBrainExtraction/sub-0003026/BrainExtractionBrain.nii.gz (type = Euler3DTransform)
=============================================================================
  number of levels = 4
  number of levels = 4
  number of levels = 4
  fixed image: /templateflow/tpl-MNI152NLin2009cAsym/tpl-MNI152NLin2009cAsym_res-01_desc-brain_T1w.nii.gz
  moving image: /mnt/lustre/mathdugre/ants-amp/datasets/corr/RawDataBIDS/BMB_1/derivatives/antsBrainExtraction/sub-0003026/BrainExtractionBrain.nii.gz
  fixed image: /templateflow/tpl-MNI152NLin2009cAsym/tpl-MNI152NLin2009cAsym_res-01_desc-brain_T1w.nii.gz
  moving image: /mnt/lustre/mathdugre/ants-amp/datasets/corr/RawDataBIDS/BMB_1/derivatives/antsBrainExtraction/sub-0003026/BrainExtractionBrain.nii.gz
  fixed image: /templateflow/tpl-MNI152NLin2009cAsym/tpl-MNI152NLin2009cAsym_res-01_desc-brain_T1w.nii.gz
  moving image: /mnt/lustre/mathdugre/ants-amp/datasets/corr/RawDataBIDS/BMB_1/derivatives/antsBrainExtraction/sub-0003026/BrainExtractionBrain.nii.gz
Dimension = 3
Number of stages = 3
Use histogram matching = false
Winsorize image intensities = true
  Lower quantile = 0.005
  Upper quantile = 0.995


Stage 1 State
   Image metric = MattesMI
     Fixed image = Image (0x562601453360)
  RTTI typeinfo:   itk::Image<double, 3u>
  Reference Count: 2
  Modified Time: 2372
  Debug: Off
  Object Name: 
  Observers: 
    none
  Source: (none)
  Source output name: (none)
  Release Data: Off
  Data Released: False
  Global Release Data: Off
  PipelineMTime: 0
  UpdateMTime: 1981
  RealTimeStamp: 0 seconds 
  LargestPossibleRegion: 
    Dimension: 3
    Index: [0, 0, 0]
    Size: [193, 229, 193]
  BufferedRegion: 
    Dimension: 3
    Index: [0, 0, 0]
    Size: [193, 229, 193]
  RequestedRegion: 
    Dimension: 3
    Index: [0, 0, 0]
    Size: [193, 229, 193]
  Spacing: [1, 1, 1]
  Origin: [96, 132, -78]
  Direction: 
-1 0 0
0 -1 0
0 0 1

  IndexToPointMatrix: 
-1 0 0
0 -1 0
0 0 1

  PointToIndexMatrix: 
-1 0 0
0 -1 0
0 0 1

  Inverse Direction: 
-1 0 0
0 -1 0
0 0 1

  PixelContainer: 
    ImportImageContainer (0x562601456c80)
      RTTI typeinfo:   itk::ImportImageContainer<unsigned long, double>
      Reference Count: 1
      Modified Time: 1978
      Debug: Off
      Object Name: 
      Observers: 
        none
      Pointer: 0x7f1d5188e010
      Container manages memory: true
      Size: 8530021
      Capacity: 8530021

     Moving image = Image (0x562601560340)
  RTTI typeinfo:   itk::Image<double, 3u>
  Reference Count: 2
  Modified Time: 2373
  Debug: Off
  Object Name: 
  Observers: 
    none
  Source: (none)
  Source output name: (none)
  Release Data: Off
  Data Released: False
  Global Release Data: Off
  PipelineMTime: 0
  UpdateMTime: 2370
  RealTimeStamp: 0 seconds 
  LargestPossibleRegion: 
    Dimension: 3
    Index: [0, 0, 0]
    Size: [176, 256, 256]
  BufferedRegion: 
    Dimension: 3
    Index: [0, 0, 0]
    Size: [176, 256, 256]
  RequestedRegion: 
    Dimension: 3
    Index: [0, 0, 0]
    Size: [176, 256, 256]
  Spacing: [1, 1, 1]
  Origin: [-73.9607, 105.897, -115.526]
  Direction: 
1 0 0
0 -1 0
0 0 1

  IndexToPointMatrix: 
1 0 0
0 -1 0
0 0 1

  PointToIndexMatrix: 
1 0 0
0 -1 0
0 0 1

  Inverse Direction: 
1 0 0
0 -1 0
0 0 1

  PixelContainer: 
    ImportImageContainer (0x562601565710)
      RTTI typeinfo:   itk::ImportImageContainer<unsigned long, double>
      Reference Count: 1
      Modified Time: 2367
      Debug: Off
      Object Name: 
      Observers: 
        none
      Pointer: 0x7f1d4c08d010
      Container manages memory: true
      Size: 11534336
      Capacity: 11534336

     Weighting = 1
     Sampling strategy = regular
     Number of bins = 32
     Radius = 4
     Sampling percentage  = 0.25
   Transform = Rigid
     Gradient step = 0.1
     Update field sigma (voxel space) = 0
     Total field sigma (voxel space) = 0
     Update field time sigma = 0
     Total field time sigma  = 0
     Number of time indices = 0
     Number of time point samples = 0
Stage 2 State
   Image metric = MattesMI
     Fixed image = Image (0x5626015a7bd0)
  RTTI typeinfo:   itk::Image<double, 3u>
  Reference Count: 2
  Modified Time: 3150
  Debug: Off
  Object Name: 
  Observers: 
    none
  Source: (none)
  Source output name: (none)
  Release Data: Off
  Data Released: False
  Global Release Data: Off
  PipelineMTime: 0
  UpdateMTime: 2759
  RealTimeStamp: 0 seconds 
  LargestPossibleRegion: 
    Dimension: 3
    Index: [0, 0, 0]
    Size: [193, 229, 193]
  BufferedRegion: 
    Dimension: 3
    Index: [0, 0, 0]
    Size: [193, 229, 193]
  RequestedRegion: 
    Dimension: 3
    Index: [0, 0, 0]
    Size: [193, 229, 193]
  Spacing: [1, 1, 1]
  Origin: [96, 132, -78]
  Direction: 
-1 0 0
0 -1 0
0 0 1

  IndexToPointMatrix: 
-1 0 0
0 -1 0
0 0 1

  PointToIndexMatrix: 
-1 0 0
0 -1 0
0 0 1

  Inverse Direction: 
-1 0 0
0 -1 0
0 0 1

  PixelContainer: 
    ImportImageContainer (0x562601562d80)
      RTTI typeinfo:   itk::ImportImageContainer<unsigned long, double>
      Reference Count: 1
      Modified Time: 2756
      Debug: Off
      Object Name: 
      Observers: 
        none
      Pointer: 0x7f1d47f78010
      Container manages memory: true
      Size: 8530021
      Capacity: 8530021

     Moving image = Image (0x562601563010)
  RTTI typeinfo:   itk::Image<double, 3u>
  Reference Count: 2
  Modified Time: 3151
  Debug: Off
  Object Name: 
  Observers: 
    none
  Source: (none)
  Source output name: (none)
  Release Data: Off
  Data Released: False
  Global Release Data: Off
  PipelineMTime: 0
  UpdateMTime: 3148
  RealTimeStamp: 0 seconds 
  LargestPossibleRegion: 
    Dimension: 3
    Index: [0, 0, 0]
    Size: [176, 256, 256]
  BufferedRegion: 
    Dimension: 3
    Index: [0, 0, 0]
    Size: [176, 256, 256]
  RequestedRegion: 
    Dimension: 3
    Index: [0, 0, 0]
    Size: [176, 256, 256]
  Spacing: [1, 1, 1]
  Origin: [-73.9607, 105.897, -115.526]
  Direction: 
1 0 0
0 -1 0
0 0 1

  IndexToPointMatrix: 
1 0 0
0 -1 0
0 0 1

  PointToIndexMatrix: 
1 0 0
0 -1 0
0 0 1

  Inverse Direction: 
1 0 0
0 -1 0
0 0 1

  PixelContainer: 
    ImportImageContainer (0x5626015c8150)
      RTTI typeinfo:   itk::ImportImageContainer<unsigned long, double>
      Reference Count: 1
      Modified Time: 3145
      Debug: Off
      Object Name: 
      Observers: 
        none
      Pointer: 0x7f1d42777010
      Container manages memory: true
      Size: 11534336
      Capacity: 11534336

     Weighting = 1
     Sampling strategy = regular
     Number of bins = 32
     Radius = 4
     Sampling percentage  = 0.25
   Transform = Affine
     Gradient step = 0.1
     Update field sigma (voxel space) = 0
     Total field sigma (voxel space) = 0
     Update field time sigma = 0
     Total field time sigma  = 0
     Number of time indices = 0
     Number of time point samples = 0
Stage 3 State
   Image metric = CC
     Fixed image = Image (0x5626015e82a0)
  RTTI typeinfo:   itk::Image<double, 3u>
  Reference Count: 2
  Modified Time: 3928
  Debug: Off
  Object Name: 
  Observers: 
    none
  Source: (none)
  Source output name: (none)
  Release Data: Off
  Data Released: False
  Global Release Data: Off
  PipelineMTime: 0
  UpdateMTime: 3537
  RealTimeStamp: 0 seconds 
  LargestPossibleRegion: 
    Dimension: 3
    Index: [0, 0, 0]
    Size: [193, 229, 193]
  BufferedRegion: 
    Dimension: 3
    Index: [0, 0, 0]
    Size: [193, 229, 193]
  RequestedRegion: 
    Dimension: 3
    Index: [0, 0, 0]
    Size: [193, 229, 193]
  Spacing: [1, 1, 1]
  Origin: [96, 132, -78]
  Direction: 
-1 0 0
0 -1 0
0 0 1

  IndexToPointMatrix: 
-1 0 0
0 -1 0
0 0 1

  PointToIndexMatrix: 
-1 0 0
0 -1 0
0 0 1

  Inverse Direction: 
-1 0 0
0 -1 0
0 0 1

  PixelContainer: 
    ImportImageContainer (0x56260154eb50)
      RTTI typeinfo:   itk::ImportImageContainer<unsigned long, double>
      Reference Count: 1
      Modified Time: 3534
      Debug: Off
      Object Name: 
      Observers: 
        none
      Pointer: 0x7f1d3e662010
      Container manages memory: true
      Size: 8530021
      Capacity: 8530021

     Moving image = Image (0x562601561e30)
  RTTI typeinfo:   itk::Image<double, 3u>
  Reference Count: 2
  Modified Time: 3929
  Debug: Off
  Object Name: 
  Observers: 
    none
  Source: (none)
  Source output name: (none)
  Release Data: Off
  Data Released: False
  Global Release Data: Off
  PipelineMTime: 0
  UpdateMTime: 3926
  RealTimeStamp: 0 seconds 
  LargestPossibleRegion: 
    Dimension: 3
    Index: [0, 0, 0]
    Size: [176, 256, 256]
  BufferedRegion: 
    Dimension: 3
    Index: [0, 0, 0]
    Size: [176, 256, 256]
  RequestedRegion: 
    Dimension: 3
    Index: [0, 0, 0]
    Size: [176, 256, 256]
  Spacing: [1, 1, 1]
  Origin: [-73.9607, 105.897, -115.526]
  Direction: 
1 0 0
0 -1 0
0 0 1

  IndexToPointMatrix: 
1 0 0
0 -1 0
0 0 1

  PointToIndexMatrix: 
1 0 0
0 -1 0
0 0 1

  Inverse Direction: 
1 0 0
0 -1 0
0 0 1

  PixelContainer: 
    ImportImageContainer (0x562601585790)
      RTTI typeinfo:   itk::ImportImageContainer<unsigned long, double>
      Reference Count: 1
      Modified Time: 3923
      Debug: Off
      Object Name: 
      Observers: 
        none
      Pointer: 0x7f1d38e61010
      Container manages memory: true
      Size: 11534336
      Capacity: 11534336

     Weighting = 1
     Sampling strategy = none
     Number of bins = 32
     Radius = 4
     Sampling percentage  = 1
   Transform = SyN
     Gradient step = 0.1
     Update field sigma (voxel space) = 3
     Total field sigma (voxel space) = 0
     Update field time sigma = 0
     Total field time sigma  = 0
     Number of time indices = 0
     Number of time point samples = 0
Registration using 3 total stages.

Stage 0
  iterations = 1000x500x250x100
  convergence threshold = 1e-06
  convergence window size = 10
  number of levels = 4
  using the Mattes MI metric (number of bins = 32, weight = 1, use gradient filter = 0)
  preprocessing:  winsorizing the image intensities
  Shrink factors (level 1 out of 4): [8, 8, 8]
  Shrink factors (level 2 out of 4): [4, 4, 4]
  Shrink factors (level 3 out of 4): [2, 2, 2]
  Shrink factors (level 4 out of 4): [1, 1, 1]
  smoothing sigmas per level: [3, 2, 1, 0]
  regular sampling (percentage = 0.25)

*** Running Euler3DTransform registration ***

DIAGNOSTIC,Iteration,metricValue,convergenceValue,ITERATION_TIME_INDEX,SINCE_LAST
 2DIAGNOSTIC,     1, -5.295992255001e-01, 1.797693134862e+308, 3.5297e-01, 3.5297e-01, 
 2DIAGNOSTIC,     2, -5.306068281195e-01, 1.797693134862e+308, 3.5668e-01, 3.7050e-03, 
 2DIAGNOSTIC,     3, -5.320549344349e-01, 1.797693134862e+308, 3.6032e-01, 3.6440e-03, 
 2DIAGNOSTIC,     4, -5.336343336696e-01, 1.797693134862e+308, 3.6322e-01, 2.8980e-03, 
 2DIAGNOSTIC,     5, -5.353012114560e-01, 1.797693134862e+308, 3.6608e-01, 2.8560e-03, 
 2DIAGNOSTIC,     6, -5.377472361645e-01, 1.797693134862e+308, 3.6903e-01, 2.9550e-03, 
 2DIAGNOSTIC,     7, -5.377273342865e-01, 1.797693134862e+308, 3.7192e-01, 2.8949e-03, 
 2DIAGNOSTIC,     8, -5.377818575119e-01, 1.797693134862e+308, 3.7536e-01, 3.4359e-03, 
 2DIAGNOSTIC,     9, -5.378043843804e-01, 1.797693134862e+308, 3.7777e-01, 2.4140e-03, 
 2DIAGNOSTIC,    10, -5.378094979479e-01, 1.109947091589e-03, 3.8178e-01, 4.0030e-03, 
 2DIAGNOSTIC,    11, -5.377607256419e-01, 7.879595456305e-04, 3.8473e-01, 2.9531e-03, 
 2DIAGNOSTIC,    12, -5.376228570167e-01, 4.878703923751e-04, 3.8731e-01, 2.5799e-03, 
 2DIAGNOSTIC,    13, -5.376478988207e-01, 2.511556888181e-04, 3.9027e-01, 2.9619e-03, 
 2DIAGNOSTIC,    14, -5.377564238966e-01, 8.889956993105e-05, 3.9324e-01, 2.9690e-03, 
DIAGNOSTIC,Iteration,metricValue,convergenceValue,ITERATION_TIME_INDEX,SINCE_LAST
 2DIAGNOSTIC,     1, -4.309932998855e-01, 1.797693134862e+308, 7.7055e-01, 3.7731e-01, 
 2DIAGNOSTIC,     2, -4.313194176648e-01, 1.797693134862e+308, 7.9196e-01, 2.1408e-02, 
 2DIAGNOSTIC,     3, -4.319022877234e-01, 1.797693134862e+308, 8.1198e-01, 2.0018e-02, 
 2DIAGNOSTIC,     4, -4.325907058409e-01, 1.797693134862e+308, 8.3203e-01, 2.0058e-02, 
 2DIAGNOSTIC,     5, -4.327789004089e-01, 1.797693134862e+308, 8.5173e-01, 1.9693e-02, 
 2DIAGNOSTIC,     6, -4.330414335025e-01, 1.797693134862e+308, 8.7127e-01, 1.9539e-02, 
 2DIAGNOSTIC,     7, -4.335967459055e-01, 1.797693134862e+308, 8.9251e-01, 2.1243e-02, 
 2DIAGNOSTIC,     8, -4.341118029188e-01, 1.797693134862e+308, 9.2015e-01, 2.7636e-02, 
 2DIAGNOSTIC,     9, -4.342096683521e-01, 1.797693134862e+308, 9.3985e-01, 1.9702e-02, 
 2DIAGNOSTIC,    10, -4.342781971379e-01, 5.201687757534e-04, 9.5975e-01, 1.9904e-02, 
 2DIAGNOSTIC,    11, -4.344065479139e-01, 4.213658680476e-04, 9.7964e-01, 1.9892e-02, 
 2DIAGNOSTIC,    12, -4.346253034981e-01, 3.303139044824e-04, 1.0018e+00, 2.2193e-02, 
 2DIAGNOSTIC,    13, -4.347099145368e-01, 2.560045346781e-04, 1.0318e+00, 2.9954e-02, 
 2DIAGNOSTIC,    14, -4.348587228249e-01, 2.087799296420e-04, 1.0541e+00, 2.2304e-02, 
 2DIAGNOSTIC,    15, -4.348546205466e-01, 1.573278962314e-04, 1.0750e+00, 2.0946e-02, 
 2DIAGNOSTIC,    16, -4.348501607395e-01, 1.083392862256e-04, 1.0978e+00, 2.2765e-02, 
 2DIAGNOSTIC,    17, -4.348593551142e-01, 7.654713548558e-05, 1.1202e+00, 2.2419e-02, 
 2DIAGNOSTIC,    18, -4.348638527810e-01, 6.020202646227e-05, 1.1408e+00, 2.0568e-02, 
 2DIAGNOSTIC,    19, -4.348955817445e-01, 4.464528463431e-05, 1.1602e+00, 1.9398e-02, 
 2DIAGNOSTIC,    20, -4.349695273497e-01, 3.129484669783e-05, 1.1799e+00, 1.9744e-02, 
 2DIAGNOSTIC,    21, -4.351094252590e-01, 2.468101705703e-05, 1.2072e+00, 2.7242e-02, 
 2DIAGNOSTIC,    22, -4.352792706995e-01, 2.797291103233e-05, 1.2344e+00, 2.7208e-02, 
 2DIAGNOSTIC,    23, -4.353022856536e-01, 3.137308332327e-05, 1.3032e+00, 6.8836e-02, 
 2DIAGNOSTIC,    24, -4.353022765990e-01, 3.582124553847e-05, 1.3220e+00, 1.8802e-02, 
 2DIAGNOSTIC,    25, -4.353022862308e-01, 3.660521849603e-05, 1.3410e+00, 1.8944e-02, 
 2DIAGNOSTIC,    26, -4.353023025167e-01, 3.382903724525e-05, 1.3606e+00, 1.9598e-02, 
 2DIAGNOSTIC,    27, -4.353023300476e-01, 2.836306192093e-05, 1.3797e+00, 1.9118e-02, 
 2DIAGNOSTIC,    28, -4.353023765804e-01, 2.085995775528e-05, 1.3981e+00, 1.8423e-02, 
 2DIAGNOSTIC,    29, -4.353024552300e-01, 1.278172377932e-05, 1.4172e+00, 1.9074e-02, 
 2DIAGNOSTIC,    30, -4.353025879981e-01, 5.719901436441e-06, 1.4353e+00, 1.8088e-02, 
 2DIAGNOSTIC,    31, -4.353028117781e-01, 1.534482994288e-06, 1.4533e+00, 1.8036e-02, 
 2DIAGNOSTIC,    32, -4.353031886557e-01, 1.030142508039e-06, 1.4717e+00, 1.8354e-02, 
 2DIAGNOSTIC,    33, -4.353038232325e-01, 1.021950150358e-06, 1.4920e+00, 2.0324e-02, 
 2DIAGNOSTIC,    34, -4.353048891181e-01, 1.029033069828e-06, 1.5126e+00, 2.0591e-02, 
 2DIAGNOSTIC,    35, -4.353066683188e-01, 1.060079032666e-06, 1.5319e+00, 1.9279e-02, 
 2DIAGNOSTIC,    36, -4.353096573662e-01, 1.129203170493e-06, 1.5539e+00, 2.2077e-02, 
 2DIAGNOSTIC,    37, -4.353117989609e-01, 1.208753030946e-06, 1.5731e+00, 1.9177e-02, 
 2DIAGNOSTIC,    38, -4.353080227347e-01, 1.186664812840e-06, 1.5927e+00, 1.9562e-02, 
 2DIAGNOSTIC,    39, -4.353136558764e-01, 1.231015859821e-06, 1.6146e+00, 2.1941e-02, 
 2DIAGNOSTIC,    40, -4.353189281577e-01, 1.318631455770e-06, 1.6336e+00, 1.8976e-02, 
 2DIAGNOSTIC,    41, -4.353199274165e-01, 1.368543358998e-06, 1.6563e+00, 2.2672e-02, 
 2DIAGNOSTIC,    42, -4.353291708794e-01, 1.511219737151e-06, 1.6782e+00, 2.1968e-02, 
 2DIAGNOSTIC,    43, -4.353272546281e-01, 1.554455765586e-06, 1.6962e+00, 1.7999e-02, 
 2DIAGNOSTIC,    44, -4.353282116314e-01, 1.549537111917e-06, 1.7155e+00, 1.9235e-02, 
 2DIAGNOSTIC,    45, -4.353327278818e-01, 1.555405257109e-06, 1.7349e+00, 1.9395e-02, 
 2DIAGNOSTIC,    46, -4.353325681577e-01, 1.516803279724e-06, 1.7576e+00, 2.2739e-02, 
 2DIAGNOSTIC,    47, -4.353399557820e-01, 1.536068269307e-06, 1.7794e+00, 2.1810e-02, 
 2DIAGNOSTIC,    48, -4.353309745046e-01, 1.295468529863e-06, 1.8025e+00, 2.3132e-02, 
 2DIAGNOSTIC,    49, -4.353377644314e-01, 1.174310968650e-06, 1.8247e+00, 2.2137e-02, 
DIAGNOSTIC,Iteration,metricValue,convergenceValue,ITERATION_TIME_INDEX,SINCE_LAST
 2DIAGNOSTIC,     1, -3.825965683595e-01, 1.797693134862e+308, 2.4024e+00, 5.7771e-01, 
 2DIAGNOSTIC,     2, -3.827196564175e-01, 1.797693134862e+308, 2.5397e+00, 1.3731e-01, 
 2DIAGNOSTIC,     3, -3.828140922334e-01, 1.797693134862e+308, 2.6777e+00, 1.3799e-01, 
 2DIAGNOSTIC,     4, -3.829224774644e-01, 1.797693134862e+308, 2.8371e+00, 1.5944e-01, 
 2DIAGNOSTIC,     5, -3.829756857813e-01, 1.797693134862e+308, 2.9761e+00, 1.3895e-01, 
 2DIAGNOSTIC,     6, -3.829910600138e-01, 1.797693134862e+308, 3.1556e+00, 1.7953e-01, 
 2DIAGNOSTIC,     7, -3.830040075234e-01, 1.797693134862e+308, 3.2966e+00, 1.4104e-01, 
 2DIAGNOSTIC,     8, -3.830279418059e-01, 1.797693134862e+308, 3.4360e+00, 1.3932e-01, 
 2DIAGNOSTIC,     9, -3.831034701842e-01, 1.797693134862e+308, 3.5771e+00, 1.4111e-01, 
 2DIAGNOSTIC,    10, -3.831974490300e-01, 8.682016014641e-05, 3.7128e+00, 1.3571e-01, 
 2DIAGNOSTIC,    11, -3.832940568977e-01, 7.460204220001e-05, 3.8682e+00, 1.5541e-01, 
 2DIAGNOSTIC,    12, -3.833180737577e-01, 6.700875171285e-05, 4.0599e+00, 1.9171e-01, 
 2DIAGNOSTIC,    13, -3.833285954389e-01, 6.071091316165e-05, 4.2153e+00, 1.5541e-01, 
 2DIAGNOSTIC,    14, -3.833475550846e-01, 5.670263283861e-05, 4.3512e+00, 1.3586e-01, 
 2DIAGNOSTIC,    15, -3.834029159688e-01, 5.352345664776e-05, 4.4895e+00, 1.3833e-01, 
 2DIAGNOSTIC,    16, -3.834605568329e-01, 4.931596157726e-05, 4.6718e+00, 1.8235e-01, 
 2DIAGNOSTIC,    17, -3.835065534682e-01, 4.383109867104e-05, 4.8506e+00, 1.7878e-01, 
 2DIAGNOSTIC,    18, -3.835069623883e-01, 3.610349081230e-05, 5.0116e+00, 1.6094e-01, 
 2DIAGNOSTIC,    19, -3.835128648065e-01, 2.917874558220e-05, 5.1528e+00, 1.4122e-01, 
 2DIAGNOSTIC,    20, -3.835145968860e-01, 2.383177571620e-05, 5.3143e+00, 1.6149e-01, 
 2DIAGNOSTIC,    21, -3.835165204836e-01, 2.034699156611e-05, 5.4943e+00, 1.8002e-01, 
 2DIAGNOSTIC,    22, -3.835162653291e-01, 1.621870883328e-05, 5.7520e+00, 2.5773e-01, 
 2DIAGNOSTIC,    23, -3.835162915696e-01, 1.143746157165e-05, 5.8931e+00, 1.4111e-01, 
 2DIAGNOSTIC,    24, -3.835148608508e-01, 6.647355718752e-06, 6.0506e+00, 1.5750e-01, 
 2DIAGNOSTIC,    25, -3.835141753595e-01, 3.329930757384e-06, 6.2047e+00, 1.5405e-01, 
 2DIAGNOSTIC,    26, -3.835135110457e-01, 1.663774436729e-06, 6.3594e+00, 1.5470e-01, 
 2DIAGNOSTIC,    27, -3.835135844793e-01, 1.347009642154e-06, 6.4944e+00, 1.3498e-01, 
 2DIAGNOSTIC,    28, -3.835129716806e-01, 1.028125347913e-06, 6.6482e+00, 1.5387e-01, 
DIAGNOSTIC,Iteration,metricValue,convergenceValue,ITERATION_TIME_INDEX,SINCE_LAST
 2DIAGNOSTIC,     1, -3.553975658381e-01, 1.797693134862e+308, 8.2692e+00, 1.6210e+00, 
 2DIAGNOSTIC,     2, -3.554572625792e-01, 1.797693134862e+308, 9.4187e+00, 1.1495e+00, 
 2DIAGNOSTIC,     3, -3.554611789761e-01, 1.797693134862e+308, 1.0459e+01, 1.0403e+00, 
 2DIAGNOSTIC,     4, -3.554625184680e-01, 1.797693134862e+308, 1.1505e+01, 1.0457e+00, 
 2DIAGNOSTIC,     5, -3.554642834595e-01, 1.797693134862e+308, 1.2549e+01, 1.0447e+00, 
 2DIAGNOSTIC,     6, -3.554642784148e-01, 1.797693134862e+308, 1.3824e+01, 1.2746e+00, 
 2DIAGNOSTIC,     7, -3.554646431987e-01, 1.797693134862e+308, 1.5541e+01, 1.7168e+00, 
 2DIAGNOSTIC,     8, -3.554645047600e-01, 1.797693134862e+308, 1.6695e+01, 1.1547e+00, 
 2DIAGNOSTIC,     9, -3.554644366499e-01, 1.797693134862e+308, 1.7618e+01, 9.2215e-01, 
 2DIAGNOSTIC,    10, -3.554642144396e-01, 9.277075062458e-06, 1.8658e+01, 1.0403e+00, 
 2DIAGNOSTIC,    11, -3.554642292792e-01, 3.700804142664e-06, 1.9689e+01, 1.0315e+00, 
 2DIAGNOSTIC,    12, -3.554640807881e-01, 2.943962494784e-06, 2.0605e+01, 9.1604e-01, 
 2DIAGNOSTIC,    13, -3.554641061664e-01, 2.518599847859e-06, 2.1646e+01, 1.0410e+00, 
 2DIAGNOSTIC,    14, -3.554640467996e-01, 2.218065715515e-06, 2.2684e+01, 1.0375e+00, 
 2DIAGNOSTIC,    15, -3.554639915290e-01, 2.053987989969e-06, 2.3732e+01, 1.0480e+00, 
 2DIAGNOSTIC,    16, -3.554639292105e-01, 1.912630307577e-06, 2.4774e+01, 1.0425e+00, 
 2DIAGNOSTIC,    17, -3.554637851697e-01, 1.805333048131e-06, 2.5803e+01, 1.0290e+00, 
 2DIAGNOSTIC,    18, -3.554636411096e-01, 1.703597802091e-06, 2.6842e+01, 1.0382e+00, 
 2DIAGNOSTIC,    19, -3.554635824230e-01, 1.613411514653e-06, 2.7875e+01, 1.0333e+00, 
 2DIAGNOSTIC,    20, -3.554635993761e-01, 1.529576518569e-06, 2.8800e+01, 9.2502e-01, 
 2DIAGNOSTIC,    21, -3.554636281627e-01, 1.461134163466e-06, 2.9725e+01, 9.2528e-01, 
 2DIAGNOSTIC,    22, -3.554636774706e-01, 1.400291308670e-06, 3.0778e+01, 1.0524e+00, 
 2DIAGNOSTIC,    23, -3.554637275236e-01, 1.351714606836e-06, 3.1825e+01, 1.0477e+00, 
 2DIAGNOSTIC,    24, -3.554634330233e-01, 1.298321125151e-06, 3.2747e+01, 9.2137e-01, 
 2DIAGNOSTIC,    25, -3.554633901431e-01, 1.248840399495e-06, 3.3794e+01, 1.0469e+00, 
 2DIAGNOSTIC,    26, -3.554634190464e-01, 1.204330034109e-06, 3.4836e+01, 1.0427e+00, 
 2DIAGNOSTIC,    27, -3.554633559809e-01, 1.158680607093e-06, 3.5770e+01, 9.3330e-01, 
 2DIAGNOSTIC,    28, -3.554633056896e-01, 1.112689894826e-06, 3.6696e+01, 9.2640e-01, 
 2DIAGNOSTIC,    29, -3.554633581966e-01, 1.072095373207e-06, 3.7731e+01, 1.0346e+00, 
 2DIAGNOSTIC,    30, -3.554635734358e-01, 1.042718618983e-06, 3.8891e+01, 1.1599e+00, 
 2DIAGNOSTIC,    31, -3.554635202006e-01, 1.015963739158e-06, 3.9929e+01, 1.0381e+00, 
  Elapsed time (stage 0): 4.0590e+01


Stage 1
  iterations = 1000x500x250x100
  convergence threshold = 1.0000e-06
  convergence window size = 10
  number of levels = 4
  using the Mattes MI metric (number of bins = 32, weight = 1.0000e+00, use gradient filter = 0)
  preprocessing:  winsorizing the image intensities
  Shrink factors (level 1 out of 4): [8, 8, 8]
  Shrink factors (level 2 out of 4): [4, 4, 4]
  Shrink factors (level 3 out of 4): [2, 2, 2]
  Shrink factors (level 4 out of 4): [1, 1, 1]
  smoothing sigmas per level: [3, 2, 1, 0]
  regular sampling (percentage = 2.5000e-01)

*** Running AffineTransform registration ***

DIAGNOSTIC,Iteration,metricValue,convergenceValue,ITERATION_TIME_INDEX,SINCE_LAST
 2DIAGNOSTIC,     1, -5.217279806444e-01, 1.797693134862e+308, 3.4869e-01, 3.4869e-01, 
 2DIAGNOSTIC,     2, -5.235237287385e-01, 1.797693134862e+308, 3.5427e-01, 5.5840e-03, 
 2DIAGNOSTIC,     3, -5.274903869246e-01, 1.797693134862e+308, 3.5918e-01, 4.9050e-03, 
 2DIAGNOSTIC,     4, -5.327033117393e-01, 1.797693134862e+308, 3.6262e-01, 3.4401e-03, 
 2DIAGNOSTIC,     5, -5.395424927817e-01, 1.797693134862e+308, 3.6618e-01, 3.5651e-03, 
 2DIAGNOSTIC,     6, -5.485852720871e-01, 1.797693134862e+308, 3.6974e-01, 3.5598e-03, 
 2DIAGNOSTIC,     7, -5.657589649471e-01, 1.797693134862e+308, 3.7329e-01, 3.5491e-03, 
 2DIAGNOSTIC,     8, -6.120590026037e-01, 1.797693134862e+308, 3.7679e-01, 3.5000e-03, 
 2DIAGNOSTIC,     9, -7.161735765224e-01, 1.797693134862e+308, 3.8167e-01, 4.8840e-03, 
 2DIAGNOSTIC,    10, -7.785124674303e-01, 2.429476884498e-02, 3.8517e-01, 3.5000e-03, 
 2DIAGNOSTIC,    11, -8.099958105244e-01, 2.858012618177e-02, 3.8992e-01, 4.7450e-03, 
 2DIAGNOSTIC,    12, -8.232728658945e-01, 3.000649505109e-02, 3.9370e-01, 3.7820e-03, 
 2DIAGNOSTIC,    13, -8.320288523692e-01, 2.890541904306e-02, 3.9713e-01, 3.4320e-03, 
 2DIAGNOSTIC,    14, -8.377088219157e-01, 2.570776944012e-02, 4.0169e-01, 4.5531e-03, 
 2DIAGNOSTIC,    15, -8.391087556411e-01, 2.095286716403e-02, 4.0543e-01, 3.7439e-03, 
 2DIAGNOSTIC,    16, -8.405561772248e-01, 1.534502292744e-02, 4.0928e-01, 3.8521e-03, 
 2DIAGNOSTIC,    17, -8.435611771517e-01, 9.654480582073e-03, 4.1363e-01, 4.3480e-03, 
 2DIAGNOSTIC,    18, -8.444214516904e-01, 4.873050358903e-03, 4.1751e-01, 3.8800e-03, 
 2DIAGNOSTIC,    19, -8.455312720988e-01, 2.456014848361e-03, 4.2121e-01, 3.6969e-03, 
 2DIAGNOSTIC,    20, -8.457923494146e-01, 1.338497807709e-03, 4.2449e-01, 3.2818e-03, 
 2DIAGNOSTIC,    21, -8.460320412192e-01, 8.172541562405e-04, 4.2861e-01, 4.1230e-03, 
 2DIAGNOSTIC,    22, -8.461458736585e-01, 5.112826250765e-04, 4.3191e-01, 3.3028e-03, 
 2DIAGNOSTIC,    23, -8.462069184262e-01, 3.358041488314e-04, 4.3601e-01, 4.0982e-03, 
 2DIAGNOSTIC,    24, -8.462721943159e-01, 2.388885103431e-04, 4.3977e-01, 3.7591e-03, 
 2DIAGNOSTIC,    25, -8.463612872852e-01, 1.516317890158e-04, 4.4342e-01, 3.6440e-03, 
 2DIAGNOSTIC,    26, -8.463735026325e-01, 7.852783268472e-05, 4.4670e-01, 3.2809e-03, 
 2DIAGNOSTIC,    27, -8.463808709433e-01, 4.670447026253e-05, 4.5040e-01, 3.7019e-03, 
 2DIAGNOSTIC,    28, -8.463906296371e-01, 2.462399258825e-05, 4.5372e-01, 3.3221e-03, 
 2DIAGNOSTIC,    29, -8.464047620161e-01, 1.662586261977e-05, 4.5856e-01, 4.8411e-03, 
 2DIAGNOSTIC,    30, -8.464063911608e-01, 1.098433711341e-05, 4.6278e-01, 4.2219e-03, 
 2DIAGNOSTIC,    31, -8.464077712066e-01, 7.714407838068e-06, 4.6818e-01, 5.3980e-03, 
 2DIAGNOSTIC,    32, -8.464077864570e-01, 5.383820647617e-06, 4.7303e-01, 4.8499e-03, 
 2DIAGNOSTIC,    33, -8.464077868388e-01, 3.483658836595e-06, 4.7766e-01, 4.6310e-03, 
 2DIAGNOSTIC,    34, -8.464077868625e-01, 2.161842306579e-06, 4.8260e-01, 4.9331e-03, 
 2DIAGNOSTIC,    35, -8.464077868631e-01, 1.754659477056e-06, 4.8761e-01, 5.0161e-03, 
 2DIAGNOSTIC,    36, -8.464077868632e-01, 1.426853885364e-06, 4.9283e-01, 5.2199e-03, 
 2DIAGNOSTIC,    37, -8.464077868632e-01, 1.147336809483e-06, 4.9844e-01, 5.6050e-03, 
DIAGNOSTIC,Iteration,metricValue,convergenceValue,ITERATION_TIME_INDEX,SINCE_LAST
 2DIAGNOSTIC,     1, -7.136587404316e-01, 1.797693134862e+308, 8.7981e-01, 3.8137e-01, 
 2DIAGNOSTIC,     2, -7.143544801972e-01, 1.797693134862e+308, 9.0645e-01, 2.6639e-02, 
 2DIAGNOSTIC,     3, -7.151657592982e-01, 1.797693134862e+308, 9.3323e-01, 2.6782e-02, 
 2DIAGNOSTIC,     4, -7.160987733951e-01, 1.797693134862e+308, 9.5899e-01, 2.5761e-02, 
 2DIAGNOSTIC,     5, -7.170479067144e-01, 1.797693134862e+308, 9.9719e-01, 3.8204e-02, 
 2DIAGNOSTIC,     6, -7.172733239816e-01, 1.797693134862e+308, 1.0309e+00, 3.3703e-02, 
 2DIAGNOSTIC,     7, -7.172761440386e-01, 1.797693134862e+308, 1.0565e+00, 2.5629e-02, 
 2DIAGNOSTIC,     8, -7.172936711192e-01, 1.797693134862e+308, 1.0814e+00, 2.4921e-02, 
 2DIAGNOSTIC,     9, -7.173169118816e-01, 1.797693134862e+308, 1.1065e+00, 2.5082e-02, 
 2DIAGNOSTIC,    10, -7.173460839781e-01, 3.347462256498e-04, 1.1313e+00, 2.4774e-02, 
 2DIAGNOSTIC,    11, -7.173835822393e-01, 2.158414123965e-04, 1.1562e+00, 2.4909e-02, 
 2DIAGNOSTIC,    12, -7.174328051420e-01, 1.223849455757e-04, 1.1814e+00, 2.5139e-02, 
 2DIAGNOSTIC,    13, -7.175040449663e-01, 5.905878698523e-05, 1.2061e+00, 2.4760e-02, 
 2DIAGNOSTIC,    14, -7.175594180663e-01, 2.691601970820e-05, 1.2328e+00, 2.6716e-02, 
 2DIAGNOSTIC,    15, -7.175935603269e-01, 2.263056281965e-05, 1.2757e+00, 4.2843e-02, 
 2DIAGNOSTIC,    16, -7.176161180385e-01, 2.315728578334e-05, 1.2999e+00, 2.4245e-02, 
 2DIAGNOSTIC,    17, -7.176219647087e-01, 2.186817699848e-05, 1.3255e+00, 2.5596e-02, 
 2DIAGNOSTIC,    18, -7.176293219960e-01, 1.940948364584e-05, 1.3577e+00, 3.2221e-02, 
 2DIAGNOSTIC,    19, -7.176329895869e-01, 1.612246454482e-05, 1.3827e+00, 2.4976e-02, 
 2DIAGNOSTIC,    20, -7.176363691818e-01, 1.246514889655e-05, 1.4128e+00, 3.0077e-02, 
 2DIAGNOSTIC,    21, -7.176452426428e-01, 9.016825676812e-06, 1.4479e+00, 3.5141e-02, 
 2DIAGNOSTIC,    22, -7.176494674011e-01, 6.123674988021e-06, 1.4733e+00, 2.5407e-02, 
 2DIAGNOSTIC,    23, -7.176636495686e-01, 4.500960311994e-06, 1.5045e+00, 3.1209e-02, 
 2DIAGNOSTIC,    24, -7.176668763194e-01, 3.673962574932e-06, 1.5358e+00, 3.1281e-02, 
 2DIAGNOSTIC,    25, -7.176669622432e-01, 3.228860548626e-06, 1.5700e+00, 3.4203e-02, 
 2DIAGNOSTIC,    26, -7.176669667840e-01, 2.979120604658e-06, 1.6000e+00, 3.0017e-02, 
 2DIAGNOSTIC,    27, -7.176669672700e-01, 2.665276081615e-06, 1.6328e+00, 3.2739e-02, 
 2DIAGNOSTIC,    28, -7.176669673681e-01, 2.335198349399e-06, 1.6690e+00, 3.6205e-02, 
 2DIAGNOSTIC,    29, -7.176669673802e-01, 1.964458847044e-06, 1.6997e+00, 3.0717e-02, 
 2DIAGNOSTIC,    30, -7.176669673821e-01, 1.581327804402e-06, 1.7299e+00, 3.0236e-02, 
 2DIAGNOSTIC,    31, -7.176669673824e-01, 1.288422882877e-06, 1.7614e+00, 3.1415e-02, 
 2DIAGNOSTIC,    32, -7.176669673825e-01, 1.036827337729e-06, 1.7928e+00, 3.1420e-02, 
DIAGNOSTIC,Iteration,metricValue,convergenceValue,ITERATION_TIME_INDEX,SINCE_LAST
 2DIAGNOSTIC,     1, -6.142508334317e-01, 1.797693134862e+308, 2.4041e+00, 6.1134e-01, 
 2DIAGNOSTIC,     2, -6.147140029549e-01, 1.797693134862e+308, 2.5812e+00, 1.7705e-01, 
 2DIAGNOSTIC,     3, -6.151885514020e-01, 1.797693134862e+308, 2.7453e+00, 1.6408e-01, 
 2DIAGNOSTIC,     4, -6.156842565144e-01, 1.797693134862e+308, 2.9199e+00, 1.7462e-01, 
 2DIAGNOSTIC,     5, -6.162536133017e-01, 1.797693134862e+308, 3.1079e+00, 1.8799e-01, 
 2DIAGNOSTIC,     6, -6.164810090945e-01, 1.797693134862e+308, 3.3151e+00, 2.0726e-01, 
 2DIAGNOSTIC,     7, -6.165068176761e-01, 1.797693134862e+308, 3.5794e+00, 2.6431e-01, 
 2DIAGNOSTIC,     8, -6.165125460058e-01, 1.797693134862e+308, 3.7578e+00, 1.7843e-01, 
 2DIAGNOSTIC,     9, -6.165375120508e-01, 1.797693134862e+308, 3.9458e+00, 1.8799e-01, 
 2DIAGNOSTIC,    10, -6.165586095865e-01, 2.455490967162e-04, 4.1278e+00, 1.8197e-01, 
 2DIAGNOSTIC,    11, -6.165611494211e-01, 1.609662244997e-04, 4.3540e+00, 2.2617e-01, 
 2DIAGNOSTIC,    12, -6.165637941519e-01, 9.426758626448e-05, 4.5358e+00, 1.8178e-01, 
 2DIAGNOSTIC,    13, -6.165647898337e-01, 4.631561264158e-05, 4.7172e+00, 1.8146e-01, 
 2DIAGNOSTIC,    14, -6.165687920564e-01, 1.725220007649e-05, 4.9371e+00, 2.1991e-01, 
 2DIAGNOSTIC,    15, -6.165705480233e-01, 8.059236021790e-06, 5.2651e+00, 3.2797e-01, 
 2DIAGNOSTIC,    16, -6.165705541113e-01, 6.016839677145e-06, 5.4511e+00, 1.8597e-01, 
 2DIAGNOSTIC,    17, -6.165705891298e-01, 4.559177189875e-06, 5.7199e+00, 2.6883e-01, 
 2DIAGNOSTIC,    18, -6.165705893575e-01, 3.151047892037e-06, 6.0316e+00, 3.1166e-01, 
 2DIAGNOSTIC,    19, -6.165705893601e-01, 2.354387844558e-06, 6.3007e+00, 2.6915e-01, 
 2DIAGNOSTIC,    20, -6.165705893602e-01, 2.059269384909e-06, 6.5725e+00, 2.7178e-01, 
 2DIAGNOSTIC,    21, -6.165705893602e-01, 1.804350454930e-06, 6.7985e+00, 2.2605e-01, 
 2DIAGNOSTIC,    22, -6.165705893602e-01, 1.602099622272e-06, 7.0428e+00, 2.4428e-01, 
 2DIAGNOSTIC,    23, -6.165705893602e-01, 1.420988320872e-06, 7.2405e+00, 1.9773e-01, 
 2DIAGNOSTIC,    24, -6.165705893602e-01, 1.327433594989e-06, 7.4350e+00, 1.9446e-01, 
 2DIAGNOSTIC,    25, -6.165705893602e-01, 1.273632449082e-06, 7.6723e+00, 2.3731e-01, 
 2DIAGNOSTIC,    26, -6.165705893602e-01, 1.224000381425e-06, 7.8661e+00, 1.9382e-01, 
 2DIAGNOSTIC,    27, -6.165705893602e-01, 1.178643921018e-06, 8.0671e+00, 2.0095e-01, 
 2DIAGNOSTIC,    28, -6.165705893602e-01, 1.136532273370e-06, 8.3345e+00, 2.6739e-01, 
 2DIAGNOSTIC,    29, -6.165705893602e-01, 1.097326063230e-06, 8.5593e+00, 2.2482e-01, 
 2DIAGNOSTIC,    30, -6.165705893602e-01, 1.060734597033e-06, 8.7593e+00, 1.9998e-01, 
 2DIAGNOSTIC,    31, -6.165705893602e-01, 1.026504740681e-06, 8.9622e+00, 2.0300e-01, 
DIAGNOSTIC,Iteration,metricValue,convergenceValue,ITERATION_TIME_INDEX,SINCE_LAST
 2DIAGNOSTIC,     1, -5.469784068949e-01, 1.797693134862e+308, 1.0951e+01, 1.9885e+00, 
 2DIAGNOSTIC,     2, -5.472191542072e-01, 1.797693134862e+308, 1.2218e+01, 1.2675e+00, 
 2DIAGNOSTIC,     3, -5.473911474673e-01, 1.797693134862e+308, 1.3475e+01, 1.2569e+00, 
 2DIAGNOSTIC,     4, -5.475910616035e-01, 1.797693134862e+308, 1.4998e+01, 1.5231e+00, 
 2DIAGNOSTIC,     5, -5.476463058141e-01, 1.797693134862e+308, 1.6275e+01, 1.2769e+00, 
 2DIAGNOSTIC,     6, -5.476714433065e-01, 1.797693134862e+308, 1.7511e+01, 1.2354e+00, 
 2DIAGNOSTIC,     7, -5.477004840438e-01, 1.797693134862e+308, 1.9043e+01, 1.5324e+00, 
 2DIAGNOSTIC,     8, -5.477253230020e-01, 1.797693134862e+308, 2.0695e+01, 1.6521e+00, 
 2DIAGNOSTIC,     9, -5.477267247509e-01, 1.797693134862e+308, 2.1953e+01, 1.2582e+00, 
 2DIAGNOSTIC,    10, -5.477308152397e-01, 8.029939090184e-05, 2.3211e+01, 1.2576e+00, 
 2DIAGNOSTIC,    11, -5.477352925305e-01, 4.771011598402e-05, 2.4577e+01, 1.3662e+00, 
 2DIAGNOSTIC,    12, -5.477414560446e-01, 2.711341591739e-05, 2.5975e+01, 1.3979e+00, 
 2DIAGNOSTIC,    13, -5.477419076216e-01, 1.415312213444e-05, 2.7227e+01, 1.2518e+00, 
 2DIAGNOSTIC,    14, -5.477427786345e-01, 9.395354770167e-06, 2.8607e+01, 1.3799e+00, 
 2DIAGNOSTIC,    15, -5.477447952114e-01, 6.603952634673e-06, 2.9974e+01, 1.3670e+00, 
 2DIAGNOSTIC,    16, -5.477482011284e-01, 4.654800807011e-06, 3.2018e+01, 2.0447e+00, 
 2DIAGNOSTIC,    17, -5.477482728267e-01, 3.553596994707e-06, 3.3261e+01, 1.2427e+00, 
 2DIAGNOSTIC,    18, -5.477484641907e-01, 3.144533923839e-06, 3.4767e+01, 1.5060e+00, 
 2DIAGNOSTIC,    19, -5.477484836307e-01, 2.691514565993e-06, 3.6664e+01, 1.8972e+00, 
 2DIAGNOSTIC,    20, -5.477484839730e-01, 2.293020219223e-06, 3.8579e+01, 1.9145e+00, 
 2DIAGNOSTIC,    21, -5.477484839754e-01, 1.972301365560e-06, 4.0853e+01, 2.2740e+00, 
 2DIAGNOSTIC,    22, -5.477484839754e-01, 1.783820730378e-06, 4.2489e+01, 1.6358e+00, 
 2DIAGNOSTIC,    23, -5.477484839754e-01, 1.591487810954e-06, 4.3985e+01, 1.4961e+00, 
 2DIAGNOSTIC,    24, -5.477484839754e-01, 1.414141687070e-06, 4.5357e+01, 1.3720e+00, 
 2DIAGNOSTIC,    25, -5.477484839754e-01, 1.282587594111e-06, 4.6716e+01, 1.3595e+00, 
 2DIAGNOSTIC,    26, -5.477484839754e-01, 1.228206734399e-06, 4.8083e+01, 1.3667e+00, 
 2DIAGNOSTIC,    27, -5.477484839754e-01, 1.178701935979e-06, 4.9449e+01, 1.3658e+00, 
 2DIAGNOSTIC,    28, -5.477484839754e-01, 1.136233694160e-06, 5.0966e+01, 1.5175e+00, 
 2DIAGNOSTIC,    29, -5.477484839754e-01, 1.097041777559e-06, 5.2344e+01, 1.3782e+00, 
 2DIAGNOSTIC,    30, -5.477484839754e-01, 1.060468912698e-06, 5.3741e+01, 1.3964e+00, 
 2DIAGNOSTIC,    31, -5.477484839754e-01, 1.026255924887e-06, 5.5075e+01, 1.3341e+00, 
  Elapsed time (stage 1): 5.5954e+01


Stage 2
  iterations = 100x70x50x20
  convergence threshold = 1.0000e-06
  convergence window size = 10
  number of levels = 4
  using the CC metric (radius = 4, weight = 1.0000e+00, use gradient filter = 0)
  preprocessing:  winsorizing the image intensities
  Shrink factors (level 1 out of 4): [8, 8, 8]
  Shrink factors (level 2 out of 4): [4, 4, 4]
  Shrink factors (level 3 out of 4): [2, 2, 2]
  Shrink factors (level 4 out of 4): [1, 1, 1]
  smoothing sigmas per level: [3, 2, 1, 0]
  Using default NONE metricSamplingStrategy 

*** Running SyN registration (varianceForUpdateField = 3.0000e+00, varianceForTotalField = 0.0000e+00) ***

XXDIAGNOSTIC,Iteration,metricValue,convergenceValue,ITERATION_TIME_INDEX,SINCE_LAST
 1DIAGNOSTIC,     1, -9.302888387293e-01, 1.797693134862e+308, 4.7124e-01, 4.7124e-01, 
 1DIAGNOSTIC,     2, -9.396523622806e-01, 1.797693134862e+308, 6.2438e-01, 1.5314e-01, 
 1DIAGNOSTIC,     3, -9.450791729640e-01, 1.797693134862e+308, 7.7508e-01, 1.5070e-01, 
 1DIAGNOSTIC,     4, -9.485222607026e-01, 1.797693134862e+308, 9.3378e-01, 1.5870e-01, 
 1DIAGNOSTIC,     5, -9.526791660398e-01, 1.797693134862e+308, 1.0894e+00, 1.5560e-01, 
 1DIAGNOSTIC,     6, -9.571794563895e-01, 1.797693134862e+308, 1.2502e+00, 1.6086e-01, 
 1DIAGNOSTIC,     7, -9.616027198771e-01, 1.797693134862e+308, 1.4083e+00, 1.5802e-01, 
 1DIAGNOSTIC,     8, -9.638726304652e-01, 1.797693134862e+308, 1.5678e+00, 1.5952e-01, 
 1DIAGNOSTIC,     9, -9.647811050542e-01, 1.797693134862e+308, 1.7251e+00, 1.5738e-01, 
 1DIAGNOSTIC,    10, -9.663995661067e-01, 2.332574456752e-03, 1.8754e+00, 1.5021e-01, 
 1DIAGNOSTIC,    11, -9.670288616413e-01, 1.718765445495e-03, 2.0271e+00, 1.5177e-01, 
 1DIAGNOSTIC,    12, -9.681266634171e-01, 1.310829752030e-03, 2.1873e+00, 1.6019e-01, 
 1DIAGNOSTIC,    13, -9.686037705895e-01, 9.826384070176e-04, 2.3449e+00, 1.5759e-01, 
 1DIAGNOSTIC,    14, -9.694325064427e-01, 7.032079772228e-04, 2.5027e+00, 1.5777e-01, 
 1DIAGNOSTIC,    15, -9.697104299731e-01, 4.838027426909e-04, 2.6581e+00, 1.5546e-01, 
 1DIAGNOSTIC,    16, -9.704237321896e-01, 3.427844615243e-04, 2.8156e+00, 1.5747e-01, 
 1DIAGNOSTIC,    17, -9.705935682936e-01, 2.662684135101e-04, 2.9695e+00, 1.5385e-01, 
 1DIAGNOSTIC,    18, -9.711883580320e-01, 2.209796554487e-04, 3.1255e+00, 1.5607e-01, 
 1DIAGNOSTIC,    19, -9.712773314921e-01, 1.750971193562e-04, 3.2829e+00, 1.5733e-01, 
 1DIAGNOSTIC,    20, -9.717926493402e-01, 1.492788837263e-04, 3.4350e+00, 1.5211e-01, 
 1DIAGNOSTIC,    21, -9.718187024895e-01, 1.209949228677e-04, 3.5903e+00, 1.5535e-01, 
 1DIAGNOSTIC,    22, -9.722659239804e-01, 1.048958128504e-04, 3.7415e+00, 1.5119e-01, 
 1DIAGNOSTIC,    23, -9.722468947584e-01, 8.610995124878e-05, 3.8974e+00, 1.5584e-01, 
 1DIAGNOSTIC,    24, -9.726440005414e-01, 7.608625896170e-05, 4.0528e+00, 1.5547e-01, 
 1DIAGNOSTIC,    25, -9.725921812203e-01, 6.226234927372e-05, 4.2100e+00, 1.5715e-01, 
 1DIAGNOSTIC,    26, -9.729452950311e-01, 5.593455922863e-05, 4.3670e+00, 1.5704e-01, 
 1DIAGNOSTIC,    27, -9.728719141755e-01, 4.577048872650e-05, 4.5207e+00, 1.5371e-01, 
 1DIAGNOSTIC,    28, -9.731915550756e-01, 4.182774735233e-05, 4.6785e+00, 1.5774e-01, 
 1DIAGNOSTIC,    29, -9.731045020939e-01, 3.415650276595e-05, 4.8367e+00, 1.5822e-01, 
 1DIAGNOSTIC,    30, -9.733952133406e-01, 3.186179703007e-05, 4.9953e+00, 1.5865e-01, 
 1DIAGNOSTIC,    31, -9.732949914992e-01, 2.594415761903e-05, 5.1475e+00, 1.5218e-01, 
 1DIAGNOSTIC,    32, -9.736389144827e-01, 2.539024709734e-05, 5.2966e+00, 1.4906e-01, 
 1DIAGNOSTIC,    33, -9.734990580638e-01, 2.098635008838e-05, 5.4516e+00, 1.5507e-01, 
 1DIAGNOSTIC,    34, -9.737884822060e-01, 2.097174537870e-05, 5.6069e+00, 1.5526e-01, 
 1DIAGNOSTIC,    35, -9.736948127915e-01, 1.771222911861e-05, 5.7615e+00, 1.5461e-01, 
 1DIAGNOSTIC,    36, -9.739162458948e-01, 1.779377028536e-05, 5.9133e+00, 1.5181e-01, 
 1DIAGNOSTIC,    37, -9.737915762840e-01, 1.458479359353e-05, 6.0683e+00, 1.5496e-01, 
 1DIAGNOSTIC,    38, -9.740275146312e-01, 1.460661465214e-05, 6.2192e+00, 1.5092e-01, 
 1DIAGNOSTIC,    39, -9.738983048317e-01, 1.159157398633e-05, 6.3734e+00, 1.5418e-01, 
 1DIAGNOSTIC,    40, -9.741246024492e-01, 1.156417255594e-05, 6.5306e+00, 1.5721e-01, 
 1DIAGNOSTIC,    41, -9.739908335788e-01, 8.734935973607e-06, 6.6826e+00, 1.5197e-01, 
 1DIAGNOSTIC,    42, -9.742097280545e-01, 9.293243148561e-06, 6.8363e+00, 1.5372e-01, 
 1DIAGNOSTIC,    43, -9.740715834562e-01, 7.023023525853e-06, 6.9876e+00, 1.5130e-01, 
 1DIAGNOSTIC,    44, -9.742853406469e-01, 7.668847727529e-06, 7.1352e+00, 1.4760e-01, 
 1DIAGNOSTIC,    45, -9.741442584327e-01, 6.018520294488e-06, 7.2886e+00, 1.5342e-01, 
 1DIAGNOSTIC,    46, -9.743547770495e-01, 6.747980837586e-06, 7.4415e+00, 1.5295e-01, 
 1DIAGNOSTIC,    47, -9.742107328198e-01, 5.116868160730e-06, 7.5959e+00, 1.5431e-01, 
 1DIAGNOSTIC,    48, -9.744200224313e-01, 5.908191490701e-06, 7.7531e+00, 1.5725e-01, 
 1DIAGNOSTIC,    49, -9.742730343994e-01, 4.442834223715e-06, 7.9096e+00, 1.5654e-01, 
 1DIAGNOSTIC,    50, -9.744801206110e-01, 5.271183884152e-06, 8.0600e+00, 1.5035e-01, 
 1DIAGNOSTIC,    51, -9.743290815198e-01, 3.920083434080e-06, 8.2185e+00, 1.5847e-01, 
 1DIAGNOSTIC,    52, -9.745365291341e-01, 4.763870300718e-06, 8.3687e+00, 1.5022e-01, 
 1DIAGNOSTIC,    53, -9.743810774698e-01, 3.490849220310e-06, 8.5227e+00, 1.5406e-01, 
 1DIAGNOSTIC,    54, -9.745891855016e-01, 4.331358647656e-06, 8.6867e+00, 1.6401e-01, 
 1DIAGNOSTIC,    55, -9.744307175965e-01, 3.125512364508e-06, 8.8405e+00, 1.5373e-01, 
 1DIAGNOSTIC,    56, -9.746371276075e-01, 3.952516296063e-06, 8.9898e+00, 1.4936e-01, 
 1DIAGNOSTIC,    57, -9.744763254338e-01, 2.800106881085e-06, 9.1484e+00, 1.5854e-01, 
 1DIAGNOSTIC,    58, -9.746790117044e-01, 3.604186185946e-06, 9.3011e+00, 1.5272e-01, 
 1DIAGNOSTIC,    59, -9.745158401666e-01, 2.491437012784e-06, 9.4527e+00, 1.5165e-01, 
 1DIAGNOSTIC,    60, -9.747148719153e-01, 3.260631185421e-06, 9.6034e+00, 1.5069e-01, 
 1DIAGNOSTIC,    61, -9.745495258248e-01, 2.168887613709e-06, 9.7551e+00, 1.5166e-01, 
 1DIAGNOSTIC,    62, -9.747478553643e-01, 2.919518853332e-06, 9.9106e+00, 1.5550e-01, 
 1DIAGNOSTIC,    63, -9.745806400216e-01, 1.862295859734e-06, 1.0075e+01, 1.6462e-01, 
 1DIAGNOSTIC,    64, -9.747774636180e-01, 2.607982875321e-06, 1.0226e+01, 1.5036e-01, 
 1DIAGNOSTIC,    65, -9.746081646922e-01, 1.600261941938e-06, 1.0382e+01, 1.5591e-01, 
 1DIAGNOSTIC,    66, -9.748044632451e-01, 2.349093532264e-06, 1.0537e+01, 1.5515e-01, 
 1DIAGNOSTIC,    67, -9.746344651267e-01, 1.401086093852e-06, 1.0694e+01, 1.5767e-01, 
 1DIAGNOSTIC,    68, -9.748299776538e-01, 2.151146166751e-06, 1.0849e+01, 1.5480e-01, 
 1DIAGNOSTIC,    69, -9.746583724727e-01, 1.249728990342e-06, 1.1000e+01, 1.5108e-01, 
 1DIAGNOSTIC,    70, -9.748558861880e-01, 2.000433590525e-06, 1.1156e+01, 1.5552e-01, 
 1DIAGNOSTIC,    71, -9.746820338036e-01, 1.136311389340e-06, 1.1307e+01, 1.5154e-01, 
 1DIAGNOSTIC,    72, -9.748818597448e-01, 1.891582123414e-06, 1.1457e+01, 1.5001e-01, 
 1DIAGNOSTIC,    73, -9.747070055509e-01, 1.069818171056e-06, 1.1606e+01, 1.4916e-01, 
 1DIAGNOSTIC,    74, -9.749059373639e-01, 1.816580013496e-06, 1.1763e+01, 1.5607e-01, 
 1DIAGNOSTIC,    75, -9.747302641327e-01, 1.019820937167e-06, 1.1915e+01, 1.5203e-01, 
 1DIAGNOSTIC,    76, -9.749268136883e-01, 1.740347996116e-06, 1.2065e+01, 1.5075e-01, 
 1DIAGNOSTIC,    77, -9.747506464507e-01, 9.566860014170e-07, 1.2213e+01, 1.4805e-01, 
XXDIAGNOSTIC,Iteration,metricValue,convergenceValue,ITERATION_TIME_INDEX,SINCE_LAST
 1DIAGNOSTIC,     1, -9.136373286949e-01, 1.797693134862e+308, 1.3770e+01, 1.5566e+00, 
 1DIAGNOSTIC,     2, -9.165704969176e-01, 1.797693134862e+308, 1.4996e+01, 1.2263e+00, 
 1DIAGNOSTIC,     3, -9.198903886600e-01, 1.797693134862e+308, 1.6231e+01, 1.2343e+00, 
 1DIAGNOSTIC,     4, -9.227097236980e-01, 1.797693134862e+308, 1.7443e+01, 1.2123e+00, 
 1DIAGNOSTIC,     5, -9.247704280274e-01, 1.797693134862e+308, 1.8686e+01, 1.2428e+00, 
 1DIAGNOSTIC,     6, -9.266328669713e-01, 1.797693134862e+308, 1.9907e+01, 1.2211e+00, 
 1DIAGNOSTIC,     7, -9.282174634020e-01, 1.797693134862e+308, 2.1138e+01, 1.2317e+00, 
 1DIAGNOSTIC,     8, -9.296144564784e-01, 1.797693134862e+308, 2.2373e+01, 1.2341e+00, 
 1DIAGNOSTIC,     9, -9.309102613177e-01, 1.797693134862e+308, 2.3616e+01, 1.2438e+00, 
 1DIAGNOSTIC,    10, -9.320912501807e-01, 1.253994744730e-03, 2.4837e+01, 1.2205e+00, 
 1DIAGNOSTIC,    11, -9.331783917130e-01, 9.955017267478e-04, 2.6052e+01, 1.2155e+00, 
 1DIAGNOSTIC,    12, -9.340946876583e-01, 7.882928752568e-04, 2.7268e+01, 1.2154e+00, 
 1DIAGNOSTIC,    13, -9.349290364449e-01, 6.390256046864e-04, 2.8504e+01, 1.2357e+00, 
 1DIAGNOSTIC,    14, -9.357091040300e-01, 5.314232916286e-04, 2.9728e+01, 1.2241e+00, 
 1DIAGNOSTIC,    15, -9.363500694381e-01, 4.443856824693e-04, 3.0965e+01, 1.2368e+00, 
 1DIAGNOSTIC,    16, -9.368580808111e-01, 3.725697044360e-04, 3.2186e+01, 1.2217e+00, 
 1DIAGNOSTIC,    17, -9.372575292343e-01, 3.104788995858e-04, 3.3411e+01, 1.2247e+00, 
 1DIAGNOSTIC,    18, -9.375921425984e-01, 2.559125246867e-04, 3.4633e+01, 1.2220e+00, 
 1DIAGNOSTIC,    19, -9.378576563089e-01, 2.083721861506e-04, 3.5861e+01, 1.2278e+00, 
 1DIAGNOSTIC,    20, -9.380691492246e-01, 1.674002784698e-04, 3.7089e+01, 1.2283e+00, 
 1DIAGNOSTIC,    21, -9.382427215448e-01, 1.330588644350e-04, 3.8336e+01, 1.2469e+00, 
 1DIAGNOSTIC,    22, -9.383833721974e-01, 1.040840147985e-04, 3.9558e+01, 1.2226e+00, 
 1DIAGNOSTIC,    23, -9.384967521241e-01, 8.044984070926e-05, 4.0794e+01, 1.2353e+00, 
 1DIAGNOSTIC,    24, -9.386022649648e-01, 6.250714380597e-05, 4.2015e+01, 1.2216e+00, 
 1DIAGNOSTIC,    25, -9.387090991694e-01, 4.928088445069e-05, 4.3239e+01, 1.2232e+00, 
 1DIAGNOSTIC,    26, -9.388065121606e-01, 3.957936034159e-05, 4.4457e+01, 1.2187e+00, 
 1DIAGNOSTIC,    27, -9.389059488020e-01, 3.255200925360e-05, 4.5674e+01, 1.2163e+00, 
 1DIAGNOSTIC,    28, -9.390155841426e-01, 2.785217871715e-05, 4.6894e+01, 1.2204e+00, 
 1DIAGNOSTIC,    29, -9.391395084095e-01, 2.499887045569e-05, 4.8116e+01, 1.2218e+00, 
 1DIAGNOSTIC,    30, -9.392785579616e-01, 2.359009772196e-05, 4.9353e+01, 1.2372e+00, 
 1DIAGNOSTIC,    31, -9.394395432382e-01, 2.338741121970e-05, 5.0580e+01, 1.2268e+00, 
 1DIAGNOSTIC,    32, -9.396187698293e-01, 2.408836706658e-05, 5.1811e+01, 1.2310e+00, 
 1DIAGNOSTIC,    33, -9.398140532831e-01, 2.536917516979e-05, 5.3053e+01, 1.2419e+00, 
 1DIAGNOSTIC,    34, -9.400291996812e-01, 2.709136266114e-05, 5.4271e+01, 1.2179e+00, 
 1DIAGNOSTIC,    35, -9.402697424682e-01, 2.921404152829e-05, 5.5519e+01, 1.2486e+00, 
 1DIAGNOSTIC,    36, -9.405189904383e-01, 3.141805750552e-05, 5.6749e+01, 1.2297e+00, 
 1DIAGNOSTIC,    37, -9.407490847424e-01, 3.326897240231e-05, 5.7980e+01, 1.2313e+00, 
 1DIAGNOSTIC,    38, -9.409622559070e-01, 3.448965042352e-05, 5.9194e+01, 1.2134e+00, 
 1DIAGNOSTIC,    39, -9.411507907555e-01, 3.484819713322e-05, 6.0439e+01, 1.2458e+00, 
 1DIAGNOSTIC,    40, -9.413318805189e-01, 3.434524228252e-05, 6.1680e+01, 1.2407e+00, 
 1DIAGNOSTIC,    41, -9.415047045048e-01, 3.310593752845e-05, 6.2923e+01, 1.2431e+00, 
 1DIAGNOSTIC,    42, -9.416583011970e-01, 3.121606020937e-05, 6.4129e+01, 1.2061e+00, 
 1DIAGNOSTIC,    43, -9.418062426846e-01, 2.890420581832e-05, 6.5387e+01, 1.2575e+00, 
 1DIAGNOSTIC,    44, -9.419496478867e-01, 2.645192590457e-05, 6.6611e+01, 1.2242e+00, 
 1DIAGNOSTIC,    45, -9.420844036857e-01, 2.414785809464e-05, 6.7840e+01, 1.2291e+00, 
 1DIAGNOSTIC,    46, -9.422111230212e-01, 2.215241741969e-05, 6.9065e+01, 1.2251e+00, 
 1DIAGNOSTIC,    47, -9.423299134201e-01, 2.041445209635e-05, 7.0320e+01, 1.2550e+00, 
 1DIAGNOSTIC,    48, -9.424384649756e-01, 1.887113334320e-05, 7.1568e+01, 1.2482e+00, 
 1DIAGNOSTIC,    49, -9.425436799692e-01, 1.744401166573e-05, 7.2813e+01, 1.2446e+00, 
 1DIAGNOSTIC,    50, -9.426383279361e-01, 1.611606754688e-05, 7.4039e+01, 1.2257e+00, 
 1DIAGNOSTIC,    51, -9.427242460502e-01, 1.487814870857e-05, 7.5284e+01, 1.2452e+00, 
 1DIAGNOSTIC,    52, -9.427994628352e-01, 1.364001603230e-05, 7.6512e+01, 1.2277e+00, 
 1DIAGNOSTIC,    53, -9.428703274669e-01, 1.243637243735e-05, 7.7749e+01, 1.2374e+00, 
 1DIAGNOSTIC,    54, -9.429364280944e-01, 1.130378350741e-05, 7.8973e+01, 1.2242e+00, 
 1DIAGNOSTIC,    55, -9.429962917644e-01, 1.024331738853e-05, 8.0212e+01, 1.2385e+00, 
 1DIAGNOSTIC,    56, -9.430511501300e-01, 9.264229554263e-06, 8.1431e+01, 1.2197e+00, 
 1DIAGNOSTIC,    57, -9.431006245960e-01, 8.369383629938e-06, 8.2684e+01, 1.2527e+00, 
 1DIAGNOSTIC,    58, -9.431410231057e-01, 7.523452918975e-06, 8.3897e+01, 1.2131e+00, 
 1DIAGNOSTIC,    59, -9.431804657116e-01, 6.770573385551e-06, 8.5137e+01, 1.2399e+00, 
 1DIAGNOSTIC,    60, -9.432151474416e-01, 6.088805771687e-06, 8.6351e+01, 1.2141e+00, 
 1DIAGNOSTIC,    61, -9.432471642460e-01, 5.474076251236e-06, 8.7601e+01, 1.2496e+00, 
 1DIAGNOSTIC,    62, -9.432736955931e-01, 4.894036196836e-06, 8.8820e+01, 1.2189e+00, 
 1DIAGNOSTIC,    63, -9.432998317075e-01, 4.372451044982e-06, 9.0046e+01, 1.2266e+00, 
 1DIAGNOSTIC,    64, -9.433235033118e-01, 3.915037483898e-06, 9.1285e+01, 1.2383e+00, 
 1DIAGNOSTIC,    65, -9.433430377355e-01, 3.507893642583e-06, 9.2518e+01, 1.2339e+00, 
 1DIAGNOSTIC,    66, -9.433622228111e-01, 3.158419757336e-06, 9.3722e+01, 1.2034e+00, 
 1DIAGNOSTIC,    67, -9.433746536622e-01, 2.838538580425e-06, 9.4969e+01, 1.2468e+00, 
 1DIAGNOSTIC,    68, -9.433905746297e-01, 2.548687921790e-06, 9.6215e+01, 1.2461e+00, 
 1DIAGNOSTIC,    69, -9.434058470716e-01, 2.303907999724e-06, 9.7474e+01, 1.2591e+00, 
 1DIAGNOSTIC,    70, -9.434201305976e-01, 2.097547210662e-06, 9.8714e+01, 1.2404e+00, 
XXDIAGNOSTIC,Iteration,metricValue,convergenceValue,ITERATION_TIME_INDEX,SINCE_LAST
 1DIAGNOSTIC,     1, -9.011313148322e-01, 1.797693134862e+308, 1.0922e+02, 1.0509e+01, 
 1DIAGNOSTIC,     2, -9.036737348305e-01, 1.797693134862e+308, 1.1917e+02, 9.9514e+00, 
 1DIAGNOSTIC,     3, -9.064980645127e-01, 1.797693134862e+308, 1.2916e+02, 9.9847e+00, 
 1DIAGNOSTIC,     4, -9.093035860276e-01, 1.797693134862e+308, 1.3900e+02, 9.8448e+00, 
 1DIAGNOSTIC,     5, -9.116858658839e-01, 1.797693134862e+308, 1.4890e+02, 9.8939e+00, 
 1DIAGNOSTIC,     6, -9.138731828223e-01, 1.797693134862e+308, 1.5877e+02, 9.8698e+00, 
 1DIAGNOSTIC,     7, -9.158034975751e-01, 1.797693134862e+308, 1.6848e+02, 9.7127e+00, 
 1DIAGNOSTIC,     8, -9.174840615035e-01, 1.797693134862e+308, 1.7839e+02, 9.9095e+00, 
 1DIAGNOSTIC,     9, -9.187646914921e-01, 1.797693134862e+308, 1.8822e+02, 9.8268e+00, 
 1DIAGNOSTIC,    10, -9.198773299708e-01, 1.344698621260e-03, 1.9807e+02, 9.8517e+00, 
 1DIAGNOSTIC,    11, -9.208615367505e-01, 1.094119926444e-03, 2.0792e+02, 9.8515e+00, 
 1DIAGNOSTIC,    12, -9.217365365663e-01, 8.751523122636e-04, 2.1788e+02, 9.9627e+00, 
 1DIAGNOSTIC,    13, -9.225221480220e-01, 6.964995814099e-04, 2.2791e+02, 1.0028e+01, 
 1DIAGNOSTIC,    14, -9.232330923505e-01, 5.577498599084e-04, 2.3794e+02, 1.0026e+01, 
 1DIAGNOSTIC,    15, -9.237633478098e-01, 4.465104334314e-04, 2.4770e+02, 9.7656e+00, 
 1DIAGNOSTIC,    16, -9.242554745784e-01, 3.599018516034e-04, 2.5765e+02, 9.9470e+00, 
 1DIAGNOSTIC,    17, -9.247167126807e-01, 2.936742431091e-04, 2.6741e+02, 9.7621e+00, 
 1DIAGNOSTIC,    18, -9.251522645670e-01, 2.439283240553e-04, 2.7724e+02, 9.8283e+00, 
 1DIAGNOSTIC,    19, -9.255659261650e-01, 2.043054460496e-04, 2.8701e+02, 9.7672e+00, 
 1DIAGNOSTIC,    20, -9.259650368025e-01, 1.729928631618e-04, 2.9696e+02, 9.9560e+00, 
 1DIAGNOSTIC,    21, -9.263370385192e-01, 1.484886391618e-04, 3.0703e+02, 1.0066e+01, 
 1DIAGNOSTIC,    22, -9.266792851454e-01, 1.294112422920e-04, 3.1696e+02, 9.9357e+00, 
 1DIAGNOSTIC,    23, -9.269991333909e-01, 1.146957153465e-04, 3.2696e+02, 9.9997e+00, 
 1DIAGNOSTIC,    24, -9.272983327400e-01, 1.034712742405e-04, 3.3690e+02, 9.9335e+00, 
 1DIAGNOSTIC,    25, -9.275813929476e-01, 9.349101849070e-05, 3.4684e+02, 9.9383e+00, 
 1DIAGNOSTIC,    26, -9.278508115615e-01, 8.454954936012e-05, 3.5683e+02, 9.9946e+00, 
 1DIAGNOSTIC,    27, -9.281081405876e-01, 7.654865304400e-05, 3.6669e+02, 9.8555e+00, 
 1DIAGNOSTIC,    28, -9.283518660137e-01, 6.941590590388e-05, 3.7658e+02, 9.8944e+00, 
 1DIAGNOSTIC,    29, -9.285867399292e-01, 6.314822010611e-05, 3.8652e+02, 9.9436e+00, 
 1DIAGNOSTIC,    30, -9.288117439707e-01, 5.777527977235e-05, 3.9640e+02, 9.8807e+00, 
 1DIAGNOSTIC,    31, -9.290295994672e-01, 5.318200504092e-05, 4.0622e+02, 9.8122e+00, 
 1DIAGNOSTIC,    32, -9.292396231450e-01, 4.919336581138e-05, 4.1620e+02, 9.9810e+00, 
 1DIAGNOSTIC,    33, -9.294441120803e-01, 4.571671946536e-05, 4.2628e+02, 1.0078e+01, 
 1DIAGNOSTIC,    34, -9.296416284468e-01, 4.264613940581e-05, 4.3618e+02, 9.9057e+00, 
 1DIAGNOSTIC,    35, -9.298335682502e-01, 3.992058836488e-05, 4.4608e+02, 9.8989e+00, 
 1DIAGNOSTIC,    36, -9.300212760421e-01, 3.750233654976e-05, 4.5598e+02, 9.8956e+00, 
 1DIAGNOSTIC,    37, -9.302029972794e-01, 3.534159584900e-05, 4.6598e+02, 1.0001e+01, 
 1DIAGNOSTIC,    38, -9.303840444178e-01, 3.341226192629e-05, 4.7585e+02, 9.8692e+00, 
 1DIAGNOSTIC,    39, -9.305638865287e-01, 3.171239199419e-05, 4.8577e+02, 9.9244e+00, 
 1DIAGNOSTIC,    40, -9.307374881412e-01, 3.018109872036e-05, 4.9571e+02, 9.9358e+00, 
 1DIAGNOSTIC,    41, -9.309132088148e-01, 2.884042110118e-05, 5.0566e+02, 9.9531e+00, 
 1DIAGNOSTIC,    42, -9.310840099441e-01, 2.764002100606e-05, 5.1563e+02, 9.9669e+00, 
 1DIAGNOSTIC,    43, -9.312574110326e-01, 2.659880110174e-05, 5.2565e+02, 1.0019e+01, 
 1DIAGNOSTIC,    44, -9.314289527861e-01, 2.568140752728e-05, 5.3559e+02, 9.9392e+00, 
 1DIAGNOSTIC,    45, -9.315987786726e-01, 2.486014988103e-05, 5.4555e+02, 9.9601e+00, 
 1DIAGNOSTIC,    46, -9.317691157972e-01, 2.412885894267e-05, 5.5532e+02, 9.7715e+00, 
 1DIAGNOSTIC,    47, -9.319387449039e-01, 2.345519536254e-05, 5.6525e+02, 9.9373e+00, 
 1DIAGNOSTIC,    48, -9.321053168532e-01, 2.282644484849e-05, 5.7518e+02, 9.9211e+00, 
 1DIAGNOSTIC,    49, -9.322708490606e-01, 2.224032416560e-05, 5.8519e+02, 1.0017e+01, 
 1DIAGNOSTIC,    50, -9.324302485577e-01, 2.162902481288e-05, 5.9493e+02, 9.7335e+00, 
XXDIAGNOSTIC,Iteration,metricValue,convergenceValue,ITERATION_TIME_INDEX,SINCE_LAST
 1DIAGNOSTIC,     1, -8.925733281700e-01, 1.797693134862e+308, 6.8159e+02, 8.6666e+01, 
 1DIAGNOSTIC,     2, -8.938463212229e-01, 1.797693134862e+308, 7.6656e+02, 8.4970e+01, 
 1DIAGNOSTIC,     3, -8.953635842692e-01, 1.797693134862e+308, 8.5170e+02, 8.5140e+01, 
 1DIAGNOSTIC,     4, -8.968406188117e-01, 1.797693134862e+308, 9.3911e+02, 8.7407e+01, 
 1DIAGNOSTIC,     5, -8.982541346309e-01, 1.797693134862e+308, 1.0238e+03, 8.4673e+01, 
 1DIAGNOSTIC,     6, -8.996193453030e-01, 1.797693134862e+308, 1.1104e+03, 8.6658e+01, 
 1DIAGNOSTIC,     7, -9.008886547379e-01, 1.797693134862e+308, 1.1961e+03, 8.5631e+01, 
 1DIAGNOSTIC,     8, -9.020425892757e-01, 1.797693134862e+308, 1.2805e+03, 8.4433e+01, 
 1DIAGNOSTIC,     9, -9.031757484551e-01, 1.797693134862e+308, 1.3663e+03, 8.5811e+01, 
 1DIAGNOSTIC,    10, -9.042875034709e-01, 8.465925640685e-04, 1.4535e+03, 8.7216e+01, 
 1DIAGNOSTIC,    11, -9.053875017663e-01, 7.430909267249e-04, 1.5389e+03, 8.5379e+01, 
 1DIAGNOSTIC,    12, -9.064855096367e-01, 6.520847465089e-04, 1.6243e+03, 8.5350e+01, 
 1DIAGNOSTIC,    13, -9.074311352892e-01, 5.755565477072e-04, 1.7097e+03, 8.5425e+01, 
 1DIAGNOSTIC,    14, -9.082864058497e-01, 5.099247877036e-04, 1.7950e+03, 8.5324e+01, 
 1DIAGNOSTIC,    15, -9.089716279547e-01, 4.503013596452e-04, 1.8806e+03, 8.5638e+01, 
 1DIAGNOSTIC,    16, -9.096179710838e-01, 3.962184680679e-04, 1.9659e+03, 8.5240e+01, 
 1DIAGNOSTIC,    17, -9.102152101062e-01, 3.463955344072e-04, 2.0507e+03, 8.4826e+01, 
 1DIAGNOSTIC,    18, -9.107867890468e-01, 3.001084619620e-04, 2.1358e+03, 8.5059e+01, 
 1DIAGNOSTIC,    19, -9.113316187749e-01, 2.585465793422e-04, 2.2209e+03, 8.5160e+01, 
 1DIAGNOSTIC,    20, -9.118503240713e-01, 2.226457971310e-04, 2.3028e+03, 8.1899e+01, 
  Elapsed time (stage 2): 2304


Total elapsed time: 2400
