All_Command_lines_OK
Using double precision for computations.
=============================================================================
The composite transform comprises the following transforms (in order): 
  1. Center of mass alignment using fixed image: /templateflow/tpl-MNI152NLin2009cAsym/tpl-MNI152NLin2009cAsym_res-01_desc-brain_T1w.nii.gz and moving image: /mnt/lustre/mathdugre/ants-amp/datasets/corr/RawDataBIDS/BMB_1/derivatives/antsBrainExtraction/sub-0003010/BrainExtractionBrain.nii.gz (type = Euler3DTransform)
=============================================================================
  number of levels = 4
  number of levels = 4
  number of levels = 4
  fixed image: /templateflow/tpl-MNI152NLin2009cAsym/tpl-MNI152NLin2009cAsym_res-01_desc-brain_T1w.nii.gz
  moving image: /mnt/lustre/mathdugre/ants-amp/datasets/corr/RawDataBIDS/BMB_1/derivatives/antsBrainExtraction/sub-0003010/BrainExtractionBrain.nii.gz
  fixed image: /templateflow/tpl-MNI152NLin2009cAsym/tpl-MNI152NLin2009cAsym_res-01_desc-brain_T1w.nii.gz
  moving image: /mnt/lustre/mathdugre/ants-amp/datasets/corr/RawDataBIDS/BMB_1/derivatives/antsBrainExtraction/sub-0003010/BrainExtractionBrain.nii.gz
  fixed image: /templateflow/tpl-MNI152NLin2009cAsym/tpl-MNI152NLin2009cAsym_res-01_desc-brain_T1w.nii.gz
  moving image: /mnt/lustre/mathdugre/ants-amp/datasets/corr/RawDataBIDS/BMB_1/derivatives/antsBrainExtraction/sub-0003010/BrainExtractionBrain.nii.gz
Dimension = 3
Number of stages = 3
Use histogram matching = false
Winsorize image intensities = true
  Lower quantile = 0.005
  Upper quantile = 0.995


Stage 1 State
   Image metric = MattesMI
     Fixed image = Image (0x556811e31360)
  RTTI typeinfo:   itk::Image<double, 3u>
  Reference Count: 2
  Modified Time: 2368
  Debug: Off
  Object Name: 
  Observers: 
    none
  Source: (none)
  Source output name: (none)
  Release Data: Off
  Data Released: False
  Global Release Data: Off
  PipelineMTime: 0
  UpdateMTime: 1979
  RealTimeStamp: 0 seconds 
  LargestPossibleRegion: 
    Dimension: 3
    Index: [0, 0, 0]
    Size: [193, 229, 193]
  BufferedRegion: 
    Dimension: 3
    Index: [0, 0, 0]
    Size: [193, 229, 193]
  RequestedRegion: 
    Dimension: 3
    Index: [0, 0, 0]
    Size: [193, 229, 193]
  Spacing: [1, 1, 1]
  Origin: [96, 132, -78]
  Direction: 
-1 0 0
0 -1 0
0 0 1

  IndexToPointMatrix: 
-1 0 0
0 -1 0
0 0 1

  PointToIndexMatrix: 
-1 0 0
0 -1 0
0 0 1

  Inverse Direction: 
-1 0 0
0 -1 0
0 0 1

  PixelContainer: 
    ImportImageContainer (0x556811e28a00)
      RTTI typeinfo:   itk::ImportImageContainer<unsigned long, double>
      Reference Count: 1
      Modified Time: 1976
      Debug: Off
      Object Name: 
      Observers: 
        none
      Pointer: 0x7f7f9912d010
      Container manages memory: true
      Size: 8530021
      Capacity: 8530021

     Moving image = Image (0x556811e34a20)
  RTTI typeinfo:   itk::Image<double, 3u>
  Reference Count: 2
  Modified Time: 2369
  Debug: Off
  Object Name: 
  Observers: 
    none
  Source: (none)
  Source output name: (none)
  Release Data: Off
  Data Released: False
  Global Release Data: Off
  PipelineMTime: 0
  UpdateMTime: 2366
  RealTimeStamp: 0 seconds 
  LargestPossibleRegion: 
    Dimension: 3
    Index: [0, 0, 0]
    Size: [176, 256, 256]
  BufferedRegion: 
    Dimension: 3
    Index: [0, 0, 0]
    Size: [176, 256, 256]
  RequestedRegion: 
    Dimension: 3
    Index: [0, 0, 0]
    Size: [176, 256, 256]
  Spacing: [1, 1, 1]
  Origin: [-85.6928, 92.6626, -118.566]
  Direction: 
1 0 0
0 -1 0
0 0 1

  IndexToPointMatrix: 
1 0 0
0 -1 0
0 0 1

  PointToIndexMatrix: 
1 0 0
0 -1 0
0 0 1

  Inverse Direction: 
1 0 0
0 -1 0
0 0 1

  PixelContainer: 
    ImportImageContainer (0x556814006c90)
      RTTI typeinfo:   itk::ImportImageContainer<unsigned long, double>
      Reference Count: 1
      Modified Time: 2363
      Debug: Off
      Object Name: 
      Observers: 
        none
      Pointer: 0x7f7f9392c010
      Container manages memory: true
      Size: 11534336
      Capacity: 11534336

     Weighting = 1
     Sampling strategy = regular
     Number of bins = 32
     Radius = 4
     Sampling percentage  = 0.25
   Transform = Rigid
     Gradient step = 0.1
     Update field sigma (voxel space) = 0
     Total field sigma (voxel space) = 0
     Update field time sigma = 0
     Total field time sigma  = 0
     Number of time indices = 0
     Number of time point samples = 0
Stage 2 State
   Image metric = MattesMI
     Fixed image = Image (0x556811f579c0)
  RTTI typeinfo:   itk::Image<double, 3u>
  Reference Count: 2
  Modified Time: 3144
  Debug: Off
  Object Name: 
  Observers: 
    none
  Source: (none)
  Source output name: (none)
  Release Data: Off
  Data Released: False
  Global Release Data: Off
  PipelineMTime: 0
  UpdateMTime: 2755
  RealTimeStamp: 0 seconds 
  LargestPossibleRegion: 
    Dimension: 3
    Index: [0, 0, 0]
    Size: [193, 229, 193]
  BufferedRegion: 
    Dimension: 3
    Index: [0, 0, 0]
    Size: [193, 229, 193]
  RequestedRegion: 
    Dimension: 3
    Index: [0, 0, 0]
    Size: [193, 229, 193]
  Spacing: [1, 1, 1]
  Origin: [96, 132, -78]
  Direction: 
-1 0 0
0 -1 0
0 0 1

  IndexToPointMatrix: 
-1 0 0
0 -1 0
0 0 1

  PointToIndexMatrix: 
-1 0 0
0 -1 0
0 0 1

  Inverse Direction: 
-1 0 0
0 -1 0
0 0 1

  PixelContainer: 
    ImportImageContainer (0x556811f46f30)
      RTTI typeinfo:   itk::ImportImageContainer<unsigned long, double>
      Reference Count: 1
      Modified Time: 2752
      Debug: Off
      Object Name: 
      Observers: 
        none
      Pointer: 0x7f7f8f817010
      Container manages memory: true
      Size: 8530021
      Capacity: 8530021

     Moving image = Image (0x556811f597c0)
  RTTI typeinfo:   itk::Image<double, 3u>
  Reference Count: 2
  Modified Time: 3145
  Debug: Off
  Object Name: 
  Observers: 
    none
  Source: (none)
  Source output name: (none)
  Release Data: Off
  Data Released: False
  Global Release Data: Off
  PipelineMTime: 0
  UpdateMTime: 3142
  RealTimeStamp: 0 seconds 
  LargestPossibleRegion: 
    Dimension: 3
    Index: [0, 0, 0]
    Size: [176, 256, 256]
  BufferedRegion: 
    Dimension: 3
    Index: [0, 0, 0]
    Size: [176, 256, 256]
  RequestedRegion: 
    Dimension: 3
    Index: [0, 0, 0]
    Size: [176, 256, 256]
  Spacing: [1, 1, 1]
  Origin: [-85.6928, 92.6626, -118.566]
  Direction: 
1 0 0
0 -1 0
0 0 1

  IndexToPointMatrix: 
1 0 0
0 -1 0
0 0 1

  PointToIndexMatrix: 
1 0 0
0 -1 0
0 0 1

  Inverse Direction: 
1 0 0
0 -1 0
0 0 1

  PixelContainer: 
    ImportImageContainer (0x556811f5c190)
      RTTI typeinfo:   itk::ImportImageContainer<unsigned long, double>
      Reference Count: 1
      Modified Time: 3139
      Debug: Off
      Object Name: 
      Observers: 
        none
      Pointer: 0x7f7f8a016010
      Container manages memory: true
      Size: 11534336
      Capacity: 11534336

     Weighting = 1
     Sampling strategy = regular
     Number of bins = 32
     Radius = 4
     Sampling percentage  = 0.25
   Transform = Affine
     Gradient step = 0.1
     Update field sigma (voxel space) = 0
     Total field sigma (voxel space) = 0
     Update field time sigma = 0
     Total field time sigma  = 0
     Number of time indices = 0
     Number of time point samples = 0
Stage 3 State
   Image metric = CC
     Fixed image = Image (0x556811f43240)
  RTTI typeinfo:   itk::Image<double, 3u>
  Reference Count: 2
  Modified Time: 3920
  Debug: Off
  Object Name: 
  Observers: 
    none
  Source: (none)
  Source output name: (none)
  Release Data: Off
  Data Released: False
  Global Release Data: Off
  PipelineMTime: 0
  UpdateMTime: 3531
  RealTimeStamp: 0 seconds 
  LargestPossibleRegion: 
    Dimension: 3
    Index: [0, 0, 0]
    Size: [193, 229, 193]
  BufferedRegion: 
    Dimension: 3
    Index: [0, 0, 0]
    Size: [193, 229, 193]
  RequestedRegion: 
    Dimension: 3
    Index: [0, 0, 0]
    Size: [193, 229, 193]
  Spacing: [1, 1, 1]
  Origin: [96, 132, -78]
  Direction: 
-1 0 0
0 -1 0
0 0 1

  IndexToPointMatrix: 
-1 0 0
0 -1 0
0 0 1

  PointToIndexMatrix: 
-1 0 0
0 -1 0
0 0 1

  Inverse Direction: 
-1 0 0
0 -1 0
0 0 1

  PixelContainer: 
    ImportImageContainer (0x556811e80600)
      RTTI typeinfo:   itk::ImportImageContainer<unsigned long, double>
      Reference Count: 1
      Modified Time: 3528
      Debug: Off
      Object Name: 
      Observers: 
        none
      Pointer: 0x7f7f85f01010
      Container manages memory: true
      Size: 8530021
      Capacity: 8530021

     Moving image = Image (0x556811f5be70)
  RTTI typeinfo:   itk::Image<double, 3u>
  Reference Count: 2
  Modified Time: 3921
  Debug: Off
  Object Name: 
  Observers: 
    none
  Source: (none)
  Source output name: (none)
  Release Data: Off
  Data Released: False
  Global Release Data: Off
  PipelineMTime: 0
  UpdateMTime: 3918
  RealTimeStamp: 0 seconds 
  LargestPossibleRegion: 
    Dimension: 3
    Index: [0, 0, 0]
    Size: [176, 256, 256]
  BufferedRegion: 
    Dimension: 3
    Index: [0, 0, 0]
    Size: [176, 256, 256]
  RequestedRegion: 
    Dimension: 3
    Index: [0, 0, 0]
    Size: [176, 256, 256]
  Spacing: [1, 1, 1]
  Origin: [-85.6928, 92.6626, -118.566]
  Direction: 
1 0 0
0 -1 0
0 0 1

  IndexToPointMatrix: 
1 0 0
0 -1 0
0 0 1

  PointToIndexMatrix: 
1 0 0
0 -1 0
0 0 1

  Inverse Direction: 
1 0 0
0 -1 0
0 0 1

  PixelContainer: 
    ImportImageContainer (0x556811f3f0d0)
      RTTI typeinfo:   itk::ImportImageContainer<unsigned long, double>
      Reference Count: 1
      Modified Time: 3915
      Debug: Off
      Object Name: 
      Observers: 
        none
      Pointer: 0x7f7f80700010
      Container manages memory: true
      Size: 11534336
      Capacity: 11534336

     Weighting = 1
     Sampling strategy = none
     Number of bins = 32
     Radius = 4
     Sampling percentage  = 1
   Transform = SyN
     Gradient step = 0.1
     Update field sigma (voxel space) = 3
     Total field sigma (voxel space) = 0
     Update field time sigma = 0
     Total field time sigma  = 0
     Number of time indices = 0
     Number of time point samples = 0
Registration using 3 total stages.

Stage 0
  iterations = 1000x500x250x100
  convergence threshold = 1e-06
  convergence window size = 10
  number of levels = 4
  using the Mattes MI metric (number of bins = 32, weight = 1, use gradient filter = 0)
  preprocessing:  winsorizing the image intensities
  Shrink factors (level 1 out of 4): [8, 8, 8]
  Shrink factors (level 2 out of 4): [4, 4, 4]
  Shrink factors (level 3 out of 4): [2, 2, 2]
  Shrink factors (level 4 out of 4): [1, 1, 1]
  smoothing sigmas per level: [3, 2, 1, 0]
  regular sampling (percentage = 0.25)

*** Running Euler3DTransform registration ***

DIAGNOSTIC,Iteration,metricValue,convergenceValue,ITERATION_TIME_INDEX,SINCE_LAST
 2DIAGNOSTIC,     1, -4.768231245216e-01, 1.797693134862e+308, 3.5686e-01, 3.5686e-01, 
 2DIAGNOSTIC,     2, -4.768469274562e-01, 1.797693134862e+308, 3.6048e-01, 3.6221e-03, 
 2DIAGNOSTIC,     3, -4.767687535881e-01, 1.797693134862e+308, 3.6342e-01, 2.9340e-03, 
 2DIAGNOSTIC,     4, -4.768236791942e-01, 1.797693134862e+308, 3.6668e-01, 3.2642e-03, 
 2DIAGNOSTIC,     5, -4.768561250386e-01, 1.797693134862e+308, 3.6940e-01, 2.7142e-03, 
 2DIAGNOSTIC,     6, -4.768955243162e-01, 1.797693134862e+308, 3.7237e-01, 2.9738e-03, 
 2DIAGNOSTIC,     7, -4.768951848422e-01, 1.797693134862e+308, 3.7521e-01, 2.8369e-03, 
 2DIAGNOSTIC,     8, -4.768842341847e-01, 1.797693134862e+308, 3.7767e-01, 2.4669e-03, 
 2DIAGNOSTIC,     9, -4.769078853746e-01, 1.797693134862e+308, 3.8010e-01, 2.4221e-03, 
 2DIAGNOSTIC,    10, -4.770405731160e-01, 2.652436477213e-05, 3.8409e-01, 3.9909e-03, 
 2DIAGNOSTIC,    11, -4.771505221424e-01, 3.611499723019e-05, 3.8701e-01, 2.9280e-03, 
 2DIAGNOSTIC,    12, -4.772370963226e-01, 4.671607340222e-05, 3.8994e-01, 2.9271e-03, 
 2DIAGNOSTIC,    13, -4.774130658311e-01, 5.621359483721e-05, 3.9283e-01, 2.8939e-03, 
 2DIAGNOSTIC,    14, -4.775173145850e-01, 6.609358323524e-05, 3.9533e-01, 2.5001e-03, 
 2DIAGNOSTIC,    15, -4.779325294442e-01, 8.646457263327e-05, 3.9863e-01, 3.2990e-03, 
 2DIAGNOSTIC,    16, -4.782413421897e-01, 1.091319955797e-04, 4.0115e-01, 2.5139e-03, 
 2DIAGNOSTIC,    17, -4.786758984912e-01, 1.344023683866e-04, 4.0404e-01, 2.8880e-03, 
 2DIAGNOSTIC,    18, -4.788313209282e-01, 1.492958744909e-04, 4.0745e-01, 3.4099e-03, 
 2DIAGNOSTIC,    19, -4.790761057754e-01, 1.573791173302e-04, 4.1096e-01, 3.5100e-03, 
 2DIAGNOSTIC,    20, -4.793361586249e-01, 1.616951221100e-04, 4.1420e-01, 3.2430e-03, 
 2DIAGNOSTIC,    21, -4.794826040606e-01, 1.576942664991e-04, 4.1754e-01, 3.3410e-03, 
 2DIAGNOSTIC,    22, -4.795647359618e-01, 1.439551299793e-04, 4.2044e-01, 2.8980e-03, 
 2DIAGNOSTIC,    23, -4.794010531412e-01, 1.185471909211e-04, 4.2339e-01, 2.9562e-03, 
 2DIAGNOSTIC,    24, -4.795809715883e-01, 9.135490404789e-05, 4.2667e-01, 3.2730e-03, 
 2DIAGNOSTIC,    25, -4.800830109495e-01, 7.940631676115e-05, 4.2957e-01, 2.9051e-03, 
 2DIAGNOSTIC,    26, -4.807192405993e-01, 8.206362436310e-05, 4.3249e-01, 2.9171e-03, 
 2DIAGNOSTIC,    27, -4.807914303685e-01, 8.789449961948e-05, 4.3576e-01, 3.2711e-03, 
 2DIAGNOSTIC,    28, -4.813281354842e-01, 1.001136298742e-04, 4.3865e-01, 2.8882e-03, 
 2DIAGNOSTIC,    29, -4.812820602314e-01, 1.059496028933e-04, 4.4152e-01, 2.8760e-03, 
 2DIAGNOSTIC,    30, -4.813379853904e-01, 1.075710266632e-04, 4.4410e-01, 2.5780e-03, 
 2DIAGNOSTIC,    31, -4.814399186101e-01, 1.036177965353e-04, 4.4799e-01, 3.8829e-03, 
 2DIAGNOSTIC,    32, -4.814512903508e-01, 9.204827476512e-05, 4.5063e-01, 2.6488e-03, 
 2DIAGNOSTIC,    33, -4.814820826685e-01, 7.022933250015e-05, 4.5316e-01, 2.5280e-03, 
 2DIAGNOSTIC,    34, -4.815511390274e-01, 4.736686876599e-05, 4.5613e-01, 2.9631e-03, 
 2DIAGNOSTIC,    35, -4.814974459945e-01, 2.882004488360e-05, 4.5877e-01, 2.6472e-03, 
 2DIAGNOSTIC,    36, -4.809120560913e-01, 9.569298786594e-06, 4.6369e-01, 4.9129e-03, 
DIAGNOSTIC,Iteration,metricValue,convergenceValue,ITERATION_TIME_INDEX,SINCE_LAST
 2DIAGNOSTIC,     1, -3.857873302090e-01, 1.797693134862e+308, 8.3441e-01, 3.7073e-01, 
 2DIAGNOSTIC,     2, -3.861600569115e-01, 1.797693134862e+308, 8.5164e-01, 1.7223e-02, 
 2DIAGNOSTIC,     3, -3.868333851896e-01, 1.797693134862e+308, 8.6904e-01, 1.7401e-02, 
 2DIAGNOSTIC,     4, -3.876738428049e-01, 1.797693134862e+308, 8.8763e-01, 1.8596e-02, 
 2DIAGNOSTIC,     5, -3.884027562627e-01, 1.797693134862e+308, 9.0884e-01, 2.1202e-02, 
 2DIAGNOSTIC,     6, -3.886338727856e-01, 1.797693134862e+308, 9.4145e-01, 3.2612e-02, 
 2DIAGNOSTIC,     7, -3.886410204429e-01, 1.797693134862e+308, 9.6600e-01, 2.4547e-02, 
 2DIAGNOSTIC,     8, -3.886416379289e-01, 1.797693134862e+308, 9.8726e-01, 2.1268e-02, 
 2DIAGNOSTIC,     9, -3.886400059811e-01, 1.797693134862e+308, 1.0090e+00, 2.1754e-02, 
 2DIAGNOSTIC,    10, -3.886391302993e-01, 4.998928926311e-04, 1.0283e+00, 1.9298e-02, 
 2DIAGNOSTIC,    11, -3.886355858438e-01, 3.255672576263e-04, 1.0508e+00, 2.2484e-02, 
 2DIAGNOSTIC,    12, -3.886285377443e-01, 1.738546892661e-04, 1.0723e+00, 2.1515e-02, 
 2DIAGNOSTIC,    13, -3.886198218336e-01, 6.686973132800e-05, 1.0915e+00, 1.9143e-02, 
 2DIAGNOSTIC,    14, -3.886132580322e-01, 1.203221238218e-05, 1.1107e+00, 1.9258e-02, 
DIAGNOSTIC,Iteration,metricValue,convergenceValue,ITERATION_TIME_INDEX,SINCE_LAST
 2DIAGNOSTIC,     1, -3.390516019631e-01, 1.797693134862e+308, 1.6796e+00, 5.6885e-01, 
 2DIAGNOSTIC,     2, -3.392626789759e-01, 1.797693134862e+308, 1.8122e+00, 1.3259e-01, 
 2DIAGNOSTIC,     3, -3.395011056143e-01, 1.797693134862e+308, 1.9444e+00, 1.3224e-01, 
 2DIAGNOSTIC,     4, -3.397912598427e-01, 1.797693134862e+308, 2.0766e+00, 1.3222e-01, 
 2DIAGNOSTIC,     5, -3.404901405451e-01, 1.797693134862e+308, 2.2072e+00, 1.3055e-01, 
 2DIAGNOSTIC,     6, -3.408781833361e-01, 1.797693134862e+308, 2.3935e+00, 1.8634e-01, 
 2DIAGNOSTIC,     7, -3.409189247418e-01, 1.797693134862e+308, 2.5246e+00, 1.3110e-01, 
 2DIAGNOSTIC,     8, -3.411260811604e-01, 1.797693134862e+308, 2.6930e+00, 1.6837e-01, 
 2DIAGNOSTIC,     9, -3.412119014612e-01, 1.797693134862e+308, 2.9523e+00, 2.5933e-01, 
 2DIAGNOSTIC,    10, -3.412079726566e-01, 4.700436294849e-04, 3.1584e+00, 2.0607e-01, 
 2DIAGNOSTIC,    11, -3.412090382914e-01, 3.625425462977e-04, 3.3078e+00, 1.4940e-01, 
 2DIAGNOSTIC,    12, -3.412089431656e-01, 2.558800702017e-04, 3.4585e+00, 1.5070e-01, 
 2DIAGNOSTIC,    13, -3.412076014300e-01, 1.581748193542e-04, 3.5910e+00, 1.3249e-01, 
 2DIAGNOSTIC,    14, -3.412078460378e-01, 7.661490249970e-05, 3.7231e+00, 1.3215e-01, 
 2DIAGNOSTIC,    15, -3.412080506596e-01, 3.762853012911e-05, 3.8750e+00, 1.5190e-01, 
 2DIAGNOSTIC,    16, -3.412084754438e-01, 2.066410960989e-05, 4.0263e+00, 1.5133e-01, 
 2DIAGNOSTIC,    17, -3.412079910389e-01, 5.710963690925e-06, 4.1764e+00, 1.5004e-01, 
 2DIAGNOSTIC,    18, -3.412080269547e-01, 1.555160697012e-06, 4.3455e+00, 1.6914e-01, 
 2DIAGNOSTIC,    19, -3.412064618884e-01, 1.561380015301e-06, 4.4784e+00, 1.3290e-01, 
 2DIAGNOSTIC,    20, -3.412050969300e-01, 1.355988928052e-06, 4.6112e+00, 1.3280e-01, 
 2DIAGNOSTIC,    21, -3.412059271602e-01, 1.267708598721e-06, 4.7620e+00, 1.5080e-01, 
 2DIAGNOSTIC,    22, -3.412052115444e-01, 1.179419471552e-06, 4.9140e+00, 1.5199e-01, 
DIAGNOSTIC,Iteration,metricValue,convergenceValue,ITERATION_TIME_INDEX,SINCE_LAST
 2DIAGNOSTIC,     1, -3.171110295042e-01, 1.797693134862e+308, 6.4939e+00, 1.5799e+00, 
 2DIAGNOSTIC,     2, -3.171680881136e-01, 1.797693134862e+308, 7.3448e+00, 8.5092e-01, 
 2DIAGNOSTIC,     3, -3.172343773382e-01, 1.797693134862e+308, 8.9341e+00, 1.5893e+00, 
 2DIAGNOSTIC,     4, -3.172342349275e-01, 1.797693134862e+308, 1.0114e+01, 1.1801e+00, 
 2DIAGNOSTIC,     5, -3.172340730839e-01, 1.797693134862e+308, 1.1077e+01, 9.6317e-01, 
 2DIAGNOSTIC,     6, -3.172342781873e-01, 1.797693134862e+308, 1.2451e+01, 1.3733e+00, 
 2DIAGNOSTIC,     7, -3.172342334790e-01, 1.797693134862e+308, 1.3404e+01, 9.5294e-01, 
 2DIAGNOSTIC,     8, -3.172342326590e-01, 1.797693134862e+308, 1.4275e+01, 8.7151e-01, 
 2DIAGNOSTIC,     9, -3.172340379610e-01, 1.797693134862e+308, 1.5248e+01, 9.7322e-01, 
 2DIAGNOSTIC,    10, -3.172339131634e-01, 1.934624602089e-05, 1.6217e+01, 9.6821e-01, 
 2DIAGNOSTIC,    11, -3.172337539308e-01, 8.201621664650e-06, 1.7507e+01, 1.2910e+00, 
 2DIAGNOSTIC,    12, -3.172337027196e-01, 2.552454603941e-06, 1.8469e+01, 9.6175e-01, 
 2DIAGNOSTIC,    13, -3.172337156958e-01, 2.351051883051e-06, 1.9437e+01, 9.6747e-01, 
 2DIAGNOSTIC,    14, -3.172336622567e-01, 2.175025812748e-06, 2.0287e+01, 8.5016e-01, 
 2DIAGNOSTIC,    15, -3.172336193980e-01, 2.018990216887e-06, 2.1264e+01, 9.7735e-01, 
 2DIAGNOSTIC,    16, -3.172335814045e-01, 1.901273601890e-06, 2.2234e+01, 9.7024e-01, 
 2DIAGNOSTIC,    17, -3.172334876209e-01, 1.797938620519e-06, 2.3202e+01, 9.6770e-01, 
 2DIAGNOSTIC,    18, -3.172334509647e-01, 1.711150048850e-06, 2.4172e+01, 9.7008e-01, 
 2DIAGNOSTIC,    19, -3.172333339504e-01, 1.624053586183e-06, 2.5034e+01, 8.6160e-01, 
 2DIAGNOSTIC,    20, -3.172333688699e-01, 1.546601633318e-06, 2.5901e+01, 8.6759e-01, 
 2DIAGNOSTIC,    21, -3.172333589077e-01, 1.473354397159e-06, 2.6767e+01, 8.6538e-01, 
 2DIAGNOSTIC,    22, -3.172332912663e-01, 1.405752837434e-06, 2.7737e+01, 9.7070e-01, 
 2DIAGNOSTIC,    23, -3.172332673956e-01, 1.347528999829e-06, 2.8706e+01, 9.6806e-01, 
 2DIAGNOSTIC,    24, -3.172331936692e-01, 1.292776824043e-06, 2.9573e+01, 8.6752e-01, 
 2DIAGNOSTIC,    25, -3.172333705563e-01, 1.250274194869e-06, 3.0647e+01, 1.0744e+00, 
 2DIAGNOSTIC,    26, -3.172333600290e-01, 1.211255948250e-06, 3.1621e+01, 9.7390e-01, 
 2DIAGNOSTIC,    27, -3.172332359075e-01, 1.169139338460e-06, 3.2494e+01, 8.7273e-01, 
 2DIAGNOSTIC,    28, -3.172333745803e-01, 1.134494245721e-06, 3.3581e+01, 1.0868e+00, 
 2DIAGNOSTIC,    29, -3.172333610742e-01, 1.098134971830e-06, 3.4557e+01, 9.7651e-01, 
 2DIAGNOSTIC,    30, -3.172332782858e-01, 1.062548841961e-06, 3.5638e+01, 1.0809e+00, 
 2DIAGNOSTIC,    31, -3.172332342624e-01, 1.027631848623e-06, 3.6600e+01, 9.6181e-01, 
  Elapsed time (stage 0): 3.7221e+01


Stage 1
  iterations = 1000x500x250x100
  convergence threshold = 1.0000e-06
  convergence window size = 10
  number of levels = 4
  using the Mattes MI metric (number of bins = 32, weight = 1.0000e+00, use gradient filter = 0)
  preprocessing:  winsorizing the image intensities
  Shrink factors (level 1 out of 4): [8, 8, 8]
  Shrink factors (level 2 out of 4): [4, 4, 4]
  Shrink factors (level 3 out of 4): [2, 2, 2]
  Shrink factors (level 4 out of 4): [1, 1, 1]
  smoothing sigmas per level: [3, 2, 1, 0]
  regular sampling (percentage = 2.5000e-01)

*** Running AffineTransform registration ***

DIAGNOSTIC,Iteration,metricValue,convergenceValue,ITERATION_TIME_INDEX,SINCE_LAST
 2DIAGNOSTIC,     1, -4.800488649660e-01, 1.797693134862e+308, 3.4673e-01, 3.4673e-01, 
 2DIAGNOSTIC,     2, -4.814659864254e-01, 1.797693134862e+308, 3.5164e-01, 4.9090e-03, 
 2DIAGNOSTIC,     3, -4.839006090140e-01, 1.797693134862e+308, 3.5655e-01, 4.9088e-03, 
 2DIAGNOSTIC,     4, -4.885091338868e-01, 1.797693134862e+308, 3.5995e-01, 3.4008e-03, 
 2DIAGNOSTIC,     5, -4.952001086864e-01, 1.797693134862e+308, 3.6327e-01, 3.3159e-03, 
 2DIAGNOSTIC,     6, -5.057178043961e-01, 1.797693134862e+308, 3.6668e-01, 3.4139e-03, 
 2DIAGNOSTIC,     7, -5.298995510325e-01, 1.797693134862e+308, 3.7005e-01, 3.3660e-03, 
 2DIAGNOSTIC,     8, -7.440061920137e-01, 1.797693134862e+308, 3.7445e-01, 4.4000e-03, 
 2DIAGNOSTIC,     9, -7.702550996506e-01, 1.797693134862e+308, 3.7857e-01, 4.1251e-03, 
 2DIAGNOSTIC,    10, -7.828312833473e-01, 3.743069422920e-02, 3.8293e-01, 4.3550e-03, 
 2DIAGNOSTIC,    11, -7.968512802047e-01, 3.876427987978e-02, 3.8679e-01, 3.8660e-03, 
 2DIAGNOSTIC,    12, -8.244329950359e-01, 3.737068876199e-02, 3.9100e-01, 4.2050e-03, 
 2DIAGNOSTIC,    13, -8.328663720989e-01, 3.316955467503e-02, 3.9478e-01, 3.7770e-03, 
 2DIAGNOSTIC,    14, -8.334784338543e-01, 2.693804005587e-02, 3.9801e-01, 3.2349e-03, 
 2DIAGNOSTIC,    15, -8.338323009979e-01, 1.965204181015e-02, 4.0132e-01, 3.3102e-03, 
 2DIAGNOSTIC,    16, -8.341677631929e-01, 1.206949037337e-02, 4.0594e-01, 4.6220e-03, 
 2DIAGNOSTIC,    17, -8.343190216780e-01, 4.933894889845e-03, 4.0979e-01, 3.8521e-03, 
 2DIAGNOSTIC,    18, -8.343693912236e-01, 3.209603341024e-03, 4.1314e-01, 3.3431e-03, 
 2DIAGNOSTIC,    19, -8.344387431651e-01, 1.979535872437e-03, 4.1668e-01, 3.5450e-03, 
 2DIAGNOSTIC,    20, -8.344950688149e-01, 9.702232904762e-04, 4.2233e-01, 5.6441e-03, 
 2DIAGNOSTIC,    21, -8.344983839833e-01, 2.392001655425e-04, 4.2571e-01, 3.3882e-03, 
 2DIAGNOSTIC,    22, -8.345057621130e-01, 5.827262923370e-05, 4.2906e-01, 3.3431e-03, 
 2DIAGNOSTIC,    23, -8.345132305619e-01, 3.505355084435e-05, 4.3256e-01, 3.5059e-03, 
 2DIAGNOSTIC,    24, -8.345203912451e-01, 2.097965196724e-05, 4.3609e-01, 3.5300e-03, 
 2DIAGNOSTIC,    25, -8.345285457644e-01, 1.189570370209e-05, 4.3949e-01, 3.3929e-03, 
 2DIAGNOSTIC,    26, -8.345456472734e-01, 7.843753391690e-06, 4.4284e-01, 3.3510e-03, 
 2DIAGNOSTIC,    27, -8.345886284739e-01, 6.299852915712e-06, 4.4655e-01, 3.7079e-03, 
 2DIAGNOSTIC,    28, -8.346082298181e-01, 5.341431123754e-06, 4.5143e-01, 4.8840e-03, 
 2DIAGNOSTIC,    29, -8.346127963151e-01, 5.031055012372e-06, 4.5506e-01, 3.6330e-03, 
 2DIAGNOSTIC,    30, -8.346212237742e-01, 5.216302754171e-06, 4.5897e-01, 3.9072e-03, 
 2DIAGNOSTIC,    31, -8.346351164746e-01, 5.214265607317e-06, 4.6368e-01, 4.7081e-03, 
 2DIAGNOSTIC,    32, -8.346376274865e-01, 4.931935256643e-06, 4.6708e-01, 3.3979e-03, 
 2DIAGNOSTIC,    33, -8.346526279856e-01, 4.561765198044e-06, 4.7041e-01, 3.3309e-03, 
 2DIAGNOSTIC,    34, -8.346677102882e-01, 4.133871772727e-06, 4.7372e-01, 3.3090e-03, 
 2DIAGNOSTIC,    35, -8.346782113677e-01, 3.637658688695e-06, 4.7709e-01, 3.3722e-03, 
 2DIAGNOSTIC,    36, -8.346868522069e-01, 3.177256131713e-06, 4.8078e-01, 3.6881e-03, 
 2DIAGNOSTIC,    37, -8.346921783412e-01, 3.016552051295e-06, 4.8462e-01, 3.8421e-03, 
 2DIAGNOSTIC,    38, -8.347086774154e-01, 3.020643722169e-06, 4.8993e-01, 5.3101e-03, 
 2DIAGNOSTIC,    39, -8.347092100276e-01, 2.866379881922e-06, 4.9359e-01, 3.6609e-03, 
 2DIAGNOSTIC,    40, -8.347113788444e-01, 2.629034768532e-06, 4.9694e-01, 3.3500e-03, 
 2DIAGNOSTIC,    41, -8.347139985361e-01, 2.387969873313e-06, 5.0049e-01, 3.5510e-03, 
 2DIAGNOSTIC,    42, -8.347177204772e-01, 2.063873162837e-06, 5.0377e-01, 3.2759e-03, 
 2DIAGNOSTIC,    43, -8.347344393012e-01, 1.904137766223e-06, 5.0747e-01, 3.7079e-03, 
 2DIAGNOSTIC,    44, -8.347424451953e-01, 1.834399421200e-06, 5.1170e-01, 4.2300e-03, 
 2DIAGNOSTIC,    45, -8.347452247742e-01, 1.775883729276e-06, 5.1538e-01, 3.6781e-03, 
 2DIAGNOSTIC,    46, -8.347468383441e-01, 1.706804056083e-06, 5.1903e-01, 3.6509e-03, 
 2DIAGNOSTIC,    47, -8.347492852811e-01, 1.605602147167e-06, 5.2232e-01, 3.2821e-03, 
 2DIAGNOSTIC,    48, -8.347548787146e-01, 1.590426066952e-06, 5.2603e-01, 3.7100e-03, 
 2DIAGNOSTIC,    49, -8.347663565661e-01, 1.578740522080e-06, 5.3008e-01, 4.0579e-03, 
 2DIAGNOSTIC,    50, -8.347663848722e-01, 1.498388234236e-06, 5.3432e-01, 4.2400e-03, 
 2DIAGNOSTIC,    51, -8.347843044860e-01, 1.492029110085e-06, 5.3795e-01, 3.6261e-03, 
 2DIAGNOSTIC,    52, -8.348000445616e-01, 1.537280351009e-06, 5.4157e-01, 3.6249e-03, 
 2DIAGNOSTIC,    53, -8.348074664310e-01, 1.656971943136e-06, 5.4562e-01, 4.0479e-03, 
 2DIAGNOSTIC,    54, -8.348082165116e-01, 1.733152000322e-06, 5.5030e-01, 4.6759e-03, 
 2DIAGNOSTIC,    55, -8.348082271271e-01, 1.720383431963e-06, 5.5400e-01, 3.7060e-03, 
 2DIAGNOSTIC,    56, -8.348082238958e-01, 1.611970624586e-06, 5.6415e-01, 1.0149e-02, 
 2DIAGNOSTIC,    57, -8.348082238957e-01, 1.423776825764e-06, 5.7011e-01, 5.9540e-03, 
 2DIAGNOSTIC,    58, -8.348082238957e-01, 1.195809257653e-06, 5.7426e-01, 4.1530e-03, 
DIAGNOSTIC,Iteration,metricValue,convergenceValue,ITERATION_TIME_INDEX,SINCE_LAST
 2DIAGNOSTIC,     1, -7.080128632019e-01, 1.797693134862e+308, 9.5576e-01, 3.8150e-01, 
 2DIAGNOSTIC,     2, -7.091166100766e-01, 1.797693134862e+308, 9.8000e-01, 2.4239e-02, 
 2DIAGNOSTIC,     3, -7.101773967608e-01, 1.797693134862e+308, 1.0039e+00, 2.3908e-02, 
 2DIAGNOSTIC,     4, -7.111678061387e-01, 1.797693134862e+308, 1.0277e+00, 2.3788e-02, 
 2DIAGNOSTIC,     5, -7.122151156456e-01, 1.797693134862e+308, 1.0524e+00, 2.4657e-02, 
 2DIAGNOSTIC,     6, -7.131754632599e-01, 1.797693134862e+308, 1.0798e+00, 2.7479e-02, 
 2DIAGNOSTIC,     7, -7.137119142391e-01, 1.797693134862e+308, 1.1156e+00, 3.5780e-02, 
 2DIAGNOSTIC,     8, -7.137267565463e-01, 1.797693134862e+308, 1.1402e+00, 2.4566e-02, 
 2DIAGNOSTIC,     9, -7.137691584011e-01, 1.797693134862e+308, 1.1647e+00, 2.4512e-02, 
 2DIAGNOSTIC,    10, -7.138231065699e-01, 5.506574444523e-04, 1.1901e+00, 2.5429e-02, 
 2DIAGNOSTIC,    11, -7.139134051821e-01, 3.876019458130e-04, 1.2190e+00, 2.8846e-02, 
 2DIAGNOSTIC,    12, -7.139895111398e-01, 2.560216931783e-04, 1.2434e+00, 2.4390e-02, 
 2DIAGNOSTIC,    13, -7.140288419554e-01, 1.555355611395e-04, 1.2688e+00, 2.5459e-02, 
 2DIAGNOSTIC,    14, -7.141284849521e-01, 8.632280975017e-05, 1.2963e+00, 2.7524e-02, 
 2DIAGNOSTIC,    15, -7.141433030755e-01, 4.630552585309e-05, 1.3418e+00, 4.5488e-02, 
 2DIAGNOSTIC,    16, -7.141437027448e-01, 3.081836754477e-05, 1.3660e+00, 2.4172e-02, 
 2DIAGNOSTIC,    17, -7.141449906471e-01, 2.713887244878e-05, 1.3922e+00, 2.6232e-02, 
 2DIAGNOSTIC,    18, -7.141462042141e-01, 2.188627596858e-05, 1.4166e+00, 2.4394e-02, 
 2DIAGNOSTIC,    19, -7.141468061587e-01, 1.620254265931e-05, 1.4411e+00, 2.4465e-02, 
 2DIAGNOSTIC,    20, -7.141477308557e-01, 1.079945438842e-05, 1.4674e+00, 2.6311e-02, 
 2DIAGNOSTIC,    21, -7.141493860686e-01, 6.796627142612e-06, 1.4968e+00, 2.9427e-02, 
 2DIAGNOSTIC,    22, -7.141518630328e-01, 4.093676499201e-06, 1.5228e+00, 2.5979e-02, 
 2DIAGNOSTIC,    23, -7.141537010787e-01, 2.044524895981e-06, 1.5498e+00, 2.7027e-02, 
 2DIAGNOSTIC,    24, -7.141559449430e-01, 1.789470334676e-06, 1.5883e+00, 3.8461e-02, 
 2DIAGNOSTIC,    25, -7.141559567266e-01, 1.747792974002e-06, 1.6248e+00, 3.6532e-02, 
 2DIAGNOSTIC,    26, -7.141559572639e-01, 1.670957635043e-06, 1.6603e+00, 3.5501e-02, 
 2DIAGNOSTIC,    27, -7.141559572913e-01, 1.576369918918e-06, 1.7135e+00, 5.3220e-02, 
 2DIAGNOSTIC,    28, -7.141559572914e-01, 1.467995870148e-06, 1.7556e+00, 4.2019e-02, 
 2DIAGNOSTIC,    29, -7.141559572915e-01, 1.344002167995e-06, 1.8062e+00, 5.0671e-02, 
 2DIAGNOSTIC,    30, -7.141559572914e-01, 1.217365773076e-06, 1.8327e+00, 2.6421e-02, 
 2DIAGNOSTIC,    31, -7.141559572914e-01, 1.105265925852e-06, 1.8600e+00, 2.7375e-02, 
 2DIAGNOSTIC,    32, -7.141559572914e-01, 1.023302100535e-06, 1.8870e+00, 2.6929e-02, 
DIAGNOSTIC,Iteration,metricValue,convergenceValue,ITERATION_TIME_INDEX,SINCE_LAST
 2DIAGNOSTIC,     1, -6.113874690076e-01, 1.797693134862e+308, 2.5044e+00, 6.1744e-01, 
 2DIAGNOSTIC,     2, -6.119088694046e-01, 1.797693134862e+308, 2.6758e+00, 1.7140e-01, 
 2DIAGNOSTIC,     3, -6.123307318662e-01, 1.797693134862e+308, 2.8463e+00, 1.7051e-01, 
 2DIAGNOSTIC,     4, -6.126866092822e-01, 1.797693134862e+308, 3.0205e+00, 1.7419e-01, 
 2DIAGNOSTIC,     5, -6.130286594084e-01, 1.797693134862e+308, 3.2154e+00, 1.9487e-01, 
 2DIAGNOSTIC,     6, -6.132862361370e-01, 1.797693134862e+308, 3.5462e+00, 3.3085e-01, 
 2DIAGNOSTIC,     7, -6.132872552125e-01, 1.797693134862e+308, 3.7181e+00, 1.7189e-01, 
 2DIAGNOSTIC,     8, -6.132906615215e-01, 1.797693134862e+308, 3.8915e+00, 1.7338e-01, 
 2DIAGNOSTIC,     9, -6.132959775778e-01, 1.797693134862e+308, 4.0652e+00, 1.7374e-01, 
 2DIAGNOSTIC,    10, -6.133035419549e-01, 1.944918515807e-04, 4.2350e+00, 1.6974e-01, 
 2DIAGNOSTIC,    11, -6.133137011293e-01, 1.211541130282e-04, 4.4103e+00, 1.7533e-01, 
 2DIAGNOSTIC,    12, -6.133269466005e-01, 6.997726744937e-05, 4.5793e+00, 1.6904e-01, 
 2DIAGNOSTIC,    13, -6.133660426143e-01, 3.696815417351e-05, 4.7711e+00, 1.9177e-01, 
 2DIAGNOSTIC,    14, -6.133718244832e-01, 1.726882916769e-05, 4.9622e+00, 1.9108e-01, 
 2DIAGNOSTIC,    15, -6.133898296795e-01, 9.742544011412e-06, 5.1767e+00, 2.1454e-01, 
 2DIAGNOSTIC,    16, -6.134147622372e-01, 1.064640789955e-05, 5.4348e+00, 2.5805e-01, 
 2DIAGNOSTIC,    17, -6.134148015559e-01, 1.065612303851e-05, 5.6135e+00, 1.7876e-01, 
 2DIAGNOSTIC,    18, -6.134152781979e-01, 9.952466943318e-06, 5.8068e+00, 1.9325e-01, 
 2DIAGNOSTIC,    19, -6.134153580362e-01, 8.701136683290e-06, 6.0021e+00, 1.9535e-01, 
 2DIAGNOSTIC,    20, -6.134153912534e-01, 7.100348826339e-06, 6.1931e+00, 1.9096e-01, 
 2DIAGNOSTIC,    21, -6.134154297507e-01, 5.357509463573e-06, 6.3668e+00, 1.7374e-01, 
 2DIAGNOSTIC,    22, -6.134155139838e-01, 3.677356381585e-06, 6.5413e+00, 1.7444e-01, 
 2DIAGNOSTIC,    23, -6.134158429756e-01, 2.738268094840e-06, 6.7138e+00, 1.7254e-01, 
 2DIAGNOSTIC,    24, -6.134166356827e-01, 1.873110252702e-06, 6.8893e+00, 1.7549e-01, 
 2DIAGNOSTIC,    25, -6.134176502643e-01, 1.365022490610e-06, 7.0626e+00, 1.7331e-01, 
 2DIAGNOSTIC,    26, -6.134191208694e-01, 1.357914394477e-06, 7.2358e+00, 1.7314e-01, 
 2DIAGNOSTIC,    27, -6.134204633060e-01, 1.361889235864e-06, 7.4053e+00, 1.6959e-01, 
 2DIAGNOSTIC,    28, -6.134232160446e-01, 1.401514576470e-06, 7.7581e+00, 3.5280e-01, 
 2DIAGNOSTIC,    29, -6.134232655579e-01, 1.414549874582e-06, 8.3021e+00, 5.4391e-01, 
 2DIAGNOSTIC,    30, -6.134232655577e-01, 1.397747222742e-06, 8.7020e+00, 3.9991e-01, 
 2DIAGNOSTIC,    31, -6.134232655577e-01, 1.351095254849e-06, 8.8966e+00, 1.9462e-01, 
 2DIAGNOSTIC,    32, -6.134232655577e-01, 1.277516844471e-06, 9.1327e+00, 2.3614e-01, 
 2DIAGNOSTIC,    33, -6.134232655577e-01, 1.185630783884e-06, 9.3489e+00, 2.1614e-01, 
 2DIAGNOSTIC,    34, -6.134232655577e-01, 1.088932394363e-06, 9.5650e+00, 2.1611e-01, 
DIAGNOSTIC,Iteration,metricValue,convergenceValue,ITERATION_TIME_INDEX,SINCE_LAST
 2DIAGNOSTIC,     1, -5.430056579049e-01, 1.797693134862e+308, 1.1508e+01, 1.9427e+00, 
 2DIAGNOSTIC,     2, -5.432225713889e-01, 1.797693134862e+308, 1.2716e+01, 1.2080e+00, 
 2DIAGNOSTIC,     3, -5.434116116729e-01, 1.797693134862e+308, 1.3919e+01, 1.2030e+00, 
 2DIAGNOSTIC,     4, -5.436009774419e-01, 1.797693134862e+308, 1.5250e+01, 1.3314e+00, 
 2DIAGNOSTIC,     5, -5.437419559507e-01, 1.797693134862e+308, 1.6588e+01, 1.3375e+00, 
 2DIAGNOSTIC,     6, -5.437584415593e-01, 1.797693134862e+308, 1.7918e+01, 1.3302e+00, 
 2DIAGNOSTIC,     7, -5.437740254413e-01, 1.797693134862e+308, 1.9646e+01, 1.7285e+00, 
 2DIAGNOSTIC,     8, -5.437760106684e-01, 1.797693134862e+308, 2.0853e+01, 1.2068e+00, 
 2DIAGNOSTIC,     9, -5.437860201549e-01, 1.797693134862e+308, 2.2057e+01, 1.2041e+00, 
 2DIAGNOSTIC,    10, -5.437907261452e-01, 8.770708069479e-05, 2.3388e+01, 1.3307e+00, 
 2DIAGNOSTIC,    11, -5.437913997237e-01, 5.272324368603e-05, 2.4706e+01, 1.3178e+00, 
 2DIAGNOSTIC,    12, -5.437918667789e-01, 2.853244598501e-05, 2.6168e+01, 1.4624e+00, 
 2DIAGNOSTIC,    13, -5.437920510101e-01, 1.319576099569e-05, 2.7644e+01, 1.4756e+00, 
 2DIAGNOSTIC,    14, -5.437920547199e-01, 6.004930310693e-06, 2.8976e+01, 1.3326e+00, 
 2DIAGNOSTIC,    15, -5.437920554250e-01, 4.333151346070e-06, 3.0454e+01, 1.4778e+00, 
 2DIAGNOSTIC,    16, -5.437920562530e-01, 3.196824450019e-06, 3.2423e+01, 1.9687e+00, 
 2DIAGNOSTIC,    17, -5.437920562861e-01, 2.566179653531e-06, 3.4144e+01, 1.7211e+00, 
 2DIAGNOSTIC,    18, -5.437920562866e-01, 1.992598493830e-06, 3.5883e+01, 1.7388e+00, 
 2DIAGNOSTIC,    19, -5.437920562866e-01, 1.730646989336e-06, 3.7233e+01, 1.3507e+00, 
 2DIAGNOSTIC,    20, -5.437920562866e-01, 1.612403401602e-06, 3.8701e+01, 1.4674e+00, 
 2DIAGNOSTIC,    21, -5.437920562866e-01, 1.519900214887e-06, 4.0177e+01, 1.4761e+00, 
 2DIAGNOSTIC,    22, -5.437920562866e-01, 1.446326447031e-06, 4.1643e+01, 1.4667e+00, 
 2DIAGNOSTIC,    23, -5.437920562866e-01, 1.383320480546e-06, 4.2969e+01, 1.3256e+00, 
 2DIAGNOSTIC,    24, -5.437920562866e-01, 1.325641436713e-06, 4.4308e+01, 1.3387e+00, 
 2DIAGNOSTIC,    25, -5.437920562866e-01, 1.272589844427e-06, 4.5908e+01, 1.5999e+00, 
 2DIAGNOSTIC,    26, -5.437920562866e-01, 1.223636298231e-06, 4.7381e+01, 1.4736e+00, 
 2DIAGNOSTIC,    27, -5.437920562866e-01, 1.178310087342e-06, 4.8704e+01, 1.3227e+00, 
 2DIAGNOSTIC,    28, -5.437920562866e-01, 1.136221907790e-06, 5.0160e+01, 1.4564e+00, 
 2DIAGNOSTIC,    29, -5.437920562866e-01, 1.097036739645e-06, 5.1496e+01, 1.3362e+00, 
 2DIAGNOSTIC,    30, -5.437920562866e-01, 1.060464244959e-06, 5.2969e+01, 1.4722e+00, 
 2DIAGNOSTIC,    31, -5.437920562866e-01, 1.026251553495e-06, 5.4550e+01, 1.5816e+00, 
  Elapsed time (stage 1): 5.5423e+01


Stage 2
  iterations = 100x70x50x20
  convergence threshold = 1.0000e-06
  convergence window size = 10
  number of levels = 4
  using the CC metric (radius = 4, weight = 1.0000e+00, use gradient filter = 0)
  preprocessing:  winsorizing the image intensities
  Shrink factors (level 1 out of 4): [8, 8, 8]
  Shrink factors (level 2 out of 4): [4, 4, 4]
  Shrink factors (level 3 out of 4): [2, 2, 2]
  Shrink factors (level 4 out of 4): [1, 1, 1]
  smoothing sigmas per level: [3, 2, 1, 0]
  Using default NONE metricSamplingStrategy 

*** Running SyN registration (varianceForUpdateField = 3.0000e+00, varianceForTotalField = 0.0000e+00) ***

XXDIAGNOSTIC,Iteration,metricValue,convergenceValue,ITERATION_TIME_INDEX,SINCE_LAST
 1DIAGNOSTIC,     1, -9.343449404019e-01, 1.797693134862e+308, 4.5644e-01, 4.5644e-01, 
 1DIAGNOSTIC,     2, -9.415279265580e-01, 1.797693134862e+308, 6.1136e-01, 1.5492e-01, 
 1DIAGNOSTIC,     3, -9.465307895693e-01, 1.797693134862e+308, 7.6573e-01, 1.5436e-01, 
 1DIAGNOSTIC,     4, -9.500274380648e-01, 1.797693134862e+308, 9.1750e-01, 1.5177e-01, 
 1DIAGNOSTIC,     5, -9.526463359134e-01, 1.797693134862e+308, 1.0679e+00, 1.5045e-01, 
 1DIAGNOSTIC,     6, -9.557020140807e-01, 1.797693134862e+308, 1.2164e+00, 1.4847e-01, 
 1DIAGNOSTIC,     7, -9.595548168465e-01, 1.797693134862e+308, 1.3667e+00, 1.5030e-01, 
 1DIAGNOSTIC,     8, -9.631620508132e-01, 1.797693134862e+308, 1.5171e+00, 1.5040e-01, 
 1DIAGNOSTIC,     9, -9.665009366278e-01, 1.797693134862e+308, 1.6707e+00, 1.5360e-01, 
 1DIAGNOSTIC,    10, -9.675651401662e-01, 2.138771009807e-03, 1.8190e+00, 1.4833e-01, 
 1DIAGNOSTIC,    11, -9.688512626362e-01, 1.702012958651e-03, 1.9734e+00, 1.5435e-01, 
 1DIAGNOSTIC,    12, -9.696176484618e-01, 1.380704278203e-03, 2.1342e+00, 1.6084e-01, 
 1DIAGNOSTIC,    13, -9.704660228441e-01, 1.116524623939e-03, 2.2863e+00, 1.5209e-01, 
 1DIAGNOSTIC,    14, -9.710644278014e-01, 8.752599736896e-04, 2.4329e+00, 1.4657e-01, 
 1DIAGNOSTIC,    15, -9.716852283069e-01, 6.506588372396e-04, 2.5833e+00, 1.5044e-01, 
 1DIAGNOSTIC,    16, -9.721663200760e-01, 4.597741239824e-04, 2.7319e+00, 1.4852e-01, 
 1DIAGNOSTIC,    17, -9.726512700453e-01, 3.238677841932e-04, 2.8853e+00, 1.5341e-01, 
 1DIAGNOSTIC,    18, -9.729643600640e-01, 2.365853870697e-04, 3.0342e+00, 1.4893e-01, 
 1DIAGNOSTIC,    19, -9.733503329973e-01, 1.945498463863e-04, 3.1812e+00, 1.4696e-01, 
 1DIAGNOSTIC,    20, -9.735511985965e-01, 1.571171522965e-04, 3.3332e+00, 1.5207e-01, 
 1DIAGNOSTIC,    21, -9.738665891444e-01, 1.311647186374e-04, 3.4854e+00, 1.5213e-01, 
 1DIAGNOSTIC,    22, -9.739931697518e-01, 1.072207982742e-04, 3.6401e+00, 1.5477e-01, 
 1DIAGNOSTIC,    23, -9.742650655043e-01, 8.975716012213e-05, 3.8066e+00, 1.6650e-01, 
 1DIAGNOSTIC,    24, -9.743427615245e-01, 7.361667388663e-05, 3.9620e+00, 1.5539e-01, 
 1DIAGNOSTIC,    25, -9.745794386547e-01, 6.202888708967e-05, 4.1108e+00, 1.4875e-01, 
 1DIAGNOSTIC,    26, -9.746262298021e-01, 5.147375595119e-05, 4.2624e+00, 1.5159e-01, 
 1DIAGNOSTIC,    27, -9.748323471785e-01, 4.448098643881e-05, 4.4171e+00, 1.5478e-01, 
 1DIAGNOSTIC,    28, -9.748584515336e-01, 3.736561516610e-05, 4.5635e+00, 1.4637e-01, 
 1DIAGNOSTIC,    29, -9.750365507863e-01, 3.303976260269e-05, 4.7108e+00, 1.4728e-01, 
 1DIAGNOSTIC,    30, -9.750481448702e-01, 2.798064049275e-05, 4.8578e+00, 1.4701e-01, 
 1DIAGNOSTIC,    31, -9.752196508607e-01, 2.532700977859e-05, 5.0098e+00, 1.5202e-01, 
 1DIAGNOSTIC,    32, -9.752204205470e-01, 2.162968894755e-05, 5.1618e+00, 1.5196e-01, 
 1DIAGNOSTIC,    33, -9.753537778168e-01, 1.982525808766e-05, 5.3094e+00, 1.4767e-01, 
 1DIAGNOSTIC,    34, -9.753476318130e-01, 1.689580364300e-05, 5.4597e+00, 1.5028e-01, 
 1DIAGNOSTIC,    35, -9.754605046495e-01, 1.556762207928e-05, 5.6088e+00, 1.4903e-01, 
 1DIAGNOSTIC,    36, -9.754510826975e-01, 1.317037244148e-05, 5.7563e+00, 1.4758e-01, 
 1DIAGNOSTIC,    37, -9.755454438880e-01, 1.213430205232e-05, 5.9044e+00, 1.4805e-01, 
 1DIAGNOSTIC,    38, -9.755349802982e-01, 1.015948543387e-05, 6.0509e+00, 1.4651e-01, 
 1DIAGNOSTIC,    39, -9.756141845099e-01, 9.351208432984e-06, 6.2004e+00, 1.4950e-01, 
 1DIAGNOSTIC,    40, -9.756036426972e-01, 7.738174313682e-06, 6.3496e+00, 1.4921e-01, 
 1DIAGNOSTIC,    41, -9.756711718583e-01, 7.266331274389e-06, 6.4984e+00, 1.4875e-01, 
 1DIAGNOSTIC,    42, -9.756610617262e-01, 6.102438603595e-06, 6.6472e+00, 1.4886e-01, 
 1DIAGNOSTIC,    43, -9.757216833701e-01, 5.818124366674e-06, 6.7956e+00, 1.4833e-01, 
 1DIAGNOSTIC,    44, -9.757126983177e-01, 4.935619276114e-06, 6.9475e+00, 1.5190e-01, 
 1DIAGNOSTIC,    45, -9.757673765614e-01, 4.792525136632e-06, 7.1004e+00, 1.5297e-01, 
 1DIAGNOSTIC,    46, -9.757586136467e-01, 4.128432423672e-06, 7.2473e+00, 1.4684e-01, 
 1DIAGNOSTIC,    47, -9.758079659804e-01, 4.069780993418e-06, 7.4006e+00, 1.5338e-01, 
 1DIAGNOSTIC,    48, -9.758000391453e-01, 3.559257720352e-06, 7.5508e+00, 1.5014e-01, 
 1DIAGNOSTIC,    49, -9.758446269302e-01, 3.540746813496e-06, 7.7074e+00, 1.5659e-01, 
 1DIAGNOSTIC,    50, -9.758376056054e-01, 3.128707366823e-06, 7.8553e+00, 1.4790e-01, 
 1DIAGNOSTIC,    51, -9.758777325573e-01, 3.119658129033e-06, 8.0052e+00, 1.4997e-01, 
 1DIAGNOSTIC,    52, -9.758707041791e-01, 2.762797937365e-06, 8.1578e+00, 1.5256e-01, 
 1DIAGNOSTIC,    53, -9.759070635636e-01, 2.755429517658e-06, 8.3042e+00, 1.4639e-01, 
 1DIAGNOSTIC,    54, -9.758991974687e-01, 2.439357760814e-06, 8.4533e+00, 1.4913e-01, 
 1DIAGNOSTIC,    55, -9.759329164771e-01, 2.433685493363e-06, 8.6024e+00, 1.4910e-01, 
 1DIAGNOSTIC,    56, -9.759249476264e-01, 2.153029500421e-06, 8.7502e+00, 1.4776e-01, 
 1DIAGNOSTIC,    57, -9.759586611658e-01, 2.161896345127e-06, 8.8980e+00, 1.4784e-01, 
 1DIAGNOSTIC,    58, -9.759509008033e-01, 1.928444430595e-06, 9.0498e+00, 1.5181e-01, 
 1DIAGNOSTIC,    59, -9.759838907450e-01, 1.959995819041e-06, 9.2069e+00, 1.5705e-01, 
 1DIAGNOSTIC,    60, -9.759751239024e-01, 1.769100455636e-06, 9.3573e+00, 1.5042e-01, 
 1DIAGNOSTIC,    61, -9.760081229373e-01, 1.820722442706e-06, 9.5039e+00, 1.4659e-01, 
 1DIAGNOSTIC,    62, -9.759978370079e-01, 1.656588220732e-06, 9.6509e+00, 1.4705e-01, 
 1DIAGNOSTIC,    63, -9.760311190486e-01, 1.715589928057e-06, 9.8010e+00, 1.5001e-01, 
 1DIAGNOSTIC,    64, -9.760196543418e-01, 1.560981694296e-06, 9.9557e+00, 1.5475e-01, 
 1DIAGNOSTIC,    65, -9.760539394012e-01, 1.619320409159e-06, 1.0106e+01, 1.5077e-01, 
 1DIAGNOSTIC,    66, -9.760410651714e-01, 1.467867205028e-06, 1.0258e+01, 1.5141e-01, 
 1DIAGNOSTIC,    67, -9.760755013954e-01, 1.528027460319e-06, 1.0416e+01, 1.5778e-01, 
 1DIAGNOSTIC,    68, -9.760607589516e-01, 1.381560695062e-06, 1.0567e+01, 1.5140e-01, 
 1DIAGNOSTIC,    69, -9.760950597564e-01, 1.441119317809e-06, 1.0718e+01, 1.5055e-01, 
 1DIAGNOSTIC,    70, -9.760792385559e-01, 1.295221374962e-06, 1.0869e+01, 1.5112e-01, 
 1DIAGNOSTIC,    71, -9.761130775488e-01, 1.352332986116e-06, 1.1018e+01, 1.4883e-01, 
 1DIAGNOSTIC,    72, -9.760963757222e-01, 1.204681765999e-06, 1.1168e+01, 1.5055e-01, 
 1DIAGNOSTIC,    73, -9.761292251918e-01, 1.257149163708e-06, 1.1319e+01, 1.5137e-01, 
 1DIAGNOSTIC,    74, -9.761118324294e-01, 1.108666709611e-06, 1.1468e+01, 1.4862e-01, 
 1DIAGNOSTIC,    75, -9.761432888453e-01, 1.159658605750e-06, 1.1616e+01, 1.4743e-01, 
 1DIAGNOSTIC,    76, -9.761254397025e-01, 1.014039316767e-06, 1.1762e+01, 1.4667e-01, 
 1DIAGNOSTIC,    77, -9.761556333787e-01, 1.064856839024e-06, 1.1914e+01, 1.5171e-01, 
 1DIAGNOSTIC,    78, -9.761379402450e-01, 9.239985182905e-07, 1.2071e+01, 1.5662e-01, 
XXDIAGNOSTIC,Iteration,metricValue,convergenceValue,ITERATION_TIME_INDEX,SINCE_LAST
 1DIAGNOSTIC,     1, -9.153804270652e-01, 1.797693134862e+308, 1.3560e+01, 1.4892e+00, 
 1DIAGNOSTIC,     2, -9.179667534001e-01, 1.797693134862e+308, 1.4764e+01, 1.2043e+00, 
 1DIAGNOSTIC,     3, -9.214884570215e-01, 1.797693134862e+308, 1.5968e+01, 1.2044e+00, 
 1DIAGNOSTIC,     4, -9.248808933112e-01, 1.797693134862e+308, 1.7191e+01, 1.2229e+00, 
 1DIAGNOSTIC,     5, -9.281179489658e-01, 1.797693134862e+308, 1.8393e+01, 1.2018e+00, 
 1DIAGNOSTIC,     6, -9.305338316236e-01, 1.797693134862e+308, 1.9580e+01, 1.1871e+00, 
 1DIAGNOSTIC,     7, -9.325145657446e-01, 1.797693134862e+308, 2.0779e+01, 1.1990e+00, 
 1DIAGNOSTIC,     8, -9.342586761250e-01, 1.797693134862e+308, 2.1987e+01, 1.2077e+00, 
 1DIAGNOSTIC,     9, -9.355750264816e-01, 1.797693134862e+308, 2.3217e+01, 1.2299e+00, 
 1DIAGNOSTIC,    10, -9.367197718674e-01, 1.524221165832e-03, 2.4415e+01, 1.1985e+00, 
 1DIAGNOSTIC,    11, -9.375735950665e-01, 1.216403803054e-03, 2.5617e+01, 1.2014e+00, 
 1DIAGNOSTIC,    12, -9.383594679448e-01, 9.363319342831e-04, 2.6821e+01, 1.2042e+00, 
 1DIAGNOSTIC,    13, -9.389718082895e-01, 7.113482549101e-04, 2.8019e+01, 1.1984e+00, 
 1DIAGNOSTIC,    14, -9.395573003884e-01, 5.398989063901e-04, 2.9213e+01, 1.1941e+00, 
 1DIAGNOSTIC,    15, -9.401013283146e-01, 4.185241754652e-04, 3.0432e+01, 1.2182e+00, 
 1DIAGNOSTIC,    16, -9.406014844593e-01, 3.291998990714e-04, 3.1658e+01, 1.2262e+00, 
 1DIAGNOSTIC,    17, -9.410695339830e-01, 2.636803582289e-04, 3.2853e+01, 1.1953e+00, 
 1DIAGNOSTIC,    18, -9.415170880925e-01, 2.180071887067e-04, 3.4062e+01, 1.2092e+00, 
 1DIAGNOSTIC,    19, -9.419344311062e-01, 1.845635944505e-04, 3.5260e+01, 1.1972e+00, 
 1DIAGNOSTIC,    20, -9.423293626496e-01, 1.606685318304e-04, 3.6458e+01, 1.1980e+00, 
 1DIAGNOSTIC,    21, -9.427035195271e-01, 1.417968505229e-04, 3.7656e+01, 1.1984e+00, 
 1DIAGNOSTIC,    22, -9.430571830964e-01, 1.271410277238e-04, 3.8854e+01, 1.1984e+00, 
 1DIAGNOSTIC,    23, -9.433845618516e-01, 1.142710516561e-04, 4.0061e+01, 1.2062e+00, 
 1DIAGNOSTIC,    24, -9.436947044617e-01, 1.031002276265e-04, 4.1263e+01, 1.2023e+00, 
 1DIAGNOSTIC,    25, -9.439856590122e-01, 9.329601216176e-05, 4.2466e+01, 1.2034e+00, 
 1DIAGNOSTIC,    26, -9.442597498142e-01, 8.452844486303e-05, 4.3663e+01, 1.1969e+00, 
 1DIAGNOSTIC,    27, -9.445186670199e-01, 7.663903205050e-05, 4.4882e+01, 1.2184e+00, 
 1DIAGNOSTIC,    28, -9.447624927825e-01, 6.960204455028e-05, 4.6076e+01, 1.1947e+00, 
 1DIAGNOSTIC,    29, -9.449882263647e-01, 6.323259045149e-05, 4.7269e+01, 1.1932e+00, 
 1DIAGNOSTIC,    30, -9.452047664423e-01, 5.752208928748e-05, 4.8477e+01, 1.2080e+00, 
 1DIAGNOSTIC,    31, -9.453980359406e-01, 5.231701560351e-05, 4.9680e+01, 1.2030e+00, 
 1DIAGNOSTIC,    32, -9.453908774005e-01, 4.580202076557e-05, 5.0885e+01, 1.2049e+00, 
 1DIAGNOSTIC,    33, -9.451897390832e-01, 3.658873819336e-05, 5.2083e+01, 1.1980e+00, 
 1DIAGNOSTIC,    34, -9.448932229389e-01, 2.468436586568e-05, 5.3276e+01, 1.1922e+00, 
 1DIAGNOSTIC,    35, -9.449753873058e-01, 1.443744551638e-05, 5.4472e+01, 1.1970e+00, 
 1DIAGNOSTIC,    36, -9.447225429589e-01, 3.538607783696e-06, 5.5677e+01, 1.2047e+00, 
 1DIAGNOSTIC,    37, -9.448233564961e-01, -4.053189887897e-06, 5.6888e+01, 1.2106e+00, 
XXDIAGNOSTIC,Iteration,metricValue,convergenceValue,ITERATION_TIME_INDEX,SINCE_LAST
 1DIAGNOSTIC,     1, -8.998438633977e-01, 1.797693134862e+308, 6.7175e+01, 1.0287e+01, 
 1DIAGNOSTIC,     2, -9.024690778076e-01, 1.797693134862e+308, 7.6780e+01, 9.6047e+00, 
 1DIAGNOSTIC,     3, -9.053715174906e-01, 1.797693134862e+308, 8.6475e+01, 9.6952e+00, 
 1DIAGNOSTIC,     4, -9.080448324844e-01, 1.797693134862e+308, 9.6178e+01, 9.7035e+00, 
 1DIAGNOSTIC,     5, -9.104240436788e-01, 1.797693134862e+308, 1.0578e+02, 9.6042e+00, 
 1DIAGNOSTIC,     6, -9.125684818861e-01, 1.797693134862e+308, 1.1540e+02, 9.6148e+00, 
 1DIAGNOSTIC,     7, -9.145243892120e-01, 1.797693134862e+308, 1.2493e+02, 9.5326e+00, 
 1DIAGNOSTIC,     8, -9.162852216767e-01, 1.797693134862e+308, 1.3448e+02, 9.5524e+00, 
 1DIAGNOSTIC,     9, -9.178737831181e-01, 1.797693134862e+308, 1.4412e+02, 9.6399e+00, 
 1DIAGNOSTIC,    10, -9.193385884185e-01, 1.376187273054e-03, 1.5373e+02, 9.6036e+00, 
 1DIAGNOSTIC,    11, -9.207093164831e-01, 1.148028738192e-03, 1.6330e+02, 9.5702e+00, 
 1DIAGNOSTIC,    12, -9.220145556796e-01, 9.561310777470e-04, 1.7298e+02, 9.6818e+00, 
 1DIAGNOSTIC,    13, -9.231034868395e-01, 8.022348473416e-04, 1.8258e+02, 9.5980e+00, 
 1DIAGNOSTIC,    14, -9.241418840744e-01, 6.794004392816e-04, 1.9224e+02, 9.6630e+00, 
 1DIAGNOSTIC,    15, -9.249587744046e-01, 5.766746788700e-04, 2.0197e+02, 9.7287e+00, 
 1DIAGNOSTIC,    16, -9.257015202967e-01, 4.895825371608e-04, 2.1164e+02, 9.6729e+00, 
 1DIAGNOSTIC,    17, -9.263819926928e-01, 4.154767454547e-04, 2.2125e+02, 9.6130e+00, 
 1DIAGNOSTIC,    18, -9.269898170396e-01, 3.517790395008e-04, 2.3101e+02, 9.7602e+00, 
 1DIAGNOSTIC,    19, -9.275230505667e-01, 2.966131701884e-04, 2.4073e+02, 9.7194e+00, 
 1DIAGNOSTIC,    20, -9.279970690405e-01, 2.492870199463e-04, 2.5045e+02, 9.7133e+00, 
 1DIAGNOSTIC,    21, -9.284246530306e-01, 2.096178580752e-04, 2.6012e+02, 9.6749e+00, 
 1DIAGNOSTIC,    22, -9.288126778793e-01, 1.777004644329e-04, 2.6990e+02, 9.7743e+00, 
 1DIAGNOSTIC,    23, -9.291559006960e-01, 1.510749012482e-04, 2.7977e+02, 9.8716e+00, 
 1DIAGNOSTIC,    24, -9.294577486285e-01, 1.297343932239e-04, 2.8948e+02, 9.7158e+00, 
 1DIAGNOSTIC,    25, -9.297287424078e-01, 1.113473867021e-04, 2.9928e+02, 9.8010e+00, 
 1DIAGNOSTIC,    26, -9.299722382468e-01, 9.560496654566e-05, 3.0895e+02, 9.6669e+00, 
 1DIAGNOSTIC,    27, -9.301994427718e-01, 8.239872905468e-05, 3.1866e+02, 9.7067e+00, 
 1DIAGNOSTIC,    28, -9.304139391892e-01, 7.143703566641e-05, 3.2824e+02, 9.5805e+00, 
 1DIAGNOSTIC,    29, -9.306214557643e-01, 6.238518314144e-05, 3.3792e+02, 9.6771e+00, 
 1DIAGNOSTIC,    30, -9.308169742050e-01, 5.494621924818e-05, 3.4737e+02, 9.4549e+00, 
 1DIAGNOSTIC,    31, -9.309999834207e-01, 4.888805096228e-05, 3.5710e+02, 9.7286e+00, 
 1DIAGNOSTIC,    32, -9.311726734154e-01, 4.401203515316e-05, 3.6677e+02, 9.6747e+00, 
 1DIAGNOSTIC,    33, -9.313358537235e-01, 4.002472653845e-05, 3.7639e+02, 9.6182e+00, 
 1DIAGNOSTIC,    34, -9.314933924164e-01, 3.667590607657e-05, 3.8608e+02, 9.6871e+00, 
 1DIAGNOSTIC,    35, -9.316414412034e-01, 3.376555125256e-05, 3.9577e+02, 9.6944e+00, 
 1DIAGNOSTIC,    36, -9.317795715365e-01, 3.111776921514e-05, 4.0547e+02, 9.6934e+00, 
 1DIAGNOSTIC,    37, -9.319109134708e-01, 2.868455538202e-05, 4.1518e+02, 9.7112e+00, 
 1DIAGNOSTIC,    38, -9.320377938408e-01, 2.646068820471e-05, 4.2487e+02, 9.6954e+00, 
 1DIAGNOSTIC,    39, -9.321611480543e-01, 2.448704501310e-05, 4.3442e+02, 9.5424e+00, 
 1DIAGNOSTIC,    40, -9.322840464341e-01, 2.277371674905e-05, 4.4426e+02, 9.8461e+00, 
 1DIAGNOSTIC,    41, -9.324061471553e-01, 2.130791317133e-05, 4.5385e+02, 9.5852e+00, 
 1DIAGNOSTIC,    42, -9.325313535776e-01, 2.010679372973e-05, 4.6351e+02, 9.6587e+00, 
 1DIAGNOSTIC,    43, -9.326589321570e-01, 1.916584811677e-05, 4.7313e+02, 9.6268e+00, 
 1DIAGNOSTIC,    44, -9.327868905507e-01, 1.847586145564e-05, 4.8275e+02, 9.6206e+00, 
 1DIAGNOSTIC,    45, -9.329133182439e-01, 1.797024499554e-05, 4.9227e+02, 9.5200e+00, 
 1DIAGNOSTIC,    46, -9.330396860213e-01, 1.758019308406e-05, 5.0204e+02, 9.7720e+00, 
 1DIAGNOSTIC,    47, -9.331689411708e-01, 1.727248439717e-05, 5.1168e+02, 9.6389e+00, 
 1DIAGNOSTIC,    48, -9.332988238723e-01, 1.701026708401e-05, 5.2139e+02, 9.7036e+00, 
 1DIAGNOSTIC,    49, -9.334325313948e-01, 1.678335574915e-05, 5.3108e+02, 9.6903e+00, 
 1DIAGNOSTIC,    50, -9.335698346145e-01, 1.659752389166e-05, 5.4072e+02, 9.6439e+00, 
XXDIAGNOSTIC,Iteration,metricValue,convergenceValue,ITERATION_TIME_INDEX,SINCE_LAST
 1DIAGNOSTIC,     1, -8.897983031326e-01, 1.797693134862e+308, 6.2622e+02, 8.5500e+01, 
 1DIAGNOSTIC,     2, -8.908352958259e-01, 1.797693134862e+308, 7.1178e+02, 8.5560e+01, 
 1DIAGNOSTIC,     3, -8.922498485385e-01, 1.797693134862e+308, 7.9632e+02, 8.4542e+01, 
 1DIAGNOSTIC,     4, -8.937521302310e-01, 1.797693134862e+308, 8.7895e+02, 8.2628e+01, 
 1DIAGNOSTIC,     5, -8.950865832014e-01, 1.797693134862e+308, 9.6248e+02, 8.3533e+01, 
 1DIAGNOSTIC,     6, -8.965497771465e-01, 1.797693134862e+308, 1.0454e+03, 8.2887e+01, 
 1DIAGNOSTIC,     7, -8.979063292120e-01, 1.797693134862e+308, 1.1314e+03, 8.6012e+01, 
 1DIAGNOSTIC,     8, -8.991690631823e-01, 1.797693134862e+308, 1.2151e+03, 8.3717e+01, 
 1DIAGNOSTIC,     9, -9.003493739254e-01, 1.797693134862e+308, 1.2984e+03, 8.3338e+01, 
 1DIAGNOSTIC,    10, -9.013412671939e-01, 8.565280983544e-04, 1.3829e+03, 8.4438e+01, 
 1DIAGNOSTIC,    11, -9.022899863892e-01, 7.569673074836e-04, 1.4680e+03, 8.5148e+01, 
 1DIAGNOSTIC,    12, -9.031827217843e-01, 6.566488193960e-04, 1.5510e+03, 8.2962e+01, 
 1DIAGNOSTIC,    13, -9.039385878080e-01, 5.649102526490e-04, 1.6369e+03, 8.5932e+01, 
 1DIAGNOSTIC,    14, -9.047957886009e-01, 4.881143825721e-04, 1.7204e+03, 8.3508e+01, 
 1DIAGNOSTIC,    15, -9.055458890420e-01, 4.205938285534e-04, 1.8045e+03, 8.4103e+01, 
 1DIAGNOSTIC,    16, -9.063236314324e-01, 3.669638621221e-04, 1.8881e+03, 8.3611e+01, 
 1DIAGNOSTIC,    17, -9.070690723147e-01, 3.246734379744e-04, 1.9719e+03, 8.3749e+01, 
 1DIAGNOSTIC,    18, -9.077331796214e-01, 2.906647641861e-04, 2.0553e+03, 8.3417e+01, 
 1DIAGNOSTIC,    19, -9.083561354588e-01, 2.631282800179e-04, 2.1384e+03, 8.3129e+01, 
 1DIAGNOSTIC,    20, -9.089377552419e-01, 2.385772434870e-04, 2.2227e+03, 8.4306e+01, 
  Elapsed time (stage 2): 2224


Total elapsed time: 2316
