All_Command_lines_OK
Using double precision for computations.
=============================================================================
The composite transform comprises the following transforms (in order): 
  1. Center of mass alignment using fixed image: /templateflow/tpl-MNI152NLin2009cAsym/tpl-MNI152NLin2009cAsym_res-01_desc-brain_T1w.nii.gz and moving image: /mnt/lustre/mathdugre/ants-amp/datasets/corr/RawDataBIDS/BMB_1/derivatives/antsBrainExtraction/sub-0003006/BrainExtractionBrain.nii.gz (type = Euler3DTransform)
=============================================================================
  number of levels = 4
  number of levels = 4
  number of levels = 4
  fixed image: /templateflow/tpl-MNI152NLin2009cAsym/tpl-MNI152NLin2009cAsym_res-01_desc-brain_T1w.nii.gz
  moving image: /mnt/lustre/mathdugre/ants-amp/datasets/corr/RawDataBIDS/BMB_1/derivatives/antsBrainExtraction/sub-0003006/BrainExtractionBrain.nii.gz
  fixed image: /templateflow/tpl-MNI152NLin2009cAsym/tpl-MNI152NLin2009cAsym_res-01_desc-brain_T1w.nii.gz
  moving image: /mnt/lustre/mathdugre/ants-amp/datasets/corr/RawDataBIDS/BMB_1/derivatives/antsBrainExtraction/sub-0003006/BrainExtractionBrain.nii.gz
  fixed image: /templateflow/tpl-MNI152NLin2009cAsym/tpl-MNI152NLin2009cAsym_res-01_desc-brain_T1w.nii.gz
  moving image: /mnt/lustre/mathdugre/ants-amp/datasets/corr/RawDataBIDS/BMB_1/derivatives/antsBrainExtraction/sub-0003006/BrainExtractionBrain.nii.gz
Dimension = 3
Number of stages = 3
Use histogram matching = false
Winsorize image intensities = true
  Lower quantile = 0.005
  Upper quantile = 0.995


Stage 1 State
   Image metric = MattesMI
     Fixed image = Image (0x56358d30a360)
  RTTI typeinfo:   itk::Image<double, 3u>
  Reference Count: 2
  Modified Time: 2368
  Debug: Off
  Object Name: 
  Observers: 
    none
  Source: (none)
  Source output name: (none)
  Release Data: Off
  Data Released: False
  Global Release Data: Off
  PipelineMTime: 0
  UpdateMTime: 1979
  RealTimeStamp: 0 seconds 
  LargestPossibleRegion: 
    Dimension: 3
    Index: [0, 0, 0]
    Size: [193, 229, 193]
  BufferedRegion: 
    Dimension: 3
    Index: [0, 0, 0]
    Size: [193, 229, 193]
  RequestedRegion: 
    Dimension: 3
    Index: [0, 0, 0]
    Size: [193, 229, 193]
  Spacing: [1, 1, 1]
  Origin: [96, 132, -78]
  Direction: 
-1 0 0
0 -1 0
0 0 1

  IndexToPointMatrix: 
-1 0 0
0 -1 0
0 0 1

  PointToIndexMatrix: 
-1 0 0
0 -1 0
0 0 1

  Inverse Direction: 
-1 0 0
0 -1 0
0 0 1

  PixelContainer: 
    ImportImageContainer (0x56358d301a00)
      RTTI typeinfo:   itk::ImportImageContainer<unsigned long, double>
      Reference Count: 1
      Modified Time: 1976
      Debug: Off
      Object Name: 
      Observers: 
        none
      Pointer: 0x7fb49b762010
      Container manages memory: true
      Size: 8530021
      Capacity: 8530021

     Moving image = Image (0x56358d30da20)
  RTTI typeinfo:   itk::Image<double, 3u>
  Reference Count: 2
  Modified Time: 2369
  Debug: Off
  Object Name: 
  Observers: 
    none
  Source: (none)
  Source output name: (none)
  Release Data: Off
  Data Released: False
  Global Release Data: Off
  PipelineMTime: 0
  UpdateMTime: 2366
  RealTimeStamp: 0 seconds 
  LargestPossibleRegion: 
    Dimension: 3
    Index: [0, 0, 0]
    Size: [176, 256, 256]
  BufferedRegion: 
    Dimension: 3
    Index: [0, 0, 0]
    Size: [176, 256, 256]
  RequestedRegion: 
    Dimension: 3
    Index: [0, 0, 0]
    Size: [176, 256, 256]
  Spacing: [1, 1, 1]
  Origin: [-93.9989, 109.297, -100.494]
  Direction: 
1 0 0
0 -1 0
0 0 1

  IndexToPointMatrix: 
1 0 0
0 -1 0
0 0 1

  PointToIndexMatrix: 
1 0 0
0 -1 0
0 0 1

  Inverse Direction: 
1 0 0
0 -1 0
0 0 1

  PixelContainer: 
    ImportImageContainer (0x56358f4dfc90)
      RTTI typeinfo:   itk::ImportImageContainer<unsigned long, double>
      Reference Count: 1
      Modified Time: 2363
      Debug: Off
      Object Name: 
      Observers: 
        none
      Pointer: 0x7fb495f61010
      Container manages memory: true
      Size: 11534336
      Capacity: 11534336

     Weighting = 1
     Sampling strategy = regular
     Number of bins = 32
     Radius = 4
     Sampling percentage  = 0.25
   Transform = Rigid
     Gradient step = 0.1
     Update field sigma (voxel space) = 0
     Total field sigma (voxel space) = 0
     Update field time sigma = 0
     Total field time sigma  = 0
     Number of time indices = 0
     Number of time point samples = 0
Stage 2 State
   Image metric = MattesMI
     Fixed image = Image (0x56358d4309c0)
  RTTI typeinfo:   itk::Image<double, 3u>
  Reference Count: 2
  Modified Time: 3144
  Debug: Off
  Object Name: 
  Observers: 
    none
  Source: (none)
  Source output name: (none)
  Release Data: Off
  Data Released: False
  Global Release Data: Off
  PipelineMTime: 0
  UpdateMTime: 2755
  RealTimeStamp: 0 seconds 
  LargestPossibleRegion: 
    Dimension: 3
    Index: [0, 0, 0]
    Size: [193, 229, 193]
  BufferedRegion: 
    Dimension: 3
    Index: [0, 0, 0]
    Size: [193, 229, 193]
  RequestedRegion: 
    Dimension: 3
    Index: [0, 0, 0]
    Size: [193, 229, 193]
  Spacing: [1, 1, 1]
  Origin: [96, 132, -78]
  Direction: 
-1 0 0
0 -1 0
0 0 1

  IndexToPointMatrix: 
-1 0 0
0 -1 0
0 0 1

  PointToIndexMatrix: 
-1 0 0
0 -1 0
0 0 1

  Inverse Direction: 
-1 0 0
0 -1 0
0 0 1

  PixelContainer: 
    ImportImageContainer (0x56358d41ff30)
      RTTI typeinfo:   itk::ImportImageContainer<unsigned long, double>
      Reference Count: 1
      Modified Time: 2752
      Debug: Off
      Object Name: 
      Observers: 
        none
      Pointer: 0x7fb491e4c010
      Container manages memory: true
      Size: 8530021
      Capacity: 8530021

     Moving image = Image (0x56358d4327c0)
  RTTI typeinfo:   itk::Image<double, 3u>
  Reference Count: 2
  Modified Time: 3145
  Debug: Off
  Object Name: 
  Observers: 
    none
  Source: (none)
  Source output name: (none)
  Release Data: Off
  Data Released: False
  Global Release Data: Off
  PipelineMTime: 0
  UpdateMTime: 3142
  RealTimeStamp: 0 seconds 
  LargestPossibleRegion: 
    Dimension: 3
    Index: [0, 0, 0]
    Size: [176, 256, 256]
  BufferedRegion: 
    Dimension: 3
    Index: [0, 0, 0]
    Size: [176, 256, 256]
  RequestedRegion: 
    Dimension: 3
    Index: [0, 0, 0]
    Size: [176, 256, 256]
  Spacing: [1, 1, 1]
  Origin: [-93.9989, 109.297, -100.494]
  Direction: 
1 0 0
0 -1 0
0 0 1

  IndexToPointMatrix: 
1 0 0
0 -1 0
0 0 1

  PointToIndexMatrix: 
1 0 0
0 -1 0
0 0 1

  Inverse Direction: 
1 0 0
0 -1 0
0 0 1

  PixelContainer: 
    ImportImageContainer (0x56358d435190)
      RTTI typeinfo:   itk::ImportImageContainer<unsigned long, double>
      Reference Count: 1
      Modified Time: 3139
      Debug: Off
      Object Name: 
      Observers: 
        none
      Pointer: 0x7fb48c64b010
      Container manages memory: true
      Size: 11534336
      Capacity: 11534336

     Weighting = 1
     Sampling strategy = regular
     Number of bins = 32
     Radius = 4
     Sampling percentage  = 0.25
   Transform = Affine
     Gradient step = 0.1
     Update field sigma (voxel space) = 0
     Total field sigma (voxel space) = 0
     Update field time sigma = 0
     Total field time sigma  = 0
     Number of time indices = 0
     Number of time point samples = 0
Stage 3 State
   Image metric = CC
     Fixed image = Image (0x56358d41c240)
  RTTI typeinfo:   itk::Image<double, 3u>
  Reference Count: 2
  Modified Time: 3920
  Debug: Off
  Object Name: 
  Observers: 
    none
  Source: (none)
  Source output name: (none)
  Release Data: Off
  Data Released: False
  Global Release Data: Off
  PipelineMTime: 0
  UpdateMTime: 3531
  RealTimeStamp: 0 seconds 
  LargestPossibleRegion: 
    Dimension: 3
    Index: [0, 0, 0]
    Size: [193, 229, 193]
  BufferedRegion: 
    Dimension: 3
    Index: [0, 0, 0]
    Size: [193, 229, 193]
  RequestedRegion: 
    Dimension: 3
    Index: [0, 0, 0]
    Size: [193, 229, 193]
  Spacing: [1, 1, 1]
  Origin: [96, 132, -78]
  Direction: 
-1 0 0
0 -1 0
0 0 1

  IndexToPointMatrix: 
-1 0 0
0 -1 0
0 0 1

  PointToIndexMatrix: 
-1 0 0
0 -1 0
0 0 1

  Inverse Direction: 
-1 0 0
0 -1 0
0 0 1

  PixelContainer: 
    ImportImageContainer (0x56358d359600)
      RTTI typeinfo:   itk::ImportImageContainer<unsigned long, double>
      Reference Count: 1
      Modified Time: 3528
      Debug: Off
      Object Name: 
      Observers: 
        none
      Pointer: 0x7fb488536010
      Container manages memory: true
      Size: 8530021
      Capacity: 8530021

     Moving image = Image (0x56358d434e70)
  RTTI typeinfo:   itk::Image<double, 3u>
  Reference Count: 2
  Modified Time: 3921
  Debug: Off
  Object Name: 
  Observers: 
    none
  Source: (none)
  Source output name: (none)
  Release Data: Off
  Data Released: False
  Global Release Data: Off
  PipelineMTime: 0
  UpdateMTime: 3918
  RealTimeStamp: 0 seconds 
  LargestPossibleRegion: 
    Dimension: 3
    Index: [0, 0, 0]
    Size: [176, 256, 256]
  BufferedRegion: 
    Dimension: 3
    Index: [0, 0, 0]
    Size: [176, 256, 256]
  RequestedRegion: 
    Dimension: 3
    Index: [0, 0, 0]
    Size: [176, 256, 256]
  Spacing: [1, 1, 1]
  Origin: [-93.9989, 109.297, -100.494]
  Direction: 
1 0 0
0 -1 0
0 0 1

  IndexToPointMatrix: 
1 0 0
0 -1 0
0 0 1

  PointToIndexMatrix: 
1 0 0
0 -1 0
0 0 1

  Inverse Direction: 
1 0 0
0 -1 0
0 0 1

  PixelContainer: 
    ImportImageContainer (0x56358d4180d0)
      RTTI typeinfo:   itk::ImportImageContainer<unsigned long, double>
      Reference Count: 1
      Modified Time: 3915
      Debug: Off
      Object Name: 
      Observers: 
        none
      Pointer: 0x7fb482d35010
      Container manages memory: true
      Size: 11534336
      Capacity: 11534336

     Weighting = 1
     Sampling strategy = none
     Number of bins = 32
     Radius = 4
     Sampling percentage  = 1
   Transform = SyN
     Gradient step = 0.1
     Update field sigma (voxel space) = 3
     Total field sigma (voxel space) = 0
     Update field time sigma = 0
     Total field time sigma  = 0
     Number of time indices = 0
     Number of time point samples = 0
Registration using 3 total stages.

Stage 0
  iterations = 1000x500x250x100
  convergence threshold = 1e-06
  convergence window size = 10
  number of levels = 4
  using the Mattes MI metric (number of bins = 32, weight = 1, use gradient filter = 0)
  preprocessing:  winsorizing the image intensities
  Shrink factors (level 1 out of 4): [8, 8, 8]
  Shrink factors (level 2 out of 4): [4, 4, 4]
  Shrink factors (level 3 out of 4): [2, 2, 2]
  Shrink factors (level 4 out of 4): [1, 1, 1]
  smoothing sigmas per level: [3, 2, 1, 0]
  regular sampling (percentage = 0.25)

*** Running Euler3DTransform registration ***

DIAGNOSTIC,Iteration,metricValue,convergenceValue,ITERATION_TIME_INDEX,SINCE_LAST
 2DIAGNOSTIC,     1, -5.101694322171e-01, 1.797693134862e+308, 3.5741e-01, 3.5741e-01, 
 2DIAGNOSTIC,     2, -5.124191345326e-01, 1.797693134862e+308, 3.6138e-01, 3.9680e-03, 
 2DIAGNOSTIC,     3, -5.157369197298e-01, 1.797693134862e+308, 3.6557e-01, 4.1990e-03, 
 2DIAGNOSTIC,     4, -5.167460639428e-01, 1.797693134862e+308, 3.6894e-01, 3.3610e-03, 
 2DIAGNOSTIC,     5, -5.165841236041e-01, 1.797693134862e+308, 3.7178e-01, 2.8410e-03, 
 2DIAGNOSTIC,     6, -5.166370943253e-01, 1.797693134862e+308, 3.7436e-01, 2.5859e-03, 
 2DIAGNOSTIC,     7, -5.166927914263e-01, 1.797693134862e+308, 3.7756e-01, 3.1970e-03, 
 2DIAGNOSTIC,     8, -5.167270947901e-01, 1.797693134862e+308, 3.8027e-01, 2.7080e-03, 
 2DIAGNOSTIC,     9, -5.164609464515e-01, 1.797693134862e+308, 3.8267e-01, 2.4080e-03, 
 2DIAGNOSTIC,    10, -5.164709213110e-01, 5.827493880905e-04, 3.8645e-01, 3.7742e-03, 
 2DIAGNOSTIC,    11, -5.164141284108e-01, 2.290127170522e-04, 3.8950e-01, 3.0520e-03, 
 2DIAGNOSTIC,    12, -5.164329982019e-01, 1.414320353160e-05, 3.9296e-01, 3.4599e-03, 
DIAGNOSTIC,Iteration,metricValue,convergenceValue,ITERATION_TIME_INDEX,SINCE_LAST
 2DIAGNOSTIC,     1, -4.124097196090e-01, 1.797693134862e+308, 7.6430e-01, 3.7134e-01, 
 2DIAGNOSTIC,     2, -4.128368962463e-01, 1.797693134862e+308, 7.8201e-01, 1.7711e-02, 
 2DIAGNOSTIC,     3, -4.134524034951e-01, 1.797693134862e+308, 8.0082e-01, 1.8809e-02, 
 2DIAGNOSTIC,     4, -4.137076819927e-01, 1.797693134862e+308, 8.2287e-01, 2.2049e-02, 
 2DIAGNOSTIC,     5, -4.137119821020e-01, 1.797693134862e+308, 8.4550e-01, 2.2635e-02, 
 2DIAGNOSTIC,     6, -4.137123971043e-01, 1.797693134862e+308, 8.6665e-01, 2.1148e-02, 
 2DIAGNOSTIC,     7, -4.137072544271e-01, 1.797693134862e+308, 8.8644e-01, 1.9794e-02, 
 2DIAGNOSTIC,     8, -4.137099389575e-01, 1.797693134862e+308, 9.0644e-01, 2.0000e-02, 
 2DIAGNOSTIC,     9, -4.137143779325e-01, 1.797693134862e+308, 9.2723e-01, 2.0787e-02, 
 2DIAGNOSTIC,    10, -4.137201688583e-01, 1.583709909226e-04, 9.4700e-01, 1.9770e-02, 
 2DIAGNOSTIC,    11, -4.137478950400e-01, 7.461350670593e-05, 9.6808e-01, 2.1078e-02, 
 2DIAGNOSTIC,    12, -4.138464248521e-01, 2.763858522166e-05, 1.0001e+00, 3.2061e-02, 
 2DIAGNOSTIC,    13, -4.138945791478e-01, 2.021177678478e-05, 1.0215e+00, 2.1325e-02, 
 2DIAGNOSTIC,    14, -4.139078733948e-01, 2.541416306304e-05, 1.0431e+00, 2.1655e-02, 
 2DIAGNOSTIC,    15, -4.139357736384e-01, 2.935616301394e-05, 1.0642e+00, 2.1102e-02, 
 2DIAGNOSTIC,    16, -4.139677157421e-01, 3.167733217301e-05, 1.0942e+00, 2.9939e-02, 
 2DIAGNOSTIC,    17, -4.139791890964e-01, 3.115763178488e-05, 1.1157e+00, 2.1547e-02, 
 2DIAGNOSTIC,    18, -4.139954752488e-01, 2.870201016202e-05, 1.1436e+00, 2.7935e-02, 
 2DIAGNOSTIC,    19, -4.140156356368e-01, 2.495145283302e-05, 1.1646e+00, 2.0922e-02, 
 2DIAGNOSTIC,    20, -4.140244742886e-01, 1.992772646061e-05, 1.1871e+00, 2.2532e-02, 
 2DIAGNOSTIC,    21, -4.140347587951e-01, 1.483767810483e-05, 1.2078e+00, 2.0694e-02, 
 2DIAGNOSTIC,    22, -4.140443503314e-01, 1.231172945613e-05, 1.2278e+00, 2.0028e-02, 
 2DIAGNOSTIC,    23, -4.140722566537e-01, 1.126293194306e-05, 1.2512e+00, 2.3381e-02, 
 2DIAGNOSTIC,    24, -4.141183659760e-01, 1.104196153610e-05, 1.2897e+00, 3.8481e-02, 
 2DIAGNOSTIC,    25, -4.141185213048e-01, 1.065321244723e-05, 1.3164e+00, 2.6693e-02, 
 2DIAGNOSTIC,    26, -4.141185379268e-01, 1.028181624975e-05, 1.3448e+00, 2.8427e-02, 
 2DIAGNOSTIC,    27, -4.141185388517e-01, 9.386070709216e-06, 1.3682e+00, 2.3389e-02, 
 2DIAGNOSTIC,    28, -4.141185391148e-01, 8.155684586009e-06, 1.3958e+00, 2.7660e-02, 
 2DIAGNOSTIC,    29, -4.141185391511e-01, 6.804541393297e-06, 1.4238e+00, 2.7933e-02, 
 2DIAGNOSTIC,    30, -4.141185391538e-01, 5.208562580919e-06, 1.4523e+00, 2.8476e-02, 
 2DIAGNOSTIC,    31, -4.141185391540e-01, 3.568867351547e-06, 1.4803e+00, 2.8072e-02, 
 2DIAGNOSTIC,    32, -4.141185391540e-01, 1.991493874760e-06, 1.5096e+00, 2.9287e-02, 
DIAGNOSTIC,Iteration,metricValue,convergenceValue,ITERATION_TIME_INDEX,SINCE_LAST
 2DIAGNOSTIC,     1, -3.637803393470e-01, 1.797693134862e+308, 2.1057e+00, 5.9610e-01, 
 2DIAGNOSTIC,     2, -3.639399868000e-01, 1.797693134862e+308, 2.2431e+00, 1.3738e-01, 
 2DIAGNOSTIC,     3, -3.640843211025e-01, 1.797693134862e+308, 2.3832e+00, 1.4006e-01, 
 2DIAGNOSTIC,     4, -3.641638501770e-01, 1.797693134862e+308, 2.5452e+00, 1.6208e-01, 
 2DIAGNOSTIC,     5, -3.641856044481e-01, 1.797693134862e+308, 2.6865e+00, 1.4123e-01, 
 2DIAGNOSTIC,     6, -3.642286936964e-01, 1.797693134862e+308, 2.8478e+00, 1.6131e-01, 
 2DIAGNOSTIC,     7, -3.642694820215e-01, 1.797693134862e+308, 3.0102e+00, 1.6242e-01, 
 2DIAGNOSTIC,     8, -3.643115947932e-01, 1.797693134862e+308, 3.1962e+00, 1.8604e-01, 
 2DIAGNOSTIC,     9, -3.643330642385e-01, 1.797693134862e+308, 3.3980e+00, 2.0178e-01, 
 2DIAGNOSTIC,    10, -3.643335766952e-01, 9.001664245814e-05, 3.5612e+00, 1.6320e-01, 
 2DIAGNOSTIC,    11, -3.643329405845e-01, 5.929964792956e-05, 4.0577e+00, 4.9651e-01, 
 2DIAGNOSTIC,    12, -3.643329405833e-01, 3.880390604162e-05, 4.4815e+00, 4.2376e-01, 
 2DIAGNOSTIC,    13, -3.643329405833e-01, 2.672684724646e-05, 4.6824e+00, 2.0088e-01, 
 2DIAGNOSTIC,    14, -3.643329405833e-01, 1.860492178701e-05, 4.8810e+00, 1.9864e-01, 
 2DIAGNOSTIC,    15, -3.643329405833e-01, 1.119947154223e-05, 5.0388e+00, 1.5778e-01, 
 2DIAGNOSTIC,    16, -3.643329405833e-01, 5.974168239359e-06, 5.1775e+00, 1.3868e-01, 
 2DIAGNOSTIC,    17, -3.643329405833e-01, 2.825992062638e-06, 5.3360e+00, 1.5848e-01, 
 2DIAGNOSTIC,    18, -3.643329405833e-01, 1.738228612339e-06, 5.4952e+00, 1.5924e-01, 
 2DIAGNOSTIC,    19, -3.643329405833e-01, 1.648494105999e-06, 5.6559e+00, 1.6073e-01, 
 2DIAGNOSTIC,    20, -3.643329405833e-01, 1.590867013658e-06, 5.8609e+00, 2.0494e-01, 
 2DIAGNOSTIC,    21, -3.643329405833e-01, 1.515094658996e-06, 6.0257e+00, 1.6487e-01, 
 2DIAGNOSTIC,    22, -3.643329405833e-01, 1.446212119942e-06, 6.1865e+00, 1.6077e-01, 
 2DIAGNOSTIC,    23, -3.643329405833e-01, 1.383320581541e-06, 6.3420e+00, 1.5546e-01, 
 2DIAGNOSTIC,    24, -3.643329405833e-01, 1.325671023074e-06, 6.5182e+00, 1.7620e-01, 
 2DIAGNOSTIC,    25, -3.643329405833e-01, 1.272634289722e-06, 6.6728e+00, 1.5461e-01, 
 2DIAGNOSTIC,    26, -3.643329405833e-01, 1.223678036878e-06, 6.8318e+00, 1.5905e-01, 
 2DIAGNOSTIC,    27, -3.643329405833e-01, 1.178348799535e-06, 6.9773e+00, 1.4542e-01, 
 2DIAGNOSTIC,    28, -3.643329405833e-01, 1.136257904197e-06, 7.1434e+00, 1.6610e-01, 
 2DIAGNOSTIC,    29, -3.643329405833e-01, 1.097070296066e-06, 7.3069e+00, 1.6359e-01, 
 2DIAGNOSTIC,    30, -3.643329405833e-01, 1.060495601231e-06, 7.4713e+00, 1.6437e-01, 
 2DIAGNOSTIC,    31, -3.643329405833e-01, 1.026280919157e-06, 7.6327e+00, 1.6135e-01, 
DIAGNOSTIC,Iteration,metricValue,convergenceValue,ITERATION_TIME_INDEX,SINCE_LAST
 2DIAGNOSTIC,     1, -3.361671499065e-01, 1.797693134862e+308, 9.3379e+00, 1.7052e+00, 
 2DIAGNOSTIC,     2, -3.362728809770e-01, 1.797693134862e+308, 1.0301e+01, 9.6323e-01, 
 2DIAGNOSTIC,     3, -3.363304937830e-01, 1.797693134862e+308, 1.1256e+01, 9.5481e-01, 
 2DIAGNOSTIC,     4, -3.363588571515e-01, 1.797693134862e+308, 1.2329e+01, 1.0728e+00, 
 2DIAGNOSTIC,     5, -3.363629064404e-01, 1.797693134862e+308, 1.3766e+01, 1.4373e+00, 
 2DIAGNOSTIC,     6, -3.363617270275e-01, 1.797693134862e+308, 1.5570e+01, 1.8037e+00, 
 2DIAGNOSTIC,     7, -3.363617648138e-01, 1.797693134862e+308, 1.8677e+01, 3.1076e+00, 
 2DIAGNOSTIC,     8, -3.363617648125e-01, 1.797693134862e+308, 2.1774e+01, 3.0967e+00, 
 2DIAGNOSTIC,     9, -3.363617648125e-01, 1.797693134862e+308, 2.2845e+01, 1.0713e+00, 
 2DIAGNOSTIC,    10, -3.363617648125e-01, 2.814183963622e-05, 2.3775e+01, 9.3005e-01, 
 2DIAGNOSTIC,    11, -3.363617648125e-01, 1.193498442924e-05, 2.4836e+01, 1.0603e+00, 
 2DIAGNOSTIC,    12, -3.363617648125e-01, 4.976726499129e-06, 2.5899e+01, 1.0631e+00, 
 2DIAGNOSTIC,    13, -3.363617648125e-01, 2.573000433562e-06, 2.6976e+01, 1.0771e+00, 
 2DIAGNOSTIC,    14, -3.363617648125e-01, 2.205375838560e-06, 2.8050e+01, 1.0744e+00, 
 2DIAGNOSTIC,    15, -3.363617648125e-01, 2.122923110387e-06, 2.9243e+01, 1.1923e+00, 
 2DIAGNOSTIC,    16, -3.363617648125e-01, 1.988237070316e-06, 3.0302e+01, 1.0591e+00, 
 2DIAGNOSTIC,    17, -3.363617648125e-01, 1.871275535720e-06, 3.1363e+01, 1.0616e+00, 
 2DIAGNOSTIC,    18, -3.363617648125e-01, 1.767310347685e-06, 3.2664e+01, 1.3005e+00, 
 2DIAGNOSTIC,    19, -3.363617648125e-01, 1.674289405805e-06, 3.3749e+01, 1.0855e+00, 
 2DIAGNOSTIC,    20, -3.363617648125e-01, 1.590570995878e-06, 3.4947e+01, 1.1973e+00, 
 2DIAGNOSTIC,    21, -3.363617648125e-01, 1.514826125218e-06, 3.6502e+01, 1.5556e+00, 
 2DIAGNOSTIC,    22, -3.363617648125e-01, 1.445967446473e-06, 3.7578e+01, 1.0759e+00, 
 2DIAGNOSTIC,    23, -3.363617648125e-01, 1.383096723942e-06, 3.8850e+01, 1.2716e+00, 
 2DIAGNOSTIC,    24, -3.363617648125e-01, 1.325465433771e-06, 4.0031e+01, 1.1811e+00, 
 2DIAGNOSTIC,    25, -3.363617648125e-01, 1.272444820392e-06, 4.1082e+01, 1.0510e+00, 
 2DIAGNOSTIC,    26, -3.363617648125e-01, 1.223502863343e-06, 4.2140e+01, 1.0577e+00, 
 2DIAGNOSTIC,    27, -3.363617648125e-01, 1.178186362832e-06, 4.3069e+01, 9.2967e-01, 
 2DIAGNOSTIC,    28, -3.363617648125e-01, 1.136106864003e-06, 4.4145e+01, 1.0759e+00, 
 2DIAGNOSTIC,    29, -3.363617648125e-01, 1.096929493780e-06, 4.5176e+01, 1.0309e+00, 
 2DIAGNOSTIC,    30, -3.363617648125e-01, 1.060364030150e-06, 4.6249e+01, 1.0725e+00, 
 2DIAGNOSTIC,    31, -3.363617648125e-01, 1.026157700347e-06, 4.7320e+01, 1.0715e+00, 
  Elapsed time (stage 0): 4.7973e+01


Stage 1
  iterations = 1000x500x250x100
  convergence threshold = 1.0000e-06
  convergence window size = 10
  number of levels = 4
  using the Mattes MI metric (number of bins = 32, weight = 1.0000e+00, use gradient filter = 0)
  preprocessing:  winsorizing the image intensities
  Shrink factors (level 1 out of 4): [8, 8, 8]
  Shrink factors (level 2 out of 4): [4, 4, 4]
  Shrink factors (level 3 out of 4): [2, 2, 2]
  Shrink factors (level 4 out of 4): [1, 1, 1]
  smoothing sigmas per level: [3, 2, 1, 0]
  regular sampling (percentage = 2.5000e-01)

*** Running AffineTransform registration ***

DIAGNOSTIC,Iteration,metricValue,convergenceValue,ITERATION_TIME_INDEX,SINCE_LAST
 2DIAGNOSTIC,     1, -5.086744841467e-01, 1.797693134862e+308, 3.5082e-01, 3.5082e-01, 
 2DIAGNOSTIC,     2, -5.101973502923e-01, 1.797693134862e+308, 3.5542e-01, 4.5981e-03, 
 2DIAGNOSTIC,     3, -5.121775076724e-01, 1.797693134862e+308, 3.6008e-01, 4.6659e-03, 
 2DIAGNOSTIC,     4, -5.219988545655e-01, 1.797693134862e+308, 3.6419e-01, 4.1070e-03, 
 2DIAGNOSTIC,     5, -5.489843824675e-01, 1.797693134862e+308, 3.6759e-01, 3.3998e-03, 
 2DIAGNOSTIC,     6, -5.653148454568e-01, 1.797693134862e+308, 3.7112e-01, 3.5281e-03, 
 2DIAGNOSTIC,     7, -6.092848937487e-01, 1.797693134862e+308, 3.7471e-01, 3.5920e-03, 
 2DIAGNOSTIC,     8, -7.483438552285e-01, 1.797693134862e+308, 3.7958e-01, 4.8692e-03, 
 2DIAGNOSTIC,     9, -7.743522500817e-01, 1.797693134862e+308, 3.8307e-01, 3.4921e-03, 
 2DIAGNOSTIC,    10, -8.060388718029e-01, 3.432994866618e-02, 3.8791e-01, 4.8380e-03, 
 2DIAGNOSTIC,    11, -8.251078237634e-01, 3.482513352145e-02, 3.9196e-01, 4.0491e-03, 
 2DIAGNOSTIC,    12, -8.363454107825e-01, 3.257095503891e-02, 3.9647e-01, 4.5121e-03, 
 2DIAGNOSTIC,    13, -8.494381925759e-01, 2.827213101563e-02, 4.0307e-01, 6.6018e-03, 
 2DIAGNOSTIC,    14, -8.501734694287e-01, 2.251696521086e-02, 4.0679e-01, 3.7179e-03, 
 2DIAGNOSTIC,    15, -8.521060902720e-01, 1.653676838773e-02, 4.1051e-01, 3.7150e-03, 
 2DIAGNOSTIC,    16, -8.537967706348e-01, 1.044524722303e-02, 4.1415e-01, 3.6428e-03, 
 2DIAGNOSTIC,    17, -8.546655756202e-01, 5.246723095552e-03, 4.1776e-01, 3.6130e-03, 
 2DIAGNOSTIC,    18, -8.555397375697e-01, 3.339771447355e-03, 4.2126e-01, 3.4981e-03, 
 2DIAGNOSTIC,    19, -8.567296294360e-01, 1.915285007612e-03, 4.2465e-01, 3.3879e-03, 
 2DIAGNOSTIC,    20, -8.587727167993e-01, 1.133628461225e-03, 4.2940e-01, 4.7562e-03, 
 2DIAGNOSTIC,    21, -8.592673948071e-01, 6.899079250517e-04, 4.3357e-01, 4.1659e-03, 
 2DIAGNOSTIC,    22, -8.592928289007e-01, 4.195997874983e-04, 4.3734e-01, 3.7661e-03, 
 2DIAGNOSTIC,    23, -8.593842781370e-01, 3.564204238135e-04, 4.4084e-01, 3.5019e-03, 
 2DIAGNOSTIC,    24, -8.594666709345e-01, 2.783645204789e-04, 4.4429e-01, 3.4559e-03, 
 2DIAGNOSTIC,    25, -8.595312180504e-01, 2.106177363110e-04, 4.4838e-01, 4.0820e-03, 
 2DIAGNOSTIC,    26, -8.595789288871e-01, 1.540561418743e-04, 4.5268e-01, 4.3058e-03, 
 2DIAGNOSTIC,    27, -8.595884212543e-01, 1.002955605098e-04, 4.5634e-01, 3.6631e-03, 
 2DIAGNOSTIC,    28, -8.596207487807e-01, 5.351670073257e-05, 4.6145e-01, 5.1060e-03, 
 2DIAGNOSTIC,    29, -8.596383561660e-01, 2.010171810495e-05, 4.6694e-01, 5.4870e-03, 
 2DIAGNOSTIC,    30, -8.596388950838e-01, 1.225788882429e-05, 4.7074e-01, 3.8018e-03, 
 2DIAGNOSTIC,    31, -8.596410363193e-01, 9.816318224644e-06, 4.7431e-01, 3.5670e-03, 
 2DIAGNOSTIC,    32, -8.596442036123e-01, 7.040666498287e-06, 4.7795e-01, 3.6440e-03, 
 2DIAGNOSTIC,    33, -8.596486578762e-01, 4.929216663542e-06, 4.8142e-01, 3.4690e-03, 
 2DIAGNOSTIC,    34, -8.596544555621e-01, 3.512051877423e-06, 4.8519e-01, 3.7742e-03, 
 2DIAGNOSTIC,    35, -8.596617128568e-01, 2.681347808522e-06, 4.8875e-01, 3.5539e-03, 
 2DIAGNOSTIC,    36, -8.596715661599e-01, 2.321006157414e-06, 4.9223e-01, 3.4850e-03, 
 2DIAGNOSTIC,    37, -8.596891439882e-01, 2.107869704213e-06, 4.9647e-01, 4.2381e-03, 
 2DIAGNOSTIC,    38, -8.597356111295e-01, 2.532371483677e-06, 5.0150e-01, 5.0280e-03, 
 2DIAGNOSTIC,    39, -8.597407692644e-01, 2.978601184766e-06, 5.0574e-01, 4.2400e-03, 
 2DIAGNOSTIC,    40, -8.597428216213e-01, 3.229600907206e-06, 5.0960e-01, 3.8640e-03, 
 2DIAGNOSTIC,    41, -8.597455590832e-01, 3.289057297073e-06, 5.1523e-01, 5.6250e-03, 
 2DIAGNOSTIC,    42, -8.597455839980e-01, 3.135361284729e-06, 5.1915e-01, 3.9241e-03, 
 2DIAGNOSTIC,    43, -8.597455949308e-01, 2.799132473950e-06, 5.2387e-01, 4.7138e-03, 
 2DIAGNOSTIC,    44, -8.597455963074e-01, 2.334695991559e-06, 5.2853e-01, 4.6630e-03, 
 2DIAGNOSTIC,    45, -8.597455964764e-01, 1.805650604914e-06, 5.3317e-01, 4.6420e-03, 
 2DIAGNOSTIC,    46, -8.597455964962e-01, 1.277574569029e-06, 5.3782e-01, 4.6480e-03, 
DIAGNOSTIC,Iteration,metricValue,convergenceValue,ITERATION_TIME_INDEX,SINCE_LAST
 2DIAGNOSTIC,     1, -7.234338084577e-01, 1.797693134862e+308, 9.3259e-01, 3.9477e-01, 
 2DIAGNOSTIC,     2, -7.246244832248e-01, 1.797693134862e+308, 9.5880e-01, 2.6211e-02, 
 2DIAGNOSTIC,     3, -7.255878546031e-01, 1.797693134862e+308, 9.8407e-01, 2.5275e-02, 
 2DIAGNOSTIC,     4, -7.262368175008e-01, 1.797693134862e+308, 1.0095e+00, 2.5378e-02, 
 2DIAGNOSTIC,     5, -7.269105711117e-01, 1.797693134862e+308, 1.0365e+00, 2.7014e-02, 
 2DIAGNOSTIC,     6, -7.276212942396e-01, 1.797693134862e+308, 1.0657e+00, 2.9188e-02, 
 2DIAGNOSTIC,     7, -7.282602817998e-01, 1.797693134862e+308, 1.0936e+00, 2.7901e-02, 
 2DIAGNOSTIC,     8, -7.283204094613e-01, 1.797693134862e+308, 1.1244e+00, 3.0878e-02, 
 2DIAGNOSTIC,     9, -7.283641240149e-01, 1.797693134862e+308, 1.1493e+00, 2.4905e-02, 
 2DIAGNOSTIC,    10, -7.283953216139e-01, 4.415205689041e-04, 1.1765e+00, 2.7187e-02, 
 2DIAGNOSTIC,    11, -7.284536384433e-01, 3.064022095449e-04, 1.2125e+00, 3.5989e-02, 
 2DIAGNOSTIC,    12, -7.284685793833e-01, 2.051599266750e-04, 1.2383e+00, 2.5793e-02, 
 2DIAGNOSTIC,    13, -7.284806187553e-01, 1.305145280843e-04, 1.2629e+00, 2.4641e-02, 
 2DIAGNOSTIC,    14, -7.285193229823e-01, 7.409813638876e-05, 1.2985e+00, 3.5602e-02, 
 2DIAGNOSTIC,    15, -7.285361395811e-01, 3.630198056892e-05, 1.3267e+00, 2.8169e-02, 
 2DIAGNOSTIC,    16, -7.285540050001e-01, 1.745909901398e-05, 1.3526e+00, 2.5843e-02, 
 2DIAGNOSTIC,    17, -7.285591978975e-01, 1.419586566079e-05, 1.3808e+00, 2.8231e-02, 
 2DIAGNOSTIC,    18, -7.285616887192e-01, 1.151665431485e-05, 1.4184e+00, 3.7637e-02, 
 2DIAGNOSTIC,    19, -7.285619215861e-01, 9.111399852921e-06, 1.4439e+00, 2.5439e-02, 
 2DIAGNOSTIC,    20, -7.285622317207e-01, 6.838551860143e-06, 1.4721e+00, 2.8267e-02, 
 2DIAGNOSTIC,    21, -7.285622933614e-01, 5.379451032392e-06, 1.5516e+00, 7.9445e-02, 
 2DIAGNOSTIC,    22, -7.285622933603e-01, 3.961935457097e-06, 1.6285e+00, 7.6943e-02, 
 2DIAGNOSTIC,    23, -7.285622933603e-01, 2.625577361803e-06, 1.6584e+00, 2.9829e-02, 
 2DIAGNOSTIC,    24, -7.285622933603e-01, 1.910945036709e-06, 1.6867e+00, 2.8327e-02, 
 2DIAGNOSTIC,    25, -7.285622933603e-01, 1.454867839625e-06, 1.7140e+00, 2.7282e-02, 
 2DIAGNOSTIC,    26, -7.285622933603e-01, 1.283410905724e-06, 1.7422e+00, 2.8206e-02, 
 2DIAGNOSTIC,    27, -7.285622933603e-01, 1.193304684635e-06, 1.7701e+00, 2.7921e-02, 
 2DIAGNOSTIC,    28, -7.285622933603e-01, 1.143020028030e-06, 1.7990e+00, 2.8886e-02, 
 2DIAGNOSTIC,    29, -7.285622933603e-01, 1.098671178361e-06, 1.8292e+00, 3.0215e-02, 
 2DIAGNOSTIC,    30, -7.285622933603e-01, 1.061216042805e-06, 1.8538e+00, 2.4646e-02, 
 2DIAGNOSTIC,    31, -7.285622933603e-01, 1.026955622527e-06, 1.8809e+00, 2.7051e-02, 
DIAGNOSTIC,Iteration,metricValue,convergenceValue,ITERATION_TIME_INDEX,SINCE_LAST
 2DIAGNOSTIC,     1, -6.221213380882e-01, 1.797693134862e+308, 2.5248e+00, 6.4392e-01, 
 2DIAGNOSTIC,     2, -6.224362956331e-01, 1.797693134862e+308, 2.7013e+00, 1.7645e-01, 
 2DIAGNOSTIC,     3, -6.227425749306e-01, 1.797693134862e+308, 2.8805e+00, 1.7922e-01, 
 2DIAGNOSTIC,     4, -6.231470543113e-01, 1.797693134862e+308, 3.0821e+00, 2.0160e-01, 
 2DIAGNOSTIC,     5, -6.232244812642e-01, 1.797693134862e+308, 3.3878e+00, 3.0572e-01, 
 2DIAGNOSTIC,     6, -6.232291370153e-01, 1.797693134862e+308, 3.5764e+00, 1.8859e-01, 
 2DIAGNOSTIC,     7, -6.232599060772e-01, 1.797693134862e+308, 3.7589e+00, 1.8251e-01, 
 2DIAGNOSTIC,     8, -6.232927526115e-01, 1.797693134862e+308, 3.9448e+00, 1.8594e-01, 
 2DIAGNOSTIC,     9, -6.233050921985e-01, 1.797693134862e+308, 4.1223e+00, 1.7746e-01, 
 2DIAGNOSTIC,    10, -6.233132168210e-01, 1.122395205672e-04, 4.3011e+00, 1.7876e-01, 
 2DIAGNOSTIC,    11, -6.233308273717e-01, 6.679516174218e-05, 4.4772e+00, 1.7612e-01, 
 2DIAGNOSTIC,    12, -6.233315880862e-01, 3.506656090171e-05, 4.7133e+00, 2.3614e-01, 
 2DIAGNOSTIC,    13, -6.233317614573e-01, 1.566180827516e-05, 4.9631e+00, 2.4981e-01, 
 2DIAGNOSTIC,    14, -6.233317894770e-01, 1.095250157475e-05, 5.1323e+00, 1.6913e-01, 
 2DIAGNOSTIC,    15, -6.233319293060e-01, 8.453894032479e-06, 5.3081e+00, 1.7585e-01, 
 2DIAGNOSTIC,    16, -6.233321037073e-01, 5.807145202263e-06, 5.4894e+00, 1.8134e-01, 
 2DIAGNOSTIC,    17, -6.233322006995e-01, 3.928520026224e-06, 5.6939e+00, 2.0448e-01, 
 2DIAGNOSTIC,    18, -6.233323790988e-01, 2.906161371108e-06, 5.9146e+00, 2.2072e-01, 
 2DIAGNOSTIC,    19, -6.233323857139e-01, 2.182051587557e-06, 6.1612e+00, 2.4655e-01, 
 2DIAGNOSTIC,    20, -6.233323863779e-01, 1.657275440728e-06, 6.3628e+00, 2.0157e-01, 
 2DIAGNOSTIC,    21, -6.233323867434e-01, 1.558335499724e-06, 6.6070e+00, 2.4423e-01, 
 2DIAGNOSTIC,    22, -6.233323867409e-01, 1.480020271692e-06, 7.1515e+00, 5.4446e-01, 
 2DIAGNOSTIC,    23, -6.233323867409e-01, 1.408801451885e-06, 7.3541e+00, 2.0262e-01, 
 2DIAGNOSTIC,    24, -6.233323867409e-01, 1.341644898400e-06, 7.5814e+00, 2.2735e-01, 
 2DIAGNOSTIC,    25, -6.233323867409e-01, 1.280898168234e-06, 7.8194e+00, 2.3800e-01, 
 2DIAGNOSTIC,    26, -6.233323867409e-01, 1.227100367526e-06, 8.0184e+00, 1.9900e-01, 
 2DIAGNOSTIC,    27, -6.233323867409e-01, 1.178521820168e-06, 8.2227e+00, 2.0425e-01, 
 2DIAGNOSTIC,    28, -6.233323867409e-01, 1.136302551483e-06, 8.4218e+00, 1.9909e-01, 
 2DIAGNOSTIC,    29, -6.233323867409e-01, 1.097097209871e-06, 8.6251e+00, 2.0335e-01, 
 2DIAGNOSTIC,    30, -6.233323867409e-01, 1.060515410767e-06, 8.8296e+00, 2.0450e-01, 
 2DIAGNOSTIC,    31, -6.233323867409e-01, 1.026299506914e-06, 9.0520e+00, 2.2242e-01, 
DIAGNOSTIC,Iteration,metricValue,convergenceValue,ITERATION_TIME_INDEX,SINCE_LAST
 2DIAGNOSTIC,     1, -5.510171123104e-01, 1.797693134862e+308, 1.1068e+01, 2.0163e+00, 
 2DIAGNOSTIC,     2, -5.512883082876e-01, 1.797693134862e+308, 1.2316e+01, 1.2478e+00, 
 2DIAGNOSTIC,     3, -5.515329464809e-01, 1.797693134862e+308, 1.3542e+01, 1.2254e+00, 
 2DIAGNOSTIC,     4, -5.518289416209e-01, 1.797693134862e+308, 1.5188e+01, 1.6466e+00, 
 2DIAGNOSTIC,     5, -5.520081682946e-01, 1.797693134862e+308, 1.6950e+01, 1.7623e+00, 
 2DIAGNOSTIC,     6, -5.520108169817e-01, 1.797693134862e+308, 1.8195e+01, 1.2445e+00, 
 2DIAGNOSTIC,     7, -5.520168822273e-01, 1.797693134862e+308, 1.9434e+01, 1.2387e+00, 
 2DIAGNOSTIC,     8, -5.520226681542e-01, 1.797693134862e+308, 2.0686e+01, 1.2523e+00, 
 2DIAGNOSTIC,     9, -5.520287750719e-01, 1.797693134862e+308, 2.1938e+01, 1.2525e+00, 
 2DIAGNOSTIC,    10, -5.520363962276e-01, 1.112545165459e-04, 2.3187e+01, 1.2481e+00, 
 2DIAGNOSTIC,    11, -5.520462231886e-01, 6.590760527114e-05, 2.4431e+01, 1.2440e+00, 
 2DIAGNOSTIC,    12, -5.520567668264e-01, 3.453170686213e-05, 2.5816e+01, 1.3858e+00, 
 2DIAGNOSTIC,    13, -5.520617156097e-01, 1.473724448968e-05, 2.7343e+01, 1.5271e+00, 
 2DIAGNOSTIC,    14, -5.520636816212e-01, 7.431685282000e-06, 2.8597e+01, 1.2540e+00, 
 2DIAGNOSTIC,    15, -5.520763489632e-01, 7.220522103682e-06, 3.0746e+01, 2.1482e+00, 
 2DIAGNOSTIC,    16, -5.520773856773e-01, 6.670810045628e-06, 3.2258e+01, 1.5128e+00, 
 2DIAGNOSTIC,    17, -5.520772967942e-01, 5.934397986407e-06, 3.3653e+01, 1.3946e+00, 
 2DIAGNOSTIC,    18, -5.520770836091e-01, 5.068769322512e-06, 3.5302e+01, 1.6489e+00, 
 2DIAGNOSTIC,    19, -5.520769371877e-01, 4.149788340395e-06, 3.6694e+01, 1.3922e+00, 
 2DIAGNOSTIC,    20, -5.520769103430e-01, 3.280578619203e-06, 3.8060e+01, 1.3656e+00, 
 2DIAGNOSTIC,    21, -5.520768993848e-01, 2.570605293344e-06, 3.9408e+01, 1.3484e+00, 
 2DIAGNOSTIC,    22, -5.520768380250e-01, 2.073969915681e-06, 4.0751e+01, 1.3426e+00, 
 2DIAGNOSTIC,    23, -5.520766451861e-01, 1.670941650440e-06, 4.1974e+01, 1.2232e+00, 
 2DIAGNOSTIC,    24, -5.520767811441e-01, 1.312261536580e-06, 4.3338e+01, 1.3641e+00, 
 2DIAGNOSTIC,    25, -5.520767937502e-01, 1.243877327257e-06, 4.4968e+01, 1.6297e+00, 
 2DIAGNOSTIC,    26, -5.520768405328e-01, 1.204846801148e-06, 4.6448e+01, 1.4809e+00, 
 2DIAGNOSTIC,    27, -5.520767208398e-01, 1.166636643506e-06, 4.7825e+01, 1.3763e+00, 
 2DIAGNOSTIC,    28, -5.520764644251e-01, 1.123828840439e-06, 4.9063e+01, 1.2380e+00, 
 2DIAGNOSTIC,    29, -5.520765038932e-01, 1.083334994344e-06, 5.0285e+01, 1.2220e+00, 
 2DIAGNOSTIC,    30, -5.520765670782e-01, 1.047284108956e-06, 5.1646e+01, 1.3616e+00, 
 2DIAGNOSTIC,    31, -5.520766293568e-01, 1.015594835126e-06, 5.2877e+01, 1.2310e+00, 
  Elapsed time (stage 1): 5.3784e+01


Stage 2
  iterations = 100x70x50x20
  convergence threshold = 1.0000e-06
  convergence window size = 10
  number of levels = 4
  using the CC metric (radius = 4, weight = 1.0000e+00, use gradient filter = 0)
  preprocessing:  winsorizing the image intensities
  Shrink factors (level 1 out of 4): [8, 8, 8]
  Shrink factors (level 2 out of 4): [4, 4, 4]
  Shrink factors (level 3 out of 4): [2, 2, 2]
  Shrink factors (level 4 out of 4): [1, 1, 1]
  smoothing sigmas per level: [3, 2, 1, 0]
  Using default NONE metricSamplingStrategy 

*** Running SyN registration (varianceForUpdateField = 3.0000e+00, varianceForTotalField = 0.0000e+00) ***

XXDIAGNOSTIC,Iteration,metricValue,convergenceValue,ITERATION_TIME_INDEX,SINCE_LAST
 1DIAGNOSTIC,     1, -9.336678177902e-01, 1.797693134862e+308, 4.6900e-01, 4.6900e-01, 
 1DIAGNOSTIC,     2, -9.400355748552e-01, 1.797693134862e+308, 6.2507e-01, 1.5607e-01, 
 1DIAGNOSTIC,     3, -9.447892935753e-01, 1.797693134862e+308, 7.8076e-01, 1.5569e-01, 
 1DIAGNOSTIC,     4, -9.480239632455e-01, 1.797693134862e+308, 9.3758e-01, 1.5682e-01, 
 1DIAGNOSTIC,     5, -9.516284983109e-01, 1.797693134862e+308, 1.0953e+00, 1.5777e-01, 
 1DIAGNOSTIC,     6, -9.563406666542e-01, 1.797693134862e+308, 1.2494e+00, 1.5410e-01, 
 1DIAGNOSTIC,     7, -9.608712649226e-01, 1.797693134862e+308, 1.4045e+00, 1.5500e-01, 
 1DIAGNOSTIC,     8, -9.639472574692e-01, 1.797693134862e+308, 1.5584e+00, 1.5393e-01, 
 1DIAGNOSTIC,     9, -9.646113398086e-01, 1.797693134862e+308, 1.7173e+00, 1.5895e-01, 
 1DIAGNOSTIC,    10, -9.668933711964e-01, 2.237381378775e-03, 1.8694e+00, 1.5209e-01, 
 1DIAGNOSTIC,    11, -9.674983769597e-01, 1.760376592284e-03, 2.0225e+00, 1.5310e-01, 
 1DIAGNOSTIC,    12, -9.686753672485e-01, 1.390290147497e-03, 2.1764e+00, 1.5390e-01, 
 1DIAGNOSTIC,    13, -9.689334818266e-01, 1.066468413123e-03, 2.3389e+00, 1.6245e-01, 
 1DIAGNOSTIC,    14, -9.696486468503e-01, 7.768782735215e-04, 2.4947e+00, 1.5588e-01, 
 1DIAGNOSTIC,    15, -9.698248187329e-01, 5.290228588457e-04, 2.6502e+00, 1.5551e-01, 
 1DIAGNOSTIC,    16, -9.702869437252e-01, 3.582346361241e-04, 2.8070e+00, 1.5679e-01, 
 1DIAGNOSTIC,    17, -9.704031233285e-01, 2.547871683693e-04, 2.9674e+00, 1.6032e-01, 
 1DIAGNOSTIC,    18, -9.707243289139e-01, 1.956527706292e-04, 3.1233e+00, 1.5593e-01, 
 1DIAGNOSTIC,    19, -9.708086957327e-01, 1.356783017162e-04, 3.2800e+00, 1.5668e-01, 
 1DIAGNOSTIC,    20, -9.711031778897e-01, 1.073521554243e-04, 3.4440e+00, 1.6405e-01, 
 1DIAGNOSTIC,    21, -9.711673894649e-01, 8.089611096743e-05, 3.6002e+00, 1.5619e-01, 
 1DIAGNOSTIC,    22, -9.713680692589e-01, 6.798435019013e-05, 3.7574e+00, 1.5715e-01, 
 1DIAGNOSTIC,    23, -9.714216807998e-01, 5.376411149881e-05, 3.9101e+00, 1.5279e-01, 
 1DIAGNOSTIC,    24, -9.715751577927e-01, 4.651982194451e-05, 4.0671e+00, 1.5696e-01, 
 1DIAGNOSTIC,    25, -9.716253544387e-01, 3.814087931421e-05, 4.2225e+00, 1.5539e-01, 
 1DIAGNOSTIC,    26, -9.717451884622e-01, 3.354975503030e-05, 4.3779e+00, 1.5539e-01, 
 1DIAGNOSTIC,    27, -9.717957666314e-01, 2.799680493143e-05, 4.5300e+00, 1.5209e-01, 
 1DIAGNOSTIC,    28, -9.718875754271e-01, 2.467075041387e-05, 4.6868e+00, 1.5680e-01, 
 1DIAGNOSTIC,    29, -9.719439290928e-01, 2.070864792123e-05, 4.8429e+00, 1.5616e-01, 
 1DIAGNOSTIC,    30, -9.720132326928e-01, 1.873038715328e-05, 4.9942e+00, 1.5130e-01, 
 1DIAGNOSTIC,    31, -9.720820573863e-01, 1.642720907925e-05, 5.1508e+00, 1.5657e-01, 
 1DIAGNOSTIC,    32, -9.721330240958e-01, 1.511922509571e-05, 5.3068e+00, 1.5602e-01, 
 1DIAGNOSTIC,    33, -9.722154887753e-01, 1.373660928271e-05, 5.4628e+00, 1.5593e-01, 
 1DIAGNOSTIC,    34, -9.722472300261e-01, 1.281568128429e-05, 5.6220e+00, 1.5926e-01, 
 1DIAGNOSTIC,    35, -9.723432451780e-01, 1.203156614927e-05, 5.7774e+00, 1.5535e-01, 
 1DIAGNOSTIC,    36, -9.723565361038e-01, 1.130538901583e-05, 5.9373e+00, 1.5997e-01, 
 1DIAGNOSTIC,    37, -9.724696389689e-01, 1.092109766964e-05, 6.0877e+00, 1.5037e-01, 
 1DIAGNOSTIC,    38, -9.724660840904e-01, 1.026039488743e-05, 6.2414e+00, 1.5373e-01, 
 1DIAGNOSTIC,    39, -9.726013372458e-01, 1.018196692172e-05, 6.3945e+00, 1.5301e-01, 
 1DIAGNOSTIC,    40, -9.725798875205e-01, 9.538123776895e-06, 6.5475e+00, 1.5307e-01, 
 1DIAGNOSTIC,    41, -9.727369708965e-01, 9.720468286619e-06, 6.6985e+00, 1.5097e-01, 
 1DIAGNOSTIC,    42, -9.726375408860e-01, 8.667137779868e-06, 6.8552e+00, 1.5667e-01, 
 1DIAGNOSTIC,    43, -9.728113661664e-01, 8.686502649159e-06, 7.0086e+00, 1.5343e-01, 
 1DIAGNOSTIC,    44, -9.727592640520e-01, 7.766206297850e-06, 7.1657e+00, 1.5705e-01, 
 1DIAGNOSTIC,    45, -9.729456459280e-01, 8.071514666756e-06, 7.3223e+00, 1.5664e-01, 
 1DIAGNOSTIC,    46, -9.728832773944e-01, 7.304990010101e-06, 7.4796e+00, 1.5731e-01, 
 1DIAGNOSTIC,    47, -9.730705401199e-01, 7.846776954153e-06, 7.6291e+00, 1.4952e-01, 
 1DIAGNOSTIC,    48, -9.730004507913e-01, 7.186165108832e-06, 7.7922e+00, 1.6307e-01, 
 1DIAGNOSTIC,    49, -9.731217825688e-01, 7.487530914244e-06, 7.9462e+00, 1.5397e-01, 
 1DIAGNOSTIC,    50, -9.730450053703e-01, 6.504687693341e-06, 8.1031e+00, 1.5693e-01, 
 1DIAGNOSTIC,    51, -9.732248197549e-01, 6.973548132446e-06, 8.2643e+00, 1.6117e-01, 
 1DIAGNOSTIC,    52, -9.731414303743e-01, 5.730816973578e-06, 8.4190e+00, 1.5473e-01, 
 1DIAGNOSTIC,    53, -9.733232818293e-01, 6.047543443560e-06, 8.5690e+00, 1.4997e-01, 
 1DIAGNOSTIC,    54, -9.732335538581e-01, 5.016563928886e-06, 8.7239e+00, 1.5496e-01, 
 1DIAGNOSTIC,    55, -9.734224519124e-01, 5.635249373838e-06, 8.8715e+00, 1.4760e-01, 
 1DIAGNOSTIC,    56, -9.733256730935e-01, 4.858956151883e-06, 9.0311e+00, 1.5953e-01, 
 1DIAGNOSTIC,    57, -9.735242716380e-01, 5.714326565560e-06, 9.1855e+00, 1.5439e-01, 
 1DIAGNOSTIC,    58, -9.734192293332e-01, 5.120108164287e-06, 9.3399e+00, 1.5442e-01, 
 1DIAGNOSTIC,    59, -9.736317136509e-01, 5.801155875007e-06, 9.4888e+00, 1.4894e-01, 
 1DIAGNOSTIC,    60, -9.735174783801e-01, 4.971881371971e-06, 9.6507e+00, 1.6186e-01, 
 1DIAGNOSTIC,    61, -9.737446287652e-01, 5.735328065588e-06, 9.8035e+00, 1.5283e-01, 
 1DIAGNOSTIC,    62, -9.736212988888e-01, 4.946349625709e-06, 9.9667e+00, 1.6319e-01, 
 1DIAGNOSTIC,    63, -9.738577136822e-01, 5.739840597124e-06, 1.0115e+01, 1.4787e-01, 
 1DIAGNOSTIC,    64, -9.737281459611e-01, 4.951054847206e-06, 1.0273e+01, 1.5808e-01, 
 1DIAGNOSTIC,    65, -9.739661832376e-01, 5.721201171101e-06, 1.0422e+01, 1.4906e-01, 
 1DIAGNOSTIC,    66, -9.738293988965e-01, 4.877944669145e-06, 1.0582e+01, 1.5996e-01, 
 1DIAGNOSTIC,    67, -9.740680365792e-01, 5.588037602578e-06, 1.0732e+01, 1.5084e-01, 
 1DIAGNOSTIC,    68, -9.739239126413e-01, 4.661286898699e-06, 1.0889e+01, 1.5692e-01, 
 1DIAGNOSTIC,    69, -9.741577620132e-01, 5.292668530213e-06, 1.1043e+01, 1.5402e-01, 
 1DIAGNOSTIC,    70, -9.740088680555e-01, 4.289524636821e-06, 1.1206e+01, 1.6224e-01, 
 1DIAGNOSTIC,    71, -9.742352129239e-01, 4.856519608624e-06, 1.1353e+01, 1.4734e-01, 
 1DIAGNOSTIC,    72, -9.740822559157e-01, 3.809683978407e-06, 1.1508e+01, 1.5540e-01, 
 1DIAGNOSTIC,    73, -9.743040759518e-01, 4.345430119982e-06, 1.1662e+01, 1.5388e-01, 
 1DIAGNOSTIC,    74, -9.741478395237e-01, 3.310582145049e-06, 1.1821e+01, 1.5899e-01, 
 1DIAGNOSTIC,    75, -9.743664315996e-01, 3.848280051805e-06, 1.1971e+01, 1.4981e-01, 
 1DIAGNOSTIC,    76, -9.742072715329e-01, 2.854332133312e-06, 1.2124e+01, 1.5251e-01, 
 1DIAGNOSTIC,    77, -9.744229196701e-01, 3.418207492785e-06, 1.2284e+01, 1.5998e-01, 
 1DIAGNOSTIC,    78, -9.742621075583e-01, 2.487484641364e-06, 1.2441e+01, 1.5790e-01, 
 1DIAGNOSTIC,    79, -9.744758852857e-01, 3.077111724349e-06, 1.2595e+01, 1.5357e-01, 
 1DIAGNOSTIC,    80, -9.743138114313e-01, 2.212056347525e-06, 1.2749e+01, 1.5429e-01, 
 1DIAGNOSTIC,    81, -9.745252099225e-01, 2.813098711059e-06, 1.2908e+01, 1.5863e-01, 
 1DIAGNOSTIC,    82, -9.743613413574e-01, 1.992476379884e-06, 1.3068e+01, 1.5975e-01, 
 1DIAGNOSTIC,    83, -9.745696178779e-01, 2.590595183111e-06, 1.3218e+01, 1.5002e-01, 
 1DIAGNOSTIC,    84, -9.744044528802e-01, 1.800364227561e-06, 1.3375e+01, 1.5704e-01, 
 1DIAGNOSTIC,    85, -9.746096922906e-01, 2.387114449451e-06, 1.3527e+01, 1.5202e-01, 
 1DIAGNOSTIC,    86, -9.744426367275e-01, 1.615924108253e-06, 1.3687e+01, 1.6000e-01, 
 1DIAGNOSTIC,    87, -9.746505783467e-01, 2.202619094768e-06, 1.3837e+01, 1.5068e-01, 
 1DIAGNOSTIC,    88, -9.744808790206e-01, 1.460297644716e-06, 1.4009e+01, 1.7124e-01, 
 1DIAGNOSTIC,    89, -9.746930018879e-01, 2.063990842138e-06, 1.4164e+01, 1.5532e-01, 
 1DIAGNOSTIC,    90, -9.745217982705e-01, 1.367388120312e-06, 1.4321e+01, 1.5687e-01, 
 1DIAGNOSTIC,    91, -9.747350577054e-01, 1.988172982380e-06, 1.4472e+01, 1.5063e-01, 
 1DIAGNOSTIC,    92, -9.745631143630e-01, 1.331576791712e-06, 1.4640e+01, 1.6883e-01, 
 1DIAGNOSTIC,    93, -9.747764556069e-01, 1.954064821924e-06, 1.4793e+01, 1.5230e-01, 
 1DIAGNOSTIC,    94, -9.746030051564e-01, 1.317027511043e-06, 1.4953e+01, 1.6078e-01, 
 1DIAGNOSTIC,    95, -9.748174867117e-01, 1.924688152018e-06, 1.5102e+01, 1.4896e-01, 
 1DIAGNOSTIC,    96, -9.746420357628e-01, 1.286150186245e-06, 1.5259e+01, 1.5704e-01, 
 1DIAGNOSTIC,    97, -9.748563713376e-01, 1.875085751786e-06, 1.5414e+01, 1.5500e-01, 
 1DIAGNOSTIC,    98, -9.746800271818e-01, 1.233780180016e-06, 1.5569e+01, 1.5497e-01, 
 1DIAGNOSTIC,    99, -9.748934147109e-01, 1.807358746614e-06, 1.5718e+01, 1.4854e-01, 
 1DIAGNOSTIC,   100, -9.747155963481e-01, 1.169769187322e-06, 1.5878e+01, 1.5956e-01, 
XXDIAGNOSTIC,Iteration,metricValue,convergenceValue,ITERATION_TIME_INDEX,SINCE_LAST
 1DIAGNOSTIC,     1, -9.139732616339e-01, 1.797693134862e+308, 1.7434e+01, 1.5569e+00, 
 1DIAGNOSTIC,     2, -9.159720279089e-01, 1.797693134862e+308, 1.8668e+01, 1.2332e+00, 
 1DIAGNOSTIC,     3, -9.186674736825e-01, 1.797693134862e+308, 1.9904e+01, 1.2369e+00, 
 1DIAGNOSTIC,     4, -9.217259889155e-01, 1.797693134862e+308, 2.1135e+01, 1.2305e+00, 
 1DIAGNOSTIC,     5, -9.244196677503e-01, 1.797693134862e+308, 2.2362e+01, 1.2270e+00, 
 1DIAGNOSTIC,     6, -9.266861502115e-01, 1.797693134862e+308, 2.3591e+01, 1.2288e+00, 
 1DIAGNOSTIC,     7, -9.290040173822e-01, 1.797693134862e+308, 2.4823e+01, 1.2322e+00, 
 1DIAGNOSTIC,     8, -9.310503952707e-01, 1.797693134862e+308, 2.6054e+01, 1.2310e+00, 
 1DIAGNOSTIC,     9, -9.330199961276e-01, 1.797693134862e+308, 2.7294e+01, 1.2402e+00, 
 1DIAGNOSTIC,    10, -9.348342862905e-01, 1.484883223977e-03, 2.8537e+01, 1.2425e+00, 
 1DIAGNOSTIC,    11, -9.364258039739e-01, 1.286007784007e-03, 2.9765e+01, 1.2287e+00, 
 1DIAGNOSTIC,    12, -9.377686496113e-01, 1.089830160554e-03, 3.0996e+01, 1.2309e+00, 
 1DIAGNOSTIC,    13, -9.389086942629e-01, 9.149967330434e-04, 3.2228e+01, 1.2315e+00, 
 1DIAGNOSTIC,    14, -9.397019471723e-01, 7.656536463375e-04, 3.3474e+01, 1.2465e+00, 
 1DIAGNOSTIC,    15, -9.404071703731e-01, 6.353541923243e-04, 3.4705e+01, 1.2307e+00, 
 1DIAGNOSTIC,    16, -9.410536136668e-01, 5.183282850920e-04, 3.5937e+01, 1.2322e+00, 
 1DIAGNOSTIC,    17, -9.416343755225e-01, 4.191291121473e-04, 3.7191e+01, 1.2542e+00, 
 1DIAGNOSTIC,    18, -9.421635307255e-01, 3.356344624063e-04, 3.8431e+01, 1.2402e+00, 
 1DIAGNOSTIC,    19, -9.426518082135e-01, 2.690796724104e-04, 3.9661e+01, 1.2300e+00, 
 1DIAGNOSTIC,    20, -9.429817179782e-01, 2.166854011429e-04, 4.0912e+01, 1.2504e+00, 
 1DIAGNOSTIC,    21, -9.432878021626e-01, 1.765006755754e-04, 4.2151e+01, 1.2392e+00, 
 1DIAGNOSTIC,    22, -9.435754168906e-01, 1.459232792812e-04, 4.3384e+01, 1.2334e+00, 
 1DIAGNOSTIC,    23, -9.438455977210e-01, 1.229672080218e-04, 4.4610e+01, 1.2260e+00, 
 1DIAGNOSTIC,    24, -9.440973533572e-01, 1.036201474902e-04, 4.5858e+01, 1.2474e+00, 
 1DIAGNOSTIC,    25, -9.443297610945e-01, 8.750613728658e-05, 4.7102e+01, 1.2441e+00, 
 1DIAGNOSTIC,    26, -9.445457995867e-01, 7.451206713258e-05, 4.8374e+01, 1.2720e+00, 
 1DIAGNOSTIC,    27, -9.447468227871e-01, 6.427047783196e-05, 4.9605e+01, 1.2311e+00, 
 1DIAGNOSTIC,    28, -9.449308482006e-01, 5.643446907717e-05, 5.0861e+01, 1.2561e+00, 
 1DIAGNOSTIC,    29, -9.451069296056e-01, 5.080953958472e-05, 5.2104e+01, 1.2425e+00, 
 1DIAGNOSTIC,    30, -9.452735123507e-01, 4.582484183421e-05, 5.3353e+01, 1.2494e+00, 
 1DIAGNOSTIC,    31, -9.454236040451e-01, 4.133655991876e-05, 5.4584e+01, 1.2314e+00, 
 1DIAGNOSTIC,    32, -9.455566679346e-01, 3.725068265565e-05, 5.5831e+01, 1.2470e+00, 
 1DIAGNOSTIC,    33, -9.456757035009e-01, 3.351008923350e-05, 5.7083e+01, 1.2516e+00, 
 1DIAGNOSTIC,    34, -9.457901263473e-01, 3.012810860877e-05, 5.8325e+01, 1.2419e+00, 
 1DIAGNOSTIC,    35, -9.458935398505e-01, 2.703735041126e-05, 5.9565e+01, 1.2403e+00, 
 1DIAGNOSTIC,    36, -9.459915816818e-01, 2.424598219098e-05, 6.0803e+01, 1.2380e+00, 
 1DIAGNOSTIC,    37, -9.460863462890e-01, 2.177813666587e-05, 6.2038e+01, 1.2350e+00, 
 1DIAGNOSTIC,    38, -9.461746517375e-01, 1.959333450465e-05, 6.3270e+01, 1.2322e+00, 
 1DIAGNOSTIC,    39, -9.462605198764e-01, 1.774238859518e-05, 6.4513e+01, 1.2425e+00, 
 1DIAGNOSTIC,    40, -9.463431063603e-01, 1.623308673768e-05, 6.5761e+01, 1.2479e+00, 
 1DIAGNOSTIC,    41, -9.464152633999e-01, 1.494545742322e-05, 6.7017e+01, 1.2566e+00, 
 1DIAGNOSTIC,    42, -9.464935909917e-01, 1.387366928798e-05, 6.8258e+01, 1.2406e+00, 
 1DIAGNOSTIC,    43, -9.465606473163e-01, 1.289049322253e-05, 6.9494e+01, 1.2364e+00, 
 1DIAGNOSTIC,    44, -9.466239256043e-01, 1.199851929736e-05, 7.0759e+01, 1.2650e+00, 
 1DIAGNOSTIC,    45, -9.466805884725e-01, 1.113150465313e-05, 7.2034e+01, 1.2743e+00, 
 1DIAGNOSTIC,    46, -9.467324392070e-01, 1.027879466076e-05, 7.3264e+01, 1.2307e+00, 
 1DIAGNOSTIC,    47, -9.467759754503e-01, 9.423695472736e-06, 7.4480e+01, 1.2154e+00, 
 1DIAGNOSTIC,    48, -9.468218415844e-01, 8.601864837001e-06, 7.5721e+01, 1.2414e+00, 
 1DIAGNOSTIC,    49, -9.468556038835e-01, 7.781083814190e-06, 7.6976e+01, 1.2550e+00, 
 1DIAGNOSTIC,    50, -9.468864107585e-01, 6.988781825385e-06, 7.8232e+01, 1.2560e+00, 
 1DIAGNOSTIC,    51, -9.469154718604e-01, 6.210544069119e-06, 7.9457e+01, 1.2252e+00, 
 1DIAGNOSTIC,    52, -9.469429141920e-01, 5.534213319003e-06, 8.0690e+01, 1.2324e+00, 
 1DIAGNOSTIC,    53, -9.469649210667e-01, 4.911926190766e-06, 8.1943e+01, 1.2532e+00, 
 1DIAGNOSTIC,    54, -9.469853021551e-01, 4.361817772563e-06, 8.3170e+01, 1.2271e+00, 
 1DIAGNOSTIC,    55, -9.470034979051e-01, 3.876362788070e-06, 8.4395e+01, 1.2251e+00, 
 1DIAGNOSTIC,    56, -9.470190528094e-01, 3.451231973400e-06, 8.5649e+01, 1.2541e+00, 
 1DIAGNOSTIC,    57, -9.470372918360e-01, 3.086588822396e-06, 8.6911e+01, 1.2614e+00, 
 1DIAGNOSTIC,    58, -9.470561052435e-01, 2.824861996799e-06, 8.8149e+01, 1.2383e+00, 
 1DIAGNOSTIC,    59, -9.470719867025e-01, 2.604211767999e-06, 8.9385e+01, 1.2355e+00, 
 1DIAGNOSTIC,    60, -9.470891467288e-01, 2.431376406299e-06, 9.0607e+01, 1.2224e+00, 
 1DIAGNOSTIC,    61, -9.471060541642e-01, 2.306207049572e-06, 9.1860e+01, 1.2529e+00, 
 1DIAGNOSTIC,    62, -9.471220136651e-01, 2.222263372341e-06, 9.3088e+01, 1.2280e+00, 
 1DIAGNOSTIC,    63, -9.471434804543e-01, 2.182457965128e-06, 9.4304e+01, 1.2166e+00, 
 1DIAGNOSTIC,    64, -9.471594106063e-01, 2.151097084541e-06, 9.5557e+01, 1.2531e+00, 
 1DIAGNOSTIC,    65, -9.471751783512e-01, 2.118081729459e-06, 9.6829e+01, 1.2714e+00, 
 1DIAGNOSTIC,    66, -9.471928413450e-01, 2.079656344245e-06, 9.8103e+01, 1.2741e+00, 
 1DIAGNOSTIC,    67, -9.472137192132e-01, 2.062402325188e-06, 9.9311e+01, 1.2084e+00, 
 1DIAGNOSTIC,    68, -9.472365858253e-01, 2.075207554884e-06, 1.0056e+02, 1.2473e+00, 
 1DIAGNOSTIC,    69, -9.472524189544e-01, 2.069160357816e-06, 1.0182e+02, 1.2662e+00, 
 1DIAGNOSTIC,    70, -9.472731915395e-01, 2.071166580507e-06, 1.0307e+02, 1.2406e+00, 
XXDIAGNOSTIC,Iteration,metricValue,convergenceValue,ITERATION_TIME_INDEX,SINCE_LAST
 1DIAGNOSTIC,     1, -9.054424245551e-01, 1.797693134862e+308, 1.1356e+02, 1.0490e+01, 
 1DIAGNOSTIC,     2, -9.081030208401e-01, 1.797693134862e+308, 1.2348e+02, 9.9291e+00, 
 1DIAGNOSTIC,     3, -9.109534818640e-01, 1.797693134862e+308, 1.3335e+02, 9.8681e+00, 
 1DIAGNOSTIC,     4, -9.136155113335e-01, 1.797693134862e+308, 1.4338e+02, 1.0033e+01, 
 1DIAGNOSTIC,     5, -9.161853851577e-01, 1.797693134862e+308, 1.5319e+02, 9.8078e+00, 
 1DIAGNOSTIC,     6, -9.182482053682e-01, 1.797693134862e+308, 1.6310e+02, 9.9086e+00, 
 1DIAGNOSTIC,     7, -9.201150948910e-01, 1.797693134862e+308, 1.7311e+02, 1.0005e+01, 
 1DIAGNOSTIC,     8, -9.218125042288e-01, 1.797693134862e+308, 1.8304e+02, 9.9323e+00, 
 1DIAGNOSTIC,     9, -9.232558516199e-01, 1.797693134862e+308, 1.9310e+02, 1.0059e+01, 
 1DIAGNOSTIC,    10, -9.245715443391e-01, 1.348376299990e-03, 2.0290e+02, 9.7981e+00, 
 1DIAGNOSTIC,    11, -9.255995503267e-01, 1.104401581335e-03, 2.1276e+02, 9.8655e+00, 
 1DIAGNOSTIC,    12, -9.267029535185e-01, 8.986691285402e-04, 2.2258e+02, 9.8200e+00, 
 1DIAGNOSTIC,    13, -9.275494772949e-01, 7.307629720556e-04, 2.3254e+02, 9.9592e+00, 
 1DIAGNOSTIC,    14, -9.283306552749e-01, 5.958923466797e-04, 2.4256e+02, 1.0020e+01, 
 1DIAGNOSTIC,    15, -9.290641822875e-01, 4.923114838509e-04, 2.5249e+02, 9.9298e+00, 
 1DIAGNOSTIC,    16, -9.297429907268e-01, 4.091094776285e-04, 2.6254e+02, 1.0047e+01, 
 1DIAGNOSTIC,    17, -9.303469296586e-01, 3.425578351855e-04, 2.7252e+02, 9.9802e+00, 
 1DIAGNOSTIC,    18, -9.308894839772e-01, 2.899132412056e-04, 2.8250e+02, 9.9823e+00, 
 1DIAGNOSTIC,    19, -9.313846767375e-01, 2.472301781459e-04, 2.9251e+02, 1.0012e+01, 
 1DIAGNOSTIC,    20, -9.318420205376e-01, 2.130749002527e-04, 3.0252e+02, 1.0012e+01, 
 1DIAGNOSTIC,    21, -9.322676284469e-01, 1.834757921177e-04, 3.1247e+02, 9.9466e+00, 
 1DIAGNOSTIC,    22, -9.326666563358e-01, 1.603972279005e-04, 3.2236e+02, 9.8921e+00, 
 1DIAGNOSTIC,    23, -9.330384551169e-01, 1.405756910753e-04, 3.3231e+02, 9.9467e+00, 
 1DIAGNOSTIC,    24, -9.333781875048e-01, 1.235586619058e-04, 3.4210e+02, 9.7926e+00, 
 1DIAGNOSTIC,    25, -9.336960544893e-01, 1.092042366472e-04, 3.5212e+02, 1.0018e+01, 
 1DIAGNOSTIC,    26, -9.339983144161e-01, 9.726671894077e-05, 3.6203e+02, 9.9116e+00, 
 1DIAGNOSTIC,    27, -9.342947794980e-01, 8.729307763698e-05, 3.7207e+02, 1.0040e+01, 
 1DIAGNOSTIC,    28, -9.345869714088e-01, 7.895646949934e-05, 3.8208e+02, 1.0011e+01, 
 1DIAGNOSTIC,    29, -9.348808037131e-01, 7.210076404315e-05, 3.9215e+02, 1.0064e+01, 
 1DIAGNOSTIC,    30, -9.351732596539e-01, 6.656898520083e-05, 4.0209e+02, 9.9429e+00, 
 1DIAGNOSTIC,    31, -9.354663251198e-01, 6.222062477042e-05, 4.1208e+02, 9.9938e+00, 
 1DIAGNOSTIC,    32, -9.357473050805e-01, 5.878195488374e-05, 4.2208e+02, 9.9915e+00, 
 1DIAGNOSTIC,    33, -9.360232098816e-01, 5.601716188539e-05, 4.3202e+02, 9.9484e+00, 
 1DIAGNOSTIC,    34, -9.362846218179e-01, 5.354163504361e-05, 4.4195e+02, 9.9222e+00, 
 1DIAGNOSTIC,    35, -9.365219442046e-01, 5.100962728823e-05, 4.5191e+02, 9.9606e+00, 
 1DIAGNOSTIC,    36, -9.367389995544e-01, 4.821995016103e-05, 4.6178e+02, 9.8748e+00, 
 1DIAGNOSTIC,    37, -9.369359242548e-01, 4.511186306415e-05, 4.7181e+02, 1.0029e+01, 
 1DIAGNOSTIC,    38, -9.371150966527e-01, 4.170467281590e-05, 4.8165e+02, 9.8351e+00, 
 1DIAGNOSTIC,    39, -9.372790819933e-01, 3.812695860239e-05, 4.9167e+02, 1.0022e+01, 
 1DIAGNOSTIC,    40, -9.374323667226e-01, 3.453895520857e-05, 5.0150e+02, 9.8311e+00, 
 1DIAGNOSTIC,    41, -9.375767815900e-01, 3.113333063851e-05, 5.1156e+02, 1.0060e+01, 
 1DIAGNOSTIC,    42, -9.377099241993e-01, 2.797044210184e-05, 5.2159e+02, 1.0032e+01, 
 1DIAGNOSTIC,    43, -9.378345339173e-01, 2.516907832937e-05, 5.3162e+02, 1.0026e+01, 
 1DIAGNOSTIC,    44, -9.379535216308e-01, 2.277277124120e-05, 5.4159e+02, 9.9726e+00, 
 1DIAGNOSTIC,    45, -9.380659378127e-01, 2.072135465963e-05, 5.5148e+02, 9.8867e+00, 
 1DIAGNOSTIC,    46, -9.381722291171e-01, 1.896646179115e-05, 5.6150e+02, 1.0018e+01, 
 1DIAGNOSTIC,    47, -9.382718589881e-01, 1.744202972546e-05, 5.7171e+02, 1.0217e+01, 
 1DIAGNOSTIC,    48, -9.383666599090e-01, 1.609926980548e-05, 5.8169e+02, 9.9806e+00, 
 1DIAGNOSTIC,    49, -9.384591065079e-01, 1.491196709053e-05, 5.9143e+02, 9.7349e+00, 
 1DIAGNOSTIC,    50, -9.385474506409e-01, 1.386258202257e-05, 6.0123e+02, 9.8059e+00, 
XXDIAGNOSTIC,Iteration,metricValue,convergenceValue,ITERATION_TIME_INDEX,SINCE_LAST
 1DIAGNOSTIC,     1, -8.942871606384e-01, 1.797693134862e+308, 6.8821e+02, 8.6978e+01, 
 1DIAGNOSTIC,     2, -8.954584373085e-01, 1.797693134862e+308, 7.7519e+02, 8.6981e+01, 
 1DIAGNOSTIC,     3, -8.970490962170e-01, 1.797693134862e+308, 8.6087e+02, 8.5680e+01, 
 1DIAGNOSTIC,     4, -8.986129399375e-01, 1.797693134862e+308, 9.4680e+02, 8.5931e+01, 
 1DIAGNOSTIC,     5, -9.001165742335e-01, 1.797693134862e+308, 1.0326e+03, 8.5830e+01, 
 1DIAGNOSTIC,     6, -9.016202455479e-01, 1.797693134862e+308, 1.1170e+03, 8.4324e+01, 
 1DIAGNOSTIC,     7, -9.030525147750e-01, 1.797693134862e+308, 1.2023e+03, 8.5347e+01, 
 1DIAGNOSTIC,     8, -9.044466486915e-01, 1.797693134862e+308, 1.2885e+03, 8.6183e+01, 
 1DIAGNOSTIC,     9, -9.056249178138e-01, 1.797693134862e+308, 1.3739e+03, 8.5393e+01, 
 1DIAGNOSTIC,    10, -9.066851661217e-01, 9.117759729915e-04, 1.4594e+03, 8.5520e+01, 
 1DIAGNOSTIC,    11, -9.075330326564e-01, 7.962018783003e-04, 1.5451e+03, 8.5698e+01, 
 1DIAGNOSTIC,    12, -9.083183932208e-01, 6.794816991025e-04, 1.6329e+03, 8.7821e+01, 
 1DIAGNOSTIC,    13, -9.090395344512e-01, 5.749926545699e-04, 1.7188e+03, 8.5865e+01, 
 1DIAGNOSTIC,    14, -9.097094432961e-01, 4.831216222869e-04, 1.8046e+03, 8.5804e+01, 
 1DIAGNOSTIC,    15, -9.103344062986e-01, 4.037822210072e-04, 1.8905e+03, 8.5912e+01, 
 1DIAGNOSTIC,    16, -9.109275047107e-01, 3.383295034916e-04, 1.9758e+03, 8.5347e+01, 
 1DIAGNOSTIC,    17, -9.114765160316e-01, 2.858179350521e-04, 2.0619e+03, 8.6095e+01, 
 1DIAGNOSTIC,    18, -9.119815027883e-01, 2.456954085642e-04, 2.1486e+03, 8.6638e+01, 
 1DIAGNOSTIC,    19, -9.124498865160e-01, 2.140783596169e-04, 2.2333e+03, 8.4688e+01, 
 1DIAGNOSTIC,    20, -9.128860447073e-01, 1.891334474594e-04, 2.3166e+03, 8.3342e+01, 
  Elapsed time (stage 2): 2318


Total elapsed time: 2419
